/oscar/data/deeps/private/bfoxkemp/jnickla1/Thorne_15_codefigurestats/fut_evaluation_gen_ensemble.py:20: RuntimeWarning: Mean of empty slice
  return np.nanmean(standards_np,axis=0)
/oscar/data/deeps/private/bfoxkemp/jnickla1/Thorne_15_codefigurestats/fut_evaluation_gen_ensemble.py:20: RuntimeWarning: Mean of empty slice
  return np.nanmean(standards_np,axis=0)
/oscar/data/deeps/private/bfoxkemp/jnickla1/Thorne_15_codefigurestats/fut_evaluation_gen_ensemble.py:20: RuntimeWarning: Mean of empty slice
  return np.nanmean(standards_np,axis=0)
/oscar/data/deeps/private/bfoxkemp/jnickla1/Thorne_15_codefigurestats/fut_evaluation_gen_ensemble.py:20: RuntimeWarning: Mean of empty slice
  return np.nanmean(standards_np,axis=0)
/oscar/data/deeps/private/bfoxkemp/jnickla1/Thorne_15_codefigurestats/fut_evaluation_gen_ensemble.py:20: RuntimeWarning: Mean of empty slice
  return np.nanmean(standards_np,axis=0)
/oscar/data/deeps/private/bfoxkemp/jnickla1/Thorne_15_codefigurestats/Methods/43_Forcing_Based/1_ERF_FaIR/FaIR_all_method.py:53: RuntimeWarning: Mean of empty slice
  samp_mean =  np.nanmean(samp_cur, axis = 1)
/oscar/data/deeps/private/bfoxkemp/jnickla1/Thorne_15_codefigurestats/Methods/43_Forcing_Based/1_ERF_FaIR/FaIR_all_method.py:53: RuntimeWarning: Mean of empty slice
  samp_mean =  np.nanmean(samp_cur, axis = 1)
/oscar/data/deeps/private/bfoxkemp/jnickla1/Thorne_15_codefigurestats/Methods/43_Forcing_Based/1_ERF_FaIR/FaIR_all_unB_method.py:70: RuntimeWarning: Mean of empty slice
  samp_mean =  np.nanmean(samp_cur, axis = 1)
/oscar/data/deeps/private/bfoxkemp/jnickla1/Thorne_15_codefigurestats/Methods/43_Forcing_Based/1_ERF_FaIR/FaIR_all_unB_method.py:70: RuntimeWarning: Mean of empty slice
  samp_mean =  np.nanmean(samp_cur, axis = 1)
/oscar/data/deeps/private/bfoxkemp/jnickla1/Thorne_15_codefigurestats/Methods/43_Forcing_Based/1_ERF_FaIR/FaIR_anthro_method.py:53: RuntimeWarning: Mean of empty slice
  samp_mean =  np.nanmean(samp_cur, axis = 1)
/oscar/data/deeps/private/bfoxkemp/jnickla1/Thorne_15_codefigurestats/Methods/43_Forcing_Based/1_ERF_FaIR/FaIR_anthro_method.py:53: RuntimeWarning: Mean of empty slice
  samp_mean =  np.nanmean(samp_cur, axis = 1)
/oscar/data/deeps/private/bfoxkemp/jnickla1/Thorne_15_codefigurestats/Methods/43_Forcing_Based/1_ERF_FaIR/FaIR_anthro_unB_method.py:70: RuntimeWarning: Mean of empty slice
  samp_mean =  np.nanmean(samp_cur, axis = 1)
/oscar/data/deeps/private/bfoxkemp/jnickla1/Thorne_15_codefigurestats/Methods/43_Forcing_Based/1_ERF_FaIR/FaIR_anthro_unB_method.py:70: RuntimeWarning: Mean of empty slice
  samp_mean =  np.nanmean(samp_cur, axis = 1)
/oscar/data/deeps/private/bfoxkemp/jnickla1/Thorne_15_codefigurestats/Methods/43_Forcing_Based/1_ERF_FaIR/FaIR_comb_unB_method.py:70: RuntimeWarning: Mean of empty slice
  samp_mean =  np.nanmean(samp_cur, axis = 1)
/oscar/data/deeps/private/bfoxkemp/jnickla1/Thorne_15_codefigurestats/Methods/43_Forcing_Based/1_ERF_FaIR/FaIR_comb_unB_method.py:70: RuntimeWarning: Mean of empty slice
  samp_mean =  np.nanmean(samp_cur, axis = 1)
/oscar/data/deeps/private/bfoxkemp/jnickla1/Thorne_15_codefigurestats/Methods/43_Forcing_Based/1_ERF_FaIR/FaIR_comb_unB_method.py:126: RuntimeWarning: Mean of empty slice
  samp_meanAll =  np.nanmean(samp_curAll, axis = 1)
/oscar/data/deeps/private/bfoxkemp/jnickla1/Thorne_15_codefigurestats/Methods/43_Forcing_Based/1_ERF_FaIR/FaIR_comb_unB_method.py:126: RuntimeWarning: Mean of empty slice
  samp_meanAll =  np.nanmean(samp_curAll, axis = 1)
/oscar/data/deeps/private/bfoxkemp/jnickla1/Thorne_15_codefigurestats/Methods/43_Forcing_Based/1_ERF_FaIR/FaIR_nonat_method.py:53: RuntimeWarning: Mean of empty slice
  samp_mean =  np.nanmean(samp_cur, axis = 1)
/oscar/data/deeps/private/bfoxkemp/jnickla1/Thorne_15_codefigurestats/Methods/43_Forcing_Based/1_ERF_FaIR/FaIR_nonat_method.py:53: RuntimeWarning: Mean of empty slice
  samp_mean =  np.nanmean(samp_cur, axis = 1)
/oscar/data/deeps/private/bfoxkemp/jnickla1/Thorne_15_codefigurestats/Methods/43_Forcing_Based/1_ERF_FaIR/FaIR_nonat_unB_method.py:72: RuntimeWarning: Mean of empty slice
  samp_mean =  np.nanmean(samp_cur, axis = 1)
/oscar/data/deeps/private/bfoxkemp/jnickla1/Thorne_15_codefigurestats/Methods/43_Forcing_Based/1_ERF_FaIR/FaIR_nonat_unB_method.py:72: RuntimeWarning: Mean of empty slice
  samp_mean =  np.nanmean(samp_cur, axis = 1)
/oscar/data/deeps/private/bfoxkemp/jnickla1/Thorne_15_codefigurestats/Methods/43_Forcing_Based/1_ERF_FaIR/FaIR_all_method.py:68: RuntimeWarning: Mean of empty slice
  return np.nanmean(samp_cur[year_idx-1850, :], axis = 1)
/users/jnickla1/.conda/envs/cleanpy/lib/python3.13/site-packages/numpy/lib/_nanfunctions_impl.py:2019: RuntimeWarning: Degrees of freedom <= 0 for slice.
  var = nanvar(a, axis=axis, dtype=dtype, out=out, ddof=ddof,
/oscar/data/deeps/private/bfoxkemp/jnickla1/Thorne_15_codefigurestats/Methods/43_Forcing_Based/1_ERF_FaIR/FaIR_all_unB_method.py:90: RuntimeWarning: Mean of empty slice
  return np.nanmean(samp_cur[year_idx-1850, :], axis = 1)
/oscar/data/deeps/private/bfoxkemp/jnickla1/Thorne_15_codefigurestats/Methods/43_Forcing_Based/1_ERF_FaIR/FaIR_anthro_method.py:67: RuntimeWarning: Mean of empty slice
  return np.nanmean(samp_cur[year_idx-1850, :], axis = 1)
/oscar/data/deeps/private/bfoxkemp/jnickla1/Thorne_15_codefigurestats/Methods/43_Forcing_Based/1_ERF_FaIR/FaIR_all_method.py:68: RuntimeWarning: Mean of empty slice
  return np.nanmean(samp_cur[year_idx-1850, :], axis = 1)
/users/jnickla1/.conda/envs/cleanpy/lib/python3.13/site-packages/numpy/lib/_nanfunctions_impl.py:2019: RuntimeWarning: Degrees of freedom <= 0 for slice.
  var = nanvar(a, axis=axis, dtype=dtype, out=out, ddof=ddof,
/oscar/data/deeps/private/bfoxkemp/jnickla1/Thorne_15_codefigurestats/Methods/43_Forcing_Based/1_ERF_FaIR/FaIR_all_unB_method.py:90: RuntimeWarning: Mean of empty slice
  return np.nanmean(samp_cur[year_idx-1850, :], axis = 1)
/oscar/data/deeps/private/bfoxkemp/jnickla1/Thorne_15_codefigurestats/Methods/43_Forcing_Based/1_ERF_FaIR/FaIR_anthro_unB_method.py:89: RuntimeWarning: Mean of empty slice
  return np.nanmean(samp_cur[year_idx-1850, :], axis = 1)
/oscar/data/deeps/private/bfoxkemp/jnickla1/Thorne_15_codefigurestats/Methods/43_Forcing_Based/1_ERF_FaIR/FaIR_anthro_method.py:67: RuntimeWarning: Mean of empty slice
  return np.nanmean(samp_cur[year_idx-1850, :], axis = 1)
/oscar/data/deeps/private/bfoxkemp/jnickla1/Thorne_15_codefigurestats/Methods/43_Forcing_Based/1_ERF_FaIR/FaIR_comb_unB_method.py:152: RuntimeWarning: Mean of empty slice
  return np.nanmean(samp_cur[year_idx-1850, :], axis = 1)
/oscar/data/deeps/private/bfoxkemp/jnickla1/Thorne_15_codefigurestats/Methods/43_Forcing_Based/1_ERF_FaIR/FaIR_nonat_method.py:68: RuntimeWarning: Mean of empty slice
  return np.nanmean(samp_cur[year_idx-1850, :], axis = 1)
/oscar/data/deeps/private/bfoxkemp/jnickla1/Thorne_15_codefigurestats/Methods/43_Forcing_Based/1_ERF_FaIR/FaIR_anthro_unB_method.py:89: RuntimeWarning: Mean of empty slice
  return np.nanmean(samp_cur[year_idx-1850, :], axis = 1)
/oscar/data/deeps/private/bfoxkemp/jnickla1/Thorne_15_codefigurestats/Methods/43_Forcing_Based/1_ERF_FaIR/FaIR_comb_unB_method.py:152: RuntimeWarning: Mean of empty slice
  return np.nanmean(samp_cur[year_idx-1850, :], axis = 1)
/oscar/data/deeps/private/bfoxkemp/jnickla1/Thorne_15_codefigurestats/Methods/43_Forcing_Based/1_ERF_FaIR/FaIR_nonat_unB_method.py:92: RuntimeWarning: Mean of empty slice
  return np.nanmean(samp_cur[year_idx-1850, :], axis = 1)
/oscar/data/deeps/private/bfoxkemp/jnickla1/Thorne_15_codefigurestats/Methods/43_Forcing_Based/1_ERF_FaIR/FaIR_nonat_method.py:68: RuntimeWarning: Mean of empty slice
  return np.nanmean(samp_cur[year_idx-1850, :], axis = 1)
/oscar/data/deeps/private/bfoxkemp/jnickla1/Thorne_15_codefigurestats/Methods/43_Forcing_Based/1_ERF_FaIR/FaIR_nonat_unB_method.py:92: RuntimeWarning: Mean of empty slice
  return np.nanmean(samp_cur[year_idx-1850, :], axis = 1)
/oscar/data/deeps/private/bfoxkemp/jnickla1/Thorne_15_codefigurestats/Methods/43_Forcing_Based/1_ERF_FaIR/FaIR_anthro_method.py:67: RuntimeWarning: Mean of empty slice
  return np.nanmean(samp_cur[year_idx-1850, :], axis = 1)
/oscar/data/deeps/private/bfoxkemp/jnickla1/Thorne_15_codefigurestats/Methods/43_Forcing_Based/1_ERF_FaIR/FaIR_anthro_unB_method.py:89: RuntimeWarning: Mean of empty slice
  return np.nanmean(samp_cur[year_idx-1850, :], axis = 1)
/oscar/data/deeps/private/bfoxkemp/jnickla1/Thorne_15_codefigurestats/Methods/43_Forcing_Based/1_ERF_FaIR/FaIR_nonat_method.py:68: RuntimeWarning: Mean of empty slice
  return np.nanmean(samp_cur[year_idx-1850, :], axis = 1)
/oscar/data/deeps/private/bfoxkemp/jnickla1/Thorne_15_codefigurestats/Methods/43_Forcing_Based/1_ERF_FaIR/FaIR_nonat_unB_method.py:92: RuntimeWarning: Mean of empty slice
  return np.nanmean(samp_cur[year_idx-1850, :], axis = 1)
/oscar/data/deeps/private/bfoxkemp/jnickla1/Thorne_15_codefigurestats/Methods/43_Forcing_Based/1_ERF_FaIR/FaIR_all_method.py:68: RuntimeWarning: Mean of empty slice
  return np.nanmean(samp_cur[year_idx-1850, :], axis = 1)
/oscar/data/deeps/private/bfoxkemp/jnickla1/Thorne_15_codefigurestats/Methods/43_Forcing_Based/1_ERF_FaIR/FaIR_anthro_method.py:67: RuntimeWarning: Mean of empty slice
  return np.nanmean(samp_cur[year_idx-1850, :], axis = 1)
/oscar/data/deeps/private/bfoxkemp/jnickla1/Thorne_15_codefigurestats/Methods/43_Forcing_Based/1_ERF_FaIR/FaIR_all_unB_method.py:90: RuntimeWarning: Mean of empty slice
  return np.nanmean(samp_cur[year_idx-1850, :], axis = 1)
/oscar/data/deeps/private/bfoxkemp/jnickla1/Thorne_15_codefigurestats/Methods/43_Forcing_Based/1_ERF_FaIR/FaIR_comb_unB_method.py:152: RuntimeWarning: Mean of empty slice
  return np.nanmean(samp_cur[year_idx-1850, :], axis = 1)
/oscar/data/deeps/private/bfoxkemp/jnickla1/Thorne_15_codefigurestats/Methods/43_Forcing_Based/1_ERF_FaIR/FaIR_anthro_unB_method.py:89: RuntimeWarning: Mean of empty slice
  return np.nanmean(samp_cur[year_idx-1850, :], axis = 1)
/oscar/data/deeps/private/bfoxkemp/jnickla1/Thorne_15_codefigurestats/Methods/43_Forcing_Based/1_ERF_FaIR/FaIR_nonat_method.py:68: RuntimeWarning: Mean of empty slice
  return np.nanmean(samp_cur[year_idx-1850, :], axis = 1)
/oscar/data/deeps/private/bfoxkemp/jnickla1/Thorne_15_codefigurestats/Methods/43_Forcing_Based/1_ERF_FaIR/FaIR_nonat_unB_method.py:92: RuntimeWarning: Mean of empty slice
  return np.nanmean(samp_cur[year_idx-1850, :], axis = 1)
/oscar/data/deeps/private/bfoxkemp/jnickla1/Thorne_15_codefigurestats/Methods/43_Forcing_Based/1_ERF_FaIR/FaIR_all_method.py:68: RuntimeWarning: Mean of empty slice
  return np.nanmean(samp_cur[year_idx-1850, :], axis = 1)
/oscar/data/deeps/private/bfoxkemp/jnickla1/Thorne_15_codefigurestats/Methods/43_Forcing_Based/1_ERF_FaIR/FaIR_all_unB_method.py:90: RuntimeWarning: Mean of empty slice
  return np.nanmean(samp_cur[year_idx-1850, :], axis = 1)
/oscar/data/deeps/private/bfoxkemp/jnickla1/Thorne_15_codefigurestats/Methods/43_Forcing_Based/1_ERF_FaIR/FaIR_comb_unB_method.py:152: RuntimeWarning: Mean of empty slice
  return np.nanmean(samp_cur[year_idx-1850, :], axis = 1)
/oscar/data/deeps/private/bfoxkemp/jnickla1/Thorne_15_codefigurestats/Methods/43_Forcing_Based/1_ERF_FaIR/FaIR_anthro_method.py:67: RuntimeWarning: Mean of empty slice
  return np.nanmean(samp_cur[year_idx-1850, :], axis = 1)
/users/jnickla1/.conda/envs/cleanpy/lib/python3.13/site-packages/numpy/lib/_nanfunctions_impl.py:2019: RuntimeWarning: Degrees of freedom <= 0 for slice.
  var = nanvar(a, axis=axis, dtype=dtype, out=out, ddof=ddof,
/oscar/data/deeps/private/bfoxkemp/jnickla1/Thorne_15_codefigurestats/Methods/43_Forcing_Based/1_ERF_FaIR/FaIR_anthro_method.py:95: RuntimeWarning: Mean of empty slice
  cdist = np.nanmean(dist)
/oscar/data/deeps/private/bfoxkemp/jnickla1/Thorne_15_codefigurestats/Methods/43_Forcing_Based/1_ERF_FaIR/FaIR_anthro_method.py:67: RuntimeWarning: Mean of empty slice
  return np.nanmean(samp_cur[year_idx-1850, :], axis = 1)
/users/jnickla1/.conda/envs/cleanpy/lib/python3.13/site-packages/numpy/lib/_nanfunctions_impl.py:2019: RuntimeWarning: Degrees of freedom <= 0 for slice.
  var = nanvar(a, axis=axis, dtype=dtype, out=out, ddof=ddof,
/oscar/data/deeps/private/bfoxkemp/jnickla1/Thorne_15_codefigurestats/Methods/43_Forcing_Based/1_ERF_FaIR/FaIR_anthro_method.py:95: RuntimeWarning: Mean of empty slice
  cdist = np.nanmean(dist)
/oscar/data/deeps/private/bfoxkemp/jnickla1/Thorne_15_codefigurestats/fut_evaluation_script.py:427: RuntimeWarning: Mean of empty slice
  evalmean = np.nanmean(diffcross) #if crossing multiple times take the mean
/oscar/data/deeps/private/bfoxkemp/jnickla1/Thorne_15_codefigurestats/fut_evaluation_script.py:427: RuntimeWarning: Mean of empty slice
  evalmean = np.nanmean(diffcross) #if crossing multiple times take the mean
/oscar/data/deeps/private/bfoxkemp/jnickla1/Thorne_15_codefigurestats/fut_evaluation_script.py:464: RuntimeWarning: Mean of empty slice
  evalmean = np.nanmean(diffcrossE) #if crossing multiple times take the mean
/oscar/data/deeps/private/bfoxkemp/jnickla1/Thorne_15_codefigurestats/Methods/43_Forcing_Based/1_ERF_FaIR/FaIR_all_method.py:53: RuntimeWarning: Mean of empty slice
  samp_mean =  np.nanmean(samp_cur, axis = 1)
/oscar/data/deeps/private/bfoxkemp/jnickla1/Thorne_15_codefigurestats/Methods/43_Forcing_Based/1_ERF_FaIR/FaIR_all_unB_method.py:70: RuntimeWarning: Mean of empty slice
  samp_mean =  np.nanmean(samp_cur, axis = 1)
/oscar/data/deeps/private/bfoxkemp/jnickla1/Thorne_15_codefigurestats/Methods/43_Forcing_Based/1_ERF_FaIR/FaIR_all_method.py:53: RuntimeWarning: Mean of empty slice
  samp_mean =  np.nanmean(samp_cur, axis = 1)
/oscar/data/deeps/private/bfoxkemp/jnickla1/Thorne_15_codefigurestats/Methods/43_Forcing_Based/1_ERF_FaIR/FaIR_anthro_unB_method.py:89: RuntimeWarning: Mean of empty slice
  return np.nanmean(samp_cur[year_idx-1850, :], axis = 1)
/users/jnickla1/.conda/envs/cleanpy/lib/python3.13/site-packages/numpy/lib/_nanfunctions_impl.py:2019: RuntimeWarning: Degrees of freedom <= 0 for slice.
  var = nanvar(a, axis=axis, dtype=dtype, out=out, ddof=ddof,
/oscar/data/deeps/private/bfoxkemp/jnickla1/Thorne_15_codefigurestats/Methods/43_Forcing_Based/1_ERF_FaIR/FaIR_anthro_unB_method.py:117: RuntimeWarning: Mean of empty slice
  cdist = np.nanmean(dist)
/oscar/data/deeps/private/bfoxkemp/jnickla1/Thorne_15_codefigurestats/Methods/43_Forcing_Based/1_ERF_FaIR/FaIR_all_method.py:53: RuntimeWarning: Mean of empty slice
  samp_mean =  np.nanmean(samp_cur, axis = 1)
/oscar/data/deeps/private/bfoxkemp/jnickla1/Thorne_15_codefigurestats/Methods/43_Forcing_Based/1_ERF_FaIR/FaIR_all_unB_method.py:70: RuntimeWarning: Mean of empty slice
  samp_mean =  np.nanmean(samp_cur, axis = 1)
/oscar/data/deeps/private/bfoxkemp/jnickla1/Thorne_15_codefigurestats/Methods/43_Forcing_Based/1_ERF_FaIR/FaIR_anthro_unB_method.py:89: RuntimeWarning: Mean of empty slice
  return np.nanmean(samp_cur[year_idx-1850, :], axis = 1)
/users/jnickla1/.conda/envs/cleanpy/lib/python3.13/site-packages/numpy/lib/_nanfunctions_impl.py:2019: RuntimeWarning: Degrees of freedom <= 0 for slice.
  var = nanvar(a, axis=axis, dtype=dtype, out=out, ddof=ddof,
/oscar/data/deeps/private/bfoxkemp/jnickla1/Thorne_15_codefigurestats/Methods/43_Forcing_Based/1_ERF_FaIR/FaIR_anthro_unB_method.py:117: RuntimeWarning: Mean of empty slice
  cdist = np.nanmean(dist)
/oscar/data/deeps/private/bfoxkemp/jnickla1/Thorne_15_codefigurestats/Methods/43_Forcing_Based/1_ERF_FaIR/FaIR_anthro_method.py:53: RuntimeWarning: Mean of empty slice
  samp_mean =  np.nanmean(samp_cur, axis = 1)
/oscar/data/deeps/private/bfoxkemp/jnickla1/Thorne_15_codefigurestats/Methods/43_Forcing_Based/1_ERF_FaIR/FaIR_all_unB_method.py:70: RuntimeWarning: Mean of empty slice
  samp_mean =  np.nanmean(samp_cur, axis = 1)
/oscar/data/deeps/private/bfoxkemp/jnickla1/Thorne_15_codefigurestats/Methods/43_Forcing_Based/1_ERF_FaIR/FaIR_anthro_method.py:53: RuntimeWarning: Mean of empty slice
  samp_mean =  np.nanmean(samp_cur, axis = 1)
/oscar/data/deeps/private/bfoxkemp/jnickla1/Thorne_15_codefigurestats/Methods/43_Forcing_Based/1_ERF_FaIR/FaIR_anthro_unB_method.py:70: RuntimeWarning: Mean of empty slice
  samp_mean =  np.nanmean(samp_cur, axis = 1)
/oscar/data/deeps/private/bfoxkemp/jnickla1/Thorne_15_codefigurestats/Methods/43_Forcing_Based/1_ERF_FaIR/FaIR_anthro_method.py:53: RuntimeWarning: Mean of empty slice
  samp_mean =  np.nanmean(samp_cur, axis = 1)
/oscar/data/deeps/private/bfoxkemp/jnickla1/Thorne_15_codefigurestats/Methods/43_Forcing_Based/1_ERF_FaIR/FaIR_anthro_unB_method.py:70: RuntimeWarning: Mean of empty slice
  samp_mean =  np.nanmean(samp_cur, axis = 1)
/oscar/data/deeps/private/bfoxkemp/jnickla1/Thorne_15_codefigurestats/Methods/43_Forcing_Based/1_ERF_FaIR/FaIR_anthro_unB_method.py:70: RuntimeWarning: Mean of empty slice
  samp_mean =  np.nanmean(samp_cur, axis = 1)
/oscar/data/deeps/private/bfoxkemp/jnickla1/Thorne_15_codefigurestats/Methods/43_Forcing_Based/1_ERF_FaIR/FaIR_comb_unB_method.py:70: RuntimeWarning: Mean of empty slice
  samp_mean =  np.nanmean(samp_cur, axis = 1)
/oscar/data/deeps/private/bfoxkemp/jnickla1/Thorne_15_codefigurestats/Methods/43_Forcing_Based/1_ERF_FaIR/FaIR_comb_unB_method.py:126: RuntimeWarning: Mean of empty slice
  samp_meanAll =  np.nanmean(samp_curAll, axis = 1)
/oscar/data/deeps/private/bfoxkemp/jnickla1/Thorne_15_codefigurestats/Methods/43_Forcing_Based/1_ERF_FaIR/FaIR_comb_unB_method.py:70: RuntimeWarning: Mean of empty slice
  samp_mean =  np.nanmean(samp_cur, axis = 1)
/oscar/data/deeps/private/bfoxkemp/jnickla1/Thorne_15_codefigurestats/Methods/43_Forcing_Based/1_ERF_FaIR/FaIR_comb_unB_method.py:126: RuntimeWarning: Mean of empty slice
  samp_meanAll =  np.nanmean(samp_curAll, axis = 1)
/oscar/data/deeps/private/bfoxkemp/jnickla1/Thorne_15_codefigurestats/Methods/43_Forcing_Based/1_ERF_FaIR/FaIR_comb_unB_method.py:70: RuntimeWarning: Mean of empty slice
  samp_mean =  np.nanmean(samp_cur, axis = 1)
/oscar/data/deeps/private/bfoxkemp/jnickla1/Thorne_15_codefigurestats/Methods/43_Forcing_Based/1_ERF_FaIR/FaIR_comb_unB_method.py:126: RuntimeWarning: Mean of empty slice
  samp_meanAll =  np.nanmean(samp_curAll, axis = 1)
/oscar/data/deeps/private/bfoxkemp/jnickla1/Thorne_15_codefigurestats/Methods/43_Forcing_Based/1_ERF_FaIR/FaIR_nonat_method.py:53: RuntimeWarning: Mean of empty slice
  samp_mean =  np.nanmean(samp_cur, axis = 1)
/oscar/data/deeps/private/bfoxkemp/jnickla1/Thorne_15_codefigurestats/Methods/43_Forcing_Based/1_ERF_FaIR/FaIR_nonat_method.py:53: RuntimeWarning: Mean of empty slice
  samp_mean =  np.nanmean(samp_cur, axis = 1)
/oscar/data/deeps/private/bfoxkemp/jnickla1/Thorne_15_codefigurestats/Methods/43_Forcing_Based/1_ERF_FaIR/FaIR_nonat_unB_method.py:72: RuntimeWarning: Mean of empty slice
  samp_mean =  np.nanmean(samp_cur, axis = 1)
/oscar/data/deeps/private/bfoxkemp/jnickla1/Thorne_15_codefigurestats/Methods/43_Forcing_Based/1_ERF_FaIR/FaIR_nonat_unB_method.py:72: RuntimeWarning: Mean of empty slice
  samp_mean =  np.nanmean(samp_cur, axis = 1)
/oscar/data/deeps/private/bfoxkemp/jnickla1/Thorne_15_codefigurestats/Methods/43_Forcing_Based/1_ERF_FaIR/FaIR_nonat_method.py:53: RuntimeWarning: Mean of empty slice
  samp_mean =  np.nanmean(samp_cur, axis = 1)
/oscar/data/deeps/private/bfoxkemp/jnickla1/Thorne_15_codefigurestats/Methods/43_Forcing_Based/1_ERF_FaIR/FaIR_all_method.py:68: RuntimeWarning: Mean of empty slice
  return np.nanmean(samp_cur[year_idx-1850, :], axis = 1)
/users/jnickla1/.conda/envs/cleanpy/lib/python3.13/site-packages/numpy/lib/_nanfunctions_impl.py:2019: RuntimeWarning: Degrees of freedom <= 0 for slice.
  var = nanvar(a, axis=axis, dtype=dtype, out=out, ddof=ddof,
/oscar/data/deeps/private/bfoxkemp/jnickla1/Thorne_15_codefigurestats/Methods/43_Forcing_Based/1_ERF_FaIR/FaIR_all_unB_method.py:90: RuntimeWarning: Mean of empty slice
  return np.nanmean(samp_cur[year_idx-1850, :], axis = 1)
/oscar/data/deeps/private/bfoxkemp/jnickla1/Thorne_15_codefigurestats/Methods/43_Forcing_Based/1_ERF_FaIR/FaIR_anthro_method.py:67: RuntimeWarning: Mean of empty slice
  return np.nanmean(samp_cur[year_idx-1850, :], axis = 1)
/oscar/data/deeps/private/bfoxkemp/jnickla1/Thorne_15_codefigurestats/Methods/43_Forcing_Based/1_ERF_FaIR/FaIR_all_method.py:68: RuntimeWarning: Mean of empty slice
  return np.nanmean(samp_cur[year_idx-1850, :], axis = 1)
/oscar/data/deeps/private/bfoxkemp/jnickla1/Thorne_15_codefigurestats/Methods/43_Forcing_Based/1_ERF_FaIR/FaIR_nonat_unB_method.py:72: RuntimeWarning: Mean of empty slice
  samp_mean =  np.nanmean(samp_cur, axis = 1)
/users/jnickla1/.conda/envs/cleanpy/lib/python3.13/site-packages/numpy/lib/_nanfunctions_impl.py:2019: RuntimeWarning: Degrees of freedom <= 0 for slice.
  var = nanvar(a, axis=axis, dtype=dtype, out=out, ddof=ddof,
/oscar/data/deeps/private/bfoxkemp/jnickla1/Thorne_15_codefigurestats/Methods/43_Forcing_Based/1_ERF_FaIR/FaIR_all_unB_method.py:90: RuntimeWarning: Mean of empty slice
  return np.nanmean(samp_cur[year_idx-1850, :], axis = 1)
/oscar/data/deeps/private/bfoxkemp/jnickla1/Thorne_15_codefigurestats/Methods/43_Forcing_Based/1_ERF_FaIR/FaIR_anthro_method.py:67: RuntimeWarning: Mean of empty slice
  return np.nanmean(samp_cur[year_idx-1850, :], axis = 1)
/oscar/data/deeps/private/bfoxkemp/jnickla1/Thorne_15_codefigurestats/Methods/43_Forcing_Based/1_ERF_FaIR/FaIR_anthro_unB_method.py:89: RuntimeWarning: Mean of empty slice
  return np.nanmean(samp_cur[year_idx-1850, :], axis = 1)
/oscar/data/deeps/private/bfoxkemp/jnickla1/Thorne_15_codefigurestats/Methods/43_Forcing_Based/1_ERF_FaIR/FaIR_comb_unB_method.py:152: RuntimeWarning: Mean of empty slice
  return np.nanmean(samp_cur[year_idx-1850, :], axis = 1)
/oscar/data/deeps/private/bfoxkemp/jnickla1/Thorne_15_codefigurestats/Methods/43_Forcing_Based/1_ERF_FaIR/FaIR_anthro_unB_method.py:89: RuntimeWarning: Mean of empty slice
  return np.nanmean(samp_cur[year_idx-1850, :], axis = 1)
/oscar/data/deeps/private/bfoxkemp/jnickla1/Thorne_15_codefigurestats/Methods/43_Forcing_Based/1_ERF_FaIR/FaIR_nonat_method.py:68: RuntimeWarning: Mean of empty slice
  return np.nanmean(samp_cur[year_idx-1850, :], axis = 1)
/oscar/data/deeps/private/bfoxkemp/jnickla1/Thorne_15_codefigurestats/Methods/43_Forcing_Based/1_ERF_FaIR/FaIR_all_method.py:68: RuntimeWarning: Mean of empty slice
  return np.nanmean(samp_cur[year_idx-1850, :], axis = 1)
/oscar/data/deeps/private/bfoxkemp/jnickla1/Thorne_15_codefigurestats/Methods/43_Forcing_Based/1_ERF_FaIR/FaIR_comb_unB_method.py:152: RuntimeWarning: Mean of empty slice
  return np.nanmean(samp_cur[year_idx-1850, :], axis = 1)
/users/jnickla1/.conda/envs/cleanpy/lib/python3.13/site-packages/numpy/lib/_nanfunctions_impl.py:2019: RuntimeWarning: Degrees of freedom <= 0 for slice.
  var = nanvar(a, axis=axis, dtype=dtype, out=out, ddof=ddof,
/oscar/data/deeps/private/bfoxkemp/jnickla1/Thorne_15_codefigurestats/Methods/43_Forcing_Based/1_ERF_FaIR/FaIR_all_unB_method.py:90: RuntimeWarning: Mean of empty slice
  return np.nanmean(samp_cur[year_idx-1850, :], axis = 1)
/oscar/data/deeps/private/bfoxkemp/jnickla1/Thorne_15_codefigurestats/Methods/43_Forcing_Based/1_ERF_FaIR/FaIR_nonat_unB_method.py:92: RuntimeWarning: Mean of empty slice
  return np.nanmean(samp_cur[year_idx-1850, :], axis = 1)
/oscar/data/deeps/private/bfoxkemp/jnickla1/Thorne_15_codefigurestats/Methods/43_Forcing_Based/1_ERF_FaIR/FaIR_nonat_method.py:68: RuntimeWarning: Mean of empty slice
  return np.nanmean(samp_cur[year_idx-1850, :], axis = 1)
/oscar/data/deeps/private/bfoxkemp/jnickla1/Thorne_15_codefigurestats/Methods/43_Forcing_Based/1_ERF_FaIR/FaIR_anthro_method.py:67: RuntimeWarning: Mean of empty slice
  return np.nanmean(samp_cur[year_idx-1850, :], axis = 1)
/oscar/data/deeps/private/bfoxkemp/jnickla1/Thorne_15_codefigurestats/Methods/43_Forcing_Based/1_ERF_FaIR/FaIR_nonat_unB_method.py:92: RuntimeWarning: Mean of empty slice
  return np.nanmean(samp_cur[year_idx-1850, :], axis = 1)
/oscar/data/deeps/private/bfoxkemp/jnickla1/Thorne_15_codefigurestats/Methods/43_Forcing_Based/1_ERF_FaIR/FaIR_anthro_unB_method.py:89: RuntimeWarning: Mean of empty slice
  return np.nanmean(samp_cur[year_idx-1850, :], axis = 1)
/oscar/data/deeps/private/bfoxkemp/jnickla1/Thorne_15_codefigurestats/Methods/43_Forcing_Based/1_ERF_FaIR/FaIR_anthro_method.py:67: RuntimeWarning: Mean of empty slice
  return np.nanmean(samp_cur[year_idx-1850, :], axis = 1)
/oscar/data/deeps/private/bfoxkemp/jnickla1/Thorne_15_codefigurestats/Methods/43_Forcing_Based/1_ERF_FaIR/FaIR_anthro_unB_method.py:89: RuntimeWarning: Mean of empty slice
  return np.nanmean(samp_cur[year_idx-1850, :], axis = 1)
/oscar/data/deeps/private/bfoxkemp/jnickla1/Thorne_15_codefigurestats/Methods/43_Forcing_Based/1_ERF_FaIR/FaIR_comb_unB_method.py:152: RuntimeWarning: Mean of empty slice
  return np.nanmean(samp_cur[year_idx-1850, :], axis = 1)
/oscar/data/deeps/private/bfoxkemp/jnickla1/Thorne_15_codefigurestats/Methods/43_Forcing_Based/1_ERF_FaIR/FaIR_nonat_method.py:68: RuntimeWarning: Mean of empty slice
  return np.nanmean(samp_cur[year_idx-1850, :], axis = 1)
/oscar/data/deeps/private/bfoxkemp/jnickla1/Thorne_15_codefigurestats/Methods/43_Forcing_Based/1_ERF_FaIR/FaIR_nonat_unB_method.py:92: RuntimeWarning: Mean of empty slice
  return np.nanmean(samp_cur[year_idx-1850, :], axis = 1)
/oscar/data/deeps/private/bfoxkemp/jnickla1/Thorne_15_codefigurestats/Methods/43_Forcing_Based/1_ERF_FaIR/FaIR_all_method.py:68: RuntimeWarning: Mean of empty slice
  return np.nanmean(samp_cur[year_idx-1850, :], axis = 1)
/oscar/data/deeps/private/bfoxkemp/jnickla1/Thorne_15_codefigurestats/Methods/43_Forcing_Based/1_ERF_FaIR/FaIR_nonat_method.py:68: RuntimeWarning: Mean of empty slice
  return np.nanmean(samp_cur[year_idx-1850, :], axis = 1)
/oscar/data/deeps/private/bfoxkemp/jnickla1/Thorne_15_codefigurestats/Methods/43_Forcing_Based/1_ERF_FaIR/FaIR_all_unB_method.py:90: RuntimeWarning: Mean of empty slice
  return np.nanmean(samp_cur[year_idx-1850, :], axis = 1)
/oscar/data/deeps/private/bfoxkemp/jnickla1/Thorne_15_codefigurestats/Methods/43_Forcing_Based/1_ERF_FaIR/FaIR_comb_unB_method.py:152: RuntimeWarning: Mean of empty slice
  return np.nanmean(samp_cur[year_idx-1850, :], axis = 1)
/oscar/data/deeps/private/bfoxkemp/jnickla1/Thorne_15_codefigurestats/Methods/43_Forcing_Based/1_ERF_FaIR/FaIR_nonat_unB_method.py:92: RuntimeWarning: Mean of empty slice
  return np.nanmean(samp_cur[year_idx-1850, :], axis = 1)
/oscar/data/deeps/private/bfoxkemp/jnickla1/Thorne_15_codefigurestats/Methods/43_Forcing_Based/1_ERF_FaIR/FaIR_anthro_method.py:67: RuntimeWarning: Mean of empty slice
  return np.nanmean(samp_cur[year_idx-1850, :], axis = 1)
/oscar/data/deeps/private/bfoxkemp/jnickla1/Thorne_15_codefigurestats/Methods/43_Forcing_Based/1_ERF_FaIR/FaIR_anthro_unB_method.py:89: RuntimeWarning: Mean of empty slice
  return np.nanmean(samp_cur[year_idx-1850, :], axis = 1)
/oscar/data/deeps/private/bfoxkemp/jnickla1/Thorne_15_codefigurestats/Methods/43_Forcing_Based/1_ERF_FaIR/FaIR_nonat_method.py:68: RuntimeWarning: Mean of empty slice
  return np.nanmean(samp_cur[year_idx-1850, :], axis = 1)
/oscar/data/deeps/private/bfoxkemp/jnickla1/Thorne_15_codefigurestats/Methods/43_Forcing_Based/1_ERF_FaIR/FaIR_nonat_unB_method.py:92: RuntimeWarning: Mean of empty slice
  return np.nanmean(samp_cur[year_idx-1850, :], axis = 1)
/oscar/data/deeps/private/bfoxkemp/jnickla1/Thorne_15_codefigurestats/Methods/43_Forcing_Based/1_ERF_FaIR/FaIR_all_method.py:68: RuntimeWarning: Mean of empty slice
  return np.nanmean(samp_cur[year_idx-1850, :], axis = 1)
/oscar/data/deeps/private/bfoxkemp/jnickla1/Thorne_15_codefigurestats/Methods/43_Forcing_Based/1_ERF_FaIR/FaIR_anthro_method.py:67: RuntimeWarning: Mean of empty slice
  return np.nanmean(samp_cur[year_idx-1850, :], axis = 1)
/oscar/data/deeps/private/bfoxkemp/jnickla1/Thorne_15_codefigurestats/Methods/43_Forcing_Based/1_ERF_FaIR/FaIR_all_unB_method.py:90: RuntimeWarning: Mean of empty slice
  return np.nanmean(samp_cur[year_idx-1850, :], axis = 1)
/oscar/data/deeps/private/bfoxkemp/jnickla1/Thorne_15_codefigurestats/Methods/43_Forcing_Based/1_ERF_FaIR/FaIR_comb_unB_method.py:152: RuntimeWarning: Mean of empty slice
  return np.nanmean(samp_cur[year_idx-1850, :], axis = 1)
/oscar/data/deeps/private/bfoxkemp/jnickla1/Thorne_15_codefigurestats/Methods/43_Forcing_Based/1_ERF_FaIR/FaIR_anthro_unB_method.py:89: RuntimeWarning: Mean of empty slice
  return np.nanmean(samp_cur[year_idx-1850, :], axis = 1)
/oscar/data/deeps/private/bfoxkemp/jnickla1/Thorne_15_codefigurestats/Methods/43_Forcing_Based/1_ERF_FaIR/FaIR_nonat_method.py:68: RuntimeWarning: Mean of empty slice
  return np.nanmean(samp_cur[year_idx-1850, :], axis = 1)
/oscar/data/deeps/private/bfoxkemp/jnickla1/Thorne_15_codefigurestats/Methods/43_Forcing_Based/1_ERF_FaIR/FaIR_nonat_unB_method.py:92: RuntimeWarning: Mean of empty slice
  return np.nanmean(samp_cur[year_idx-1850, :], axis = 1)
/oscar/data/deeps/private/bfoxkemp/jnickla1/Thorne_15_codefigurestats/Methods/43_Forcing_Based/1_ERF_FaIR/FaIR_all_method.py:68: RuntimeWarning: Mean of empty slice
  return np.nanmean(samp_cur[year_idx-1850, :], axis = 1)
/oscar/data/deeps/private/bfoxkemp/jnickla1/Thorne_15_codefigurestats/Methods/43_Forcing_Based/1_ERF_FaIR/FaIR_all_unB_method.py:90: RuntimeWarning: Mean of empty slice
  return np.nanmean(samp_cur[year_idx-1850, :], axis = 1)
/oscar/data/deeps/private/bfoxkemp/jnickla1/Thorne_15_codefigurestats/Methods/43_Forcing_Based/1_ERF_FaIR/FaIR_comb_unB_method.py:152: RuntimeWarning: Mean of empty slice
  return np.nanmean(samp_cur[year_idx-1850, :], axis = 1)
/oscar/data/deeps/private/bfoxkemp/jnickla1/Thorne_15_codefigurestats/Methods/43_Forcing_Based/1_ERF_FaIR/FaIR_anthro_method.py:67: RuntimeWarning: Mean of empty slice
  return np.nanmean(samp_cur[year_idx-1850, :], axis = 1)
/users/jnickla1/.conda/envs/cleanpy/lib/python3.13/site-packages/numpy/lib/_nanfunctions_impl.py:2019: RuntimeWarning: Degrees of freedom <= 0 for slice.
  var = nanvar(a, axis=axis, dtype=dtype, out=out, ddof=ddof,
/oscar/data/deeps/private/bfoxkemp/jnickla1/Thorne_15_codefigurestats/Methods/43_Forcing_Based/1_ERF_FaIR/FaIR_anthro_method.py:95: RuntimeWarning: Mean of empty slice
  cdist = np.nanmean(dist)
/oscar/data/deeps/private/bfoxkemp/jnickla1/Thorne_15_codefigurestats/Methods/43_Forcing_Based/1_ERF_FaIR/FaIR_anthro_method.py:67: RuntimeWarning: Mean of empty slice
  return np.nanmean(samp_cur[year_idx-1850, :], axis = 1)
/users/jnickla1/.conda/envs/cleanpy/lib/python3.13/site-packages/numpy/lib/_nanfunctions_impl.py:2019: RuntimeWarning: Degrees of freedom <= 0 for slice.
  var = nanvar(a, axis=axis, dtype=dtype, out=out, ddof=ddof,
/oscar/data/deeps/private/bfoxkemp/jnickla1/Thorne_15_codefigurestats/Methods/43_Forcing_Based/1_ERF_FaIR/FaIR_anthro_method.py:95: RuntimeWarning: Mean of empty slice
  cdist = np.nanmean(dist)
/oscar/data/deeps/private/bfoxkemp/jnickla1/Thorne_15_codefigurestats/Methods/43_Forcing_Based/1_ERF_FaIR/FaIR_anthro_method.py:67: RuntimeWarning: Mean of empty slice
  return np.nanmean(samp_cur[year_idx-1850, :], axis = 1)
/users/jnickla1/.conda/envs/cleanpy/lib/python3.13/site-packages/numpy/lib/_nanfunctions_impl.py:2019: RuntimeWarning: Degrees of freedom <= 0 for slice.
  var = nanvar(a, axis=axis, dtype=dtype, out=out, ddof=ddof,
/oscar/data/deeps/private/bfoxkemp/jnickla1/Thorne_15_codefigurestats/Methods/43_Forcing_Based/1_ERF_FaIR/FaIR_anthro_method.py:95: RuntimeWarning: Mean of empty slice
  cdist = np.nanmean(dist)
/oscar/data/deeps/private/bfoxkemp/jnickla1/Thorne_15_codefigurestats/Methods/43_Forcing_Based/1_ERF_FaIR/FaIR_nonat_method.py:68: RuntimeWarning: Mean of empty slice
  return np.nanmean(samp_cur[year_idx-1850, :], axis = 1)
/users/jnickla1/.conda/envs/cleanpy/lib/python3.13/site-packages/numpy/lib/_nanfunctions_impl.py:2019: RuntimeWarning: Degrees of freedom <= 0 for slice.
  var = nanvar(a, axis=axis, dtype=dtype, out=out, ddof=ddof,
/oscar/data/deeps/private/bfoxkemp/jnickla1/Thorne_15_codefigurestats/Methods/43_Forcing_Based/1_ERF_FaIR/FaIR_nonat_method.py:96: RuntimeWarning: Mean of empty slice
  cdist = np.nanmean(dist)
/oscar/data/deeps/private/bfoxkemp/jnickla1/Thorne_15_codefigurestats/Methods/43_Forcing_Based/1_ERF_FaIR/FaIR_nonat_method.py:68: RuntimeWarning: Mean of empty slice
  return np.nanmean(samp_cur[year_idx-1850, :], axis = 1)
/users/jnickla1/.conda/envs/cleanpy/lib/python3.13/site-packages/numpy/lib/_nanfunctions_impl.py:2019: RuntimeWarning: Degrees of freedom <= 0 for slice.
  var = nanvar(a, axis=axis, dtype=dtype, out=out, ddof=ddof,
/oscar/data/deeps/private/bfoxkemp/jnickla1/Thorne_15_codefigurestats/Methods/43_Forcing_Based/1_ERF_FaIR/FaIR_nonat_method.py:96: RuntimeWarning: Mean of empty slice
  cdist = np.nanmean(dist)
/oscar/data/deeps/private/bfoxkemp/jnickla1/Thorne_15_codefigurestats/Methods/43_Forcing_Based/1_ERF_FaIR/FaIR_anthro_unB_method.py:89: RuntimeWarning: Mean of empty slice
  return np.nanmean(samp_cur[year_idx-1850, :], axis = 1)
/users/jnickla1/.conda/envs/cleanpy/lib/python3.13/site-packages/numpy/lib/_nanfunctions_impl.py:2019: RuntimeWarning: Degrees of freedom <= 0 for slice.
  var = nanvar(a, axis=axis, dtype=dtype, out=out, ddof=ddof,
/oscar/data/deeps/private/bfoxkemp/jnickla1/Thorne_15_codefigurestats/fut_evaluation_script.py:427: RuntimeWarning: Mean of empty slice
  evalmean = np.nanmean(diffcross) #if crossing multiple times take the mean
/oscar/data/deeps/private/bfoxkemp/jnickla1/Thorne_15_codefigurestats/Methods/43_Forcing_Based/1_ERF_FaIR/FaIR_anthro_unB_method.py:117: RuntimeWarning: Mean of empty slice
  cdist = np.nanmean(dist)
/oscar/data/deeps/private/bfoxkemp/jnickla1/Thorne_15_codefigurestats/fut_evaluation_script.py:427: RuntimeWarning: Mean of empty slice
  evalmean = np.nanmean(diffcross) #if crossing multiple times take the mean
/oscar/data/deeps/private/bfoxkemp/jnickla1/Thorne_15_codefigurestats/Methods/43_Forcing_Based/1_ERF_FaIR/FaIR_anthro_unB_method.py:89: RuntimeWarning: Mean of empty slice
  return np.nanmean(samp_cur[year_idx-1850, :], axis = 1)
/users/jnickla1/.conda/envs/cleanpy/lib/python3.13/site-packages/numpy/lib/_nanfunctions_impl.py:2019: RuntimeWarning: Degrees of freedom <= 0 for slice.
  var = nanvar(a, axis=axis, dtype=dtype, out=out, ddof=ddof,
/oscar/data/deeps/private/bfoxkemp/jnickla1/Thorne_15_codefigurestats/Methods/43_Forcing_Based/1_ERF_FaIR/FaIR_anthro_unB_method.py:117: RuntimeWarning: Mean of empty slice
  cdist = np.nanmean(dist)
/oscar/data/deeps/private/bfoxkemp/jnickla1/Thorne_15_codefigurestats/fut_evaluation_script.py:464: RuntimeWarning: Mean of empty slice
  evalmean = np.nanmean(diffcrossE) #if crossing multiple times take the mean
/oscar/data/deeps/private/bfoxkemp/jnickla1/Thorne_15_codefigurestats/Methods/43_Forcing_Based/1_ERF_FaIR/FaIR_nonat_unB_method.py:92: RuntimeWarning: Mean of empty slice
  return np.nanmean(samp_cur[year_idx-1850, :], axis = 1)
/users/jnickla1/.conda/envs/cleanpy/lib/python3.13/site-packages/numpy/lib/_nanfunctions_impl.py:2019: RuntimeWarning: Degrees of freedom <= 0 for slice.
  var = nanvar(a, axis=axis, dtype=dtype, out=out, ddof=ddof,
/oscar/data/deeps/private/bfoxkemp/jnickla1/Thorne_15_codefigurestats/Methods/43_Forcing_Based/1_ERF_FaIR/FaIR_nonat_unB_method.py:120: RuntimeWarning: Mean of empty slice
  cdist = np.nanmean(dist)
/oscar/data/deeps/private/bfoxkemp/jnickla1/Thorne_15_codefigurestats/Methods/43_Forcing_Based/1_ERF_FaIR/FaIR_nonat_unB_method.py:92: RuntimeWarning: Mean of empty slice
  return np.nanmean(samp_cur[year_idx-1850, :], axis = 1)
/users/jnickla1/.conda/envs/cleanpy/lib/python3.13/site-packages/numpy/lib/_nanfunctions_impl.py:2019: RuntimeWarning: Degrees of freedom <= 0 for slice.
  var = nanvar(a, axis=axis, dtype=dtype, out=out, ddof=ddof,
/oscar/data/deeps/private/bfoxkemp/jnickla1/Thorne_15_codefigurestats/Methods/43_Forcing_Based/1_ERF_FaIR/FaIR_nonat_unB_method.py:120: RuntimeWarning: Mean of empty slice
  cdist = np.nanmean(dist)
/oscar/data/deeps/private/bfoxkemp/jnickla1/Thorne_15_codefigurestats/Methods/43_Forcing_Based/1_ERF_FaIR/FaIR_anthro_unB_method.py:89: RuntimeWarning: Mean of empty slice
  return np.nanmean(samp_cur[year_idx-1850, :], axis = 1)
/users/jnickla1/.conda/envs/cleanpy/lib/python3.13/site-packages/numpy/lib/_nanfunctions_impl.py:2019: RuntimeWarning: Degrees of freedom <= 0 for slice.
  var = nanvar(a, axis=axis, dtype=dtype, out=out, ddof=ddof,
/oscar/data/deeps/private/bfoxkemp/jnickla1/Thorne_15_codefigurestats/Methods/43_Forcing_Based/1_ERF_FaIR/FaIR_anthro_unB_method.py:117: RuntimeWarning: Mean of empty slice
  cdist = np.nanmean(dist)
/oscar/data/deeps/private/bfoxkemp/jnickla1/Thorne_15_codefigurestats/Methods/43_Forcing_Based/1_ERF_FaIR/FaIR_nonat_method.py:68: RuntimeWarning: Mean of empty slice
  return np.nanmean(samp_cur[year_idx-1850, :], axis = 1)
/users/jnickla1/.conda/envs/cleanpy/lib/python3.13/site-packages/numpy/lib/_nanfunctions_impl.py:2019: RuntimeWarning: Degrees of freedom <= 0 for slice.
  var = nanvar(a, axis=axis, dtype=dtype, out=out, ddof=ddof,
/oscar/data/deeps/private/bfoxkemp/jnickla1/Thorne_15_codefigurestats/Methods/43_Forcing_Based/1_ERF_FaIR/FaIR_nonat_method.py:96: RuntimeWarning: Mean of empty slice
  cdist = np.nanmean(dist)
/oscar/data/deeps/private/bfoxkemp/jnickla1/Thorne_15_codefigurestats/Methods/43_Forcing_Based/1_ERF_FaIR/FaIR_nonat_method.py:68: RuntimeWarning: Mean of empty slice
  return np.nanmean(samp_cur[year_idx-1850, :], axis = 1)
/users/jnickla1/.conda/envs/cleanpy/lib/python3.13/site-packages/numpy/lib/_nanfunctions_impl.py:2019: RuntimeWarning: Degrees of freedom <= 0 for slice.
  var = nanvar(a, axis=axis, dtype=dtype, out=out, ddof=ddof,
/oscar/data/deeps/private/bfoxkemp/jnickla1/Thorne_15_codefigurestats/Methods/43_Forcing_Based/1_ERF_FaIR/FaIR_nonat_method.py:96: RuntimeWarning: Mean of empty slice
  cdist = np.nanmean(dist)
/oscar/data/deeps/private/bfoxkemp/jnickla1/Thorne_15_codefigurestats/Methods/43_Forcing_Based/1_ERF_FaIR/FaIR_all_method.py:68: RuntimeWarning: Mean of empty slice
  return np.nanmean(samp_cur[year_idx-1850, :], axis = 1)
/users/jnickla1/.conda/envs/cleanpy/lib/python3.13/site-packages/numpy/lib/_nanfunctions_impl.py:2019: RuntimeWarning: Degrees of freedom <= 0 for slice.
  var = nanvar(a, axis=axis, dtype=dtype, out=out, ddof=ddof,
/oscar/data/deeps/private/bfoxkemp/jnickla1/Thorne_15_codefigurestats/Methods/43_Forcing_Based/1_ERF_FaIR/FaIR_all_method.py:96: RuntimeWarning: Mean of empty slice
  cdist = np.nanmean(dist)
/oscar/data/deeps/private/bfoxkemp/jnickla1/Thorne_15_codefigurestats/Methods/43_Forcing_Based/1_ERF_FaIR/FaIR_all_method.py:68: RuntimeWarning: Mean of empty slice
  return np.nanmean(samp_cur[year_idx-1850, :], axis = 1)
/users/jnickla1/.conda/envs/cleanpy/lib/python3.13/site-packages/numpy/lib/_nanfunctions_impl.py:2019: RuntimeWarning: Degrees of freedom <= 0 for slice.
  var = nanvar(a, axis=axis, dtype=dtype, out=out, ddof=ddof,
/oscar/data/deeps/private/bfoxkemp/jnickla1/Thorne_15_codefigurestats/Methods/43_Forcing_Based/1_ERF_FaIR/FaIR_all_method.py:96: RuntimeWarning: Mean of empty slice
  cdist = np.nanmean(dist)
/oscar/data/deeps/private/bfoxkemp/jnickla1/Thorne_15_codefigurestats/Methods/43_Forcing_Based/1_ERF_FaIR/FaIR_nonat_unB_method.py:92: RuntimeWarning: Mean of empty slice
  return np.nanmean(samp_cur[year_idx-1850, :], axis = 1)
/users/jnickla1/.conda/envs/cleanpy/lib/python3.13/site-packages/numpy/lib/_nanfunctions_impl.py:2019: RuntimeWarning: Degrees of freedom <= 0 for slice.
  var = nanvar(a, axis=axis, dtype=dtype, out=out, ddof=ddof,
/oscar/data/deeps/private/bfoxkemp/jnickla1/Thorne_15_codefigurestats/Methods/43_Forcing_Based/1_ERF_FaIR/FaIR_nonat_unB_method.py:120: RuntimeWarning: Mean of empty slice
  cdist = np.nanmean(dist)
/oscar/data/deeps/private/bfoxkemp/jnickla1/Thorne_15_codefigurestats/Methods/43_Forcing_Based/1_ERF_FaIR/FaIR_nonat_unB_method.py:92: RuntimeWarning: Mean of empty slice
  return np.nanmean(samp_cur[year_idx-1850, :], axis = 1)
/users/jnickla1/.conda/envs/cleanpy/lib/python3.13/site-packages/numpy/lib/_nanfunctions_impl.py:2019: RuntimeWarning: Degrees of freedom <= 0 for slice.
  var = nanvar(a, axis=axis, dtype=dtype, out=out, ddof=ddof,
/oscar/data/deeps/private/bfoxkemp/jnickla1/Thorne_15_codefigurestats/Methods/43_Forcing_Based/1_ERF_FaIR/FaIR_nonat_unB_method.py:120: RuntimeWarning: Mean of empty slice
  cdist = np.nanmean(dist)
/oscar/data/deeps/private/bfoxkemp/jnickla1/Thorne_15_codefigurestats/fut_evaluation_script.py:427: RuntimeWarning: Mean of empty slice
  evalmean = np.nanmean(diffcross) #if crossing multiple times take the mean
/oscar/data/deeps/private/bfoxkemp/jnickla1/Thorne_15_codefigurestats/Methods/43_Forcing_Based/1_ERF_FaIR/FaIR_nonat_method.py:68: RuntimeWarning: Mean of empty slice
  return np.nanmean(samp_cur[year_idx-1850, :], axis = 1)
/users/jnickla1/.conda/envs/cleanpy/lib/python3.13/site-packages/numpy/lib/_nanfunctions_impl.py:2019: RuntimeWarning: Degrees of freedom <= 0 for slice.
  var = nanvar(a, axis=axis, dtype=dtype, out=out, ddof=ddof,
/oscar/data/deeps/private/bfoxkemp/jnickla1/Thorne_15_codefigurestats/Methods/43_Forcing_Based/1_ERF_FaIR/FaIR_nonat_method.py:96: RuntimeWarning: Mean of empty slice
  cdist = np.nanmean(dist)
/oscar/data/deeps/private/bfoxkemp/jnickla1/Thorne_15_codefigurestats/fut_evaluation_script.py:427: RuntimeWarning: Mean of empty slice
  evalmean = np.nanmean(diffcross) #if crossing multiple times take the mean
/oscar/data/deeps/private/bfoxkemp/jnickla1/Thorne_15_codefigurestats/fut_evaluation_script.py:464: RuntimeWarning: Mean of empty slice
  evalmean = np.nanmean(diffcrossE) #if crossing multiple times take the mean
/oscar/data/deeps/private/bfoxkemp/jnickla1/Thorne_15_codefigurestats/fut_evaluation_script.py:464: RuntimeWarning: Mean of empty slice
  evalmean = np.nanmean(diffcrossE) #if crossing multiple times take the mean
/oscar/data/deeps/private/bfoxkemp/jnickla1/Thorne_15_codefigurestats/Methods/43_Forcing_Based/1_ERF_FaIR/FaIR_all_method.py:68: RuntimeWarning: Mean of empty slice
  return np.nanmean(samp_cur[year_idx-1850, :], axis = 1)
/users/jnickla1/.conda/envs/cleanpy/lib/python3.13/site-packages/numpy/lib/_nanfunctions_impl.py:2019: RuntimeWarning: Degrees of freedom <= 0 for slice.
  var = nanvar(a, axis=axis, dtype=dtype, out=out, ddof=ddof,
/oscar/data/deeps/private/bfoxkemp/jnickla1/Thorne_15_codefigurestats/Methods/43_Forcing_Based/1_ERF_FaIR/FaIR_all_method.py:96: RuntimeWarning: Mean of empty slice
  cdist = np.nanmean(dist)
/oscar/data/deeps/private/bfoxkemp/jnickla1/Thorne_15_codefigurestats/Methods/43_Forcing_Based/1_ERF_FaIR/FaIR_all_unB_method.py:90: RuntimeWarning: Mean of empty slice
  return np.nanmean(samp_cur[year_idx-1850, :], axis = 1)
/users/jnickla1/.conda/envs/cleanpy/lib/python3.13/site-packages/numpy/lib/_nanfunctions_impl.py:2019: RuntimeWarning: Degrees of freedom <= 0 for slice.
  var = nanvar(a, axis=axis, dtype=dtype, out=out, ddof=ddof,
/oscar/data/deeps/private/bfoxkemp/jnickla1/Thorne_15_codefigurestats/Methods/43_Forcing_Based/1_ERF_FaIR/FaIR_all_unB_method.py:118: RuntimeWarning: Mean of empty slice
  cdist = np.nanmean(dist)
/oscar/data/deeps/private/bfoxkemp/jnickla1/Thorne_15_codefigurestats/Methods/43_Forcing_Based/1_ERF_FaIR/FaIR_all_unB_method.py:90: RuntimeWarning: Mean of empty slice
  return np.nanmean(samp_cur[year_idx-1850, :], axis = 1)
/users/jnickla1/.conda/envs/cleanpy/lib/python3.13/site-packages/numpy/lib/_nanfunctions_impl.py:2019: RuntimeWarning: Degrees of freedom <= 0 for slice.
  var = nanvar(a, axis=axis, dtype=dtype, out=out, ddof=ddof,
/oscar/data/deeps/private/bfoxkemp/jnickla1/Thorne_15_codefigurestats/Methods/43_Forcing_Based/1_ERF_FaIR/FaIR_all_unB_method.py:118: RuntimeWarning: Mean of empty slice
  cdist = np.nanmean(dist)
/oscar/data/deeps/private/bfoxkemp/jnickla1/Thorne_15_codefigurestats/Methods/43_Forcing_Based/1_ERF_FaIR/FaIR_all_method.py:68: RuntimeWarning: Mean of empty slice
  return np.nanmean(samp_cur[year_idx-1850, :], axis = 1)
/users/jnickla1/.conda/envs/cleanpy/lib/python3.13/site-packages/numpy/lib/_nanfunctions_impl.py:2019: RuntimeWarning: Degrees of freedom <= 0 for slice.
  var = nanvar(a, axis=axis, dtype=dtype, out=out, ddof=ddof,
/oscar/data/deeps/private/bfoxkemp/jnickla1/Thorne_15_codefigurestats/Methods/43_Forcing_Based/1_ERF_FaIR/FaIR_all_method.py:96: RuntimeWarning: Mean of empty slice
  cdist = np.nanmean(dist)
/oscar/data/deeps/private/bfoxkemp/jnickla1/Thorne_15_codefigurestats/Methods/43_Forcing_Based/1_ERF_FaIR/FaIR_nonat_unB_method.py:92: RuntimeWarning: Mean of empty slice
  return np.nanmean(samp_cur[year_idx-1850, :], axis = 1)
/users/jnickla1/.conda/envs/cleanpy/lib/python3.13/site-packages/numpy/lib/_nanfunctions_impl.py:2019: RuntimeWarning: Degrees of freedom <= 0 for slice.
  var = nanvar(a, axis=axis, dtype=dtype, out=out, ddof=ddof,
/oscar/data/deeps/private/bfoxkemp/jnickla1/Thorne_15_codefigurestats/Methods/43_Forcing_Based/1_ERF_FaIR/FaIR_nonat_unB_method.py:120: RuntimeWarning: Mean of empty slice
  cdist = np.nanmean(dist)
/oscar/data/deeps/private/bfoxkemp/jnickla1/Thorne_15_codefigurestats/Methods/43_Forcing_Based/1_ERF_FaIR/FaIR_all_unB_method.py:90: RuntimeWarning: Mean of empty slice
  return np.nanmean(samp_cur[year_idx-1850, :], axis = 1)
/users/jnickla1/.conda/envs/cleanpy/lib/python3.13/site-packages/numpy/lib/_nanfunctions_impl.py:2019: RuntimeWarning: Degrees of freedom <= 0 for slice.
  var = nanvar(a, axis=axis, dtype=dtype, out=out, ddof=ddof,
/oscar/data/deeps/private/bfoxkemp/jnickla1/Thorne_15_codefigurestats/Methods/43_Forcing_Based/1_ERF_FaIR/FaIR_all_unB_method.py:118: RuntimeWarning: Mean of empty slice
  cdist = np.nanmean(dist)
/oscar/data/deeps/private/bfoxkemp/jnickla1/Thorne_15_codefigurestats/Methods/43_Forcing_Based/1_ERF_FaIR/FaIR_comb_unB_method.py:152: RuntimeWarning: Mean of empty slice
  return np.nanmean(samp_cur[year_idx-1850, :], axis = 1)
/users/jnickla1/.conda/envs/cleanpy/lib/python3.13/site-packages/numpy/lib/_nanfunctions_impl.py:2019: RuntimeWarning: Degrees of freedom <= 0 for slice.
  var = nanvar(a, axis=axis, dtype=dtype, out=out, ddof=ddof,
/oscar/data/deeps/private/bfoxkemp/jnickla1/Thorne_15_codefigurestats/Methods/43_Forcing_Based/1_ERF_FaIR/FaIR_comb_unB_method.py:180: RuntimeWarning: Mean of empty slice
  cdist = np.nanmean(dist)
/oscar/data/deeps/private/bfoxkemp/jnickla1/Thorne_15_codefigurestats/Methods/43_Forcing_Based/1_ERF_FaIR/FaIR_comb_unB_method.py:152: RuntimeWarning: Mean of empty slice
  return np.nanmean(samp_cur[year_idx-1850, :], axis = 1)
/users/jnickla1/.conda/envs/cleanpy/lib/python3.13/site-packages/numpy/lib/_nanfunctions_impl.py:2019: RuntimeWarning: Degrees of freedom <= 0 for slice.
  var = nanvar(a, axis=axis, dtype=dtype, out=out, ddof=ddof,
/oscar/data/deeps/private/bfoxkemp/jnickla1/Thorne_15_codefigurestats/Methods/43_Forcing_Based/1_ERF_FaIR/FaIR_comb_unB_method.py:180: RuntimeWarning: Mean of empty slice
  cdist = np.nanmean(dist)
/oscar/data/deeps/private/bfoxkemp/jnickla1/Thorne_15_codefigurestats/Methods/43_Forcing_Based/1_ERF_FaIR/FaIR_all_unB_method.py:90: RuntimeWarning: Mean of empty slice
  return np.nanmean(samp_cur[year_idx-1850, :], axis = 1)
/users/jnickla1/.conda/envs/cleanpy/lib/python3.13/site-packages/numpy/lib/_nanfunctions_impl.py:2019: RuntimeWarning: Degrees of freedom <= 0 for slice.
  var = nanvar(a, axis=axis, dtype=dtype, out=out, ddof=ddof,
/oscar/data/deeps/private/bfoxkemp/jnickla1/Thorne_15_codefigurestats/Methods/43_Forcing_Based/1_ERF_FaIR/FaIR_all_unB_method.py:118: RuntimeWarning: Mean of empty slice
  cdist = np.nanmean(dist)
/oscar/data/deeps/private/bfoxkemp/jnickla1/Thorne_15_codefigurestats/Methods/43_Forcing_Based/1_ERF_FaIR/FaIR_comb_unB_method.py:152: RuntimeWarning: Mean of empty slice
  return np.nanmean(samp_cur[year_idx-1850, :], axis = 1)
/users/jnickla1/.conda/envs/cleanpy/lib/python3.13/site-packages/numpy/lib/_nanfunctions_impl.py:2019: RuntimeWarning: Degrees of freedom <= 0 for slice.
  var = nanvar(a, axis=axis, dtype=dtype, out=out, ddof=ddof,
/oscar/data/deeps/private/bfoxkemp/jnickla1/Thorne_15_codefigurestats/Methods/43_Forcing_Based/1_ERF_FaIR/FaIR_comb_unB_method.py:180: RuntimeWarning: Mean of empty slice
  cdist = np.nanmean(dist)
starting computation for fut_NorESM_RCP45_VolcConst
max_runs43
Model number:
42




Methods/42_Temp_Alone/1_Run_Means/cent10y_method.py
Methods/42_Temp_Alone/1_Run_Means/cent20y_method.py
Methods/42_Temp_Alone/1_Run_Means/cent21y_method.py
Methods/42_Temp_Alone/1_Run_Means/cent30y_method.py
Methods/42_Temp_Alone/1_Run_Means/lag10y_method.py
Methods/42_Temp_Alone/1_Run_Means/lag5y_method.py
Methods/42_Temp_Alone/1_Run_Means/offset11y_method.py
Methods/42_Temp_Alone/1_Run_Means/raw1y_method.py
Methods/43_Forcing_Based/1_ERF_FaIR/FaIR_all_method.py
Methods/43_Forcing_Based/1_ERF_FaIR/FaIR_all_unB_method.py
Methods/43_Forcing_Based/1_ERF_FaIR/FaIR_anthro_method.py
Methods/43_Forcing_Based/1_ERF_FaIR/FaIR_anthro_unB_method.py
Methods/43_Forcing_Based/1_ERF_FaIR/FaIR_comb_unB_method.py
Methods/43_Forcing_Based/1_ERF_FaIR/FaIR_nonat_method.py
Methods/43_Forcing_Based/1_ERF_FaIR/FaIR_nonat_unB_method.py
evaluating 13 of 0.1°C thresholds, starting at 1.1°C
11
FaIR_anthro sampled, d llike: -0.8721590529282559
FaIR_anthro sampled, d llike: -65.71563950427286
FaIR_anthro_unB sampled, d llike: 0.006528355210134618
FaIR_anthro_unB sampled, d llike: -7.189285917106732
FaIR_nonat sampled, d llike: -0.015357496259027714
FaIR_nonat sampled, d llike: 0.15105247094137375
FaIR_nonat_unB sampled, d llike: 0.0001699291883447973
FaIR_nonat_unB sampled, d llike: -0.015779232047199776
FaIR_all sampled, d llike: -14275.410083443563
FaIR_all sampled, d llike: 0.08908132082085429
FaIR_all_unB sampled, d llike: -0.05563688033680325
FaIR_all_unB sampled, d llike: -0.020197019328214383
FaIR_comb_unB sampled, d llike: -0.011300305479382322
FaIR_comb_unB sampled, d llike: 0.05207355265712295
        method_name    method_class c/r  smooth_r  avg_unc.(1se)  #q<0.5  #q<0.1    log-likeli       RMS      bias        tlog-l      100log-l    100RMS     75RMS   100bias       l15        l20    bias50   Edyrs15    Edyrs20   Mdyrs15    Mdyrs20   Fdyrs15    Fdyrs20     EdyrsA    RMSyrsA  ncEdyrs      e100log-l   e100RMS    e75RMS  e100bias      el15       el20   ebias50  eEdyrs15      eEdyrs20   eMdyrs15      eMdyrs20   eFdyrs15      eFdyrs20    eEdyrsA   eRMSyrsA  nceEdyrs
21    FaIR_comb_unB   43/1_ERF_FaIR   c     2.755       0.080244       0       0      1.311448  0.056475 -0.035729  2.045859e+02  1.298190e+02  0.029863  0.030791 -0.006994  3.929950   4.102864 -0.013834 -1.416667  -1.500000 -1.416667  -1.500000 -1.416667  -1.500000   0.205128   1.934560     13.0     122.990582  0.046339  0.047386  0.025715  3.280820   4.154445  0.001808 -4.333333 -2.500000e+00  -4.333333 -2.500000e+00  -4.333333 -2.500000e+00  -1.871795   1.871795      13.0
8         offset11y  42/1_Run_Means   c     3.071       0.032879     169     119     -0.534036  0.081831  0.064421 -1.228284e+02  1.189566e+02  0.041195  0.046152  0.024186  6.391794   0.470557  0.048593 -1.416667  -3.333333 -1.416667  -3.333333 -1.416667  -3.333333  -1.083333   2.229968     13.0     -42.863698  0.064110  0.069685  0.056896  2.927605   0.020632  0.064235 -4.333333 -4.333333e+00  -4.333333 -4.333333e+00  -4.333333 -4.333333e+00  -3.160256   3.160256      13.0
15   FaIR_nonat_unB   43/1_ERF_FaIR   c     2.679       0.091785       0       0      1.066117  0.076976 -0.050214  1.705787e+02  1.185852e+02  0.030538  0.031285 -0.007703  3.327803   3.886002 -0.016424 -1.416667  -1.083333 -1.416667  -1.083333 -1.416667  -1.083333   0.301282   1.814737     13.0     113.522962  0.047262  0.047202  0.025006  3.072955   3.590198 -0.000782 -4.333333 -2.083333e+00  -4.333333 -2.083333e+00  -4.333333 -2.083333e+00  -1.775641   1.775641      13.0
19     FaIR_all_unB   43/1_ERF_FaIR   c     3.924       0.092950       0       0      1.172451  0.060768 -0.020750  1.875921e+02  1.154886e+02  0.036426  0.038245 -0.006277  3.364781   3.545928 -0.018093 -1.250000  -2.333333 -1.250000  -2.333333 -1.250000  -2.333333   0.429487   2.687320     15.0     110.358714  0.052205  0.052813  0.026433  2.998697   3.253601 -0.002452 -4.166667 -3.333333e+00  -4.166667 -3.333333e+00  -4.166667 -3.333333e+00  -1.647436   1.647436      15.0
11  FaIR_anthro_unB   43/1_ERF_FaIR   c     2.257       0.097516      52       0      0.631905  0.102342 -0.065838  1.011049e+02  1.127328e+02  0.032920  0.033443 -0.005816  3.478961   3.572681 -0.017700 -1.416667  -1.166667 -1.416667  -1.166667 -1.416667  -1.166667   0.262821   2.034820     13.0     105.969461  0.051743  0.051694  0.026893  2.896708   3.368757 -0.002058 -4.333333 -2.166667e+00  -4.333333 -2.166667e+00  -4.333333 -2.166667e+00  -1.814103   1.814103      13.0
2             raw1y  42/1_Run_Means   c    36.400       0.107707       0       0      0.899533  0.098261  0.000772  2.068925e+02  9.081771e+01  0.086732  0.080551  0.006847  2.404502   2.363810  0.013497 -1.805556   1.708333 -7.250000   8.250000 -7.250000  -5.500000  -0.029380   1.674892     33.3      84.353221  0.094585  0.086592  0.039556  3.945988   3.577464  0.029139 -4.722222  7.083333e-01 -10.166667  7.250000e+00 -10.166667 -6.500000e+00  -2.106303   2.106303      33.3
13       FaIR_nonat   43/1_ERF_FaIR   c     2.693       0.114634     144       0     -0.202573  0.181321 -0.169530 -3.241172e+01  5.724519e+01  0.124829  0.122557 -0.121284  2.317589   2.238935 -0.130023  5.666667   9.500000  5.666667   9.500000  5.666667   9.500000   8.003205   9.748829     13.0      75.095795  0.097235  0.098554 -0.088574  2.800192   2.709552 -0.114381  2.750000  8.500000e+00   2.750000  8.500000e+00   2.750000  8.500000e+00   6.201923   6.201923      13.0
9       FaIR_anthro   43/1_ERF_FaIR   c     2.232       0.097566     142      55     -2.013780  0.188912 -0.171887 -3.222047e+02  5.691162e+01  0.116454  0.113570 -0.111859  2.462365   2.335406 -0.123730  4.916667   8.833333  4.916667   8.833333  4.916667   8.833333   7.467949   9.404405     12.0      81.093562  0.090648  0.091255 -0.079149  3.212679   2.594547 -0.108088  2.000000  7.833333e+00   2.000000  7.833333e+00   2.000000  7.833333e+00   5.666667   5.666667      12.0
1             lag5y  42/1_Run_Means   c     6.794       0.040707     116      45      0.732036  0.058392 -0.018098  1.683682e+02  3.583927e+01  0.058843  0.058184 -0.029335  0.092754   0.903255 -0.015873  5.583333  -2.833333  5.583333  -2.833333  5.583333  -2.833333   1.807692   3.156190     13.0      92.072405  0.049725  0.053862  0.003375  1.064938   1.534547 -0.000231  2.666667 -3.833333e+00   2.666667 -3.833333e+00   2.666667 -3.833333e+00  -0.269231   0.269231      13.0
0            lag10y  42/1_Run_Means   c     3.196       0.033824     121      63      0.013502  0.062950 -0.040992  3.105410e+00 -1.949345e+02  0.083561  0.075658 -0.076206  0.055783  11.456399 -0.053716  7.000000   1.000000  7.000000   1.000000  7.000000   1.000000   4.339744   4.702984     13.0      61.074550  0.053855  0.052079 -0.043496  0.021206  14.279159 -0.038074  4.083333  1.673470e-10   4.083333  1.673470e-10   4.083333  1.673470e-10   2.262821   2.262821      13.0
17         FaIR_all   43/1_ERF_FaIR   c     3.776       0.005567     160     160 -15563.817954  0.203083 -0.190395 -2.490211e+06 -1.290751e+06  0.194014  0.192958 -0.190668  0.000000   0.000000 -0.202484  8.416667  16.333333  8.416667  16.333333  8.416667  16.333333  12.634615  14.212201     11.0 -883417.491112  0.164249  0.167076 -0.157959  0.000000   0.000000 -0.186843  5.500000  1.533333e+01   5.500000  1.533333e+01   5.500000  1.533333e+01  10.814103  10.814103      11.0
4.677263944
finished this run
starting computation for fut_NorESM_RCP45_Volc
max_runs43
Model number:
42




Methods/42_Temp_Alone/1_Run_Means/cent10y_method.py
Methods/42_Temp_Alone/1_Run_Means/cent20y_method.py
Methods/42_Temp_Alone/1_Run_Means/cent21y_method.py
Methods/42_Temp_Alone/1_Run_Means/cent30y_method.py
Methods/42_Temp_Alone/1_Run_Means/lag10y_method.py
Methods/42_Temp_Alone/1_Run_Means/lag5y_method.py
Methods/42_Temp_Alone/1_Run_Means/offset11y_method.py
Methods/42_Temp_Alone/1_Run_Means/raw1y_method.py
Methods/43_Forcing_Based/1_ERF_FaIR/FaIR_all_method.py
Methods/43_Forcing_Based/1_ERF_FaIR/FaIR_all_unB_method.py
Methods/43_Forcing_Based/1_ERF_FaIR/FaIR_anthro_method.py
Methods/43_Forcing_Based/1_ERF_FaIR/FaIR_anthro_unB_method.py
Methods/43_Forcing_Based/1_ERF_FaIR/FaIR_comb_unB_method.py
Methods/43_Forcing_Based/1_ERF_FaIR/FaIR_nonat_method.py
Methods/43_Forcing_Based/1_ERF_FaIR/FaIR_nonat_unB_method.py
evaluating 14 of 0.1°C thresholds, starting at 1.1°C
11
FaIR_anthro sampled, d llike: -0.5302333115861275
FaIR_anthro sampled, d llike: -58.31935096814746
FaIR_anthro_unB sampled, d llike: 0.02867074260764546
FaIR_anthro_unB sampled, d llike: -6.696727401534115
FaIR_nonat sampled, d llike: 0.040386688769807166
FaIR_nonat sampled, d llike: 0.1992895024518302
FaIR_nonat_unB sampled, d llike: 0.021933232642497025
FaIR_nonat_unB sampled, d llike: 0.016191798995628837
FaIR_all sampled, d llike: -17340.14186134259
FaIR_all sampled, d llike: 0.031035522680898042
FaIR_all_unB sampled, d llike: -0.24782185789819977
FaIR_all_unB sampled, d llike: -0.060750697811428056
FaIR_comb_unB sampled, d llike: 0.006532484047470755
FaIR_comb_unB sampled, d llike: -0.1835214121623776
        method_name    method_class c/r  smooth_r  avg_unc.(1se)  #q<0.5  #q<0.1    log-likeli       RMS      bias        tlog-l      100log-l    100RMS     75RMS   100bias       l15       l20    bias50    Edyrs15    Edyrs20    Mdyrs15    Mdyrs20       Fdyrs15    Fdyrs20     EdyrsA    RMSyrsA  ncEdyrs     e100log-l   e100RMS    e75RMS  e100bias       el15      el20   ebias50   eEdyrs15   eEdyrs20   eMdyrs15   eMdyrs20  eFdyrs15   eFdyrs20    eEdyrsA   eRMSyrsA  nceEdyrs
21    FaIR_comb_unB   43/1_ERF_FaIR   c     3.272       0.077757       0       0      1.187272  0.074334 -0.035622  1.852145e+02  1.116445e+02  0.067817  0.077585 -0.005104  4.434450  4.610980 -0.046278  -1.000000   2.500000  -1.000000   2.500000 -1.000000e+00   2.500000   0.827381   4.628511     17.0  9.581331e+01  0.085170  0.097984 -0.012318   3.594215  1.280099 -0.086775  -2.916667   7.666667  -2.916667   7.666667 -2.916667   7.666667   1.128205   1.128205      16.0
15   FaIR_nonat_unB   43/1_ERF_FaIR   c     2.688       0.088853       0       0      0.954998  0.093872 -0.048522  1.527997e+02  1.027936e+02  0.073625  0.085407 -0.003020  3.844670  3.988293 -0.021861   0.250000   2.750000   0.250000   2.750000  2.500000e-01   2.750000   0.568452   4.999020     15.0  1.099533e+02  0.060263  0.069343 -0.010234   3.294948  2.586419 -0.062358  -1.666667   7.916667  -1.666667   7.916667 -1.666667   7.916667   0.849359   0.849359      14.0
11  FaIR_anthro_unB   43/1_ERF_FaIR   c     2.312       0.094325      48       0      0.532622  0.117623 -0.063520  8.521953e+01  9.746577e+01  0.077610  0.089081  0.000534  3.551773  3.142489 -0.019719  -0.166667   2.166667  -0.166667   2.166667 -1.666667e-01   2.166667   0.538690   5.253223     15.0  1.048160e+02  0.061243  0.069214 -0.006679   3.218094  2.531251 -0.060216  -2.083333   7.333333  -2.083333   7.333333 -2.083333   7.333333   0.705128   0.705128      13.0
9       FaIR_anthro   43/1_ERF_FaIR   c     2.316       0.094285     118      57     -1.761798  0.196269 -0.169497 -2.818876e+02  5.441446e+01  0.130906  0.138912 -0.105462  2.433355  1.769074 -0.125688   4.666667   8.833333   4.666667   8.833333  4.666667e+00   8.833333   7.851190  10.350097     14.0  5.564607e+01  0.128069  0.139116 -0.112676   2.755994  1.010246 -0.166185   2.750000  14.000000   2.750000  14.000000  2.750000  14.000000   7.275641   7.275641      14.0
13       FaIR_nonat   43/1_ERF_FaIR   c     2.701       0.110924     123       0     -0.229976  0.188368 -0.167954 -3.679615e+01  5.121651e+01  0.137874  0.145640 -0.116594  1.926539  1.625493 -0.135413   5.166667   8.583333   5.166667   8.583333  5.166667e+00   8.583333   8.333333  10.596449     13.0  5.062917e+01  0.137303  0.148772 -0.123808   2.590910  0.815179 -0.175910   3.250000  13.750000   3.250000  13.750000  3.250000  13.750000   7.794872   7.794872      13.0
2             raw1y  42/1_Run_Means   c    32.072       0.131061       3       2      0.659541  0.123040 -0.001338  1.516943e+02  4.229088e+01  0.146653  0.165082  0.001842  3.103696  3.171912 -0.020419   8.944444  -9.250000  23.333333 -18.333333  1.430180e-10 -18.333333  -0.078373   5.670608     38.3  1.949480e+01  0.171234  0.194157 -0.005372   2.409243  2.472951 -0.060916   7.027778  -4.083333  21.416667 -13.166667 -1.916667 -13.166667   0.526709   0.526709      35.3
8         offset11y  42/1_Run_Means   c     2.867       0.037127     178     122     -0.918978  0.090027  0.063470 -2.113649e+02  3.141342e+01  0.072682  0.082797  0.022145  9.305354  1.390787  0.026064   0.583333   1.500000   0.583333   1.500000  5.833333e-01   1.500000  -1.119048   2.664015     17.0 -1.220463e+02  0.101554  0.116334  0.014931   5.907336  0.158683 -0.014433  -1.333333   6.666667  -1.333333   6.666667 -1.333333   6.666667  -0.038462   0.038462      16.0
19     FaIR_all_unB   43/1_ERF_FaIR   c     6.001       0.090987       7       0      0.607269  0.124663 -0.023150  9.716299e+01  2.527219e+01  0.149576  0.172887 -0.008446  3.654613  3.845350 -0.095043  10.500000   2.250000  23.166667   2.250000 -2.166667e+00   2.250000   1.758929   6.436204     19.2 -6.983528e+01  0.180752  0.209242 -0.015660   2.821004  1.242711 -0.135540   8.583333   7.416667  21.250000   7.416667 -4.083333   7.416667   1.907051   1.907051      18.2
1             lag5y  42/1_Run_Means   c     5.892       0.044697     117      34      0.642569  0.076140 -0.019521  1.477909e+02  2.000191e+01  0.097512  0.108848 -0.032583  0.007768  0.503050 -0.041993   1.666667   1.583333   1.666667   1.583333  1.666667e+00   1.583333   1.545635   4.628856     19.0  2.401689e+00  0.132489  0.152134 -0.039797  10.746542  0.000025 -0.082490  -0.250000   6.750000  -0.250000   6.750000 -0.250000   6.750000   2.202991   2.202991      18.0
0            lag10y  42/1_Run_Means   c     2.919       0.038089     122      60      0.227113  0.074482 -0.041975  5.223595e+01 -1.398498e+02  0.104558  0.109717 -0.078331  0.000431  0.003354 -0.076419   5.250000   3.500000   5.250000   3.500000  5.250000e+00   3.500000   4.336310   5.280253     16.0 -4.215918e+01  0.134225  0.150150 -0.085545   2.684356  0.004556 -0.116916   3.333333   8.666667   3.333333   8.666667  3.333333   8.666667   4.971154   4.971154      15.0
17         FaIR_all   43/1_ERF_FaIR   c     5.914       0.005599     160     160 -19060.502014  0.231812 -0.192191 -3.049680e+06 -1.869852e+06  0.243942  0.271939 -0.192838  0.000000  0.000000 -0.279432   5.916667  10.833333   5.916667  10.833333  5.916667e+00  10.833333  11.523810  13.554591     15.0 -2.256046e+06  0.269190  0.305594 -0.200052   0.000000  0.000000 -0.319929  13.166667  16.000000  22.333333  16.000000  4.000000  16.000000  12.288462  12.288462      16.2
4.756880425
finished this run
/oscar/data/deeps/private/bfoxkemp/jnickla1/Thorne_15_codefigurestats/Methods/43_Forcing_Based/1_ERF_FaIR/FaIR_all_method.py:68: RuntimeWarning: Mean of empty slice
  return np.nanmean(samp_cur[year_idx-1850, :], axis = 1)
/users/jnickla1/.conda/envs/cleanpy/lib/python3.13/site-packages/numpy/lib/_nanfunctions_impl.py:2019: RuntimeWarning: Degrees of freedom <= 0 for slice.
  var = nanvar(a, axis=axis, dtype=dtype, out=out, ddof=ddof,
/oscar/data/deeps/private/bfoxkemp/jnickla1/Thorne_15_codefigurestats/Methods/43_Forcing_Based/1_ERF_FaIR/FaIR_all_method.py:96: RuntimeWarning: Mean of empty slice
  cdist = np.nanmean(dist)
/oscar/data/deeps/private/bfoxkemp/jnickla1/Thorne_15_codefigurestats/Methods/43_Forcing_Based/1_ERF_FaIR/FaIR_comb_unB_method.py:152: RuntimeWarning: Mean of empty slice
  return np.nanmean(samp_cur[year_idx-1850, :], axis = 1)
/users/jnickla1/.conda/envs/cleanpy/lib/python3.13/site-packages/numpy/lib/_nanfunctions_impl.py:2019: RuntimeWarning: Degrees of freedom <= 0 for slice.
  var = nanvar(a, axis=axis, dtype=dtype, out=out, ddof=ddof,
/oscar/data/deeps/private/bfoxkemp/jnickla1/Thorne_15_codefigurestats/Methods/43_Forcing_Based/1_ERF_FaIR/FaIR_comb_unB_method.py:180: RuntimeWarning: Mean of empty slice
  cdist = np.nanmean(dist)
starting computation for fut_ESM1-2-LR_SSP126_constVolc
max_runs43
Model number:
42




Methods/42_Temp_Alone/1_Run_Means/cent10y_method.py
Methods/42_Temp_Alone/1_Run_Means/cent20y_method.py
Methods/42_Temp_Alone/1_Run_Means/cent21y_method.py
Methods/42_Temp_Alone/1_Run_Means/cent30y_method.py
Methods/42_Temp_Alone/1_Run_Means/lag10y_method.py
Methods/42_Temp_Alone/1_Run_Means/lag5y_method.py
Methods/42_Temp_Alone/1_Run_Means/offset11y_method.py
Methods/42_Temp_Alone/1_Run_Means/raw1y_method.py
Methods/43_Forcing_Based/1_ERF_FaIR/FaIR_all_method.py
Methods/43_Forcing_Based/1_ERF_FaIR/FaIR_all_unB_method.py
Methods/43_Forcing_Based/1_ERF_FaIR/FaIR_anthro_method.py
Methods/43_Forcing_Based/1_ERF_FaIR/FaIR_anthro_unB_method.py
Methods/43_Forcing_Based/1_ERF_FaIR/FaIR_comb_unB_method.py
Methods/43_Forcing_Based/1_ERF_FaIR/FaIR_nonat_method.py
Methods/43_Forcing_Based/1_ERF_FaIR/FaIR_nonat_unB_method.py
evaluating 6 of 0.1°C thresholds, starting at 1.1°C
11
FaIR_anthro sampled, d llike: -0.030228166001932122
FaIR_anthro sampled, d llike: -1.2945644711474826
FaIR_anthro_unB sampled, d llike: -0.033539592191594636
FaIR_anthro_unB sampled, d llike: -1.296024802821213
FaIR_nonat sampled, d llike: -0.037940983344709966
FaIR_nonat sampled, d llike: -0.06638719942754179
FaIR_nonat_unB sampled, d llike: -0.03652129572434171
FaIR_nonat_unB sampled, d llike: -0.06747284085698024
FaIR_all sampled, d llike: -1899.170005638227
FaIR_all sampled, d llike: -0.059218900397738805
FaIR_all_unB sampled, d llike: -0.014656581686880887
FaIR_all_unB sampled, d llike: -0.05802773736925704
FaIR_comb_unB sampled, d llike: -0.016986830427267563
FaIR_comb_unB sampled, d llike: 0.16782545347148892
        method_name    method_class c/r  smooth_r  avg_unc.(1se)  #q<0.5  #q<0.1   log-likeli       RMS      bias         tlog-l       100log-l    100RMS     75RMS   100bias       l15  l20    bias50    Edyrs15  Edyrs20    Mdyrs15  Mdyrs20    Fdyrs15  Fdyrs20    EdyrsA   RMSyrsA  ncEdyrs      e100log-l   e100RMS    e75RMS  e100bias       el15  el20   ebias50   eEdyrs15  eEdyrs20   eMdyrs15  eMdyrs20   eFdyrs15  eFdyrs20    eEdyrsA   eRMSyrsA  nceEdyrs
21    FaIR_comb_unB   43/1_ERF_FaIR   c     1.860       0.069460       0       0     1.567653  0.042262  0.011484     246.121595     137.703218  0.048695  0.052497  0.029305  3.131207  0.0  0.006835 -11.083333       -1 -11.083333       -1 -11.083333       -1 -2.916667  4.879094      6.0     108.620077  0.079073  0.087847  0.046779   2.649204   0.0  0.004726 -14.250000        -1 -14.250000        -1 -14.250000        -1  -7.444444   7.444444       6.0
15   FaIR_nonat_unB   43/1_ERF_FaIR   c     1.782       0.078784       0       0     1.458558  0.042099  0.009618     234.827761     129.473373  0.048232  0.052312  0.026414  3.395693  0.0  0.003912 -11.583333       -1 -11.583333       -1 -11.583333       -1 -1.291667  6.764474      7.0     107.468876  0.079112  0.087500  0.043888   2.843103   0.0  0.001803 -14.750000        -1 -14.750000        -1 -14.750000        -1  -5.819444   5.819444       7.0
11  FaIR_anthro_unB   43/1_ERF_FaIR   c     1.477       0.081325       0       0     1.294951  0.053679 -0.001590     208.487061     125.358641  0.047414  0.050696  0.028241  3.397354  0.0  0.005933 -11.250000       -1 -11.250000       -1 -11.250000       -1 -2.680556  5.003355      6.0     111.144771  0.077606  0.085815  0.045715   2.739390   0.0  0.003824 -14.416667        -1 -14.416667        -1 -14.416667        -1  -7.208333   7.208333       6.0
9       FaIR_anthro   43/1_ERF_FaIR   c     1.502       0.081340       0       0     1.316990  0.053944  0.005873     212.035464     124.349813  0.052179  0.055209  0.035703  3.182951  0.0  0.013390 -11.583333       -1 -11.583333       -1 -11.583333       -1 -2.958333  5.160278      6.0     108.037237  0.082223  0.090466  0.053177   2.557126   0.0  0.011281 -14.750000        -1 -14.750000        -1 -14.750000        -1  -5.340278   5.340278       7.0
19     FaIR_all_unB   43/1_ERF_FaIR   c     2.916       0.081436       0       0     1.310174  0.062381  0.014640     210.938041     120.408099  0.061753  0.059584  0.035502  3.027131  0.0 -0.002963 -12.500000       -1 -12.500000       -1 -12.500000       -1 -1.951389  7.007622      7.0      98.767774  0.089004  0.094624  0.052976   3.058100   0.0 -0.005072 -15.666667        -1 -15.666667        -1 -15.666667        -1  -6.479167   6.479167       7.0
0            lag10y  42/1_Run_Means   c     2.808       0.041211     108      38     0.930350  0.065939 -0.030256     214.910778     118.519255  0.064897  0.037029 -0.035555  4.809502  0.0  0.011149   2.083333       -1   2.083333       -1   2.083333       -1  4.062500  4.369540      7.0     119.308609  0.062423  0.032216 -0.018081  18.544203   0.0  0.009040  -1.083333        -1  -1.083333        -1  -1.083333        -1   1.409722   1.409722       8.0
13       FaIR_nonat   43/1_ERF_FaIR   c     1.814       0.098340       0       0     1.268768  0.044969  0.011827     204.271629     112.991584  0.051289  0.055312  0.031662  3.080156  0.0  0.009198 -11.833333       -1 -11.833333       -1 -11.833333       -1 -3.041667  5.225583      6.0      98.683810  0.082135  0.090652  0.049136   2.688912   0.0  0.007089 -15.000000        -1 -15.000000        -1 -15.000000        -1  -7.569444   7.569444       6.0
1             lag5y  42/1_Run_Means   c     5.738       0.049202      73      36     0.342058  0.084133 -0.012510      79.015482     105.524514  0.067817  0.051116 -0.008878  9.913512  0.0  0.008795  -6.500000       -1 -12.166667       -1 -12.166667       -1  2.576389  6.326774     11.2      70.372005  0.072970  0.061021  0.008596   5.732160   0.0  0.006686  -9.666667        -1 -15.333333        -1 -15.333333        -1  -0.465278   0.465278      13.2
2             raw1y  42/1_Run_Means   c    28.378       0.145576       0       0     0.563817  0.137861  0.001275     130.241802      52.678757  0.135494  0.118110  0.008807  2.062820  0.0  0.004984   1.940476       -1  22.583333       -1 -13.500000       -1  0.172619  1.898169     27.7      49.636499  0.140217  0.123144  0.026281   2.655132   0.0  0.002875   1.906250        -1  23.833333        -1 -16.666667        -1  -2.225694   2.225694      29.8
8         offset11y  42/1_Run_Means   c     2.395       0.040051     178     129    -1.565530  0.096371  0.076333    -361.637510    -215.392033  0.089437  0.102112  0.069082  5.970080  0.0  0.121345  -6.666667       -1  -6.666667       -1  -6.666667       -1 -1.972222  3.793269      6.0    -365.530638  0.105544  0.121088  0.086556   0.000042   0.0  0.119236  -9.833333        -1  -9.833333        -1  -9.833333        -1  -6.500000   6.500000       6.0
17         FaIR_all   43/1_ERF_FaIR   c     2.774       0.005579     159     147 -2077.260567  0.075449  0.047154 -334438.951291 -267393.235035  0.085530  0.080754  0.069017  0.000000  0.0  0.030574 -13.416667       -1 -13.416667       -1 -13.416667       -1 -6.680556  8.023908      6.0 -479741.998998  0.112228  0.115971  0.086491   0.000000   0.0  0.028465 -16.583333        -1 -16.583333        -1 -16.583333        -1 -11.208333  11.208333       6.0
4.937995645
finished this run
starting computation for fut_ESM1-2-LR_SSP245_constVolc
max_runs43
Model number:
42




Methods/42_Temp_Alone/1_Run_Means/cent10y_method.py
Methods/42_Temp_Alone/1_Run_Means/cent20y_method.py
Methods/42_Temp_Alone/1_Run_Means/cent21y_method.py
Methods/42_Temp_Alone/1_Run_Means/cent30y_method.py
Methods/42_Temp_Alone/1_Run_Means/lag10y_method.py
Methods/42_Temp_Alone/1_Run_Means/lag5y_method.py
Methods/42_Temp_Alone/1_Run_Means/offset11y_method.py
Methods/42_Temp_Alone/1_Run_Means/raw1y_method.py
Methods/43_Forcing_Based/1_ERF_FaIR/FaIR_all_method.py
Methods/43_Forcing_Based/1_ERF_FaIR/FaIR_all_unB_method.py
Methods/43_Forcing_Based/1_ERF_FaIR/FaIR_anthro_method.py
Methods/43_Forcing_Based/1_ERF_FaIR/FaIR_anthro_unB_method.py
Methods/43_Forcing_Based/1_ERF_FaIR/FaIR_comb_unB_method.py
Methods/43_Forcing_Based/1_ERF_FaIR/FaIR_nonat_method.py
Methods/43_Forcing_Based/1_ERF_FaIR/FaIR_nonat_unB_method.py
evaluating 14 of 0.1°C thresholds, starting at 1.1°C
11
FaIR_anthro sampled, d llike: -0.05379519157480139
FaIR_anthro sampled, d llike: -1.3767128316274688
FaIR_anthro_unB sampled, d llike: -0.051453532465544294
FaIR_anthro_unB sampled, d llike: -1.3940988781180008
FaIR_nonat sampled, d llike: -0.05451396994090918
FaIR_nonat sampled, d llike: -0.05259957107739077
FaIR_nonat_unB sampled, d llike: -0.04869929524680128
FaIR_nonat_unB sampled, d llike: -0.04724450248596912
FaIR_all sampled, d llike: -1566.2613373456638
FaIR_all sampled, d llike: -0.041068890265587576
FaIR_all_unB sampled, d llike: -0.025850675263406897
FaIR_all_unB sampled, d llike: -0.036512326544072105
FaIR_comb_unB sampled, d llike: -0.03541039904586851
FaIR_comb_unB sampled, d llike: -0.011076587725201648
        method_name    method_class c/r  smooth_r  avg_unc.(1se)  #q<0.5  #q<0.1   log-likeli       RMS      bias         tlog-l       100log-l    100RMS     75RMS   100bias        l15           l20    bias50   Edyrs15       Edyrs20   Mdyrs15       Mdyrs20   Fdyrs15       Fdyrs20    EdyrsA   RMSyrsA  ncEdyrs      e100log-l   e100RMS    e75RMS  e100bias      el15       el20   ebias50  eEdyrs15  eEdyrs20  eMdyrs15  eMdyrs20  eFdyrs15  eFdyrs20   eEdyrsA  eRMSyrsA  nceEdyrs
8         offset11y  42/1_Run_Means   c     2.663       0.040254     126      66     0.135008  0.081510  0.056919      31.186740     177.432217  0.035895  0.039165  0.019800  12.485314  1.187659e+01  0.027399 -0.916667 -5.000000e-01 -0.916667 -5.000000e-01 -0.916667 -5.000000e-01 -0.755952  1.781324     14.0     128.513498  0.050602  0.057150  0.017708  1.854401   6.020587  0.021731 -3.500000  1.166667 -3.500000  1.166667 -3.500000  1.166667 -1.053571  1.053571      14.0
21    FaIR_comb_unB   43/1_ERF_FaIR   c     2.070       0.072311       0       0     1.544145  0.037907  0.006348     242.430779     133.524900  0.042810  0.040025  0.018108   4.688456  4.912733e+00 -0.014023 -1.583333  3.333333e-01 -1.583333  3.333333e-01 -1.583333  3.333333e-01 -0.726190  2.476076     14.0     131.928938  0.045130  0.048077  0.016016  2.519685   4.660129 -0.019691 -4.166667  2.000000 -4.166667  2.000000 -4.166667  2.000000 -1.023810  1.023810      14.0
15   FaIR_nonat_unB   43/1_ERF_FaIR   c     1.951       0.081979       0       0     1.438597  0.037118  0.003621     231.614082     125.860681  0.040816  0.038985  0.016489   4.019763  4.450667e+00 -0.011940 -1.916667  8.333333e-02 -1.916667  8.333333e-02 -1.916667  8.333333e-02 -0.708333  2.501289     14.0     123.660678  0.044800  0.047587  0.014397  2.710182   4.061888 -0.017608 -4.500000  1.750000 -4.500000  1.750000 -4.500000  1.750000 -1.005952  1.005952      14.0
11  FaIR_anthro_unB   43/1_ERF_FaIR   c     1.623       0.086255       0       0     1.253953  0.050649 -0.005685     201.886355     118.120534  0.043469  0.041196  0.019229   3.925624  3.989714e+00 -0.013044 -1.583333  5.833333e-01 -1.583333  5.833333e-01 -1.583333  5.833333e-01 -0.821429  2.380059     14.0     116.480774  0.045875  0.048862  0.017137  2.588412   4.019073 -0.018712 -4.166667  2.250000 -4.166667  2.250000 -4.166667  2.250000 -1.119048  1.119048      14.0
9       FaIR_anthro   43/1_ERF_FaIR   c     1.616       0.086299       0       0     1.264266  0.050357 -0.001573     203.546825     117.118454  0.045469  0.042538  0.023323   3.899634  3.885131e+00 -0.008960 -1.916667  1.691660e-10 -1.916667  1.691660e-10 -1.916667  1.691660e-10 -1.041667  2.445943     14.0     115.537213  0.047572  0.050289  0.021231  2.481032   4.058584 -0.014628 -4.500000  1.666667 -4.500000  1.666667 -4.500000  1.666667 -1.339286  1.339286      14.0
19     FaIR_all_unB   43/1_ERF_FaIR   c     3.269       0.084541       0       0     1.286125  0.059205  0.007061     207.066076     116.820772  0.054809  0.045055  0.024067   3.914250  4.357644e+00 -0.019361 -1.750000  5.833333e-01 -1.750000  5.833333e-01 -1.750000  5.833333e-01 -0.755952  2.832896     14.0     117.092235  0.054145  0.053060  0.021975  2.253546   4.011493 -0.025029 -4.333333  2.250000 -4.333333  2.250000 -4.333333  2.250000 -1.053571  1.053571      14.0
13       FaIR_nonat   43/1_ERF_FaIR   c     2.010       0.102312       0       0     1.237906  0.039645  0.006053     199.302839     107.935713  0.043314  0.040804  0.021976   3.285751  3.585135e+00 -0.006431 -2.000000  1.691660e-10 -2.000000  1.691660e-10 -2.000000  1.691660e-10 -1.047619  2.439140     14.0     106.510913  0.046830  0.049500  0.019884  2.476585   3.283935 -0.012099 -4.583333  1.666667 -4.583333  1.666667 -4.583333  1.666667 -1.345238  1.345238      14.0
2             raw1y  42/1_Run_Means   c    29.892       0.142305       0       0     0.587865  0.134875  0.000232     135.796802      57.839771  0.127637  0.112443  0.006160   2.022443  2.570375e+00  0.006027  1.333333 -7.500000e-01  5.833333 -6.500000e+00 -2.500000 -6.500000e+00 -0.074306  3.243898     48.3      56.657901  0.129511  0.118249  0.004069  0.837562   2.931301  0.000359 -1.250000  0.916667 -5.083333  7.250000 -5.083333 -4.833333 -0.371925  0.371925      48.3
1             lag5y  42/1_Run_Means   c     5.816       0.047710     114      55    -0.019674  0.087161 -0.020609      -4.544688      21.964344  0.076915  0.062167 -0.029435   8.699798  3.832488e+00 -0.028019  0.750000  3.875000e+00  0.750000  6.416667e+00  0.750000  1.333333e+00  1.770833  2.305128     20.0     -21.223922  0.083246  0.072976 -0.031527  2.287123   0.014201 -0.033687 -1.833333  5.541667 -1.833333  8.083333 -1.833333  3.000000  1.473214  1.473214      20.0
0            lag10y  42/1_Run_Means   c     2.943       0.041250     149      82     0.070332  0.074980 -0.047828      16.246585     -80.144938  0.086289  0.082883 -0.080160   0.171159  2.484474e-01 -0.073332  2.750000  6.416667e+00  2.750000  6.416667e+00  2.750000  6.416667e+00  4.592262  4.803234     16.0    -188.733453  0.096129  0.089267 -0.082252  8.945046   0.000236 -0.079001  0.166667  8.083333  0.166667  8.083333  0.166667  8.083333  4.294643  4.294643      16.0
17         FaIR_all   43/1_ERF_FaIR   c     3.125       0.005604     159     136 -1721.427248  0.070411  0.041542 -277149.786974 -209777.341238  0.077174  0.062433  0.059421   0.000000  1.264350e-37  0.015987 -3.166667 -1.750000e+00 -3.166667 -1.750000e+00 -3.166667 -1.750000e+00 -2.970238  3.683067     14.0 -199000.810721  0.075725  0.070379  0.057329  0.000000  89.200739  0.010319 -5.750000 -0.083333 -5.750000 -0.083333 -5.750000 -0.083333 -3.267857  3.267857      14.0
5.336925311
finished this run
/oscar/data/deeps/private/bfoxkemp/jnickla1/Thorne_15_codefigurestats/Methods/43_Forcing_Based/1_ERF_FaIR/FaIR_all_unB_method.py:90: RuntimeWarning: Mean of empty slice
  return np.nanmean(samp_cur[year_idx-1850, :], axis = 1)
/users/jnickla1/.conda/envs/cleanpy/lib/python3.13/site-packages/numpy/lib/_nanfunctions_impl.py:2019: RuntimeWarning: Degrees of freedom <= 0 for slice.
  var = nanvar(a, axis=axis, dtype=dtype, out=out, ddof=ddof,
/oscar/data/deeps/private/bfoxkemp/jnickla1/Thorne_15_codefigurestats/Methods/43_Forcing_Based/1_ERF_FaIR/FaIR_all_unB_method.py:118: RuntimeWarning: Mean of empty slice
  cdist = np.nanmean(dist)
/oscar/data/deeps/private/bfoxkemp/jnickla1/Thorne_15_codefigurestats/Methods/43_Forcing_Based/1_ERF_FaIR/FaIR_comb_unB_method.py:152: RuntimeWarning: Mean of empty slice
  return np.nanmean(samp_cur[year_idx-1850, :], axis = 1)
/users/jnickla1/.conda/envs/cleanpy/lib/python3.13/site-packages/numpy/lib/_nanfunctions_impl.py:2019: RuntimeWarning: Degrees of freedom <= 0 for slice.
  var = nanvar(a, axis=axis, dtype=dtype, out=out, ddof=ddof,
/oscar/data/deeps/private/bfoxkemp/jnickla1/Thorne_15_codefigurestats/Methods/43_Forcing_Based/1_ERF_FaIR/FaIR_comb_unB_method.py:180: RuntimeWarning: Mean of empty slice
  cdist = np.nanmean(dist)
starting computation for fut_ESM1-2-LR_SSP370_constVolc
max_runs43
Model number:
42




Methods/42_Temp_Alone/1_Run_Means/cent10y_method.py
Methods/42_Temp_Alone/1_Run_Means/cent20y_method.py
Methods/42_Temp_Alone/1_Run_Means/cent21y_method.py
Methods/42_Temp_Alone/1_Run_Means/cent30y_method.py
Methods/42_Temp_Alone/1_Run_Means/lag10y_method.py
Methods/42_Temp_Alone/1_Run_Means/lag5y_method.py
Methods/42_Temp_Alone/1_Run_Means/offset11y_method.py
Methods/42_Temp_Alone/1_Run_Means/raw1y_method.py
Methods/43_Forcing_Based/1_ERF_FaIR/FaIR_all_method.py
Methods/43_Forcing_Based/1_ERF_FaIR/FaIR_all_unB_method.py
Methods/43_Forcing_Based/1_ERF_FaIR/FaIR_anthro_method.py
Methods/43_Forcing_Based/1_ERF_FaIR/FaIR_anthro_unB_method.py
Methods/43_Forcing_Based/1_ERF_FaIR/FaIR_comb_unB_method.py
Methods/43_Forcing_Based/1_ERF_FaIR/FaIR_nonat_method.py
Methods/43_Forcing_Based/1_ERF_FaIR/FaIR_nonat_unB_method.py
evaluating 24 of 0.1°C thresholds, starting at 1.1°C
11
FaIR_anthro sampled, d llike: -0.04438525600845056
FaIR_anthro sampled, d llike: -1.084412949505913
FaIR_anthro_unB sampled, d llike: -0.05021075584880985
FaIR_anthro_unB sampled, d llike: -2.617523158281146
FaIR_nonat sampled, d llike: -0.05683414225849548
FaIR_nonat sampled, d llike: -0.008525871663718876
FaIR_nonat_unB sampled, d llike: -0.04388590535230974
FaIR_nonat_unB sampled, d llike: -0.021291651779934417
FaIR_all sampled, d llike: -1205.1451600998118
FaIR_all sampled, d llike: -0.019044609292475423
FaIR_all_unB sampled, d llike: -0.015696080372673338
FaIR_all_unB sampled, d llike: -0.01400898016374863
FaIR_comb_unB sampled, d llike: -0.019883717124152378
FaIR_comb_unB sampled, d llike: -0.4068545592546781
        method_name    method_class c/r  smooth_r  avg_unc.(1se)  #q<0.5  #q<0.1   log-likeli       RMS      bias         tlog-l       100log-l    100RMS     75RMS   100bias       l15       l20    bias50       Edyrs15   Edyrs20       Mdyrs15   Mdyrs20       Fdyrs15   Fdyrs20    EdyrsA   RMSyrsA  ncEdyrs      e100log-l   e100RMS    e75RMS  e100bias      el15          el20   ebias50  eEdyrs15  eEdyrs20   eMdyrs15  eMdyrs20   eFdyrs15  eFdyrs20   eEdyrsA  eRMSyrsA  nceEdyrs
21    FaIR_comb_unB   43/1_ERF_FaIR   c     1.933       0.071313       0       0     1.509167  0.045292  0.024123     236.939195     131.135291  0.049887  0.033428  0.023288  4.102180  6.005012 -0.019025 -2.000000e+00  0.083333 -2.000000e+00  0.083333 -2.000000e+00  0.083333 -0.447917  1.416565     24.0     124.787607  0.056944  0.055514  0.046812  3.816911  5.368845e+00  0.023884 -4.166667 -0.583333  -4.166667 -0.583333  -4.166667 -0.583333 -1.539855  1.539855      23.0
8         offset11y  42/1_Run_Means   c     2.576       0.043038     156      71    -0.078926  0.085339  0.034709     -18.231897     128.013580  0.053949  0.059946 -0.036579  9.189205  6.206505 -0.072593  1.411991e-10  2.000000  1.411991e-10  2.000000  1.411991e-10  2.000000  1.440972  1.664321     24.0     173.878842  0.032638  0.032605 -0.013055  6.779825  6.652256e+00 -0.029684 -2.166667  1.333333  -2.166667  1.333333  -2.166667  1.333333  0.333333  0.333333      23.0
15   FaIR_nonat_unB   43/1_ERF_FaIR   c     1.811       0.080863       0       0     1.441180  0.040195  0.020435     232.030058     126.335088  0.043763  0.030750  0.022323  3.704586  5.117386 -0.011937 -1.916667e+00  0.333333 -1.916667e+00  0.333333 -1.916667e+00  0.333333 -0.500000  1.276569     24.0     119.846624  0.055718  0.057092  0.045848  3.721297  4.807552e+00  0.030972 -4.083333 -0.333333  -4.083333 -0.333333  -4.083333 -0.333333 -1.583333  1.583333      23.0
9       FaIR_anthro   43/1_ERF_FaIR   c     1.520       0.084738       0       0     1.293919  0.049365 -0.015504     208.320966     121.208008  0.043380  0.039209 -0.002098  3.816325  4.030179 -0.043420 -1.333333e+00  1.583333 -1.333333e+00  1.583333 -1.333333e+00  1.583333  0.329861  1.314648     24.0     121.774043  0.039540  0.039830  0.021426  3.568707  4.107172e+00 -0.000511 -3.500000  0.916667  -3.500000  0.916667  -3.500000  0.916667 -0.753623  0.753623      23.0
11  FaIR_anthro_unB   43/1_ERF_FaIR   c     1.516       0.084708       0       0     1.344742  0.048507  0.012371     216.503489     117.712960  0.050439  0.033977  0.025802  3.449361  4.541944 -0.015532 -2.250000e+00  0.500000 -2.250000e+00  0.500000 -2.250000e+00  0.500000 -0.541667  1.474121     24.0     114.115608  0.059484  0.058467  0.049326  3.125241  4.682901e+00  0.027377 -4.416667 -0.166667  -4.416667 -0.166667  -4.416667 -0.166667 -1.630435  1.630435      23.0
19     FaIR_all_unB   43/1_ERF_FaIR   c     3.023       0.083660       0       0     1.293749  0.060788  0.022017     208.293643     116.688444  0.058929  0.035240  0.029446  3.704673  4.966815 -0.016644 -2.083333e+00  0.166667 -2.083333e+00  0.166667 -2.083333e+00  0.166667 -0.541667  1.564582     24.0     112.861634  0.064265  0.058501  0.052971  3.688450  4.687369e+00  0.026265 -4.250000 -0.500000  -4.250000 -0.500000  -4.250000 -0.500000 -1.637681  1.637681      23.0
13       FaIR_nonat   43/1_ERF_FaIR   c     1.847       0.100913       0       0     1.258698  0.036620 -0.007573     202.650299     111.508843  0.037732  0.034738 -0.002676  3.154958  3.780074 -0.036939 -1.250000e+00  1.583333 -1.250000e+00  1.583333 -1.250000e+00  1.583333  0.222222  1.173097     24.0     111.149048  0.037911  0.039198  0.020848  3.534052  3.914740e+00  0.005970 -3.416667  0.916667  -3.416667  0.916667  -3.416667  0.916667 -0.862319  0.862319      23.0
2             raw1y  42/1_Run_Means   c    28.631       0.140184       0       0     0.607229  0.132488 -0.001508     140.269986      62.115954  0.121124  0.101992  0.001744  1.601879  0.795399  0.001095 -2.083333e+00 -1.666667 -8.166667e+00 -4.750000 -8.166667e+00 -4.750000  0.033565  1.364579     53.3      58.858230  0.126308  0.109536  0.025268  2.202493  1.791495e+00  0.044005 -4.250000 -2.333333 -10.333333 -5.416667 -10.333333 -5.416667 -1.095411  1.095411      51.3
1             lag5y  42/1_Run_Means   c     5.582       0.049922     111      62    -0.156574  0.090020 -0.031506     -36.168603      -9.659570  0.084863  0.077935 -0.057097  4.030179  4.075922 -0.079014  1.666667e+00  4.166667  1.666667e+00  4.166667  1.666667e+00  4.166667  1.994792  2.202643     26.0      78.645686  0.069983  0.049829 -0.033573  7.634808  7.254294e-01 -0.036104 -0.500000  3.500000  -0.500000  3.500000  -0.500000  3.500000  0.922101  0.922101      25.0
0            lag10y  42/1_Run_Means   c     2.804       0.043885     165     120    -0.758449  0.100711 -0.068240    -175.201645    -271.593168  0.137555  0.149058 -0.131977  1.048938  0.019805 -0.165149  5.000000e+00  6.916667  5.000000e+00  6.916667  5.000000e+00  6.916667  4.531250  4.591565     24.0    -104.140338  0.113132  0.110997 -0.108453  1.173995  1.413449e-02 -0.122239  2.833333  6.250000   2.833333  6.250000   2.833333  6.250000  3.438406  3.438406      23.0
17         FaIR_all   43/1_ERF_FaIR   c     2.860       0.005594     152     136 -1321.431681  0.062062  0.029688 -212750.500573 -145398.594467  0.063691  0.037724  0.038098  0.000000  0.030698 -0.007971 -2.416667e+00 -0.250000 -2.416667e+00 -0.250000 -2.416667e+00 -0.250000 -0.708333  1.720317     24.0 -167076.450712  0.071568  0.065510  0.061622  0.000000  4.537802e-16  0.034938 -4.583333 -0.916667  -4.583333 -0.916667  -4.583333 -0.916667 -1.811594  1.811594      23.0
6.602369895
finished this run
All processes completed.
