/oscar/data/deeps/private/bfoxkemp/jnickla1/Thorne_15_codefigurestats/fut_evaluation_gen_ensemble.py:20: RuntimeWarning: Mean of empty slice
  return np.nanmean(standards_np,axis=0)
/oscar/data/deeps/private/bfoxkemp/jnickla1/Thorne_15_codefigurestats/fut_evaluation_gen_ensemble.py:20: RuntimeWarning: Mean of empty slice
  return np.nanmean(standards_np,axis=0)
/oscar/data/deeps/private/bfoxkemp/jnickla1/Thorne_15_codefigurestats/fut_evaluation_gen_ensemble.py:20: RuntimeWarning: Mean of empty slice
  return np.nanmean(standards_np,axis=0)
/oscar/data/deeps/private/bfoxkemp/jnickla1/Thorne_15_codefigurestats/fut_evaluation_gen_ensemble.py:20: RuntimeWarning: Mean of empty slice
  return np.nanmean(standards_np,axis=0)
/oscar/data/deeps/private/bfoxkemp/jnickla1/Thorne_15_codefigurestats/fut_evaluation_gen_ensemble.py:20: RuntimeWarning: Mean of empty slice
  return np.nanmean(standards_np,axis=0)
/oscar/data/deeps/private/bfoxkemp/jnickla1/Thorne_15_codefigurestats/Methods/43_Forcing_Based/1_ERF_FaIR/FaIR_all_method.py:53: RuntimeWarning: Mean of empty slice
  samp_mean =  np.nanmean(samp_cur, axis = 1)
/oscar/data/deeps/private/bfoxkemp/jnickla1/Thorne_15_codefigurestats/Methods/43_Forcing_Based/1_ERF_FaIR/FaIR_all_unB_method.py:70: RuntimeWarning: Mean of empty slice
  samp_mean =  np.nanmean(samp_cur, axis = 1)
/oscar/data/deeps/private/bfoxkemp/jnickla1/Thorne_15_codefigurestats/Methods/43_Forcing_Based/1_ERF_FaIR/FaIR_all_method.py:53: RuntimeWarning: Mean of empty slice
  samp_mean =  np.nanmean(samp_cur, axis = 1)
/oscar/data/deeps/private/bfoxkemp/jnickla1/Thorne_15_codefigurestats/Methods/43_Forcing_Based/1_ERF_FaIR/FaIR_anthro_method.py:53: RuntimeWarning: Mean of empty slice
  samp_mean =  np.nanmean(samp_cur, axis = 1)
/oscar/data/deeps/private/bfoxkemp/jnickla1/Thorne_15_codefigurestats/Methods/43_Forcing_Based/1_ERF_FaIR/FaIR_all_unB_method.py:70: RuntimeWarning: Mean of empty slice
  samp_mean =  np.nanmean(samp_cur, axis = 1)
/oscar/data/deeps/private/bfoxkemp/jnickla1/Thorne_15_codefigurestats/Methods/43_Forcing_Based/1_ERF_FaIR/FaIR_anthro_unB_method.py:70: RuntimeWarning: Mean of empty slice
  samp_mean =  np.nanmean(samp_cur, axis = 1)
/oscar/data/deeps/private/bfoxkemp/jnickla1/Thorne_15_codefigurestats/Methods/43_Forcing_Based/1_ERF_FaIR/FaIR_anthro_method.py:53: RuntimeWarning: Mean of empty slice
  samp_mean =  np.nanmean(samp_cur, axis = 1)
/oscar/data/deeps/private/bfoxkemp/jnickla1/Thorne_15_codefigurestats/Methods/43_Forcing_Based/1_ERF_FaIR/FaIR_comb_unB_method.py:70: RuntimeWarning: Mean of empty slice
  samp_mean =  np.nanmean(samp_cur, axis = 1)
/oscar/data/deeps/private/bfoxkemp/jnickla1/Thorne_15_codefigurestats/Methods/43_Forcing_Based/1_ERF_FaIR/FaIR_comb_unB_method.py:127: RuntimeWarning: Mean of empty slice
  samp_meanAll =  np.nanmean(samp_curAll, axis = 1)
/oscar/data/deeps/private/bfoxkemp/jnickla1/Thorne_15_codefigurestats/Methods/43_Forcing_Based/1_ERF_FaIR/FaIR_anthro_unB_method.py:70: RuntimeWarning: Mean of empty slice
  samp_mean =  np.nanmean(samp_cur, axis = 1)
/oscar/data/deeps/private/bfoxkemp/jnickla1/Thorne_15_codefigurestats/Methods/43_Forcing_Based/1_ERF_FaIR/FaIR_nonat_method.py:53: RuntimeWarning: Mean of empty slice
  samp_mean =  np.nanmean(samp_cur, axis = 1)
/oscar/data/deeps/private/bfoxkemp/jnickla1/Thorne_15_codefigurestats/Methods/43_Forcing_Based/1_ERF_FaIR/FaIR_comb_unB_method.py:70: RuntimeWarning: Mean of empty slice
  samp_mean =  np.nanmean(samp_cur, axis = 1)
/oscar/data/deeps/private/bfoxkemp/jnickla1/Thorne_15_codefigurestats/Methods/43_Forcing_Based/1_ERF_FaIR/FaIR_comb_unB_method.py:127: RuntimeWarning: Mean of empty slice
  samp_meanAll =  np.nanmean(samp_curAll, axis = 1)
/oscar/data/deeps/private/bfoxkemp/jnickla1/Thorne_15_codefigurestats/Methods/43_Forcing_Based/1_ERF_FaIR/FaIR_nonat_unB_method.py:72: RuntimeWarning: Mean of empty slice
  samp_mean =  np.nanmean(samp_cur, axis = 1)
/oscar/data/deeps/private/bfoxkemp/jnickla1/Thorne_15_codefigurestats/Methods/43_Forcing_Based/1_ERF_FaIR/FaIR_all_method.py:68: RuntimeWarning: Mean of empty slice
  return np.nanmean(samp_cur[year_idx-1850, :], axis = 1)
/users/jnickla1/.conda/envs/cleanpy/lib/python3.13/site-packages/numpy/lib/_nanfunctions_impl.py:2019: RuntimeWarning: Degrees of freedom <= 0 for slice.
  var = nanvar(a, axis=axis, dtype=dtype, out=out, ddof=ddof,
/oscar/data/deeps/private/bfoxkemp/jnickla1/Thorne_15_codefigurestats/Methods/43_Forcing_Based/1_ERF_FaIR/FaIR_all_unB_method.py:90: RuntimeWarning: Mean of empty slice
  return np.nanmean(samp_cur[year_idx-1850, :], axis = 1)
/oscar/data/deeps/private/bfoxkemp/jnickla1/Thorne_15_codefigurestats/Methods/43_Forcing_Based/1_ERF_FaIR/FaIR_nonat_method.py:53: RuntimeWarning: Mean of empty slice
  samp_mean =  np.nanmean(samp_cur, axis = 1)
/oscar/data/deeps/private/bfoxkemp/jnickla1/Thorne_15_codefigurestats/Methods/43_Forcing_Based/1_ERF_FaIR/FaIR_anthro_method.py:67: RuntimeWarning: Mean of empty slice
  return np.nanmean(samp_cur[year_idx-1850, :], axis = 1)
/oscar/data/deeps/private/bfoxkemp/jnickla1/Thorne_15_codefigurestats/Methods/43_Forcing_Based/1_ERF_FaIR/FaIR_anthro_unB_method.py:89: RuntimeWarning: Mean of empty slice
  return np.nanmean(samp_cur[year_idx-1850, :], axis = 1)
/oscar/data/deeps/private/bfoxkemp/jnickla1/Thorne_15_codefigurestats/Methods/43_Forcing_Based/1_ERF_FaIR/FaIR_nonat_unB_method.py:72: RuntimeWarning: Mean of empty slice
  samp_mean =  np.nanmean(samp_cur, axis = 1)
/oscar/data/deeps/private/bfoxkemp/jnickla1/Thorne_15_codefigurestats/Methods/43_Forcing_Based/1_ERF_FaIR/FaIR_comb_unB_method.py:153: RuntimeWarning: Mean of empty slice
  return np.nanmean(samp_cur[year_idx-1850, :], axis = 1)
/oscar/data/deeps/private/bfoxkemp/jnickla1/Thorne_15_codefigurestats/Methods/43_Forcing_Based/1_ERF_FaIR/FaIR_nonat_method.py:68: RuntimeWarning: Mean of empty slice
  return np.nanmean(samp_cur[year_idx-1850, :], axis = 1)
/oscar/data/deeps/private/bfoxkemp/jnickla1/Thorne_15_codefigurestats/Methods/43_Forcing_Based/1_ERF_FaIR/FaIR_nonat_unB_method.py:92: RuntimeWarning: Mean of empty slice
  return np.nanmean(samp_cur[year_idx-1850, :], axis = 1)
/oscar/data/deeps/private/bfoxkemp/jnickla1/Thorne_15_codefigurestats/Methods/43_Forcing_Based/1_ERF_FaIR/FaIR_all_method.py:68: RuntimeWarning: Mean of empty slice
  return np.nanmean(samp_cur[year_idx-1850, :], axis = 1)
/users/jnickla1/.conda/envs/cleanpy/lib/python3.13/site-packages/numpy/lib/_nanfunctions_impl.py:2019: RuntimeWarning: Degrees of freedom <= 0 for slice.
  var = nanvar(a, axis=axis, dtype=dtype, out=out, ddof=ddof,
/oscar/data/deeps/private/bfoxkemp/jnickla1/Thorne_15_codefigurestats/Methods/43_Forcing_Based/1_ERF_FaIR/FaIR_all_unB_method.py:90: RuntimeWarning: Mean of empty slice
  return np.nanmean(samp_cur[year_idx-1850, :], axis = 1)
/oscar/data/deeps/private/bfoxkemp/jnickla1/Thorne_15_codefigurestats/Methods/43_Forcing_Based/1_ERF_FaIR/FaIR_anthro_method.py:67: RuntimeWarning: Mean of empty slice
  return np.nanmean(samp_cur[year_idx-1850, :], axis = 1)
/oscar/data/deeps/private/bfoxkemp/jnickla1/Thorne_15_codefigurestats/Methods/43_Forcing_Based/1_ERF_FaIR/FaIR_anthro_method.py:67: RuntimeWarning: Mean of empty slice
  return np.nanmean(samp_cur[year_idx-1850, :], axis = 1)
/oscar/data/deeps/private/bfoxkemp/jnickla1/Thorne_15_codefigurestats/Methods/43_Forcing_Based/1_ERF_FaIR/FaIR_anthro_unB_method.py:89: RuntimeWarning: Mean of empty slice
  return np.nanmean(samp_cur[year_idx-1850, :], axis = 1)
/oscar/data/deeps/private/bfoxkemp/jnickla1/Thorne_15_codefigurestats/Methods/43_Forcing_Based/1_ERF_FaIR/FaIR_anthro_unB_method.py:89: RuntimeWarning: Mean of empty slice
  return np.nanmean(samp_cur[year_idx-1850, :], axis = 1)
/oscar/data/deeps/private/bfoxkemp/jnickla1/Thorne_15_codefigurestats/Methods/43_Forcing_Based/1_ERF_FaIR/FaIR_nonat_method.py:68: RuntimeWarning: Mean of empty slice
  return np.nanmean(samp_cur[year_idx-1850, :], axis = 1)
/oscar/data/deeps/private/bfoxkemp/jnickla1/Thorne_15_codefigurestats/Methods/43_Forcing_Based/1_ERF_FaIR/FaIR_nonat_unB_method.py:92: RuntimeWarning: Mean of empty slice
  return np.nanmean(samp_cur[year_idx-1850, :], axis = 1)
/oscar/data/deeps/private/bfoxkemp/jnickla1/Thorne_15_codefigurestats/Methods/43_Forcing_Based/1_ERF_FaIR/FaIR_comb_unB_method.py:153: RuntimeWarning: Mean of empty slice
  return np.nanmean(samp_cur[year_idx-1850, :], axis = 1)
/oscar/data/deeps/private/bfoxkemp/jnickla1/Thorne_15_codefigurestats/Methods/43_Forcing_Based/1_ERF_FaIR/FaIR_all_method.py:68: RuntimeWarning: Mean of empty slice
  return np.nanmean(samp_cur[year_idx-1850, :], axis = 1)
/oscar/data/deeps/private/bfoxkemp/jnickla1/Thorne_15_codefigurestats/Methods/43_Forcing_Based/1_ERF_FaIR/FaIR_all_unB_method.py:90: RuntimeWarning: Mean of empty slice
  return np.nanmean(samp_cur[year_idx-1850, :], axis = 1)
/oscar/data/deeps/private/bfoxkemp/jnickla1/Thorne_15_codefigurestats/Methods/43_Forcing_Based/1_ERF_FaIR/FaIR_comb_unB_method.py:153: RuntimeWarning: Mean of empty slice
  return np.nanmean(samp_cur[year_idx-1850, :], axis = 1)
/oscar/data/deeps/private/bfoxkemp/jnickla1/Thorne_15_codefigurestats/Methods/43_Forcing_Based/1_ERF_FaIR/FaIR_nonat_method.py:68: RuntimeWarning: Mean of empty slice
  return np.nanmean(samp_cur[year_idx-1850, :], axis = 1)
/oscar/data/deeps/private/bfoxkemp/jnickla1/Thorne_15_codefigurestats/Methods/43_Forcing_Based/1_ERF_FaIR/FaIR_nonat_unB_method.py:92: RuntimeWarning: Mean of empty slice
  return np.nanmean(samp_cur[year_idx-1850, :], axis = 1)
/oscar/data/deeps/private/bfoxkemp/jnickla1/Thorne_15_codefigurestats/Methods/43_Forcing_Based/1_ERF_FaIR/FaIR_anthro_method.py:67: RuntimeWarning: Mean of empty slice
  return np.nanmean(samp_cur[year_idx-1850, :], axis = 1)
/oscar/data/deeps/private/bfoxkemp/jnickla1/Thorne_15_codefigurestats/Methods/43_Forcing_Based/1_ERF_FaIR/FaIR_anthro_unB_method.py:89: RuntimeWarning: Mean of empty slice
  return np.nanmean(samp_cur[year_idx-1850, :], axis = 1)
/oscar/data/deeps/private/bfoxkemp/jnickla1/Thorne_15_codefigurestats/Methods/43_Forcing_Based/1_ERF_FaIR/FaIR_nonat_method.py:68: RuntimeWarning: Mean of empty slice
  return np.nanmean(samp_cur[year_idx-1850, :], axis = 1)
/oscar/data/deeps/private/bfoxkemp/jnickla1/Thorne_15_codefigurestats/Methods/43_Forcing_Based/1_ERF_FaIR/FaIR_nonat_unB_method.py:92: RuntimeWarning: Mean of empty slice
  return np.nanmean(samp_cur[year_idx-1850, :], axis = 1)
/oscar/data/deeps/private/bfoxkemp/jnickla1/Thorne_15_codefigurestats/Methods/43_Forcing_Based/1_ERF_FaIR/FaIR_all_method.py:68: RuntimeWarning: Mean of empty slice
  return np.nanmean(samp_cur[year_idx-1850, :], axis = 1)
/oscar/data/deeps/private/bfoxkemp/jnickla1/Thorne_15_codefigurestats/Methods/43_Forcing_Based/1_ERF_FaIR/FaIR_all_unB_method.py:90: RuntimeWarning: Mean of empty slice
  return np.nanmean(samp_cur[year_idx-1850, :], axis = 1)
/oscar/data/deeps/private/bfoxkemp/jnickla1/Thorne_15_codefigurestats/Methods/43_Forcing_Based/1_ERF_FaIR/FaIR_comb_unB_method.py:153: RuntimeWarning: Mean of empty slice
  return np.nanmean(samp_cur[year_idx-1850, :], axis = 1)
/oscar/data/deeps/private/bfoxkemp/jnickla1/Thorne_15_codefigurestats/Methods/43_Forcing_Based/1_ERF_FaIR/FaIR_anthro_method.py:67: RuntimeWarning: Mean of empty slice
  return np.nanmean(samp_cur[year_idx-1850, :], axis = 1)
/users/jnickla1/.conda/envs/cleanpy/lib/python3.13/site-packages/numpy/lib/_nanfunctions_impl.py:2019: RuntimeWarning: Degrees of freedom <= 0 for slice.
  var = nanvar(a, axis=axis, dtype=dtype, out=out, ddof=ddof,
/oscar/data/deeps/private/bfoxkemp/jnickla1/Thorne_15_codefigurestats/Methods/43_Forcing_Based/1_ERF_FaIR/FaIR_anthro_method.py:95: RuntimeWarning: Mean of empty slice
  cdist = np.nanmean(dist)
/oscar/data/deeps/private/bfoxkemp/jnickla1/Thorne_15_codefigurestats/Methods/43_Forcing_Based/1_ERF_FaIR/FaIR_anthro_method.py:67: RuntimeWarning: Mean of empty slice
  return np.nanmean(samp_cur[year_idx-1850, :], axis = 1)
/users/jnickla1/.conda/envs/cleanpy/lib/python3.13/site-packages/numpy/lib/_nanfunctions_impl.py:2019: RuntimeWarning: Degrees of freedom <= 0 for slice.
  var = nanvar(a, axis=axis, dtype=dtype, out=out, ddof=ddof,
/oscar/data/deeps/private/bfoxkemp/jnickla1/Thorne_15_codefigurestats/Methods/43_Forcing_Based/1_ERF_FaIR/FaIR_anthro_method.py:95: RuntimeWarning: Mean of empty slice
  cdist = np.nanmean(dist)
/oscar/data/deeps/private/bfoxkemp/jnickla1/Thorne_15_codefigurestats/Methods/43_Forcing_Based/1_ERF_FaIR/FaIR_all_method.py:53: RuntimeWarning: Mean of empty slice
  samp_mean =  np.nanmean(samp_cur, axis = 1)
/oscar/data/deeps/private/bfoxkemp/jnickla1/Thorne_15_codefigurestats/Methods/43_Forcing_Based/1_ERF_FaIR/FaIR_all_method.py:53: RuntimeWarning: Mean of empty slice
  samp_mean =  np.nanmean(samp_cur, axis = 1)
/oscar/data/deeps/private/bfoxkemp/jnickla1/Thorne_15_codefigurestats/Methods/43_Forcing_Based/1_ERF_FaIR/FaIR_all_method.py:53: RuntimeWarning: Mean of empty slice
  samp_mean =  np.nanmean(samp_cur, axis = 1)
/oscar/data/deeps/private/bfoxkemp/jnickla1/Thorne_15_codefigurestats/Methods/43_Forcing_Based/1_ERF_FaIR/FaIR_all_unB_method.py:70: RuntimeWarning: Mean of empty slice
  samp_mean =  np.nanmean(samp_cur, axis = 1)
/oscar/data/deeps/private/bfoxkemp/jnickla1/Thorne_15_codefigurestats/Methods/43_Forcing_Based/1_ERF_FaIR/FaIR_all_unB_method.py:70: RuntimeWarning: Mean of empty slice
  samp_mean =  np.nanmean(samp_cur, axis = 1)
/oscar/data/deeps/private/bfoxkemp/jnickla1/Thorne_15_codefigurestats/Methods/43_Forcing_Based/1_ERF_FaIR/FaIR_all_unB_method.py:70: RuntimeWarning: Mean of empty slice
  samp_mean =  np.nanmean(samp_cur, axis = 1)
/oscar/data/deeps/private/bfoxkemp/jnickla1/Thorne_15_codefigurestats/Methods/43_Forcing_Based/1_ERF_FaIR/FaIR_anthro_method.py:53: RuntimeWarning: Mean of empty slice
  samp_mean =  np.nanmean(samp_cur, axis = 1)
/oscar/data/deeps/private/bfoxkemp/jnickla1/Thorne_15_codefigurestats/Methods/43_Forcing_Based/1_ERF_FaIR/FaIR_anthro_method.py:53: RuntimeWarning: Mean of empty slice
  samp_mean =  np.nanmean(samp_cur, axis = 1)
/oscar/data/deeps/private/bfoxkemp/jnickla1/Thorne_15_codefigurestats/Methods/43_Forcing_Based/1_ERF_FaIR/FaIR_anthro_unB_method.py:70: RuntimeWarning: Mean of empty slice
  samp_mean =  np.nanmean(samp_cur, axis = 1)
/oscar/data/deeps/private/bfoxkemp/jnickla1/Thorne_15_codefigurestats/Methods/43_Forcing_Based/1_ERF_FaIR/FaIR_anthro_method.py:53: RuntimeWarning: Mean of empty slice
  samp_mean =  np.nanmean(samp_cur, axis = 1)
/oscar/data/deeps/private/bfoxkemp/jnickla1/Thorne_15_codefigurestats/Methods/43_Forcing_Based/1_ERF_FaIR/FaIR_anthro_unB_method.py:70: RuntimeWarning: Mean of empty slice
  samp_mean =  np.nanmean(samp_cur, axis = 1)
/oscar/data/deeps/private/bfoxkemp/jnickla1/Thorne_15_codefigurestats/Methods/43_Forcing_Based/1_ERF_FaIR/FaIR_anthro_unB_method.py:70: RuntimeWarning: Mean of empty slice
  samp_mean =  np.nanmean(samp_cur, axis = 1)
/oscar/data/deeps/private/bfoxkemp/jnickla1/Thorne_15_codefigurestats/Methods/43_Forcing_Based/1_ERF_FaIR/FaIR_comb_unB_method.py:70: RuntimeWarning: Mean of empty slice
  samp_mean =  np.nanmean(samp_cur, axis = 1)
/oscar/data/deeps/private/bfoxkemp/jnickla1/Thorne_15_codefigurestats/Methods/43_Forcing_Based/1_ERF_FaIR/FaIR_comb_unB_method.py:70: RuntimeWarning: Mean of empty slice
  samp_mean =  np.nanmean(samp_cur, axis = 1)
/oscar/data/deeps/private/bfoxkemp/jnickla1/Thorne_15_codefigurestats/Methods/43_Forcing_Based/1_ERF_FaIR/FaIR_comb_unB_method.py:127: RuntimeWarning: Mean of empty slice
  samp_meanAll =  np.nanmean(samp_curAll, axis = 1)
/oscar/data/deeps/private/bfoxkemp/jnickla1/Thorne_15_codefigurestats/Methods/43_Forcing_Based/1_ERF_FaIR/FaIR_comb_unB_method.py:127: RuntimeWarning: Mean of empty slice
  samp_meanAll =  np.nanmean(samp_curAll, axis = 1)
/oscar/data/deeps/private/bfoxkemp/jnickla1/Thorne_15_codefigurestats/Methods/43_Forcing_Based/1_ERF_FaIR/FaIR_anthro_unB_method.py:89: RuntimeWarning: Mean of empty slice
  return np.nanmean(samp_cur[year_idx-1850, :], axis = 1)
/users/jnickla1/.conda/envs/cleanpy/lib/python3.13/site-packages/numpy/lib/_nanfunctions_impl.py:2019: RuntimeWarning: Degrees of freedom <= 0 for slice.
  var = nanvar(a, axis=axis, dtype=dtype, out=out, ddof=ddof,
/oscar/data/deeps/private/bfoxkemp/jnickla1/Thorne_15_codefigurestats/Methods/43_Forcing_Based/1_ERF_FaIR/FaIR_anthro_unB_method.py:117: RuntimeWarning: Mean of empty slice
  cdist = np.nanmean(dist)
/oscar/data/deeps/private/bfoxkemp/jnickla1/Thorne_15_codefigurestats/Methods/43_Forcing_Based/1_ERF_FaIR/FaIR_comb_unB_method.py:70: RuntimeWarning: Mean of empty slice
  samp_mean =  np.nanmean(samp_cur, axis = 1)
/oscar/data/deeps/private/bfoxkemp/jnickla1/Thorne_15_codefigurestats/Methods/43_Forcing_Based/1_ERF_FaIR/FaIR_nonat_method.py:53: RuntimeWarning: Mean of empty slice
  samp_mean =  np.nanmean(samp_cur, axis = 1)
/oscar/data/deeps/private/bfoxkemp/jnickla1/Thorne_15_codefigurestats/Methods/43_Forcing_Based/1_ERF_FaIR/FaIR_comb_unB_method.py:127: RuntimeWarning: Mean of empty slice
  samp_meanAll =  np.nanmean(samp_curAll, axis = 1)
/oscar/data/deeps/private/bfoxkemp/jnickla1/Thorne_15_codefigurestats/Methods/43_Forcing_Based/1_ERF_FaIR/FaIR_nonat_method.py:53: RuntimeWarning: Mean of empty slice
  samp_mean =  np.nanmean(samp_cur, axis = 1)
/oscar/data/deeps/private/bfoxkemp/jnickla1/Thorne_15_codefigurestats/Methods/43_Forcing_Based/1_ERF_FaIR/FaIR_anthro_unB_method.py:89: RuntimeWarning: Mean of empty slice
  return np.nanmean(samp_cur[year_idx-1850, :], axis = 1)
/oscar/data/deeps/private/bfoxkemp/jnickla1/Thorne_15_codefigurestats/Methods/43_Forcing_Based/1_ERF_FaIR/FaIR_nonat_unB_method.py:72: RuntimeWarning: Mean of empty slice
  samp_mean =  np.nanmean(samp_cur, axis = 1)
/users/jnickla1/.conda/envs/cleanpy/lib/python3.13/site-packages/numpy/lib/_nanfunctions_impl.py:2019: RuntimeWarning: Degrees of freedom <= 0 for slice.
  var = nanvar(a, axis=axis, dtype=dtype, out=out, ddof=ddof,
/oscar/data/deeps/private/bfoxkemp/jnickla1/Thorne_15_codefigurestats/Methods/43_Forcing_Based/1_ERF_FaIR/FaIR_anthro_unB_method.py:117: RuntimeWarning: Mean of empty slice
  cdist = np.nanmean(dist)
/oscar/data/deeps/private/bfoxkemp/jnickla1/Thorne_15_codefigurestats/Methods/43_Forcing_Based/1_ERF_FaIR/FaIR_nonat_unB_method.py:72: RuntimeWarning: Mean of empty slice
  samp_mean =  np.nanmean(samp_cur, axis = 1)
/oscar/data/deeps/private/bfoxkemp/jnickla1/Thorne_15_codefigurestats/Methods/43_Forcing_Based/1_ERF_FaIR/FaIR_nonat_method.py:53: RuntimeWarning: Mean of empty slice
  samp_mean =  np.nanmean(samp_cur, axis = 1)
/oscar/data/deeps/private/bfoxkemp/jnickla1/Thorne_15_codefigurestats/Methods/43_Forcing_Based/1_ERF_FaIR/FaIR_all_method.py:68: RuntimeWarning: Mean of empty slice
  return np.nanmean(samp_cur[year_idx-1850, :], axis = 1)
/users/jnickla1/.conda/envs/cleanpy/lib/python3.13/site-packages/numpy/lib/_nanfunctions_impl.py:2019: RuntimeWarning: Degrees of freedom <= 0 for slice.
  var = nanvar(a, axis=axis, dtype=dtype, out=out, ddof=ddof,
/oscar/data/deeps/private/bfoxkemp/jnickla1/Thorne_15_codefigurestats/Methods/43_Forcing_Based/1_ERF_FaIR/FaIR_all_unB_method.py:90: RuntimeWarning: Mean of empty slice
  return np.nanmean(samp_cur[year_idx-1850, :], axis = 1)
/oscar/data/deeps/private/bfoxkemp/jnickla1/Thorne_15_codefigurestats/Methods/43_Forcing_Based/1_ERF_FaIR/FaIR_anthro_method.py:67: RuntimeWarning: Mean of empty slice
  return np.nanmean(samp_cur[year_idx-1850, :], axis = 1)
/oscar/data/deeps/private/bfoxkemp/jnickla1/Thorne_15_codefigurestats/Methods/43_Forcing_Based/1_ERF_FaIR/FaIR_all_method.py:68: RuntimeWarning: Mean of empty slice
  return np.nanmean(samp_cur[year_idx-1850, :], axis = 1)
/oscar/data/deeps/private/bfoxkemp/jnickla1/Thorne_15_codefigurestats/Methods/43_Forcing_Based/1_ERF_FaIR/FaIR_anthro_unB_method.py:89: RuntimeWarning: Mean of empty slice
  return np.nanmean(samp_cur[year_idx-1850, :], axis = 1)
/users/jnickla1/.conda/envs/cleanpy/lib/python3.13/site-packages/numpy/lib/_nanfunctions_impl.py:2019: RuntimeWarning: Degrees of freedom <= 0 for slice.
  var = nanvar(a, axis=axis, dtype=dtype, out=out, ddof=ddof,
/oscar/data/deeps/private/bfoxkemp/jnickla1/Thorne_15_codefigurestats/Methods/43_Forcing_Based/1_ERF_FaIR/FaIR_all_unB_method.py:90: RuntimeWarning: Mean of empty slice
  return np.nanmean(samp_cur[year_idx-1850, :], axis = 1)
/oscar/data/deeps/private/bfoxkemp/jnickla1/Thorne_15_codefigurestats/Methods/43_Forcing_Based/1_ERF_FaIR/FaIR_comb_unB_method.py:153: RuntimeWarning: Mean of empty slice
  return np.nanmean(samp_cur[year_idx-1850, :], axis = 1)
/oscar/data/deeps/private/bfoxkemp/jnickla1/Thorne_15_codefigurestats/Methods/43_Forcing_Based/1_ERF_FaIR/FaIR_nonat_unB_method.py:72: RuntimeWarning: Mean of empty slice
  samp_mean =  np.nanmean(samp_cur, axis = 1)
/oscar/data/deeps/private/bfoxkemp/jnickla1/Thorne_15_codefigurestats/Methods/43_Forcing_Based/1_ERF_FaIR/FaIR_anthro_method.py:67: RuntimeWarning: Mean of empty slice
  return np.nanmean(samp_cur[year_idx-1850, :], axis = 1)
/oscar/data/deeps/private/bfoxkemp/jnickla1/Thorne_15_codefigurestats/Methods/43_Forcing_Based/1_ERF_FaIR/FaIR_nonat_method.py:68: RuntimeWarning: Mean of empty slice
  return np.nanmean(samp_cur[year_idx-1850, :], axis = 1)
/oscar/data/deeps/private/bfoxkemp/jnickla1/Thorne_15_codefigurestats/Methods/43_Forcing_Based/1_ERF_FaIR/FaIR_nonat_unB_method.py:92: RuntimeWarning: Mean of empty slice
  return np.nanmean(samp_cur[year_idx-1850, :], axis = 1)
/oscar/data/deeps/private/bfoxkemp/jnickla1/Thorne_15_codefigurestats/Methods/43_Forcing_Based/1_ERF_FaIR/FaIR_anthro_unB_method.py:89: RuntimeWarning: Mean of empty slice
  return np.nanmean(samp_cur[year_idx-1850, :], axis = 1)
/oscar/data/deeps/private/bfoxkemp/jnickla1/Thorne_15_codefigurestats/Methods/43_Forcing_Based/1_ERF_FaIR/FaIR_comb_unB_method.py:153: RuntimeWarning: Mean of empty slice
  return np.nanmean(samp_cur[year_idx-1850, :], axis = 1)
/oscar/data/deeps/private/bfoxkemp/jnickla1/Thorne_15_codefigurestats/Methods/43_Forcing_Based/1_ERF_FaIR/FaIR_nonat_method.py:68: RuntimeWarning: Mean of empty slice
  return np.nanmean(samp_cur[year_idx-1850, :], axis = 1)
/oscar/data/deeps/private/bfoxkemp/jnickla1/Thorne_15_codefigurestats/Methods/43_Forcing_Based/1_ERF_FaIR/FaIR_anthro_method.py:67: RuntimeWarning: Mean of empty slice
  return np.nanmean(samp_cur[year_idx-1850, :], axis = 1)
/oscar/data/deeps/private/bfoxkemp/jnickla1/Thorne_15_codefigurestats/Methods/43_Forcing_Based/1_ERF_FaIR/FaIR_all_method.py:68: RuntimeWarning: Mean of empty slice
  return np.nanmean(samp_cur[year_idx-1850, :], axis = 1)
/oscar/data/deeps/private/bfoxkemp/jnickla1/Thorne_15_codefigurestats/Methods/43_Forcing_Based/1_ERF_FaIR/FaIR_nonat_unB_method.py:92: RuntimeWarning: Mean of empty slice
  return np.nanmean(samp_cur[year_idx-1850, :], axis = 1)
/users/jnickla1/.conda/envs/cleanpy/lib/python3.13/site-packages/numpy/lib/_nanfunctions_impl.py:2019: RuntimeWarning: Degrees of freedom <= 0 for slice.
  var = nanvar(a, axis=axis, dtype=dtype, out=out, ddof=ddof,
/oscar/data/deeps/private/bfoxkemp/jnickla1/Thorne_15_codefigurestats/Methods/43_Forcing_Based/1_ERF_FaIR/FaIR_all_unB_method.py:90: RuntimeWarning: Mean of empty slice
  return np.nanmean(samp_cur[year_idx-1850, :], axis = 1)
/oscar/data/deeps/private/bfoxkemp/jnickla1/Thorne_15_codefigurestats/Methods/43_Forcing_Based/1_ERF_FaIR/FaIR_anthro_unB_method.py:89: RuntimeWarning: Mean of empty slice
  return np.nanmean(samp_cur[year_idx-1850, :], axis = 1)
/oscar/data/deeps/private/bfoxkemp/jnickla1/Thorne_15_codefigurestats/Methods/43_Forcing_Based/1_ERF_FaIR/FaIR_nonat_method.py:68: RuntimeWarning: Mean of empty slice
  return np.nanmean(samp_cur[year_idx-1850, :], axis = 1)
/oscar/data/deeps/private/bfoxkemp/jnickla1/Thorne_15_codefigurestats/Methods/43_Forcing_Based/1_ERF_FaIR/FaIR_nonat_unB_method.py:92: RuntimeWarning: Mean of empty slice
  return np.nanmean(samp_cur[year_idx-1850, :], axis = 1)
/oscar/data/deeps/private/bfoxkemp/jnickla1/Thorne_15_codefigurestats/Methods/43_Forcing_Based/1_ERF_FaIR/FaIR_all_method.py:68: RuntimeWarning: Mean of empty slice
  return np.nanmean(samp_cur[year_idx-1850, :], axis = 1)
/oscar/data/deeps/private/bfoxkemp/jnickla1/Thorne_15_codefigurestats/Methods/43_Forcing_Based/1_ERF_FaIR/FaIR_all_unB_method.py:90: RuntimeWarning: Mean of empty slice
  return np.nanmean(samp_cur[year_idx-1850, :], axis = 1)
/oscar/data/deeps/private/bfoxkemp/jnickla1/Thorne_15_codefigurestats/Methods/43_Forcing_Based/1_ERF_FaIR/FaIR_comb_unB_method.py:153: RuntimeWarning: Mean of empty slice
  return np.nanmean(samp_cur[year_idx-1850, :], axis = 1)
/oscar/data/deeps/private/bfoxkemp/jnickla1/Thorne_15_codefigurestats/Methods/43_Forcing_Based/1_ERF_FaIR/FaIR_anthro_method.py:67: RuntimeWarning: Mean of empty slice
  return np.nanmean(samp_cur[year_idx-1850, :], axis = 1)
/oscar/data/deeps/private/bfoxkemp/jnickla1/Thorne_15_codefigurestats/Methods/43_Forcing_Based/1_ERF_FaIR/FaIR_anthro_method.py:67: RuntimeWarning: Mean of empty slice
  return np.nanmean(samp_cur[year_idx-1850, :], axis = 1)
/oscar/data/deeps/private/bfoxkemp/jnickla1/Thorne_15_codefigurestats/Methods/43_Forcing_Based/1_ERF_FaIR/FaIR_anthro_unB_method.py:89: RuntimeWarning: Mean of empty slice
  return np.nanmean(samp_cur[year_idx-1850, :], axis = 1)
/oscar/data/deeps/private/bfoxkemp/jnickla1/Thorne_15_codefigurestats/Methods/43_Forcing_Based/1_ERF_FaIR/FaIR_anthro_unB_method.py:89: RuntimeWarning: Mean of empty slice
  return np.nanmean(samp_cur[year_idx-1850, :], axis = 1)
/oscar/data/deeps/private/bfoxkemp/jnickla1/Thorne_15_codefigurestats/Methods/43_Forcing_Based/1_ERF_FaIR/FaIR_nonat_method.py:68: RuntimeWarning: Mean of empty slice
  return np.nanmean(samp_cur[year_idx-1850, :], axis = 1)
/oscar/data/deeps/private/bfoxkemp/jnickla1/Thorne_15_codefigurestats/Methods/43_Forcing_Based/1_ERF_FaIR/FaIR_nonat_unB_method.py:92: RuntimeWarning: Mean of empty slice
  return np.nanmean(samp_cur[year_idx-1850, :], axis = 1)
/oscar/data/deeps/private/bfoxkemp/jnickla1/Thorne_15_codefigurestats/Methods/43_Forcing_Based/1_ERF_FaIR/FaIR_comb_unB_method.py:153: RuntimeWarning: Mean of empty slice
  return np.nanmean(samp_cur[year_idx-1850, :], axis = 1)
/oscar/data/deeps/private/bfoxkemp/jnickla1/Thorne_15_codefigurestats/Methods/43_Forcing_Based/1_ERF_FaIR/FaIR_all_method.py:68: RuntimeWarning: Mean of empty slice
  return np.nanmean(samp_cur[year_idx-1850, :], axis = 1)
/oscar/data/deeps/private/bfoxkemp/jnickla1/Thorne_15_codefigurestats/Methods/43_Forcing_Based/1_ERF_FaIR/FaIR_all_unB_method.py:90: RuntimeWarning: Mean of empty slice
  return np.nanmean(samp_cur[year_idx-1850, :], axis = 1)
/oscar/data/deeps/private/bfoxkemp/jnickla1/Thorne_15_codefigurestats/Methods/43_Forcing_Based/1_ERF_FaIR/FaIR_comb_unB_method.py:153: RuntimeWarning: Mean of empty slice
  return np.nanmean(samp_cur[year_idx-1850, :], axis = 1)
/oscar/data/deeps/private/bfoxkemp/jnickla1/Thorne_15_codefigurestats/Methods/43_Forcing_Based/1_ERF_FaIR/FaIR_nonat_method.py:68: RuntimeWarning: Mean of empty slice
  return np.nanmean(samp_cur[year_idx-1850, :], axis = 1)
/oscar/data/deeps/private/bfoxkemp/jnickla1/Thorne_15_codefigurestats/Methods/43_Forcing_Based/1_ERF_FaIR/FaIR_nonat_unB_method.py:92: RuntimeWarning: Mean of empty slice
  return np.nanmean(samp_cur[year_idx-1850, :], axis = 1)
/oscar/data/deeps/private/bfoxkemp/jnickla1/Thorne_15_codefigurestats/Methods/43_Forcing_Based/1_ERF_FaIR/FaIR_anthro_method.py:67: RuntimeWarning: Mean of empty slice
  return np.nanmean(samp_cur[year_idx-1850, :], axis = 1)
/oscar/data/deeps/private/bfoxkemp/jnickla1/Thorne_15_codefigurestats/Methods/43_Forcing_Based/1_ERF_FaIR/FaIR_anthro_unB_method.py:89: RuntimeWarning: Mean of empty slice
  return np.nanmean(samp_cur[year_idx-1850, :], axis = 1)
/oscar/data/deeps/private/bfoxkemp/jnickla1/Thorne_15_codefigurestats/Methods/43_Forcing_Based/1_ERF_FaIR/FaIR_nonat_method.py:68: RuntimeWarning: Mean of empty slice
  return np.nanmean(samp_cur[year_idx-1850, :], axis = 1)
/oscar/data/deeps/private/bfoxkemp/jnickla1/Thorne_15_codefigurestats/Methods/43_Forcing_Based/1_ERF_FaIR/FaIR_nonat_unB_method.py:92: RuntimeWarning: Mean of empty slice
  return np.nanmean(samp_cur[year_idx-1850, :], axis = 1)
/oscar/data/deeps/private/bfoxkemp/jnickla1/Thorne_15_codefigurestats/Methods/43_Forcing_Based/1_ERF_FaIR/FaIR_all_method.py:68: RuntimeWarning: Mean of empty slice
  return np.nanmean(samp_cur[year_idx-1850, :], axis = 1)
/oscar/data/deeps/private/bfoxkemp/jnickla1/Thorne_15_codefigurestats/Methods/43_Forcing_Based/1_ERF_FaIR/FaIR_all_unB_method.py:90: RuntimeWarning: Mean of empty slice
  return np.nanmean(samp_cur[year_idx-1850, :], axis = 1)
/oscar/data/deeps/private/bfoxkemp/jnickla1/Thorne_15_codefigurestats/Methods/43_Forcing_Based/1_ERF_FaIR/FaIR_comb_unB_method.py:153: RuntimeWarning: Mean of empty slice
  return np.nanmean(samp_cur[year_idx-1850, :], axis = 1)
/oscar/data/deeps/private/bfoxkemp/jnickla1/Thorne_15_codefigurestats/Methods/43_Forcing_Based/1_ERF_FaIR/FaIR_anthro_method.py:67: RuntimeWarning: Mean of empty slice
  return np.nanmean(samp_cur[year_idx-1850, :], axis = 1)
/users/jnickla1/.conda/envs/cleanpy/lib/python3.13/site-packages/numpy/lib/_nanfunctions_impl.py:2019: RuntimeWarning: Degrees of freedom <= 0 for slice.
  var = nanvar(a, axis=axis, dtype=dtype, out=out, ddof=ddof,
/oscar/data/deeps/private/bfoxkemp/jnickla1/Thorne_15_codefigurestats/Methods/43_Forcing_Based/1_ERF_FaIR/FaIR_anthro_method.py:95: RuntimeWarning: Mean of empty slice
  cdist = np.nanmean(dist)
/oscar/data/deeps/private/bfoxkemp/jnickla1/Thorne_15_codefigurestats/Methods/43_Forcing_Based/1_ERF_FaIR/FaIR_anthro_method.py:67: RuntimeWarning: Mean of empty slice
  return np.nanmean(samp_cur[year_idx-1850, :], axis = 1)
/users/jnickla1/.conda/envs/cleanpy/lib/python3.13/site-packages/numpy/lib/_nanfunctions_impl.py:2019: RuntimeWarning: Degrees of freedom <= 0 for slice.
  var = nanvar(a, axis=axis, dtype=dtype, out=out, ddof=ddof,
/oscar/data/deeps/private/bfoxkemp/jnickla1/Thorne_15_codefigurestats/Methods/43_Forcing_Based/1_ERF_FaIR/FaIR_anthro_method.py:95: RuntimeWarning: Mean of empty slice
  cdist = np.nanmean(dist)
/oscar/data/deeps/private/bfoxkemp/jnickla1/Thorne_15_codefigurestats/Methods/43_Forcing_Based/1_ERF_FaIR/FaIR_anthro_method.py:67: RuntimeWarning: Mean of empty slice
  return np.nanmean(samp_cur[year_idx-1850, :], axis = 1)
/users/jnickla1/.conda/envs/cleanpy/lib/python3.13/site-packages/numpy/lib/_nanfunctions_impl.py:2019: RuntimeWarning: Degrees of freedom <= 0 for slice.
  var = nanvar(a, axis=axis, dtype=dtype, out=out, ddof=ddof,
/oscar/data/deeps/private/bfoxkemp/jnickla1/Thorne_15_codefigurestats/Methods/43_Forcing_Based/1_ERF_FaIR/FaIR_anthro_method.py:95: RuntimeWarning: Mean of empty slice
  cdist = np.nanmean(dist)
/oscar/data/deeps/private/bfoxkemp/jnickla1/Thorne_15_codefigurestats/Methods/43_Forcing_Based/1_ERF_FaIR/FaIR_nonat_method.py:68: RuntimeWarning: Mean of empty slice
  return np.nanmean(samp_cur[year_idx-1850, :], axis = 1)
/users/jnickla1/.conda/envs/cleanpy/lib/python3.13/site-packages/numpy/lib/_nanfunctions_impl.py:2019: RuntimeWarning: Degrees of freedom <= 0 for slice.
  var = nanvar(a, axis=axis, dtype=dtype, out=out, ddof=ddof,
/oscar/data/deeps/private/bfoxkemp/jnickla1/Thorne_15_codefigurestats/Methods/43_Forcing_Based/1_ERF_FaIR/FaIR_nonat_method.py:96: RuntimeWarning: Mean of empty slice
  cdist = np.nanmean(dist)
/oscar/data/deeps/private/bfoxkemp/jnickla1/Thorne_15_codefigurestats/Methods/43_Forcing_Based/1_ERF_FaIR/FaIR_nonat_method.py:68: RuntimeWarning: Mean of empty slice
  return np.nanmean(samp_cur[year_idx-1850, :], axis = 1)
/users/jnickla1/.conda/envs/cleanpy/lib/python3.13/site-packages/numpy/lib/_nanfunctions_impl.py:2019: RuntimeWarning: Degrees of freedom <= 0 for slice.
  var = nanvar(a, axis=axis, dtype=dtype, out=out, ddof=ddof,
/oscar/data/deeps/private/bfoxkemp/jnickla1/Thorne_15_codefigurestats/Methods/43_Forcing_Based/1_ERF_FaIR/FaIR_nonat_method.py:96: RuntimeWarning: Mean of empty slice
  cdist = np.nanmean(dist)
/oscar/data/deeps/private/bfoxkemp/jnickla1/Thorne_15_codefigurestats/Methods/43_Forcing_Based/1_ERF_FaIR/FaIR_anthro_unB_method.py:89: RuntimeWarning: Mean of empty slice
  return np.nanmean(samp_cur[year_idx-1850, :], axis = 1)
/users/jnickla1/.conda/envs/cleanpy/lib/python3.13/site-packages/numpy/lib/_nanfunctions_impl.py:2019: RuntimeWarning: Degrees of freedom <= 0 for slice.
  var = nanvar(a, axis=axis, dtype=dtype, out=out, ddof=ddof,
/oscar/data/deeps/private/bfoxkemp/jnickla1/Thorne_15_codefigurestats/Methods/43_Forcing_Based/1_ERF_FaIR/FaIR_anthro_unB_method.py:117: RuntimeWarning: Mean of empty slice
  cdist = np.nanmean(dist)
/oscar/data/deeps/private/bfoxkemp/jnickla1/Thorne_15_codefigurestats/Methods/43_Forcing_Based/1_ERF_FaIR/FaIR_anthro_unB_method.py:89: RuntimeWarning: Mean of empty slice
  return np.nanmean(samp_cur[year_idx-1850, :], axis = 1)
/users/jnickla1/.conda/envs/cleanpy/lib/python3.13/site-packages/numpy/lib/_nanfunctions_impl.py:2019: RuntimeWarning: Degrees of freedom <= 0 for slice.
  var = nanvar(a, axis=axis, dtype=dtype, out=out, ddof=ddof,
/oscar/data/deeps/private/bfoxkemp/jnickla1/Thorne_15_codefigurestats/Methods/43_Forcing_Based/1_ERF_FaIR/FaIR_anthro_unB_method.py:117: RuntimeWarning: Mean of empty slice
  cdist = np.nanmean(dist)
/oscar/data/deeps/private/bfoxkemp/jnickla1/Thorne_15_codefigurestats/fut_evaluation_script.py:427: RuntimeWarning: Mean of empty slice
  evalmean = np.nanmean(diffcross) #if crossing multiple times take the mean
/oscar/data/deeps/private/bfoxkemp/jnickla1/Thorne_15_codefigurestats/fut_evaluation_script.py:464: RuntimeWarning: Mean of empty slice
  evalmean = np.nanmean(diffcrossE) #if crossing multiple times take the mean
/oscar/data/deeps/private/bfoxkemp/jnickla1/Thorne_15_codefigurestats/Methods/43_Forcing_Based/1_ERF_FaIR/FaIR_nonat_unB_method.py:92: RuntimeWarning: Mean of empty slice
  return np.nanmean(samp_cur[year_idx-1850, :], axis = 1)
/users/jnickla1/.conda/envs/cleanpy/lib/python3.13/site-packages/numpy/lib/_nanfunctions_impl.py:2019: RuntimeWarning: Degrees of freedom <= 0 for slice.
  var = nanvar(a, axis=axis, dtype=dtype, out=out, ddof=ddof,
/oscar/data/deeps/private/bfoxkemp/jnickla1/Thorne_15_codefigurestats/Methods/43_Forcing_Based/1_ERF_FaIR/FaIR_nonat_unB_method.py:120: RuntimeWarning: Mean of empty slice
  cdist = np.nanmean(dist)
/oscar/data/deeps/private/bfoxkemp/jnickla1/Thorne_15_codefigurestats/Methods/43_Forcing_Based/1_ERF_FaIR/FaIR_anthro_unB_method.py:89: RuntimeWarning: Mean of empty slice
  return np.nanmean(samp_cur[year_idx-1850, :], axis = 1)
/users/jnickla1/.conda/envs/cleanpy/lib/python3.13/site-packages/numpy/lib/_nanfunctions_impl.py:2019: RuntimeWarning: Degrees of freedom <= 0 for slice.
  var = nanvar(a, axis=axis, dtype=dtype, out=out, ddof=ddof,
/oscar/data/deeps/private/bfoxkemp/jnickla1/Thorne_15_codefigurestats/Methods/43_Forcing_Based/1_ERF_FaIR/FaIR_anthro_unB_method.py:117: RuntimeWarning: Mean of empty slice
  cdist = np.nanmean(dist)
/oscar/data/deeps/private/bfoxkemp/jnickla1/Thorne_15_codefigurestats/Methods/43_Forcing_Based/1_ERF_FaIR/FaIR_nonat_unB_method.py:92: RuntimeWarning: Mean of empty slice
  return np.nanmean(samp_cur[year_idx-1850, :], axis = 1)
/users/jnickla1/.conda/envs/cleanpy/lib/python3.13/site-packages/numpy/lib/_nanfunctions_impl.py:2019: RuntimeWarning: Degrees of freedom <= 0 for slice.
  var = nanvar(a, axis=axis, dtype=dtype, out=out, ddof=ddof,
/oscar/data/deeps/private/bfoxkemp/jnickla1/Thorne_15_codefigurestats/Methods/43_Forcing_Based/1_ERF_FaIR/FaIR_nonat_unB_method.py:120: RuntimeWarning: Mean of empty slice
  cdist = np.nanmean(dist)
/oscar/data/deeps/private/bfoxkemp/jnickla1/Thorne_15_codefigurestats/Methods/43_Forcing_Based/1_ERF_FaIR/FaIR_nonat_method.py:68: RuntimeWarning: Mean of empty slice
  return np.nanmean(samp_cur[year_idx-1850, :], axis = 1)
/users/jnickla1/.conda/envs/cleanpy/lib/python3.13/site-packages/numpy/lib/_nanfunctions_impl.py:2019: RuntimeWarning: Degrees of freedom <= 0 for slice.
  var = nanvar(a, axis=axis, dtype=dtype, out=out, ddof=ddof,
/oscar/data/deeps/private/bfoxkemp/jnickla1/Thorne_15_codefigurestats/Methods/43_Forcing_Based/1_ERF_FaIR/FaIR_nonat_method.py:96: RuntimeWarning: Mean of empty slice
  cdist = np.nanmean(dist)
/oscar/data/deeps/private/bfoxkemp/jnickla1/Thorne_15_codefigurestats/Methods/43_Forcing_Based/1_ERF_FaIR/FaIR_nonat_method.py:68: RuntimeWarning: Mean of empty slice
  return np.nanmean(samp_cur[year_idx-1850, :], axis = 1)
/users/jnickla1/.conda/envs/cleanpy/lib/python3.13/site-packages/numpy/lib/_nanfunctions_impl.py:2019: RuntimeWarning: Degrees of freedom <= 0 for slice.
  var = nanvar(a, axis=axis, dtype=dtype, out=out, ddof=ddof,
/oscar/data/deeps/private/bfoxkemp/jnickla1/Thorne_15_codefigurestats/Methods/43_Forcing_Based/1_ERF_FaIR/FaIR_nonat_method.py:96: RuntimeWarning: Mean of empty slice
  cdist = np.nanmean(dist)
/oscar/data/deeps/private/bfoxkemp/jnickla1/Thorne_15_codefigurestats/Methods/43_Forcing_Based/1_ERF_FaIR/FaIR_all_method.py:68: RuntimeWarning: Mean of empty slice
  return np.nanmean(samp_cur[year_idx-1850, :], axis = 1)
/users/jnickla1/.conda/envs/cleanpy/lib/python3.13/site-packages/numpy/lib/_nanfunctions_impl.py:2019: RuntimeWarning: Degrees of freedom <= 0 for slice.
  var = nanvar(a, axis=axis, dtype=dtype, out=out, ddof=ddof,
/oscar/data/deeps/private/bfoxkemp/jnickla1/Thorne_15_codefigurestats/Methods/43_Forcing_Based/1_ERF_FaIR/FaIR_all_method.py:96: RuntimeWarning: Mean of empty slice
  cdist = np.nanmean(dist)
/oscar/data/deeps/private/bfoxkemp/jnickla1/Thorne_15_codefigurestats/Methods/43_Forcing_Based/1_ERF_FaIR/FaIR_all_method.py:68: RuntimeWarning: Mean of empty slice
  return np.nanmean(samp_cur[year_idx-1850, :], axis = 1)
/users/jnickla1/.conda/envs/cleanpy/lib/python3.13/site-packages/numpy/lib/_nanfunctions_impl.py:2019: RuntimeWarning: Degrees of freedom <= 0 for slice.
  var = nanvar(a, axis=axis, dtype=dtype, out=out, ddof=ddof,
/oscar/data/deeps/private/bfoxkemp/jnickla1/Thorne_15_codefigurestats/Methods/43_Forcing_Based/1_ERF_FaIR/FaIR_all_method.py:96: RuntimeWarning: Mean of empty slice
  cdist = np.nanmean(dist)
/oscar/data/deeps/private/bfoxkemp/jnickla1/Thorne_15_codefigurestats/Methods/43_Forcing_Based/1_ERF_FaIR/FaIR_nonat_unB_method.py:92: RuntimeWarning: Mean of empty slice
  return np.nanmean(samp_cur[year_idx-1850, :], axis = 1)
/users/jnickla1/.conda/envs/cleanpy/lib/python3.13/site-packages/numpy/lib/_nanfunctions_impl.py:2019: RuntimeWarning: Degrees of freedom <= 0 for slice.
  var = nanvar(a, axis=axis, dtype=dtype, out=out, ddof=ddof,
/oscar/data/deeps/private/bfoxkemp/jnickla1/Thorne_15_codefigurestats/Methods/43_Forcing_Based/1_ERF_FaIR/FaIR_nonat_unB_method.py:120: RuntimeWarning: Mean of empty slice
  cdist = np.nanmean(dist)
/oscar/data/deeps/private/bfoxkemp/jnickla1/Thorne_15_codefigurestats/Methods/43_Forcing_Based/1_ERF_FaIR/FaIR_nonat_unB_method.py:92: RuntimeWarning: Mean of empty slice
  return np.nanmean(samp_cur[year_idx-1850, :], axis = 1)
/users/jnickla1/.conda/envs/cleanpy/lib/python3.13/site-packages/numpy/lib/_nanfunctions_impl.py:2019: RuntimeWarning: Degrees of freedom <= 0 for slice.
  var = nanvar(a, axis=axis, dtype=dtype, out=out, ddof=ddof,
/oscar/data/deeps/private/bfoxkemp/jnickla1/Thorne_15_codefigurestats/Methods/43_Forcing_Based/1_ERF_FaIR/FaIR_nonat_unB_method.py:120: RuntimeWarning: Mean of empty slice
  cdist = np.nanmean(dist)
/oscar/data/deeps/private/bfoxkemp/jnickla1/Thorne_15_codefigurestats/Methods/43_Forcing_Based/1_ERF_FaIR/FaIR_nonat_method.py:68: RuntimeWarning: Mean of empty slice
  return np.nanmean(samp_cur[year_idx-1850, :], axis = 1)
/users/jnickla1/.conda/envs/cleanpy/lib/python3.13/site-packages/numpy/lib/_nanfunctions_impl.py:2019: RuntimeWarning: Degrees of freedom <= 0 for slice.
  var = nanvar(a, axis=axis, dtype=dtype, out=out, ddof=ddof,
/oscar/data/deeps/private/bfoxkemp/jnickla1/Thorne_15_codefigurestats/Methods/43_Forcing_Based/1_ERF_FaIR/FaIR_nonat_method.py:96: RuntimeWarning: Mean of empty slice
  cdist = np.nanmean(dist)
/oscar/data/deeps/private/bfoxkemp/jnickla1/Thorne_15_codefigurestats/fut_evaluation_script.py:427: RuntimeWarning: Mean of empty slice
  evalmean = np.nanmean(diffcross) #if crossing multiple times take the mean
/oscar/data/deeps/private/bfoxkemp/jnickla1/Thorne_15_codefigurestats/fut_evaluation_script.py:427: RuntimeWarning: Mean of empty slice
  evalmean = np.nanmean(diffcross) #if crossing multiple times take the mean
/oscar/data/deeps/private/bfoxkemp/jnickla1/Thorne_15_codefigurestats/fut_evaluation_script.py:464: RuntimeWarning: Mean of empty slice
  evalmean = np.nanmean(diffcrossE) #if crossing multiple times take the mean
/oscar/data/deeps/private/bfoxkemp/jnickla1/Thorne_15_codefigurestats/Methods/43_Forcing_Based/1_ERF_FaIR/FaIR_all_method.py:68: RuntimeWarning: Mean of empty slice
  return np.nanmean(samp_cur[year_idx-1850, :], axis = 1)
/users/jnickla1/.conda/envs/cleanpy/lib/python3.13/site-packages/numpy/lib/_nanfunctions_impl.py:2019: RuntimeWarning: Degrees of freedom <= 0 for slice.
  var = nanvar(a, axis=axis, dtype=dtype, out=out, ddof=ddof,
/oscar/data/deeps/private/bfoxkemp/jnickla1/Thorne_15_codefigurestats/Methods/43_Forcing_Based/1_ERF_FaIR/FaIR_all_method.py:96: RuntimeWarning: Mean of empty slice
  cdist = np.nanmean(dist)
/oscar/data/deeps/private/bfoxkemp/jnickla1/Thorne_15_codefigurestats/fut_evaluation_script.py:464: RuntimeWarning: Mean of empty slice
  evalmean = np.nanmean(diffcrossE) #if crossing multiple times take the mean
/oscar/data/deeps/private/bfoxkemp/jnickla1/Thorne_15_codefigurestats/Methods/43_Forcing_Based/1_ERF_FaIR/FaIR_all_unB_method.py:90: RuntimeWarning: Mean of empty slice
  return np.nanmean(samp_cur[year_idx-1850, :], axis = 1)
/users/jnickla1/.conda/envs/cleanpy/lib/python3.13/site-packages/numpy/lib/_nanfunctions_impl.py:2019: RuntimeWarning: Degrees of freedom <= 0 for slice.
  var = nanvar(a, axis=axis, dtype=dtype, out=out, ddof=ddof,
/oscar/data/deeps/private/bfoxkemp/jnickla1/Thorne_15_codefigurestats/Methods/43_Forcing_Based/1_ERF_FaIR/FaIR_all_unB_method.py:118: RuntimeWarning: Mean of empty slice
  cdist = np.nanmean(dist)
/oscar/data/deeps/private/bfoxkemp/jnickla1/Thorne_15_codefigurestats/Methods/43_Forcing_Based/1_ERF_FaIR/FaIR_all_unB_method.py:90: RuntimeWarning: Mean of empty slice
  return np.nanmean(samp_cur[year_idx-1850, :], axis = 1)
/users/jnickla1/.conda/envs/cleanpy/lib/python3.13/site-packages/numpy/lib/_nanfunctions_impl.py:2019: RuntimeWarning: Degrees of freedom <= 0 for slice.
  var = nanvar(a, axis=axis, dtype=dtype, out=out, ddof=ddof,
/oscar/data/deeps/private/bfoxkemp/jnickla1/Thorne_15_codefigurestats/Methods/43_Forcing_Based/1_ERF_FaIR/FaIR_all_unB_method.py:118: RuntimeWarning: Mean of empty slice
  cdist = np.nanmean(dist)
/oscar/data/deeps/private/bfoxkemp/jnickla1/Thorne_15_codefigurestats/Methods/43_Forcing_Based/1_ERF_FaIR/FaIR_all_method.py:68: RuntimeWarning: Mean of empty slice
  return np.nanmean(samp_cur[year_idx-1850, :], axis = 1)
/users/jnickla1/.conda/envs/cleanpy/lib/python3.13/site-packages/numpy/lib/_nanfunctions_impl.py:2019: RuntimeWarning: Degrees of freedom <= 0 for slice.
  var = nanvar(a, axis=axis, dtype=dtype, out=out, ddof=ddof,
/oscar/data/deeps/private/bfoxkemp/jnickla1/Thorne_15_codefigurestats/Methods/43_Forcing_Based/1_ERF_FaIR/FaIR_all_method.py:96: RuntimeWarning: Mean of empty slice
  cdist = np.nanmean(dist)
/oscar/data/deeps/private/bfoxkemp/jnickla1/Thorne_15_codefigurestats/Methods/43_Forcing_Based/1_ERF_FaIR/FaIR_all_unB_method.py:90: RuntimeWarning: Mean of empty slice
  return np.nanmean(samp_cur[year_idx-1850, :], axis = 1)
/users/jnickla1/.conda/envs/cleanpy/lib/python3.13/site-packages/numpy/lib/_nanfunctions_impl.py:2019: RuntimeWarning: Degrees of freedom <= 0 for slice.
  var = nanvar(a, axis=axis, dtype=dtype, out=out, ddof=ddof,
/oscar/data/deeps/private/bfoxkemp/jnickla1/Thorne_15_codefigurestats/Methods/43_Forcing_Based/1_ERF_FaIR/FaIR_all_unB_method.py:118: RuntimeWarning: Mean of empty slice
  cdist = np.nanmean(dist)
/oscar/data/deeps/private/bfoxkemp/jnickla1/Thorne_15_codefigurestats/Methods/43_Forcing_Based/1_ERF_FaIR/FaIR_nonat_unB_method.py:92: RuntimeWarning: Mean of empty slice
  return np.nanmean(samp_cur[year_idx-1850, :], axis = 1)
/users/jnickla1/.conda/envs/cleanpy/lib/python3.13/site-packages/numpy/lib/_nanfunctions_impl.py:2019: RuntimeWarning: Degrees of freedom <= 0 for slice.
  var = nanvar(a, axis=axis, dtype=dtype, out=out, ddof=ddof,
/oscar/data/deeps/private/bfoxkemp/jnickla1/Thorne_15_codefigurestats/Methods/43_Forcing_Based/1_ERF_FaIR/FaIR_nonat_unB_method.py:120: RuntimeWarning: Mean of empty slice
  cdist = np.nanmean(dist)
/oscar/data/deeps/private/bfoxkemp/jnickla1/Thorne_15_codefigurestats/Methods/43_Forcing_Based/1_ERF_FaIR/FaIR_comb_unB_method.py:153: RuntimeWarning: Mean of empty slice
  return np.nanmean(samp_cur[year_idx-1850, :], axis = 1)
/users/jnickla1/.conda/envs/cleanpy/lib/python3.13/site-packages/numpy/lib/_nanfunctions_impl.py:2019: RuntimeWarning: Degrees of freedom <= 0 for slice.
  var = nanvar(a, axis=axis, dtype=dtype, out=out, ddof=ddof,
/oscar/data/deeps/private/bfoxkemp/jnickla1/Thorne_15_codefigurestats/Methods/43_Forcing_Based/1_ERF_FaIR/FaIR_comb_unB_method.py:181: RuntimeWarning: Mean of empty slice
  cdist = np.nanmean(dist)
/oscar/data/deeps/private/bfoxkemp/jnickla1/Thorne_15_codefigurestats/Methods/43_Forcing_Based/1_ERF_FaIR/FaIR_comb_unB_method.py:153: RuntimeWarning: Mean of empty slice
  return np.nanmean(samp_cur[year_idx-1850, :], axis = 1)
/users/jnickla1/.conda/envs/cleanpy/lib/python3.13/site-packages/numpy/lib/_nanfunctions_impl.py:2019: RuntimeWarning: Degrees of freedom <= 0 for slice.
  var = nanvar(a, axis=axis, dtype=dtype, out=out, ddof=ddof,
/oscar/data/deeps/private/bfoxkemp/jnickla1/Thorne_15_codefigurestats/Methods/43_Forcing_Based/1_ERF_FaIR/FaIR_comb_unB_method.py:181: RuntimeWarning: Mean of empty slice
  cdist = np.nanmean(dist)
/oscar/data/deeps/private/bfoxkemp/jnickla1/Thorne_15_codefigurestats/Methods/43_Forcing_Based/1_ERF_FaIR/FaIR_all_unB_method.py:90: RuntimeWarning: Mean of empty slice
  return np.nanmean(samp_cur[year_idx-1850, :], axis = 1)
/oscar/data/deeps/private/bfoxkemp/jnickla1/Thorne_15_codefigurestats/Methods/43_Forcing_Based/1_ERF_FaIR/FaIR_comb_unB_method.py:153: RuntimeWarning: Mean of empty slice
  return np.nanmean(samp_cur[year_idx-1850, :], axis = 1)
/users/jnickla1/.conda/envs/cleanpy/lib/python3.13/site-packages/numpy/lib/_nanfunctions_impl.py:2019: RuntimeWarning: Degrees of freedom <= 0 for slice.
  var = nanvar(a, axis=axis, dtype=dtype, out=out, ddof=ddof,
/oscar/data/deeps/private/bfoxkemp/jnickla1/Thorne_15_codefigurestats/Methods/43_Forcing_Based/1_ERF_FaIR/FaIR_all_unB_method.py:118: RuntimeWarning: Mean of empty slice
  cdist = np.nanmean(dist)
/users/jnickla1/.conda/envs/cleanpy/lib/python3.13/site-packages/numpy/lib/_nanfunctions_impl.py:2019: RuntimeWarning: Degrees of freedom <= 0 for slice.
  var = nanvar(a, axis=axis, dtype=dtype, out=out, ddof=ddof,
/oscar/data/deeps/private/bfoxkemp/jnickla1/Thorne_15_codefigurestats/Methods/43_Forcing_Based/1_ERF_FaIR/FaIR_comb_unB_method.py:181: RuntimeWarning: Mean of empty slice
  cdist = np.nanmean(dist)
starting computation for fut_NorESM_RCP45_Volc
max_runs34
Model number:
33




Methods/42_Temp_Alone/1_Run_Means/cent10y_method.py
Methods/42_Temp_Alone/1_Run_Means/cent20y_method.py
Methods/42_Temp_Alone/1_Run_Means/cent21y_method.py
Methods/42_Temp_Alone/1_Run_Means/cent30y_method.py
Methods/42_Temp_Alone/1_Run_Means/lag10y_method.py
Methods/42_Temp_Alone/1_Run_Means/lag5y_method.py
Methods/42_Temp_Alone/1_Run_Means/offset11y_method.py
Methods/42_Temp_Alone/1_Run_Means/raw1y_method.py
Methods/43_Forcing_Based/1_ERF_FaIR/FaIR_all_method.py
Methods/43_Forcing_Based/1_ERF_FaIR/FaIR_all_unB_method.py
Methods/43_Forcing_Based/1_ERF_FaIR/FaIR_anthro_method.py
Methods/43_Forcing_Based/1_ERF_FaIR/FaIR_anthro_unB_method.py
Methods/43_Forcing_Based/1_ERF_FaIR/FaIR_comb_unB_method.py
Methods/43_Forcing_Based/1_ERF_FaIR/FaIR_nonat_method.py
Methods/43_Forcing_Based/1_ERF_FaIR/FaIR_nonat_unB_method.py
evaluating 13 of 0.1°C thresholds, starting at 1.1°C
11
FaIR_anthro sampled, d llike: -0.3175507674011113
FaIR_anthro sampled, d llike: -38.86017529683166
FaIR_anthro_unB sampled, d llike: -0.3718459867469622
FaIR_anthro_unB sampled, d llike: -38.56539883959893
FaIR_nonat sampled, d llike: 0.05150447455498221
FaIR_nonat sampled, d llike: 0.16290040450229476
FaIR_nonat_unB sampled, d llike: 0.010734928872769722
FaIR_nonat_unB sampled, d llike: 0.11480296787614686
FaIR_all sampled, d llike: -11919.706379934516
FaIR_all sampled, d llike: 0.09992117576827697
FaIR_all_unB sampled, d llike: -0.6399985928576691
FaIR_all_unB sampled, d llike: 0.011254544931254391
FaIR_comb_unB sampled, d llike: -0.1163007577978594
FaIR_comb_unB sampled, d llike: 0.19083820003355034
        method_name    method_class c/r  smooth_r  avg_unc.(1se)  #q<0.5  #q<0.1    log-likeli       RMS      bias        tlog-l      100log-l    100RMS     75RMS   100bias       l15        l20    bias50   Edyrs15    Edyrs20   Mdyrs15    Mdyrs20   Fdyrs15    Fdyrs20     EdyrsA    RMSyrsA  ncEdyrs      e100log-l   e100RMS    e75RMS  e100bias          el15      el20   ebias50  eEdyrs15  eEdyrs20   eMdyrs15   eMdyrs20   eFdyrs15   eFdyrs20   eEdyrsA  eRMSyrsA  nceEdyrs
21    FaIR_comb_unB   43/1_ERF_FaIR   c     4.368       0.078153      68       0     -0.036854  0.128526 -0.087344 -5.749165e+00  1.244500e+02  0.048818  0.055235 -0.016085  4.002759   4.392268 -0.053943 -2.666667   2.333333 -2.666667   2.333333 -2.666667   2.333333   1.325321   4.142353     17.0     107.919629  0.069687  0.075751  0.026693  2.102775e+00  4.305789 -0.028984 -6.083333  0.333333  -6.083333   0.333333  -6.083333   0.333333 -1.564744  1.564744      18.0
15   FaIR_nonat_unB   43/1_ERF_FaIR   c     3.281       0.089151      74      31      0.352530  0.128612 -0.093543  5.640481e+01  1.113692e+02  0.059833  0.069839 -0.026695  3.790875   3.357774 -0.077726 -1.833333   4.750000 -1.833333   4.750000 -1.833333   4.750000   2.256410   4.956326     13.0     101.722587  0.071454  0.076123  0.016083  2.362023e+00  3.579940 -0.052767 -5.250000  2.750000  -5.250000   2.750000  -5.250000   2.750000 -0.852564  0.852564      13.0
19     FaIR_all_unB   43/1_ERF_FaIR   c     8.802       0.091576      65       2     -0.573773  0.144114 -0.079251 -9.180372e+01  1.039057e+02  0.067801  0.076243  0.002771  3.019684   3.672840 -0.044321 -4.000000  -0.333333 -4.000000  -0.333333 -4.000000  -0.333333   0.823718   5.588318     16.0      83.492931  0.096862  0.104356  0.045549  1.520681e+00  3.293620 -0.019362 -7.416667 -2.333333  -7.416667  -2.333333  -7.416667  -2.333333 -2.285256  2.285256      16.0
11  FaIR_anthro_unB   43/1_ERF_FaIR   c     2.739       0.094604      75      30     -0.624837  0.150585 -0.109848 -9.997389e+01  1.024107e+02  0.066767  0.077789 -0.030585  3.290435   3.137330 -0.088644 -2.166667   5.250000 -2.166667   5.250000 -2.166667   5.250000   2.891026   6.640534     14.0      95.523425  0.078025  0.083896  0.012193  2.357782e+00  3.663039 -0.063684 -5.583333  3.250000  -5.583333   3.250000  -5.583333   3.250000 -0.217949  0.217949      14.0
8         offset11y  42/1_Run_Means   c     2.860       0.034335     194     114     -1.514534  0.086884  0.065229 -3.483429e+02  9.942643e+01  0.053871  0.059113  0.027318  9.030818  12.175464  0.049181 -1.291667   0.750000 -2.000000   0.750000 -2.000000   0.750000  -0.791667   2.126131     15.2     -20.737398  0.078772  0.086569  0.070096  3.126078e-02  7.131270  0.074141 -4.708333 -1.250000  -5.416667  -1.250000  -5.416667  -1.250000 -3.900641  3.900641      15.2
2             raw1y  42/1_Run_Means   c    32.159       0.112088       4       0      0.836385  0.102042  0.002254  1.923685e+02  6.627109e+01  0.114732  0.115833  0.009772  3.829690   3.794338  0.013699 -0.583333  -2.027778 -7.500000 -14.916667 -7.500000 -14.916667   0.662927   2.737546     44.5      56.542169  0.124542  0.123858  0.052550  3.402905e+00  0.598168  0.038659 -4.000000 -4.027778 -10.916667 -16.916667 -10.916667 -16.916667 -2.162927  2.162927      45.5
13       FaIR_nonat   43/1_ERF_FaIR   c     2.831       0.111310     137       0      0.156385  0.164422 -0.157533  2.502166e+01  5.290575e+01  0.135696  0.132610 -0.130252  2.411883   1.662149 -0.147279  4.500000  10.833333  4.500000  10.833333  4.500000  10.833333   8.862179  10.640625     13.0      76.697956  0.100188  0.099472 -0.087474  2.974778e+00  1.948637 -0.122319  1.083333  8.833333   1.083333   8.833333   1.083333   8.833333  6.067308  6.067308      13.0
9       FaIR_anthro   43/1_ERF_FaIR   c     2.272       0.094616     141      30     -0.943717  0.172677 -0.163001 -1.509947e+02  4.706164e+01  0.130942  0.123803 -0.125069  2.696763   1.530196 -0.138514  4.166667   9.166667  4.166667   9.166667  4.166667   9.166667   7.865385   9.231733     13.0      79.713614  0.096549  0.091954 -0.082290  3.435913e+00  2.196207 -0.113554  0.750000  7.166667   0.750000   7.166667   0.750000   7.166667  4.756410  4.756410      13.0
1             lag5y  42/1_Run_Means   c     6.308       0.042732     126      43      0.569351  0.065171 -0.016769  1.309507e+02  1.953221e+01  0.072759  0.073934 -0.027493  5.630761   1.335103 -0.019007  3.833333   1.666667  3.833333   1.666667  3.833333   1.666667   2.900641   3.981209     17.0      92.191656  0.063711  0.069747  0.015285  7.911843e+00  6.572778  0.005952  0.416667 -0.333333   0.416667  -0.333333   0.416667  -0.333333 -0.208333  0.208333      17.0
0            lag10y  42/1_Run_Means   c     2.972       0.035327     139      66      0.155520  0.068521 -0.040090  3.576967e+01 -1.176753e+02  0.087343  0.078153 -0.073258  1.844345   0.000490 -0.054567  6.166667   3.416667  6.166667   3.416667  6.166667   3.416667   4.862179   5.206538     14.0     108.566333  0.048694  0.042553 -0.030479  1.060163e+01  2.617440 -0.029608  2.750000  1.416667   2.750000   1.416667   2.750000   1.416667  1.753205  1.753205      14.0
17         FaIR_all   43/1_ERF_FaIR   c     8.085       0.005572     160     160 -13025.381821  0.182482 -0.161817 -2.084061e+06 -1.071083e+06  0.179790  0.175082 -0.169955  0.000000   0.000000 -0.194842  5.750000  10.833333  5.750000  10.833333  5.750000  10.833333  10.711538  12.928448     13.0 -674949.756523  0.147144  0.146196 -0.127176  4.067745e-72  0.000000 -0.169883  2.333333  8.833333   2.333333   8.833333   2.333333   8.833333  8.141026  8.141026      13.0
5.51667731
finished this run
starting computation for fut_NorESM_RCP45_VolcConst
max_runs34
Model number:
33




Methods/42_Temp_Alone/1_Run_Means/cent10y_method.py
Methods/42_Temp_Alone/1_Run_Means/cent20y_method.py
Methods/42_Temp_Alone/1_Run_Means/cent21y_method.py
Methods/42_Temp_Alone/1_Run_Means/cent30y_method.py
Methods/42_Temp_Alone/1_Run_Means/lag10y_method.py
Methods/42_Temp_Alone/1_Run_Means/lag5y_method.py
Methods/42_Temp_Alone/1_Run_Means/offset11y_method.py
Methods/42_Temp_Alone/1_Run_Means/raw1y_method.py
Methods/43_Forcing_Based/1_ERF_FaIR/FaIR_all_method.py
Methods/43_Forcing_Based/1_ERF_FaIR/FaIR_all_unB_method.py
Methods/43_Forcing_Based/1_ERF_FaIR/FaIR_anthro_method.py
Methods/43_Forcing_Based/1_ERF_FaIR/FaIR_anthro_unB_method.py
Methods/43_Forcing_Based/1_ERF_FaIR/FaIR_comb_unB_method.py
Methods/43_Forcing_Based/1_ERF_FaIR/FaIR_nonat_method.py
Methods/43_Forcing_Based/1_ERF_FaIR/FaIR_nonat_unB_method.py
evaluating 13 of 0.1°C thresholds, starting at 1.1°C
11
FaIR_anthro sampled, d llike: -0.3156028591778097
FaIR_anthro sampled, d llike: -39.11083199526854
FaIR_anthro_unB sampled, d llike: -0.3447385212346406
FaIR_anthro_unB sampled, d llike: -41.75340724450773
FaIR_nonat sampled, d llike: 0.036922285460752574
FaIR_nonat sampled, d llike: 0.14591085826013375
FaIR_nonat_unB sampled, d llike: 0.01850069496632928
FaIR_nonat_unB sampled, d llike: 0.08961627977106118
FaIR_all sampled, d llike: -13510.53681789042
FaIR_all sampled, d llike: 0.11996692744726412
FaIR_all_unB sampled, d llike: -0.7888950226118594
FaIR_all_unB sampled, d llike: 0.05333866062179446
FaIR_comb_unB sampled, d llike: -0.0826666266646442
FaIR_comb_unB sampled, d llike: 0.11684341758859773
        method_name    method_class c/r  smooth_r  avg_unc.(1se)  #q<0.5  #q<0.1    log-likeli       RMS      bias        tlog-l      100log-l    100RMS     75RMS   100bias       l15       l20    bias50   Edyrs15    Edyrs20   Mdyrs15    Mdyrs20   Fdyrs15    Fdyrs20     EdyrsA    RMSyrsA  ncEdyrs     e100log-l   e100RMS    e75RMS  e100bias       el15      el20   ebias50  eEdyrs15   eEdyrs20  eMdyrs15   eMdyrs20  eFdyrs15   eFdyrs20    eEdyrsA   eRMSyrsA  nceEdyrs
8         offset11y  42/1_Run_Means   c     2.766       0.032754     163     107     -1.305231  0.084555  0.064116 -3.002032e+02  1.472439e+02  0.043460  0.047679  0.024220  9.829735  7.511024  0.046376  2.083333  -2.583333  2.083333  -2.583333  2.083333  -2.583333  -1.006410   2.470661     13.0  9.074179e+01  0.056348  0.060410  0.036461  10.387771  7.743603  0.060230  2.000000  -2.583333  2.000000  -2.583333  2.000000  -2.583333  -1.429487   1.429487      13.0
21    FaIR_comb_unB   43/1_ERF_FaIR   c     3.145       0.079032      65       0     -0.079689  0.131247 -0.093167 -1.243142e+01  1.214829e+02  0.052869  0.056485 -0.024063  3.923766  4.460812 -0.054357  1.583333   2.000000  1.583333   2.000000  1.583333   2.000000   1.378205   3.714073     13.0  1.278099e+02  0.038860  0.039045 -0.011822   3.949951  4.457380 -0.040503  1.500000   2.000000  1.500000   2.000000  1.500000   2.000000   0.955128   0.955128      13.0
15   FaIR_nonat_unB   43/1_ERF_FaIR   c     2.979       0.090269      70       0      0.319360  0.130153 -0.092871  5.109755e+01  1.104887e+02  0.058707  0.063885 -0.023485  3.620884  3.731872 -0.064518  1.583333   2.500000  1.583333   2.500000  1.583333   2.500000   1.487179   4.304018     13.0  1.155613e+02  0.046620  0.047061 -0.011244   3.636458  3.723130 -0.050664  1.500000   2.500000  1.500000   2.500000  1.500000   2.500000   1.064103   1.064103      13.0
19     FaIR_all_unB   43/1_ERF_FaIR   c     4.274       0.091354      61       2     -0.760110  0.143813 -0.095230 -1.216177e+02  1.083879e+02  0.061321  0.067592 -0.023557  3.535591  3.715911 -0.065769  1.666667   2.000000  1.666667   2.000000  1.666667   2.000000   1.942308   5.462528     13.0  1.131534e+02  0.049072  0.050740 -0.011316   3.558795  3.707086 -0.051915  1.583333   2.000000  1.583333   2.000000  1.583333   2.000000   1.519231   1.519231      13.0
11  FaIR_anthro_unB   43/1_ERF_FaIR   c     2.546       0.095493      70      28     -0.634367  0.150370 -0.105436 -1.014987e+02  1.051319e+02  0.061541  0.065987 -0.021856  3.550683  3.362158 -0.066883  1.166667   3.375000  1.166667   4.083333  1.166667   2.666667   1.516026   4.444232     14.0  1.079581e+02  0.049603  0.049312 -0.009615   3.560590  3.351606 -0.053029  1.083333   3.375000  1.083333   4.083333  1.083333   2.666667   1.092949   1.092949      14.0
2             raw1y  42/1_Run_Means   c    31.333       0.107547       0       0      0.888966  0.096943 -0.001127  2.044621e+02  7.689576e+01  0.102839  0.101033  0.000879  1.203396  2.925773 -0.003618 -1.708333  -2.208333 -5.833333  -6.583333 -5.833333  -6.583333  -0.380876   2.589573     37.2  7.488706e+01  0.104950  0.103476  0.013119   1.237502  2.907968  0.010236 -1.791667  -2.208333 -5.916667  -6.583333 -5.916667  -6.583333  -0.803953   0.803953      37.2
9       FaIR_anthro   43/1_ERF_FaIR   c     2.204       0.095431     142      34     -0.922654  0.170837 -0.158527 -1.476246e+02  5.535857e+01  0.124485  0.129444 -0.116282  1.930893  1.742873 -0.140891  4.916667   9.416667  4.916667   9.416667  4.916667   9.416667   7.012821   8.205884     13.0  6.880714e+01  0.109349  0.115734 -0.104041   1.963915  1.733052 -0.127037  4.833333   9.416667  4.833333   9.416667  4.833333   9.416667   6.589744   6.589744      13.0
13       FaIR_nonat   43/1_ERF_FaIR   c     2.636       0.112743     145       0      0.141341  0.164734 -0.156830  2.261456e+01  5.391454e+01  0.133343  0.138256 -0.127040  1.629892  1.928798 -0.146828  5.500000   9.250000  5.500000   9.250000  5.500000   9.250000   7.522436   8.566770     14.0  6.422067e+01  0.118645  0.125068 -0.114799   1.661484  1.915458 -0.132974  5.416667   9.250000  5.416667   9.250000  5.416667   9.250000   7.099359   7.099359      14.0
1             lag5y  42/1_Run_Means   c     6.427       0.039756      98      28      0.543421  0.061148 -0.018673  1.249869e+02  1.295821e+01  0.063371  0.058801 -0.032612  0.000012  0.160667 -0.025625  3.750000   4.333333  3.750000   4.333333  3.750000   4.333333   1.965812   2.577255     18.0  3.075498e+01  0.060695  0.056973 -0.020371   0.000016  0.147390 -0.011772  3.666667   4.333333  3.666667   4.333333  3.666667   4.333333   1.542735   1.542735      18.0
0            lag10y  42/1_Run_Means   c     3.106       0.033574     148      83      0.357715  0.066720 -0.041196  8.227454e+01 -7.362982e+01  0.084064  0.083490 -0.076337  0.000838  0.702052 -0.056092  5.833333   6.333333  5.833333   6.333333  5.833333   6.333333   4.506410   4.735132     14.0 -1.487696e+01  0.077173  0.079500 -0.064097   0.001086  0.660246 -0.042238  5.750000   6.333333  5.750000   6.333333  5.750000   6.333333   4.083333   4.083333      14.0
17         FaIR_all   43/1_ERF_FaIR   c     3.621       0.005567     160     160 -14783.480017  0.195524 -0.177731 -2.365357e+06 -1.345045e+06  0.201037  0.207603 -0.196334  0.000000  0.000000 -0.219175  8.833333  15.416667  8.833333  15.416667  8.833333  15.416667  12.878205  14.339426     12.0 -1.146107e+06  0.186897  0.195004 -0.184093   0.000000  0.000000 -0.205321  8.750000  15.416667  8.750000  15.416667  8.750000  15.416667  12.673077  12.673077      12.0
5.529585826
finished this run
starting computation for fut_ESM1-2-LR_SSP126_constVolc
max_runs34
Model number:
33




Methods/42_Temp_Alone/1_Run_Means/cent10y_method.py
Methods/42_Temp_Alone/1_Run_Means/cent20y_method.py
Methods/42_Temp_Alone/1_Run_Means/cent21y_method.py
Methods/42_Temp_Alone/1_Run_Means/cent30y_method.py
Methods/42_Temp_Alone/1_Run_Means/lag10y_method.py
Methods/42_Temp_Alone/1_Run_Means/lag5y_method.py
Methods/42_Temp_Alone/1_Run_Means/offset11y_method.py
Methods/42_Temp_Alone/1_Run_Means/raw1y_method.py
Methods/43_Forcing_Based/1_ERF_FaIR/FaIR_all_method.py
Methods/43_Forcing_Based/1_ERF_FaIR/FaIR_all_unB_method.py
Methods/43_Forcing_Based/1_ERF_FaIR/FaIR_anthro_method.py
Methods/43_Forcing_Based/1_ERF_FaIR/FaIR_anthro_unB_method.py
Methods/43_Forcing_Based/1_ERF_FaIR/FaIR_comb_unB_method.py
Methods/43_Forcing_Based/1_ERF_FaIR/FaIR_nonat_method.py
Methods/43_Forcing_Based/1_ERF_FaIR/FaIR_nonat_unB_method.py
evaluating 6 of 0.1°C thresholds, starting at 1.1°C
11
FaIR_anthro sampled, d llike: -0.0005079466132695831
FaIR_anthro sampled, d llike: -2.4304538707215473
FaIR_anthro_unB sampled, d llike: -0.013186329266616115
FaIR_anthro_unB sampled, d llike: -2.370232699814821
FaIR_nonat sampled, d llike: -0.040901038362473496
FaIR_nonat sampled, d llike: -0.07699935881466669
FaIR_nonat_unB sampled, d llike: -0.043813467761179004
FaIR_nonat_unB sampled, d llike: -0.06504540431373707
FaIR_all sampled, d llike: -1823.1403314830338
FaIR_all sampled, d llike: -0.07498657012990095
FaIR_all_unB sampled, d llike: -0.02564774655806934
FaIR_all_unB sampled, d llike: -0.054650260912795345
FaIR_comb_unB sampled, d llike: -0.03446961572570695
FaIR_comb_unB sampled, d llike: 0.10827915770220653
        method_name    method_class c/r  smooth_r  avg_unc.(1se)  #q<0.5  #q<0.1   log-likeli       RMS      bias         tlog-l       100log-l    100RMS     75RMS   100bias       l15  l20    bias50   Edyrs15  Edyrs20    Mdyrs15  Mdyrs20   Fdyrs15  Fdyrs20    EdyrsA   RMSyrsA  ncEdyrs      e100log-l   e100RMS    e75RMS  e100bias       el15  el20   ebias50   eEdyrs15  eEdyrs20   eMdyrs15  eMdyrs20   eFdyrs15  eFdyrs20    eEdyrsA   eRMSyrsA  nceEdyrs
21    FaIR_comb_unB   43/1_ERF_FaIR   c     2.194       0.073086       0       0     1.591449  0.027002 -0.011853     249.857504     148.498640  0.020592  0.020283 -0.001056  4.613227  0.0 -0.001755 -1.833333       -1  -1.833333       -1 -1.833333       -1  0.236111  1.687028      6.0     128.794979  0.058380  0.063891  0.046552   3.491704   0.0  0.029004  -8.583333        -1  -8.583333        -1  -8.583333        -1  -2.965278   2.965278       7.0
15   FaIR_nonat_unB   43/1_ERF_FaIR   c     2.128       0.083049       0       0     1.440543  0.033600 -0.014483     231.927345     136.423353  0.025150  0.026698 -0.001199  4.255762  0.0 -0.011602 -2.333333       -1  -2.333333       -1 -2.333333       -1 -0.226852  1.787337      8.0     120.402818  0.061753  0.066530  0.046410   3.354892   0.0  0.019157  -9.083333        -1  -9.083333        -1  -9.083333        -1  -5.010417   5.010417       9.0
19     FaIR_all_unB   43/1_ERF_FaIR   c     3.720       0.085825       0       0     1.380599  0.043871 -0.001354     222.276374     134.703972  0.021671  0.021863 -0.000084  4.009063  0.0 -0.004319 -1.666667       -1  -1.666667       -1 -1.666667       -1 -0.194444  1.391941      7.0     121.036610  0.059813  0.063208  0.047525   3.670061   0.0  0.026441  -8.416667        -1  -8.416667        -1  -8.416667        -1  -3.250000   3.250000       9.0
11  FaIR_anthro_unB   43/1_ERF_FaIR   c     1.714       0.083419       0       0     1.138645  0.060609 -0.036511     183.321815     130.752760  0.027634  0.029893 -0.006037  4.013284  0.0 -0.019992 -1.666667       -1  -1.666667       -1 -1.666667       -1  0.319444  2.719315      6.0     121.725986  0.059245  0.063638  0.041572   3.393406   0.0  0.010767  -8.416667        -1  -8.416667        -1  -8.416667        -1  -5.569444   5.569444       6.0
9       FaIR_anthro   43/1_ERF_FaIR   c     1.576       0.083401       0       0     1.119122  0.065298 -0.021459     180.178683     126.947498  0.042448  0.041428  0.020632  3.547280  0.0 -0.009113 -5.500000       -1  -5.500000       -1 -5.500000       -1 -2.486111  2.995560      6.0     102.285445  0.085554  0.084930  0.068241   2.754705   0.0  0.021646 -12.250000        -1 -12.250000        -1 -12.250000        -1  -5.236111   5.236111       8.0
13       FaIR_nonat   43/1_ERF_FaIR   c     2.052       0.103686       0       0     1.207044  0.046062 -0.002279     194.334010     112.443530  0.045843  0.043342  0.023279  3.127355  0.0 -0.009785 -6.083333       -1  -6.083333       -1 -6.083333       -1 -2.722222  3.315229      6.0      92.215452  0.089131  0.087040  0.070888   2.529373   0.0  0.020975 -12.833333        -1 -12.833333        -1 -12.833333        -1  -6.159722   6.159722       7.0
2             raw1y  42/1_Run_Means   c    28.495       0.117081       3       0     0.793524  0.108223 -0.000933     183.304117      82.185434  0.096711  0.102363  0.002816  3.624104  0.0 -0.000839  3.583333       -1  18.833333       -1 -7.750000       -1  1.741898  3.518631     24.5      69.475683  0.112696  0.120523  0.050425   2.595313   0.0  0.029921   0.541667        -1  19.083333        -1 -14.500000        -1  -2.311343   2.311343      25.6
1             lag5y  42/1_Run_Means   c     5.505       0.044301      47      25     1.046464  0.053663 -0.013617     241.733080      65.960168  0.045859  0.047326 -0.010616  7.005318  0.0  0.007626  2.083333       -1   2.083333       -1  2.083333       -1  3.673611  5.212193      8.0     -17.805744  0.062808  0.068203  0.036992   6.409139   0.0  0.038386  -4.666667        -1  -4.666667        -1  -4.666667        -1  -1.113426   1.113426       9.0
0            lag10y  42/1_Run_Means   c     2.622       0.035662      95      28     0.863777  0.054560 -0.030074     199.532443      14.827573  0.057088  0.044073 -0.035174  5.426047  0.0  0.008849  4.291667       -1   6.000000       -1  2.583333       -1  6.138889  6.949512      8.2      80.397036  0.045783  0.046786  0.012434  13.181063   0.0  0.039609  -2.458333        -1  -4.166667        -1  -4.166667        -1   0.250000   0.250000       8.2
8         offset11y  42/1_Run_Means   c     2.644       0.034548     178     131    -1.672850  0.090399  0.076564    -386.428340    -192.399818  0.084617  0.098096  0.069815  6.017909  0.0  0.118133 -1.833333       -1  -1.833333       -1 -1.833333       -1 -1.375000  1.893886      7.0    -664.148138  0.125892  0.142303  0.117423   0.000982   0.0  0.148893  -8.583333        -1  -8.583333        -1  -8.583333        -1  -7.263889   7.263889       7.0
17         FaIR_all   43/1_ERF_FaIR   c     3.065       0.005566     153     138 -1992.069380  0.071909  0.026536 -320723.170227 -241333.354214  0.081101  0.063234  0.060434  0.000000  0.0  0.011057 -7.916667       -1  -7.916667       -1 -7.916667       -1 -5.965278  6.072026      7.0 -637027.546468  0.126933  0.112451  0.108042   0.000000   0.0  0.041817 -14.666667        -1 -14.666667        -1 -14.666667        -1 -11.854167  11.854167       7.0
5.619562984
finished this run
/oscar/data/deeps/private/bfoxkemp/jnickla1/Thorne_15_codefigurestats/Methods/43_Forcing_Based/1_ERF_FaIR/FaIR_all_method.py:68: RuntimeWarning: Mean of empty slice
  return np.nanmean(samp_cur[year_idx-1850, :], axis = 1)
/users/jnickla1/.conda/envs/cleanpy/lib/python3.13/site-packages/numpy/lib/_nanfunctions_impl.py:2019: RuntimeWarning: Degrees of freedom <= 0 for slice.
  var = nanvar(a, axis=axis, dtype=dtype, out=out, ddof=ddof,
/oscar/data/deeps/private/bfoxkemp/jnickla1/Thorne_15_codefigurestats/Methods/43_Forcing_Based/1_ERF_FaIR/FaIR_all_method.py:96: RuntimeWarning: Mean of empty slice
  cdist = np.nanmean(dist)
/oscar/data/deeps/private/bfoxkemp/jnickla1/Thorne_15_codefigurestats/Methods/43_Forcing_Based/1_ERF_FaIR/FaIR_comb_unB_method.py:153: RuntimeWarning: Mean of empty slice
  return np.nanmean(samp_cur[year_idx-1850, :], axis = 1)
/users/jnickla1/.conda/envs/cleanpy/lib/python3.13/site-packages/numpy/lib/_nanfunctions_impl.py:2019: RuntimeWarning: Degrees of freedom <= 0 for slice.
  var = nanvar(a, axis=axis, dtype=dtype, out=out, ddof=ddof,
/oscar/data/deeps/private/bfoxkemp/jnickla1/Thorne_15_codefigurestats/Methods/43_Forcing_Based/1_ERF_FaIR/FaIR_comb_unB_method.py:181: RuntimeWarning: Mean of empty slice
  cdist = np.nanmean(dist)
starting computation for fut_ESM1-2-LR_SSP245_constVolc
max_runs34
Model number:
33




Methods/42_Temp_Alone/1_Run_Means/cent10y_method.py
Methods/42_Temp_Alone/1_Run_Means/cent20y_method.py
Methods/42_Temp_Alone/1_Run_Means/cent21y_method.py
Methods/42_Temp_Alone/1_Run_Means/cent30y_method.py
Methods/42_Temp_Alone/1_Run_Means/lag10y_method.py
Methods/42_Temp_Alone/1_Run_Means/lag5y_method.py
Methods/42_Temp_Alone/1_Run_Means/offset11y_method.py
Methods/42_Temp_Alone/1_Run_Means/raw1y_method.py
Methods/43_Forcing_Based/1_ERF_FaIR/FaIR_all_method.py
Methods/43_Forcing_Based/1_ERF_FaIR/FaIR_all_unB_method.py
Methods/43_Forcing_Based/1_ERF_FaIR/FaIR_anthro_method.py
Methods/43_Forcing_Based/1_ERF_FaIR/FaIR_anthro_unB_method.py
Methods/43_Forcing_Based/1_ERF_FaIR/FaIR_comb_unB_method.py
Methods/43_Forcing_Based/1_ERF_FaIR/FaIR_nonat_method.py
Methods/43_Forcing_Based/1_ERF_FaIR/FaIR_nonat_unB_method.py
evaluating 14 of 0.1°C thresholds, starting at 1.1°C
11
FaIR_anthro sampled, d llike: -0.03029172702791727
FaIR_anthro sampled, d llike: -4.009793355062959
FaIR_anthro_unB sampled, d llike: -0.024714893905769086
FaIR_anthro_unB sampled, d llike: -4.4941533594706184
FaIR_nonat sampled, d llike: -0.05951713213969789
FaIR_nonat sampled, d llike: -0.04159599236390332
FaIR_nonat_unB sampled, d llike: -0.05665475295313249
FaIR_nonat_unB sampled, d llike: -0.034123534357133445
FaIR_all sampled, d llike: -1726.1520653761613
FaIR_all sampled, d llike: -0.042687698846934685
FaIR_all_unB sampled, d llike: -0.046299964974506835
FaIR_all_unB sampled, d llike: -0.035916129359634064
FaIR_comb_unB sampled, d llike: -0.054360911003559
FaIR_comb_unB sampled, d llike: -0.10117922894986253
        method_name    method_class c/r  smooth_r  avg_unc.(1se)  #q<0.5  #q<0.1   log-likeli       RMS      bias         tlog-l       100log-l    100RMS     75RMS   100bias        l15            l20    bias50   Edyrs15       Edyrs20   Mdyrs15       Mdyrs20   Fdyrs15       Fdyrs20    EdyrsA   RMSyrsA  ncEdyrs      e100log-l   e100RMS    e75RMS  e100bias      el15       el20   ebias50  eEdyrs15  eEdyrs20  eMdyrs15   eMdyrs20  eFdyrs15   eFdyrs20   eEdyrsA  eRMSyrsA  nceEdyrs
8         offset11y  42/1_Run_Means   c     2.304       0.036446     137      80    -0.101490  0.076547  0.058551     -23.444240     170.584282  0.035915  0.039843  0.024090  11.350583   4.997786e+00  0.043571 -1.583333 -1.333333e+00 -1.583333 -1.333333e+00 -1.583333 -1.333333e+00 -1.267857  2.300254     14.0      66.607383  0.059766  0.057576  0.054310  4.187282   0.069546  0.055067 -2.916667 -3.833333 -2.916667  -3.833333 -2.916667  -3.833333 -2.958333  2.958333      14.0
21    FaIR_comb_unB   43/1_ERF_FaIR   c     2.162       0.076036       0       0     1.510469  0.032961 -0.007430     237.143627     136.632653  0.031345  0.033626  0.007091   4.330140   4.145041e+00  0.021376 -1.333333  2.500000e-01 -1.333333  2.500000e-01 -1.333333  2.500000e-01 -0.619048  1.768609     15.0     131.121212  0.042841  0.041938  0.037310  4.640344   3.894779  0.032872 -2.666667 -2.250000 -2.666667  -2.250000 -2.666667  -2.250000 -2.309524  2.309524      15.0
15   FaIR_nonat_unB   43/1_ERF_FaIR   c     1.984       0.086201       0       0     1.390750  0.035173 -0.009762     223.910777     128.150185  0.028287  0.030186  0.007470   3.792987   3.864348e+00  0.012387 -2.083333  3.333333e-01 -2.083333  3.333333e-01 -2.083333  3.333333e-01 -0.404762  1.487381     14.0     121.022620  0.045578  0.043063  0.037689  3.955851   3.451554  0.023884 -3.416667 -2.166667 -3.416667  -2.166667 -3.416667  -2.166667 -2.095238  2.095238      14.0
19     FaIR_all_unB   43/1_ERF_FaIR   c     3.418       0.088984       0       0     1.308678  0.047857  0.002745     210.697106     123.813449  0.031688  0.033349  0.007930   3.821847   3.762551e+00  0.019033 -1.166667  1.655280e-10 -1.166667  1.655280e-10 -1.166667  1.655280e-10 -0.467262  1.649352     15.0     119.389609  0.045222  0.041137  0.038149  3.807423   3.392485  0.030529 -2.500000 -2.500000 -2.500000  -2.500000 -2.500000  -2.500000 -2.157738  2.157738      15.0
9       FaIR_anthro   43/1_ERF_FaIR   c     1.472       0.087669       0       0     1.067556  0.063612 -0.020783     171.876460     119.436735  0.038684  0.037285  0.021791   3.161794   3.714829e+00  0.003442 -3.500000  8.333333e-02 -3.500000  8.333333e-02 -3.500000  8.333333e-02 -0.767857  2.373067     14.0     105.489463  0.067234  0.057750  0.052010  2.815569   3.716554  0.014938 -4.833333 -2.416667 -4.833333  -2.416667 -4.833333  -2.416667 -2.458333  2.458333      14.0
11  FaIR_anthro_unB   43/1_ERF_FaIR   c     1.549       0.087703       0       0     1.029025  0.070125 -0.010639     165.673096     112.166250  0.055263  0.062914  0.039655   3.210677   3.674197e+00  0.064497 -2.916667 -1.250000e+00 -2.916667 -1.250000e+00 -2.916667 -1.250000e+00 -2.589286  3.697449     14.0     101.683620  0.074200  0.079961  0.069875  2.826920   2.645305  0.075993 -4.250000 -3.750000 -4.250000  -3.750000 -4.250000  -3.750000 -4.279762  4.279762      14.0
13       FaIR_nonat   43/1_ERF_FaIR   c     1.936       0.107620       0       0     1.167179  0.043669 -0.000960     187.915781     105.979679  0.041226  0.037643  0.025897   2.882799   3.094782e+00  0.006652 -4.166667 -8.333333e-02 -4.166667 -8.333333e-02 -4.166667 -8.333333e-02 -1.178571  2.280003     14.0      94.854438  0.070822  0.058783  0.056117  2.966380   2.908227  0.018149 -5.500000 -2.583333 -5.500000  -2.583333 -5.500000  -2.583333 -2.869048  2.869048      14.0
1             lag5y  42/1_Run_Means   c     4.989       0.046630      40       9     1.120136  0.054031 -0.022041     258.751471      82.978560  0.046944  0.048259 -0.032001   2.226124   6.688175e+00 -0.021497  2.500000 -3.333333e-01  2.500000 -3.333333e-01  2.500000 -3.333333e-01  2.098214  2.502751     17.0     158.595804  0.043256  0.044707 -0.001782  4.453783   5.650083 -0.010001  1.166667 -2.833333  1.166667  -2.833333  1.166667  -2.833333  0.407738  0.407738      17.0
2             raw1y  42/1_Run_Means   c    25.366       0.121930       4       0     0.745115  0.113269 -0.002376     172.121673      71.290567  0.110410  0.121047 -0.000848   2.585624   8.791182e-01  0.002016 -1.694444  5.083333e+00 -4.416667  2.058333e+01 -4.416667 -7.500000e+00 -0.403571  3.001698     47.3      67.965712  0.114674  0.124050  0.029371  3.268748   2.506767  0.013512 -3.027778  2.583333 -5.750000  18.083333 -5.750000 -10.000000 -2.094048  2.094048      47.3
0            lag10y  42/1_Run_Means   c     2.477       0.037500     140      57     0.349428  0.065879 -0.046570      80.717861    -103.987010  0.081974  0.080563 -0.077049   0.452137   6.578513e+00 -0.058525  4.666667  3.041667e+00  4.666667  4.333333e+00  4.666667  1.750000e+00  4.580357  4.625630     15.0      95.060823  0.054818  0.059074 -0.046830  2.237510  10.299180 -0.047029  3.333333  0.541667  3.333333   1.833333  3.333333  -0.750000  2.889881  2.889881      15.0
17         FaIR_all   43/1_ERF_FaIR   c     2.920       0.005557     154     134 -1889.694078  0.070475  0.027661 -304240.746558 -217604.019648  0.078095  0.059771  0.063526   0.000000  9.723856e-116  0.028892 -5.750000 -1.583333e+00 -5.750000 -1.583333e+00 -5.750000 -1.583333e+00 -3.333333  4.153192     14.0 -471501.941896  0.110674  0.084973  0.093746  0.000000   0.000000  0.040388 -7.083333 -4.083333 -7.083333  -4.083333 -7.083333  -4.083333 -5.023810  5.023810      14.0
6.177704607
finished this run
/oscar/data/deeps/private/bfoxkemp/jnickla1/Thorne_15_codefigurestats/Methods/43_Forcing_Based/1_ERF_FaIR/FaIR_all_unB_method.py:90: RuntimeWarning: Mean of empty slice
  return np.nanmean(samp_cur[year_idx-1850, :], axis = 1)
/users/jnickla1/.conda/envs/cleanpy/lib/python3.13/site-packages/numpy/lib/_nanfunctions_impl.py:2019: RuntimeWarning: Degrees of freedom <= 0 for slice.
  var = nanvar(a, axis=axis, dtype=dtype, out=out, ddof=ddof,
/oscar/data/deeps/private/bfoxkemp/jnickla1/Thorne_15_codefigurestats/Methods/43_Forcing_Based/1_ERF_FaIR/FaIR_all_unB_method.py:118: RuntimeWarning: Mean of empty slice
  cdist = np.nanmean(dist)
/oscar/data/deeps/private/bfoxkemp/jnickla1/Thorne_15_codefigurestats/Methods/43_Forcing_Based/1_ERF_FaIR/FaIR_comb_unB_method.py:153: RuntimeWarning: Mean of empty slice
  return np.nanmean(samp_cur[year_idx-1850, :], axis = 1)
/users/jnickla1/.conda/envs/cleanpy/lib/python3.13/site-packages/numpy/lib/_nanfunctions_impl.py:2019: RuntimeWarning: Degrees of freedom <= 0 for slice.
  var = nanvar(a, axis=axis, dtype=dtype, out=out, ddof=ddof,
/oscar/data/deeps/private/bfoxkemp/jnickla1/Thorne_15_codefigurestats/Methods/43_Forcing_Based/1_ERF_FaIR/FaIR_comb_unB_method.py:181: RuntimeWarning: Mean of empty slice
  cdist = np.nanmean(dist)
starting computation for fut_ESM1-2-LR_SSP370_constVolc
max_runs34
Model number:
33




Methods/42_Temp_Alone/1_Run_Means/cent10y_method.py
Methods/42_Temp_Alone/1_Run_Means/cent20y_method.py
Methods/42_Temp_Alone/1_Run_Means/cent21y_method.py
Methods/42_Temp_Alone/1_Run_Means/cent30y_method.py
Methods/42_Temp_Alone/1_Run_Means/lag10y_method.py
Methods/42_Temp_Alone/1_Run_Means/lag5y_method.py
Methods/42_Temp_Alone/1_Run_Means/offset11y_method.py
Methods/42_Temp_Alone/1_Run_Means/raw1y_method.py
Methods/43_Forcing_Based/1_ERF_FaIR/FaIR_all_method.py
Methods/43_Forcing_Based/1_ERF_FaIR/FaIR_all_unB_method.py
Methods/43_Forcing_Based/1_ERF_FaIR/FaIR_anthro_method.py
Methods/43_Forcing_Based/1_ERF_FaIR/FaIR_anthro_unB_method.py
Methods/43_Forcing_Based/1_ERF_FaIR/FaIR_comb_unB_method.py
Methods/43_Forcing_Based/1_ERF_FaIR/FaIR_nonat_method.py
Methods/43_Forcing_Based/1_ERF_FaIR/FaIR_nonat_unB_method.py
evaluating 24 of 0.1°C thresholds, starting at 1.1°C
11
FaIR_anthro sampled, d llike: -0.02446461859209781
FaIR_anthro sampled, d llike: -3.232346636925562
FaIR_anthro_unB sampled, d llike: -0.025672009471251034
FaIR_anthro_unB sampled, d llike: -3.2457531369358037
FaIR_nonat sampled, d llike: -0.052484801842568984
FaIR_nonat sampled, d llike: -0.0033166641786177564
FaIR_nonat_unB sampled, d llike: -0.05669361522241201
FaIR_nonat_unB sampled, d llike: -0.005065356499434404
FaIR_all sampled, d llike: -1536.8328299092082
FaIR_all sampled, d llike: -0.010284988970617803
FaIR_all_unB sampled, d llike: -0.04006115973360891
FaIR_all_unB sampled, d llike: -0.004080652152151254
FaIR_comb_unB sampled, d llike: -0.04704124798270426
FaIR_comb_unB sampled, d llike: -0.5704879201139825
        method_name    method_class c/r  smooth_r  avg_unc.(1se)  #q<0.5  #q<0.1   log-likeli       RMS      bias         tlog-l       100log-l    100RMS     75RMS   100bias            l15       l20    bias50   Edyrs15   Edyrs20   Mdyrs15   Mdyrs20   Fdyrs15   Fdyrs20    EdyrsA   RMSyrsA  ncEdyrs      e100log-l   e100RMS    e75RMS  e100bias      el15      el20   ebias50  eEdyrs15  eEdyrs20   eMdyrs15  eMdyrs20   eFdyrs15  eFdyrs20   eEdyrsA  eRMSyrsA  nceEdyrs
21    FaIR_comb_unB   43/1_ERF_FaIR   c     2.589       0.073819       0       0     1.554253  0.030880 -0.011776     244.017743     142.759857  0.028444  0.030713 -0.000890   5.075010e+00  5.931198 -0.017021 -0.166667 -0.333333 -0.166667 -0.333333 -0.166667 -0.333333  0.100694  0.884374     24.0     117.962967  0.063830  0.063772  0.029744  2.683802  4.999345 -0.010665 -3.750000  1.250000  -3.750000  1.250000  -3.750000  1.250000 -0.818841  0.818841      23.0
15   FaIR_nonat_unB   43/1_ERF_FaIR   c     2.440       0.083762       0       0     1.412742  0.035999 -0.013936     227.451520     131.893664  0.030466  0.033070 -0.000244   4.471746e+00  5.442235 -0.023602 -0.333333 -0.166667 -0.333333 -0.166667 -0.333333 -0.166667  0.149306  0.969888     24.0     110.747295  0.067458  0.065629  0.030389  2.510599  4.591105 -0.017246 -3.916667  1.416667  -3.916667  1.416667  -3.916667  1.416667 -0.782609  0.782609      23.0
19     FaIR_all_unB   43/1_ERF_FaIR   c     3.991       0.086785       0       0     1.343332  0.046831 -0.001000     216.276436     128.671389  0.030777  0.031614  0.000566   4.078538e+00  5.177731 -0.017307  0.500000  0.083333  0.500000  0.083333  0.500000  0.083333  0.125000  0.972718     24.0     109.720945  0.067379  0.064785  0.031200  2.806144  4.436470 -0.010951 -3.083333  1.666667  -3.083333  1.666667  -3.083333  1.666667 -0.793478  0.793478      23.0
8         offset11y  42/1_Run_Means   c     2.879       0.039394     156      85    -0.293384  0.081199  0.036505     -67.771757     126.256765  0.056147  0.064393 -0.031873   5.111149e+00  1.679822 -0.078869  1.000000  3.250000  1.000000  3.250000  1.000000  3.250000  1.347222  1.829700     24.0      58.638153  0.073767  0.075286 -0.001240  1.125896  1.071114 -0.072514 -2.583333  4.833333  -2.583333  4.833333  -2.583333  4.833333  0.376812  0.376812      23.0
11  FaIR_anthro_unB   43/1_ERF_FaIR   c     1.932       0.084903       0       0     1.107112  0.062571 -0.037025     178.245003     125.724309  0.034555  0.038441 -0.006941   4.117098e+00  5.155078 -0.036840 -0.333333 -0.083333 -0.333333 -0.083333 -0.333333 -0.083333  0.375000  1.051619     24.0     110.279878  0.067057  0.065477  0.023693  2.933619  3.930103 -0.030484 -3.916667  1.500000  -3.916667  1.500000  -3.916667  1.500000 -0.572464  0.572464      23.0
9       FaIR_anthro   43/1_ERF_FaIR   c     1.861       0.084944       0       0     1.047431  0.070547 -0.042572     168.636457     115.733781  0.055510  0.061992 -0.016802   4.075675e+00  4.919064 -0.072094 -0.833333  0.416667 -0.833333  0.416667 -0.833333  0.416667  0.850694  1.736306     24.0      97.820735  0.082017  0.078578  0.013832  2.898921  3.474910 -0.065738 -4.416667  2.000000  -4.416667  2.000000  -4.416667  2.000000 -0.126812  0.126812      23.0
13       FaIR_nonat   43/1_ERF_FaIR   c     2.422       0.104595       0       0     1.176068  0.049880 -0.020434     189.347017     107.522749  0.052367  0.056294 -0.008783   3.502800e+00  4.223271 -0.062564 -1.583333  0.500000 -1.583333  0.500000 -1.583333  0.500000  0.565972  1.648951     24.0      91.010575  0.083504  0.077066  0.021850  2.327153  3.598048 -0.056209 -5.166667  2.083333  -5.166667  2.083333  -5.166667  2.083333 -0.409420  0.409420      23.0
2             raw1y  42/1_Run_Means   c    28.717       0.122577       0       0     0.740544  0.113760 -0.003396     171.065616      70.303158  0.111683  0.113683 -0.003437   2.716122e+00  2.244706 -0.002195 -0.777778 -0.083333 -6.916667 -4.083333 -6.916667 -4.083333 -0.206134  1.321476     57.3      60.157064  0.124255  0.123485  0.027197  3.045286  0.629252  0.004161 -4.361111  1.500000 -10.500000  4.666667 -10.500000 -2.500000 -1.117271  1.117271      56.3
1             lag5y  42/1_Run_Means   c     5.759       0.047823      82      30     0.571566  0.066732 -0.032841     132.031637     -43.741275  0.078085  0.085196 -0.059415   9.082118e-04  0.586408 -0.082026  3.833333  3.916667  3.833333  3.916667  3.833333  3.916667  2.196181  2.695388     26.0      42.095305  0.080020  0.089976 -0.028782  7.334977  0.879006 -0.075670  0.250000  5.500000   0.250000  5.500000   0.250000  5.500000  1.306159  1.306159      25.0
0            lag10y  42/1_Run_Means   c     2.951       0.040222     154     101    -0.624785  0.094514 -0.066742    -144.325221    -329.030091  0.135567  0.148196 -0.128255   9.735021e-02  0.000225 -0.170866  5.666667  5.000000  5.666667  5.000000  5.666667  5.000000  4.583333  4.648402     24.0    -187.684972  0.121480  0.140640 -0.097621  4.097950  0.000418 -0.164510  2.083333  6.583333   2.083333  6.583333   2.083333  6.583333  3.630435  3.630435      23.0
17         FaIR_all   43/1_ERF_FaIR   c     3.411       0.005555     154     140 -1683.571951  0.067143  0.010368 -271055.084095 -187972.067320  0.073508  0.057368  0.031853  1.286035e-257  0.000009 -0.036443 -5.833333 -0.333333 -5.833333 -0.333333 -5.833333 -0.333333 -0.902778  2.698057     24.0 -502508.026541  0.113092  0.086994  0.062486  0.000000  2.688923 -0.030088 -9.416667  1.250000  -9.416667  1.250000  -9.416667  1.250000 -1.905797  1.905797      23.0
7.63423189
finished this run
All processes completed.
