/oscar/data/deeps/private/bfoxkemp/jnickla1/Thorne_15_codefigurestats/fut_evaluation_gen_ensemble.py:20: RuntimeWarning: Mean of empty slice
  return np.nanmean(standards_np,axis=0)
/oscar/data/deeps/private/bfoxkemp/jnickla1/Thorne_15_codefigurestats/fut_evaluation_gen_ensemble.py:20: RuntimeWarning: Mean of empty slice
  return np.nanmean(standards_np,axis=0)
/oscar/data/deeps/private/bfoxkemp/jnickla1/Thorne_15_codefigurestats/fut_evaluation_gen_ensemble.py:20: RuntimeWarning: Mean of empty slice
  return np.nanmean(standards_np,axis=0)
/oscar/data/deeps/private/bfoxkemp/jnickla1/Thorne_15_codefigurestats/fut_evaluation_gen_ensemble.py:20: RuntimeWarning: Mean of empty slice
  return np.nanmean(standards_np,axis=0)
/oscar/data/deeps/private/bfoxkemp/jnickla1/Thorne_15_codefigurestats/fut_evaluation_gen_ensemble.py:20: RuntimeWarning: Mean of empty slice
  return np.nanmean(standards_np,axis=0)
/oscar/data/deeps/private/bfoxkemp/jnickla1/Thorne_15_codefigurestats/Methods/43_Forcing_Based/1_ERF_FaIR/FaIR_all_method.py:53: RuntimeWarning: Mean of empty slice
  samp_mean =  np.nanmean(samp_cur, axis = 1)
/oscar/data/deeps/private/bfoxkemp/jnickla1/Thorne_15_codefigurestats/Methods/43_Forcing_Based/1_ERF_FaIR/FaIR_all_method.py:53: RuntimeWarning: Mean of empty slice
  samp_mean =  np.nanmean(samp_cur, axis = 1)
/oscar/data/deeps/private/bfoxkemp/jnickla1/Thorne_15_codefigurestats/Methods/43_Forcing_Based/1_ERF_FaIR/FaIR_all_unB_method.py:70: RuntimeWarning: Mean of empty slice
  samp_mean =  np.nanmean(samp_cur, axis = 1)
/oscar/data/deeps/private/bfoxkemp/jnickla1/Thorne_15_codefigurestats/Methods/43_Forcing_Based/1_ERF_FaIR/FaIR_all_unB_method.py:70: RuntimeWarning: Mean of empty slice
  samp_mean =  np.nanmean(samp_cur, axis = 1)
/oscar/data/deeps/private/bfoxkemp/jnickla1/Thorne_15_codefigurestats/Methods/43_Forcing_Based/1_ERF_FaIR/FaIR_anthro_method.py:53: RuntimeWarning: Mean of empty slice
  samp_mean =  np.nanmean(samp_cur, axis = 1)
/oscar/data/deeps/private/bfoxkemp/jnickla1/Thorne_15_codefigurestats/Methods/43_Forcing_Based/1_ERF_FaIR/FaIR_anthro_method.py:53: RuntimeWarning: Mean of empty slice
  samp_mean =  np.nanmean(samp_cur, axis = 1)
/oscar/data/deeps/private/bfoxkemp/jnickla1/Thorne_15_codefigurestats/Methods/43_Forcing_Based/1_ERF_FaIR/FaIR_anthro_unB_method.py:70: RuntimeWarning: Mean of empty slice
  samp_mean =  np.nanmean(samp_cur, axis = 1)
/oscar/data/deeps/private/bfoxkemp/jnickla1/Thorne_15_codefigurestats/Methods/43_Forcing_Based/1_ERF_FaIR/FaIR_anthro_unB_method.py:70: RuntimeWarning: Mean of empty slice
  samp_mean =  np.nanmean(samp_cur, axis = 1)
/oscar/data/deeps/private/bfoxkemp/jnickla1/Thorne_15_codefigurestats/Methods/43_Forcing_Based/1_ERF_FaIR/FaIR_comb_unB_method.py:70: RuntimeWarning: Mean of empty slice
  samp_mean =  np.nanmean(samp_cur, axis = 1)
/oscar/data/deeps/private/bfoxkemp/jnickla1/Thorne_15_codefigurestats/Methods/43_Forcing_Based/1_ERF_FaIR/FaIR_comb_unB_method.py:70: RuntimeWarning: Mean of empty slice
  samp_mean =  np.nanmean(samp_cur, axis = 1)
/oscar/data/deeps/private/bfoxkemp/jnickla1/Thorne_15_codefigurestats/Methods/43_Forcing_Based/1_ERF_FaIR/FaIR_comb_unB_method.py:126: RuntimeWarning: Mean of empty slice
  samp_meanAll =  np.nanmean(samp_curAll, axis = 1)
/oscar/data/deeps/private/bfoxkemp/jnickla1/Thorne_15_codefigurestats/Methods/43_Forcing_Based/1_ERF_FaIR/FaIR_comb_unB_method.py:126: RuntimeWarning: Mean of empty slice
  samp_meanAll =  np.nanmean(samp_curAll, axis = 1)
/oscar/data/deeps/private/bfoxkemp/jnickla1/Thorne_15_codefigurestats/Methods/43_Forcing_Based/1_ERF_FaIR/FaIR_nonat_method.py:53: RuntimeWarning: Mean of empty slice
  samp_mean =  np.nanmean(samp_cur, axis = 1)
/oscar/data/deeps/private/bfoxkemp/jnickla1/Thorne_15_codefigurestats/Methods/43_Forcing_Based/1_ERF_FaIR/FaIR_nonat_method.py:53: RuntimeWarning: Mean of empty slice
  samp_mean =  np.nanmean(samp_cur, axis = 1)
/oscar/data/deeps/private/bfoxkemp/jnickla1/Thorne_15_codefigurestats/Methods/43_Forcing_Based/1_ERF_FaIR/FaIR_nonat_unB_method.py:72: RuntimeWarning: Mean of empty slice
  samp_mean =  np.nanmean(samp_cur, axis = 1)
/oscar/data/deeps/private/bfoxkemp/jnickla1/Thorne_15_codefigurestats/Methods/43_Forcing_Based/1_ERF_FaIR/FaIR_nonat_unB_method.py:72: RuntimeWarning: Mean of empty slice
  samp_mean =  np.nanmean(samp_cur, axis = 1)
/oscar/data/deeps/private/bfoxkemp/jnickla1/Thorne_15_codefigurestats/Methods/43_Forcing_Based/1_ERF_FaIR/FaIR_all_method.py:68: RuntimeWarning: Mean of empty slice
  return np.nanmean(samp_cur[year_idx-1850, :], axis = 1)
/users/jnickla1/.conda/envs/cleanpy/lib/python3.13/site-packages/numpy/lib/_nanfunctions_impl.py:2019: RuntimeWarning: Degrees of freedom <= 0 for slice.
  var = nanvar(a, axis=axis, dtype=dtype, out=out, ddof=ddof,
/oscar/data/deeps/private/bfoxkemp/jnickla1/Thorne_15_codefigurestats/Methods/43_Forcing_Based/1_ERF_FaIR/FaIR_all_unB_method.py:90: RuntimeWarning: Mean of empty slice
  return np.nanmean(samp_cur[year_idx-1850, :], axis = 1)
/oscar/data/deeps/private/bfoxkemp/jnickla1/Thorne_15_codefigurestats/Methods/43_Forcing_Based/1_ERF_FaIR/FaIR_anthro_method.py:67: RuntimeWarning: Mean of empty slice
  return np.nanmean(samp_cur[year_idx-1850, :], axis = 1)
/oscar/data/deeps/private/bfoxkemp/jnickla1/Thorne_15_codefigurestats/Methods/43_Forcing_Based/1_ERF_FaIR/FaIR_all_method.py:68: RuntimeWarning: Mean of empty slice
  return np.nanmean(samp_cur[year_idx-1850, :], axis = 1)
/users/jnickla1/.conda/envs/cleanpy/lib/python3.13/site-packages/numpy/lib/_nanfunctions_impl.py:2019: RuntimeWarning: Degrees of freedom <= 0 for slice.
  var = nanvar(a, axis=axis, dtype=dtype, out=out, ddof=ddof,
/oscar/data/deeps/private/bfoxkemp/jnickla1/Thorne_15_codefigurestats/Methods/43_Forcing_Based/1_ERF_FaIR/FaIR_all_unB_method.py:90: RuntimeWarning: Mean of empty slice
  return np.nanmean(samp_cur[year_idx-1850, :], axis = 1)
/oscar/data/deeps/private/bfoxkemp/jnickla1/Thorne_15_codefigurestats/Methods/43_Forcing_Based/1_ERF_FaIR/FaIR_anthro_method.py:67: RuntimeWarning: Mean of empty slice
  return np.nanmean(samp_cur[year_idx-1850, :], axis = 1)
/oscar/data/deeps/private/bfoxkemp/jnickla1/Thorne_15_codefigurestats/Methods/43_Forcing_Based/1_ERF_FaIR/FaIR_anthro_unB_method.py:89: RuntimeWarning: Mean of empty slice
  return np.nanmean(samp_cur[year_idx-1850, :], axis = 1)
/oscar/data/deeps/private/bfoxkemp/jnickla1/Thorne_15_codefigurestats/Methods/43_Forcing_Based/1_ERF_FaIR/FaIR_comb_unB_method.py:152: RuntimeWarning: Mean of empty slice
  return np.nanmean(samp_cur[year_idx-1850, :], axis = 1)
/oscar/data/deeps/private/bfoxkemp/jnickla1/Thorne_15_codefigurestats/Methods/43_Forcing_Based/1_ERF_FaIR/FaIR_anthro_unB_method.py:89: RuntimeWarning: Mean of empty slice
  return np.nanmean(samp_cur[year_idx-1850, :], axis = 1)
/oscar/data/deeps/private/bfoxkemp/jnickla1/Thorne_15_codefigurestats/Methods/43_Forcing_Based/1_ERF_FaIR/FaIR_nonat_method.py:68: RuntimeWarning: Mean of empty slice
  return np.nanmean(samp_cur[year_idx-1850, :], axis = 1)
/oscar/data/deeps/private/bfoxkemp/jnickla1/Thorne_15_codefigurestats/Methods/43_Forcing_Based/1_ERF_FaIR/FaIR_comb_unB_method.py:152: RuntimeWarning: Mean of empty slice
  return np.nanmean(samp_cur[year_idx-1850, :], axis = 1)
/oscar/data/deeps/private/bfoxkemp/jnickla1/Thorne_15_codefigurestats/Methods/43_Forcing_Based/1_ERF_FaIR/FaIR_nonat_unB_method.py:92: RuntimeWarning: Mean of empty slice
  return np.nanmean(samp_cur[year_idx-1850, :], axis = 1)
/oscar/data/deeps/private/bfoxkemp/jnickla1/Thorne_15_codefigurestats/Methods/43_Forcing_Based/1_ERF_FaIR/FaIR_nonat_method.py:68: RuntimeWarning: Mean of empty slice
  return np.nanmean(samp_cur[year_idx-1850, :], axis = 1)
/oscar/data/deeps/private/bfoxkemp/jnickla1/Thorne_15_codefigurestats/Methods/43_Forcing_Based/1_ERF_FaIR/FaIR_nonat_unB_method.py:92: RuntimeWarning: Mean of empty slice
  return np.nanmean(samp_cur[year_idx-1850, :], axis = 1)
/oscar/data/deeps/private/bfoxkemp/jnickla1/Thorne_15_codefigurestats/Methods/43_Forcing_Based/1_ERF_FaIR/FaIR_anthro_method.py:67: RuntimeWarning: Mean of empty slice
  return np.nanmean(samp_cur[year_idx-1850, :], axis = 1)
/oscar/data/deeps/private/bfoxkemp/jnickla1/Thorne_15_codefigurestats/Methods/43_Forcing_Based/1_ERF_FaIR/FaIR_anthro_unB_method.py:89: RuntimeWarning: Mean of empty slice
  return np.nanmean(samp_cur[year_idx-1850, :], axis = 1)
/oscar/data/deeps/private/bfoxkemp/jnickla1/Thorne_15_codefigurestats/Methods/43_Forcing_Based/1_ERF_FaIR/FaIR_nonat_method.py:68: RuntimeWarning: Mean of empty slice
  return np.nanmean(samp_cur[year_idx-1850, :], axis = 1)
/oscar/data/deeps/private/bfoxkemp/jnickla1/Thorne_15_codefigurestats/Methods/43_Forcing_Based/1_ERF_FaIR/FaIR_anthro_method.py:67: RuntimeWarning: Mean of empty slice
  return np.nanmean(samp_cur[year_idx-1850, :], axis = 1)
/oscar/data/deeps/private/bfoxkemp/jnickla1/Thorne_15_codefigurestats/Methods/43_Forcing_Based/1_ERF_FaIR/FaIR_anthro_unB_method.py:89: RuntimeWarning: Mean of empty slice
  return np.nanmean(samp_cur[year_idx-1850, :], axis = 1)
/oscar/data/deeps/private/bfoxkemp/jnickla1/Thorne_15_codefigurestats/Methods/43_Forcing_Based/1_ERF_FaIR/FaIR_nonat_unB_method.py:92: RuntimeWarning: Mean of empty slice
  return np.nanmean(samp_cur[year_idx-1850, :], axis = 1)
/oscar/data/deeps/private/bfoxkemp/jnickla1/Thorne_15_codefigurestats/Methods/43_Forcing_Based/1_ERF_FaIR/FaIR_all_method.py:68: RuntimeWarning: Mean of empty slice
  return np.nanmean(samp_cur[year_idx-1850, :], axis = 1)
/oscar/data/deeps/private/bfoxkemp/jnickla1/Thorne_15_codefigurestats/Methods/43_Forcing_Based/1_ERF_FaIR/FaIR_all_unB_method.py:90: RuntimeWarning: Mean of empty slice
  return np.nanmean(samp_cur[year_idx-1850, :], axis = 1)
/oscar/data/deeps/private/bfoxkemp/jnickla1/Thorne_15_codefigurestats/Methods/43_Forcing_Based/1_ERF_FaIR/FaIR_nonat_method.py:68: RuntimeWarning: Mean of empty slice
  return np.nanmean(samp_cur[year_idx-1850, :], axis = 1)
/oscar/data/deeps/private/bfoxkemp/jnickla1/Thorne_15_codefigurestats/Methods/43_Forcing_Based/1_ERF_FaIR/FaIR_nonat_unB_method.py:92: RuntimeWarning: Mean of empty slice
  return np.nanmean(samp_cur[year_idx-1850, :], axis = 1)
/oscar/data/deeps/private/bfoxkemp/jnickla1/Thorne_15_codefigurestats/Methods/43_Forcing_Based/1_ERF_FaIR/FaIR_all_method.py:68: RuntimeWarning: Mean of empty slice
  return np.nanmean(samp_cur[year_idx-1850, :], axis = 1)
/oscar/data/deeps/private/bfoxkemp/jnickla1/Thorne_15_codefigurestats/Methods/43_Forcing_Based/1_ERF_FaIR/FaIR_comb_unB_method.py:152: RuntimeWarning: Mean of empty slice
  return np.nanmean(samp_cur[year_idx-1850, :], axis = 1)
/oscar/data/deeps/private/bfoxkemp/jnickla1/Thorne_15_codefigurestats/Methods/43_Forcing_Based/1_ERF_FaIR/FaIR_all_unB_method.py:90: RuntimeWarning: Mean of empty slice
  return np.nanmean(samp_cur[year_idx-1850, :], axis = 1)
/oscar/data/deeps/private/bfoxkemp/jnickla1/Thorne_15_codefigurestats/Methods/43_Forcing_Based/1_ERF_FaIR/FaIR_comb_unB_method.py:152: RuntimeWarning: Mean of empty slice
  return np.nanmean(samp_cur[year_idx-1850, :], axis = 1)
/oscar/data/deeps/private/bfoxkemp/jnickla1/Thorne_15_codefigurestats/Methods/43_Forcing_Based/1_ERF_FaIR/FaIR_anthro_method.py:67: RuntimeWarning: Mean of empty slice
  return np.nanmean(samp_cur[year_idx-1850, :], axis = 1)
/users/jnickla1/.conda/envs/cleanpy/lib/python3.13/site-packages/numpy/lib/_nanfunctions_impl.py:2019: RuntimeWarning: Degrees of freedom <= 0 for slice.
  var = nanvar(a, axis=axis, dtype=dtype, out=out, ddof=ddof,
/oscar/data/deeps/private/bfoxkemp/jnickla1/Thorne_15_codefigurestats/Methods/43_Forcing_Based/1_ERF_FaIR/FaIR_anthro_method.py:95: RuntimeWarning: Mean of empty slice
  cdist = np.nanmean(dist)
/oscar/data/deeps/private/bfoxkemp/jnickla1/Thorne_15_codefigurestats/Methods/43_Forcing_Based/1_ERF_FaIR/FaIR_anthro_method.py:67: RuntimeWarning: Mean of empty slice
  return np.nanmean(samp_cur[year_idx-1850, :], axis = 1)
/users/jnickla1/.conda/envs/cleanpy/lib/python3.13/site-packages/numpy/lib/_nanfunctions_impl.py:2019: RuntimeWarning: Degrees of freedom <= 0 for slice.
  var = nanvar(a, axis=axis, dtype=dtype, out=out, ddof=ddof,
/oscar/data/deeps/private/bfoxkemp/jnickla1/Thorne_15_codefigurestats/Methods/43_Forcing_Based/1_ERF_FaIR/FaIR_anthro_method.py:95: RuntimeWarning: Mean of empty slice
  cdist = np.nanmean(dist)
/oscar/data/deeps/private/bfoxkemp/jnickla1/Thorne_15_codefigurestats/Methods/43_Forcing_Based/1_ERF_FaIR/FaIR_all_method.py:53: RuntimeWarning: Mean of empty slice
  samp_mean =  np.nanmean(samp_cur, axis = 1)
/oscar/data/deeps/private/bfoxkemp/jnickla1/Thorne_15_codefigurestats/Methods/43_Forcing_Based/1_ERF_FaIR/FaIR_all_method.py:53: RuntimeWarning: Mean of empty slice
  samp_mean =  np.nanmean(samp_cur, axis = 1)
/oscar/data/deeps/private/bfoxkemp/jnickla1/Thorne_15_codefigurestats/Methods/43_Forcing_Based/1_ERF_FaIR/FaIR_all_method.py:53: RuntimeWarning: Mean of empty slice
  samp_mean =  np.nanmean(samp_cur, axis = 1)
/oscar/data/deeps/private/bfoxkemp/jnickla1/Thorne_15_codefigurestats/Methods/43_Forcing_Based/1_ERF_FaIR/FaIR_all_unB_method.py:70: RuntimeWarning: Mean of empty slice
  samp_mean =  np.nanmean(samp_cur, axis = 1)
/oscar/data/deeps/private/bfoxkemp/jnickla1/Thorne_15_codefigurestats/Methods/43_Forcing_Based/1_ERF_FaIR/FaIR_all_unB_method.py:70: RuntimeWarning: Mean of empty slice
  samp_mean =  np.nanmean(samp_cur, axis = 1)
/oscar/data/deeps/private/bfoxkemp/jnickla1/Thorne_15_codefigurestats/Methods/43_Forcing_Based/1_ERF_FaIR/FaIR_all_unB_method.py:70: RuntimeWarning: Mean of empty slice
  samp_mean =  np.nanmean(samp_cur, axis = 1)
/oscar/data/deeps/private/bfoxkemp/jnickla1/Thorne_15_codefigurestats/Methods/43_Forcing_Based/1_ERF_FaIR/FaIR_anthro_method.py:53: RuntimeWarning: Mean of empty slice
  samp_mean =  np.nanmean(samp_cur, axis = 1)
/oscar/data/deeps/private/bfoxkemp/jnickla1/Thorne_15_codefigurestats/Methods/43_Forcing_Based/1_ERF_FaIR/FaIR_anthro_method.py:53: RuntimeWarning: Mean of empty slice
  samp_mean =  np.nanmean(samp_cur, axis = 1)
/oscar/data/deeps/private/bfoxkemp/jnickla1/Thorne_15_codefigurestats/Methods/43_Forcing_Based/1_ERF_FaIR/FaIR_anthro_method.py:53: RuntimeWarning: Mean of empty slice
  samp_mean =  np.nanmean(samp_cur, axis = 1)
/oscar/data/deeps/private/bfoxkemp/jnickla1/Thorne_15_codefigurestats/Methods/43_Forcing_Based/1_ERF_FaIR/FaIR_anthro_unB_method.py:70: RuntimeWarning: Mean of empty slice
  samp_mean =  np.nanmean(samp_cur, axis = 1)
/oscar/data/deeps/private/bfoxkemp/jnickla1/Thorne_15_codefigurestats/Methods/43_Forcing_Based/1_ERF_FaIR/FaIR_anthro_unB_method.py:70: RuntimeWarning: Mean of empty slice
  samp_mean =  np.nanmean(samp_cur, axis = 1)
/oscar/data/deeps/private/bfoxkemp/jnickla1/Thorne_15_codefigurestats/Methods/43_Forcing_Based/1_ERF_FaIR/FaIR_anthro_unB_method.py:70: RuntimeWarning: Mean of empty slice
  samp_mean =  np.nanmean(samp_cur, axis = 1)
/oscar/data/deeps/private/bfoxkemp/jnickla1/Thorne_15_codefigurestats/Methods/43_Forcing_Based/1_ERF_FaIR/FaIR_comb_unB_method.py:70: RuntimeWarning: Mean of empty slice
  samp_mean =  np.nanmean(samp_cur, axis = 1)
/oscar/data/deeps/private/bfoxkemp/jnickla1/Thorne_15_codefigurestats/Methods/43_Forcing_Based/1_ERF_FaIR/FaIR_comb_unB_method.py:126: RuntimeWarning: Mean of empty slice
  samp_meanAll =  np.nanmean(samp_curAll, axis = 1)
/oscar/data/deeps/private/bfoxkemp/jnickla1/Thorne_15_codefigurestats/Methods/43_Forcing_Based/1_ERF_FaIR/FaIR_comb_unB_method.py:70: RuntimeWarning: Mean of empty slice
  samp_mean =  np.nanmean(samp_cur, axis = 1)
/oscar/data/deeps/private/bfoxkemp/jnickla1/Thorne_15_codefigurestats/Methods/43_Forcing_Based/1_ERF_FaIR/FaIR_comb_unB_method.py:126: RuntimeWarning: Mean of empty slice
  samp_meanAll =  np.nanmean(samp_curAll, axis = 1)
/oscar/data/deeps/private/bfoxkemp/jnickla1/Thorne_15_codefigurestats/Methods/43_Forcing_Based/1_ERF_FaIR/FaIR_comb_unB_method.py:70: RuntimeWarning: Mean of empty slice
  samp_mean =  np.nanmean(samp_cur, axis = 1)
/oscar/data/deeps/private/bfoxkemp/jnickla1/Thorne_15_codefigurestats/Methods/43_Forcing_Based/1_ERF_FaIR/FaIR_comb_unB_method.py:126: RuntimeWarning: Mean of empty slice
  samp_meanAll =  np.nanmean(samp_curAll, axis = 1)
/oscar/data/deeps/private/bfoxkemp/jnickla1/Thorne_15_codefigurestats/Methods/43_Forcing_Based/1_ERF_FaIR/FaIR_nonat_method.py:53: RuntimeWarning: Mean of empty slice
  samp_mean =  np.nanmean(samp_cur, axis = 1)
/oscar/data/deeps/private/bfoxkemp/jnickla1/Thorne_15_codefigurestats/Methods/43_Forcing_Based/1_ERF_FaIR/FaIR_nonat_method.py:53: RuntimeWarning: Mean of empty slice
  samp_mean =  np.nanmean(samp_cur, axis = 1)
/oscar/data/deeps/private/bfoxkemp/jnickla1/Thorne_15_codefigurestats/Methods/43_Forcing_Based/1_ERF_FaIR/FaIR_nonat_method.py:53: RuntimeWarning: Mean of empty slice
  samp_mean =  np.nanmean(samp_cur, axis = 1)
/oscar/data/deeps/private/bfoxkemp/jnickla1/Thorne_15_codefigurestats/Methods/43_Forcing_Based/1_ERF_FaIR/FaIR_nonat_unB_method.py:72: RuntimeWarning: Mean of empty slice
  samp_mean =  np.nanmean(samp_cur, axis = 1)
/oscar/data/deeps/private/bfoxkemp/jnickla1/Thorne_15_codefigurestats/Methods/43_Forcing_Based/1_ERF_FaIR/FaIR_nonat_unB_method.py:72: RuntimeWarning: Mean of empty slice
  samp_mean =  np.nanmean(samp_cur, axis = 1)
/oscar/data/deeps/private/bfoxkemp/jnickla1/Thorne_15_codefigurestats/Methods/43_Forcing_Based/1_ERF_FaIR/FaIR_all_method.py:68: RuntimeWarning: Mean of empty slice
  return np.nanmean(samp_cur[year_idx-1850, :], axis = 1)
/oscar/data/deeps/private/bfoxkemp/jnickla1/Thorne_15_codefigurestats/Methods/43_Forcing_Based/1_ERF_FaIR/FaIR_nonat_unB_method.py:72: RuntimeWarning: Mean of empty slice
  samp_mean =  np.nanmean(samp_cur, axis = 1)
/users/jnickla1/.conda/envs/cleanpy/lib/python3.13/site-packages/numpy/lib/_nanfunctions_impl.py:2019: RuntimeWarning: Degrees of freedom <= 0 for slice.
  var = nanvar(a, axis=axis, dtype=dtype, out=out, ddof=ddof,
/oscar/data/deeps/private/bfoxkemp/jnickla1/Thorne_15_codefigurestats/Methods/43_Forcing_Based/1_ERF_FaIR/FaIR_all_unB_method.py:90: RuntimeWarning: Mean of empty slice
  return np.nanmean(samp_cur[year_idx-1850, :], axis = 1)
/oscar/data/deeps/private/bfoxkemp/jnickla1/Thorne_15_codefigurestats/Methods/43_Forcing_Based/1_ERF_FaIR/FaIR_anthro_method.py:67: RuntimeWarning: Mean of empty slice
  return np.nanmean(samp_cur[year_idx-1850, :], axis = 1)
/oscar/data/deeps/private/bfoxkemp/jnickla1/Thorne_15_codefigurestats/Methods/43_Forcing_Based/1_ERF_FaIR/FaIR_anthro_unB_method.py:89: RuntimeWarning: Mean of empty slice
  return np.nanmean(samp_cur[year_idx-1850, :], axis = 1)
/oscar/data/deeps/private/bfoxkemp/jnickla1/Thorne_15_codefigurestats/Methods/43_Forcing_Based/1_ERF_FaIR/FaIR_all_method.py:68: RuntimeWarning: Mean of empty slice
  return np.nanmean(samp_cur[year_idx-1850, :], axis = 1)
/users/jnickla1/.conda/envs/cleanpy/lib/python3.13/site-packages/numpy/lib/_nanfunctions_impl.py:2019: RuntimeWarning: Degrees of freedom <= 0 for slice.
  var = nanvar(a, axis=axis, dtype=dtype, out=out, ddof=ddof,
/oscar/data/deeps/private/bfoxkemp/jnickla1/Thorne_15_codefigurestats/Methods/43_Forcing_Based/1_ERF_FaIR/FaIR_all_unB_method.py:90: RuntimeWarning: Mean of empty slice
  return np.nanmean(samp_cur[year_idx-1850, :], axis = 1)
/oscar/data/deeps/private/bfoxkemp/jnickla1/Thorne_15_codefigurestats/Methods/43_Forcing_Based/1_ERF_FaIR/FaIR_comb_unB_method.py:152: RuntimeWarning: Mean of empty slice
  return np.nanmean(samp_cur[year_idx-1850, :], axis = 1)
/oscar/data/deeps/private/bfoxkemp/jnickla1/Thorne_15_codefigurestats/Methods/43_Forcing_Based/1_ERF_FaIR/FaIR_anthro_method.py:67: RuntimeWarning: Mean of empty slice
  return np.nanmean(samp_cur[year_idx-1850, :], axis = 1)
/oscar/data/deeps/private/bfoxkemp/jnickla1/Thorne_15_codefigurestats/Methods/43_Forcing_Based/1_ERF_FaIR/FaIR_nonat_method.py:68: RuntimeWarning: Mean of empty slice
  return np.nanmean(samp_cur[year_idx-1850, :], axis = 1)
/oscar/data/deeps/private/bfoxkemp/jnickla1/Thorne_15_codefigurestats/Methods/43_Forcing_Based/1_ERF_FaIR/FaIR_all_method.py:68: RuntimeWarning: Mean of empty slice
  return np.nanmean(samp_cur[year_idx-1850, :], axis = 1)
/users/jnickla1/.conda/envs/cleanpy/lib/python3.13/site-packages/numpy/lib/_nanfunctions_impl.py:2019: RuntimeWarning: Degrees of freedom <= 0 for slice.
  var = nanvar(a, axis=axis, dtype=dtype, out=out, ddof=ddof,
/oscar/data/deeps/private/bfoxkemp/jnickla1/Thorne_15_codefigurestats/Methods/43_Forcing_Based/1_ERF_FaIR/FaIR_all_unB_method.py:90: RuntimeWarning: Mean of empty slice
  return np.nanmean(samp_cur[year_idx-1850, :], axis = 1)
/oscar/data/deeps/private/bfoxkemp/jnickla1/Thorne_15_codefigurestats/Methods/43_Forcing_Based/1_ERF_FaIR/FaIR_nonat_unB_method.py:92: RuntimeWarning: Mean of empty slice
  return np.nanmean(samp_cur[year_idx-1850, :], axis = 1)
/oscar/data/deeps/private/bfoxkemp/jnickla1/Thorne_15_codefigurestats/Methods/43_Forcing_Based/1_ERF_FaIR/FaIR_anthro_unB_method.py:89: RuntimeWarning: Mean of empty slice
  return np.nanmean(samp_cur[year_idx-1850, :], axis = 1)
/oscar/data/deeps/private/bfoxkemp/jnickla1/Thorne_15_codefigurestats/Methods/43_Forcing_Based/1_ERF_FaIR/FaIR_comb_unB_method.py:152: RuntimeWarning: Mean of empty slice
  return np.nanmean(samp_cur[year_idx-1850, :], axis = 1)
/oscar/data/deeps/private/bfoxkemp/jnickla1/Thorne_15_codefigurestats/Methods/43_Forcing_Based/1_ERF_FaIR/FaIR_nonat_method.py:68: RuntimeWarning: Mean of empty slice
  return np.nanmean(samp_cur[year_idx-1850, :], axis = 1)
/oscar/data/deeps/private/bfoxkemp/jnickla1/Thorne_15_codefigurestats/Methods/43_Forcing_Based/1_ERF_FaIR/FaIR_anthro_method.py:67: RuntimeWarning: Mean of empty slice
  return np.nanmean(samp_cur[year_idx-1850, :], axis = 1)
/oscar/data/deeps/private/bfoxkemp/jnickla1/Thorne_15_codefigurestats/Methods/43_Forcing_Based/1_ERF_FaIR/FaIR_nonat_unB_method.py:92: RuntimeWarning: Mean of empty slice
  return np.nanmean(samp_cur[year_idx-1850, :], axis = 1)
/oscar/data/deeps/private/bfoxkemp/jnickla1/Thorne_15_codefigurestats/Methods/43_Forcing_Based/1_ERF_FaIR/FaIR_anthro_method.py:67: RuntimeWarning: Mean of empty slice
  return np.nanmean(samp_cur[year_idx-1850, :], axis = 1)
/oscar/data/deeps/private/bfoxkemp/jnickla1/Thorne_15_codefigurestats/Methods/43_Forcing_Based/1_ERF_FaIR/FaIR_anthro_unB_method.py:89: RuntimeWarning: Mean of empty slice
  return np.nanmean(samp_cur[year_idx-1850, :], axis = 1)
/oscar/data/deeps/private/bfoxkemp/jnickla1/Thorne_15_codefigurestats/Methods/43_Forcing_Based/1_ERF_FaIR/FaIR_anthro_unB_method.py:89: RuntimeWarning: Mean of empty slice
  return np.nanmean(samp_cur[year_idx-1850, :], axis = 1)
/oscar/data/deeps/private/bfoxkemp/jnickla1/Thorne_15_codefigurestats/Methods/43_Forcing_Based/1_ERF_FaIR/FaIR_nonat_method.py:68: RuntimeWarning: Mean of empty slice
  return np.nanmean(samp_cur[year_idx-1850, :], axis = 1)
/oscar/data/deeps/private/bfoxkemp/jnickla1/Thorne_15_codefigurestats/Methods/43_Forcing_Based/1_ERF_FaIR/FaIR_anthro_unB_method.py:89: RuntimeWarning: Mean of empty slice
  return np.nanmean(samp_cur[year_idx-1850, :], axis = 1)
/oscar/data/deeps/private/bfoxkemp/jnickla1/Thorne_15_codefigurestats/Methods/43_Forcing_Based/1_ERF_FaIR/FaIR_comb_unB_method.py:152: RuntimeWarning: Mean of empty slice
  return np.nanmean(samp_cur[year_idx-1850, :], axis = 1)
/oscar/data/deeps/private/bfoxkemp/jnickla1/Thorne_15_codefigurestats/Methods/43_Forcing_Based/1_ERF_FaIR/FaIR_nonat_unB_method.py:92: RuntimeWarning: Mean of empty slice
  return np.nanmean(samp_cur[year_idx-1850, :], axis = 1)
/oscar/data/deeps/private/bfoxkemp/jnickla1/Thorne_15_codefigurestats/Methods/43_Forcing_Based/1_ERF_FaIR/FaIR_all_method.py:68: RuntimeWarning: Mean of empty slice
  return np.nanmean(samp_cur[year_idx-1850, :], axis = 1)
/oscar/data/deeps/private/bfoxkemp/jnickla1/Thorne_15_codefigurestats/Methods/43_Forcing_Based/1_ERF_FaIR/FaIR_all_unB_method.py:90: RuntimeWarning: Mean of empty slice
  return np.nanmean(samp_cur[year_idx-1850, :], axis = 1)
/users/jnickla1/.conda/envs/cleanpy/lib/python3.13/site-packages/numpy/lib/_nanfunctions_impl.py:2019: RuntimeWarning: Degrees of freedom <= 0 for slice.
  var = nanvar(a, axis=axis, dtype=dtype, out=out, ddof=ddof,
/oscar/data/deeps/private/bfoxkemp/jnickla1/Thorne_15_codefigurestats/Methods/43_Forcing_Based/1_ERF_FaIR/FaIR_anthro_unB_method.py:117: RuntimeWarning: Mean of empty slice
  cdist = np.nanmean(dist)
/oscar/data/deeps/private/bfoxkemp/jnickla1/Thorne_15_codefigurestats/Methods/43_Forcing_Based/1_ERF_FaIR/FaIR_nonat_method.py:68: RuntimeWarning: Mean of empty slice
  return np.nanmean(samp_cur[year_idx-1850, :], axis = 1)
/oscar/data/deeps/private/bfoxkemp/jnickla1/Thorne_15_codefigurestats/Methods/43_Forcing_Based/1_ERF_FaIR/FaIR_anthro_method.py:67: RuntimeWarning: Mean of empty slice
  return np.nanmean(samp_cur[year_idx-1850, :], axis = 1)
/oscar/data/deeps/private/bfoxkemp/jnickla1/Thorne_15_codefigurestats/Methods/43_Forcing_Based/1_ERF_FaIR/FaIR_comb_unB_method.py:152: RuntimeWarning: Mean of empty slice
  return np.nanmean(samp_cur[year_idx-1850, :], axis = 1)
/oscar/data/deeps/private/bfoxkemp/jnickla1/Thorne_15_codefigurestats/Methods/43_Forcing_Based/1_ERF_FaIR/FaIR_anthro_unB_method.py:89: RuntimeWarning: Mean of empty slice
  return np.nanmean(samp_cur[year_idx-1850, :], axis = 1)
/users/jnickla1/.conda/envs/cleanpy/lib/python3.13/site-packages/numpy/lib/_nanfunctions_impl.py:2019: RuntimeWarning: Degrees of freedom <= 0 for slice.
  var = nanvar(a, axis=axis, dtype=dtype, out=out, ddof=ddof,
/oscar/data/deeps/private/bfoxkemp/jnickla1/Thorne_15_codefigurestats/Methods/43_Forcing_Based/1_ERF_FaIR/FaIR_anthro_unB_method.py:117: RuntimeWarning: Mean of empty slice
  cdist = np.nanmean(dist)
/oscar/data/deeps/private/bfoxkemp/jnickla1/Thorne_15_codefigurestats/Methods/43_Forcing_Based/1_ERF_FaIR/FaIR_anthro_unB_method.py:89: RuntimeWarning: Mean of empty slice
  return np.nanmean(samp_cur[year_idx-1850, :], axis = 1)
/oscar/data/deeps/private/bfoxkemp/jnickla1/Thorne_15_codefigurestats/Methods/43_Forcing_Based/1_ERF_FaIR/FaIR_nonat_unB_method.py:92: RuntimeWarning: Mean of empty slice
  return np.nanmean(samp_cur[year_idx-1850, :], axis = 1)
/oscar/data/deeps/private/bfoxkemp/jnickla1/Thorne_15_codefigurestats/Methods/43_Forcing_Based/1_ERF_FaIR/FaIR_nonat_method.py:68: RuntimeWarning: Mean of empty slice
  return np.nanmean(samp_cur[year_idx-1850, :], axis = 1)
/oscar/data/deeps/private/bfoxkemp/jnickla1/Thorne_15_codefigurestats/Methods/43_Forcing_Based/1_ERF_FaIR/FaIR_nonat_unB_method.py:92: RuntimeWarning: Mean of empty slice
  return np.nanmean(samp_cur[year_idx-1850, :], axis = 1)
/oscar/data/deeps/private/bfoxkemp/jnickla1/Thorne_15_codefigurestats/Methods/43_Forcing_Based/1_ERF_FaIR/FaIR_all_method.py:68: RuntimeWarning: Mean of empty slice
  return np.nanmean(samp_cur[year_idx-1850, :], axis = 1)
/oscar/data/deeps/private/bfoxkemp/jnickla1/Thorne_15_codefigurestats/Methods/43_Forcing_Based/1_ERF_FaIR/FaIR_all_unB_method.py:90: RuntimeWarning: Mean of empty slice
  return np.nanmean(samp_cur[year_idx-1850, :], axis = 1)
/oscar/data/deeps/private/bfoxkemp/jnickla1/Thorne_15_codefigurestats/Methods/43_Forcing_Based/1_ERF_FaIR/FaIR_comb_unB_method.py:152: RuntimeWarning: Mean of empty slice
  return np.nanmean(samp_cur[year_idx-1850, :], axis = 1)
/oscar/data/deeps/private/bfoxkemp/jnickla1/Thorne_15_codefigurestats/Methods/43_Forcing_Based/1_ERF_FaIR/FaIR_anthro_method.py:67: RuntimeWarning: Mean of empty slice
  return np.nanmean(samp_cur[year_idx-1850, :], axis = 1)
/oscar/data/deeps/private/bfoxkemp/jnickla1/Thorne_15_codefigurestats/Methods/43_Forcing_Based/1_ERF_FaIR/FaIR_anthro_unB_method.py:89: RuntimeWarning: Mean of empty slice
  return np.nanmean(samp_cur[year_idx-1850, :], axis = 1)
/oscar/data/deeps/private/bfoxkemp/jnickla1/Thorne_15_codefigurestats/Methods/43_Forcing_Based/1_ERF_FaIR/FaIR_nonat_method.py:68: RuntimeWarning: Mean of empty slice
  return np.nanmean(samp_cur[year_idx-1850, :], axis = 1)
/oscar/data/deeps/private/bfoxkemp/jnickla1/Thorne_15_codefigurestats/Methods/43_Forcing_Based/1_ERF_FaIR/FaIR_nonat_unB_method.py:92: RuntimeWarning: Mean of empty slice
  return np.nanmean(samp_cur[year_idx-1850, :], axis = 1)
/oscar/data/deeps/private/bfoxkemp/jnickla1/Thorne_15_codefigurestats/Methods/43_Forcing_Based/1_ERF_FaIR/FaIR_all_method.py:68: RuntimeWarning: Mean of empty slice
  return np.nanmean(samp_cur[year_idx-1850, :], axis = 1)
/oscar/data/deeps/private/bfoxkemp/jnickla1/Thorne_15_codefigurestats/Methods/43_Forcing_Based/1_ERF_FaIR/FaIR_all_unB_method.py:90: RuntimeWarning: Mean of empty slice
  return np.nanmean(samp_cur[year_idx-1850, :], axis = 1)
/oscar/data/deeps/private/bfoxkemp/jnickla1/Thorne_15_codefigurestats/Methods/43_Forcing_Based/1_ERF_FaIR/FaIR_comb_unB_method.py:152: RuntimeWarning: Mean of empty slice
  return np.nanmean(samp_cur[year_idx-1850, :], axis = 1)
/oscar/data/deeps/private/bfoxkemp/jnickla1/Thorne_15_codefigurestats/Methods/43_Forcing_Based/1_ERF_FaIR/FaIR_anthro_method.py:67: RuntimeWarning: Mean of empty slice
  return np.nanmean(samp_cur[year_idx-1850, :], axis = 1)
/users/jnickla1/.conda/envs/cleanpy/lib/python3.13/site-packages/numpy/lib/_nanfunctions_impl.py:2019: RuntimeWarning: Degrees of freedom <= 0 for slice.
  var = nanvar(a, axis=axis, dtype=dtype, out=out, ddof=ddof,
/oscar/data/deeps/private/bfoxkemp/jnickla1/Thorne_15_codefigurestats/Methods/43_Forcing_Based/1_ERF_FaIR/FaIR_anthro_method.py:95: RuntimeWarning: Mean of empty slice
  cdist = np.nanmean(dist)
/oscar/data/deeps/private/bfoxkemp/jnickla1/Thorne_15_codefigurestats/Methods/43_Forcing_Based/1_ERF_FaIR/FaIR_anthro_method.py:67: RuntimeWarning: Mean of empty slice
  return np.nanmean(samp_cur[year_idx-1850, :], axis = 1)
/users/jnickla1/.conda/envs/cleanpy/lib/python3.13/site-packages/numpy/lib/_nanfunctions_impl.py:2019: RuntimeWarning: Degrees of freedom <= 0 for slice.
  var = nanvar(a, axis=axis, dtype=dtype, out=out, ddof=ddof,
/oscar/data/deeps/private/bfoxkemp/jnickla1/Thorne_15_codefigurestats/Methods/43_Forcing_Based/1_ERF_FaIR/FaIR_anthro_method.py:95: RuntimeWarning: Mean of empty slice
  cdist = np.nanmean(dist)
/oscar/data/deeps/private/bfoxkemp/jnickla1/Thorne_15_codefigurestats/Methods/43_Forcing_Based/1_ERF_FaIR/FaIR_anthro_method.py:67: RuntimeWarning: Mean of empty slice
  return np.nanmean(samp_cur[year_idx-1850, :], axis = 1)
/users/jnickla1/.conda/envs/cleanpy/lib/python3.13/site-packages/numpy/lib/_nanfunctions_impl.py:2019: RuntimeWarning: Degrees of freedom <= 0 for slice.
  var = nanvar(a, axis=axis, dtype=dtype, out=out, ddof=ddof,
/oscar/data/deeps/private/bfoxkemp/jnickla1/Thorne_15_codefigurestats/Methods/43_Forcing_Based/1_ERF_FaIR/FaIR_anthro_method.py:95: RuntimeWarning: Mean of empty slice
  cdist = np.nanmean(dist)
/oscar/data/deeps/private/bfoxkemp/jnickla1/Thorne_15_codefigurestats/fut_evaluation_script.py:464: RuntimeWarning: Mean of empty slice
  evalmean = np.nanmean(diffcrossE) #if crossing multiple times take the mean
/oscar/data/deeps/private/bfoxkemp/jnickla1/Thorne_15_codefigurestats/Methods/43_Forcing_Based/1_ERF_FaIR/FaIR_nonat_method.py:68: RuntimeWarning: Mean of empty slice
  return np.nanmean(samp_cur[year_idx-1850, :], axis = 1)
/users/jnickla1/.conda/envs/cleanpy/lib/python3.13/site-packages/numpy/lib/_nanfunctions_impl.py:2019: RuntimeWarning: Degrees of freedom <= 0 for slice.
  var = nanvar(a, axis=axis, dtype=dtype, out=out, ddof=ddof,
/oscar/data/deeps/private/bfoxkemp/jnickla1/Thorne_15_codefigurestats/Methods/43_Forcing_Based/1_ERF_FaIR/FaIR_nonat_method.py:96: RuntimeWarning: Mean of empty slice
  cdist = np.nanmean(dist)
/oscar/data/deeps/private/bfoxkemp/jnickla1/Thorne_15_codefigurestats/Methods/43_Forcing_Based/1_ERF_FaIR/FaIR_nonat_method.py:68: RuntimeWarning: Mean of empty slice
  return np.nanmean(samp_cur[year_idx-1850, :], axis = 1)
/users/jnickla1/.conda/envs/cleanpy/lib/python3.13/site-packages/numpy/lib/_nanfunctions_impl.py:2019: RuntimeWarning: Degrees of freedom <= 0 for slice.
  var = nanvar(a, axis=axis, dtype=dtype, out=out, ddof=ddof,
/oscar/data/deeps/private/bfoxkemp/jnickla1/Thorne_15_codefigurestats/Methods/43_Forcing_Based/1_ERF_FaIR/FaIR_nonat_method.py:96: RuntimeWarning: Mean of empty slice
  cdist = np.nanmean(dist)
/oscar/data/deeps/private/bfoxkemp/jnickla1/Thorne_15_codefigurestats/Methods/43_Forcing_Based/1_ERF_FaIR/FaIR_anthro_unB_method.py:89: RuntimeWarning: Mean of empty slice
  return np.nanmean(samp_cur[year_idx-1850, :], axis = 1)
/users/jnickla1/.conda/envs/cleanpy/lib/python3.13/site-packages/numpy/lib/_nanfunctions_impl.py:2019: RuntimeWarning: Degrees of freedom <= 0 for slice.
  var = nanvar(a, axis=axis, dtype=dtype, out=out, ddof=ddof,
/oscar/data/deeps/private/bfoxkemp/jnickla1/Thorne_15_codefigurestats/Methods/43_Forcing_Based/1_ERF_FaIR/FaIR_anthro_unB_method.py:117: RuntimeWarning: Mean of empty slice
  cdist = np.nanmean(dist)
/oscar/data/deeps/private/bfoxkemp/jnickla1/Thorne_15_codefigurestats/Methods/43_Forcing_Based/1_ERF_FaIR/FaIR_anthro_unB_method.py:89: RuntimeWarning: Mean of empty slice
  return np.nanmean(samp_cur[year_idx-1850, :], axis = 1)
/users/jnickla1/.conda/envs/cleanpy/lib/python3.13/site-packages/numpy/lib/_nanfunctions_impl.py:2019: RuntimeWarning: Degrees of freedom <= 0 for slice.
  var = nanvar(a, axis=axis, dtype=dtype, out=out, ddof=ddof,
/oscar/data/deeps/private/bfoxkemp/jnickla1/Thorne_15_codefigurestats/Methods/43_Forcing_Based/1_ERF_FaIR/FaIR_anthro_unB_method.py:117: RuntimeWarning: Mean of empty slice
  cdist = np.nanmean(dist)
/oscar/data/deeps/private/bfoxkemp/jnickla1/Thorne_15_codefigurestats/fut_evaluation_script.py:464: RuntimeWarning: Mean of empty slice
  evalmean = np.nanmean(diffcrossE) #if crossing multiple times take the mean
/oscar/data/deeps/private/bfoxkemp/jnickla1/Thorne_15_codefigurestats/Methods/43_Forcing_Based/1_ERF_FaIR/FaIR_anthro_unB_method.py:89: RuntimeWarning: Mean of empty slice
  return np.nanmean(samp_cur[year_idx-1850, :], axis = 1)
/users/jnickla1/.conda/envs/cleanpy/lib/python3.13/site-packages/numpy/lib/_nanfunctions_impl.py:2019: RuntimeWarning: Degrees of freedom <= 0 for slice.
  var = nanvar(a, axis=axis, dtype=dtype, out=out, ddof=ddof,
/oscar/data/deeps/private/bfoxkemp/jnickla1/Thorne_15_codefigurestats/Methods/43_Forcing_Based/1_ERF_FaIR/FaIR_anthro_unB_method.py:117: RuntimeWarning: Mean of empty slice
  cdist = np.nanmean(dist)
/oscar/data/deeps/private/bfoxkemp/jnickla1/Thorne_15_codefigurestats/Methods/43_Forcing_Based/1_ERF_FaIR/FaIR_nonat_method.py:68: RuntimeWarning: Mean of empty slice
  return np.nanmean(samp_cur[year_idx-1850, :], axis = 1)
/users/jnickla1/.conda/envs/cleanpy/lib/python3.13/site-packages/numpy/lib/_nanfunctions_impl.py:2019: RuntimeWarning: Degrees of freedom <= 0 for slice.
  var = nanvar(a, axis=axis, dtype=dtype, out=out, ddof=ddof,
/oscar/data/deeps/private/bfoxkemp/jnickla1/Thorne_15_codefigurestats/Methods/43_Forcing_Based/1_ERF_FaIR/FaIR_nonat_method.py:96: RuntimeWarning: Mean of empty slice
  cdist = np.nanmean(dist)
/oscar/data/deeps/private/bfoxkemp/jnickla1/Thorne_15_codefigurestats/Methods/43_Forcing_Based/1_ERF_FaIR/FaIR_nonat_unB_method.py:92: RuntimeWarning: Mean of empty slice
  return np.nanmean(samp_cur[year_idx-1850, :], axis = 1)
/users/jnickla1/.conda/envs/cleanpy/lib/python3.13/site-packages/numpy/lib/_nanfunctions_impl.py:2019: RuntimeWarning: Degrees of freedom <= 0 for slice.
  var = nanvar(a, axis=axis, dtype=dtype, out=out, ddof=ddof,
/oscar/data/deeps/private/bfoxkemp/jnickla1/Thorne_15_codefigurestats/Methods/43_Forcing_Based/1_ERF_FaIR/FaIR_nonat_unB_method.py:120: RuntimeWarning: Mean of empty slice
  cdist = np.nanmean(dist)
/oscar/data/deeps/private/bfoxkemp/jnickla1/Thorne_15_codefigurestats/Methods/43_Forcing_Based/1_ERF_FaIR/FaIR_nonat_unB_method.py:92: RuntimeWarning: Mean of empty slice
  return np.nanmean(samp_cur[year_idx-1850, :], axis = 1)
/users/jnickla1/.conda/envs/cleanpy/lib/python3.13/site-packages/numpy/lib/_nanfunctions_impl.py:2019: RuntimeWarning: Degrees of freedom <= 0 for slice.
  var = nanvar(a, axis=axis, dtype=dtype, out=out, ddof=ddof,
/oscar/data/deeps/private/bfoxkemp/jnickla1/Thorne_15_codefigurestats/Methods/43_Forcing_Based/1_ERF_FaIR/FaIR_nonat_unB_method.py:120: RuntimeWarning: Mean of empty slice
  cdist = np.nanmean(dist)
/oscar/data/deeps/private/bfoxkemp/jnickla1/Thorne_15_codefigurestats/Methods/43_Forcing_Based/1_ERF_FaIR/FaIR_nonat_method.py:68: RuntimeWarning: Mean of empty slice
  return np.nanmean(samp_cur[year_idx-1850, :], axis = 1)
/users/jnickla1/.conda/envs/cleanpy/lib/python3.13/site-packages/numpy/lib/_nanfunctions_impl.py:2019: RuntimeWarning: Degrees of freedom <= 0 for slice.
  var = nanvar(a, axis=axis, dtype=dtype, out=out, ddof=ddof,
/oscar/data/deeps/private/bfoxkemp/jnickla1/Thorne_15_codefigurestats/Methods/43_Forcing_Based/1_ERF_FaIR/FaIR_nonat_method.py:96: RuntimeWarning: Mean of empty slice
  cdist = np.nanmean(dist)
/oscar/data/deeps/private/bfoxkemp/jnickla1/Thorne_15_codefigurestats/fut_evaluation_script.py:464: RuntimeWarning: Mean of empty slice
  evalmean = np.nanmean(diffcrossE) #if crossing multiple times take the mean
/oscar/data/deeps/private/bfoxkemp/jnickla1/Thorne_15_codefigurestats/Methods/43_Forcing_Based/1_ERF_FaIR/FaIR_nonat_unB_method.py:92: RuntimeWarning: Mean of empty slice
  return np.nanmean(samp_cur[year_idx-1850, :], axis = 1)
/users/jnickla1/.conda/envs/cleanpy/lib/python3.13/site-packages/numpy/lib/_nanfunctions_impl.py:2019: RuntimeWarning: Degrees of freedom <= 0 for slice.
  var = nanvar(a, axis=axis, dtype=dtype, out=out, ddof=ddof,
/oscar/data/deeps/private/bfoxkemp/jnickla1/Thorne_15_codefigurestats/Methods/43_Forcing_Based/1_ERF_FaIR/FaIR_nonat_unB_method.py:120: RuntimeWarning: Mean of empty slice
  cdist = np.nanmean(dist)
/oscar/data/deeps/private/bfoxkemp/jnickla1/Thorne_15_codefigurestats/Methods/43_Forcing_Based/1_ERF_FaIR/FaIR_all_method.py:68: RuntimeWarning: Mean of empty slice
  return np.nanmean(samp_cur[year_idx-1850, :], axis = 1)
/users/jnickla1/.conda/envs/cleanpy/lib/python3.13/site-packages/numpy/lib/_nanfunctions_impl.py:2019: RuntimeWarning: Degrees of freedom <= 0 for slice.
  var = nanvar(a, axis=axis, dtype=dtype, out=out, ddof=ddof,
/oscar/data/deeps/private/bfoxkemp/jnickla1/Thorne_15_codefigurestats/Methods/43_Forcing_Based/1_ERF_FaIR/FaIR_all_method.py:96: RuntimeWarning: Mean of empty slice
  cdist = np.nanmean(dist)
/oscar/data/deeps/private/bfoxkemp/jnickla1/Thorne_15_codefigurestats/Methods/43_Forcing_Based/1_ERF_FaIR/FaIR_all_method.py:68: RuntimeWarning: Mean of empty slice
  return np.nanmean(samp_cur[year_idx-1850, :], axis = 1)
/users/jnickla1/.conda/envs/cleanpy/lib/python3.13/site-packages/numpy/lib/_nanfunctions_impl.py:2019: RuntimeWarning: Degrees of freedom <= 0 for slice.
  var = nanvar(a, axis=axis, dtype=dtype, out=out, ddof=ddof,
/oscar/data/deeps/private/bfoxkemp/jnickla1/Thorne_15_codefigurestats/Methods/43_Forcing_Based/1_ERF_FaIR/FaIR_all_method.py:96: RuntimeWarning: Mean of empty slice
  cdist = np.nanmean(dist)
/oscar/data/deeps/private/bfoxkemp/jnickla1/Thorne_15_codefigurestats/Methods/43_Forcing_Based/1_ERF_FaIR/FaIR_nonat_unB_method.py:92: RuntimeWarning: Mean of empty slice
  return np.nanmean(samp_cur[year_idx-1850, :], axis = 1)
/users/jnickla1/.conda/envs/cleanpy/lib/python3.13/site-packages/numpy/lib/_nanfunctions_impl.py:2019: RuntimeWarning: Degrees of freedom <= 0 for slice.
  var = nanvar(a, axis=axis, dtype=dtype, out=out, ddof=ddof,
/oscar/data/deeps/private/bfoxkemp/jnickla1/Thorne_15_codefigurestats/Methods/43_Forcing_Based/1_ERF_FaIR/FaIR_nonat_unB_method.py:120: RuntimeWarning: Mean of empty slice
  cdist = np.nanmean(dist)
/oscar/data/deeps/private/bfoxkemp/jnickla1/Thorne_15_codefigurestats/Methods/43_Forcing_Based/1_ERF_FaIR/FaIR_nonat_method.py:68: RuntimeWarning: Mean of empty slice
  return np.nanmean(samp_cur[year_idx-1850, :], axis = 1)
/users/jnickla1/.conda/envs/cleanpy/lib/python3.13/site-packages/numpy/lib/_nanfunctions_impl.py:2019: RuntimeWarning: Degrees of freedom <= 0 for slice.
  var = nanvar(a, axis=axis, dtype=dtype, out=out, ddof=ddof,
/oscar/data/deeps/private/bfoxkemp/jnickla1/Thorne_15_codefigurestats/Methods/43_Forcing_Based/1_ERF_FaIR/FaIR_nonat_method.py:96: RuntimeWarning: Mean of empty slice
  cdist = np.nanmean(dist)
/oscar/data/deeps/private/bfoxkemp/jnickla1/Thorne_15_codefigurestats/fut_evaluation_script.py:464: RuntimeWarning: Mean of empty slice
  evalmean = np.nanmean(diffcrossE) #if crossing multiple times take the mean
/oscar/data/deeps/private/bfoxkemp/jnickla1/Thorne_15_codefigurestats/fut_evaluation_script.py:427: RuntimeWarning: Mean of empty slice
  evalmean = np.nanmean(diffcross) #if crossing multiple times take the mean
/oscar/data/deeps/private/bfoxkemp/jnickla1/Thorne_15_codefigurestats/fut_evaluation_script.py:427: RuntimeWarning: Mean of empty slice
  evalmean = np.nanmean(diffcross) #if crossing multiple times take the mean
/oscar/data/deeps/private/bfoxkemp/jnickla1/Thorne_15_codefigurestats/Methods/43_Forcing_Based/1_ERF_FaIR/FaIR_all_method.py:68: RuntimeWarning: Mean of empty slice
  return np.nanmean(samp_cur[year_idx-1850, :], axis = 1)
/users/jnickla1/.conda/envs/cleanpy/lib/python3.13/site-packages/numpy/lib/_nanfunctions_impl.py:2019: RuntimeWarning: Degrees of freedom <= 0 for slice.
  var = nanvar(a, axis=axis, dtype=dtype, out=out, ddof=ddof,
/oscar/data/deeps/private/bfoxkemp/jnickla1/Thorne_15_codefigurestats/Methods/43_Forcing_Based/1_ERF_FaIR/FaIR_all_method.py:96: RuntimeWarning: Mean of empty slice
  cdist = np.nanmean(dist)
/oscar/data/deeps/private/bfoxkemp/jnickla1/Thorne_15_codefigurestats/fut_evaluation_script.py:464: RuntimeWarning: Mean of empty slice
  evalmean = np.nanmean(diffcrossE) #if crossing multiple times take the mean
/oscar/data/deeps/private/bfoxkemp/jnickla1/Thorne_15_codefigurestats/fut_evaluation_script.py:464: RuntimeWarning: Mean of empty slice
  evalmean = np.nanmean(diffcrossE) #if crossing multiple times take the mean
/oscar/data/deeps/private/bfoxkemp/jnickla1/Thorne_15_codefigurestats/Methods/43_Forcing_Based/1_ERF_FaIR/FaIR_all_method.py:68: RuntimeWarning: Mean of empty slice
  return np.nanmean(samp_cur[year_idx-1850, :], axis = 1)
/users/jnickla1/.conda/envs/cleanpy/lib/python3.13/site-packages/numpy/lib/_nanfunctions_impl.py:2019: RuntimeWarning: Degrees of freedom <= 0 for slice.
  var = nanvar(a, axis=axis, dtype=dtype, out=out, ddof=ddof,
/oscar/data/deeps/private/bfoxkemp/jnickla1/Thorne_15_codefigurestats/Methods/43_Forcing_Based/1_ERF_FaIR/FaIR_all_method.py:96: RuntimeWarning: Mean of empty slice
  cdist = np.nanmean(dist)
/oscar/data/deeps/private/bfoxkemp/jnickla1/Thorne_15_codefigurestats/Methods/43_Forcing_Based/1_ERF_FaIR/FaIR_all_unB_method.py:90: RuntimeWarning: Mean of empty slice
  return np.nanmean(samp_cur[year_idx-1850, :], axis = 1)
/users/jnickla1/.conda/envs/cleanpy/lib/python3.13/site-packages/numpy/lib/_nanfunctions_impl.py:2019: RuntimeWarning: Degrees of freedom <= 0 for slice.
  var = nanvar(a, axis=axis, dtype=dtype, out=out, ddof=ddof,
/oscar/data/deeps/private/bfoxkemp/jnickla1/Thorne_15_codefigurestats/Methods/43_Forcing_Based/1_ERF_FaIR/FaIR_all_unB_method.py:118: RuntimeWarning: Mean of empty slice
  cdist = np.nanmean(dist)
/oscar/data/deeps/private/bfoxkemp/jnickla1/Thorne_15_codefigurestats/fut_evaluation_script.py:464: RuntimeWarning: Mean of empty slice
  evalmean = np.nanmean(diffcrossE) #if crossing multiple times take the mean
/oscar/data/deeps/private/bfoxkemp/jnickla1/Thorne_15_codefigurestats/Methods/43_Forcing_Based/1_ERF_FaIR/FaIR_all_unB_method.py:90: RuntimeWarning: Mean of empty slice
  return np.nanmean(samp_cur[year_idx-1850, :], axis = 1)
/users/jnickla1/.conda/envs/cleanpy/lib/python3.13/site-packages/numpy/lib/_nanfunctions_impl.py:2019: RuntimeWarning: Degrees of freedom <= 0 for slice.
  var = nanvar(a, axis=axis, dtype=dtype, out=out, ddof=ddof,
/oscar/data/deeps/private/bfoxkemp/jnickla1/Thorne_15_codefigurestats/Methods/43_Forcing_Based/1_ERF_FaIR/FaIR_all_unB_method.py:118: RuntimeWarning: Mean of empty slice
  cdist = np.nanmean(dist)
/oscar/data/deeps/private/bfoxkemp/jnickla1/Thorne_15_codefigurestats/Methods/43_Forcing_Based/1_ERF_FaIR/FaIR_nonat_unB_method.py:92: RuntimeWarning: Mean of empty slice
  return np.nanmean(samp_cur[year_idx-1850, :], axis = 1)
/oscar/data/deeps/private/bfoxkemp/jnickla1/Thorne_15_codefigurestats/Methods/43_Forcing_Based/1_ERF_FaIR/FaIR_all_unB_method.py:90: RuntimeWarning: Mean of empty slice
  return np.nanmean(samp_cur[year_idx-1850, :], axis = 1)
/users/jnickla1/.conda/envs/cleanpy/lib/python3.13/site-packages/numpy/lib/_nanfunctions_impl.py:2019: RuntimeWarning: Degrees of freedom <= 0 for slice.
  var = nanvar(a, axis=axis, dtype=dtype, out=out, ddof=ddof,
/oscar/data/deeps/private/bfoxkemp/jnickla1/Thorne_15_codefigurestats/Methods/43_Forcing_Based/1_ERF_FaIR/FaIR_all_unB_method.py:118: RuntimeWarning: Mean of empty slice
  cdist = np.nanmean(dist)
/users/jnickla1/.conda/envs/cleanpy/lib/python3.13/site-packages/numpy/lib/_nanfunctions_impl.py:2019: RuntimeWarning: Degrees of freedom <= 0 for slice.
  var = nanvar(a, axis=axis, dtype=dtype, out=out, ddof=ddof,
/oscar/data/deeps/private/bfoxkemp/jnickla1/Thorne_15_codefigurestats/Methods/43_Forcing_Based/1_ERF_FaIR/FaIR_nonat_unB_method.py:120: RuntimeWarning: Mean of empty slice
  cdist = np.nanmean(dist)
/oscar/data/deeps/private/bfoxkemp/jnickla1/Thorne_15_codefigurestats/fut_evaluation_script.py:464: RuntimeWarning: Mean of empty slice
  evalmean = np.nanmean(diffcrossE) #if crossing multiple times take the mean
/oscar/data/deeps/private/bfoxkemp/jnickla1/Thorne_15_codefigurestats/Methods/43_Forcing_Based/1_ERF_FaIR/FaIR_comb_unB_method.py:152: RuntimeWarning: Mean of empty slice
  return np.nanmean(samp_cur[year_idx-1850, :], axis = 1)
/users/jnickla1/.conda/envs/cleanpy/lib/python3.13/site-packages/numpy/lib/_nanfunctions_impl.py:2019: RuntimeWarning: Degrees of freedom <= 0 for slice.
  var = nanvar(a, axis=axis, dtype=dtype, out=out, ddof=ddof,
/oscar/data/deeps/private/bfoxkemp/jnickla1/Thorne_15_codefigurestats/Methods/43_Forcing_Based/1_ERF_FaIR/FaIR_comb_unB_method.py:180: RuntimeWarning: Mean of empty slice
  cdist = np.nanmean(dist)
/oscar/data/deeps/private/bfoxkemp/jnickla1/Thorne_15_codefigurestats/Methods/43_Forcing_Based/1_ERF_FaIR/FaIR_comb_unB_method.py:152: RuntimeWarning: Mean of empty slice
  return np.nanmean(samp_cur[year_idx-1850, :], axis = 1)
/users/jnickla1/.conda/envs/cleanpy/lib/python3.13/site-packages/numpy/lib/_nanfunctions_impl.py:2019: RuntimeWarning: Degrees of freedom <= 0 for slice.
  var = nanvar(a, axis=axis, dtype=dtype, out=out, ddof=ddof,
/oscar/data/deeps/private/bfoxkemp/jnickla1/Thorne_15_codefigurestats/Methods/43_Forcing_Based/1_ERF_FaIR/FaIR_comb_unB_method.py:180: RuntimeWarning: Mean of empty slice
  cdist = np.nanmean(dist)
/oscar/data/deeps/private/bfoxkemp/jnickla1/Thorne_15_codefigurestats/Methods/43_Forcing_Based/1_ERF_FaIR/FaIR_all_unB_method.py:90: RuntimeWarning: Mean of empty slice
  return np.nanmean(samp_cur[year_idx-1850, :], axis = 1)
/users/jnickla1/.conda/envs/cleanpy/lib/python3.13/site-packages/numpy/lib/_nanfunctions_impl.py:2019: RuntimeWarning: Degrees of freedom <= 0 for slice.
  var = nanvar(a, axis=axis, dtype=dtype, out=out, ddof=ddof,
/oscar/data/deeps/private/bfoxkemp/jnickla1/Thorne_15_codefigurestats/Methods/43_Forcing_Based/1_ERF_FaIR/FaIR_all_unB_method.py:118: RuntimeWarning: Mean of empty slice
  cdist = np.nanmean(dist)
/oscar/data/deeps/private/bfoxkemp/jnickla1/Thorne_15_codefigurestats/Methods/43_Forcing_Based/1_ERF_FaIR/FaIR_comb_unB_method.py:152: RuntimeWarning: Mean of empty slice
  return np.nanmean(samp_cur[year_idx-1850, :], axis = 1)
/users/jnickla1/.conda/envs/cleanpy/lib/python3.13/site-packages/numpy/lib/_nanfunctions_impl.py:2019: RuntimeWarning: Degrees of freedom <= 0 for slice.
  var = nanvar(a, axis=axis, dtype=dtype, out=out, ddof=ddof,
/oscar/data/deeps/private/bfoxkemp/jnickla1/Thorne_15_codefigurestats/Methods/43_Forcing_Based/1_ERF_FaIR/FaIR_comb_unB_method.py:180: RuntimeWarning: Mean of empty slice
  cdist = np.nanmean(dist)
/oscar/data/deeps/private/bfoxkemp/jnickla1/Thorne_15_codefigurestats/fut_evaluation_script.py:464: RuntimeWarning: Mean of empty slice
  evalmean = np.nanmean(diffcrossE) #if crossing multiple times take the mean
/oscar/data/deeps/private/bfoxkemp/jnickla1/Thorne_15_codefigurestats/fut_evaluation_script.py:464: RuntimeWarning: Mean of empty slice
  evalmean = np.nanmean(diffcrossE) #if crossing multiple times take the mean
/oscar/data/deeps/private/bfoxkemp/jnickla1/Thorne_15_codefigurestats/Methods/43_Forcing_Based/1_ERF_FaIR/FaIR_all_method.py:68: RuntimeWarning: Mean of empty slice
  return np.nanmean(samp_cur[year_idx-1850, :], axis = 1)
/users/jnickla1/.conda/envs/cleanpy/lib/python3.13/site-packages/numpy/lib/_nanfunctions_impl.py:2019: RuntimeWarning: Degrees of freedom <= 0 for slice.
  var = nanvar(a, axis=axis, dtype=dtype, out=out, ddof=ddof,
/oscar/data/deeps/private/bfoxkemp/jnickla1/Thorne_15_codefigurestats/Methods/43_Forcing_Based/1_ERF_FaIR/FaIR_all_method.py:96: RuntimeWarning: Mean of empty slice
  cdist = np.nanmean(dist)
starting computation for fut_NorESM_RCP45_VolcConst
max_runs8
Model number:
7




Methods/42_Temp_Alone/1_Run_Means/cent10y_method.py
Methods/42_Temp_Alone/1_Run_Means/cent20y_method.py
Methods/42_Temp_Alone/1_Run_Means/cent21y_method.py
Methods/42_Temp_Alone/1_Run_Means/cent30y_method.py
Methods/42_Temp_Alone/1_Run_Means/lag10y_method.py
Methods/42_Temp_Alone/1_Run_Means/lag5y_method.py
Methods/42_Temp_Alone/1_Run_Means/offset11y_method.py
Methods/42_Temp_Alone/1_Run_Means/raw1y_method.py
Methods/43_Forcing_Based/1_ERF_FaIR/FaIR_all_method.py
Methods/43_Forcing_Based/1_ERF_FaIR/FaIR_all_unB_method.py
Methods/43_Forcing_Based/1_ERF_FaIR/FaIR_anthro_method.py
Methods/43_Forcing_Based/1_ERF_FaIR/FaIR_anthro_unB_method.py
Methods/43_Forcing_Based/1_ERF_FaIR/FaIR_comb_unB_method.py
Methods/43_Forcing_Based/1_ERF_FaIR/FaIR_nonat_method.py
Methods/43_Forcing_Based/1_ERF_FaIR/FaIR_nonat_unB_method.py
evaluating 13 of 0.1C thresholds, starting at 1.1C
11
FaIR_anthro sampled, d llike: 0.10497769469366362
FaIR_anthro sampled, d llike: -34.376580249966416
FaIR_anthro_unB sampled, d llike: -0.05132723300782249
FaIR_anthro_unB sampled, d llike: -1.5973574696273984
FaIR_nonat sampled, d llike: 0.03171886750081898
FaIR_nonat sampled, d llike: 0.09065514429186758
FaIR_nonat_unB sampled, d llike: -0.028686114112101535
FaIR_nonat_unB sampled, d llike: -0.05649243529335368
FaIR_all sampled, d llike: -8712.88986108605
FaIR_all sampled, d llike: 0.06045731142451066
FaIR_all_unB sampled, d llike: 0.003426128254417904
FaIR_all_unB sampled, d llike: -0.04246035339568266
FaIR_comb_unB sampled, d llike: -0.02623263125566666
FaIR_comb_unB sampled, d llike: -0.013936785382768657
        method_name    method_class c/r  smooth_r  avg_unc.(1se)  #q<0.5  #q<0.1   log-likeli       RMS      bias        tlog-l       100log-l    100RMS     75RMS   100bias        l15       l20    bias50   Edyrs15    Edyrs20   Mdyrs15    Mdyrs20   Fdyrs15    Fdyrs20     EdyrsA    RMSyrsA  ncEdyrs     e100log-l   e100RMS    e75RMS  e100bias      el15      el20   ebias50  eEdyrs15   eEdyrs20  eMdyrs15   eMdyrs20  eFdyrs15   eFdyrs20    eEdyrsA   eRMSyrsA  nceEdyrs
8         offset11y  42/1_Run_Means   c     2.804       0.033910     161     119    -0.572320  0.082452  0.062992 -1.316336e+02     123.949052  0.045312  0.046614  0.025517  10.482309  9.465591  0.038463 -0.583333  -1.583333 -0.583333  -1.583333 -0.583333  -1.583333  -1.506410   3.749288     13.0  7.722596e+01  0.050359  0.050920 -0.019522  1.762420  8.856263  0.003279  2.000000  -0.166667  2.000000  -0.166667  2.000000  -0.166667   1.121795   1.121795      13.0
21    FaIR_comb_unB   43/1_ERF_FaIR   c     2.539       0.079703       0       0     1.293501  0.060537  0.021597  2.017862e+02     111.997023  0.063232  0.050688  0.050782   3.290603  4.214422  0.017799 -3.583333  -0.083333 -3.583333  -0.083333 -3.583333  -0.083333  -2.705128   3.216710     13.0  1.325400e+02  0.028152  0.022495  0.005742  4.097390  4.469563 -0.017384 -1.000000   1.333333 -1.000000   1.333333 -1.000000   1.333333  -0.076923   0.076923      13.0
15   FaIR_nonat_unB   43/1_ERF_FaIR   c     2.527       0.091077       0       0     1.200253  0.064955  0.006143  1.920405e+02     106.132478  0.063768  0.050588  0.049533   3.005808  3.555701  0.015331 -3.750000   1.000000 -3.750000   1.000000 -3.750000   1.000000  -2.653846   3.346608     13.0  1.211466e+02  0.030430  0.024901  0.004493  3.699157  3.798313 -0.019853 -1.166667   2.416667 -1.166667   2.416667 -1.166667   2.416667  -0.025641   0.025641      13.0
19     FaIR_all_unB   43/1_ERF_FaIR   c     3.397       0.092081       0       0     1.068342  0.080190  0.035441  1.709347e+02     103.491745  0.066821  0.052436  0.051499   2.943026  3.520152  0.013988 -3.666667  -0.833333 -3.666667  -0.833333 -3.666667  -0.833333  -2.375000   3.262734     14.0  1.185311e+02  0.033928  0.026485  0.006460  3.468971  3.861608 -0.021195 -1.083333   0.583333 -1.083333   0.583333 -1.083333   0.583333   0.253205   0.253205      14.0
9       FaIR_anthro   43/1_ERF_FaIR   c     1.849       0.096500      72       0     0.070859  0.140071 -0.114053  1.133752e+01     102.485702  0.069823  0.077929 -0.053339   3.592458  1.783364 -0.092256  1.333333   7.583333  1.333333   7.583333  1.333333   7.583333   3.974359   5.625321     13.0  7.526477e+01  0.104095  0.113233 -0.098378  2.715190  1.729508 -0.127439  3.916667   9.000000  3.916667   9.000000  3.916667   9.000000   6.602564   6.602564      13.0
11  FaIR_anthro_unB   43/1_ERF_FaIR   c     1.844       0.096464       0       0     0.947163  0.081709 -0.007988  1.515461e+02      96.676671  0.069389  0.056535  0.052712   2.658879  3.098779  0.013740 -4.083333   1.333333 -4.083333   1.333333 -4.083333   1.333333  -2.916667   3.732294     13.0  1.114678e+02  0.034940  0.028730  0.007672  3.371525  3.306598 -0.021443 -1.500000   2.750000 -1.500000   2.750000 -1.500000   2.750000  -0.288462   0.288462      13.0
13       FaIR_nonat   43/1_ERF_FaIR   c     2.469       0.113723      52       0     0.564940  0.131511 -0.112487  9.039039e+01      90.321158  0.075591  0.085128 -0.064056   3.162279  1.924050 -0.098264  2.083333   7.750000  2.083333   7.750000  2.083333   7.750000   4.378205   5.512079     13.0  6.835012e+01  0.113161  0.122797 -0.109095  2.516151  1.909898 -0.133447  4.666667   9.166667  4.666667   9.166667  4.666667   9.166667   7.006410   7.006410      13.0
2             raw1y  42/1_Run_Means   c    32.713       0.114861       0       0     0.811801  0.105641 -0.000933  1.867142e+02      78.356674  0.100966  0.095305  0.002482   3.168828  0.866133  0.001031 -1.000000  -1.458333 -2.916667  -6.666667 -2.916667  -6.666667   0.378419   3.248069     36.2  7.166524e+01  0.109087  0.104582 -0.042558  3.195836  1.970091 -0.034153  1.583333  -0.041667  3.500000  -5.250000 -0.333333  -5.250000   3.006624   3.006624      36.2
1             lag5y  42/1_Run_Means   c     6.137       0.041235      93      47     0.019797  0.066964 -0.019057  4.553397e+00     -73.297475  0.071086  0.068267 -0.029364   7.316451  4.305469 -0.024903  0.250000   0.166667  0.250000   5.166667  0.250000  -3.333333   1.710470   2.233880     19.0 -4.457718e+02  0.099876  0.098874 -0.074404  1.920579  9.312164 -0.060086  2.833333   1.583333  2.833333   6.583333  2.833333  -1.916667   4.338675   4.338675      19.0
0            lag10y  42/1_Run_Means   c     2.854       0.034787     141      68    -0.148762  0.066610 -0.042412 -3.421534e+01    -221.912171  0.085426  0.085533 -0.075605   0.728637  1.230619 -0.063818  2.833333   7.333333  2.833333   7.333333  2.833333   7.333333   4.599359   4.815798     14.0 -8.111214e+02  0.129890  0.128394 -0.120644  0.003624  1.002387 -0.099002  5.416667   8.750000  5.416667   8.750000  5.416667   8.750000   7.227564   7.227564      14.0
17         FaIR_all   43/1_ERF_FaIR   c     3.395       0.005569     160     160 -9532.432632  0.159402 -0.137066 -1.525189e+06 -569085.994880  0.139582  0.152010 -0.132920   0.000000  0.000000 -0.170468  6.166667  10.416667  6.166667  10.416667  6.166667  10.416667  10.141026  12.617905     12.0 -1.019750e+06  0.181056  0.192150 -0.177960  0.000000  0.000000 -0.205651  8.750000  11.833333  8.750000  11.833333  8.750000  11.833333  12.314103  12.314103      12.0
4.552144761
finished this run
starting computation for fut_NorESM_RCP45_Volc
max_runs8
Model number:
7




Methods/42_Temp_Alone/1_Run_Means/cent10y_method.py
Methods/42_Temp_Alone/1_Run_Means/cent20y_method.py
Methods/42_Temp_Alone/1_Run_Means/cent21y_method.py
Methods/42_Temp_Alone/1_Run_Means/cent30y_method.py
Methods/42_Temp_Alone/1_Run_Means/lag10y_method.py
Methods/42_Temp_Alone/1_Run_Means/lag5y_method.py
Methods/42_Temp_Alone/1_Run_Means/offset11y_method.py
Methods/42_Temp_Alone/1_Run_Means/raw1y_method.py
Methods/43_Forcing_Based/1_ERF_FaIR/FaIR_all_method.py
Methods/43_Forcing_Based/1_ERF_FaIR/FaIR_all_unB_method.py
Methods/43_Forcing_Based/1_ERF_FaIR/FaIR_anthro_method.py
Methods/43_Forcing_Based/1_ERF_FaIR/FaIR_anthro_unB_method.py
Methods/43_Forcing_Based/1_ERF_FaIR/FaIR_comb_unB_method.py
Methods/43_Forcing_Based/1_ERF_FaIR/FaIR_nonat_method.py
Methods/43_Forcing_Based/1_ERF_FaIR/FaIR_nonat_unB_method.py
evaluating 13 of 0.1C thresholds, starting at 1.1C
11
FaIR_anthro sampled, d llike: 0.08152384658545823
FaIR_anthro sampled, d llike: -37.22668476613229
FaIR_anthro_unB sampled, d llike: -0.03948589138715952
FaIR_anthro_unB sampled, d llike: -2.093764053374295
FaIR_nonat sampled, d llike: 0.034378085311001616
FaIR_nonat sampled, d llike: 0.0730024373476525
FaIR_nonat_unB sampled, d llike: -0.036806991356678864
FaIR_nonat_unB sampled, d llike: -0.03942430814644626
FaIR_all sampled, d llike: -8781.20320141109
FaIR_all sampled, d llike: 0.04499713101162964
FaIR_all_unB sampled, d llike: 0.00021101688282421094
FaIR_all_unB sampled, d llike: -0.043737046875186314
FaIR_comb_unB sampled, d llike: -0.027439554856499626
FaIR_comb_unB sampled, d llike: -0.18549126251068748
        method_name    method_class c/r  smooth_r  avg_unc.(1se)  #q<0.5  #q<0.1   log-likeli       RMS      bias        tlog-l       100log-l    100RMS     75RMS   100bias       l15       l20    bias50   Edyrs15   Edyrs20    Mdyrs15   Mdyrs20   Fdyrs15   Fdyrs20    EdyrsA    RMSyrsA  ncEdyrs      e100log-l   e100RMS    e75RMS  e100bias           el15      el20   ebias50  eEdyrs15   eEdyrs20   eMdyrs15   eMdyrs20  eFdyrs15  eFdyrs20   eEdyrsA  eRMSyrsA  nceEdyrs
8         offset11y  42/1_Run_Means   c     2.768       0.034236     155     113    -0.566095  0.082743  0.063011 -1.302019e+02     125.365740  0.046652  0.053274  0.025595  8.666682  4.884517  0.043555  0.833333 -3.250000   0.833333 -3.250000  0.833333 -3.250000 -1.044872   2.114131     13.0      97.146861  0.050618  0.056061  0.028187   9.879655e+00  5.510996  0.036034  0.416667  -1.250000   0.416667  -1.250000  0.416667 -1.250000 -1.147436  1.147436      13.0
21    FaIR_comb_unB   43/1_ERF_FaIR   c     2.966       0.079508       0       0     1.297988  0.061041  0.021662  2.024862e+02     111.939257  0.063684  0.062552  0.050805  2.425026  3.826304  0.027077 -3.750000 -4.333333  -3.750000 -4.333333 -3.750000 -4.333333 -3.294872   3.783116     13.0     107.833546  0.068459  0.066765  0.053398   2.254152e+00  3.723753  0.019557 -4.166667  -2.333333  -4.166667  -2.333333 -4.166667 -2.333333 -3.397436  3.397436      13.0
15   FaIR_nonat_unB   43/1_ERF_FaIR   c     2.717       0.090853       0       0     1.192500  0.065901  0.003169  1.908000e+02     105.920781  0.063976  0.063723  0.044501  2.441564  3.730841  0.014265 -4.083333 -3.583333  -4.083333 -3.583333 -4.083333 -3.583333 -2.782051   3.715439     13.0     102.371093  0.068897  0.068688  0.047094   2.298319e+00  3.354049  0.006744 -4.500000  -1.583333  -4.500000  -1.583333 -4.500000 -1.583333 -2.884615  2.884615      13.0
11  FaIR_anthro_unB   43/1_ERF_FaIR   c     2.167       0.096242       0       0     0.976109  0.080412 -0.013580  1.561775e+02     101.440111  0.065402  0.065978  0.043518  2.319878  3.417475  0.013917 -4.833333 -3.666667  -4.833333 -3.666667 -4.833333 -3.666667 -3.038462   3.876568     14.0      99.730960  0.069773  0.070519  0.046110   2.260419e+00  3.412584  0.006396 -5.250000  -1.666667  -5.250000  -1.666667 -5.250000 -1.666667 -3.141026  3.141026      14.0
19     FaIR_all_unB   43/1_ERF_FaIR   c     5.614       0.092429       0       0     1.018569  0.086514  0.040991  1.629710e+02      95.424690  0.080541  0.076023  0.060823  1.931036  3.262979  0.044815 -4.416667 -5.250000  -4.416667 -5.250000 -4.416667 -5.250000 -2.884615   3.250616     17.0      91.945543  0.084956  0.079365  0.063416   1.765113e+00  3.077977  0.037294 -4.833333  -3.250000  -4.833333  -3.250000 -4.833333 -3.250000 -2.987179  2.987179      17.0
9       FaIR_anthro   43/1_ERF_FaIR   c     2.163       0.096225      92       0     0.006924  0.143508 -0.119635  1.107878e+00      91.439181  0.079334  0.079280 -0.062539  3.477070  2.746932 -0.092126  0.333333  7.000000   0.333333  7.000000  0.333333  7.000000  3.458333   4.970385     15.0      91.283151  0.079595  0.083311 -0.059947   3.451437e+00  2.506693 -0.099646 -0.083333   9.000000  -0.083333   9.000000 -0.083333  9.000000  3.355769  3.355769      15.0
13       FaIR_nonat   43/1_ERF_FaIR   c     2.719       0.113428      49       0     0.532428  0.134492 -0.115416  8.518852e+01      84.605694  0.082965  0.085251 -0.069065  3.211003  2.493683 -0.099273  0.750000  7.666667   0.750000  7.666667  0.750000  7.666667  4.009615   5.334397     14.0      84.595149  0.083355  0.089229 -0.066473   3.186630e+00  2.425835 -0.106793  0.333333   9.666667   0.333333   9.666667  0.333333  9.666667  3.907051  3.907051      14.0
2             raw1y  42/1_Run_Means   c    32.629       0.115253       0       0     0.806152  0.106229 -0.000291  1.854149e+02      76.974672  0.102678  0.105420  0.004153  3.687197  2.266746  0.000957 -2.166667  0.361111  -2.833333  5.583333 -2.833333 -5.500000 -0.319444   2.247405     35.2      77.364566  0.102191  0.105268  0.006746   3.640233e+00  3.711241 -0.006564 -2.583333   2.361111  -3.250000   7.583333 -3.250000 -3.500000 -0.422009  0.422009      35.2
1             lag5y  42/1_Run_Means   c     5.893       0.041368      85      42     0.065270  0.065401 -0.018784  1.501203e+01     -63.526774  0.067250  0.073015 -0.028638  8.743114  4.726849 -0.026576  0.583333  1.583333   0.583333  6.500000  0.583333 -3.333333  1.814103   2.554586     18.0     -54.640206  0.066836  0.074671 -0.026045   1.010195e+01  0.853362 -0.034096  0.166667   3.583333   0.166667   8.500000  0.166667 -1.333333  1.711538  1.711538      18.0
0            lag10y  42/1_Run_Means   c     2.862       0.035116     143      71     0.277413  0.066396 -0.042171  6.380493e+01    -123.809115  0.084953  0.085232 -0.074961  0.063350  4.737128 -0.058563  3.500000  5.125000   3.500000  8.000000  3.500000  2.250000  4.724359   4.922612     16.0     -89.940667  0.084516  0.087636 -0.072369   1.319043e-01  3.570670 -0.066084  3.083333   7.125000   3.083333  10.000000  3.083333  4.250000  4.621795  4.621795      16.0
17         FaIR_all   43/1_ERF_FaIR   c     5.488       0.005614     160     160 -9562.683192  0.156307 -0.131583 -1.530029e+06 -584324.979370  0.134385  0.135119 -0.123592  0.000000  0.000000 -0.139575  7.750000  8.666667  13.750000  9.583333  1.750000  7.750000  9.131410  10.881813     18.2 -566129.832190  0.133544  0.137243 -0.120999  2.082438e-253  0.000000 -0.147096  7.333333  10.666667  13.333333  11.583333  1.333333  9.750000  9.080128  9.080128      18.2
4.577072915
finished this run
starting computation for fut_ESM1-2-LR_SSP126_constVolc
max_runs8
Model number:
7




Methods/42_Temp_Alone/1_Run_Means/cent10y_method.py
Methods/42_Temp_Alone/1_Run_Means/cent20y_method.py
Methods/42_Temp_Alone/1_Run_Means/cent21y_method.py
Methods/42_Temp_Alone/1_Run_Means/cent30y_method.py
Methods/42_Temp_Alone/1_Run_Means/lag10y_method.py
Methods/42_Temp_Alone/1_Run_Means/lag5y_method.py
Methods/42_Temp_Alone/1_Run_Means/offset11y_method.py
Methods/42_Temp_Alone/1_Run_Means/raw1y_method.py
Methods/43_Forcing_Based/1_ERF_FaIR/FaIR_all_method.py
Methods/43_Forcing_Based/1_ERF_FaIR/FaIR_all_unB_method.py
Methods/43_Forcing_Based/1_ERF_FaIR/FaIR_anthro_method.py
Methods/43_Forcing_Based/1_ERF_FaIR/FaIR_anthro_unB_method.py
Methods/43_Forcing_Based/1_ERF_FaIR/FaIR_comb_unB_method.py
Methods/43_Forcing_Based/1_ERF_FaIR/FaIR_nonat_method.py
Methods/43_Forcing_Based/1_ERF_FaIR/FaIR_nonat_unB_method.py
evaluating 5 of 0.1C thresholds, starting at 1.1C
11
FaIR_anthro sampled, d llike: 0.013002658996360106
FaIR_anthro sampled, d llike: -0.04913668342568944
FaIR_anthro_unB sampled, d llike: 0.010648359562322574
FaIR_anthro_unB sampled, d llike: -0.050496607281864
FaIR_nonat sampled, d llike: -0.017761594995182595
FaIR_nonat sampled, d llike: -0.0676320148994407
FaIR_nonat_unB sampled, d llike: -0.016299439524836812
FaIR_nonat_unB sampled, d llike: -0.06533823171106201
FaIR_all sampled, d llike: -2337.1995337734675
FaIR_all sampled, d llike: -0.07361718883027302
FaIR_all_unB sampled, d llike: -0.021971099320213128
FaIR_all_unB sampled, d llike: -0.05975455643779948
FaIR_comb_unB sampled, d llike: -0.010690830181767419
FaIR_comb_unB sampled, d llike: 0.15901092260374983
        method_name    method_class c/r  smooth_r  avg_unc.(1se)  #q<0.5  #q<0.1   log-likeli       RMS      bias         tlog-l       100log-l    100RMS     75RMS   100bias       l15  l20    bias50    Edyrs15  Edyrs20    Mdyrs15  Mdyrs20    Fdyrs15  Fdyrs20     EdyrsA    RMSyrsA  ncEdyrs      e100log-l   e100RMS    e75RMS  e100bias      el15  el20   ebias50   eEdyrs15  eEdyrs20   eMdyrs15  eMdyrs20   eFdyrs15  eFdyrs20   eEdyrsA  eRMSyrsA  nceEdyrs
1             lag5y  42/1_Run_Means   c     6.070       0.047655      49      15     1.216219  0.061912 -0.012774     280.946531     145.986458  0.041911  0.040465 -0.007956  6.544585  0.0  0.003907   2.833333       -1   9.250000       -1  -3.583333       -1   2.841667   3.634757      7.2     116.564252  0.046628  0.050098 -0.019562  3.885590   0.0 -0.033282   7.666667        -1  14.083333        -1   1.250000        -1  5.127315  5.127315      10.2
21    FaIR_comb_unB   43/1_ERF_FaIR   c     2.290       0.072492       0       0     1.438877  0.054479  0.003876     225.903697     126.324332  0.061013  0.063085  0.030659  4.688703  0.0 -0.010861 -12.138889       -1 -16.416667       -1 -16.416667       -1  -6.327778   7.157046      7.3     109.337296  0.073161  0.072935  0.019053  4.574036   0.0 -0.048050  -7.305556        -1 -11.583333        -1 -11.583333        -1 -1.037037  1.037037       7.3
15   FaIR_nonat_unB   43/1_ERF_FaIR   c     2.251       0.082243       0       0     1.365090  0.053856  0.002749     219.779465     120.358502  0.060507  0.062702  0.028041  4.292457  0.0 -0.012175 -11.527778       -1 -16.583333       -1 -16.583333       -1  -6.038889   6.884777      7.3     107.086693  0.072573  0.073183  0.016435  4.179706   0.0 -0.049364  -6.694444        -1 -11.750000        -1 -11.750000        -1 -0.796296  0.796296       7.3
11  FaIR_anthro_unB   43/1_ERF_FaIR   c     1.855       0.083547       0       0     1.224905  0.067000 -0.009768     197.209732     119.474712  0.062031  0.065552  0.030171  4.006832  0.0 -0.006455 -11.229167       -1 -17.083333       -1 -17.083333       -1  -5.795833   6.691886      8.4     108.737978  0.071563  0.073787  0.018564  4.081678   0.0 -0.043645  -6.395833        -1 -12.250000        -1 -12.250000        -1 -0.593750  0.593750       8.4
9       FaIR_anthro   43/1_ERF_FaIR   c     1.869       0.083562       0       0     1.252997  0.066312 -0.002312     201.732441     118.189574  0.065986  0.069485  0.037631  3.938352  0.0  0.001008 -17.333333       -1 -17.333333       -1 -17.333333       -1  -7.350000   9.085779      5.0     107.949405  0.073850  0.074754  0.026025  3.952978   0.0 -0.036181 -12.500000        -1 -12.500000        -1 -12.500000        -1 -1.888889  1.888889       5.0
19     FaIR_all_unB   43/1_ERF_FaIR   c     3.620       0.084896       0       0     1.186716  0.072595  0.006823     191.061206     110.522974  0.072261  0.068926  0.035962  4.014095  0.0 -0.021208 -12.027778       -1 -16.666667       -1 -16.666667       -1  -7.355556   7.901750      7.3      93.298522  0.087629  0.081124  0.024356  4.235496   0.0 -0.058397  -7.194444        -1 -11.833333        -1 -11.833333        -1 -1.893519  1.893519       7.3
13       FaIR_nonat   43/1_ERF_FaIR   c     2.309       0.102657       0       0     1.194466  0.057295  0.004115     192.308966     106.917817  0.063136  0.065049  0.033303  3.436314  0.0 -0.006915 -11.888889       -1 -17.083333       -1 -17.083333       -1  -6.561111   7.336815      7.3      98.321111  0.073960  0.073369  0.021697  3.433263   0.0 -0.044104  -7.055556        -1 -12.250000        -1 -12.250000        -1 -1.231481  1.231481       7.3
0            lag10y  42/1_Run_Means   c     3.060       0.038176      71      14     1.323562  0.052485 -0.029213     305.742864     106.472751  0.052251  0.036335 -0.031398  8.800571  0.0  0.003670   3.916667       -1   6.666667       -1   1.166667       -1   4.683333   4.997638      7.2     106.500643  0.052048  0.050414 -0.043004  2.968159   0.0 -0.033519   8.750000        -1  11.500000        -1   6.000000        -1  7.777778  7.777778       8.2
2             raw1y  42/1_Run_Means   c    30.777       0.126301       0       0     0.719045  0.118075 -0.000442     166.099359      75.872546  0.103148  0.103702  0.006340  3.198197  0.0  0.000868   4.690476       -1  21.916667       -1 -11.833333       -1   2.053571   3.491518     26.7      73.380269  0.106851  0.107865 -0.005266  0.722718   0.0 -0.036322   6.652778        -1  19.666667        -1  -7.000000        -1  1.076058  1.076058      32.6
8         offset11y  42/1_Run_Means   c     2.627       0.036876     214     125    -1.205141  0.090154  0.077661    -278.387463    -138.866148  0.086422  0.099896  0.073339  0.587579  0.0  0.113643  -8.916667       -1 -11.000000       -1 -11.000000       -1  -3.450000   4.427346      6.2      -0.422436  0.068899  0.074527  0.061732  6.592527   0.0  0.076454  -4.083333        -1  -6.166667        -1  -6.166667        -1 -4.576389  4.576389       8.2
17         FaIR_all   43/1_ERF_FaIR   c     3.399       0.005566     145     132 -2547.742267  0.084647  0.043259 -410186.504996 -322340.093817  0.093560  0.085908  0.069448  0.000000  0.0  0.012277 -20.500000       -1 -20.500000       -1 -20.500000       -1 -10.316667  11.604298      5.0 -397644.954698  0.102145  0.086454  0.057842  0.000000   0.0 -0.024912 -15.666667        -1 -15.666667        -1 -15.666667        -1 -4.361111  4.361111       5.0
4.603317546
finished this run
/oscar/data/deeps/private/bfoxkemp/jnickla1/Thorne_15_codefigurestats/Methods/43_Forcing_Based/1_ERF_FaIR/FaIR_comb_unB_method.py:152: RuntimeWarning: Mean of empty slice
  return np.nanmean(samp_cur[year_idx-1850, :], axis = 1)
/users/jnickla1/.conda/envs/cleanpy/lib/python3.13/site-packages/numpy/lib/_nanfunctions_impl.py:2019: RuntimeWarning: Degrees of freedom <= 0 for slice.
  var = nanvar(a, axis=axis, dtype=dtype, out=out, ddof=ddof,
/oscar/data/deeps/private/bfoxkemp/jnickla1/Thorne_15_codefigurestats/Methods/43_Forcing_Based/1_ERF_FaIR/FaIR_comb_unB_method.py:180: RuntimeWarning: Mean of empty slice
  cdist = np.nanmean(dist)
starting computation for fut_ESM1-2-LR_SSP245_constVolc
max_runs8
Model number:
7




Methods/42_Temp_Alone/1_Run_Means/cent10y_method.py
Methods/42_Temp_Alone/1_Run_Means/cent20y_method.py
Methods/42_Temp_Alone/1_Run_Means/cent21y_method.py
Methods/42_Temp_Alone/1_Run_Means/cent30y_method.py
Methods/42_Temp_Alone/1_Run_Means/lag10y_method.py
Methods/42_Temp_Alone/1_Run_Means/lag5y_method.py
Methods/42_Temp_Alone/1_Run_Means/offset11y_method.py
Methods/42_Temp_Alone/1_Run_Means/raw1y_method.py
Methods/43_Forcing_Based/1_ERF_FaIR/FaIR_all_method.py
Methods/43_Forcing_Based/1_ERF_FaIR/FaIR_all_unB_method.py
Methods/43_Forcing_Based/1_ERF_FaIR/FaIR_anthro_method.py
Methods/43_Forcing_Based/1_ERF_FaIR/FaIR_anthro_unB_method.py
Methods/43_Forcing_Based/1_ERF_FaIR/FaIR_comb_unB_method.py
Methods/43_Forcing_Based/1_ERF_FaIR/FaIR_nonat_method.py
Methods/43_Forcing_Based/1_ERF_FaIR/FaIR_nonat_unB_method.py
evaluating 13 of 0.1C thresholds, starting at 1.1C
11
FaIR_anthro sampled, d llike: -0.01502823397110209
FaIR_anthro sampled, d llike: -0.029606725783493326
FaIR_anthro_unB sampled, d llike: -0.012897207196616689
FaIR_anthro_unB sampled, d llike: -0.03577884494801431
FaIR_nonat sampled, d llike: -0.03625024652783648
FaIR_nonat sampled, d llike: -0.043415099115963196
FaIR_nonat_unB sampled, d llike: -0.03336716062333478
FaIR_nonat_unB sampled, d llike: -0.04306894230348757
FaIR_all sampled, d llike: -1759.4894773123922
FaIR_all sampled, d llike: -0.049281366989782915
FaIR_all_unB sampled, d llike: -0.034769914776015876
FaIR_all_unB sampled, d llike: -0.0362962959783637
FaIR_comb_unB sampled, d llike: -0.028527865866776914
FaIR_comb_unB sampled, d llike: -0.01693456790860426
        method_name    method_class c/r  smooth_r  avg_unc.(1se)  #q<0.5  #q<0.1   log-likeli       RMS      bias         tlog-l       100log-l    100RMS     75RMS   100bias        l15        l20    bias50   Edyrs15       Edyrs20    Mdyrs15       Mdyrs20   Fdyrs15       Fdyrs20    EdyrsA   RMSyrsA  ncEdyrs      e100log-l   e100RMS    e75RMS  e100bias      el15       el20   ebias50  eEdyrs15  eEdyrs20   eMdyrs15   eMdyrs20  eFdyrs15  eFdyrs20   eEdyrsA  eRMSyrsA  nceEdyrs
8         offset11y  42/1_Run_Means   c     2.672       0.038585     170      78     0.008911  0.077317  0.058662       2.058413     141.579728  0.044853  0.049634  0.025110  12.015063   8.697397  0.033779 -0.250000  1.668923e-10  -0.250000  1.668923e-10 -0.250000  1.668923e-10 -1.269231  2.868187     13.0     129.168693  0.046854  0.048262  0.015841  2.316834   8.458563 -0.006265 -2.333333 -0.083333  -2.333333  -0.083333 -2.333333 -0.083333 -0.517857  0.517857      14.0
21    FaIR_comb_unB   43/1_ERF_FaIR   c     2.294       0.075747       0       0     1.474508  0.043078  0.005500     231.497779     129.255077  0.045627  0.043778  0.030022   4.447197   3.904565  0.006623 -1.916667  2.666667e+00  -1.916667  2.666667e+00 -1.916667  2.666667e+00 -1.846154  2.864832     14.0     119.703289  0.058914  0.055729  0.020753  2.779754   4.165055 -0.033421 -4.000000  2.583333  -4.000000   2.583333 -4.000000  2.583333 -0.583333  0.583333      15.0
15   FaIR_nonat_unB   43/1_ERF_FaIR   c     2.254       0.085924       0       0     1.375635  0.043543  0.002752     221.477172     122.083150  0.043745  0.042801  0.027531   3.967127   3.613412  0.008019 -2.166667  2.583333e+00  -2.166667  2.583333e+00 -2.166667  2.583333e+00 -1.762821  2.779177     13.0     115.632228  0.056208  0.054596  0.018262  2.920365   3.799191 -0.032025 -4.250000  2.500000  -4.250000   2.500000 -4.250000  2.500000 -0.604167  0.604167      15.0
11  FaIR_anthro_unB   43/1_ERF_FaIR   c     1.914       0.088539       0       0     1.229120  0.057862 -0.007792     197.888244     116.850261  0.046873  0.046900  0.030379   3.470674   3.550102  0.012680 -2.083333  2.083333e+00  -2.083333  2.083333e+00 -2.083333  2.083333e+00 -1.948718  2.877855     13.0     110.808853  0.056530  0.055577  0.021110  2.658691   3.755395 -0.027364 -4.166667  2.000000  -4.166667   2.000000 -4.166667  2.000000 -0.630952  0.630952      14.0
9       FaIR_anthro   43/1_ERF_FaIR   c     1.942       0.088555       0       0     1.240036  0.057491 -0.003716     199.645724     115.698841  0.049624  0.049742  0.034468   3.487438   3.638460  0.016775 -2.416667  1.750000e+00  -2.416667  1.750000e+00 -2.416667  1.750000e+00 -2.179487  3.036987     13.0     109.816789  0.058176  0.056514  0.025199  2.569309   3.824342 -0.023269 -4.500000  1.666667  -4.500000   1.666667 -4.500000  1.666667 -0.928571  0.928571      14.0
19     FaIR_all_unB   43/1_ERF_FaIR   c     3.648       0.088655       0       0     1.213473  0.062886  0.006100     195.369154     114.665593  0.054703  0.045809  0.035612   3.753264   3.350481  0.000347 -1.916667  2.916667e+00  -1.916667  2.916667e+00 -1.916667  2.916667e+00 -1.782051  3.189694     14.0     104.177508  0.071303  0.061848  0.026343  2.555470   3.561158 -0.039697 -4.000000  2.833333  -4.000000   2.833333 -4.000000  2.833333  0.708333  0.708333      14.0
13       FaIR_nonat   43/1_ERF_FaIR   c     2.294       0.107285       0       0     1.180422  0.047823  0.004418     190.048003     104.315862  0.047435  0.046416  0.033091   3.164927   3.091415  0.013599 -2.416667  2.333333e+00  -2.416667  2.333333e+00 -2.416667  2.333333e+00 -2.153846  3.036635     13.0     100.414729  0.058231  0.055431  0.023822  2.607360   3.196135 -0.026445 -4.500000  2.250000  -4.500000   2.250000 -4.500000  2.250000 -1.023810  1.023810      15.0
1             lag5y  42/1_Run_Means   c     6.163       0.049285      57      24     1.019130  0.065937 -0.022095     235.419084     100.459012  0.055343  0.058103 -0.031616   5.945622  11.363802 -0.027589  0.166667 -2.500000e-01   0.166667 -2.500000e-01  0.166667 -2.500000e-01  2.144231  2.803077     17.0      25.600985  0.075472  0.085057 -0.040885  1.063219   7.390545 -0.067633 -1.916667 -0.333333  -1.916667  -0.333333 -1.916667 -0.333333  2.744048  2.744048      19.0
2             raw1y  42/1_Run_Means   c    29.569       0.127423       0       0     0.707350  0.119352 -0.001856     163.397893      73.219884  0.106814  0.110884  0.002751   3.302296   2.419426  0.009511  3.583333  8.500000e-01  13.833333  1.266667e+01 -2.750000 -7.666667e+00  0.271047  2.454534     54.4      66.413144  0.116525  0.122364 -0.006518  2.510637   2.286684 -0.030533  1.500000  0.766667  11.750000  12.583333 -4.833333 -7.750000  0.761905  0.761905      57.4
0            lag10y  42/1_Run_Means   c     3.036       0.039840     132      63     0.648848  0.066765 -0.046671     149.883981     -49.386132  0.083981  0.082792 -0.075715   0.248079   1.482764 -0.068596  3.916667  4.083333e+00   3.916667  4.083333e+00  3.916667  4.083333e+00  4.698718  4.877971     15.0    -151.346912  0.097034  0.105891 -0.084984  6.367851   2.078577 -0.108640  1.833333  4.000000   1.833333   4.000000  1.833333  4.000000  5.267857  5.267857      16.0
17         FaIR_all   43/1_ERF_FaIR   c     3.361       0.005588     155     137 -1931.210569  0.077143  0.044562 -310924.901654 -227928.013158  0.082282  0.071042  0.071046   0.000000   0.170764  0.035792 -3.833333  1.666667e-01  -3.833333  1.666667e-01 -3.833333  1.666667e-01 -4.371795  5.093674     13.0 -301688.173412  0.090576  0.072908  0.061777  0.000000  54.239874 -0.004251 -5.916667  0.083333  -5.916667   0.083333 -5.916667  0.083333 -3.285714  3.285714      14.0
5.0512686
finished this run
/oscar/data/deeps/private/bfoxkemp/jnickla1/Thorne_15_codefigurestats/Methods/43_Forcing_Based/1_ERF_FaIR/FaIR_all_unB_method.py:90: RuntimeWarning: Mean of empty slice
  return np.nanmean(samp_cur[year_idx-1850, :], axis = 1)
/users/jnickla1/.conda/envs/cleanpy/lib/python3.13/site-packages/numpy/lib/_nanfunctions_impl.py:2019: RuntimeWarning: Degrees of freedom <= 0 for slice.
  var = nanvar(a, axis=axis, dtype=dtype, out=out, ddof=ddof,
/oscar/data/deeps/private/bfoxkemp/jnickla1/Thorne_15_codefigurestats/Methods/43_Forcing_Based/1_ERF_FaIR/FaIR_all_unB_method.py:118: RuntimeWarning: Mean of empty slice
  cdist = np.nanmean(dist)
/oscar/data/deeps/private/bfoxkemp/jnickla1/Thorne_15_codefigurestats/Methods/43_Forcing_Based/1_ERF_FaIR/FaIR_comb_unB_method.py:152: RuntimeWarning: Mean of empty slice
  return np.nanmean(samp_cur[year_idx-1850, :], axis = 1)
/users/jnickla1/.conda/envs/cleanpy/lib/python3.13/site-packages/numpy/lib/_nanfunctions_impl.py:2019: RuntimeWarning: Degrees of freedom <= 0 for slice.
  var = nanvar(a, axis=axis, dtype=dtype, out=out, ddof=ddof,
/oscar/data/deeps/private/bfoxkemp/jnickla1/Thorne_15_codefigurestats/Methods/43_Forcing_Based/1_ERF_FaIR/FaIR_comb_unB_method.py:180: RuntimeWarning: Mean of empty slice
  cdist = np.nanmean(dist)
starting computation for fut_ESM1-2-LR_SSP370_constVolc
max_runs8
Model number:
7




Methods/42_Temp_Alone/1_Run_Means/cent10y_method.py
Methods/42_Temp_Alone/1_Run_Means/cent20y_method.py
Methods/42_Temp_Alone/1_Run_Means/cent21y_method.py
Methods/42_Temp_Alone/1_Run_Means/cent30y_method.py
Methods/42_Temp_Alone/1_Run_Means/lag10y_method.py
Methods/42_Temp_Alone/1_Run_Means/lag5y_method.py
Methods/42_Temp_Alone/1_Run_Means/offset11y_method.py
Methods/42_Temp_Alone/1_Run_Means/raw1y_method.py
Methods/43_Forcing_Based/1_ERF_FaIR/FaIR_all_method.py
Methods/43_Forcing_Based/1_ERF_FaIR/FaIR_all_unB_method.py
Methods/43_Forcing_Based/1_ERF_FaIR/FaIR_anthro_method.py
Methods/43_Forcing_Based/1_ERF_FaIR/FaIR_anthro_unB_method.py
Methods/43_Forcing_Based/1_ERF_FaIR/FaIR_comb_unB_method.py
Methods/43_Forcing_Based/1_ERF_FaIR/FaIR_nonat_method.py
Methods/43_Forcing_Based/1_ERF_FaIR/FaIR_nonat_unB_method.py
evaluating 23 of 0.1C thresholds, starting at 1.1C
11
FaIR_anthro sampled, d llike: -0.02033961158364317
FaIR_anthro sampled, d llike: 0.04578725307591314
FaIR_anthro_unB sampled, d llike: -0.01995361818507413
FaIR_anthro_unB sampled, d llike: 0.012143258188035522
FaIR_nonat sampled, d llike: -0.03545360699841793
FaIR_nonat sampled, d llike: -0.0055130034782799875
FaIR_nonat_unB sampled, d llike: -0.0360657877292756
FaIR_nonat_unB sampled, d llike: -0.03365772022145053
FaIR_all sampled, d llike: -1700.6482377706934
FaIR_all sampled, d llike: -0.021265287565287228
FaIR_all_unB sampled, d llike: -0.02934114517839248
FaIR_all_unB sampled, d llike: -0.01341534420588264
FaIR_comb_unB sampled, d llike: -0.026778494483202575
FaIR_comb_unB sampled, d llike: -0.1781434188055551
        method_name    method_class c/r  smooth_r  avg_unc.(1se)  #q<0.5  #q<0.1   log-likeli       RMS      bias         tlog-l       100log-l    100RMS     75RMS   100bias       l15           l20    bias50   Edyrs15   Edyrs20   Mdyrs15   Mdyrs20   Fdyrs15   Fdyrs20    EdyrsA   RMSyrsA  ncEdyrs      e100log-l   e100RMS    e75RMS  e100bias          el15           el20   ebias50  eEdyrs15  eEdyrs20  eMdyrs15  eMdyrs20  eFdyrs15  eFdyrs20   eEdyrsA  eRMSyrsA  nceEdyrs
8         offset11y  42/1_Run_Means   c     2.944       0.040277     207      70    -0.030505  0.079275  0.036452      -7.046547     132.474768  0.052820  0.058998 -0.031267  4.428503  5.546598e+00 -0.064374  2.083333  1.916667  2.083333  1.916667  2.083333  1.916667  1.260870  1.941941     23.0      57.070317  0.065538  0.071435 -0.037164  3.139744e-04   4.313220e+00 -0.072151  3.583333  2.083333  3.583333  2.083333  3.583333  2.083333  1.641304  1.641304      23.0
9       FaIR_anthro   43/1_ERF_FaIR   c     1.875       0.085206       0       0     1.248436  0.059021 -0.021343     200.998248     117.490579  0.052254  0.049907  0.003987  4.162863  3.372156e+00 -0.025839 -1.666667  1.583333 -1.666667  1.583333 -1.666667  1.583333 -0.057971  2.107755     23.0     116.822168  0.051868  0.047403 -0.001910  3.951282e+00   3.209173e+00 -0.033615 -0.166667  1.750000 -0.166667  1.750000 -0.166667  1.750000  0.322464  0.322464      23.0
21    FaIR_comb_unB   43/1_ERF_FaIR   c     2.240       0.073394       0       0     1.418718  0.052786  0.018921     222.738720     117.050392  0.064641  0.052438  0.028849  4.246480  4.393184e+00 -0.007955 -4.333333  1.166667 -4.333333  1.166667 -4.333333  1.166667 -0.851449  2.673169     23.0     115.348618  0.065217  0.044602  0.022952  4.990475e+00   4.114921e+00 -0.015732 -2.833333  1.333333 -2.833333  1.333333 -2.833333  1.333333 -0.471014  0.471014      23.0
15   FaIR_nonat_unB   43/1_ERF_FaIR   c     2.152       0.083252       0       0     1.366958  0.048793  0.015629     220.080299     116.593597  0.058659  0.048506  0.027623  4.308162  4.144104e+00 -0.000091 -3.833333  1.083333 -3.833333  1.083333 -3.833333  1.083333 -0.887681  2.510545     23.0     116.365075  0.058205  0.040398  0.021726  4.449427e+00   4.029223e+00 -0.007867 -2.333333  1.250000 -2.333333  1.250000 -2.333333  1.250000 -0.507246  0.507246      23.0
11  FaIR_anthro_unB   43/1_ERF_FaIR   c     1.903       0.085255       0       0     1.321839  0.055411  0.006583     212.816087     112.888061  0.061107  0.053125  0.031900  3.595838  4.098922e+00  0.002054 -4.500000  0.916667 -4.500000  0.916667 -4.500000  0.916667 -1.025362  2.512829     23.0     113.756081  0.058015  0.041866  0.026003  3.932019e+00   3.957590e+00 -0.005722 -3.000000  1.083333 -3.000000  1.083333 -3.000000  1.083333 -0.644928  0.644928      23.0
13       FaIR_nonat   43/1_ERF_FaIR   c     2.206       0.103885       0       0     1.196805  0.050459 -0.013235     192.685567     107.117736  0.051800  0.048326  0.002627  3.809829  3.130538e+00 -0.025039 -1.250000  1.583333 -1.250000  1.583333 -1.250000  1.583333 -0.043478  2.142423     23.0     105.529065  0.054085  0.048537 -0.003270  3.531464e+00   3.034578e+00 -0.032815  0.250000  1.750000  0.250000  1.750000  0.250000  1.750000  0.336957  0.336957      23.0
19     FaIR_all_unB   43/1_ERF_FaIR   c     3.618       0.086060       0       0     1.194488  0.069143  0.016383     192.312488     107.050183  0.071186  0.052414  0.033717  4.012699  3.984817e+00 -0.007079 -3.083333  1.250000 -3.666667  1.250000 -3.666667  1.250000 -0.903986  2.892563     25.2     103.687076  0.073608  0.045414  0.027820  4.226719e+00   3.857390e+00 -0.014855 -1.583333  1.416667 -2.166667  1.416667 -2.166667  1.416667 -0.523551  0.523551      25.2
2             raw1y  42/1_Run_Means   c    31.504       0.124748       0       0     0.731691  0.116750 -0.004443     169.020524      78.759040  0.099246  0.096293 -0.003817  2.982054  3.281563e+00 -0.007510  0.750000  0.708333  1.750000  1.916667 -0.250000 -0.500000 -0.032609  1.398555     56.2      75.272601  0.104439  0.101364 -0.009714  1.324091e+00   3.320698e+00 -0.015287  2.250000  0.875000  3.250000  2.083333  1.250000 -0.333333  0.347826  0.347826      56.2
1             lag5y  42/1_Run_Means   c     6.095       0.048714     112      30     0.603362  0.070405 -0.032094     139.376644       4.416571  0.067890  0.075355 -0.056997  0.715223  9.639368e-01 -0.071842  2.750000  2.416667  2.750000  2.416667  2.750000  2.416667  2.186594  2.342454     24.0     -96.961079  0.079502  0.089648 -0.062894  5.721151e-15   6.038048e-01 -0.079618  4.250000  2.583333  4.250000  2.583333  4.250000  2.583333  2.567029  2.567029      24.0
0            lag10y  42/1_Run_Means   c     3.092       0.041168     153      91    -0.972485  0.093158 -0.066925    -224.644107    -423.914220  0.133294  0.148794 -0.127130  0.000024  2.109259e-03 -0.157614  5.166667  4.333333  5.166667  4.333333  5.166667  4.333333  4.485507  4.538084     23.0    -575.328581  0.142991  0.163186 -0.133027  4.665999e-31   9.958520e-04 -0.165390  6.666667  4.500000  6.666667  4.500000  6.666667  4.500000  4.865942  4.865942      23.0
17         FaIR_all   43/1_ERF_FaIR   c     3.381       0.005580     149     132 -1855.666173  0.073837  0.027944 -298762.253931 -207691.370447  0.075668  0.054599  0.042344  0.000000  3.762519e-73  0.001544 -4.083333  1.166667 -4.083333  1.166667 -4.083333  1.166667 -1.242754  3.115965     23.0 -228631.261790  0.077294  0.045171  0.036447  2.574743e-22  3.969150e-129 -0.006232 -2.583333  1.333333 -2.583333  1.333333 -2.583333  1.333333 -0.862319  0.862319      23.0
6.316768028
finished this run
All processes completed.
