/oscar/data/deeps/private/bfoxkemp/jnickla1/Thorne_15_codefigurestats/fut_evaluation_gen_ensemble.py:20: RuntimeWarning: Mean of empty slice
  return np.nanmean(standards_np,axis=0)
/oscar/data/deeps/private/bfoxkemp/jnickla1/Thorne_15_codefigurestats/fut_evaluation_gen_ensemble.py:20: RuntimeWarning: Mean of empty slice
  return np.nanmean(standards_np,axis=0)
/oscar/data/deeps/private/bfoxkemp/jnickla1/Thorne_15_codefigurestats/fut_evaluation_gen_ensemble.py:20: RuntimeWarning: Mean of empty slice
  return np.nanmean(standards_np,axis=0)
/oscar/data/deeps/private/bfoxkemp/jnickla1/Thorne_15_codefigurestats/fut_evaluation_gen_ensemble.py:20: RuntimeWarning: Mean of empty slice
  return np.nanmean(standards_np,axis=0)
/oscar/data/deeps/private/bfoxkemp/jnickla1/Thorne_15_codefigurestats/fut_evaluation_gen_ensemble.py:20: RuntimeWarning: Mean of empty slice
  return np.nanmean(standards_np,axis=0)
/oscar/data/deeps/private/bfoxkemp/jnickla1/Thorne_15_codefigurestats/Methods/43_Forcing_Based/1_ERF_FaIR/FaIR_all_method.py:53: RuntimeWarning: Mean of empty slice
  samp_mean =  np.nanmean(samp_cur, axis = 1)
/oscar/data/deeps/private/bfoxkemp/jnickla1/Thorne_15_codefigurestats/Methods/43_Forcing_Based/1_ERF_FaIR/FaIR_all_unB_method.py:70: RuntimeWarning: Mean of empty slice
  samp_mean =  np.nanmean(samp_cur, axis = 1)
/oscar/data/deeps/private/bfoxkemp/jnickla1/Thorne_15_codefigurestats/Methods/43_Forcing_Based/1_ERF_FaIR/FaIR_anthro_method.py:53: RuntimeWarning: Mean of empty slice
  samp_mean =  np.nanmean(samp_cur, axis = 1)
/oscar/data/deeps/private/bfoxkemp/jnickla1/Thorne_15_codefigurestats/Methods/43_Forcing_Based/1_ERF_FaIR/FaIR_anthro_unB_method.py:70: RuntimeWarning: Mean of empty slice
  samp_mean =  np.nanmean(samp_cur, axis = 1)
/oscar/data/deeps/private/bfoxkemp/jnickla1/Thorne_15_codefigurestats/Methods/43_Forcing_Based/1_ERF_FaIR/FaIR_comb_unB_method.py:70: RuntimeWarning: Mean of empty slice
  samp_mean =  np.nanmean(samp_cur, axis = 1)
/oscar/data/deeps/private/bfoxkemp/jnickla1/Thorne_15_codefigurestats/Methods/43_Forcing_Based/1_ERF_FaIR/FaIR_comb_unB_method.py:126: RuntimeWarning: Mean of empty slice
  samp_meanAll =  np.nanmean(samp_curAll, axis = 1)
/oscar/data/deeps/private/bfoxkemp/jnickla1/Thorne_15_codefigurestats/Methods/43_Forcing_Based/1_ERF_FaIR/FaIR_all_method.py:53: RuntimeWarning: Mean of empty slice
  samp_mean =  np.nanmean(samp_cur, axis = 1)
/oscar/data/deeps/private/bfoxkemp/jnickla1/Thorne_15_codefigurestats/Methods/43_Forcing_Based/1_ERF_FaIR/FaIR_all_unB_method.py:70: RuntimeWarning: Mean of empty slice
  samp_mean =  np.nanmean(samp_cur, axis = 1)
/oscar/data/deeps/private/bfoxkemp/jnickla1/Thorne_15_codefigurestats/Methods/43_Forcing_Based/1_ERF_FaIR/FaIR_nonat_method.py:53: RuntimeWarning: Mean of empty slice
  samp_mean =  np.nanmean(samp_cur, axis = 1)
/oscar/data/deeps/private/bfoxkemp/jnickla1/Thorne_15_codefigurestats/Methods/43_Forcing_Based/1_ERF_FaIR/FaIR_nonat_unB_method.py:72: RuntimeWarning: Mean of empty slice
  samp_mean =  np.nanmean(samp_cur, axis = 1)
/oscar/data/deeps/private/bfoxkemp/jnickla1/Thorne_15_codefigurestats/Methods/43_Forcing_Based/1_ERF_FaIR/FaIR_anthro_method.py:53: RuntimeWarning: Mean of empty slice
  samp_mean =  np.nanmean(samp_cur, axis = 1)
/oscar/data/deeps/private/bfoxkemp/jnickla1/Thorne_15_codefigurestats/Methods/43_Forcing_Based/1_ERF_FaIR/FaIR_all_method.py:68: RuntimeWarning: Mean of empty slice
  return np.nanmean(samp_cur[year_idx-1850, :], axis = 1)
/oscar/data/deeps/private/bfoxkemp/jnickla1/Thorne_15_codefigurestats/Methods/43_Forcing_Based/1_ERF_FaIR/FaIR_anthro_unB_method.py:70: RuntimeWarning: Mean of empty slice
  samp_mean =  np.nanmean(samp_cur, axis = 1)
/users/jnickla1/.conda/envs/cleanpy/lib/python3.13/site-packages/numpy/lib/_nanfunctions_impl.py:2019: RuntimeWarning: Degrees of freedom <= 0 for slice.
  var = nanvar(a, axis=axis, dtype=dtype, out=out, ddof=ddof,
/oscar/data/deeps/private/bfoxkemp/jnickla1/Thorne_15_codefigurestats/Methods/43_Forcing_Based/1_ERF_FaIR/FaIR_all_unB_method.py:90: RuntimeWarning: Mean of empty slice
  return np.nanmean(samp_cur[year_idx-1850, :], axis = 1)
/oscar/data/deeps/private/bfoxkemp/jnickla1/Thorne_15_codefigurestats/Methods/43_Forcing_Based/1_ERF_FaIR/FaIR_anthro_method.py:67: RuntimeWarning: Mean of empty slice
  return np.nanmean(samp_cur[year_idx-1850, :], axis = 1)
/oscar/data/deeps/private/bfoxkemp/jnickla1/Thorne_15_codefigurestats/Methods/43_Forcing_Based/1_ERF_FaIR/FaIR_anthro_unB_method.py:89: RuntimeWarning: Mean of empty slice
  return np.nanmean(samp_cur[year_idx-1850, :], axis = 1)
/oscar/data/deeps/private/bfoxkemp/jnickla1/Thorne_15_codefigurestats/Methods/43_Forcing_Based/1_ERF_FaIR/FaIR_comb_unB_method.py:152: RuntimeWarning: Mean of empty slice
  return np.nanmean(samp_cur[year_idx-1850, :], axis = 1)
/oscar/data/deeps/private/bfoxkemp/jnickla1/Thorne_15_codefigurestats/Methods/43_Forcing_Based/1_ERF_FaIR/FaIR_nonat_method.py:68: RuntimeWarning: Mean of empty slice
  return np.nanmean(samp_cur[year_idx-1850, :], axis = 1)
/oscar/data/deeps/private/bfoxkemp/jnickla1/Thorne_15_codefigurestats/Methods/43_Forcing_Based/1_ERF_FaIR/FaIR_comb_unB_method.py:70: RuntimeWarning: Mean of empty slice
  samp_mean =  np.nanmean(samp_cur, axis = 1)
/oscar/data/deeps/private/bfoxkemp/jnickla1/Thorne_15_codefigurestats/Methods/43_Forcing_Based/1_ERF_FaIR/FaIR_comb_unB_method.py:126: RuntimeWarning: Mean of empty slice
  samp_meanAll =  np.nanmean(samp_curAll, axis = 1)
/oscar/data/deeps/private/bfoxkemp/jnickla1/Thorne_15_codefigurestats/Methods/43_Forcing_Based/1_ERF_FaIR/FaIR_nonat_unB_method.py:92: RuntimeWarning: Mean of empty slice
  return np.nanmean(samp_cur[year_idx-1850, :], axis = 1)
/oscar/data/deeps/private/bfoxkemp/jnickla1/Thorne_15_codefigurestats/Methods/43_Forcing_Based/1_ERF_FaIR/FaIR_anthro_method.py:67: RuntimeWarning: Mean of empty slice
  return np.nanmean(samp_cur[year_idx-1850, :], axis = 1)
/oscar/data/deeps/private/bfoxkemp/jnickla1/Thorne_15_codefigurestats/Methods/43_Forcing_Based/1_ERF_FaIR/FaIR_anthro_unB_method.py:89: RuntimeWarning: Mean of empty slice
  return np.nanmean(samp_cur[year_idx-1850, :], axis = 1)
/oscar/data/deeps/private/bfoxkemp/jnickla1/Thorne_15_codefigurestats/Methods/43_Forcing_Based/1_ERF_FaIR/FaIR_nonat_method.py:53: RuntimeWarning: Mean of empty slice
  samp_mean =  np.nanmean(samp_cur, axis = 1)
/oscar/data/deeps/private/bfoxkemp/jnickla1/Thorne_15_codefigurestats/Methods/43_Forcing_Based/1_ERF_FaIR/FaIR_nonat_method.py:68: RuntimeWarning: Mean of empty slice
  return np.nanmean(samp_cur[year_idx-1850, :], axis = 1)
/oscar/data/deeps/private/bfoxkemp/jnickla1/Thorne_15_codefigurestats/Methods/43_Forcing_Based/1_ERF_FaIR/FaIR_nonat_unB_method.py:92: RuntimeWarning: Mean of empty slice
  return np.nanmean(samp_cur[year_idx-1850, :], axis = 1)
/oscar/data/deeps/private/bfoxkemp/jnickla1/Thorne_15_codefigurestats/Methods/43_Forcing_Based/1_ERF_FaIR/FaIR_all_method.py:68: RuntimeWarning: Mean of empty slice
  return np.nanmean(samp_cur[year_idx-1850, :], axis = 1)
/oscar/data/deeps/private/bfoxkemp/jnickla1/Thorne_15_codefigurestats/Methods/43_Forcing_Based/1_ERF_FaIR/FaIR_all_unB_method.py:90: RuntimeWarning: Mean of empty slice
  return np.nanmean(samp_cur[year_idx-1850, :], axis = 1)
/oscar/data/deeps/private/bfoxkemp/jnickla1/Thorne_15_codefigurestats/Methods/43_Forcing_Based/1_ERF_FaIR/FaIR_comb_unB_method.py:152: RuntimeWarning: Mean of empty slice
  return np.nanmean(samp_cur[year_idx-1850, :], axis = 1)
/oscar/data/deeps/private/bfoxkemp/jnickla1/Thorne_15_codefigurestats/Methods/43_Forcing_Based/1_ERF_FaIR/FaIR_nonat_unB_method.py:72: RuntimeWarning: Mean of empty slice
  samp_mean =  np.nanmean(samp_cur, axis = 1)
/oscar/data/deeps/private/bfoxkemp/jnickla1/Thorne_15_codefigurestats/Methods/43_Forcing_Based/1_ERF_FaIR/FaIR_all_method.py:68: RuntimeWarning: Mean of empty slice
  return np.nanmean(samp_cur[year_idx-1850, :], axis = 1)
/users/jnickla1/.conda/envs/cleanpy/lib/python3.13/site-packages/numpy/lib/_nanfunctions_impl.py:2019: RuntimeWarning: Degrees of freedom <= 0 for slice.
  var = nanvar(a, axis=axis, dtype=dtype, out=out, ddof=ddof,
/oscar/data/deeps/private/bfoxkemp/jnickla1/Thorne_15_codefigurestats/Methods/43_Forcing_Based/1_ERF_FaIR/FaIR_all_unB_method.py:90: RuntimeWarning: Mean of empty slice
  return np.nanmean(samp_cur[year_idx-1850, :], axis = 1)
/oscar/data/deeps/private/bfoxkemp/jnickla1/Thorne_15_codefigurestats/Methods/43_Forcing_Based/1_ERF_FaIR/FaIR_anthro_method.py:67: RuntimeWarning: Mean of empty slice
  return np.nanmean(samp_cur[year_idx-1850, :], axis = 1)
/oscar/data/deeps/private/bfoxkemp/jnickla1/Thorne_15_codefigurestats/Methods/43_Forcing_Based/1_ERF_FaIR/FaIR_anthro_unB_method.py:89: RuntimeWarning: Mean of empty slice
  return np.nanmean(samp_cur[year_idx-1850, :], axis = 1)
/oscar/data/deeps/private/bfoxkemp/jnickla1/Thorne_15_codefigurestats/Methods/43_Forcing_Based/1_ERF_FaIR/FaIR_comb_unB_method.py:152: RuntimeWarning: Mean of empty slice
  return np.nanmean(samp_cur[year_idx-1850, :], axis = 1)
/oscar/data/deeps/private/bfoxkemp/jnickla1/Thorne_15_codefigurestats/Methods/43_Forcing_Based/1_ERF_FaIR/FaIR_nonat_method.py:68: RuntimeWarning: Mean of empty slice
  return np.nanmean(samp_cur[year_idx-1850, :], axis = 1)
/oscar/data/deeps/private/bfoxkemp/jnickla1/Thorne_15_codefigurestats/Methods/43_Forcing_Based/1_ERF_FaIR/FaIR_nonat_unB_method.py:92: RuntimeWarning: Mean of empty slice
  return np.nanmean(samp_cur[year_idx-1850, :], axis = 1)
/oscar/data/deeps/private/bfoxkemp/jnickla1/Thorne_15_codefigurestats/Methods/43_Forcing_Based/1_ERF_FaIR/FaIR_anthro_method.py:67: RuntimeWarning: Mean of empty slice
  return np.nanmean(samp_cur[year_idx-1850, :], axis = 1)
/users/jnickla1/.conda/envs/cleanpy/lib/python3.13/site-packages/numpy/lib/_nanfunctions_impl.py:2019: RuntimeWarning: Degrees of freedom <= 0 for slice.
  var = nanvar(a, axis=axis, dtype=dtype, out=out, ddof=ddof,
/oscar/data/deeps/private/bfoxkemp/jnickla1/Thorne_15_codefigurestats/Methods/43_Forcing_Based/1_ERF_FaIR/FaIR_anthro_method.py:95: RuntimeWarning: Mean of empty slice
  cdist = np.nanmean(dist)
/oscar/data/deeps/private/bfoxkemp/jnickla1/Thorne_15_codefigurestats/Methods/43_Forcing_Based/1_ERF_FaIR/FaIR_anthro_method.py:67: RuntimeWarning: Mean of empty slice
  return np.nanmean(samp_cur[year_idx-1850, :], axis = 1)
/oscar/data/deeps/private/bfoxkemp/jnickla1/Thorne_15_codefigurestats/Methods/43_Forcing_Based/1_ERF_FaIR/FaIR_anthro_unB_method.py:89: RuntimeWarning: Mean of empty slice
  return np.nanmean(samp_cur[year_idx-1850, :], axis = 1)
/oscar/data/deeps/private/bfoxkemp/jnickla1/Thorne_15_codefigurestats/Methods/43_Forcing_Based/1_ERF_FaIR/FaIR_nonat_method.py:68: RuntimeWarning: Mean of empty slice
  return np.nanmean(samp_cur[year_idx-1850, :], axis = 1)
/oscar/data/deeps/private/bfoxkemp/jnickla1/Thorne_15_codefigurestats/Methods/43_Forcing_Based/1_ERF_FaIR/FaIR_nonat_unB_method.py:92: RuntimeWarning: Mean of empty slice
  return np.nanmean(samp_cur[year_idx-1850, :], axis = 1)
/oscar/data/deeps/private/bfoxkemp/jnickla1/Thorne_15_codefigurestats/Methods/43_Forcing_Based/1_ERF_FaIR/FaIR_all_method.py:68: RuntimeWarning: Mean of empty slice
  return np.nanmean(samp_cur[year_idx-1850, :], axis = 1)
/oscar/data/deeps/private/bfoxkemp/jnickla1/Thorne_15_codefigurestats/Methods/43_Forcing_Based/1_ERF_FaIR/FaIR_all_unB_method.py:90: RuntimeWarning: Mean of empty slice
  return np.nanmean(samp_cur[year_idx-1850, :], axis = 1)
/oscar/data/deeps/private/bfoxkemp/jnickla1/Thorne_15_codefigurestats/Methods/43_Forcing_Based/1_ERF_FaIR/FaIR_comb_unB_method.py:152: RuntimeWarning: Mean of empty slice
  return np.nanmean(samp_cur[year_idx-1850, :], axis = 1)
/oscar/data/deeps/private/bfoxkemp/jnickla1/Thorne_15_codefigurestats/Methods/43_Forcing_Based/1_ERF_FaIR/FaIR_anthro_method.py:67: RuntimeWarning: Mean of empty slice
  return np.nanmean(samp_cur[year_idx-1850, :], axis = 1)
/users/jnickla1/.conda/envs/cleanpy/lib/python3.13/site-packages/numpy/lib/_nanfunctions_impl.py:2019: RuntimeWarning: Degrees of freedom <= 0 for slice.
  var = nanvar(a, axis=axis, dtype=dtype, out=out, ddof=ddof,
/oscar/data/deeps/private/bfoxkemp/jnickla1/Thorne_15_codefigurestats/Methods/43_Forcing_Based/1_ERF_FaIR/FaIR_anthro_method.py:95: RuntimeWarning: Mean of empty slice
  cdist = np.nanmean(dist)
/oscar/data/deeps/private/bfoxkemp/jnickla1/Thorne_15_codefigurestats/fut_evaluation_script.py:427: RuntimeWarning: Mean of empty slice
  evalmean = np.nanmean(diffcross) #if crossing multiple times take the mean
/oscar/data/deeps/private/bfoxkemp/jnickla1/Thorne_15_codefigurestats/fut_evaluation_script.py:464: RuntimeWarning: Mean of empty slice
  evalmean = np.nanmean(diffcrossE) #if crossing multiple times take the mean
/oscar/data/deeps/private/bfoxkemp/jnickla1/Thorne_15_codefigurestats/Methods/43_Forcing_Based/1_ERF_FaIR/FaIR_anthro_unB_method.py:89: RuntimeWarning: Mean of empty slice
  return np.nanmean(samp_cur[year_idx-1850, :], axis = 1)
/users/jnickla1/.conda/envs/cleanpy/lib/python3.13/site-packages/numpy/lib/_nanfunctions_impl.py:2019: RuntimeWarning: Degrees of freedom <= 0 for slice.
  var = nanvar(a, axis=axis, dtype=dtype, out=out, ddof=ddof,
/oscar/data/deeps/private/bfoxkemp/jnickla1/Thorne_15_codefigurestats/Methods/43_Forcing_Based/1_ERF_FaIR/FaIR_anthro_unB_method.py:117: RuntimeWarning: Mean of empty slice
  cdist = np.nanmean(dist)
/oscar/data/deeps/private/bfoxkemp/jnickla1/Thorne_15_codefigurestats/Methods/43_Forcing_Based/1_ERF_FaIR/FaIR_anthro_unB_method.py:89: RuntimeWarning: Mean of empty slice
  return np.nanmean(samp_cur[year_idx-1850, :], axis = 1)
/users/jnickla1/.conda/envs/cleanpy/lib/python3.13/site-packages/numpy/lib/_nanfunctions_impl.py:2019: RuntimeWarning: Degrees of freedom <= 0 for slice.
  var = nanvar(a, axis=axis, dtype=dtype, out=out, ddof=ddof,
/oscar/data/deeps/private/bfoxkemp/jnickla1/Thorne_15_codefigurestats/Methods/43_Forcing_Based/1_ERF_FaIR/FaIR_anthro_unB_method.py:117: RuntimeWarning: Mean of empty slice
  cdist = np.nanmean(dist)
/oscar/data/deeps/private/bfoxkemp/jnickla1/Thorne_15_codefigurestats/Methods/43_Forcing_Based/1_ERF_FaIR/FaIR_all_method.py:53: RuntimeWarning: Mean of empty slice
  samp_mean =  np.nanmean(samp_cur, axis = 1)
/oscar/data/deeps/private/bfoxkemp/jnickla1/Thorne_15_codefigurestats/Methods/43_Forcing_Based/1_ERF_FaIR/FaIR_all_method.py:53: RuntimeWarning: Mean of empty slice
  samp_mean =  np.nanmean(samp_cur, axis = 1)
/oscar/data/deeps/private/bfoxkemp/jnickla1/Thorne_15_codefigurestats/Methods/43_Forcing_Based/1_ERF_FaIR/FaIR_all_method.py:53: RuntimeWarning: Mean of empty slice
  samp_mean =  np.nanmean(samp_cur, axis = 1)
/oscar/data/deeps/private/bfoxkemp/jnickla1/Thorne_15_codefigurestats/Methods/43_Forcing_Based/1_ERF_FaIR/FaIR_all_unB_method.py:70: RuntimeWarning: Mean of empty slice
  samp_mean =  np.nanmean(samp_cur, axis = 1)
/oscar/data/deeps/private/bfoxkemp/jnickla1/Thorne_15_codefigurestats/Methods/43_Forcing_Based/1_ERF_FaIR/FaIR_all_unB_method.py:70: RuntimeWarning: Mean of empty slice
  samp_mean =  np.nanmean(samp_cur, axis = 1)
/oscar/data/deeps/private/bfoxkemp/jnickla1/Thorne_15_codefigurestats/Methods/43_Forcing_Based/1_ERF_FaIR/FaIR_all_unB_method.py:70: RuntimeWarning: Mean of empty slice
  samp_mean =  np.nanmean(samp_cur, axis = 1)
/oscar/data/deeps/private/bfoxkemp/jnickla1/Thorne_15_codefigurestats/Methods/43_Forcing_Based/1_ERF_FaIR/FaIR_anthro_method.py:53: RuntimeWarning: Mean of empty slice
  samp_mean =  np.nanmean(samp_cur, axis = 1)
/oscar/data/deeps/private/bfoxkemp/jnickla1/Thorne_15_codefigurestats/Methods/43_Forcing_Based/1_ERF_FaIR/FaIR_anthro_method.py:53: RuntimeWarning: Mean of empty slice
  samp_mean =  np.nanmean(samp_cur, axis = 1)
/oscar/data/deeps/private/bfoxkemp/jnickla1/Thorne_15_codefigurestats/Methods/43_Forcing_Based/1_ERF_FaIR/FaIR_anthro_unB_method.py:70: RuntimeWarning: Mean of empty slice
  samp_mean =  np.nanmean(samp_cur, axis = 1)
/oscar/data/deeps/private/bfoxkemp/jnickla1/Thorne_15_codefigurestats/Methods/43_Forcing_Based/1_ERF_FaIR/FaIR_anthro_method.py:53: RuntimeWarning: Mean of empty slice
  samp_mean =  np.nanmean(samp_cur, axis = 1)
/oscar/data/deeps/private/bfoxkemp/jnickla1/Thorne_15_codefigurestats/Methods/43_Forcing_Based/1_ERF_FaIR/FaIR_anthro_unB_method.py:70: RuntimeWarning: Mean of empty slice
  samp_mean =  np.nanmean(samp_cur, axis = 1)
/oscar/data/deeps/private/bfoxkemp/jnickla1/Thorne_15_codefigurestats/Methods/43_Forcing_Based/1_ERF_FaIR/FaIR_anthro_unB_method.py:70: RuntimeWarning: Mean of empty slice
  samp_mean =  np.nanmean(samp_cur, axis = 1)
/oscar/data/deeps/private/bfoxkemp/jnickla1/Thorne_15_codefigurestats/Methods/43_Forcing_Based/1_ERF_FaIR/FaIR_comb_unB_method.py:70: RuntimeWarning: Mean of empty slice
  samp_mean =  np.nanmean(samp_cur, axis = 1)
/oscar/data/deeps/private/bfoxkemp/jnickla1/Thorne_15_codefigurestats/Methods/43_Forcing_Based/1_ERF_FaIR/FaIR_comb_unB_method.py:126: RuntimeWarning: Mean of empty slice
  samp_meanAll =  np.nanmean(samp_curAll, axis = 1)
/oscar/data/deeps/private/bfoxkemp/jnickla1/Thorne_15_codefigurestats/Methods/43_Forcing_Based/1_ERF_FaIR/FaIR_comb_unB_method.py:70: RuntimeWarning: Mean of empty slice
  samp_mean =  np.nanmean(samp_cur, axis = 1)
/oscar/data/deeps/private/bfoxkemp/jnickla1/Thorne_15_codefigurestats/Methods/43_Forcing_Based/1_ERF_FaIR/FaIR_comb_unB_method.py:126: RuntimeWarning: Mean of empty slice
  samp_meanAll =  np.nanmean(samp_curAll, axis = 1)
/oscar/data/deeps/private/bfoxkemp/jnickla1/Thorne_15_codefigurestats/Methods/43_Forcing_Based/1_ERF_FaIR/FaIR_comb_unB_method.py:70: RuntimeWarning: Mean of empty slice
  samp_mean =  np.nanmean(samp_cur, axis = 1)
/oscar/data/deeps/private/bfoxkemp/jnickla1/Thorne_15_codefigurestats/Methods/43_Forcing_Based/1_ERF_FaIR/FaIR_comb_unB_method.py:126: RuntimeWarning: Mean of empty slice
  samp_meanAll =  np.nanmean(samp_curAll, axis = 1)
/oscar/data/deeps/private/bfoxkemp/jnickla1/Thorne_15_codefigurestats/Methods/43_Forcing_Based/1_ERF_FaIR/FaIR_nonat_method.py:53: RuntimeWarning: Mean of empty slice
  samp_mean =  np.nanmean(samp_cur, axis = 1)
/oscar/data/deeps/private/bfoxkemp/jnickla1/Thorne_15_codefigurestats/Methods/43_Forcing_Based/1_ERF_FaIR/FaIR_nonat_method.py:53: RuntimeWarning: Mean of empty slice
  samp_mean =  np.nanmean(samp_cur, axis = 1)
/oscar/data/deeps/private/bfoxkemp/jnickla1/Thorne_15_codefigurestats/Methods/43_Forcing_Based/1_ERF_FaIR/FaIR_nonat_unB_method.py:72: RuntimeWarning: Mean of empty slice
  samp_mean =  np.nanmean(samp_cur, axis = 1)
/oscar/data/deeps/private/bfoxkemp/jnickla1/Thorne_15_codefigurestats/Methods/43_Forcing_Based/1_ERF_FaIR/FaIR_nonat_method.py:53: RuntimeWarning: Mean of empty slice
  samp_mean =  np.nanmean(samp_cur, axis = 1)
/oscar/data/deeps/private/bfoxkemp/jnickla1/Thorne_15_codefigurestats/Methods/43_Forcing_Based/1_ERF_FaIR/FaIR_all_method.py:68: RuntimeWarning: Mean of empty slice
  return np.nanmean(samp_cur[year_idx-1850, :], axis = 1)
/oscar/data/deeps/private/bfoxkemp/jnickla1/Thorne_15_codefigurestats/Methods/43_Forcing_Based/1_ERF_FaIR/FaIR_nonat_unB_method.py:72: RuntimeWarning: Mean of empty slice
  samp_mean =  np.nanmean(samp_cur, axis = 1)
/users/jnickla1/.conda/envs/cleanpy/lib/python3.13/site-packages/numpy/lib/_nanfunctions_impl.py:2019: RuntimeWarning: Degrees of freedom <= 0 for slice.
  var = nanvar(a, axis=axis, dtype=dtype, out=out, ddof=ddof,
/oscar/data/deeps/private/bfoxkemp/jnickla1/Thorne_15_codefigurestats/Methods/43_Forcing_Based/1_ERF_FaIR/FaIR_all_unB_method.py:90: RuntimeWarning: Mean of empty slice
  return np.nanmean(samp_cur[year_idx-1850, :], axis = 1)
/oscar/data/deeps/private/bfoxkemp/jnickla1/Thorne_15_codefigurestats/Methods/43_Forcing_Based/1_ERF_FaIR/FaIR_anthro_method.py:67: RuntimeWarning: Mean of empty slice
  return np.nanmean(samp_cur[year_idx-1850, :], axis = 1)
/oscar/data/deeps/private/bfoxkemp/jnickla1/Thorne_15_codefigurestats/Methods/43_Forcing_Based/1_ERF_FaIR/FaIR_nonat_unB_method.py:72: RuntimeWarning: Mean of empty slice
  samp_mean =  np.nanmean(samp_cur, axis = 1)
/oscar/data/deeps/private/bfoxkemp/jnickla1/Thorne_15_codefigurestats/Methods/43_Forcing_Based/1_ERF_FaIR/FaIR_anthro_unB_method.py:89: RuntimeWarning: Mean of empty slice
  return np.nanmean(samp_cur[year_idx-1850, :], axis = 1)
/oscar/data/deeps/private/bfoxkemp/jnickla1/Thorne_15_codefigurestats/Methods/43_Forcing_Based/1_ERF_FaIR/FaIR_comb_unB_method.py:152: RuntimeWarning: Mean of empty slice
  return np.nanmean(samp_cur[year_idx-1850, :], axis = 1)
/oscar/data/deeps/private/bfoxkemp/jnickla1/Thorne_15_codefigurestats/Methods/43_Forcing_Based/1_ERF_FaIR/FaIR_nonat_method.py:68: RuntimeWarning: Mean of empty slice
  return np.nanmean(samp_cur[year_idx-1850, :], axis = 1)
/oscar/data/deeps/private/bfoxkemp/jnickla1/Thorne_15_codefigurestats/Methods/43_Forcing_Based/1_ERF_FaIR/FaIR_all_method.py:68: RuntimeWarning: Mean of empty slice
  return np.nanmean(samp_cur[year_idx-1850, :], axis = 1)
/users/jnickla1/.conda/envs/cleanpy/lib/python3.13/site-packages/numpy/lib/_nanfunctions_impl.py:2019: RuntimeWarning: Degrees of freedom <= 0 for slice.
  var = nanvar(a, axis=axis, dtype=dtype, out=out, ddof=ddof,
/oscar/data/deeps/private/bfoxkemp/jnickla1/Thorne_15_codefigurestats/Methods/43_Forcing_Based/1_ERF_FaIR/FaIR_all_unB_method.py:90: RuntimeWarning: Mean of empty slice
  return np.nanmean(samp_cur[year_idx-1850, :], axis = 1)
/oscar/data/deeps/private/bfoxkemp/jnickla1/Thorne_15_codefigurestats/Methods/43_Forcing_Based/1_ERF_FaIR/FaIR_nonat_unB_method.py:92: RuntimeWarning: Mean of empty slice
  return np.nanmean(samp_cur[year_idx-1850, :], axis = 1)
/oscar/data/deeps/private/bfoxkemp/jnickla1/Thorne_15_codefigurestats/Methods/43_Forcing_Based/1_ERF_FaIR/FaIR_all_method.py:68: RuntimeWarning: Mean of empty slice
  return np.nanmean(samp_cur[year_idx-1850, :], axis = 1)
/users/jnickla1/.conda/envs/cleanpy/lib/python3.13/site-packages/numpy/lib/_nanfunctions_impl.py:2019: RuntimeWarning: Degrees of freedom <= 0 for slice.
  var = nanvar(a, axis=axis, dtype=dtype, out=out, ddof=ddof,
/oscar/data/deeps/private/bfoxkemp/jnickla1/Thorne_15_codefigurestats/Methods/43_Forcing_Based/1_ERF_FaIR/FaIR_all_unB_method.py:90: RuntimeWarning: Mean of empty slice
  return np.nanmean(samp_cur[year_idx-1850, :], axis = 1)
/oscar/data/deeps/private/bfoxkemp/jnickla1/Thorne_15_codefigurestats/Methods/43_Forcing_Based/1_ERF_FaIR/FaIR_anthro_method.py:67: RuntimeWarning: Mean of empty slice
  return np.nanmean(samp_cur[year_idx-1850, :], axis = 1)
/oscar/data/deeps/private/bfoxkemp/jnickla1/Thorne_15_codefigurestats/Methods/43_Forcing_Based/1_ERF_FaIR/FaIR_anthro_method.py:67: RuntimeWarning: Mean of empty slice
  return np.nanmean(samp_cur[year_idx-1850, :], axis = 1)
/oscar/data/deeps/private/bfoxkemp/jnickla1/Thorne_15_codefigurestats/Methods/43_Forcing_Based/1_ERF_FaIR/FaIR_anthro_method.py:67: RuntimeWarning: Mean of empty slice
  return np.nanmean(samp_cur[year_idx-1850, :], axis = 1)
/oscar/data/deeps/private/bfoxkemp/jnickla1/Thorne_15_codefigurestats/Methods/43_Forcing_Based/1_ERF_FaIR/FaIR_anthro_unB_method.py:89: RuntimeWarning: Mean of empty slice
  return np.nanmean(samp_cur[year_idx-1850, :], axis = 1)
/oscar/data/deeps/private/bfoxkemp/jnickla1/Thorne_15_codefigurestats/Methods/43_Forcing_Based/1_ERF_FaIR/FaIR_anthro_unB_method.py:89: RuntimeWarning: Mean of empty slice
  return np.nanmean(samp_cur[year_idx-1850, :], axis = 1)
/oscar/data/deeps/private/bfoxkemp/jnickla1/Thorne_15_codefigurestats/Methods/43_Forcing_Based/1_ERF_FaIR/FaIR_nonat_method.py:68: RuntimeWarning: Mean of empty slice
  return np.nanmean(samp_cur[year_idx-1850, :], axis = 1)
/oscar/data/deeps/private/bfoxkemp/jnickla1/Thorne_15_codefigurestats/Methods/43_Forcing_Based/1_ERF_FaIR/FaIR_nonat_unB_method.py:92: RuntimeWarning: Mean of empty slice
  return np.nanmean(samp_cur[year_idx-1850, :], axis = 1)
/oscar/data/deeps/private/bfoxkemp/jnickla1/Thorne_15_codefigurestats/Methods/43_Forcing_Based/1_ERF_FaIR/FaIR_anthro_unB_method.py:89: RuntimeWarning: Mean of empty slice
  return np.nanmean(samp_cur[year_idx-1850, :], axis = 1)
/oscar/data/deeps/private/bfoxkemp/jnickla1/Thorne_15_codefigurestats/Methods/43_Forcing_Based/1_ERF_FaIR/FaIR_comb_unB_method.py:152: RuntimeWarning: Mean of empty slice
  return np.nanmean(samp_cur[year_idx-1850, :], axis = 1)
/oscar/data/deeps/private/bfoxkemp/jnickla1/Thorne_15_codefigurestats/Methods/43_Forcing_Based/1_ERF_FaIR/FaIR_all_method.py:68: RuntimeWarning: Mean of empty slice
  return np.nanmean(samp_cur[year_idx-1850, :], axis = 1)
/oscar/data/deeps/private/bfoxkemp/jnickla1/Thorne_15_codefigurestats/Methods/43_Forcing_Based/1_ERF_FaIR/FaIR_all_unB_method.py:90: RuntimeWarning: Mean of empty slice
  return np.nanmean(samp_cur[year_idx-1850, :], axis = 1)
/oscar/data/deeps/private/bfoxkemp/jnickla1/Thorne_15_codefigurestats/Methods/43_Forcing_Based/1_ERF_FaIR/FaIR_comb_unB_method.py:152: RuntimeWarning: Mean of empty slice
  return np.nanmean(samp_cur[year_idx-1850, :], axis = 1)
/oscar/data/deeps/private/bfoxkemp/jnickla1/Thorne_15_codefigurestats/Methods/43_Forcing_Based/1_ERF_FaIR/FaIR_comb_unB_method.py:152: RuntimeWarning: Mean of empty slice
  return np.nanmean(samp_cur[year_idx-1850, :], axis = 1)
/oscar/data/deeps/private/bfoxkemp/jnickla1/Thorne_15_codefigurestats/Methods/43_Forcing_Based/1_ERF_FaIR/FaIR_nonat_method.py:68: RuntimeWarning: Mean of empty slice
  return np.nanmean(samp_cur[year_idx-1850, :], axis = 1)
/oscar/data/deeps/private/bfoxkemp/jnickla1/Thorne_15_codefigurestats/Methods/43_Forcing_Based/1_ERF_FaIR/FaIR_nonat_method.py:68: RuntimeWarning: Mean of empty slice
  return np.nanmean(samp_cur[year_idx-1850, :], axis = 1)
/oscar/data/deeps/private/bfoxkemp/jnickla1/Thorne_15_codefigurestats/Methods/43_Forcing_Based/1_ERF_FaIR/FaIR_nonat_unB_method.py:92: RuntimeWarning: Mean of empty slice
  return np.nanmean(samp_cur[year_idx-1850, :], axis = 1)
/oscar/data/deeps/private/bfoxkemp/jnickla1/Thorne_15_codefigurestats/Methods/43_Forcing_Based/1_ERF_FaIR/FaIR_nonat_unB_method.py:92: RuntimeWarning: Mean of empty slice
  return np.nanmean(samp_cur[year_idx-1850, :], axis = 1)
/oscar/data/deeps/private/bfoxkemp/jnickla1/Thorne_15_codefigurestats/Methods/43_Forcing_Based/1_ERF_FaIR/FaIR_anthro_method.py:67: RuntimeWarning: Mean of empty slice
  return np.nanmean(samp_cur[year_idx-1850, :], axis = 1)
/oscar/data/deeps/private/bfoxkemp/jnickla1/Thorne_15_codefigurestats/Methods/43_Forcing_Based/1_ERF_FaIR/FaIR_anthro_unB_method.py:89: RuntimeWarning: Mean of empty slice
  return np.nanmean(samp_cur[year_idx-1850, :], axis = 1)
/oscar/data/deeps/private/bfoxkemp/jnickla1/Thorne_15_codefigurestats/Methods/43_Forcing_Based/1_ERF_FaIR/FaIR_nonat_method.py:68: RuntimeWarning: Mean of empty slice
  return np.nanmean(samp_cur[year_idx-1850, :], axis = 1)
/oscar/data/deeps/private/bfoxkemp/jnickla1/Thorne_15_codefigurestats/Methods/43_Forcing_Based/1_ERF_FaIR/FaIR_anthro_method.py:67: RuntimeWarning: Mean of empty slice
  return np.nanmean(samp_cur[year_idx-1850, :], axis = 1)
/oscar/data/deeps/private/bfoxkemp/jnickla1/Thorne_15_codefigurestats/Methods/43_Forcing_Based/1_ERF_FaIR/FaIR_nonat_unB_method.py:92: RuntimeWarning: Mean of empty slice
  return np.nanmean(samp_cur[year_idx-1850, :], axis = 1)
/oscar/data/deeps/private/bfoxkemp/jnickla1/Thorne_15_codefigurestats/Methods/43_Forcing_Based/1_ERF_FaIR/FaIR_all_method.py:68: RuntimeWarning: Mean of empty slice
  return np.nanmean(samp_cur[year_idx-1850, :], axis = 1)
/oscar/data/deeps/private/bfoxkemp/jnickla1/Thorne_15_codefigurestats/Methods/43_Forcing_Based/1_ERF_FaIR/FaIR_anthro_unB_method.py:89: RuntimeWarning: Mean of empty slice
  return np.nanmean(samp_cur[year_idx-1850, :], axis = 1)
/oscar/data/deeps/private/bfoxkemp/jnickla1/Thorne_15_codefigurestats/Methods/43_Forcing_Based/1_ERF_FaIR/FaIR_nonat_method.py:68: RuntimeWarning: Mean of empty slice
  return np.nanmean(samp_cur[year_idx-1850, :], axis = 1)
/oscar/data/deeps/private/bfoxkemp/jnickla1/Thorne_15_codefigurestats/Methods/43_Forcing_Based/1_ERF_FaIR/FaIR_nonat_unB_method.py:92: RuntimeWarning: Mean of empty slice
  return np.nanmean(samp_cur[year_idx-1850, :], axis = 1)
/oscar/data/deeps/private/bfoxkemp/jnickla1/Thorne_15_codefigurestats/Methods/43_Forcing_Based/1_ERF_FaIR/FaIR_all_unB_method.py:90: RuntimeWarning: Mean of empty slice
  return np.nanmean(samp_cur[year_idx-1850, :], axis = 1)
/oscar/data/deeps/private/bfoxkemp/jnickla1/Thorne_15_codefigurestats/Methods/43_Forcing_Based/1_ERF_FaIR/FaIR_comb_unB_method.py:152: RuntimeWarning: Mean of empty slice
  return np.nanmean(samp_cur[year_idx-1850, :], axis = 1)
/oscar/data/deeps/private/bfoxkemp/jnickla1/Thorne_15_codefigurestats/Methods/43_Forcing_Based/1_ERF_FaIR/FaIR_all_method.py:68: RuntimeWarning: Mean of empty slice
  return np.nanmean(samp_cur[year_idx-1850, :], axis = 1)
/oscar/data/deeps/private/bfoxkemp/jnickla1/Thorne_15_codefigurestats/Methods/43_Forcing_Based/1_ERF_FaIR/FaIR_all_unB_method.py:90: RuntimeWarning: Mean of empty slice
  return np.nanmean(samp_cur[year_idx-1850, :], axis = 1)
/oscar/data/deeps/private/bfoxkemp/jnickla1/Thorne_15_codefigurestats/Methods/43_Forcing_Based/1_ERF_FaIR/FaIR_comb_unB_method.py:152: RuntimeWarning: Mean of empty slice
  return np.nanmean(samp_cur[year_idx-1850, :], axis = 1)
/oscar/data/deeps/private/bfoxkemp/jnickla1/Thorne_15_codefigurestats/Methods/43_Forcing_Based/1_ERF_FaIR/FaIR_anthro_method.py:67: RuntimeWarning: Mean of empty slice
  return np.nanmean(samp_cur[year_idx-1850, :], axis = 1)
/users/jnickla1/.conda/envs/cleanpy/lib/python3.13/site-packages/numpy/lib/_nanfunctions_impl.py:2019: RuntimeWarning: Degrees of freedom <= 0 for slice.
  var = nanvar(a, axis=axis, dtype=dtype, out=out, ddof=ddof,
/oscar/data/deeps/private/bfoxkemp/jnickla1/Thorne_15_codefigurestats/Methods/43_Forcing_Based/1_ERF_FaIR/FaIR_anthro_method.py:95: RuntimeWarning: Mean of empty slice
  cdist = np.nanmean(dist)
/oscar/data/deeps/private/bfoxkemp/jnickla1/Thorne_15_codefigurestats/Methods/43_Forcing_Based/1_ERF_FaIR/FaIR_anthro_method.py:67: RuntimeWarning: Mean of empty slice
  return np.nanmean(samp_cur[year_idx-1850, :], axis = 1)
/users/jnickla1/.conda/envs/cleanpy/lib/python3.13/site-packages/numpy/lib/_nanfunctions_impl.py:2019: RuntimeWarning: Degrees of freedom <= 0 for slice.
  var = nanvar(a, axis=axis, dtype=dtype, out=out, ddof=ddof,
/oscar/data/deeps/private/bfoxkemp/jnickla1/Thorne_15_codefigurestats/Methods/43_Forcing_Based/1_ERF_FaIR/FaIR_anthro_method.py:95: RuntimeWarning: Mean of empty slice
  cdist = np.nanmean(dist)
/oscar/data/deeps/private/bfoxkemp/jnickla1/Thorne_15_codefigurestats/Methods/43_Forcing_Based/1_ERF_FaIR/FaIR_anthro_method.py:67: RuntimeWarning: Mean of empty slice
  return np.nanmean(samp_cur[year_idx-1850, :], axis = 1)
/users/jnickla1/.conda/envs/cleanpy/lib/python3.13/site-packages/numpy/lib/_nanfunctions_impl.py:2019: RuntimeWarning: Degrees of freedom <= 0 for slice.
  var = nanvar(a, axis=axis, dtype=dtype, out=out, ddof=ddof,
/oscar/data/deeps/private/bfoxkemp/jnickla1/Thorne_15_codefigurestats/Methods/43_Forcing_Based/1_ERF_FaIR/FaIR_anthro_method.py:95: RuntimeWarning: Mean of empty slice
  cdist = np.nanmean(dist)
/oscar/data/deeps/private/bfoxkemp/jnickla1/Thorne_15_codefigurestats/Methods/43_Forcing_Based/1_ERF_FaIR/FaIR_nonat_method.py:68: RuntimeWarning: Mean of empty slice
  return np.nanmean(samp_cur[year_idx-1850, :], axis = 1)
/users/jnickla1/.conda/envs/cleanpy/lib/python3.13/site-packages/numpy/lib/_nanfunctions_impl.py:2019: RuntimeWarning: Degrees of freedom <= 0 for slice.
  var = nanvar(a, axis=axis, dtype=dtype, out=out, ddof=ddof,
/oscar/data/deeps/private/bfoxkemp/jnickla1/Thorne_15_codefigurestats/Methods/43_Forcing_Based/1_ERF_FaIR/FaIR_nonat_method.py:96: RuntimeWarning: Mean of empty slice
  cdist = np.nanmean(dist)
/oscar/data/deeps/private/bfoxkemp/jnickla1/Thorne_15_codefigurestats/Methods/43_Forcing_Based/1_ERF_FaIR/FaIR_nonat_method.py:68: RuntimeWarning: Mean of empty slice
  return np.nanmean(samp_cur[year_idx-1850, :], axis = 1)
/users/jnickla1/.conda/envs/cleanpy/lib/python3.13/site-packages/numpy/lib/_nanfunctions_impl.py:2019: RuntimeWarning: Degrees of freedom <= 0 for slice.
  var = nanvar(a, axis=axis, dtype=dtype, out=out, ddof=ddof,
/oscar/data/deeps/private/bfoxkemp/jnickla1/Thorne_15_codefigurestats/Methods/43_Forcing_Based/1_ERF_FaIR/FaIR_nonat_method.py:96: RuntimeWarning: Mean of empty slice
  cdist = np.nanmean(dist)
/oscar/data/deeps/private/bfoxkemp/jnickla1/Thorne_15_codefigurestats/fut_evaluation_script.py:427: RuntimeWarning: Mean of empty slice
  evalmean = np.nanmean(diffcross) #if crossing multiple times take the mean
/oscar/data/deeps/private/bfoxkemp/jnickla1/Thorne_15_codefigurestats/fut_evaluation_script.py:464: RuntimeWarning: Mean of empty slice
  evalmean = np.nanmean(diffcrossE) #if crossing multiple times take the mean
/oscar/data/deeps/private/bfoxkemp/jnickla1/Thorne_15_codefigurestats/Methods/43_Forcing_Based/1_ERF_FaIR/FaIR_anthro_unB_method.py:89: RuntimeWarning: Mean of empty slice
  return np.nanmean(samp_cur[year_idx-1850, :], axis = 1)
/users/jnickla1/.conda/envs/cleanpy/lib/python3.13/site-packages/numpy/lib/_nanfunctions_impl.py:2019: RuntimeWarning: Degrees of freedom <= 0 for slice.
  var = nanvar(a, axis=axis, dtype=dtype, out=out, ddof=ddof,
/oscar/data/deeps/private/bfoxkemp/jnickla1/Thorne_15_codefigurestats/Methods/43_Forcing_Based/1_ERF_FaIR/FaIR_anthro_unB_method.py:117: RuntimeWarning: Mean of empty slice
  cdist = np.nanmean(dist)
/oscar/data/deeps/private/bfoxkemp/jnickla1/Thorne_15_codefigurestats/Methods/43_Forcing_Based/1_ERF_FaIR/FaIR_anthro_unB_method.py:89: RuntimeWarning: Mean of empty slice
  return np.nanmean(samp_cur[year_idx-1850, :], axis = 1)
/users/jnickla1/.conda/envs/cleanpy/lib/python3.13/site-packages/numpy/lib/_nanfunctions_impl.py:2019: RuntimeWarning: Degrees of freedom <= 0 for slice.
  var = nanvar(a, axis=axis, dtype=dtype, out=out, ddof=ddof,
/oscar/data/deeps/private/bfoxkemp/jnickla1/Thorne_15_codefigurestats/Methods/43_Forcing_Based/1_ERF_FaIR/FaIR_anthro_unB_method.py:117: RuntimeWarning: Mean of empty slice
  cdist = np.nanmean(dist)
/oscar/data/deeps/private/bfoxkemp/jnickla1/Thorne_15_codefigurestats/Methods/43_Forcing_Based/1_ERF_FaIR/FaIR_nonat_unB_method.py:92: RuntimeWarning: Mean of empty slice
  return np.nanmean(samp_cur[year_idx-1850, :], axis = 1)
/users/jnickla1/.conda/envs/cleanpy/lib/python3.13/site-packages/numpy/lib/_nanfunctions_impl.py:2019: RuntimeWarning: Degrees of freedom <= 0 for slice.
  var = nanvar(a, axis=axis, dtype=dtype, out=out, ddof=ddof,
/oscar/data/deeps/private/bfoxkemp/jnickla1/Thorne_15_codefigurestats/Methods/43_Forcing_Based/1_ERF_FaIR/FaIR_nonat_unB_method.py:120: RuntimeWarning: Mean of empty slice
  cdist = np.nanmean(dist)
/oscar/data/deeps/private/bfoxkemp/jnickla1/Thorne_15_codefigurestats/Methods/43_Forcing_Based/1_ERF_FaIR/FaIR_nonat_unB_method.py:92: RuntimeWarning: Mean of empty slice
  return np.nanmean(samp_cur[year_idx-1850, :], axis = 1)
/users/jnickla1/.conda/envs/cleanpy/lib/python3.13/site-packages/numpy/lib/_nanfunctions_impl.py:2019: RuntimeWarning: Degrees of freedom <= 0 for slice.
  var = nanvar(a, axis=axis, dtype=dtype, out=out, ddof=ddof,
/oscar/data/deeps/private/bfoxkemp/jnickla1/Thorne_15_codefigurestats/Methods/43_Forcing_Based/1_ERF_FaIR/FaIR_nonat_unB_method.py:120: RuntimeWarning: Mean of empty slice
  cdist = np.nanmean(dist)
/oscar/data/deeps/private/bfoxkemp/jnickla1/Thorne_15_codefigurestats/Methods/43_Forcing_Based/1_ERF_FaIR/FaIR_anthro_unB_method.py:89: RuntimeWarning: Mean of empty slice
  return np.nanmean(samp_cur[year_idx-1850, :], axis = 1)
/users/jnickla1/.conda/envs/cleanpy/lib/python3.13/site-packages/numpy/lib/_nanfunctions_impl.py:2019: RuntimeWarning: Degrees of freedom <= 0 for slice.
  var = nanvar(a, axis=axis, dtype=dtype, out=out, ddof=ddof,
/oscar/data/deeps/private/bfoxkemp/jnickla1/Thorne_15_codefigurestats/Methods/43_Forcing_Based/1_ERF_FaIR/FaIR_anthro_unB_method.py:117: RuntimeWarning: Mean of empty slice
  cdist = np.nanmean(dist)
/oscar/data/deeps/private/bfoxkemp/jnickla1/Thorne_15_codefigurestats/Methods/43_Forcing_Based/1_ERF_FaIR/FaIR_nonat_method.py:68: RuntimeWarning: Mean of empty slice
  return np.nanmean(samp_cur[year_idx-1850, :], axis = 1)
/users/jnickla1/.conda/envs/cleanpy/lib/python3.13/site-packages/numpy/lib/_nanfunctions_impl.py:2019: RuntimeWarning: Degrees of freedom <= 0 for slice.
  var = nanvar(a, axis=axis, dtype=dtype, out=out, ddof=ddof,
/oscar/data/deeps/private/bfoxkemp/jnickla1/Thorne_15_codefigurestats/Methods/43_Forcing_Based/1_ERF_FaIR/FaIR_nonat_method.py:96: RuntimeWarning: Mean of empty slice
  cdist = np.nanmean(dist)
/oscar/data/deeps/private/bfoxkemp/jnickla1/Thorne_15_codefigurestats/Methods/43_Forcing_Based/1_ERF_FaIR/FaIR_nonat_method.py:68: RuntimeWarning: Mean of empty slice
  return np.nanmean(samp_cur[year_idx-1850, :], axis = 1)
/users/jnickla1/.conda/envs/cleanpy/lib/python3.13/site-packages/numpy/lib/_nanfunctions_impl.py:2019: RuntimeWarning: Degrees of freedom <= 0 for slice.
  var = nanvar(a, axis=axis, dtype=dtype, out=out, ddof=ddof,
/oscar/data/deeps/private/bfoxkemp/jnickla1/Thorne_15_codefigurestats/Methods/43_Forcing_Based/1_ERF_FaIR/FaIR_nonat_method.py:96: RuntimeWarning: Mean of empty slice
  cdist = np.nanmean(dist)
/oscar/data/deeps/private/bfoxkemp/jnickla1/Thorne_15_codefigurestats/Methods/43_Forcing_Based/1_ERF_FaIR/FaIR_all_method.py:68: RuntimeWarning: Mean of empty slice
  return np.nanmean(samp_cur[year_idx-1850, :], axis = 1)
/users/jnickla1/.conda/envs/cleanpy/lib/python3.13/site-packages/numpy/lib/_nanfunctions_impl.py:2019: RuntimeWarning: Degrees of freedom <= 0 for slice.
  var = nanvar(a, axis=axis, dtype=dtype, out=out, ddof=ddof,
/oscar/data/deeps/private/bfoxkemp/jnickla1/Thorne_15_codefigurestats/Methods/43_Forcing_Based/1_ERF_FaIR/FaIR_all_method.py:96: RuntimeWarning: Mean of empty slice
  cdist = np.nanmean(dist)
/oscar/data/deeps/private/bfoxkemp/jnickla1/Thorne_15_codefigurestats/Methods/43_Forcing_Based/1_ERF_FaIR/FaIR_all_method.py:68: RuntimeWarning: Mean of empty slice
  return np.nanmean(samp_cur[year_idx-1850, :], axis = 1)
/users/jnickla1/.conda/envs/cleanpy/lib/python3.13/site-packages/numpy/lib/_nanfunctions_impl.py:2019: RuntimeWarning: Degrees of freedom <= 0 for slice.
  var = nanvar(a, axis=axis, dtype=dtype, out=out, ddof=ddof,
/oscar/data/deeps/private/bfoxkemp/jnickla1/Thorne_15_codefigurestats/Methods/43_Forcing_Based/1_ERF_FaIR/FaIR_all_method.py:96: RuntimeWarning: Mean of empty slice
  cdist = np.nanmean(dist)
/oscar/data/deeps/private/bfoxkemp/jnickla1/Thorne_15_codefigurestats/Methods/43_Forcing_Based/1_ERF_FaIR/FaIR_nonat_unB_method.py:92: RuntimeWarning: Mean of empty slice
  return np.nanmean(samp_cur[year_idx-1850, :], axis = 1)
/users/jnickla1/.conda/envs/cleanpy/lib/python3.13/site-packages/numpy/lib/_nanfunctions_impl.py:2019: RuntimeWarning: Degrees of freedom <= 0 for slice.
  var = nanvar(a, axis=axis, dtype=dtype, out=out, ddof=ddof,
/oscar/data/deeps/private/bfoxkemp/jnickla1/Thorne_15_codefigurestats/Methods/43_Forcing_Based/1_ERF_FaIR/FaIR_nonat_unB_method.py:120: RuntimeWarning: Mean of empty slice
  cdist = np.nanmean(dist)
/oscar/data/deeps/private/bfoxkemp/jnickla1/Thorne_15_codefigurestats/fut_evaluation_script.py:427: RuntimeWarning: Mean of empty slice
  evalmean = np.nanmean(diffcross) #if crossing multiple times take the mean
/oscar/data/deeps/private/bfoxkemp/jnickla1/Thorne_15_codefigurestats/fut_evaluation_script.py:427: RuntimeWarning: Mean of empty slice
  evalmean = np.nanmean(diffcross) #if crossing multiple times take the mean
/oscar/data/deeps/private/bfoxkemp/jnickla1/Thorne_15_codefigurestats/Methods/43_Forcing_Based/1_ERF_FaIR/FaIR_nonat_unB_method.py:92: RuntimeWarning: Mean of empty slice
  return np.nanmean(samp_cur[year_idx-1850, :], axis = 1)
/users/jnickla1/.conda/envs/cleanpy/lib/python3.13/site-packages/numpy/lib/_nanfunctions_impl.py:2019: RuntimeWarning: Degrees of freedom <= 0 for slice.
  var = nanvar(a, axis=axis, dtype=dtype, out=out, ddof=ddof,
/oscar/data/deeps/private/bfoxkemp/jnickla1/Thorne_15_codefigurestats/Methods/43_Forcing_Based/1_ERF_FaIR/FaIR_nonat_unB_method.py:120: RuntimeWarning: Mean of empty slice
  cdist = np.nanmean(dist)
/oscar/data/deeps/private/bfoxkemp/jnickla1/Thorne_15_codefigurestats/fut_evaluation_script.py:464: RuntimeWarning: Mean of empty slice
  evalmean = np.nanmean(diffcrossE) #if crossing multiple times take the mean
/oscar/data/deeps/private/bfoxkemp/jnickla1/Thorne_15_codefigurestats/Methods/43_Forcing_Based/1_ERF_FaIR/FaIR_nonat_method.py:68: RuntimeWarning: Mean of empty slice
  return np.nanmean(samp_cur[year_idx-1850, :], axis = 1)
/users/jnickla1/.conda/envs/cleanpy/lib/python3.13/site-packages/numpy/lib/_nanfunctions_impl.py:2019: RuntimeWarning: Degrees of freedom <= 0 for slice.
  var = nanvar(a, axis=axis, dtype=dtype, out=out, ddof=ddof,
/oscar/data/deeps/private/bfoxkemp/jnickla1/Thorne_15_codefigurestats/Methods/43_Forcing_Based/1_ERF_FaIR/FaIR_nonat_method.py:96: RuntimeWarning: Mean of empty slice
  cdist = np.nanmean(dist)
/oscar/data/deeps/private/bfoxkemp/jnickla1/Thorne_15_codefigurestats/fut_evaluation_script.py:464: RuntimeWarning: Mean of empty slice
  evalmean = np.nanmean(diffcrossE) #if crossing multiple times take the mean
/oscar/data/deeps/private/bfoxkemp/jnickla1/Thorne_15_codefigurestats/Methods/43_Forcing_Based/1_ERF_FaIR/FaIR_all_unB_method.py:90: RuntimeWarning: Mean of empty slice
  return np.nanmean(samp_cur[year_idx-1850, :], axis = 1)
/users/jnickla1/.conda/envs/cleanpy/lib/python3.13/site-packages/numpy/lib/_nanfunctions_impl.py:2019: RuntimeWarning: Degrees of freedom <= 0 for slice.
  var = nanvar(a, axis=axis, dtype=dtype, out=out, ddof=ddof,
/oscar/data/deeps/private/bfoxkemp/jnickla1/Thorne_15_codefigurestats/Methods/43_Forcing_Based/1_ERF_FaIR/FaIR_all_unB_method.py:118: RuntimeWarning: Mean of empty slice
  cdist = np.nanmean(dist)
/oscar/data/deeps/private/bfoxkemp/jnickla1/Thorne_15_codefigurestats/Methods/43_Forcing_Based/1_ERF_FaIR/FaIR_all_method.py:68: RuntimeWarning: Mean of empty slice
  return np.nanmean(samp_cur[year_idx-1850, :], axis = 1)
/users/jnickla1/.conda/envs/cleanpy/lib/python3.13/site-packages/numpy/lib/_nanfunctions_impl.py:2019: RuntimeWarning: Degrees of freedom <= 0 for slice.
  var = nanvar(a, axis=axis, dtype=dtype, out=out, ddof=ddof,
/oscar/data/deeps/private/bfoxkemp/jnickla1/Thorne_15_codefigurestats/Methods/43_Forcing_Based/1_ERF_FaIR/FaIR_all_method.py:96: RuntimeWarning: Mean of empty slice
  cdist = np.nanmean(dist)
/oscar/data/deeps/private/bfoxkemp/jnickla1/Thorne_15_codefigurestats/Methods/43_Forcing_Based/1_ERF_FaIR/FaIR_all_unB_method.py:90: RuntimeWarning: Mean of empty slice
  return np.nanmean(samp_cur[year_idx-1850, :], axis = 1)
/users/jnickla1/.conda/envs/cleanpy/lib/python3.13/site-packages/numpy/lib/_nanfunctions_impl.py:2019: RuntimeWarning: Degrees of freedom <= 0 for slice.
  var = nanvar(a, axis=axis, dtype=dtype, out=out, ddof=ddof,
/oscar/data/deeps/private/bfoxkemp/jnickla1/Thorne_15_codefigurestats/Methods/43_Forcing_Based/1_ERF_FaIR/FaIR_all_unB_method.py:118: RuntimeWarning: Mean of empty slice
  cdist = np.nanmean(dist)
/oscar/data/deeps/private/bfoxkemp/jnickla1/Thorne_15_codefigurestats/Methods/43_Forcing_Based/1_ERF_FaIR/FaIR_all_method.py:68: RuntimeWarning: Mean of empty slice
  return np.nanmean(samp_cur[year_idx-1850, :], axis = 1)
/users/jnickla1/.conda/envs/cleanpy/lib/python3.13/site-packages/numpy/lib/_nanfunctions_impl.py:2019: RuntimeWarning: Degrees of freedom <= 0 for slice.
  var = nanvar(a, axis=axis, dtype=dtype, out=out, ddof=ddof,
/oscar/data/deeps/private/bfoxkemp/jnickla1/Thorne_15_codefigurestats/Methods/43_Forcing_Based/1_ERF_FaIR/FaIR_all_method.py:96: RuntimeWarning: Mean of empty slice
  cdist = np.nanmean(dist)
/oscar/data/deeps/private/bfoxkemp/jnickla1/Thorne_15_codefigurestats/Methods/43_Forcing_Based/1_ERF_FaIR/FaIR_comb_unB_method.py:152: RuntimeWarning: Mean of empty slice
  return np.nanmean(samp_cur[year_idx-1850, :], axis = 1)
/users/jnickla1/.conda/envs/cleanpy/lib/python3.13/site-packages/numpy/lib/_nanfunctions_impl.py:2019: RuntimeWarning: Degrees of freedom <= 0 for slice.
  var = nanvar(a, axis=axis, dtype=dtype, out=out, ddof=ddof,
/oscar/data/deeps/private/bfoxkemp/jnickla1/Thorne_15_codefigurestats/Methods/43_Forcing_Based/1_ERF_FaIR/FaIR_comb_unB_method.py:180: RuntimeWarning: Mean of empty slice
  cdist = np.nanmean(dist)
/oscar/data/deeps/private/bfoxkemp/jnickla1/Thorne_15_codefigurestats/Methods/43_Forcing_Based/1_ERF_FaIR/FaIR_nonat_unB_method.py:92: RuntimeWarning: Mean of empty slice
  return np.nanmean(samp_cur[year_idx-1850, :], axis = 1)
/users/jnickla1/.conda/envs/cleanpy/lib/python3.13/site-packages/numpy/lib/_nanfunctions_impl.py:2019: RuntimeWarning: Degrees of freedom <= 0 for slice.
  var = nanvar(a, axis=axis, dtype=dtype, out=out, ddof=ddof,
/oscar/data/deeps/private/bfoxkemp/jnickla1/Thorne_15_codefigurestats/Methods/43_Forcing_Based/1_ERF_FaIR/FaIR_nonat_unB_method.py:120: RuntimeWarning: Mean of empty slice
  cdist = np.nanmean(dist)
/oscar/data/deeps/private/bfoxkemp/jnickla1/Thorne_15_codefigurestats/Methods/43_Forcing_Based/1_ERF_FaIR/FaIR_comb_unB_method.py:152: RuntimeWarning: Mean of empty slice
  return np.nanmean(samp_cur[year_idx-1850, :], axis = 1)
/users/jnickla1/.conda/envs/cleanpy/lib/python3.13/site-packages/numpy/lib/_nanfunctions_impl.py:2019: RuntimeWarning: Degrees of freedom <= 0 for slice.
  var = nanvar(a, axis=axis, dtype=dtype, out=out, ddof=ddof,
/oscar/data/deeps/private/bfoxkemp/jnickla1/Thorne_15_codefigurestats/Methods/43_Forcing_Based/1_ERF_FaIR/FaIR_comb_unB_method.py:180: RuntimeWarning: Mean of empty slice
  cdist = np.nanmean(dist)
/oscar/data/deeps/private/bfoxkemp/jnickla1/Thorne_15_codefigurestats/Methods/43_Forcing_Based/1_ERF_FaIR/FaIR_all_unB_method.py:90: RuntimeWarning: Mean of empty slice
  return np.nanmean(samp_cur[year_idx-1850, :], axis = 1)
/users/jnickla1/.conda/envs/cleanpy/lib/python3.13/site-packages/numpy/lib/_nanfunctions_impl.py:2019: RuntimeWarning: Degrees of freedom <= 0 for slice.
  var = nanvar(a, axis=axis, dtype=dtype, out=out, ddof=ddof,
/oscar/data/deeps/private/bfoxkemp/jnickla1/Thorne_15_codefigurestats/Methods/43_Forcing_Based/1_ERF_FaIR/FaIR_all_unB_method.py:118: RuntimeWarning: Mean of empty slice
  cdist = np.nanmean(dist)
/oscar/data/deeps/private/bfoxkemp/jnickla1/Thorne_15_codefigurestats/Methods/43_Forcing_Based/1_ERF_FaIR/FaIR_all_unB_method.py:90: RuntimeWarning: Mean of empty slice
  return np.nanmean(samp_cur[year_idx-1850, :], axis = 1)
/users/jnickla1/.conda/envs/cleanpy/lib/python3.13/site-packages/numpy/lib/_nanfunctions_impl.py:2019: RuntimeWarning: Degrees of freedom <= 0 for slice.
  var = nanvar(a, axis=axis, dtype=dtype, out=out, ddof=ddof,
/oscar/data/deeps/private/bfoxkemp/jnickla1/Thorne_15_codefigurestats/Methods/43_Forcing_Based/1_ERF_FaIR/FaIR_all_unB_method.py:118: RuntimeWarning: Mean of empty slice
  cdist = np.nanmean(dist)
/oscar/data/deeps/private/bfoxkemp/jnickla1/Thorne_15_codefigurestats/Methods/43_Forcing_Based/1_ERF_FaIR/FaIR_comb_unB_method.py:152: RuntimeWarning: Mean of empty slice
  return np.nanmean(samp_cur[year_idx-1850, :], axis = 1)
/users/jnickla1/.conda/envs/cleanpy/lib/python3.13/site-packages/numpy/lib/_nanfunctions_impl.py:2019: RuntimeWarning: Degrees of freedom <= 0 for slice.
  var = nanvar(a, axis=axis, dtype=dtype, out=out, ddof=ddof,
/oscar/data/deeps/private/bfoxkemp/jnickla1/Thorne_15_codefigurestats/Methods/43_Forcing_Based/1_ERF_FaIR/FaIR_comb_unB_method.py:180: RuntimeWarning: Mean of empty slice
  cdist = np.nanmean(dist)
starting computation for fut_NorESM_RCP45_VolcConst
max_runs41
Model number:
40




Methods/42_Temp_Alone/1_Run_Means/cent10y_method.py
Methods/42_Temp_Alone/1_Run_Means/cent20y_method.py
Methods/42_Temp_Alone/1_Run_Means/cent21y_method.py
Methods/42_Temp_Alone/1_Run_Means/cent30y_method.py
Methods/42_Temp_Alone/1_Run_Means/lag10y_method.py
Methods/42_Temp_Alone/1_Run_Means/lag5y_method.py
Methods/42_Temp_Alone/1_Run_Means/offset11y_method.py
Methods/42_Temp_Alone/1_Run_Means/raw1y_method.py
Methods/43_Forcing_Based/1_ERF_FaIR/FaIR_all_method.py
Methods/43_Forcing_Based/1_ERF_FaIR/FaIR_all_unB_method.py
Methods/43_Forcing_Based/1_ERF_FaIR/FaIR_anthro_method.py
Methods/43_Forcing_Based/1_ERF_FaIR/FaIR_anthro_unB_method.py
Methods/43_Forcing_Based/1_ERF_FaIR/FaIR_comb_unB_method.py
Methods/43_Forcing_Based/1_ERF_FaIR/FaIR_nonat_method.py
Methods/43_Forcing_Based/1_ERF_FaIR/FaIR_nonat_unB_method.py
evaluating 13 of 0.1°C thresholds, starting at 1.1°C
11
FaIR_anthro sampled, d llike: -1.7562581047879076
FaIR_anthro sampled, d llike: -86.92578015149964
FaIR_anthro_unB sampled, d llike: -0.028947005839557338
FaIR_anthro_unB sampled, d llike: -15.167450365481365
FaIR_nonat sampled, d llike: -0.029063458598874936
FaIR_nonat sampled, d llike: 0.18761203481623234
FaIR_nonat_unB sampled, d llike: 0.01226103780559884
FaIR_nonat_unB sampled, d llike: 0.015401698019327448
FaIR_all sampled, d llike: -16872.09525327708
FaIR_all sampled, d llike: 0.1295437919878919
FaIR_all_unB sampled, d llike: -0.04537462735062814
FaIR_all_unB sampled, d llike: -0.003518215430039273
FaIR_comb_unB sampled, d llike: 0.0076972347696888654
FaIR_comb_unB sampled, d llike: 0.026571525561180365
        method_name    method_class c/r  smooth_r  avg_unc.(1se)  #q<0.5  #q<0.1    log-likeli       RMS      bias        tlog-l      100log-l    100RMS     75RMS   100bias       l15       l20    bias50    Edyrs15    Edyrs20    Mdyrs15    Mdyrs20    Fdyrs15    Fdyrs20     EdyrsA    RMSyrsA  ncEdyrs     e100log-l   e100RMS    e75RMS  e100bias      el15      el20   ebias50  eEdyrs15   eEdyrs20  eMdyrs15   eMdyrs20  eFdyrs15   eFdyrs20    eEdyrsA   eRMSyrsA  nceEdyrs
8         offset11y  42/1_Run_Means   c     2.817       0.033585     193     124     -0.503087  0.082602  0.064909 -1.157100e+02  1.429517e+02  0.040992  0.039894  0.025894  7.318047  8.998599  0.046130   1.000000  -3.583333   1.000000  -3.583333   1.000000  -3.583333  -0.983974   2.125126     14.0  1.154741e+02  0.048170  0.047110  0.036029  9.601572  6.427986  0.042280 -1.083333  -4.166667 -1.083333  -4.166667 -1.083333  -4.166667  -1.599359   1.599359      14.0
21    FaIR_comb_unB   43/1_ERF_FaIR   c     2.461       0.079316       0       0      1.146834  0.072978 -0.059338  1.789061e+02  1.278024e+02  0.040270  0.044540 -0.030883  4.242721  4.077576 -0.041917   1.833333   2.250000   1.833333   2.250000   1.833333   2.250000   1.839744   2.697439     13.0  1.291596e+02  0.037893  0.042611 -0.020747  4.179760  4.207468 -0.045767 -0.250000   1.666667 -0.250000   1.666667 -0.250000   1.666667   1.224359   1.224359      13.0
15   FaIR_nonat_unB   43/1_ERF_FaIR   c     2.489       0.090719      29       0      0.885368  0.094057 -0.074148  1.416589e+02  1.177523e+02  0.041287  0.045313 -0.031899  3.894906  3.589885 -0.045231   1.916667   2.750000   1.916667   2.750000   1.916667   2.750000   1.964744   2.746720     14.0  1.190680e+02  0.039274  0.043987 -0.021763  3.778431  3.632585 -0.049081 -0.166667   2.166667 -0.166667   2.166667 -0.166667   2.166667   1.349359   1.349359      14.0
19     FaIR_all_unB   43/1_ERF_FaIR   c     3.430       0.091914       0       0      1.114607  0.070126 -0.044501  1.783371e+02  1.136544e+02  0.046025  0.051446 -0.030246  3.668723  3.622139 -0.046779   1.500000   1.916667   1.500000   1.916667   1.500000   1.916667   2.370726   4.365391     16.0  1.147964e+02  0.045577  0.051156 -0.020110  3.666440  3.640488 -0.050630 -0.583333   1.333333 -0.583333   1.333333 -0.583333   1.333333   1.755342   1.755342      16.0
11  FaIR_anthro_unB   43/1_ERF_FaIR   c     2.006       0.096330      53       0      0.322258  0.119093 -0.088450  5.156129e+01  1.102345e+02  0.040891  0.042900 -0.027155  3.281559  3.267443 -0.044685   1.166667   2.416667   1.166667   2.416667   1.166667   2.416667   1.554487   2.751092     14.0  1.098421e+02  0.041454  0.045317 -0.017020  3.417782  3.324379 -0.048535 -0.916667   1.833333 -0.916667   1.833333 -0.916667   1.833333   0.939103   0.939103      14.0
2             raw1y  42/1_Run_Means   c    34.990       0.111022       0       0      0.860088  0.101811  0.000075  1.978202e+02  8.362910e+01  0.094910  0.087757  0.007672  2.388086  2.250307  0.006490   0.972222   1.041667   4.416667   2.916667  -2.250000  -0.833333   0.387821   1.520978     35.3  8.114154e+01  0.097948  0.090336  0.017808  3.106763  2.051854  0.002639 -1.111111   0.458333 -4.333333   2.333333 -4.333333  -1.416667  -0.227564   0.227564      35.3
13       FaIR_nonat   43/1_ERF_FaIR   c     2.467       0.113288     160       0     -0.572916  0.203832 -0.193513 -9.166655e+01  4.221064e+01  0.147831  0.154851 -0.145497  1.327562  1.689229 -0.158795   6.833333  14.000000   6.833333  14.000000   6.833333  14.000000   9.865385  11.324634     12.0  4.994078e+01  0.139243  0.144699 -0.135362  2.166588  1.848813 -0.162645  4.750000  13.416667  4.750000  13.416667  4.750000  13.416667   9.269231   9.269231      12.0
9       FaIR_anthro   43/1_ERF_FaIR   c     2.034       0.096329     160      61     -3.470709  0.210242 -0.194531 -5.553134e+02  4.056254e+01  0.136710  0.143363 -0.133246  1.712413  1.507495 -0.150762   6.166667  13.666667   6.166667  13.666667   6.166667  13.666667   9.205128  10.938152     12.0  5.006269e+01  0.128780  0.134299 -0.123110  2.278545  1.604773 -0.154612  4.083333  13.083333  4.083333  13.083333  4.083333  13.083333   8.608974   8.608974      12.0
1             lag5y  42/1_Run_Means   c     6.413       0.041354     109      37      0.410226  0.060118 -0.018777  9.435209e+01 -4.635971e+01  0.062414  0.051541 -0.029206  0.925172  4.426623 -0.022979   2.666667   3.083333   3.333333   3.083333   2.000000   3.083333   2.032051   2.135438     18.2 -5.853333e+01  0.060877  0.046032 -0.019071  9.008369  5.380047 -0.026829  0.583333   2.500000  1.250000   2.500000 -0.083333   2.500000   1.416667   1.416667      18.2
0            lag10y  42/1_Run_Means   c     3.082       0.034542     114      69      0.208446  0.063219 -0.040702  4.794255e+01 -1.272388e+02  0.081750  0.077938 -0.074959  0.000024  0.560903 -0.057068   5.416667   6.000000   5.416667   6.000000   5.416667   6.000000   4.641026   4.690757     13.0 -6.111303e+01  0.073496  0.064977 -0.064823  1.054215  1.277179 -0.060918  3.333333   5.416667  3.333333   5.416667  3.333333   5.416667   4.025641   4.025641      13.0
17         FaIR_all   43/1_ERF_FaIR   c     3.272       0.005593     160     160 -18424.040062  0.224684 -0.214171 -2.947846e+06 -1.578858e+06  0.217489  0.226143 -0.214707  0.000000  0.000000 -0.231275  10.666667  20.000000  10.666667  20.000000  10.666667  20.000000  14.025641  15.455858     11.0 -1.435859e+06  0.208622  0.215334 -0.204571  0.000000  0.000000 -0.235126  8.583333  19.416667  8.583333  19.416667  8.583333  19.416667  13.352564  13.352564      10.0
4.6764475899999995
finished this run
starting computation for fut_NorESM_RCP45_Volc
max_runs41
Model number:
40




Methods/42_Temp_Alone/1_Run_Means/cent10y_method.py
Methods/42_Temp_Alone/1_Run_Means/cent20y_method.py
Methods/42_Temp_Alone/1_Run_Means/cent21y_method.py
Methods/42_Temp_Alone/1_Run_Means/cent30y_method.py
Methods/42_Temp_Alone/1_Run_Means/lag10y_method.py
Methods/42_Temp_Alone/1_Run_Means/lag5y_method.py
Methods/42_Temp_Alone/1_Run_Means/offset11y_method.py
Methods/42_Temp_Alone/1_Run_Means/raw1y_method.py
Methods/43_Forcing_Based/1_ERF_FaIR/FaIR_all_method.py
Methods/43_Forcing_Based/1_ERF_FaIR/FaIR_all_unB_method.py
Methods/43_Forcing_Based/1_ERF_FaIR/FaIR_anthro_method.py
Methods/43_Forcing_Based/1_ERF_FaIR/FaIR_anthro_unB_method.py
Methods/43_Forcing_Based/1_ERF_FaIR/FaIR_comb_unB_method.py
Methods/43_Forcing_Based/1_ERF_FaIR/FaIR_nonat_method.py
Methods/43_Forcing_Based/1_ERF_FaIR/FaIR_nonat_unB_method.py
evaluating 13 of 0.1°C thresholds, starting at 1.1°C
11
FaIR_anthro sampled, d llike: -1.324099224195623
FaIR_anthro sampled, d llike: -79.39680566722465
FaIR_anthro_unB sampled, d llike: 0.011193478433527582
FaIR_anthro_unB sampled, d llike: -14.007266888630648
FaIR_nonat sampled, d llike: -0.00890690265682359
FaIR_nonat sampled, d llike: 0.19455316185862614
FaIR_nonat_unB sampled, d llike: 0.015589989808941218
FaIR_nonat_unB sampled, d llike: 0.0100503739051373
FaIR_all sampled, d llike: -17482.00390633825
FaIR_all sampled, d llike: 0.058437668531487574
FaIR_all_unB sampled, d llike: -0.020771146034088916
FaIR_all_unB sampled, d llike: -0.015601168693885503
FaIR_comb_unB sampled, d llike: 0.015841983705352947
FaIR_comb_unB sampled, d llike: 0.061139592758227126
        method_name    method_class c/r  smooth_r  avg_unc.(1se)  #q<0.5  #q<0.1    log-likeli       RMS      bias        tlog-l      100log-l    100RMS     75RMS   100bias        l15        l20    bias50   Edyrs15    Edyrs20   Mdyrs15    Mdyrs20   Fdyrs15    Fdyrs20     EdyrsA    RMSyrsA  ncEdyrs      e100log-l   e100RMS    e75RMS  e100bias      el15       el20   ebias50  eEdyrs15   eEdyrs20  eMdyrs15   eMdyrs20  eFdyrs15   eFdyrs20    eEdyrsA   eRMSyrsA  nceEdyrs
21    FaIR_comb_unB   43/1_ERF_FaIR   c     3.210       0.079561       0       0      1.120280  0.075763 -0.060490  1.747637e+02  1.215451e+02  0.049081  0.047603 -0.033768   4.168848   3.609542 -0.052118  0.500000   3.250000  0.500000   3.250000  0.500000   3.250000   1.689103   2.775739     14.0     124.652012  0.042447  0.045456  0.027584  3.709620   3.890353  0.013904 -1.666667  -2.833333 -1.666667  -2.833333 -1.666667  -2.833333  -1.875000   1.875000      14.0
15   FaIR_nonat_unB   43/1_ERF_FaIR   c     2.646       0.090824      29       0      0.847090  0.097408 -0.076365  1.355345e+02  1.112697e+02  0.053247  0.053567 -0.036716   3.627872   3.002639 -0.062329 -0.583333   5.333333 -0.583333   5.333333 -0.583333   5.333333   1.878205   3.310095     14.0     117.004081  0.038570  0.038103  0.024636  3.083447   3.904242  0.003693 -2.750000  -0.750000 -2.750000  -0.750000 -2.750000  -0.750000  -1.685897   1.685897      14.0
11  FaIR_anthro_unB   43/1_ERF_FaIR   c     1.988       0.096711      52      26      0.319783  0.121882 -0.091397  5.116534e+01  1.030016e+02  0.054377  0.051470 -0.033649   3.340450   2.605565 -0.060564 -0.833333   4.583333 -0.833333   4.583333 -0.833333   4.583333   1.628205   3.287505     13.0     109.779767  0.044448  0.043819  0.027703  3.118847   3.562969  0.005458 -3.000000  -1.500000 -3.000000  -1.500000 -3.000000  -1.500000  -1.935897   1.935897      13.0
19     FaIR_all_unB   43/1_ERF_FaIR   c     5.891       0.092313       0       0      1.073170  0.078891 -0.043080  1.717072e+02  1.010420e+02  0.068290  0.068605 -0.028596   3.108761   3.405620 -0.044823  1.083333   9.250000  1.083333  16.083333  1.083333   2.416667   1.961538   3.657367     18.0      99.807315  0.072541  0.078453  0.032756  3.062771   3.025759  0.021200 -1.083333   3.166667 -1.083333  10.000000 -1.083333  -3.666667  -1.602564   1.602564      18.0
2             raw1y  42/1_Run_Means   c    33.148       0.111065       0       0      0.858225  0.102016  0.000175  1.973916e+02  8.336591e+01  0.095275  0.100739  0.008672   1.978805   3.780242  0.006234 -2.333333   5.450000 -5.416667  16.333333 -5.416667  -6.916667  -0.051068   2.957111     39.3      59.791346  0.120958  0.124870  0.070024  3.742574   3.090959  0.072256 -4.500000  -0.633333 -7.583333 -13.000000 -7.583333 -13.000000  -3.615171   3.615171      39.3
8         offset11y  42/1_Run_Means   c     2.822       0.033707     182     124     -0.801059  0.083859  0.064926 -1.842435e+02  7.765367e+01  0.046260  0.046969  0.026680  14.333165  17.333794  0.050911  0.166667  -0.166667  0.166667  -0.166667  0.166667  -0.166667  -1.108974   2.602493     13.0    -339.710811  0.097120  0.100042  0.088032  6.766767   0.004386  0.116933 -2.000000  -6.250000 -2.000000  -6.250000 -2.000000  -6.250000  -4.673077   4.673077      13.0
13       FaIR_nonat   43/1_ERF_FaIR   c     2.631       0.113426     159       0     -0.595006  0.206551 -0.195664 -9.520099e+01  3.503703e+01  0.155168  0.158332 -0.150292   2.028166   1.051835 -0.175878  5.000000  13.916667  5.000000  13.916667  5.000000  13.916667   9.205128  10.535755     13.0      77.913840  0.093761  0.095088 -0.088940  2.705505   2.181915 -0.109856  2.833333   7.833333  2.833333   7.833333  2.833333   7.833333   5.641026   5.641026      13.0
9       FaIR_anthro   43/1_ERF_FaIR   c     1.968       0.096723     150      69     -3.093732  0.213294 -0.197466 -4.949970e+02  3.269655e+01  0.146072  0.146880 -0.139703   2.306624   1.142037 -0.166565  4.083333  13.000000  4.083333  13.000000  4.083333  13.000000   8.282051   9.724682     13.0      84.837545  0.085683  0.084865 -0.078351  2.624654   2.582659 -0.100543  1.916667   6.916667  1.916667   6.916667  1.916667   6.916667   4.717949   4.717949      13.0
1             lag5y  42/1_Run_Means   c     5.944       0.041948      90      38      0.440241  0.056091 -0.018314  1.012554e+02 -3.392741e+01  0.050447  0.047351 -0.027277   0.231946   0.451088 -0.019690  3.333333   2.583333  3.333333   2.583333  3.333333   2.583333   2.298077   2.566243     15.0     -56.898117  0.060456  0.056150  0.034075  0.669543   0.360903  0.046332  1.166667  -3.500000  1.166667  -3.500000  1.166667  -3.500000  -1.266026   1.266026      15.0
0            lag10y  42/1_Run_Means   c     2.990       0.034688     105      63     -0.030691  0.064253 -0.040559 -7.058892e+00 -1.734832e+02  0.082374  0.079888 -0.073849   0.025065   0.002469 -0.051353  3.666667   5.583333  3.666667   5.583333  3.666667   5.583333   4.589744   4.736880     13.0      81.961716  0.042780  0.035613 -0.012497  0.916397  13.933786  0.014669  1.500000  -0.500000  1.500000  -0.500000  1.500000  -0.500000   1.025641   1.025641      13.0
17         FaIR_all   43/1_ERF_FaIR   c     5.803       0.005578     160     160 -19078.108192  0.226598 -0.212940 -3.052497e+06 -1.687011e+06  0.221867  0.220724 -0.213016   0.000000   0.000000 -0.229243  9.416667  19.750000  9.416667  19.750000  9.416667  19.750000  12.926282  14.337325     14.0 -896855.027400  0.164905  0.162620 -0.151664  0.000000   0.000000 -0.163221  7.250000  13.666667  7.250000  13.666667  7.250000  13.666667  10.426282  10.426282      15.0
4.673910184
finished this run
/oscar/data/deeps/private/bfoxkemp/jnickla1/Thorne_15_codefigurestats/Methods/43_Forcing_Based/1_ERF_FaIR/FaIR_all_method.py:68: RuntimeWarning: Mean of empty slice
  return np.nanmean(samp_cur[year_idx-1850, :], axis = 1)
/users/jnickla1/.conda/envs/cleanpy/lib/python3.13/site-packages/numpy/lib/_nanfunctions_impl.py:2019: RuntimeWarning: Degrees of freedom <= 0 for slice.
  var = nanvar(a, axis=axis, dtype=dtype, out=out, ddof=ddof,
/oscar/data/deeps/private/bfoxkemp/jnickla1/Thorne_15_codefigurestats/Methods/43_Forcing_Based/1_ERF_FaIR/FaIR_all_method.py:96: RuntimeWarning: Mean of empty slice
  cdist = np.nanmean(dist)
/oscar/data/deeps/private/bfoxkemp/jnickla1/Thorne_15_codefigurestats/Methods/43_Forcing_Based/1_ERF_FaIR/FaIR_comb_unB_method.py:152: RuntimeWarning: Mean of empty slice
  return np.nanmean(samp_cur[year_idx-1850, :], axis = 1)
/users/jnickla1/.conda/envs/cleanpy/lib/python3.13/site-packages/numpy/lib/_nanfunctions_impl.py:2019: RuntimeWarning: Degrees of freedom <= 0 for slice.
  var = nanvar(a, axis=axis, dtype=dtype, out=out, ddof=ddof,
/oscar/data/deeps/private/bfoxkemp/jnickla1/Thorne_15_codefigurestats/Methods/43_Forcing_Based/1_ERF_FaIR/FaIR_comb_unB_method.py:180: RuntimeWarning: Mean of empty slice
  cdist = np.nanmean(dist)
starting computation for fut_ESM1-2-LR_SSP126_constVolc
max_runs41
Model number:
40




Methods/42_Temp_Alone/1_Run_Means/cent10y_method.py
Methods/42_Temp_Alone/1_Run_Means/cent20y_method.py
Methods/42_Temp_Alone/1_Run_Means/cent21y_method.py
Methods/42_Temp_Alone/1_Run_Means/cent30y_method.py
Methods/42_Temp_Alone/1_Run_Means/lag10y_method.py
Methods/42_Temp_Alone/1_Run_Means/lag5y_method.py
Methods/42_Temp_Alone/1_Run_Means/offset11y_method.py
Methods/42_Temp_Alone/1_Run_Means/raw1y_method.py
Methods/43_Forcing_Based/1_ERF_FaIR/FaIR_all_method.py
Methods/43_Forcing_Based/1_ERF_FaIR/FaIR_all_unB_method.py
Methods/43_Forcing_Based/1_ERF_FaIR/FaIR_anthro_method.py
Methods/43_Forcing_Based/1_ERF_FaIR/FaIR_anthro_unB_method.py
Methods/43_Forcing_Based/1_ERF_FaIR/FaIR_comb_unB_method.py
Methods/43_Forcing_Based/1_ERF_FaIR/FaIR_nonat_method.py
Methods/43_Forcing_Based/1_ERF_FaIR/FaIR_nonat_unB_method.py
evaluating 6 of 0.1°C thresholds, starting at 1.1°C
11
FaIR_anthro sampled, d llike: -0.007232804032446305
FaIR_anthro sampled, d llike: -0.05410069103434623
FaIR_anthro_unB sampled, d llike: -0.01168487667749396
FaIR_anthro_unB sampled, d llike: -0.10651707573949887
FaIR_nonat sampled, d llike: -0.030379953600685017
FaIR_nonat sampled, d llike: -0.06024170075447044
FaIR_nonat_unB sampled, d llike: -0.028369208081793884
FaIR_nonat_unB sampled, d llike: -0.05920049591775767
FaIR_all sampled, d llike: -1731.1932419808443
FaIR_all sampled, d llike: -0.06178073965693631
FaIR_all_unB sampled, d llike: -0.017795805368660655
FaIR_all_unB sampled, d llike: -0.05388621456810627
FaIR_comb_unB sampled, d llike: -0.0251148411700699
FaIR_comb_unB sampled, d llike: 0.11125123335658055
        method_name    method_class c/r  smooth_r  avg_unc.(1se)  #q<0.5  #q<0.1   log-likeli       RMS      bias         tlog-l       100log-l    100RMS     75RMS   100bias           l15  l20    bias50   Edyrs15  Edyrs20    Mdyrs15  Mdyrs20   Fdyrs15  Fdyrs20    EdyrsA   RMSyrsA  ncEdyrs     e100log-l   e100RMS    e75RMS  e100bias           el15  el20   ebias50  eEdyrs15  eEdyrs20   eMdyrs15  eMdyrs20   eFdyrs15  eFdyrs20   eEdyrsA  eRMSyrsA  nceEdyrs
21    FaIR_comb_unB   43/1_ERF_FaIR   c     2.053       0.071888       0       0     1.500003  0.044443  0.006246     235.500467     139.150357  0.043813  0.031763  0.024379  4.236301e+00  0.0  0.006193  0.583333       -1   0.583333       -1  0.583333       -1 -1.550926  4.175284      8.0    141.299299  0.035668  0.038672 -0.001446   5.347249e+00   0.0 -0.018768 -3.583333        -1  -3.583333        -1  -3.583333        -1 -1.300926  1.300926       8.0
15   FaIR_nonat_unB   43/1_ERF_FaIR   c     1.974       0.081618       0       0     1.398162  0.046523  0.005394     225.104072     131.020748  0.043385  0.032431  0.022534  4.047551e+00  0.0  0.003294  0.500000       -1   0.500000       -1  0.500000       -1 -1.629630  4.382086      8.0    130.969737  0.038192  0.040527 -0.003292   4.459425e+00   0.0 -0.021667 -3.666667        -1  -3.666667        -1  -3.666667        -1 -1.379630  1.379630       8.0
11  FaIR_anthro_unB   43/1_ERF_FaIR   c     1.655       0.082345       0       0     1.229569  0.063226 -0.006972     197.960569     126.205874  0.048850  0.036566  0.027430  3.824927e+00  0.0  0.004688  0.416667       -1   0.416667       -1  0.416667       -1 -2.611111  3.826685      8.0    129.074689  0.038592  0.041328  0.001604   4.446955e+00   0.0 -0.020273 -3.750000        -1  -3.750000        -1  -3.750000        -1 -2.361111  2.361111       8.0
9       FaIR_anthro   43/1_ERF_FaIR   c     1.635       0.082373       0       0     1.254462  0.062778  0.000546     201.968426     124.377438  0.053422  0.040228  0.034884  3.941095e+00  0.0  0.012124  0.250000       -1   0.250000       -1  0.250000       -1 -2.534722  4.197835      9.0    129.673039  0.039619  0.043104  0.009058   4.357870e+00   0.0 -0.012837 -3.916667        -1  -3.916667        -1  -3.916667        -1 -2.284722  2.284722       9.0
19     FaIR_all_unB   43/1_ERF_FaIR   c     3.175       0.084172       0       0     1.277491  0.061656  0.008560     205.675982     121.546631  0.056579  0.037324  0.029280  4.020827e+00  0.0 -0.004159  0.333333       -1   0.333333       -1  0.333333       -1 -2.881944  3.946437      7.0    125.630366  0.042707  0.047381  0.003454   4.453615e+00   0.0 -0.029120 -3.833333        -1  -3.833333        -1  -3.833333        -1 -2.631944  2.631944       7.0
13       FaIR_nonat   43/1_ERF_FaIR   c     1.992       0.101844       0       0     1.214830  0.050030  0.007035     195.587565     114.107756  0.046336  0.034594  0.027752  3.307220e+00  0.0  0.008513  0.500000       -1   0.500000       -1  0.500000       -1 -1.962963  4.248971      8.0    114.909758  0.038122  0.041188  0.001926   3.634747e+00   0.0 -0.016448 -3.666667        -1  -3.666667        -1  -3.666667        -1 -1.712963  1.712963       8.0
1             lag5y  42/1_Run_Means   c     5.028       0.049408      76      17     1.048220  0.067741 -0.013357     242.138736      95.460165  0.059724  0.054963 -0.007598  7.737176e-01  0.0  0.010320  4.291667       -1   7.333333       -1  1.250000       -1  2.250000  2.731313      9.2     26.148655  0.083665  0.062616 -0.033423   5.608920e+00   0.0 -0.014641  0.125000        -1   3.166667        -1  -2.916667        -1  3.949074  3.949074      10.2
0            lag10y  42/1_Run_Means   c     2.680       0.039573      80       0     1.393083  0.060292 -0.030358     321.802078      89.219327  0.070992  0.060146 -0.035606  2.482347e-01  0.0  0.017202  6.416667       -1   6.416667       -1  6.416667       -1  4.694444  4.943664      7.0     -1.927047  0.100869  0.067504 -0.061432   7.158607e+00   0.0 -0.007759  2.250000        -1   2.250000        -1   2.250000        -1  4.944444  4.944444       7.0
2             raw1y  42/1_Run_Means   c    27.318       0.132637       3       0     0.658528  0.123626 -0.000183     152.119863      63.918751  0.119542  0.109767  0.011176  2.525334e+00  0.0  0.005396  4.345238       -1  22.416667       -1 -8.166667       -1 -0.113757  2.980508     27.7     56.494644  0.129908  0.115446 -0.014649   1.452646e+00   0.0 -0.019565  0.178571        -1  18.250000        -1 -12.333333        -1  1.220734  1.220734      29.7
8         offset11y  42/1_Run_Means   c     2.510       0.038310     191     131    -1.854927  0.092901  0.076203    -428.488109    -257.863582  0.094478  0.105965  0.068801  1.127679e+01  0.0  0.126964 -0.916667       -1  -0.916667       -1 -0.916667       -1 -1.472222  3.558376      7.0   -135.377023  0.092571  0.100260  0.042976   1.535742e+00   0.0  0.102004 -5.083333        -1  -5.083333        -1  -5.083333        -1 -1.222222  1.222222       7.0
17         FaIR_all   43/1_ERF_FaIR   c     3.008       0.005595     152     143 -1894.413892  0.073318  0.044024 -305000.636581 -230320.392176  0.079251  0.055533  0.062757  1.069974e-32  0.0  0.029311 -1.416667       -1  -1.416667       -1 -1.416667       -1 -5.819444  6.332511      6.0 -96598.793908  0.056353  0.057861  0.036931  2.770625e-178   0.0  0.004350 -5.583333        -1  -5.583333        -1  -5.583333        -1 -5.569444  5.569444       6.0
4.974482945
finished this run
starting computation for fut_ESM1-2-LR_SSP245_constVolc
max_runs41
Model number:
40




Methods/42_Temp_Alone/1_Run_Means/cent10y_method.py
Methods/42_Temp_Alone/1_Run_Means/cent20y_method.py
Methods/42_Temp_Alone/1_Run_Means/cent21y_method.py
Methods/42_Temp_Alone/1_Run_Means/cent30y_method.py
Methods/42_Temp_Alone/1_Run_Means/lag10y_method.py
Methods/42_Temp_Alone/1_Run_Means/lag5y_method.py
Methods/42_Temp_Alone/1_Run_Means/offset11y_method.py
Methods/42_Temp_Alone/1_Run_Means/raw1y_method.py
Methods/43_Forcing_Based/1_ERF_FaIR/FaIR_all_method.py
Methods/43_Forcing_Based/1_ERF_FaIR/FaIR_all_unB_method.py
Methods/43_Forcing_Based/1_ERF_FaIR/FaIR_anthro_method.py
Methods/43_Forcing_Based/1_ERF_FaIR/FaIR_anthro_unB_method.py
Methods/43_Forcing_Based/1_ERF_FaIR/FaIR_comb_unB_method.py
Methods/43_Forcing_Based/1_ERF_FaIR/FaIR_nonat_method.py
Methods/43_Forcing_Based/1_ERF_FaIR/FaIR_nonat_unB_method.py
evaluating 13 of 0.1°C thresholds, starting at 1.1°C
11
FaIR_anthro sampled, d llike: -0.04413376707879646
FaIR_anthro sampled, d llike: -0.0704157058181355
FaIR_anthro_unB sampled, d llike: -0.042473933574083356
FaIR_anthro_unB sampled, d llike: -0.1439709020903729
FaIR_nonat sampled, d llike: -0.04537205526223809
FaIR_nonat sampled, d llike: -0.05314638407141836
FaIR_nonat_unB sampled, d llike: -0.04082711586159338
FaIR_nonat_unB sampled, d llike: -0.05168846616705869
FaIR_all sampled, d llike: -1320.35853449314
FaIR_all sampled, d llike: -0.03909919452603772
FaIR_all_unB sampled, d llike: -0.02951047118328698
FaIR_all_unB sampled, d llike: -0.0397717552048551
FaIR_comb_unB sampled, d llike: -0.039589996488736734
FaIR_comb_unB sampled, d llike: -0.009078199324273784
        method_name    method_class c/r  smooth_r  avg_unc.(1se)  #q<0.5  #q<0.1   log-likeli       RMS      bias         tlog-l       100log-l    100RMS     75RMS   100bias           l15        l20    bias50   Edyrs15   Edyrs20   Mdyrs15   Mdyrs20   Fdyrs15   Fdyrs20    EdyrsA   RMSyrsA  ncEdyrs     e100log-l   e100RMS    e75RMS  e100bias           el15          el20   ebias50      eEdyrs15  eEdyrs20      eMdyrs15   eMdyrs20      eFdyrs15  eFdyrs20   eEdyrsA  eRMSyrsA  nceEdyrs
8         offset11y  42/1_Run_Means   c     2.783       0.039267     144      87    -0.089334  0.075703  0.056165     -20.636053     149.988474  0.039569  0.039961  0.017934  8.034461e+00  10.319416  0.035270  1.666667  1.250000  1.666667  1.250000  1.666667  1.250000 -0.871795  2.018610     14.0    136.066086  0.047244  0.042587 -0.000919   9.068747e+00  4.955280e+00  0.021425  1.166667e+00  3.000000  1.166667e+00   3.000000  1.166667e+00  3.000000 -0.494048  0.494048      15.0
21    FaIR_comb_unB   43/1_ERF_FaIR   c     2.322       0.074699       0       0     1.500252  0.038775 -0.000100     235.539562     136.896412  0.035330  0.030000  0.011051  4.953303e+00   4.904082 -0.010206  0.583333  0.833333  0.583333  0.833333  0.583333  0.833333 -0.685897  1.985121     13.0    140.655991  0.027494  0.026921 -0.007802   5.095930e+00  4.580448e+00 -0.024050  8.333333e-02  2.583333  8.333333e-02   2.583333  8.333333e-02  2.583333  0.223214  0.223214      15.0
15   FaIR_nonat_unB   43/1_ERF_FaIR   c     2.237       0.084670       0       0     1.389677  0.041384 -0.002042     223.738028     128.203850  0.033713  0.029498  0.009899  4.398678e+00   4.449052 -0.008451  0.750000  0.833333  0.750000  0.833333  0.750000  0.833333 -0.730769  1.975275     13.0    130.000273  0.029264  0.026335 -0.008954   4.485969e+00  3.932314e+00 -0.022296  2.500000e-01  2.583333  2.500000e-01   2.583333  2.500000e-01  2.583333  0.238095  0.238095      14.0
19     FaIR_all_unB   43/1_ERF_FaIR   c     3.543       0.087489       0       0     1.271631  0.056870  0.000294     204.732665     120.084761  0.046630  0.035456  0.016483  4.321979e+00   4.353470 -0.015452  0.333333  1.416667  0.333333  1.416667  0.333333  1.416667 -0.794872  2.372384     13.0    125.718758  0.032217  0.032744 -0.002370   4.306684e+00  3.812771e+00 -0.029297 -1.666667e-01  3.166667 -1.666667e-01   3.166667 -1.666667e-01  3.166667  0.184524  0.184524      14.0
11  FaIR_anthro_unB   43/1_ERF_FaIR   c     1.722       0.087719       0       0     1.208423  0.057061 -0.013029     194.556150     119.765190  0.037407  0.031045  0.014235  4.001240e+00   3.857835 -0.007758  0.333333  0.666667  0.333333  0.666667  0.333333  0.666667 -0.858974  2.067762     13.0    122.129207  0.028632  0.027233 -0.004618   4.007105e+00  3.764832e+00 -0.021603 -1.666667e-01  2.416667 -1.666667e-01   2.416667 -1.666667e-01  2.416667  0.142857  0.142857      14.0
9       FaIR_anthro   43/1_ERF_FaIR   c     1.725       0.087723       0       0     1.221225  0.056275 -0.008914     196.617180     119.015192  0.039144  0.031788  0.018353  4.002055e+00   3.853060 -0.003638  0.083333  0.333333  0.083333  0.333333  0.083333  0.333333 -1.019231  2.097643     13.0    122.394834  0.028267  0.027016 -0.000500   3.997388e+00  3.864717e+00 -0.017482 -4.166667e-01  2.083333 -4.166667e-01   2.083333 -4.166667e-01  2.083333 -0.041667  0.041667      14.0
13       FaIR_nonat   43/1_ERF_FaIR   c     2.262       0.105760       0       0     1.194219  0.044559 -0.000120     192.269212     109.569399  0.035744  0.030248  0.015446  3.596531e+00   3.562332 -0.002922  0.500000  0.500000  0.500000  0.500000  0.500000  0.500000 -0.955128  2.029299     13.0    111.568278  0.028057  0.025656 -0.003407   3.616585e+00  3.313225e+00 -0.016767  1.457465e-10  2.250000  1.457465e-10   2.250000  1.457465e-10  2.250000 -0.044643  0.044643      15.0
2             raw1y  42/1_Run_Means   c    29.660       0.134784       4       0     0.634517  0.126561 -0.001774     146.573371      58.565179  0.127099  0.121823  0.007139  3.104024e+00   2.517708  0.002594 -1.472222  1.972222 -6.166667  9.083333 -6.166667 -3.416667  0.165598  2.341985     48.3     57.173698  0.129058  0.122993 -0.011714   3.072384e+00  1.997847e+00 -0.011251 -1.972222e+00  3.722222 -6.666667e+00  10.833333 -6.666667e+00 -1.666667  0.666419  0.666419      56.3
1             lag5y  42/1_Run_Means   c     5.604       0.049195      67      29     0.879899  0.070001 -0.022664     203.256610      56.578039  0.066009  0.067245 -0.031223  3.873796e-02   0.076783 -0.025463  2.916667  2.666667  2.916667  2.666667  2.916667  2.666667  1.573718  2.371905     16.0     18.988564  0.078961  0.071452 -0.050076   1.396092e-01  2.929804e-02 -0.039308  2.416667e+00  4.416667  2.416667e+00   4.416667  2.416667e+00  4.416667  2.666667  2.666667      18.0
0            lag10y  42/1_Run_Means   c     2.829       0.040428     130      20     0.918636  0.069333 -0.048601     212.204855     -20.377896  0.089524  0.084979 -0.081917  8.804611e-02   0.000053 -0.066081  4.416667  5.083333  4.416667  5.083333  4.416667  5.083333  4.346154  4.728528     13.0   -135.062228  0.111626  0.094486 -0.100770   1.767719e-01  5.695976e-07 -0.079926  3.916667e+00  6.833333  3.916667e+00   6.833333  3.916667e+00  6.833333  5.136905  5.136905      14.0
17         FaIR_all   43/1_ERF_FaIR   c     3.376       0.005558     154     138 -1450.275154  0.066430  0.037846 -233494.299811 -155765.252609  0.067790  0.049218  0.051874  3.087678e-38   0.643672  0.019944 -2.000000 -0.916667 -2.000000 -0.916667 -2.000000 -0.916667 -2.782051  3.497099     13.0 -58905.038358  0.046084  0.041567  0.033021  4.619345e-122  1.664663e-01  0.006100 -2.500000e+00  0.833333 -2.500000e+00   0.833333 -2.500000e+00  0.833333 -1.821429  1.821429      14.0
5.4042272119999994
finished this run
/oscar/data/deeps/private/bfoxkemp/jnickla1/Thorne_15_codefigurestats/Methods/43_Forcing_Based/1_ERF_FaIR/FaIR_all_unB_method.py:90: RuntimeWarning: Mean of empty slice
  return np.nanmean(samp_cur[year_idx-1850, :], axis = 1)
/users/jnickla1/.conda/envs/cleanpy/lib/python3.13/site-packages/numpy/lib/_nanfunctions_impl.py:2019: RuntimeWarning: Degrees of freedom <= 0 for slice.
  var = nanvar(a, axis=axis, dtype=dtype, out=out, ddof=ddof,
/oscar/data/deeps/private/bfoxkemp/jnickla1/Thorne_15_codefigurestats/Methods/43_Forcing_Based/1_ERF_FaIR/FaIR_all_unB_method.py:118: RuntimeWarning: Mean of empty slice
  cdist = np.nanmean(dist)
/oscar/data/deeps/private/bfoxkemp/jnickla1/Thorne_15_codefigurestats/Methods/43_Forcing_Based/1_ERF_FaIR/FaIR_comb_unB_method.py:152: RuntimeWarning: Mean of empty slice
  return np.nanmean(samp_cur[year_idx-1850, :], axis = 1)
/users/jnickla1/.conda/envs/cleanpy/lib/python3.13/site-packages/numpy/lib/_nanfunctions_impl.py:2019: RuntimeWarning: Degrees of freedom <= 0 for slice.
  var = nanvar(a, axis=axis, dtype=dtype, out=out, ddof=ddof,
/oscar/data/deeps/private/bfoxkemp/jnickla1/Thorne_15_codefigurestats/Methods/43_Forcing_Based/1_ERF_FaIR/FaIR_comb_unB_method.py:180: RuntimeWarning: Mean of empty slice
  cdist = np.nanmean(dist)
starting computation for fut_ESM1-2-LR_SSP370_constVolc
max_runs41
Model number:
40




Methods/42_Temp_Alone/1_Run_Means/cent10y_method.py
Methods/42_Temp_Alone/1_Run_Means/cent20y_method.py
Methods/42_Temp_Alone/1_Run_Means/cent21y_method.py
Methods/42_Temp_Alone/1_Run_Means/cent30y_method.py
Methods/42_Temp_Alone/1_Run_Means/lag10y_method.py
Methods/42_Temp_Alone/1_Run_Means/lag5y_method.py
Methods/42_Temp_Alone/1_Run_Means/offset11y_method.py
Methods/42_Temp_Alone/1_Run_Means/raw1y_method.py
Methods/43_Forcing_Based/1_ERF_FaIR/FaIR_all_method.py
Methods/43_Forcing_Based/1_ERF_FaIR/FaIR_all_unB_method.py
Methods/43_Forcing_Based/1_ERF_FaIR/FaIR_anthro_method.py
Methods/43_Forcing_Based/1_ERF_FaIR/FaIR_anthro_unB_method.py
Methods/43_Forcing_Based/1_ERF_FaIR/FaIR_comb_unB_method.py
Methods/43_Forcing_Based/1_ERF_FaIR/FaIR_nonat_method.py
Methods/43_Forcing_Based/1_ERF_FaIR/FaIR_nonat_unB_method.py
evaluating 23 of 0.1°C thresholds, starting at 1.1°C
11
FaIR_anthro sampled, d llike: -0.0339343705579882
FaIR_anthro sampled, d llike: 0.07457740181557676
FaIR_anthro_unB sampled, d llike: -0.029092077802343352
FaIR_anthro_unB sampled, d llike: -0.050807809142790594
FaIR_nonat sampled, d llike: -0.04507005414451992
FaIR_nonat sampled, d llike: 0.006311789733284057
FaIR_nonat_unB sampled, d llike: -0.03578978299146374
FaIR_nonat_unB sampled, d llike: -0.006057094094447102
FaIR_all sampled, d llike: -1152.7659101345773
FaIR_all sampled, d llike: -0.007206810520330453
FaIR_all_unB sampled, d llike: -0.022049318417214137
FaIR_all_unB sampled, d llike: -0.003551508352696464
FaIR_comb_unB sampled, d llike: -0.0332290247720175
FaIR_comb_unB sampled, d llike: -0.08917350832565926
        method_name    method_class c/r  smooth_r  avg_unc.(1se)  #q<0.5  #q<0.1   log-likeli       RMS      bias         tlog-l       100log-l    100RMS     75RMS   100bias            l15       l20    bias50   Edyrs15   Edyrs20   Mdyrs15   Mdyrs20   Fdyrs15   Fdyrs20    EdyrsA   RMSyrsA  ncEdyrs     e100log-l   e100RMS    e75RMS  e100bias      el15          el20   ebias50  eEdyrs15  eEdyrs20  eMdyrs15  eMdyrs20  eFdyrs15  eFdyrs20   eEdyrsA  eRMSyrsA  nceEdyrs
8         offset11y  42/1_Run_Means   c     2.555       0.041035     173      88    -0.171274  0.078703  0.035068     -39.564393     131.060133  0.052357  0.056953 -0.035619   9.256683e+00  1.864777 -0.064927  0.583333  2.250000  0.583333  2.250000  0.583333  2.250000  1.358696  1.600592     23.0    132.433808  0.050775  0.048402 -0.041541  9.790092  6.410836e-01 -0.047573  0.250000  2.583333  0.250000  2.583333  0.250000  2.583333  1.271739  1.271739      23.0
21    FaIR_comb_unB   43/1_ERF_FaIR   c     1.921       0.073819       0       0     1.438428  0.048363  0.020627     225.833262     129.109215  0.050228  0.038494  0.021423   4.755818e+00  4.657052 -0.016824 -1.916667  1.000000 -1.916667  1.000000 -1.916667  1.000000 -0.452899  1.717609     23.0    138.821659  0.035764  0.034033  0.015501  4.495904  4.388654e+00  0.000530 -2.250000  1.333333 -2.250000  1.333333 -2.250000  1.333333 -0.539855  0.539855      23.0
15   FaIR_nonat_unB   43/1_ERF_FaIR   c     1.864       0.083728       0       0     1.370384  0.046977  0.017632     220.631777     125.131859  0.045207  0.036314  0.020966   4.290762e+00  4.299896 -0.009180 -1.916667  1.083333 -1.916667  1.083333 -1.916667  1.083333 -0.514493  1.583047     23.0    129.986679  0.035062  0.034570  0.015044  4.094190  4.153408e+00  0.008174 -2.250000  1.416667 -2.250000  1.416667 -2.250000  1.416667 -0.601449  0.601449      23.0
9       FaIR_anthro   43/1_ERF_FaIR   c     1.807       0.086082       0       0     1.229914  0.058552 -0.019866     198.016226     119.940572  0.043961  0.042740 -0.001141   4.314819e+00  3.653899 -0.037714 -1.250000  1.500000 -1.250000  1.500000 -1.250000  1.500000  0.288043  1.452577     24.0    124.000052  0.033928  0.034517 -0.007062  4.209513  3.364498e+00 -0.020360 -1.583333  1.833333 -1.583333  1.833333 -1.583333  1.833333  0.201087  0.201087      24.0
19     FaIR_all_unB   43/1_ERF_FaIR   c     3.010       0.086599       0       0     1.257680  0.060959  0.017908     202.486514     115.932617  0.057259  0.039427  0.026759   4.248817e+00  4.086725 -0.014824 -1.833333  1.166667 -1.833333  1.166667 -1.833333  1.166667 -0.594203  1.976309     23.0    124.467601  0.041104  0.035913  0.020838  4.080954  3.902057e+00  0.002530 -2.166667  1.500000 -2.166667  1.500000 -2.166667  1.500000 -0.681159  0.681159      23.0
11  FaIR_anthro_unB   43/1_ERF_FaIR   c     1.801       0.086105       0       0     1.301114  0.055665  0.008034     209.479352     115.859620  0.051466  0.040585  0.026756   3.869815e+00  4.044940 -0.009855 -2.166667  0.833333 -2.166667  0.833333 -2.166667  0.833333 -0.619565  1.752758     23.0    123.472562  0.039184  0.037806  0.020835  3.655966  3.871627e+00  0.007499 -2.500000  1.166667 -2.500000  1.166667 -2.500000  1.166667 -0.706522  0.706522      23.0
13       FaIR_nonat   43/1_ERF_FaIR   c     1.872       0.104581       0       0     1.194352  0.046948 -0.010894     192.290659     110.560144  0.040224  0.040158 -0.003975   3.765191e+00  3.306762 -0.034118 -1.083333  1.666667 -1.083333  1.666667 -1.083333  1.666667  0.358696  1.302752     23.0    112.358753  0.033147  0.033377 -0.009897  3.728175  3.077512e+00 -0.016764 -1.416667  2.000000 -1.416667  2.000000 -1.416667  2.000000  0.271739  0.271739      23.0
2             raw1y  42/1_Run_Means   c    28.185       0.130490       3       0     0.677948  0.121348 -0.004332     156.605900      68.276582  0.113463  0.108178  0.000645   2.322473e+00  1.559143 -0.001719  0.375000 -0.750000  3.000000 -2.500000 -2.250000 -2.500000 -0.504831  1.863534     54.2     65.967698  0.116832  0.110766 -0.005276  2.451392  1.365749e+00  0.015635  0.041667 -0.416667  2.666667 -2.166667 -2.583333 -2.166667 -0.591787  0.591787      54.2
1             lag5y  42/1_Run_Means   c     5.195       0.050113      74      29     0.787188  0.073644 -0.032909     181.840460      35.161889  0.075401  0.077920 -0.057230   6.029570e+00  0.272579 -0.071562  4.333333  2.833333  4.333333  2.833333  4.333333  2.833333  2.206522  2.594878     23.0     16.821214  0.078901  0.072736 -0.063151  6.866159  1.285330e-01 -0.054208  4.000000  3.166667  4.000000  3.166667  4.000000  3.166667  2.119565  2.119565      23.0
0            lag10y  42/1_Run_Means   c     2.863       0.041940     149      86    -0.401562  0.094718 -0.067933     -92.760772    -325.343523  0.136330  0.146253 -0.130990   2.628533e-01  0.000004 -0.157513  5.000000  5.000000  5.000000  5.000000  5.000000  5.000000  4.583333  4.655428     24.0   -360.707373  0.140359  0.138453 -0.136911  0.473270  2.909378e-07 -0.140159  4.666667  5.333333  4.666667  5.333333  4.666667  5.333333  4.496377  4.496377      24.0
17         FaIR_all   43/1_ERF_FaIR   c     2.871       0.005583     154     139 -1265.793419  0.063118  0.028597 -203792.740431 -129843.533535  0.061772  0.041306  0.035405  1.411530e-221  2.203993 -0.006168 -2.250000  1.000000 -2.250000  1.000000 -2.250000  1.000000 -0.963768  2.242809     23.0 -60786.879266  0.046103  0.039648  0.029484  0.000000  1.505552e-32  0.011187 -2.583333  1.333333 -2.583333  1.333333 -2.583333  1.333333 -1.050725  1.050725      23.0
6.695788320999999
finished this run
All processes completed.
