/oscar/data/deeps/private/bfoxkemp/jnickla1/Thorne_15_codefigurestats/fut_evaluation_gen_ensemble.py:20: RuntimeWarning: Mean of empty slice
  return np.nanmean(standards_np,axis=0)
/oscar/data/deeps/private/bfoxkemp/jnickla1/Thorne_15_codefigurestats/fut_evaluation_gen_ensemble.py:20: RuntimeWarning: Mean of empty slice
  return np.nanmean(standards_np,axis=0)
/oscar/data/deeps/private/bfoxkemp/jnickla1/Thorne_15_codefigurestats/fut_evaluation_gen_ensemble.py:20: RuntimeWarning: Mean of empty slice
  return np.nanmean(standards_np,axis=0)
/oscar/data/deeps/private/bfoxkemp/jnickla1/Thorne_15_codefigurestats/fut_evaluation_gen_ensemble.py:20: RuntimeWarning: Mean of empty slice
  return np.nanmean(standards_np,axis=0)
/oscar/data/deeps/private/bfoxkemp/jnickla1/Thorne_15_codefigurestats/fut_evaluation_gen_ensemble.py:20: RuntimeWarning: Mean of empty slice
  return np.nanmean(standards_np,axis=0)
/oscar/data/deeps/private/bfoxkemp/jnickla1/Thorne_15_codefigurestats/Methods/43_Forcing_Based/1_ERF_FaIR/FaIR_all_method.py:53: RuntimeWarning: Mean of empty slice
  samp_mean =  np.nanmean(samp_cur, axis = 1)
/oscar/data/deeps/private/bfoxkemp/jnickla1/Thorne_15_codefigurestats/Methods/43_Forcing_Based/1_ERF_FaIR/FaIR_all_method.py:53: RuntimeWarning: Mean of empty slice
  samp_mean =  np.nanmean(samp_cur, axis = 1)
/oscar/data/deeps/private/bfoxkemp/jnickla1/Thorne_15_codefigurestats/Methods/43_Forcing_Based/1_ERF_FaIR/FaIR_all_unB_method.py:70: RuntimeWarning: Mean of empty slice
  samp_mean =  np.nanmean(samp_cur, axis = 1)
/oscar/data/deeps/private/bfoxkemp/jnickla1/Thorne_15_codefigurestats/Methods/43_Forcing_Based/1_ERF_FaIR/FaIR_all_unB_method.py:70: RuntimeWarning: Mean of empty slice
  samp_mean =  np.nanmean(samp_cur, axis = 1)
/oscar/data/deeps/private/bfoxkemp/jnickla1/Thorne_15_codefigurestats/Methods/43_Forcing_Based/1_ERF_FaIR/FaIR_anthro_method.py:53: RuntimeWarning: Mean of empty slice
  samp_mean =  np.nanmean(samp_cur, axis = 1)
/oscar/data/deeps/private/bfoxkemp/jnickla1/Thorne_15_codefigurestats/Methods/43_Forcing_Based/1_ERF_FaIR/FaIR_anthro_method.py:53: RuntimeWarning: Mean of empty slice
  samp_mean =  np.nanmean(samp_cur, axis = 1)
/oscar/data/deeps/private/bfoxkemp/jnickla1/Thorne_15_codefigurestats/Methods/43_Forcing_Based/1_ERF_FaIR/FaIR_anthro_unB_method.py:70: RuntimeWarning: Mean of empty slice
  samp_mean =  np.nanmean(samp_cur, axis = 1)
/oscar/data/deeps/private/bfoxkemp/jnickla1/Thorne_15_codefigurestats/Methods/43_Forcing_Based/1_ERF_FaIR/FaIR_anthro_unB_method.py:70: RuntimeWarning: Mean of empty slice
  samp_mean =  np.nanmean(samp_cur, axis = 1)
/oscar/data/deeps/private/bfoxkemp/jnickla1/Thorne_15_codefigurestats/Methods/43_Forcing_Based/1_ERF_FaIR/FaIR_comb_unB_method.py:70: RuntimeWarning: Mean of empty slice
  samp_mean =  np.nanmean(samp_cur, axis = 1)
/oscar/data/deeps/private/bfoxkemp/jnickla1/Thorne_15_codefigurestats/Methods/43_Forcing_Based/1_ERF_FaIR/FaIR_comb_unB_method.py:70: RuntimeWarning: Mean of empty slice
  samp_mean =  np.nanmean(samp_cur, axis = 1)
/oscar/data/deeps/private/bfoxkemp/jnickla1/Thorne_15_codefigurestats/Methods/43_Forcing_Based/1_ERF_FaIR/FaIR_comb_unB_method.py:127: RuntimeWarning: Mean of empty slice
  samp_meanAll =  np.nanmean(samp_curAll, axis = 1)
/oscar/data/deeps/private/bfoxkemp/jnickla1/Thorne_15_codefigurestats/Methods/43_Forcing_Based/1_ERF_FaIR/FaIR_comb_unB_method.py:127: RuntimeWarning: Mean of empty slice
  samp_meanAll =  np.nanmean(samp_curAll, axis = 1)
/oscar/data/deeps/private/bfoxkemp/jnickla1/Thorne_15_codefigurestats/Methods/43_Forcing_Based/1_ERF_FaIR/FaIR_nonat_method.py:53: RuntimeWarning: Mean of empty slice
  samp_mean =  np.nanmean(samp_cur, axis = 1)
/oscar/data/deeps/private/bfoxkemp/jnickla1/Thorne_15_codefigurestats/Methods/43_Forcing_Based/1_ERF_FaIR/FaIR_nonat_method.py:53: RuntimeWarning: Mean of empty slice
  samp_mean =  np.nanmean(samp_cur, axis = 1)
/oscar/data/deeps/private/bfoxkemp/jnickla1/Thorne_15_codefigurestats/Methods/43_Forcing_Based/1_ERF_FaIR/FaIR_nonat_unB_method.py:72: RuntimeWarning: Mean of empty slice
  samp_mean =  np.nanmean(samp_cur, axis = 1)
/oscar/data/deeps/private/bfoxkemp/jnickla1/Thorne_15_codefigurestats/Methods/43_Forcing_Based/1_ERF_FaIR/FaIR_nonat_unB_method.py:72: RuntimeWarning: Mean of empty slice
  samp_mean =  np.nanmean(samp_cur, axis = 1)
/oscar/data/deeps/private/bfoxkemp/jnickla1/Thorne_15_codefigurestats/Methods/43_Forcing_Based/1_ERF_FaIR/FaIR_all_method.py:68: RuntimeWarning: Mean of empty slice
  return np.nanmean(samp_cur[year_idx-1850, :], axis = 1)
/users/jnickla1/.conda/envs/cleanpy/lib/python3.13/site-packages/numpy/lib/_nanfunctions_impl.py:2019: RuntimeWarning: Degrees of freedom <= 0 for slice.
  var = nanvar(a, axis=axis, dtype=dtype, out=out, ddof=ddof,
/oscar/data/deeps/private/bfoxkemp/jnickla1/Thorne_15_codefigurestats/Methods/43_Forcing_Based/1_ERF_FaIR/FaIR_all_unB_method.py:90: RuntimeWarning: Mean of empty slice
  return np.nanmean(samp_cur[year_idx-1850, :], axis = 1)
/oscar/data/deeps/private/bfoxkemp/jnickla1/Thorne_15_codefigurestats/Methods/43_Forcing_Based/1_ERF_FaIR/FaIR_all_method.py:68: RuntimeWarning: Mean of empty slice
  return np.nanmean(samp_cur[year_idx-1850, :], axis = 1)
/oscar/data/deeps/private/bfoxkemp/jnickla1/Thorne_15_codefigurestats/Methods/43_Forcing_Based/1_ERF_FaIR/FaIR_anthro_method.py:67: RuntimeWarning: Mean of empty slice
  return np.nanmean(samp_cur[year_idx-1850, :], axis = 1)
/users/jnickla1/.conda/envs/cleanpy/lib/python3.13/site-packages/numpy/lib/_nanfunctions_impl.py:2019: RuntimeWarning: Degrees of freedom <= 0 for slice.
  var = nanvar(a, axis=axis, dtype=dtype, out=out, ddof=ddof,
/oscar/data/deeps/private/bfoxkemp/jnickla1/Thorne_15_codefigurestats/Methods/43_Forcing_Based/1_ERF_FaIR/FaIR_all_unB_method.py:90: RuntimeWarning: Mean of empty slice
  return np.nanmean(samp_cur[year_idx-1850, :], axis = 1)
/oscar/data/deeps/private/bfoxkemp/jnickla1/Thorne_15_codefigurestats/Methods/43_Forcing_Based/1_ERF_FaIR/FaIR_anthro_unB_method.py:89: RuntimeWarning: Mean of empty slice
  return np.nanmean(samp_cur[year_idx-1850, :], axis = 1)
/oscar/data/deeps/private/bfoxkemp/jnickla1/Thorne_15_codefigurestats/Methods/43_Forcing_Based/1_ERF_FaIR/FaIR_anthro_method.py:67: RuntimeWarning: Mean of empty slice
  return np.nanmean(samp_cur[year_idx-1850, :], axis = 1)
/oscar/data/deeps/private/bfoxkemp/jnickla1/Thorne_15_codefigurestats/Methods/43_Forcing_Based/1_ERF_FaIR/FaIR_comb_unB_method.py:153: RuntimeWarning: Mean of empty slice
  return np.nanmean(samp_cur[year_idx-1850, :], axis = 1)
/oscar/data/deeps/private/bfoxkemp/jnickla1/Thorne_15_codefigurestats/Methods/43_Forcing_Based/1_ERF_FaIR/FaIR_anthro_unB_method.py:89: RuntimeWarning: Mean of empty slice
  return np.nanmean(samp_cur[year_idx-1850, :], axis = 1)
/oscar/data/deeps/private/bfoxkemp/jnickla1/Thorne_15_codefigurestats/Methods/43_Forcing_Based/1_ERF_FaIR/FaIR_nonat_method.py:68: RuntimeWarning: Mean of empty slice
  return np.nanmean(samp_cur[year_idx-1850, :], axis = 1)
/oscar/data/deeps/private/bfoxkemp/jnickla1/Thorne_15_codefigurestats/Methods/43_Forcing_Based/1_ERF_FaIR/FaIR_comb_unB_method.py:153: RuntimeWarning: Mean of empty slice
  return np.nanmean(samp_cur[year_idx-1850, :], axis = 1)
/oscar/data/deeps/private/bfoxkemp/jnickla1/Thorne_15_codefigurestats/Methods/43_Forcing_Based/1_ERF_FaIR/FaIR_nonat_unB_method.py:92: RuntimeWarning: Mean of empty slice
  return np.nanmean(samp_cur[year_idx-1850, :], axis = 1)
/oscar/data/deeps/private/bfoxkemp/jnickla1/Thorne_15_codefigurestats/Methods/43_Forcing_Based/1_ERF_FaIR/FaIR_nonat_method.py:68: RuntimeWarning: Mean of empty slice
  return np.nanmean(samp_cur[year_idx-1850, :], axis = 1)
/oscar/data/deeps/private/bfoxkemp/jnickla1/Thorne_15_codefigurestats/Methods/43_Forcing_Based/1_ERF_FaIR/FaIR_nonat_unB_method.py:92: RuntimeWarning: Mean of empty slice
  return np.nanmean(samp_cur[year_idx-1850, :], axis = 1)
/oscar/data/deeps/private/bfoxkemp/jnickla1/Thorne_15_codefigurestats/Methods/43_Forcing_Based/1_ERF_FaIR/FaIR_anthro_method.py:67: RuntimeWarning: Mean of empty slice
  return np.nanmean(samp_cur[year_idx-1850, :], axis = 1)
/oscar/data/deeps/private/bfoxkemp/jnickla1/Thorne_15_codefigurestats/Methods/43_Forcing_Based/1_ERF_FaIR/FaIR_anthro_unB_method.py:89: RuntimeWarning: Mean of empty slice
  return np.nanmean(samp_cur[year_idx-1850, :], axis = 1)
/oscar/data/deeps/private/bfoxkemp/jnickla1/Thorne_15_codefigurestats/Methods/43_Forcing_Based/1_ERF_FaIR/FaIR_nonat_method.py:68: RuntimeWarning: Mean of empty slice
  return np.nanmean(samp_cur[year_idx-1850, :], axis = 1)
/oscar/data/deeps/private/bfoxkemp/jnickla1/Thorne_15_codefigurestats/Methods/43_Forcing_Based/1_ERF_FaIR/FaIR_anthro_method.py:67: RuntimeWarning: Mean of empty slice
  return np.nanmean(samp_cur[year_idx-1850, :], axis = 1)
/oscar/data/deeps/private/bfoxkemp/jnickla1/Thorne_15_codefigurestats/Methods/43_Forcing_Based/1_ERF_FaIR/FaIR_nonat_unB_method.py:92: RuntimeWarning: Mean of empty slice
  return np.nanmean(samp_cur[year_idx-1850, :], axis = 1)
/oscar/data/deeps/private/bfoxkemp/jnickla1/Thorne_15_codefigurestats/Methods/43_Forcing_Based/1_ERF_FaIR/FaIR_all_method.py:68: RuntimeWarning: Mean of empty slice
  return np.nanmean(samp_cur[year_idx-1850, :], axis = 1)
/oscar/data/deeps/private/bfoxkemp/jnickla1/Thorne_15_codefigurestats/Methods/43_Forcing_Based/1_ERF_FaIR/FaIR_anthro_unB_method.py:89: RuntimeWarning: Mean of empty slice
  return np.nanmean(samp_cur[year_idx-1850, :], axis = 1)
/oscar/data/deeps/private/bfoxkemp/jnickla1/Thorne_15_codefigurestats/Methods/43_Forcing_Based/1_ERF_FaIR/FaIR_nonat_method.py:68: RuntimeWarning: Mean of empty slice
  return np.nanmean(samp_cur[year_idx-1850, :], axis = 1)
/oscar/data/deeps/private/bfoxkemp/jnickla1/Thorne_15_codefigurestats/Methods/43_Forcing_Based/1_ERF_FaIR/FaIR_all_unB_method.py:90: RuntimeWarning: Mean of empty slice
  return np.nanmean(samp_cur[year_idx-1850, :], axis = 1)
/oscar/data/deeps/private/bfoxkemp/jnickla1/Thorne_15_codefigurestats/Methods/43_Forcing_Based/1_ERF_FaIR/FaIR_comb_unB_method.py:153: RuntimeWarning: Mean of empty slice
  return np.nanmean(samp_cur[year_idx-1850, :], axis = 1)
/oscar/data/deeps/private/bfoxkemp/jnickla1/Thorne_15_codefigurestats/Methods/43_Forcing_Based/1_ERF_FaIR/FaIR_nonat_unB_method.py:92: RuntimeWarning: Mean of empty slice
  return np.nanmean(samp_cur[year_idx-1850, :], axis = 1)
/oscar/data/deeps/private/bfoxkemp/jnickla1/Thorne_15_codefigurestats/Methods/43_Forcing_Based/1_ERF_FaIR/FaIR_all_method.py:68: RuntimeWarning: Mean of empty slice
  return np.nanmean(samp_cur[year_idx-1850, :], axis = 1)
/oscar/data/deeps/private/bfoxkemp/jnickla1/Thorne_15_codefigurestats/Methods/43_Forcing_Based/1_ERF_FaIR/FaIR_all_unB_method.py:90: RuntimeWarning: Mean of empty slice
  return np.nanmean(samp_cur[year_idx-1850, :], axis = 1)
/oscar/data/deeps/private/bfoxkemp/jnickla1/Thorne_15_codefigurestats/Methods/43_Forcing_Based/1_ERF_FaIR/FaIR_comb_unB_method.py:153: RuntimeWarning: Mean of empty slice
  return np.nanmean(samp_cur[year_idx-1850, :], axis = 1)
/oscar/data/deeps/private/bfoxkemp/jnickla1/Thorne_15_codefigurestats/Methods/43_Forcing_Based/1_ERF_FaIR/FaIR_anthro_method.py:67: RuntimeWarning: Mean of empty slice
  return np.nanmean(samp_cur[year_idx-1850, :], axis = 1)
/users/jnickla1/.conda/envs/cleanpy/lib/python3.13/site-packages/numpy/lib/_nanfunctions_impl.py:2019: RuntimeWarning: Degrees of freedom <= 0 for slice.
  var = nanvar(a, axis=axis, dtype=dtype, out=out, ddof=ddof,
/oscar/data/deeps/private/bfoxkemp/jnickla1/Thorne_15_codefigurestats/Methods/43_Forcing_Based/1_ERF_FaIR/FaIR_anthro_method.py:95: RuntimeWarning: Mean of empty slice
  cdist = np.nanmean(dist)
/oscar/data/deeps/private/bfoxkemp/jnickla1/Thorne_15_codefigurestats/Methods/43_Forcing_Based/1_ERF_FaIR/FaIR_anthro_method.py:67: RuntimeWarning: Mean of empty slice
  return np.nanmean(samp_cur[year_idx-1850, :], axis = 1)
/users/jnickla1/.conda/envs/cleanpy/lib/python3.13/site-packages/numpy/lib/_nanfunctions_impl.py:2019: RuntimeWarning: Degrees of freedom <= 0 for slice.
  var = nanvar(a, axis=axis, dtype=dtype, out=out, ddof=ddof,
/oscar/data/deeps/private/bfoxkemp/jnickla1/Thorne_15_codefigurestats/Methods/43_Forcing_Based/1_ERF_FaIR/FaIR_anthro_method.py:95: RuntimeWarning: Mean of empty slice
  cdist = np.nanmean(dist)
/oscar/data/deeps/private/bfoxkemp/jnickla1/Thorne_15_codefigurestats/fut_evaluation_script.py:427: RuntimeWarning: Mean of empty slice
  evalmean = np.nanmean(diffcross) #if crossing multiple times take the mean
/oscar/data/deeps/private/bfoxkemp/jnickla1/Thorne_15_codefigurestats/fut_evaluation_script.py:464: RuntimeWarning: Mean of empty slice
  evalmean = np.nanmean(diffcrossE) #if crossing multiple times take the mean
/oscar/data/deeps/private/bfoxkemp/jnickla1/Thorne_15_codefigurestats/Methods/43_Forcing_Based/1_ERF_FaIR/FaIR_all_method.py:53: RuntimeWarning: Mean of empty slice
  samp_mean =  np.nanmean(samp_cur, axis = 1)
/oscar/data/deeps/private/bfoxkemp/jnickla1/Thorne_15_codefigurestats/Methods/43_Forcing_Based/1_ERF_FaIR/FaIR_all_method.py:53: RuntimeWarning: Mean of empty slice
  samp_mean =  np.nanmean(samp_cur, axis = 1)
/oscar/data/deeps/private/bfoxkemp/jnickla1/Thorne_15_codefigurestats/Methods/43_Forcing_Based/1_ERF_FaIR/FaIR_all_method.py:53: RuntimeWarning: Mean of empty slice
  samp_mean =  np.nanmean(samp_cur, axis = 1)
/oscar/data/deeps/private/bfoxkemp/jnickla1/Thorne_15_codefigurestats/Methods/43_Forcing_Based/1_ERF_FaIR/FaIR_all_unB_method.py:70: RuntimeWarning: Mean of empty slice
  samp_mean =  np.nanmean(samp_cur, axis = 1)
/oscar/data/deeps/private/bfoxkemp/jnickla1/Thorne_15_codefigurestats/Methods/43_Forcing_Based/1_ERF_FaIR/FaIR_all_unB_method.py:70: RuntimeWarning: Mean of empty slice
  samp_mean =  np.nanmean(samp_cur, axis = 1)
/oscar/data/deeps/private/bfoxkemp/jnickla1/Thorne_15_codefigurestats/Methods/43_Forcing_Based/1_ERF_FaIR/FaIR_all_unB_method.py:70: RuntimeWarning: Mean of empty slice
  samp_mean =  np.nanmean(samp_cur, axis = 1)
/oscar/data/deeps/private/bfoxkemp/jnickla1/Thorne_15_codefigurestats/Methods/43_Forcing_Based/1_ERF_FaIR/FaIR_anthro_method.py:53: RuntimeWarning: Mean of empty slice
  samp_mean =  np.nanmean(samp_cur, axis = 1)
/oscar/data/deeps/private/bfoxkemp/jnickla1/Thorne_15_codefigurestats/Methods/43_Forcing_Based/1_ERF_FaIR/FaIR_anthro_method.py:53: RuntimeWarning: Mean of empty slice
  samp_mean =  np.nanmean(samp_cur, axis = 1)
/oscar/data/deeps/private/bfoxkemp/jnickla1/Thorne_15_codefigurestats/Methods/43_Forcing_Based/1_ERF_FaIR/FaIR_anthro_method.py:53: RuntimeWarning: Mean of empty slice
  samp_mean =  np.nanmean(samp_cur, axis = 1)
/oscar/data/deeps/private/bfoxkemp/jnickla1/Thorne_15_codefigurestats/Methods/43_Forcing_Based/1_ERF_FaIR/FaIR_anthro_unB_method.py:70: RuntimeWarning: Mean of empty slice
  samp_mean =  np.nanmean(samp_cur, axis = 1)
/oscar/data/deeps/private/bfoxkemp/jnickla1/Thorne_15_codefigurestats/Methods/43_Forcing_Based/1_ERF_FaIR/FaIR_anthro_unB_method.py:70: RuntimeWarning: Mean of empty slice
  samp_mean =  np.nanmean(samp_cur, axis = 1)
/oscar/data/deeps/private/bfoxkemp/jnickla1/Thorne_15_codefigurestats/Methods/43_Forcing_Based/1_ERF_FaIR/FaIR_anthro_unB_method.py:70: RuntimeWarning: Mean of empty slice
  samp_mean =  np.nanmean(samp_cur, axis = 1)
/oscar/data/deeps/private/bfoxkemp/jnickla1/Thorne_15_codefigurestats/Methods/43_Forcing_Based/1_ERF_FaIR/FaIR_anthro_unB_method.py:89: RuntimeWarning: Mean of empty slice
  return np.nanmean(samp_cur[year_idx-1850, :], axis = 1)
/oscar/data/deeps/private/bfoxkemp/jnickla1/Thorne_15_codefigurestats/Methods/43_Forcing_Based/1_ERF_FaIR/FaIR_anthro_unB_method.py:89: RuntimeWarning: Mean of empty slice
  return np.nanmean(samp_cur[year_idx-1850, :], axis = 1)
/oscar/data/deeps/private/bfoxkemp/jnickla1/Thorne_15_codefigurestats/Methods/43_Forcing_Based/1_ERF_FaIR/FaIR_comb_unB_method.py:70: RuntimeWarning: Mean of empty slice
  samp_mean =  np.nanmean(samp_cur, axis = 1)
/users/jnickla1/.conda/envs/cleanpy/lib/python3.13/site-packages/numpy/lib/_nanfunctions_impl.py:2019: RuntimeWarning: Degrees of freedom <= 0 for slice.
  var = nanvar(a, axis=axis, dtype=dtype, out=out, ddof=ddof,
/oscar/data/deeps/private/bfoxkemp/jnickla1/Thorne_15_codefigurestats/Methods/43_Forcing_Based/1_ERF_FaIR/FaIR_anthro_unB_method.py:117: RuntimeWarning: Mean of empty slice
  cdist = np.nanmean(dist)
/oscar/data/deeps/private/bfoxkemp/jnickla1/Thorne_15_codefigurestats/Methods/43_Forcing_Based/1_ERF_FaIR/FaIR_comb_unB_method.py:127: RuntimeWarning: Mean of empty slice
  samp_meanAll =  np.nanmean(samp_curAll, axis = 1)
/oscar/data/deeps/private/bfoxkemp/jnickla1/Thorne_15_codefigurestats/Methods/43_Forcing_Based/1_ERF_FaIR/FaIR_comb_unB_method.py:70: RuntimeWarning: Mean of empty slice
  samp_mean =  np.nanmean(samp_cur, axis = 1)
/users/jnickla1/.conda/envs/cleanpy/lib/python3.13/site-packages/numpy/lib/_nanfunctions_impl.py:2019: RuntimeWarning: Degrees of freedom <= 0 for slice.
  var = nanvar(a, axis=axis, dtype=dtype, out=out, ddof=ddof,
/oscar/data/deeps/private/bfoxkemp/jnickla1/Thorne_15_codefigurestats/Methods/43_Forcing_Based/1_ERF_FaIR/FaIR_anthro_unB_method.py:117: RuntimeWarning: Mean of empty slice
  cdist = np.nanmean(dist)
/oscar/data/deeps/private/bfoxkemp/jnickla1/Thorne_15_codefigurestats/Methods/43_Forcing_Based/1_ERF_FaIR/FaIR_comb_unB_method.py:127: RuntimeWarning: Mean of empty slice
  samp_meanAll =  np.nanmean(samp_curAll, axis = 1)
/oscar/data/deeps/private/bfoxkemp/jnickla1/Thorne_15_codefigurestats/Methods/43_Forcing_Based/1_ERF_FaIR/FaIR_comb_unB_method.py:70: RuntimeWarning: Mean of empty slice
  samp_mean =  np.nanmean(samp_cur, axis = 1)
/oscar/data/deeps/private/bfoxkemp/jnickla1/Thorne_15_codefigurestats/Methods/43_Forcing_Based/1_ERF_FaIR/FaIR_comb_unB_method.py:127: RuntimeWarning: Mean of empty slice
  samp_meanAll =  np.nanmean(samp_curAll, axis = 1)
/oscar/data/deeps/private/bfoxkemp/jnickla1/Thorne_15_codefigurestats/Methods/43_Forcing_Based/1_ERF_FaIR/FaIR_nonat_method.py:53: RuntimeWarning: Mean of empty slice
  samp_mean =  np.nanmean(samp_cur, axis = 1)
/oscar/data/deeps/private/bfoxkemp/jnickla1/Thorne_15_codefigurestats/Methods/43_Forcing_Based/1_ERF_FaIR/FaIR_nonat_method.py:53: RuntimeWarning: Mean of empty slice
  samp_mean =  np.nanmean(samp_cur, axis = 1)
/oscar/data/deeps/private/bfoxkemp/jnickla1/Thorne_15_codefigurestats/Methods/43_Forcing_Based/1_ERF_FaIR/FaIR_nonat_unB_method.py:72: RuntimeWarning: Mean of empty slice
  samp_mean =  np.nanmean(samp_cur, axis = 1)
/oscar/data/deeps/private/bfoxkemp/jnickla1/Thorne_15_codefigurestats/Methods/43_Forcing_Based/1_ERF_FaIR/FaIR_nonat_method.py:53: RuntimeWarning: Mean of empty slice
  samp_mean =  np.nanmean(samp_cur, axis = 1)
/oscar/data/deeps/private/bfoxkemp/jnickla1/Thorne_15_codefigurestats/Methods/43_Forcing_Based/1_ERF_FaIR/FaIR_nonat_unB_method.py:72: RuntimeWarning: Mean of empty slice
  samp_mean =  np.nanmean(samp_cur, axis = 1)
/oscar/data/deeps/private/bfoxkemp/jnickla1/Thorne_15_codefigurestats/Methods/43_Forcing_Based/1_ERF_FaIR/FaIR_all_method.py:68: RuntimeWarning: Mean of empty slice
  return np.nanmean(samp_cur[year_idx-1850, :], axis = 1)
/users/jnickla1/.conda/envs/cleanpy/lib/python3.13/site-packages/numpy/lib/_nanfunctions_impl.py:2019: RuntimeWarning: Degrees of freedom <= 0 for slice.
  var = nanvar(a, axis=axis, dtype=dtype, out=out, ddof=ddof,
/oscar/data/deeps/private/bfoxkemp/jnickla1/Thorne_15_codefigurestats/Methods/43_Forcing_Based/1_ERF_FaIR/FaIR_all_unB_method.py:90: RuntimeWarning: Mean of empty slice
  return np.nanmean(samp_cur[year_idx-1850, :], axis = 1)
/oscar/data/deeps/private/bfoxkemp/jnickla1/Thorne_15_codefigurestats/Methods/43_Forcing_Based/1_ERF_FaIR/FaIR_anthro_method.py:67: RuntimeWarning: Mean of empty slice
  return np.nanmean(samp_cur[year_idx-1850, :], axis = 1)
/oscar/data/deeps/private/bfoxkemp/jnickla1/Thorne_15_codefigurestats/Methods/43_Forcing_Based/1_ERF_FaIR/FaIR_nonat_unB_method.py:72: RuntimeWarning: Mean of empty slice
  samp_mean =  np.nanmean(samp_cur, axis = 1)
/oscar/data/deeps/private/bfoxkemp/jnickla1/Thorne_15_codefigurestats/Methods/43_Forcing_Based/1_ERF_FaIR/FaIR_all_method.py:68: RuntimeWarning: Mean of empty slice
  return np.nanmean(samp_cur[year_idx-1850, :], axis = 1)
/oscar/data/deeps/private/bfoxkemp/jnickla1/Thorne_15_codefigurestats/Methods/43_Forcing_Based/1_ERF_FaIR/FaIR_anthro_unB_method.py:89: RuntimeWarning: Mean of empty slice
  return np.nanmean(samp_cur[year_idx-1850, :], axis = 1)
/users/jnickla1/.conda/envs/cleanpy/lib/python3.13/site-packages/numpy/lib/_nanfunctions_impl.py:2019: RuntimeWarning: Degrees of freedom <= 0 for slice.
  var = nanvar(a, axis=axis, dtype=dtype, out=out, ddof=ddof,
/oscar/data/deeps/private/bfoxkemp/jnickla1/Thorne_15_codefigurestats/Methods/43_Forcing_Based/1_ERF_FaIR/FaIR_all_unB_method.py:90: RuntimeWarning: Mean of empty slice
  return np.nanmean(samp_cur[year_idx-1850, :], axis = 1)
/oscar/data/deeps/private/bfoxkemp/jnickla1/Thorne_15_codefigurestats/Methods/43_Forcing_Based/1_ERF_FaIR/FaIR_anthro_method.py:67: RuntimeWarning: Mean of empty slice
  return np.nanmean(samp_cur[year_idx-1850, :], axis = 1)
/oscar/data/deeps/private/bfoxkemp/jnickla1/Thorne_15_codefigurestats/Methods/43_Forcing_Based/1_ERF_FaIR/FaIR_comb_unB_method.py:153: RuntimeWarning: Mean of empty slice
  return np.nanmean(samp_cur[year_idx-1850, :], axis = 1)
/oscar/data/deeps/private/bfoxkemp/jnickla1/Thorne_15_codefigurestats/Methods/43_Forcing_Based/1_ERF_FaIR/FaIR_anthro_unB_method.py:89: RuntimeWarning: Mean of empty slice
  return np.nanmean(samp_cur[year_idx-1850, :], axis = 1)
/oscar/data/deeps/private/bfoxkemp/jnickla1/Thorne_15_codefigurestats/Methods/43_Forcing_Based/1_ERF_FaIR/FaIR_nonat_method.py:68: RuntimeWarning: Mean of empty slice
  return np.nanmean(samp_cur[year_idx-1850, :], axis = 1)
/oscar/data/deeps/private/bfoxkemp/jnickla1/Thorne_15_codefigurestats/Methods/43_Forcing_Based/1_ERF_FaIR/FaIR_all_method.py:68: RuntimeWarning: Mean of empty slice
  return np.nanmean(samp_cur[year_idx-1850, :], axis = 1)
/oscar/data/deeps/private/bfoxkemp/jnickla1/Thorne_15_codefigurestats/Methods/43_Forcing_Based/1_ERF_FaIR/FaIR_comb_unB_method.py:153: RuntimeWarning: Mean of empty slice
  return np.nanmean(samp_cur[year_idx-1850, :], axis = 1)
/users/jnickla1/.conda/envs/cleanpy/lib/python3.13/site-packages/numpy/lib/_nanfunctions_impl.py:2019: RuntimeWarning: Degrees of freedom <= 0 for slice.
  var = nanvar(a, axis=axis, dtype=dtype, out=out, ddof=ddof,
/oscar/data/deeps/private/bfoxkemp/jnickla1/Thorne_15_codefigurestats/Methods/43_Forcing_Based/1_ERF_FaIR/FaIR_all_unB_method.py:90: RuntimeWarning: Mean of empty slice
  return np.nanmean(samp_cur[year_idx-1850, :], axis = 1)
/oscar/data/deeps/private/bfoxkemp/jnickla1/Thorne_15_codefigurestats/Methods/43_Forcing_Based/1_ERF_FaIR/FaIR_nonat_unB_method.py:92: RuntimeWarning: Mean of empty slice
  return np.nanmean(samp_cur[year_idx-1850, :], axis = 1)
/oscar/data/deeps/private/bfoxkemp/jnickla1/Thorne_15_codefigurestats/Methods/43_Forcing_Based/1_ERF_FaIR/FaIR_nonat_method.py:68: RuntimeWarning: Mean of empty slice
  return np.nanmean(samp_cur[year_idx-1850, :], axis = 1)
/oscar/data/deeps/private/bfoxkemp/jnickla1/Thorne_15_codefigurestats/Methods/43_Forcing_Based/1_ERF_FaIR/FaIR_nonat_unB_method.py:92: RuntimeWarning: Mean of empty slice
  return np.nanmean(samp_cur[year_idx-1850, :], axis = 1)
/oscar/data/deeps/private/bfoxkemp/jnickla1/Thorne_15_codefigurestats/Methods/43_Forcing_Based/1_ERF_FaIR/FaIR_anthro_method.py:67: RuntimeWarning: Mean of empty slice
  return np.nanmean(samp_cur[year_idx-1850, :], axis = 1)
/oscar/data/deeps/private/bfoxkemp/jnickla1/Thorne_15_codefigurestats/Methods/43_Forcing_Based/1_ERF_FaIR/FaIR_anthro_method.py:67: RuntimeWarning: Mean of empty slice
  return np.nanmean(samp_cur[year_idx-1850, :], axis = 1)
/oscar/data/deeps/private/bfoxkemp/jnickla1/Thorne_15_codefigurestats/Methods/43_Forcing_Based/1_ERF_FaIR/FaIR_anthro_unB_method.py:89: RuntimeWarning: Mean of empty slice
  return np.nanmean(samp_cur[year_idx-1850, :], axis = 1)
/oscar/data/deeps/private/bfoxkemp/jnickla1/Thorne_15_codefigurestats/Methods/43_Forcing_Based/1_ERF_FaIR/FaIR_anthro_unB_method.py:89: RuntimeWarning: Mean of empty slice
  return np.nanmean(samp_cur[year_idx-1850, :], axis = 1)
/oscar/data/deeps/private/bfoxkemp/jnickla1/Thorne_15_codefigurestats/Methods/43_Forcing_Based/1_ERF_FaIR/FaIR_nonat_method.py:68: RuntimeWarning: Mean of empty slice
  return np.nanmean(samp_cur[year_idx-1850, :], axis = 1)
/oscar/data/deeps/private/bfoxkemp/jnickla1/Thorne_15_codefigurestats/Methods/43_Forcing_Based/1_ERF_FaIR/FaIR_nonat_unB_method.py:92: RuntimeWarning: Mean of empty slice
  return np.nanmean(samp_cur[year_idx-1850, :], axis = 1)
/oscar/data/deeps/private/bfoxkemp/jnickla1/Thorne_15_codefigurestats/Methods/43_Forcing_Based/1_ERF_FaIR/FaIR_all_method.py:68: RuntimeWarning: Mean of empty slice
  return np.nanmean(samp_cur[year_idx-1850, :], axis = 1)
/oscar/data/deeps/private/bfoxkemp/jnickla1/Thorne_15_codefigurestats/Methods/43_Forcing_Based/1_ERF_FaIR/FaIR_all_unB_method.py:90: RuntimeWarning: Mean of empty slice
  return np.nanmean(samp_cur[year_idx-1850, :], axis = 1)
/oscar/data/deeps/private/bfoxkemp/jnickla1/Thorne_15_codefigurestats/Methods/43_Forcing_Based/1_ERF_FaIR/FaIR_comb_unB_method.py:153: RuntimeWarning: Mean of empty slice
  return np.nanmean(samp_cur[year_idx-1850, :], axis = 1)
/oscar/data/deeps/private/bfoxkemp/jnickla1/Thorne_15_codefigurestats/Methods/43_Forcing_Based/1_ERF_FaIR/FaIR_anthro_method.py:67: RuntimeWarning: Mean of empty slice
  return np.nanmean(samp_cur[year_idx-1850, :], axis = 1)
/oscar/data/deeps/private/bfoxkemp/jnickla1/Thorne_15_codefigurestats/Methods/43_Forcing_Based/1_ERF_FaIR/FaIR_anthro_unB_method.py:89: RuntimeWarning: Mean of empty slice
  return np.nanmean(samp_cur[year_idx-1850, :], axis = 1)
/oscar/data/deeps/private/bfoxkemp/jnickla1/Thorne_15_codefigurestats/Methods/43_Forcing_Based/1_ERF_FaIR/FaIR_comb_unB_method.py:153: RuntimeWarning: Mean of empty slice
  return np.nanmean(samp_cur[year_idx-1850, :], axis = 1)
/oscar/data/deeps/private/bfoxkemp/jnickla1/Thorne_15_codefigurestats/Methods/43_Forcing_Based/1_ERF_FaIR/FaIR_nonat_method.py:68: RuntimeWarning: Mean of empty slice
  return np.nanmean(samp_cur[year_idx-1850, :], axis = 1)
/oscar/data/deeps/private/bfoxkemp/jnickla1/Thorne_15_codefigurestats/Methods/43_Forcing_Based/1_ERF_FaIR/FaIR_nonat_unB_method.py:92: RuntimeWarning: Mean of empty slice
  return np.nanmean(samp_cur[year_idx-1850, :], axis = 1)
/oscar/data/deeps/private/bfoxkemp/jnickla1/Thorne_15_codefigurestats/Methods/43_Forcing_Based/1_ERF_FaIR/FaIR_nonat_method.py:68: RuntimeWarning: Mean of empty slice
  return np.nanmean(samp_cur[year_idx-1850, :], axis = 1)
/oscar/data/deeps/private/bfoxkemp/jnickla1/Thorne_15_codefigurestats/Methods/43_Forcing_Based/1_ERF_FaIR/FaIR_all_method.py:68: RuntimeWarning: Mean of empty slice
  return np.nanmean(samp_cur[year_idx-1850, :], axis = 1)
/oscar/data/deeps/private/bfoxkemp/jnickla1/Thorne_15_codefigurestats/Methods/43_Forcing_Based/1_ERF_FaIR/FaIR_all_unB_method.py:90: RuntimeWarning: Mean of empty slice
  return np.nanmean(samp_cur[year_idx-1850, :], axis = 1)
/oscar/data/deeps/private/bfoxkemp/jnickla1/Thorne_15_codefigurestats/Methods/43_Forcing_Based/1_ERF_FaIR/FaIR_nonat_unB_method.py:92: RuntimeWarning: Mean of empty slice
  return np.nanmean(samp_cur[year_idx-1850, :], axis = 1)
/oscar/data/deeps/private/bfoxkemp/jnickla1/Thorne_15_codefigurestats/Methods/43_Forcing_Based/1_ERF_FaIR/FaIR_comb_unB_method.py:153: RuntimeWarning: Mean of empty slice
  return np.nanmean(samp_cur[year_idx-1850, :], axis = 1)
/oscar/data/deeps/private/bfoxkemp/jnickla1/Thorne_15_codefigurestats/Methods/43_Forcing_Based/1_ERF_FaIR/FaIR_anthro_method.py:67: RuntimeWarning: Mean of empty slice
  return np.nanmean(samp_cur[year_idx-1850, :], axis = 1)
/oscar/data/deeps/private/bfoxkemp/jnickla1/Thorne_15_codefigurestats/Methods/43_Forcing_Based/1_ERF_FaIR/FaIR_anthro_unB_method.py:89: RuntimeWarning: Mean of empty slice
  return np.nanmean(samp_cur[year_idx-1850, :], axis = 1)
/oscar/data/deeps/private/bfoxkemp/jnickla1/Thorne_15_codefigurestats/Methods/43_Forcing_Based/1_ERF_FaIR/FaIR_nonat_method.py:68: RuntimeWarning: Mean of empty slice
  return np.nanmean(samp_cur[year_idx-1850, :], axis = 1)
/oscar/data/deeps/private/bfoxkemp/jnickla1/Thorne_15_codefigurestats/Methods/43_Forcing_Based/1_ERF_FaIR/FaIR_nonat_unB_method.py:92: RuntimeWarning: Mean of empty slice
  return np.nanmean(samp_cur[year_idx-1850, :], axis = 1)
/oscar/data/deeps/private/bfoxkemp/jnickla1/Thorne_15_codefigurestats/Methods/43_Forcing_Based/1_ERF_FaIR/FaIR_all_method.py:68: RuntimeWarning: Mean of empty slice
  return np.nanmean(samp_cur[year_idx-1850, :], axis = 1)
/oscar/data/deeps/private/bfoxkemp/jnickla1/Thorne_15_codefigurestats/Methods/43_Forcing_Based/1_ERF_FaIR/FaIR_all_unB_method.py:90: RuntimeWarning: Mean of empty slice
  return np.nanmean(samp_cur[year_idx-1850, :], axis = 1)
/oscar/data/deeps/private/bfoxkemp/jnickla1/Thorne_15_codefigurestats/Methods/43_Forcing_Based/1_ERF_FaIR/FaIR_comb_unB_method.py:153: RuntimeWarning: Mean of empty slice
  return np.nanmean(samp_cur[year_idx-1850, :], axis = 1)
/oscar/data/deeps/private/bfoxkemp/jnickla1/Thorne_15_codefigurestats/Methods/43_Forcing_Based/1_ERF_FaIR/FaIR_anthro_method.py:67: RuntimeWarning: Mean of empty slice
  return np.nanmean(samp_cur[year_idx-1850, :], axis = 1)
/users/jnickla1/.conda/envs/cleanpy/lib/python3.13/site-packages/numpy/lib/_nanfunctions_impl.py:2019: RuntimeWarning: Degrees of freedom <= 0 for slice.
  var = nanvar(a, axis=axis, dtype=dtype, out=out, ddof=ddof,
/oscar/data/deeps/private/bfoxkemp/jnickla1/Thorne_15_codefigurestats/Methods/43_Forcing_Based/1_ERF_FaIR/FaIR_anthro_method.py:95: RuntimeWarning: Mean of empty slice
  cdist = np.nanmean(dist)
/oscar/data/deeps/private/bfoxkemp/jnickla1/Thorne_15_codefigurestats/Methods/43_Forcing_Based/1_ERF_FaIR/FaIR_anthro_method.py:67: RuntimeWarning: Mean of empty slice
  return np.nanmean(samp_cur[year_idx-1850, :], axis = 1)
/oscar/data/deeps/private/bfoxkemp/jnickla1/Thorne_15_codefigurestats/Methods/43_Forcing_Based/1_ERF_FaIR/FaIR_anthro_method.py:67: RuntimeWarning: Mean of empty slice
  return np.nanmean(samp_cur[year_idx-1850, :], axis = 1)
/users/jnickla1/.conda/envs/cleanpy/lib/python3.13/site-packages/numpy/lib/_nanfunctions_impl.py:2019: RuntimeWarning: Degrees of freedom <= 0 for slice.
  var = nanvar(a, axis=axis, dtype=dtype, out=out, ddof=ddof,
/oscar/data/deeps/private/bfoxkemp/jnickla1/Thorne_15_codefigurestats/Methods/43_Forcing_Based/1_ERF_FaIR/FaIR_anthro_method.py:95: RuntimeWarning: Mean of empty slice
  cdist = np.nanmean(dist)
/users/jnickla1/.conda/envs/cleanpy/lib/python3.13/site-packages/numpy/lib/_nanfunctions_impl.py:2019: RuntimeWarning: Degrees of freedom <= 0 for slice.
  var = nanvar(a, axis=axis, dtype=dtype, out=out, ddof=ddof,
/oscar/data/deeps/private/bfoxkemp/jnickla1/Thorne_15_codefigurestats/Methods/43_Forcing_Based/1_ERF_FaIR/FaIR_anthro_method.py:95: RuntimeWarning: Mean of empty slice
  cdist = np.nanmean(dist)
/oscar/data/deeps/private/bfoxkemp/jnickla1/Thorne_15_codefigurestats/Methods/43_Forcing_Based/1_ERF_FaIR/FaIR_nonat_method.py:68: RuntimeWarning: Mean of empty slice
  return np.nanmean(samp_cur[year_idx-1850, :], axis = 1)
/users/jnickla1/.conda/envs/cleanpy/lib/python3.13/site-packages/numpy/lib/_nanfunctions_impl.py:2019: RuntimeWarning: Degrees of freedom <= 0 for slice.
  var = nanvar(a, axis=axis, dtype=dtype, out=out, ddof=ddof,
/oscar/data/deeps/private/bfoxkemp/jnickla1/Thorne_15_codefigurestats/Methods/43_Forcing_Based/1_ERF_FaIR/FaIR_nonat_method.py:96: RuntimeWarning: Mean of empty slice
  cdist = np.nanmean(dist)
/oscar/data/deeps/private/bfoxkemp/jnickla1/Thorne_15_codefigurestats/Methods/43_Forcing_Based/1_ERF_FaIR/FaIR_nonat_method.py:68: RuntimeWarning: Mean of empty slice
  return np.nanmean(samp_cur[year_idx-1850, :], axis = 1)
/users/jnickla1/.conda/envs/cleanpy/lib/python3.13/site-packages/numpy/lib/_nanfunctions_impl.py:2019: RuntimeWarning: Degrees of freedom <= 0 for slice.
  var = nanvar(a, axis=axis, dtype=dtype, out=out, ddof=ddof,
/oscar/data/deeps/private/bfoxkemp/jnickla1/Thorne_15_codefigurestats/Methods/43_Forcing_Based/1_ERF_FaIR/FaIR_nonat_method.py:96: RuntimeWarning: Mean of empty slice
  cdist = np.nanmean(dist)
/oscar/data/deeps/private/bfoxkemp/jnickla1/Thorne_15_codefigurestats/Methods/43_Forcing_Based/1_ERF_FaIR/FaIR_anthro_unB_method.py:89: RuntimeWarning: Mean of empty slice
  return np.nanmean(samp_cur[year_idx-1850, :], axis = 1)
/users/jnickla1/.conda/envs/cleanpy/lib/python3.13/site-packages/numpy/lib/_nanfunctions_impl.py:2019: RuntimeWarning: Degrees of freedom <= 0 for slice.
  var = nanvar(a, axis=axis, dtype=dtype, out=out, ddof=ddof,
/oscar/data/deeps/private/bfoxkemp/jnickla1/Thorne_15_codefigurestats/Methods/43_Forcing_Based/1_ERF_FaIR/FaIR_anthro_unB_method.py:117: RuntimeWarning: Mean of empty slice
  cdist = np.nanmean(dist)
/oscar/data/deeps/private/bfoxkemp/jnickla1/Thorne_15_codefigurestats/fut_evaluation_script.py:427: RuntimeWarning: Mean of empty slice
  evalmean = np.nanmean(diffcross) #if crossing multiple times take the mean
/oscar/data/deeps/private/bfoxkemp/jnickla1/Thorne_15_codefigurestats/Methods/43_Forcing_Based/1_ERF_FaIR/FaIR_anthro_unB_method.py:89: RuntimeWarning: Mean of empty slice
  return np.nanmean(samp_cur[year_idx-1850, :], axis = 1)
/users/jnickla1/.conda/envs/cleanpy/lib/python3.13/site-packages/numpy/lib/_nanfunctions_impl.py:2019: RuntimeWarning: Degrees of freedom <= 0 for slice.
  var = nanvar(a, axis=axis, dtype=dtype, out=out, ddof=ddof,
/oscar/data/deeps/private/bfoxkemp/jnickla1/Thorne_15_codefigurestats/Methods/43_Forcing_Based/1_ERF_FaIR/FaIR_anthro_unB_method.py:117: RuntimeWarning: Mean of empty slice
  cdist = np.nanmean(dist)
/oscar/data/deeps/private/bfoxkemp/jnickla1/Thorne_15_codefigurestats/fut_evaluation_script.py:464: RuntimeWarning: Mean of empty slice
  evalmean = np.nanmean(diffcrossE) #if crossing multiple times take the mean
/oscar/data/deeps/private/bfoxkemp/jnickla1/Thorne_15_codefigurestats/Methods/43_Forcing_Based/1_ERF_FaIR/FaIR_nonat_unB_method.py:92: RuntimeWarning: Mean of empty slice
  return np.nanmean(samp_cur[year_idx-1850, :], axis = 1)
/oscar/data/deeps/private/bfoxkemp/jnickla1/Thorne_15_codefigurestats/Methods/43_Forcing_Based/1_ERF_FaIR/FaIR_nonat_unB_method.py:92: RuntimeWarning: Mean of empty slice
  return np.nanmean(samp_cur[year_idx-1850, :], axis = 1)
/users/jnickla1/.conda/envs/cleanpy/lib/python3.13/site-packages/numpy/lib/_nanfunctions_impl.py:2019: RuntimeWarning: Degrees of freedom <= 0 for slice.
  var = nanvar(a, axis=axis, dtype=dtype, out=out, ddof=ddof,
/oscar/data/deeps/private/bfoxkemp/jnickla1/Thorne_15_codefigurestats/Methods/43_Forcing_Based/1_ERF_FaIR/FaIR_nonat_unB_method.py:120: RuntimeWarning: Mean of empty slice
  cdist = np.nanmean(dist)
/users/jnickla1/.conda/envs/cleanpy/lib/python3.13/site-packages/numpy/lib/_nanfunctions_impl.py:2019: RuntimeWarning: Degrees of freedom <= 0 for slice.
  var = nanvar(a, axis=axis, dtype=dtype, out=out, ddof=ddof,
/oscar/data/deeps/private/bfoxkemp/jnickla1/Thorne_15_codefigurestats/Methods/43_Forcing_Based/1_ERF_FaIR/FaIR_nonat_unB_method.py:120: RuntimeWarning: Mean of empty slice
  cdist = np.nanmean(dist)
/oscar/data/deeps/private/bfoxkemp/jnickla1/Thorne_15_codefigurestats/Methods/43_Forcing_Based/1_ERF_FaIR/FaIR_anthro_unB_method.py:89: RuntimeWarning: Mean of empty slice
  return np.nanmean(samp_cur[year_idx-1850, :], axis = 1)
/users/jnickla1/.conda/envs/cleanpy/lib/python3.13/site-packages/numpy/lib/_nanfunctions_impl.py:2019: RuntimeWarning: Degrees of freedom <= 0 for slice.
  var = nanvar(a, axis=axis, dtype=dtype, out=out, ddof=ddof,
/oscar/data/deeps/private/bfoxkemp/jnickla1/Thorne_15_codefigurestats/Methods/43_Forcing_Based/1_ERF_FaIR/FaIR_anthro_unB_method.py:117: RuntimeWarning: Mean of empty slice
  cdist = np.nanmean(dist)
/oscar/data/deeps/private/bfoxkemp/jnickla1/Thorne_15_codefigurestats/Methods/43_Forcing_Based/1_ERF_FaIR/FaIR_nonat_method.py:68: RuntimeWarning: Mean of empty slice
  return np.nanmean(samp_cur[year_idx-1850, :], axis = 1)
/users/jnickla1/.conda/envs/cleanpy/lib/python3.13/site-packages/numpy/lib/_nanfunctions_impl.py:2019: RuntimeWarning: Degrees of freedom <= 0 for slice.
  var = nanvar(a, axis=axis, dtype=dtype, out=out, ddof=ddof,
/oscar/data/deeps/private/bfoxkemp/jnickla1/Thorne_15_codefigurestats/Methods/43_Forcing_Based/1_ERF_FaIR/FaIR_nonat_method.py:96: RuntimeWarning: Mean of empty slice
  cdist = np.nanmean(dist)
/oscar/data/deeps/private/bfoxkemp/jnickla1/Thorne_15_codefigurestats/Methods/43_Forcing_Based/1_ERF_FaIR/FaIR_nonat_method.py:68: RuntimeWarning: Mean of empty slice
  return np.nanmean(samp_cur[year_idx-1850, :], axis = 1)
/users/jnickla1/.conda/envs/cleanpy/lib/python3.13/site-packages/numpy/lib/_nanfunctions_impl.py:2019: RuntimeWarning: Degrees of freedom <= 0 for slice.
  var = nanvar(a, axis=axis, dtype=dtype, out=out, ddof=ddof,
/oscar/data/deeps/private/bfoxkemp/jnickla1/Thorne_15_codefigurestats/Methods/43_Forcing_Based/1_ERF_FaIR/FaIR_nonat_method.py:96: RuntimeWarning: Mean of empty slice
  cdist = np.nanmean(dist)
/oscar/data/deeps/private/bfoxkemp/jnickla1/Thorne_15_codefigurestats/Methods/43_Forcing_Based/1_ERF_FaIR/FaIR_all_method.py:68: RuntimeWarning: Mean of empty slice
  return np.nanmean(samp_cur[year_idx-1850, :], axis = 1)
/users/jnickla1/.conda/envs/cleanpy/lib/python3.13/site-packages/numpy/lib/_nanfunctions_impl.py:2019: RuntimeWarning: Degrees of freedom <= 0 for slice.
  var = nanvar(a, axis=axis, dtype=dtype, out=out, ddof=ddof,
/oscar/data/deeps/private/bfoxkemp/jnickla1/Thorne_15_codefigurestats/Methods/43_Forcing_Based/1_ERF_FaIR/FaIR_all_method.py:96: RuntimeWarning: Mean of empty slice
  cdist = np.nanmean(dist)
/oscar/data/deeps/private/bfoxkemp/jnickla1/Thorne_15_codefigurestats/Methods/43_Forcing_Based/1_ERF_FaIR/FaIR_all_method.py:68: RuntimeWarning: Mean of empty slice
  return np.nanmean(samp_cur[year_idx-1850, :], axis = 1)
/oscar/data/deeps/private/bfoxkemp/jnickla1/Thorne_15_codefigurestats/Methods/43_Forcing_Based/1_ERF_FaIR/FaIR_nonat_unB_method.py:92: RuntimeWarning: Mean of empty slice
  return np.nanmean(samp_cur[year_idx-1850, :], axis = 1)
/users/jnickla1/.conda/envs/cleanpy/lib/python3.13/site-packages/numpy/lib/_nanfunctions_impl.py:2019: RuntimeWarning: Degrees of freedom <= 0 for slice.
  var = nanvar(a, axis=axis, dtype=dtype, out=out, ddof=ddof,
/oscar/data/deeps/private/bfoxkemp/jnickla1/Thorne_15_codefigurestats/Methods/43_Forcing_Based/1_ERF_FaIR/FaIR_nonat_unB_method.py:120: RuntimeWarning: Mean of empty slice
  cdist = np.nanmean(dist)
/users/jnickla1/.conda/envs/cleanpy/lib/python3.13/site-packages/numpy/lib/_nanfunctions_impl.py:2019: RuntimeWarning: Degrees of freedom <= 0 for slice.
  var = nanvar(a, axis=axis, dtype=dtype, out=out, ddof=ddof,
/oscar/data/deeps/private/bfoxkemp/jnickla1/Thorne_15_codefigurestats/Methods/43_Forcing_Based/1_ERF_FaIR/FaIR_all_method.py:96: RuntimeWarning: Mean of empty slice
  cdist = np.nanmean(dist)
/oscar/data/deeps/private/bfoxkemp/jnickla1/Thorne_15_codefigurestats/Methods/43_Forcing_Based/1_ERF_FaIR/FaIR_nonat_unB_method.py:92: RuntimeWarning: Mean of empty slice
  return np.nanmean(samp_cur[year_idx-1850, :], axis = 1)
/users/jnickla1/.conda/envs/cleanpy/lib/python3.13/site-packages/numpy/lib/_nanfunctions_impl.py:2019: RuntimeWarning: Degrees of freedom <= 0 for slice.
  var = nanvar(a, axis=axis, dtype=dtype, out=out, ddof=ddof,
/oscar/data/deeps/private/bfoxkemp/jnickla1/Thorne_15_codefigurestats/Methods/43_Forcing_Based/1_ERF_FaIR/FaIR_nonat_unB_method.py:120: RuntimeWarning: Mean of empty slice
  cdist = np.nanmean(dist)
/oscar/data/deeps/private/bfoxkemp/jnickla1/Thorne_15_codefigurestats/Methods/43_Forcing_Based/1_ERF_FaIR/FaIR_nonat_method.py:68: RuntimeWarning: Mean of empty slice
  return np.nanmean(samp_cur[year_idx-1850, :], axis = 1)
/users/jnickla1/.conda/envs/cleanpy/lib/python3.13/site-packages/numpy/lib/_nanfunctions_impl.py:2019: RuntimeWarning: Degrees of freedom <= 0 for slice.
  var = nanvar(a, axis=axis, dtype=dtype, out=out, ddof=ddof,
/oscar/data/deeps/private/bfoxkemp/jnickla1/Thorne_15_codefigurestats/Methods/43_Forcing_Based/1_ERF_FaIR/FaIR_nonat_method.py:96: RuntimeWarning: Mean of empty slice
  cdist = np.nanmean(dist)
/oscar/data/deeps/private/bfoxkemp/jnickla1/Thorne_15_codefigurestats/fut_evaluation_script.py:427: RuntimeWarning: Mean of empty slice
  evalmean = np.nanmean(diffcross) #if crossing multiple times take the mean
/oscar/data/deeps/private/bfoxkemp/jnickla1/Thorne_15_codefigurestats/fut_evaluation_script.py:427: RuntimeWarning: Mean of empty slice
  evalmean = np.nanmean(diffcross) #if crossing multiple times take the mean
/oscar/data/deeps/private/bfoxkemp/jnickla1/Thorne_15_codefigurestats/fut_evaluation_script.py:464: RuntimeWarning: Mean of empty slice
  evalmean = np.nanmean(diffcrossE) #if crossing multiple times take the mean
/oscar/data/deeps/private/bfoxkemp/jnickla1/Thorne_15_codefigurestats/Methods/43_Forcing_Based/1_ERF_FaIR/FaIR_all_method.py:68: RuntimeWarning: Mean of empty slice
  return np.nanmean(samp_cur[year_idx-1850, :], axis = 1)
/users/jnickla1/.conda/envs/cleanpy/lib/python3.13/site-packages/numpy/lib/_nanfunctions_impl.py:2019: RuntimeWarning: Degrees of freedom <= 0 for slice.
  var = nanvar(a, axis=axis, dtype=dtype, out=out, ddof=ddof,
/oscar/data/deeps/private/bfoxkemp/jnickla1/Thorne_15_codefigurestats/Methods/43_Forcing_Based/1_ERF_FaIR/FaIR_all_method.py:96: RuntimeWarning: Mean of empty slice
  cdist = np.nanmean(dist)
/oscar/data/deeps/private/bfoxkemp/jnickla1/Thorne_15_codefigurestats/fut_evaluation_script.py:464: RuntimeWarning: Mean of empty slice
  evalmean = np.nanmean(diffcrossE) #if crossing multiple times take the mean
/oscar/data/deeps/private/bfoxkemp/jnickla1/Thorne_15_codefigurestats/Methods/43_Forcing_Based/1_ERF_FaIR/FaIR_all_unB_method.py:90: RuntimeWarning: Mean of empty slice
  return np.nanmean(samp_cur[year_idx-1850, :], axis = 1)
/users/jnickla1/.conda/envs/cleanpy/lib/python3.13/site-packages/numpy/lib/_nanfunctions_impl.py:2019: RuntimeWarning: Degrees of freedom <= 0 for slice.
  var = nanvar(a, axis=axis, dtype=dtype, out=out, ddof=ddof,
/oscar/data/deeps/private/bfoxkemp/jnickla1/Thorne_15_codefigurestats/Methods/43_Forcing_Based/1_ERF_FaIR/FaIR_all_unB_method.py:118: RuntimeWarning: Mean of empty slice
  cdist = np.nanmean(dist)
/oscar/data/deeps/private/bfoxkemp/jnickla1/Thorne_15_codefigurestats/Methods/43_Forcing_Based/1_ERF_FaIR/FaIR_all_unB_method.py:90: RuntimeWarning: Mean of empty slice
  return np.nanmean(samp_cur[year_idx-1850, :], axis = 1)
/users/jnickla1/.conda/envs/cleanpy/lib/python3.13/site-packages/numpy/lib/_nanfunctions_impl.py:2019: RuntimeWarning: Degrees of freedom <= 0 for slice.
  var = nanvar(a, axis=axis, dtype=dtype, out=out, ddof=ddof,
/oscar/data/deeps/private/bfoxkemp/jnickla1/Thorne_15_codefigurestats/Methods/43_Forcing_Based/1_ERF_FaIR/FaIR_all_unB_method.py:118: RuntimeWarning: Mean of empty slice
  cdist = np.nanmean(dist)
/oscar/data/deeps/private/bfoxkemp/jnickla1/Thorne_15_codefigurestats/Methods/43_Forcing_Based/1_ERF_FaIR/FaIR_all_method.py:68: RuntimeWarning: Mean of empty slice
  return np.nanmean(samp_cur[year_idx-1850, :], axis = 1)
/users/jnickla1/.conda/envs/cleanpy/lib/python3.13/site-packages/numpy/lib/_nanfunctions_impl.py:2019: RuntimeWarning: Degrees of freedom <= 0 for slice.
  var = nanvar(a, axis=axis, dtype=dtype, out=out, ddof=ddof,
/oscar/data/deeps/private/bfoxkemp/jnickla1/Thorne_15_codefigurestats/Methods/43_Forcing_Based/1_ERF_FaIR/FaIR_all_method.py:96: RuntimeWarning: Mean of empty slice
  cdist = np.nanmean(dist)
/oscar/data/deeps/private/bfoxkemp/jnickla1/Thorne_15_codefigurestats/Methods/43_Forcing_Based/1_ERF_FaIR/FaIR_all_unB_method.py:90: RuntimeWarning: Mean of empty slice
  return np.nanmean(samp_cur[year_idx-1850, :], axis = 1)
/users/jnickla1/.conda/envs/cleanpy/lib/python3.13/site-packages/numpy/lib/_nanfunctions_impl.py:2019: RuntimeWarning: Degrees of freedom <= 0 for slice.
  var = nanvar(a, axis=axis, dtype=dtype, out=out, ddof=ddof,
/oscar/data/deeps/private/bfoxkemp/jnickla1/Thorne_15_codefigurestats/Methods/43_Forcing_Based/1_ERF_FaIR/FaIR_all_unB_method.py:118: RuntimeWarning: Mean of empty slice
  cdist = np.nanmean(dist)
/oscar/data/deeps/private/bfoxkemp/jnickla1/Thorne_15_codefigurestats/Methods/43_Forcing_Based/1_ERF_FaIR/FaIR_nonat_unB_method.py:92: RuntimeWarning: Mean of empty slice
  return np.nanmean(samp_cur[year_idx-1850, :], axis = 1)
/users/jnickla1/.conda/envs/cleanpy/lib/python3.13/site-packages/numpy/lib/_nanfunctions_impl.py:2019: RuntimeWarning: Degrees of freedom <= 0 for slice.
  var = nanvar(a, axis=axis, dtype=dtype, out=out, ddof=ddof,
/oscar/data/deeps/private/bfoxkemp/jnickla1/Thorne_15_codefigurestats/Methods/43_Forcing_Based/1_ERF_FaIR/FaIR_nonat_unB_method.py:120: RuntimeWarning: Mean of empty slice
  cdist = np.nanmean(dist)
/oscar/data/deeps/private/bfoxkemp/jnickla1/Thorne_15_codefigurestats/Methods/43_Forcing_Based/1_ERF_FaIR/FaIR_comb_unB_method.py:153: RuntimeWarning: Mean of empty slice
  return np.nanmean(samp_cur[year_idx-1850, :], axis = 1)
/users/jnickla1/.conda/envs/cleanpy/lib/python3.13/site-packages/numpy/lib/_nanfunctions_impl.py:2019: RuntimeWarning: Degrees of freedom <= 0 for slice.
  var = nanvar(a, axis=axis, dtype=dtype, out=out, ddof=ddof,
/oscar/data/deeps/private/bfoxkemp/jnickla1/Thorne_15_codefigurestats/Methods/43_Forcing_Based/1_ERF_FaIR/FaIR_comb_unB_method.py:181: RuntimeWarning: Mean of empty slice
  cdist = np.nanmean(dist)
/oscar/data/deeps/private/bfoxkemp/jnickla1/Thorne_15_codefigurestats/Methods/43_Forcing_Based/1_ERF_FaIR/FaIR_comb_unB_method.py:153: RuntimeWarning: Mean of empty slice
  return np.nanmean(samp_cur[year_idx-1850, :], axis = 1)
/users/jnickla1/.conda/envs/cleanpy/lib/python3.13/site-packages/numpy/lib/_nanfunctions_impl.py:2019: RuntimeWarning: Degrees of freedom <= 0 for slice.
  var = nanvar(a, axis=axis, dtype=dtype, out=out, ddof=ddof,
/oscar/data/deeps/private/bfoxkemp/jnickla1/Thorne_15_codefigurestats/Methods/43_Forcing_Based/1_ERF_FaIR/FaIR_comb_unB_method.py:181: RuntimeWarning: Mean of empty slice
  cdist = np.nanmean(dist)
/oscar/data/deeps/private/bfoxkemp/jnickla1/Thorne_15_codefigurestats/Methods/43_Forcing_Based/1_ERF_FaIR/FaIR_comb_unB_method.py:153: RuntimeWarning: Mean of empty slice
  return np.nanmean(samp_cur[year_idx-1850, :], axis = 1)
/users/jnickla1/.conda/envs/cleanpy/lib/python3.13/site-packages/numpy/lib/_nanfunctions_impl.py:2019: RuntimeWarning: Degrees of freedom <= 0 for slice.
  var = nanvar(a, axis=axis, dtype=dtype, out=out, ddof=ddof,
/oscar/data/deeps/private/bfoxkemp/jnickla1/Thorne_15_codefigurestats/Methods/43_Forcing_Based/1_ERF_FaIR/FaIR_comb_unB_method.py:181: RuntimeWarning: Mean of empty slice
  cdist = np.nanmean(dist)
/oscar/data/deeps/private/bfoxkemp/jnickla1/Thorne_15_codefigurestats/fut_evaluation_script.py:427: RuntimeWarning: Mean of empty slice
  evalmean = np.nanmean(diffcross) #if crossing multiple times take the mean
/oscar/data/deeps/private/bfoxkemp/jnickla1/Thorne_15_codefigurestats/Methods/43_Forcing_Based/1_ERF_FaIR/FaIR_all_unB_method.py:90: RuntimeWarning: Mean of empty slice
  return np.nanmean(samp_cur[year_idx-1850, :], axis = 1)
/users/jnickla1/.conda/envs/cleanpy/lib/python3.13/site-packages/numpy/lib/_nanfunctions_impl.py:2019: RuntimeWarning: Degrees of freedom <= 0 for slice.
  var = nanvar(a, axis=axis, dtype=dtype, out=out, ddof=ddof,
/oscar/data/deeps/private/bfoxkemp/jnickla1/Thorne_15_codefigurestats/Methods/43_Forcing_Based/1_ERF_FaIR/FaIR_all_unB_method.py:118: RuntimeWarning: Mean of empty slice
  cdist = np.nanmean(dist)
/oscar/data/deeps/private/bfoxkemp/jnickla1/Thorne_15_codefigurestats/fut_evaluation_script.py:464: RuntimeWarning: Mean of empty slice
  evalmean = np.nanmean(diffcrossE) #if crossing multiple times take the mean
starting computation for fut_NorESM_RCP45_Volc
max_runs47
Model number:
46




Methods/42_Temp_Alone/1_Run_Means/cent10y_method.py
Methods/42_Temp_Alone/1_Run_Means/cent20y_method.py
Methods/42_Temp_Alone/1_Run_Means/cent21y_method.py
Methods/42_Temp_Alone/1_Run_Means/cent30y_method.py
Methods/42_Temp_Alone/1_Run_Means/lag10y_method.py
Methods/42_Temp_Alone/1_Run_Means/lag5y_method.py
Methods/42_Temp_Alone/1_Run_Means/offset11y_method.py
Methods/42_Temp_Alone/1_Run_Means/raw1y_method.py
Methods/43_Forcing_Based/1_ERF_FaIR/FaIR_all_method.py
Methods/43_Forcing_Based/1_ERF_FaIR/FaIR_all_unB_method.py
Methods/43_Forcing_Based/1_ERF_FaIR/FaIR_anthro_method.py
Methods/43_Forcing_Based/1_ERF_FaIR/FaIR_anthro_unB_method.py
Methods/43_Forcing_Based/1_ERF_FaIR/FaIR_comb_unB_method.py
Methods/43_Forcing_Based/1_ERF_FaIR/FaIR_nonat_method.py
Methods/43_Forcing_Based/1_ERF_FaIR/FaIR_nonat_unB_method.py
evaluating 13 of 0.1°C thresholds, starting at 1.1°C
11
FaIR_anthro sampled, d llike: -1.21141329373467
FaIR_anthro sampled, d llike: -71.93356046974557
FaIR_anthro_unB sampled, d llike: -1.1830611184387807
FaIR_anthro_unB sampled, d llike: -73.76900365097545
FaIR_nonat sampled, d llike: 0.006141960964896387
FaIR_nonat sampled, d llike: 0.08450635252152305
FaIR_nonat_unB sampled, d llike: -0.21523151252267259
FaIR_nonat_unB sampled, d llike: 0.03157235072363673
FaIR_all sampled, d llike: -20579.904560379935
FaIR_all sampled, d llike: -0.0738811654110032
FaIR_all_unB sampled, d llike: -0.878354389823641
FaIR_all_unB sampled, d llike: -0.011543588496860213
FaIR_comb_unB sampled, d llike: -0.5489171217428536
FaIR_comb_unB sampled, d llike: 0.16708211308511456
        method_name    method_class c/r  smooth_r  avg_unc.(1se)  #q<0.5  #q<0.1    log-likeli       RMS      bias        tlog-l      100log-l    100RMS     75RMS   100bias       l15       l20    bias50    Edyrs15    Edyrs20    Mdyrs15    Mdyrs20   Fdyrs15    Fdyrs20     EdyrsA    RMSyrsA  ncEdyrs     e100log-l   e100RMS    e75RMS  e100bias      el15      el20   ebias50   eEdyrs15   eEdyrs20   eMdyrs15   eMdyrs20  eFdyrs15   eFdyrs20    eEdyrsA   eRMSyrsA  nceEdyrs
21    FaIR_comb_unB   43/1_ERF_FaIR   c     4.343       0.077821      93      59     -1.508424  0.167195 -0.111369 -2.353142e+02  9.585342e+01  0.085904  0.099167 -0.021197  4.336324  2.513412 -0.073584  -0.416667   5.541667  -0.416667   6.416667 -0.416667   4.666667   3.567308   8.257241     16.0  6.995706e+01  0.108628  0.124483 -0.050734  3.096470  1.332017 -0.134646  -2.666667   9.458333  -2.666667  10.333333 -2.666667   8.583333   5.009615   5.009615      16.0
15   FaIR_nonat_unB   43/1_ERF_FaIR   c     2.834       0.089335     104       0     -0.751330  0.170993 -0.097461 -1.202128e+02  8.705965e+01  0.095437  0.110922  0.003928  3.646397  2.756253 -0.041227  -2.000000   5.666667  -2.000000   6.416667 -2.000000   4.916667   0.692308   6.375199     16.0  9.407152e+01  0.083625  0.095320 -0.025609  2.637908  2.367769 -0.102289  -4.250000   9.583333  -4.250000  10.333333 -4.250000   8.833333   1.608974   1.608974      16.0
11  FaIR_anthro_unB   43/1_ERF_FaIR   c     2.297       0.095195     102      46     -2.458839  0.191794 -0.110063 -3.934142e+02  8.554903e+01  0.097885  0.114063  0.006079  2.895774  2.520058 -0.039966  -1.833333   4.750000  -1.833333   4.750000 -1.833333   4.750000   0.987179   7.384076     16.0  9.221701e+01  0.084062  0.095414 -0.023458  2.779505  2.162253 -0.101028  -4.083333   8.666667  -4.083333   8.666667 -4.083333   8.666667   1.903846   1.903846      16.0
2             raw1y  42/1_Run_Means   c    31.624       0.134100       3       3      0.633481  0.126202  0.003876  1.457007e+02  4.297300e+01  0.146820  0.162651  0.013891  1.019487  2.627225  0.007991   5.472222  -2.805556  20.250000  -5.833333 -5.166667  -5.833333   0.872650   5.349620     39.3  1.865559e+01  0.174140  0.196844 -0.015645  2.943823  3.093625 -0.053071   3.222222   1.111111  18.000000   5.250000 -7.416667  -1.916667   1.398291   1.398291      39.3
13       FaIR_nonat   43/1_ERF_FaIR   c     2.506       0.111550     120       0     -0.444083  0.197739 -0.170372 -7.105335e+01  4.187329e+01  0.146947  0.147641 -0.115568  2.180213  1.022424 -0.141498   4.833333  10.666667   4.833333  11.333333  4.833333  10.000000   8.246795  10.290680     14.0  3.035998e+01  0.160608  0.167469 -0.145105  2.873723  0.587444 -0.202561   2.583333  14.583333   2.583333  15.250000  2.583333  13.916667   9.689103   9.689103      14.0
9       FaIR_anthro   43/1_ERF_FaIR   c     1.997       0.095179     120      49     -2.783376  0.205504 -0.171185 -4.453401e+02  4.093820e+01  0.138908  0.143163 -0.102641  2.703800  1.029313 -0.133718   4.583333  10.333333   4.583333  10.333333  4.583333  10.333333   7.647436  10.015186     12.0  2.648657e+01  0.150431  0.159177 -0.132177  2.882269  0.788101 -0.194780   2.333333  14.250000   2.333333  14.250000  2.333333  14.250000   9.089744   9.089744      12.0
19     FaIR_all_unB   43/1_ERF_FaIR   c     9.420       0.090370     104      58     -1.725963  0.198555 -0.121431 -2.761541e+02 -8.298238e+00  0.158488  0.180849 -0.034730  3.623445  2.615655 -0.094331   5.361111   3.500000  19.750000   3.500000 -4.166667   3.500000   1.810897   5.613444     18.3 -1.583745e+02  0.198511  0.227792 -0.064267  2.656969  1.794114 -0.155393   3.111111   7.416667  17.500000   7.416667 -6.416667   7.416667   3.759615   3.759615      19.3
1             lag5y  42/1_Run_Means   c     6.285       0.046966     117      45     -0.718646  0.081184 -0.013835 -1.652886e+02 -2.914456e+02  0.104984  0.115449 -0.019172  5.972570  0.170680 -0.028600   7.805556   2.916667  22.750000   2.916667 -2.916667   2.916667   2.962607   5.168925     18.3 -1.957418e+02  0.143356  0.164356 -0.048709  3.822650  0.905565 -0.089662   5.555556   6.833333  20.500000   6.833333 -5.166667   6.833333   3.879274   3.879274      18.3
0            lag10y  42/1_Run_Means   c     2.986       0.040295     115      60     -0.500845  0.075902 -0.036704 -1.151944e+02 -3.595156e+02  0.110085  0.112414 -0.069396  0.916742  0.006278 -0.070356   3.250000   4.250000   3.250000   4.250000  3.250000   4.250000   4.262821   5.202368     15.0 -2.069091e+02  0.151134  0.166560 -0.098933  8.614465  0.002092 -0.131418   1.000000   8.166667   1.000000   8.166667  1.000000   8.166667   5.179487   5.179487      15.0
8         offset11y  42/1_Run_Means   c     2.747       0.039227     164     126     -3.877246  0.096866  0.068635 -8.917665e+02 -6.395881e+02  0.090961  0.106533  0.030335  9.614100  5.136112  0.030526  -0.583333   1.333333  -0.583333   1.333333 -0.583333   1.333333  -0.500000   1.877882     15.0 -2.941844e+02  0.111693  0.129925  0.000798  2.367569  0.100215 -0.030536  -2.833333   5.250000  -2.833333   5.250000 -2.833333   5.250000   0.416667   0.416667      15.0
17         FaIR_all   43/1_ERF_FaIR   c     8.761       0.005563     160     160 -22634.906518  0.252435 -0.218538 -3.621585e+06 -2.469002e+06  0.276595  0.292749 -0.233284  0.000000  0.000000 -0.270041  12.472222  14.750000  22.583333  14.750000  6.500000  14.750000  12.917735  14.511607     14.3 -3.237337e+06  0.318809  0.347960 -0.262821  0.000000  0.000000 -0.331104  10.222222  18.666667  20.333333  18.666667  4.250000  18.666667  15.119658  15.119658      15.3
5.214565337
finished this run
starting computation for fut_NorESM_RCP45_VolcConst
max_runs47
Model number:
46




Methods/42_Temp_Alone/1_Run_Means/cent10y_method.py
Methods/42_Temp_Alone/1_Run_Means/cent20y_method.py
Methods/42_Temp_Alone/1_Run_Means/cent21y_method.py
Methods/42_Temp_Alone/1_Run_Means/cent30y_method.py
Methods/42_Temp_Alone/1_Run_Means/lag10y_method.py
Methods/42_Temp_Alone/1_Run_Means/lag5y_method.py
Methods/42_Temp_Alone/1_Run_Means/offset11y_method.py
Methods/42_Temp_Alone/1_Run_Means/raw1y_method.py
Methods/43_Forcing_Based/1_ERF_FaIR/FaIR_all_method.py
Methods/43_Forcing_Based/1_ERF_FaIR/FaIR_all_unB_method.py
Methods/43_Forcing_Based/1_ERF_FaIR/FaIR_anthro_method.py
Methods/43_Forcing_Based/1_ERF_FaIR/FaIR_anthro_unB_method.py
Methods/43_Forcing_Based/1_ERF_FaIR/FaIR_comb_unB_method.py
Methods/43_Forcing_Based/1_ERF_FaIR/FaIR_nonat_method.py
Methods/43_Forcing_Based/1_ERF_FaIR/FaIR_nonat_unB_method.py
evaluating 13 of 0.1°C thresholds, starting at 1.1°C
11
FaIR_anthro sampled, d llike: -1.5789388570872527
FaIR_anthro sampled, d llike: -78.11189565780175
FaIR_anthro_unB sampled, d llike: -1.420351319652701
FaIR_anthro_unB sampled, d llike: -76.71659543072985
FaIR_nonat sampled, d llike: -0.013167758305928423
FaIR_nonat sampled, d llike: 0.17104898136860136
FaIR_nonat_unB sampled, d llike: -0.22128262327148485
FaIR_nonat_unB sampled, d llike: 0.11527935412747159
FaIR_all sampled, d llike: -15754.186442984124
FaIR_all sampled, d llike: 0.17617623839737573
FaIR_all_unB sampled, d llike: -0.7309274695005845
FaIR_all_unB sampled, d llike: 0.08342291762432785
FaIR_comb_unB sampled, d llike: -0.656184462883456
FaIR_comb_unB sampled, d llike: 0.1411245273497268
        method_name    method_class c/r  smooth_r  avg_unc.(1se)  #q<0.5  #q<0.1    log-likeli       RMS      bias        tlog-l      100log-l    100RMS     75RMS   100bias       l15        l20    bias50       Edyrs15    Edyrs20   Mdyrs15    Mdyrs20   Fdyrs15    Fdyrs20     EdyrsA    RMSyrsA  ncEdyrs     e100log-l   e100RMS    e75RMS  e100bias      el15       el20   ebias50  eEdyrs15   eEdyrs20  eMdyrs15   eMdyrs20  eFdyrs15   eFdyrs20    eEdyrsA   eRMSyrsA  nceEdyrs
21    FaIR_comb_unB   43/1_ERF_FaIR   c     2.962       0.078972      66      58     -1.463843  0.159529 -0.121181 -2.283596e+02  1.238635e+02  0.049011  0.055170 -0.036595  4.281684   3.937923 -0.056451  7.500000e-01   2.916667  0.750000   2.916667  0.750000   2.916667   2.352564   3.448569     14.0  1.317580e+02  0.029858  0.024410 -0.016559  4.392837   4.720831 -0.015015  0.500000  -0.750000  0.500000  -0.750000  0.500000  -0.750000   0.826923   0.826923      14.0
15   FaIR_nonat_unB   43/1_ERF_FaIR   c     2.991       0.090306      70       0     -0.554710  0.159945 -0.116785 -8.875360e+01  1.166041e+02  0.047084  0.052383 -0.028868  3.847015   3.532911 -0.054939 -8.333333e-02   2.833333 -0.666667   2.833333 -0.666667   2.833333   2.025641   3.360466     15.2  1.229572e+02  0.025145  0.022304 -0.008832  3.871668   4.232458 -0.013503 -0.333333  -0.833333 -0.916667  -0.833333 -0.916667  -0.833333   0.500000   0.500000      15.2
19     FaIR_all_unB   43/1_ERF_FaIR   c     4.045       0.091502      70      44     -1.159437  0.163530 -0.114445 -1.855099e+02  1.159194e+02  0.041479  0.044396 -0.020765  3.665715   3.602644 -0.042407 -6.666667e-01   1.583333 -0.666667   1.583333 -0.666667   1.583333   1.903846   3.752136     14.0  1.187064e+02  0.031668  0.031232 -0.000730  3.644116   3.852609 -0.000971 -0.916667  -2.083333 -0.916667  -2.083333 -0.916667  -2.083333   0.378205   0.378205      14.0
11  FaIR_anthro_unB   43/1_ERF_FaIR   c     2.432       0.095692      69      45     -2.533455  0.181305 -0.129499 -4.053528e+02  1.102825e+02  0.047764  0.052098 -0.027107  3.563960   3.131891 -0.056132 -6.666667e-01   2.583333 -0.666667   2.583333 -0.666667   2.583333   1.628205   3.211558     13.0  1.133480e+02  0.026360  0.021764 -0.007071  3.580064   3.871452 -0.014697 -0.916667  -1.083333 -0.916667  -1.083333 -0.916667  -1.083333   0.102564   0.102564      13.0
2             raw1y  42/1_Run_Means   c    34.081       0.109755       0       0      0.872257  0.100727 -0.000986  2.006192e+02  9.345081e+01  0.082472  0.078072  0.001347  3.913947   2.953457  0.002470  1.439275e-10  -0.166667  1.583333  -4.000000 -1.583333  -4.000000  -0.570513   1.341698     28.2  8.556864e+01  0.092794  0.091396  0.021383  3.878576   1.547836  0.043905 -0.250000  -3.833333 -1.833333  -7.666667 -1.833333  -7.666667  -2.096154   2.096154      28.2
8         offset11y  42/1_Run_Means   c     2.809       0.033543     178     129     -0.877736  0.082557  0.064149 -2.018793e+02  5.017866e+01  0.041415  0.046058  0.018753  8.840024   0.940930  0.049192 -5.833333e-01  -2.916667 -0.583333  -2.916667 -0.583333  -2.916667  -1.108974   3.056187     13.0 -1.715772e+02  0.066709  0.075975  0.038789  8.428018   0.001118  0.090627 -0.833333  -6.583333 -0.833333  -6.583333 -0.833333  -6.583333  -2.634615   2.634615      13.0
9       FaIR_anthro   43/1_ERF_FaIR   c     2.079       0.095674     158      45     -3.139972  0.205993 -0.190344 -5.023956e+02  3.965867e+01  0.138996  0.146960 -0.135349  1.889492   1.209588 -0.151872  5.333333e+00   9.750000  5.333333   9.750000  5.333333   9.750000   8.179487   9.190993     13.0  5.510185e+01  0.118050  0.109170 -0.115313  2.032664   2.131155 -0.110436  5.083333   6.083333  5.083333   6.083333  5.083333   6.083333   6.653846   6.653846      13.0
13       FaIR_nonat   43/1_ERF_FaIR   c     2.636       0.112710     160       0     -0.475811  0.199801 -0.189449 -7.612976e+01  3.820544e+01  0.150507  0.156771 -0.147922  1.664749   1.440742 -0.157126  6.000000e+00   9.500000  6.000000   9.500000  6.000000   9.500000   8.794872   9.667440     14.0  5.181152e+01  0.130485  0.119439 -0.127886  1.803970   2.463798 -0.115691  5.750000   5.833333  5.750000   5.833333  5.750000   5.833333   7.269231   7.269231      14.0
1             lag5y  42/1_Run_Means   c     6.398       0.041061     113      33      0.615674  0.058900 -0.019249  1.416050e+02  1.223764e+01  0.055599  0.053466 -0.033126  6.364735  10.498513 -0.021655 -1.666667e-01   0.541667 -0.166667   2.916667 -0.166667  -1.833333   1.858974   2.610639     15.0 -4.494225e+01  0.057985  0.050396 -0.013090  6.240666   9.533913  0.019781 -0.416667  -3.125000 -0.416667  -5.500000 -0.416667  -5.500000   0.333333   0.333333      15.0
0            lag10y  42/1_Run_Means   c     2.988       0.034476     115      72      0.323794  0.064024 -0.041415  7.447258e+01 -1.719421e+02  0.088925  0.086343 -0.081554  1.659000   3.439756 -0.053567  3.666667e+00   3.083333  3.666667   3.083333  3.666667   3.083333   4.532051   4.809124     13.0 -5.583742e+01  0.081311  0.061643 -0.061518  2.309104  13.517484 -0.012131  3.416667  -0.583333  3.416667  -0.583333  3.416667  -0.583333   3.006410   3.006410      13.0
17         FaIR_all   43/1_ERF_FaIR   c     3.349       0.005576     160     160 -17231.843479  0.219270 -0.210047 -2.757095e+06 -1.588335e+06  0.218983  0.226179 -0.216942  0.000000   0.000000 -0.228695  9.916667e+00  15.083333  9.916667  15.083333  9.916667  15.083333  13.583333  15.093742     10.0 -1.371967e+06  0.199507  0.190282 -0.196906  0.000000   0.000000 -0.187260  9.666667  11.416667  9.666667  11.416667  9.666667  11.416667  12.407051  12.407051      12.0
5.2179633160000005
finished this run
/oscar/data/deeps/private/bfoxkemp/jnickla1/Thorne_15_codefigurestats/Methods/43_Forcing_Based/1_ERF_FaIR/FaIR_all_method.py:68: RuntimeWarning: Mean of empty slice
  return np.nanmean(samp_cur[year_idx-1850, :], axis = 1)
/users/jnickla1/.conda/envs/cleanpy/lib/python3.13/site-packages/numpy/lib/_nanfunctions_impl.py:2019: RuntimeWarning: Degrees of freedom <= 0 for slice.
  var = nanvar(a, axis=axis, dtype=dtype, out=out, ddof=ddof,
/oscar/data/deeps/private/bfoxkemp/jnickla1/Thorne_15_codefigurestats/Methods/43_Forcing_Based/1_ERF_FaIR/FaIR_all_method.py:96: RuntimeWarning: Mean of empty slice
  cdist = np.nanmean(dist)
starting computation for fut_ESM1-2-LR_SSP126_constVolc
max_runs47
Model number:
46




Methods/42_Temp_Alone/1_Run_Means/cent10y_method.py
Methods/42_Temp_Alone/1_Run_Means/cent20y_method.py
Methods/42_Temp_Alone/1_Run_Means/cent21y_method.py
Methods/42_Temp_Alone/1_Run_Means/cent30y_method.py
Methods/42_Temp_Alone/1_Run_Means/lag10y_method.py
Methods/42_Temp_Alone/1_Run_Means/lag5y_method.py
Methods/42_Temp_Alone/1_Run_Means/offset11y_method.py
Methods/42_Temp_Alone/1_Run_Means/raw1y_method.py
Methods/43_Forcing_Based/1_ERF_FaIR/FaIR_all_method.py
Methods/43_Forcing_Based/1_ERF_FaIR/FaIR_all_unB_method.py
Methods/43_Forcing_Based/1_ERF_FaIR/FaIR_anthro_method.py
Methods/43_Forcing_Based/1_ERF_FaIR/FaIR_anthro_unB_method.py
Methods/43_Forcing_Based/1_ERF_FaIR/FaIR_comb_unB_method.py
Methods/43_Forcing_Based/1_ERF_FaIR/FaIR_nonat_method.py
Methods/43_Forcing_Based/1_ERF_FaIR/FaIR_nonat_unB_method.py
evaluating 6 of 0.1°C thresholds, starting at 1.1°C
11
FaIR_anthro sampled, d llike: 0.04995304923970767
FaIR_anthro sampled, d llike: -1.482410459774306
FaIR_anthro_unB sampled, d llike: 0.043459446739055885
FaIR_anthro_unB sampled, d llike: -1.3358812062242076
FaIR_nonat sampled, d llike: -0.023813456499930385
FaIR_nonat sampled, d llike: -0.05382032082795063
FaIR_nonat_unB sampled, d llike: -0.021074130973679717
FaIR_nonat_unB sampled, d llike: -0.04361808492335928
FaIR_all sampled, d llike: -2115.1502245182605
FaIR_all sampled, d llike: -0.05887031969898904
FaIR_all_unB sampled, d llike: -0.036749702898160486
FaIR_all_unB sampled, d llike: -0.02179576236934344
FaIR_comb_unB sampled, d llike: -0.024962071087438753
FaIR_comb_unB sampled, d llike: 0.08077956898455985
        method_name    method_class c/r  smooth_r  avg_unc.(1se)  #q<0.5  #q<0.1   log-likeli       RMS      bias         tlog-l       100log-l    100RMS     75RMS   100bias       l15  l20    bias50    Edyrs15  Edyrs20    Mdyrs15  Mdyrs20    Fdyrs15  Fdyrs20    EdyrsA   RMSyrsA  ncEdyrs      e100log-l   e100RMS    e75RMS  e100bias      el15  el20   ebias50   eEdyrs15  eEdyrs20   eMdyrs15  eMdyrs20   eFdyrs15  eFdyrs20    eEdyrsA   eRMSyrsA  nceEdyrs
21    FaIR_comb_unB   43/1_ERF_FaIR   c     2.269       0.071387       0       0     1.468285  0.047616 -0.014052     230.520774     141.241377  0.036165  0.034864  0.010507  4.156519  0.0 -0.011376  -4.416667       -1  -4.416667       -1  -4.416667       -1 -2.138889  2.852468      7.0      96.340822  0.088371  0.080929  0.071259  3.130798   0.0  0.020904 -11.916667        -1 -11.916667        -1 -11.916667        -1  -6.118056   6.118056       9.0
15   FaIR_nonat_unB   43/1_ERF_FaIR   c     1.916       0.080845       0       0     1.333195  0.055030 -0.014320     214.644396     129.457409  0.043200  0.041436  0.015068  3.640763  0.0 -0.014019  -5.583333       -1  -5.583333       -1  -5.583333       -1 -2.798611  3.467650      7.0      87.785145  0.096246  0.087250  0.075819  2.823363   0.0  0.018261 -13.083333        -1 -13.083333        -1 -13.083333        -1  -7.745370   7.745370       8.0
19     FaIR_all_unB   43/1_ERF_FaIR   c     3.734       0.083840       0       0     1.305706  0.055426 -0.008277     210.218603     127.692651  0.039631  0.038628  0.001980  4.006981  0.0 -0.029434  -1.916667       -1  -1.916667       -1  -1.916667       -1 -0.355556  4.589360     10.0      99.400655  0.087211  0.073786  0.062731  3.346711   0.0  0.002846  -9.416667        -1  -9.416667        -1  -9.416667        -1  -7.050000   7.050000      10.0
1             lag5y  42/1_Run_Means   c     6.014       0.049502      77      23     0.956583  0.066438 -0.013194     220.970676     125.192999  0.049498  0.045859 -0.005234  7.073657  0.0  0.011407   0.166667       -1   0.166667       -1   0.166667       -1  2.662037  3.743221      8.0      22.202691  0.076868  0.065434  0.055517  0.453073   0.0  0.043687  -7.333333        -1  -7.333333        -1  -7.333333        -1  -4.032407   4.032407       8.0
9       FaIR_anthro   43/1_ERF_FaIR   c     1.580       0.084023       9       0     1.010913  0.077817 -0.026885     162.756968     124.279675  0.047124  0.045619  0.023911  3.543067  0.0 -0.002469  -6.166667       -1  -6.166667       -1  -6.166667       -1 -3.840278  4.367156      7.0      85.899494  0.102457  0.095691  0.084663  2.589159   0.0  0.029811 -13.666667        -1 -13.666667        -1 -13.666667        -1 -10.534722  10.534722       7.0
11  FaIR_anthro_unB   43/1_ERF_FaIR   c     1.560       0.084000      11       0     1.002236  0.077496 -0.034615     161.359925     122.864196  0.046361  0.045650  0.010172  3.759085  0.0 -0.025138  -5.583333       -1  -5.583333       -1  -5.583333       -1 -2.736111  3.445172      7.0      92.142904  0.096065  0.087500  0.070923  2.863306   0.0  0.007142 -13.083333        -1 -13.083333        -1 -13.083333        -1  -9.430556   9.430556       7.0
13       FaIR_nonat   43/1_ERF_FaIR   c     1.994       0.100955       0       0     1.165133  0.060189 -0.009825     187.586436     111.476157  0.049403  0.046563  0.026731  3.002711  0.0 -0.004302  -6.500000       -1  -6.500000       -1  -6.500000       -1 -3.958333  4.318752      6.0      79.610492  0.106569  0.096017  0.087482  2.390135   0.0  0.027978 -14.000000        -1 -14.000000        -1 -14.000000        -1  -7.472222   7.472222       7.0
0            lag10y  42/1_Run_Means   c     3.349       0.039612     116      44     0.895668  0.062819 -0.028918     206.899235      97.647951  0.054369  0.040828 -0.028065  5.346570  0.0  0.011456   4.500000       -1   4.500000       -1   4.500000       -1  6.583333  7.357756      7.0     137.674914  0.046952  0.045307  0.032686  5.425521   0.0  0.043736  -3.000000        -1  -3.000000        -1  -3.000000        -1  -0.111111   0.111111       7.0
2             raw1y  42/1_Run_Means   c    33.440       0.130219       1       0     0.688806  0.121222  0.000865     159.114139      68.393048  0.113343  0.115656  0.010322  0.901136  0.0  0.012155   2.916667       -1  13.250000       -1  -7.000000       -1  0.103125  2.953467     29.5      50.933732  0.136670  0.130035  0.071073  1.867700   0.0  0.044435   1.654762        -1  17.916667        -1 -14.500000        -1  -4.551290   4.551290      33.7
8         offset11y  42/1_Run_Means   c     2.978       0.038364     191     128    -1.332605  0.096731  0.077757    -307.831815    -109.476952  0.091375  0.103364  0.076561  4.273889  0.0  0.121064  -1.250000       -1  -1.250000       -1  -1.250000       -1 -2.583333  3.423097      6.0    -597.699448  0.141323  0.147361  0.137312  0.001998   0.0  0.153344  -8.750000        -1  -8.750000        -1  -8.750000        -1  -9.277778   9.277778       6.0
17         FaIR_all   43/1_ERF_FaIR   c     2.895       0.005583     153     144 -2309.934138  0.082983  0.022620 -371899.396271 -252809.117997  0.083910  0.069006  0.065572  0.000000  0.0  0.017053 -10.083333       -1 -10.083333       -1 -10.083333       -1 -7.777778  8.252946      6.0 -870957.493294  0.147325  0.122194  0.126324  0.000000   0.0  0.049333 -17.583333        -1 -17.583333        -1 -17.583333        -1 -14.472222  14.472222       6.0
5.316841581
finished this run
/oscar/data/deeps/private/bfoxkemp/jnickla1/Thorne_15_codefigurestats/Methods/43_Forcing_Based/1_ERF_FaIR/FaIR_comb_unB_method.py:153: RuntimeWarning: Mean of empty slice
  return np.nanmean(samp_cur[year_idx-1850, :], axis = 1)
/users/jnickla1/.conda/envs/cleanpy/lib/python3.13/site-packages/numpy/lib/_nanfunctions_impl.py:2019: RuntimeWarning: Degrees of freedom <= 0 for slice.
  var = nanvar(a, axis=axis, dtype=dtype, out=out, ddof=ddof,
/oscar/data/deeps/private/bfoxkemp/jnickla1/Thorne_15_codefigurestats/Methods/43_Forcing_Based/1_ERF_FaIR/FaIR_comb_unB_method.py:181: RuntimeWarning: Mean of empty slice
  cdist = np.nanmean(dist)
starting computation for fut_ESM1-2-LR_SSP245_constVolc
max_runs47
Model number:
46




Methods/42_Temp_Alone/1_Run_Means/cent10y_method.py
Methods/42_Temp_Alone/1_Run_Means/cent20y_method.py
Methods/42_Temp_Alone/1_Run_Means/cent21y_method.py
Methods/42_Temp_Alone/1_Run_Means/cent30y_method.py
Methods/42_Temp_Alone/1_Run_Means/lag10y_method.py
Methods/42_Temp_Alone/1_Run_Means/lag5y_method.py
Methods/42_Temp_Alone/1_Run_Means/offset11y_method.py
Methods/42_Temp_Alone/1_Run_Means/raw1y_method.py
Methods/43_Forcing_Based/1_ERF_FaIR/FaIR_all_method.py
Methods/43_Forcing_Based/1_ERF_FaIR/FaIR_all_unB_method.py
Methods/43_Forcing_Based/1_ERF_FaIR/FaIR_anthro_method.py
Methods/43_Forcing_Based/1_ERF_FaIR/FaIR_anthro_unB_method.py
Methods/43_Forcing_Based/1_ERF_FaIR/FaIR_comb_unB_method.py
Methods/43_Forcing_Based/1_ERF_FaIR/FaIR_nonat_method.py
Methods/43_Forcing_Based/1_ERF_FaIR/FaIR_nonat_unB_method.py
evaluating 14 of 0.1°C thresholds, starting at 1.1°C
11
FaIR_anthro sampled, d llike: 0.045191521445204774
FaIR_anthro sampled, d llike: -1.9255621610769103
FaIR_anthro_unB sampled, d llike: 0.04628817141170716
FaIR_anthro_unB sampled, d llike: -1.9927100922340344
FaIR_nonat sampled, d llike: -0.03944539162521665
FaIR_nonat sampled, d llike: -0.035880470595264
FaIR_nonat_unB sampled, d llike: -0.031614448904774495
FaIR_nonat_unB sampled, d llike: -0.04014952084780221
FaIR_all sampled, d llike: -1993.5897080351308
FaIR_all sampled, d llike: -0.051220612191133386
FaIR_all_unB sampled, d llike: -0.04370351390095362
FaIR_all_unB sampled, d llike: -0.037407737533535323
FaIR_comb_unB sampled, d llike: -0.03741215278711474
FaIR_comb_unB sampled, d llike: -0.023496450086614218
        method_name    method_class c/r  smooth_r  avg_unc.(1se)  #q<0.5  #q<0.1   log-likeli       RMS      bias         tlog-l       100log-l    100RMS     75RMS   100bias        l15            l20    bias50   Edyrs15       Edyrs20   Mdyrs15       Mdyrs20   Fdyrs15       Fdyrs20    EdyrsA   RMSyrsA  ncEdyrs      e100log-l   e100RMS    e75RMS  e100bias      el15      el20   ebias50  eEdyrs15  eEdyrs20  eMdyrs15   eMdyrs20  eFdyrs15   eFdyrs20   eEdyrsA  eRMSyrsA  nceEdyrs
8         offset11y  42/1_Run_Means   c     3.065       0.038981     148      78    -0.240888  0.082454  0.057814     -55.645195     142.709668  0.043077  0.038277  0.025936  14.582801   7.410924e+00  0.038319 -0.583333 -2.916667e+00 -0.583333 -2.916667e+00 -0.583333 -2.916667e+00 -1.357143  2.342880     15.0     -53.862745  0.086123  0.070998  0.072804  7.275066  1.316926  0.080766 -1.916667 -4.750000 -1.916667  -4.750000 -1.916667  -4.750000 -3.815476  3.815476      15.0
21    FaIR_comb_unB   43/1_ERF_FaIR   c     2.342       0.072671       0       0     1.422795  0.049365 -0.015918     223.378848     135.172136  0.040334  0.032469  0.006625   4.191784   5.202567e+00 -0.014824 -1.500000  1.655280e-10 -1.500000  1.655280e-10 -1.500000  1.655280e-10 -0.309524  2.138554     14.0     116.343717  0.062981  0.041608  0.053493  4.271281  4.023224  0.027623 -2.833333 -1.833333 -2.833333  -1.833333 -2.833333  -1.833333 -2.767857  2.767857      14.0
15   FaIR_nonat_unB   43/1_ERF_FaIR   c     2.156       0.082295       0       0     1.297161  0.056133 -0.012850     208.842970     123.578174  0.045293  0.035161  0.016991   3.687676   4.518645e+00 -0.008105 -2.333333 -5.000000e-01 -2.333333 -5.000000e-01 -2.333333 -5.000000e-01 -1.032738  2.428874     15.0     103.762087  0.072697  0.052277  0.063859  3.477321  3.328192  0.034342 -3.666667 -2.333333 -3.666667  -2.333333 -3.666667  -2.333333 -3.491071  3.491071      15.0
19     FaIR_all_unB   43/1_ERF_FaIR   c     3.896       0.085282       0       0     1.265050  0.058148 -0.011156     203.673029     122.017608  0.046064  0.040984 -0.003284   3.596033   4.475845e+00 -0.034624 -0.750000  3.333333e-01 -0.750000  3.333333e-01 -0.750000  3.333333e-01  0.291667  2.534974     14.0     111.624529  0.062527  0.031452  0.043584  3.722561  3.982230  0.007823 -2.083333 -1.500000 -2.083333  -1.500000 -2.083333  -1.500000 -2.166667  2.166667      14.0
9       FaIR_anthro   43/1_ERF_FaIR   c     1.843       0.086399      14       0     0.973367  0.078835 -0.033218     156.712154     117.402897  0.050281  0.041695  0.011835   3.355273   4.283718e+00 -0.019701 -2.666667 -8.333333e-02 -2.666667 -8.333333e-02 -2.666667 -8.333333e-02 -0.672619  2.921510     14.0     105.256348  0.070796  0.050728  0.058703  3.424281  4.125555  0.022746 -4.000000 -1.916667 -4.000000  -1.916667 -4.000000  -1.916667 -3.130952  3.130952      14.0
11  FaIR_anthro_unB   43/1_ERF_FaIR   c     1.833       0.086398      12       0     0.969009  0.079586 -0.032027     156.010464     116.474065  0.052347  0.043257  0.013906   3.397143   4.387759e+00 -0.020266 -2.833333 -8.333333e-02 -2.833333 -8.333333e-02 -2.833333 -8.333333e-02 -0.797619  3.124722     15.0     103.318746  0.073849  0.052423  0.060774  3.259596  4.057511  0.022181 -4.166667 -1.916667 -4.166667  -1.916667 -4.166667  -1.916667 -3.255952  3.255952      15.0
13       FaIR_nonat   43/1_ERF_FaIR   c     2.190       0.102742       0       0     1.132276  0.060354 -0.015291     182.296371     106.651883  0.049179  0.038314  0.016491   2.995327   3.665197e+00 -0.015779 -2.500000 -3.333333e-01 -2.500000 -3.333333e-01 -2.500000 -3.333333e-01 -0.930556  2.900361     16.0      93.372183  0.075533  0.050853  0.063360  2.950342  3.021555  0.026668 -3.833333 -2.166667 -3.833333  -2.166667 -3.833333  -2.166667 -3.388889  3.388889      16.0
1             lag5y  42/1_Run_Means   c     6.012       0.049024      75      26     0.775869  0.069183 -0.021921     179.225644      83.447967  0.058265  0.055190 -0.027388   1.563793   1.348932e+01 -0.026926  2.166667  3.333333e+00  2.166667  7.500000e+00  2.166667 -8.333333e-01  2.627976  3.500443     19.0      78.679767  0.068566  0.047910  0.019480  6.061007  0.474517  0.015521  0.833333  1.500000  0.833333   5.666667  0.833333  -2.666667  0.169643  0.169643      19.0
2             raw1y  42/1_Run_Means   c    33.091       0.130406       1       0     0.685188  0.121651  0.000256     158.278427      67.577079  0.114506  0.105836  0.008775   2.760725   3.036226e+00  0.011030 -0.333333 -1.483333e+00 -1.750000 -1.125000e+01 -1.750000 -1.125000e+01 -0.712302  3.383792     50.2      54.335594  0.132458  0.117061  0.055643  3.229038  1.955868  0.053477 -1.666667 -3.316667 -3.083333 -13.083333 -3.083333 -13.083333 -3.170635  3.170635      50.2
0            lag10y  42/1_Run_Means   c     3.437       0.040100     159      58     0.378750  0.073484 -0.047162      87.491205     -21.760079  0.081522  0.085296 -0.074376   0.031177   1.132448e+00 -0.064033  5.750000  1.916667e+00  5.750000  1.916667e+00  5.750000  1.916667e+00  4.627976  4.858629     15.0     102.064491  0.055117  0.052736 -0.027507  0.455551  9.684535 -0.021585  4.416667  0.083333  4.416667   0.083333  4.416667   0.083333  2.169643  2.169643      15.0
17         FaIR_all   43/1_ERF_FaIR   c     3.204       0.005562     159     146 -2182.758529  0.081293  0.017243 -351424.123128 -235639.770219  0.080979  0.053964  0.055431   0.000000  3.729837e-155  0.007037 -4.833333 -1.333333e+00 -4.833333 -1.333333e+00 -4.833333 -1.333333e+00 -3.035714  4.621486     14.0 -547050.437105  0.118699  0.078509  0.102299  0.000000  0.000000  0.049484 -6.166667 -3.166667 -6.166667  -3.166667 -6.166667  -3.166667 -5.494048  5.494048      14.0
5.830360335
finished this run
/oscar/data/deeps/private/bfoxkemp/jnickla1/Thorne_15_codefigurestats/Methods/43_Forcing_Based/1_ERF_FaIR/FaIR_all_unB_method.py:90: RuntimeWarning: Mean of empty slice
  return np.nanmean(samp_cur[year_idx-1850, :], axis = 1)
/users/jnickla1/.conda/envs/cleanpy/lib/python3.13/site-packages/numpy/lib/_nanfunctions_impl.py:2019: RuntimeWarning: Degrees of freedom <= 0 for slice.
  var = nanvar(a, axis=axis, dtype=dtype, out=out, ddof=ddof,
/oscar/data/deeps/private/bfoxkemp/jnickla1/Thorne_15_codefigurestats/Methods/43_Forcing_Based/1_ERF_FaIR/FaIR_all_unB_method.py:118: RuntimeWarning: Mean of empty slice
  cdist = np.nanmean(dist)
/oscar/data/deeps/private/bfoxkemp/jnickla1/Thorne_15_codefigurestats/Methods/43_Forcing_Based/1_ERF_FaIR/FaIR_comb_unB_method.py:153: RuntimeWarning: Mean of empty slice
  return np.nanmean(samp_cur[year_idx-1850, :], axis = 1)
/users/jnickla1/.conda/envs/cleanpy/lib/python3.13/site-packages/numpy/lib/_nanfunctions_impl.py:2019: RuntimeWarning: Degrees of freedom <= 0 for slice.
  var = nanvar(a, axis=axis, dtype=dtype, out=out, ddof=ddof,
/oscar/data/deeps/private/bfoxkemp/jnickla1/Thorne_15_codefigurestats/Methods/43_Forcing_Based/1_ERF_FaIR/FaIR_comb_unB_method.py:181: RuntimeWarning: Mean of empty slice
  cdist = np.nanmean(dist)
starting computation for fut_ESM1-2-LR_SSP370_constVolc
max_runs47
Model number:
46




Methods/42_Temp_Alone/1_Run_Means/cent10y_method.py
Methods/42_Temp_Alone/1_Run_Means/cent20y_method.py
Methods/42_Temp_Alone/1_Run_Means/cent21y_method.py
Methods/42_Temp_Alone/1_Run_Means/cent30y_method.py
Methods/42_Temp_Alone/1_Run_Means/lag10y_method.py
Methods/42_Temp_Alone/1_Run_Means/lag5y_method.py
Methods/42_Temp_Alone/1_Run_Means/offset11y_method.py
Methods/42_Temp_Alone/1_Run_Means/raw1y_method.py
Methods/43_Forcing_Based/1_ERF_FaIR/FaIR_all_method.py
Methods/43_Forcing_Based/1_ERF_FaIR/FaIR_all_unB_method.py
Methods/43_Forcing_Based/1_ERF_FaIR/FaIR_anthro_method.py
Methods/43_Forcing_Based/1_ERF_FaIR/FaIR_anthro_unB_method.py
Methods/43_Forcing_Based/1_ERF_FaIR/FaIR_comb_unB_method.py
Methods/43_Forcing_Based/1_ERF_FaIR/FaIR_nonat_method.py
Methods/43_Forcing_Based/1_ERF_FaIR/FaIR_nonat_unB_method.py
evaluating 24 of 0.1°C thresholds, starting at 1.1°C
11
FaIR_anthro sampled, d llike: 0.055085775545591686
FaIR_anthro sampled, d llike: -1.5822656069607528
FaIR_anthro_unB sampled, d llike: 0.029170750788387156
FaIR_anthro_unB sampled, d llike: -1.6928303894058594
FaIR_nonat sampled, d llike: -0.022939643134171517
FaIR_nonat sampled, d llike: -0.024888668946668524
FaIR_nonat_unB sampled, d llike: -0.028260255630104814
FaIR_nonat_unB sampled, d llike: -0.03913618566481247
FaIR_all sampled, d llike: -2004.5765037671704
FaIR_all sampled, d llike: -0.011591457979329478
FaIR_all_unB sampled, d llike: -0.04235401906871794
FaIR_all_unB sampled, d llike: -0.01746489372445148
FaIR_comb_unB sampled, d llike: -0.028290561123916813
FaIR_comb_unB sampled, d llike: -1.9360649622727477
        method_name    method_class c/r  smooth_r  avg_unc.(1se)  #q<0.5  #q<0.1   log-likeli       RMS      bias         tlog-l       100log-l    100RMS     75RMS   100bias           l15           l20    bias50   Edyrs15   Edyrs20   Mdyrs15   Mdyrs20   Fdyrs15   Fdyrs20    EdyrsA   RMSyrsA  ncEdyrs      e100log-l   e100RMS    e75RMS  e100bias           el15      el20   ebias50      eEdyrs15  eEdyrs20      eMdyrs15  eMdyrs20      eFdyrs15  eFdyrs20   eEdyrsA  eRMSyrsA  nceEdyrs
21    FaIR_comb_unB   43/1_ERF_FaIR   c     2.410       0.070973       0       0     1.433986  0.051181 -0.022785     225.135788     135.940238  0.043682  0.039905 -0.004551  5.517253e+00  4.224647e+00 -0.003917  0.500000  1.916667  0.500000  1.916667  0.500000  1.916667  0.059028  1.675929     24.0     128.257667  0.054426  0.043487  0.039890   5.805687e+00  5.477570  0.041330  2.500000e-01  0.083333  2.500000e-01  0.083333  2.500000e-01  0.083333 -1.137681  1.137681      23.0
15   FaIR_nonat_unB   43/1_ERF_FaIR   c     2.025       0.080428       0       0     1.327322  0.055471 -0.016189     213.698786     128.266201  0.044231  0.037014  0.011734  5.595734e+00  4.132645e+00  0.014490 -0.583333  1.416667 -0.583333  1.416667 -0.583333  1.416667 -0.527778  1.766621     24.0     113.976224  0.065866  0.056373  0.056176   5.636574e+00  4.739833  0.059736 -8.333333e-01 -0.416667 -8.333333e-01 -0.416667 -8.333333e-01 -0.416667 -1.721014  1.721014      23.0
19     FaIR_all_unB   43/1_ERF_FaIR   c     3.853       0.083571       0       0     1.272805  0.059393 -0.018179     204.921643     122.023280  0.048773  0.048183 -0.015549  3.933203e+00  3.655350e+00 -0.023439  1.083333  2.333333  1.083333  2.333333  1.083333  2.333333  0.458333  1.887612     24.0     121.118953  0.052962  0.034678  0.028893   4.168764e+00  4.602770  0.021807  8.333333e-01  0.500000  8.333333e-01  0.500000  8.333333e-01  0.500000 -0.757246  0.757246      23.0
11  FaIR_anthro_unB   43/1_ERF_FaIR   c     1.633       0.084587       9       0     0.985561  0.077361 -0.036992     158.675268     120.360041  0.045817  0.036262  0.006010  5.084473e+00  3.419203e+00 -0.000632 -0.416667  1.750000 -0.416667  1.750000 -0.416667  1.750000 -0.250000  1.763342     24.0     116.294442  0.060795  0.046818  0.050451   5.160441e+00  4.266296  0.044615 -6.666667e-01 -0.083333 -6.666667e-01 -0.083333 -6.666667e-01 -0.083333 -1.460145  1.460145      23.0
9       FaIR_anthro   43/1_ERF_FaIR   c     1.641       0.084618      10       0     0.923651  0.086309 -0.054935     148.707806     110.601642  0.068565  0.068999 -0.025775  4.825371e+00  2.879244e+00 -0.068955  0.333333  2.666667  0.333333  2.666667  0.333333  2.666667  0.996528  2.521493     24.0     114.931366  0.059743  0.032531  0.018666   5.013839e+00  3.642697 -0.023708  8.333333e-02  0.833333  8.333333e-02  0.833333  8.333333e-02  0.833333 -0.286232  0.286232      23.0
13       FaIR_nonat   43/1_ERF_FaIR   c     2.053       0.100342       0       0     1.123397  0.067705 -0.035096     180.866848     104.883391  0.064284  0.062012 -0.017918  4.352231e+00  3.097628e+00 -0.059128  0.250000  2.333333  0.250000  2.333333  0.250000  2.333333  0.722222  2.456332     24.0     105.454332  0.063213  0.028636  0.026523   4.485058e+00  3.928258 -0.013881  1.439275e-10  0.500000  1.439275e-10  0.500000  1.439275e-10  0.500000 -0.561594  0.561594      23.0
8         offset11y  42/1_Run_Means   c     3.040       0.041482     167      83    -0.412092  0.086666  0.037000     -95.193140     103.161723  0.060529  0.061121 -0.026899  5.513998e+00  5.101453e+00 -0.058243  1.000000  1.416667  1.000000  1.416667  1.000000  1.416667  1.118056  2.220094     25.0      52.009055  0.067157  0.033189  0.017542   6.081831e+00  7.562736 -0.012996  7.500000e-01 -0.416667  7.500000e-01 -0.416667  7.500000e-01 -0.416667 -0.202899  0.202899      24.0
1             lag5y  42/1_Run_Means   c     6.222       0.049928     119      25     0.733341  0.075252 -0.031471     169.401821      73.624144  0.074967  0.079160 -0.051630  3.686071e+00  2.168510e+00 -0.066276  1.083333  2.166667  4.166667  2.166667 -2.000000  2.166667  2.274306  2.716814     27.2      82.179988  0.072413  0.055531 -0.007188   3.907462e+00  6.824862 -0.021029  8.333333e-01  0.333333  3.916667e+00  0.333333 -2.250000e+00  0.333333  0.909420  0.909420      26.2
2             raw1y  42/1_Run_Means   c    34.304       0.130109       1       0     0.693209  0.120685 -0.002976     160.131349      69.398850  0.111880  0.106151  0.000571  3.877066e-01  3.090605e+00 -0.003053 -1.083333 -3.055556 -3.666667 -5.583333 -3.666667 -5.583333 -0.405671  1.624013     58.2      55.758296  0.130621  0.116890  0.045012   4.401803e-01  1.799326  0.042194 -1.333333e+00 -4.888889 -3.916667e+00 -7.416667 -3.916667e+00 -7.416667 -1.704106  1.704106      56.2
0            lag10y  42/1_Run_Means   c     3.525       0.042370     162     105    -0.564021  0.098770 -0.066121    -130.288760    -239.540044  0.133050  0.149332 -0.122502  4.373105e-01  8.275854e-02 -0.151273  4.416667  3.000000  4.416667  3.000000  4.416667  3.000000  4.753472  4.895464     25.0     -62.766498  0.101649  0.111343 -0.078060   6.285441e-01  3.411381 -0.106026  4.166667e+00  1.166667  4.166667e+00  1.166667  4.166667e+00  1.166667  3.452899  3.452899      24.0
17         FaIR_all   43/1_ERF_FaIR   c     2.985       0.005562     157     144 -2189.798446  0.080149 -0.000823 -352557.549771 -234084.749209  0.078862  0.048976  0.024099  1.264489e-67  3.502040e-78 -0.030644 -3.416667  1.250000 -3.416667  1.250000 -3.416667  1.250000 -0.704861  3.537375     24.0 -443428.100729  0.101465  0.041823  0.068541  2.895310e-138  0.001329  0.014602 -3.666667e+00 -0.583333 -3.666667e+00 -0.583333 -3.666667e+00 -0.583333 -2.021739  2.021739      23.0
7.1293368699999995
finished this run
All processes completed.
