/oscar/data/deeps/private/bfoxkemp/jnickla1/Thorne_15_codefigurestats/fut_evaluation_gen_ensemble.py:20: RuntimeWarning: Mean of empty slice
  return np.nanmean(standards_np,axis=0)
/oscar/data/deeps/private/bfoxkemp/jnickla1/Thorne_15_codefigurestats/fut_evaluation_gen_ensemble.py:20: RuntimeWarning: Mean of empty slice
  return np.nanmean(standards_np,axis=0)
/oscar/data/deeps/private/bfoxkemp/jnickla1/Thorne_15_codefigurestats/fut_evaluation_gen_ensemble.py:20: RuntimeWarning: Mean of empty slice
  return np.nanmean(standards_np,axis=0)
/oscar/data/deeps/private/bfoxkemp/jnickla1/Thorne_15_codefigurestats/fut_evaluation_gen_ensemble.py:20: RuntimeWarning: Mean of empty slice
  return np.nanmean(standards_np,axis=0)
/oscar/data/deeps/private/bfoxkemp/jnickla1/Thorne_15_codefigurestats/fut_evaluation_gen_ensemble.py:20: RuntimeWarning: Mean of empty slice
  return np.nanmean(standards_np,axis=0)
/oscar/data/deeps/private/bfoxkemp/jnickla1/Thorne_15_codefigurestats/Methods/43_Forcing_Based/1_ERF_FaIR/FaIR_all_method.py:53: RuntimeWarning: Mean of empty slice
  samp_mean =  np.nanmean(samp_cur, axis = 1)
/oscar/data/deeps/private/bfoxkemp/jnickla1/Thorne_15_codefigurestats/Methods/43_Forcing_Based/1_ERF_FaIR/FaIR_all_method.py:53: RuntimeWarning: Mean of empty slice
  samp_mean =  np.nanmean(samp_cur, axis = 1)
/oscar/data/deeps/private/bfoxkemp/jnickla1/Thorne_15_codefigurestats/Methods/43_Forcing_Based/1_ERF_FaIR/FaIR_all_unB_method.py:70: RuntimeWarning: Mean of empty slice
  samp_mean =  np.nanmean(samp_cur, axis = 1)
/oscar/data/deeps/private/bfoxkemp/jnickla1/Thorne_15_codefigurestats/Methods/43_Forcing_Based/1_ERF_FaIR/FaIR_all_unB_method.py:70: RuntimeWarning: Mean of empty slice
  samp_mean =  np.nanmean(samp_cur, axis = 1)
/oscar/data/deeps/private/bfoxkemp/jnickla1/Thorne_15_codefigurestats/Methods/43_Forcing_Based/1_ERF_FaIR/FaIR_anthro_method.py:53: RuntimeWarning: Mean of empty slice
  samp_mean =  np.nanmean(samp_cur, axis = 1)
/oscar/data/deeps/private/bfoxkemp/jnickla1/Thorne_15_codefigurestats/Methods/43_Forcing_Based/1_ERF_FaIR/FaIR_anthro_method.py:53: RuntimeWarning: Mean of empty slice
  samp_mean =  np.nanmean(samp_cur, axis = 1)
/oscar/data/deeps/private/bfoxkemp/jnickla1/Thorne_15_codefigurestats/Methods/43_Forcing_Based/1_ERF_FaIR/FaIR_anthro_unB_method.py:70: RuntimeWarning: Mean of empty slice
  samp_mean =  np.nanmean(samp_cur, axis = 1)
/oscar/data/deeps/private/bfoxkemp/jnickla1/Thorne_15_codefigurestats/Methods/43_Forcing_Based/1_ERF_FaIR/FaIR_anthro_unB_method.py:70: RuntimeWarning: Mean of empty slice
  samp_mean =  np.nanmean(samp_cur, axis = 1)
/oscar/data/deeps/private/bfoxkemp/jnickla1/Thorne_15_codefigurestats/Methods/43_Forcing_Based/1_ERF_FaIR/FaIR_comb_unB_method.py:70: RuntimeWarning: Mean of empty slice
  samp_mean =  np.nanmean(samp_cur, axis = 1)
/oscar/data/deeps/private/bfoxkemp/jnickla1/Thorne_15_codefigurestats/Methods/43_Forcing_Based/1_ERF_FaIR/FaIR_comb_unB_method.py:70: RuntimeWarning: Mean of empty slice
  samp_mean =  np.nanmean(samp_cur, axis = 1)
/oscar/data/deeps/private/bfoxkemp/jnickla1/Thorne_15_codefigurestats/Methods/43_Forcing_Based/1_ERF_FaIR/FaIR_comb_unB_method.py:126: RuntimeWarning: Mean of empty slice
  samp_meanAll =  np.nanmean(samp_curAll, axis = 1)
/oscar/data/deeps/private/bfoxkemp/jnickla1/Thorne_15_codefigurestats/Methods/43_Forcing_Based/1_ERF_FaIR/FaIR_comb_unB_method.py:126: RuntimeWarning: Mean of empty slice
  samp_meanAll =  np.nanmean(samp_curAll, axis = 1)
/oscar/data/deeps/private/bfoxkemp/jnickla1/Thorne_15_codefigurestats/Methods/43_Forcing_Based/1_ERF_FaIR/FaIR_nonat_method.py:53: RuntimeWarning: Mean of empty slice
  samp_mean =  np.nanmean(samp_cur, axis = 1)
/oscar/data/deeps/private/bfoxkemp/jnickla1/Thorne_15_codefigurestats/Methods/43_Forcing_Based/1_ERF_FaIR/FaIR_nonat_method.py:53: RuntimeWarning: Mean of empty slice
  samp_mean =  np.nanmean(samp_cur, axis = 1)
/oscar/data/deeps/private/bfoxkemp/jnickla1/Thorne_15_codefigurestats/Methods/43_Forcing_Based/1_ERF_FaIR/FaIR_nonat_unB_method.py:72: RuntimeWarning: Mean of empty slice
  samp_mean =  np.nanmean(samp_cur, axis = 1)
/oscar/data/deeps/private/bfoxkemp/jnickla1/Thorne_15_codefigurestats/Methods/43_Forcing_Based/1_ERF_FaIR/FaIR_nonat_unB_method.py:72: RuntimeWarning: Mean of empty slice
  samp_mean =  np.nanmean(samp_cur, axis = 1)
/oscar/data/deeps/private/bfoxkemp/jnickla1/Thorne_15_codefigurestats/Methods/43_Forcing_Based/1_ERF_FaIR/FaIR_all_method.py:68: RuntimeWarning: Mean of empty slice
  return np.nanmean(samp_cur[year_idx-1850, :], axis = 1)
/oscar/data/deeps/private/bfoxkemp/jnickla1/Thorne_15_codefigurestats/Methods/43_Forcing_Based/1_ERF_FaIR/FaIR_all_method.py:68: RuntimeWarning: Mean of empty slice
  return np.nanmean(samp_cur[year_idx-1850, :], axis = 1)
/users/jnickla1/.conda/envs/cleanpy/lib/python3.13/site-packages/numpy/lib/_nanfunctions_impl.py:2019: RuntimeWarning: Degrees of freedom <= 0 for slice.
  var = nanvar(a, axis=axis, dtype=dtype, out=out, ddof=ddof,
/oscar/data/deeps/private/bfoxkemp/jnickla1/Thorne_15_codefigurestats/Methods/43_Forcing_Based/1_ERF_FaIR/FaIR_all_unB_method.py:90: RuntimeWarning: Mean of empty slice
  return np.nanmean(samp_cur[year_idx-1850, :], axis = 1)
/users/jnickla1/.conda/envs/cleanpy/lib/python3.13/site-packages/numpy/lib/_nanfunctions_impl.py:2019: RuntimeWarning: Degrees of freedom <= 0 for slice.
  var = nanvar(a, axis=axis, dtype=dtype, out=out, ddof=ddof,
/oscar/data/deeps/private/bfoxkemp/jnickla1/Thorne_15_codefigurestats/Methods/43_Forcing_Based/1_ERF_FaIR/FaIR_all_unB_method.py:90: RuntimeWarning: Mean of empty slice
  return np.nanmean(samp_cur[year_idx-1850, :], axis = 1)
/oscar/data/deeps/private/bfoxkemp/jnickla1/Thorne_15_codefigurestats/Methods/43_Forcing_Based/1_ERF_FaIR/FaIR_anthro_method.py:67: RuntimeWarning: Mean of empty slice
  return np.nanmean(samp_cur[year_idx-1850, :], axis = 1)
/oscar/data/deeps/private/bfoxkemp/jnickla1/Thorne_15_codefigurestats/Methods/43_Forcing_Based/1_ERF_FaIR/FaIR_anthro_method.py:67: RuntimeWarning: Mean of empty slice
  return np.nanmean(samp_cur[year_idx-1850, :], axis = 1)
/oscar/data/deeps/private/bfoxkemp/jnickla1/Thorne_15_codefigurestats/Methods/43_Forcing_Based/1_ERF_FaIR/FaIR_anthro_unB_method.py:89: RuntimeWarning: Mean of empty slice
  return np.nanmean(samp_cur[year_idx-1850, :], axis = 1)
/oscar/data/deeps/private/bfoxkemp/jnickla1/Thorne_15_codefigurestats/Methods/43_Forcing_Based/1_ERF_FaIR/FaIR_anthro_unB_method.py:89: RuntimeWarning: Mean of empty slice
  return np.nanmean(samp_cur[year_idx-1850, :], axis = 1)
/oscar/data/deeps/private/bfoxkemp/jnickla1/Thorne_15_codefigurestats/Methods/43_Forcing_Based/1_ERF_FaIR/FaIR_comb_unB_method.py:152: RuntimeWarning: Mean of empty slice
  return np.nanmean(samp_cur[year_idx-1850, :], axis = 1)
/oscar/data/deeps/private/bfoxkemp/jnickla1/Thorne_15_codefigurestats/Methods/43_Forcing_Based/1_ERF_FaIR/FaIR_nonat_method.py:68: RuntimeWarning: Mean of empty slice
  return np.nanmean(samp_cur[year_idx-1850, :], axis = 1)
/oscar/data/deeps/private/bfoxkemp/jnickla1/Thorne_15_codefigurestats/Methods/43_Forcing_Based/1_ERF_FaIR/FaIR_comb_unB_method.py:152: RuntimeWarning: Mean of empty slice
  return np.nanmean(samp_cur[year_idx-1850, :], axis = 1)
/oscar/data/deeps/private/bfoxkemp/jnickla1/Thorne_15_codefigurestats/Methods/43_Forcing_Based/1_ERF_FaIR/FaIR_nonat_method.py:68: RuntimeWarning: Mean of empty slice
  return np.nanmean(samp_cur[year_idx-1850, :], axis = 1)
/oscar/data/deeps/private/bfoxkemp/jnickla1/Thorne_15_codefigurestats/Methods/43_Forcing_Based/1_ERF_FaIR/FaIR_nonat_unB_method.py:92: RuntimeWarning: Mean of empty slice
  return np.nanmean(samp_cur[year_idx-1850, :], axis = 1)
/oscar/data/deeps/private/bfoxkemp/jnickla1/Thorne_15_codefigurestats/Methods/43_Forcing_Based/1_ERF_FaIR/FaIR_nonat_unB_method.py:92: RuntimeWarning: Mean of empty slice
  return np.nanmean(samp_cur[year_idx-1850, :], axis = 1)
/oscar/data/deeps/private/bfoxkemp/jnickla1/Thorne_15_codefigurestats/Methods/43_Forcing_Based/1_ERF_FaIR/FaIR_anthro_method.py:67: RuntimeWarning: Mean of empty slice
  return np.nanmean(samp_cur[year_idx-1850, :], axis = 1)
/oscar/data/deeps/private/bfoxkemp/jnickla1/Thorne_15_codefigurestats/Methods/43_Forcing_Based/1_ERF_FaIR/FaIR_anthro_unB_method.py:89: RuntimeWarning: Mean of empty slice
  return np.nanmean(samp_cur[year_idx-1850, :], axis = 1)
/oscar/data/deeps/private/bfoxkemp/jnickla1/Thorne_15_codefigurestats/Methods/43_Forcing_Based/1_ERF_FaIR/FaIR_nonat_method.py:68: RuntimeWarning: Mean of empty slice
  return np.nanmean(samp_cur[year_idx-1850, :], axis = 1)
/oscar/data/deeps/private/bfoxkemp/jnickla1/Thorne_15_codefigurestats/Methods/43_Forcing_Based/1_ERF_FaIR/FaIR_anthro_method.py:67: RuntimeWarning: Mean of empty slice
  return np.nanmean(samp_cur[year_idx-1850, :], axis = 1)
/oscar/data/deeps/private/bfoxkemp/jnickla1/Thorne_15_codefigurestats/Methods/43_Forcing_Based/1_ERF_FaIR/FaIR_anthro_unB_method.py:89: RuntimeWarning: Mean of empty slice
  return np.nanmean(samp_cur[year_idx-1850, :], axis = 1)
/oscar/data/deeps/private/bfoxkemp/jnickla1/Thorne_15_codefigurestats/Methods/43_Forcing_Based/1_ERF_FaIR/FaIR_nonat_method.py:68: RuntimeWarning: Mean of empty slice
  return np.nanmean(samp_cur[year_idx-1850, :], axis = 1)
/oscar/data/deeps/private/bfoxkemp/jnickla1/Thorne_15_codefigurestats/Methods/43_Forcing_Based/1_ERF_FaIR/FaIR_nonat_unB_method.py:92: RuntimeWarning: Mean of empty slice
  return np.nanmean(samp_cur[year_idx-1850, :], axis = 1)
/oscar/data/deeps/private/bfoxkemp/jnickla1/Thorne_15_codefigurestats/Methods/43_Forcing_Based/1_ERF_FaIR/FaIR_all_method.py:68: RuntimeWarning: Mean of empty slice
  return np.nanmean(samp_cur[year_idx-1850, :], axis = 1)
/oscar/data/deeps/private/bfoxkemp/jnickla1/Thorne_15_codefigurestats/Methods/43_Forcing_Based/1_ERF_FaIR/FaIR_all_unB_method.py:90: RuntimeWarning: Mean of empty slice
  return np.nanmean(samp_cur[year_idx-1850, :], axis = 1)
/oscar/data/deeps/private/bfoxkemp/jnickla1/Thorne_15_codefigurestats/Methods/43_Forcing_Based/1_ERF_FaIR/FaIR_comb_unB_method.py:152: RuntimeWarning: Mean of empty slice
  return np.nanmean(samp_cur[year_idx-1850, :], axis = 1)
/oscar/data/deeps/private/bfoxkemp/jnickla1/Thorne_15_codefigurestats/Methods/43_Forcing_Based/1_ERF_FaIR/FaIR_nonat_unB_method.py:92: RuntimeWarning: Mean of empty slice
  return np.nanmean(samp_cur[year_idx-1850, :], axis = 1)
/oscar/data/deeps/private/bfoxkemp/jnickla1/Thorne_15_codefigurestats/Methods/43_Forcing_Based/1_ERF_FaIR/FaIR_all_method.py:68: RuntimeWarning: Mean of empty slice
  return np.nanmean(samp_cur[year_idx-1850, :], axis = 1)
/oscar/data/deeps/private/bfoxkemp/jnickla1/Thorne_15_codefigurestats/Methods/43_Forcing_Based/1_ERF_FaIR/FaIR_all_unB_method.py:90: RuntimeWarning: Mean of empty slice
  return np.nanmean(samp_cur[year_idx-1850, :], axis = 1)
/oscar/data/deeps/private/bfoxkemp/jnickla1/Thorne_15_codefigurestats/Methods/43_Forcing_Based/1_ERF_FaIR/FaIR_comb_unB_method.py:152: RuntimeWarning: Mean of empty slice
  return np.nanmean(samp_cur[year_idx-1850, :], axis = 1)
/oscar/data/deeps/private/bfoxkemp/jnickla1/Thorne_15_codefigurestats/Methods/43_Forcing_Based/1_ERF_FaIR/FaIR_anthro_method.py:67: RuntimeWarning: Mean of empty slice
  return np.nanmean(samp_cur[year_idx-1850, :], axis = 1)
/oscar/data/deeps/private/bfoxkemp/jnickla1/Thorne_15_codefigurestats/Methods/43_Forcing_Based/1_ERF_FaIR/FaIR_anthro_method.py:67: RuntimeWarning: Mean of empty slice
  return np.nanmean(samp_cur[year_idx-1850, :], axis = 1)
/users/jnickla1/.conda/envs/cleanpy/lib/python3.13/site-packages/numpy/lib/_nanfunctions_impl.py:2019: RuntimeWarning: Degrees of freedom <= 0 for slice.
  var = nanvar(a, axis=axis, dtype=dtype, out=out, ddof=ddof,
/oscar/data/deeps/private/bfoxkemp/jnickla1/Thorne_15_codefigurestats/Methods/43_Forcing_Based/1_ERF_FaIR/FaIR_anthro_method.py:95: RuntimeWarning: Mean of empty slice
  cdist = np.nanmean(dist)
/users/jnickla1/.conda/envs/cleanpy/lib/python3.13/site-packages/numpy/lib/_nanfunctions_impl.py:2019: RuntimeWarning: Degrees of freedom <= 0 for slice.
  var = nanvar(a, axis=axis, dtype=dtype, out=out, ddof=ddof,
/oscar/data/deeps/private/bfoxkemp/jnickla1/Thorne_15_codefigurestats/Methods/43_Forcing_Based/1_ERF_FaIR/FaIR_anthro_method.py:95: RuntimeWarning: Mean of empty slice
  cdist = np.nanmean(dist)
/oscar/data/deeps/private/bfoxkemp/jnickla1/Thorne_15_codefigurestats/Methods/43_Forcing_Based/1_ERF_FaIR/FaIR_all_method.py:53: RuntimeWarning: Mean of empty slice
  samp_mean =  np.nanmean(samp_cur, axis = 1)
/oscar/data/deeps/private/bfoxkemp/jnickla1/Thorne_15_codefigurestats/Methods/43_Forcing_Based/1_ERF_FaIR/FaIR_all_unB_method.py:70: RuntimeWarning: Mean of empty slice
  samp_mean =  np.nanmean(samp_cur, axis = 1)
/oscar/data/deeps/private/bfoxkemp/jnickla1/Thorne_15_codefigurestats/Methods/43_Forcing_Based/1_ERF_FaIR/FaIR_all_method.py:53: RuntimeWarning: Mean of empty slice
  samp_mean =  np.nanmean(samp_cur, axis = 1)
/oscar/data/deeps/private/bfoxkemp/jnickla1/Thorne_15_codefigurestats/Methods/43_Forcing_Based/1_ERF_FaIR/FaIR_all_method.py:53: RuntimeWarning: Mean of empty slice
  samp_mean =  np.nanmean(samp_cur, axis = 1)
/oscar/data/deeps/private/bfoxkemp/jnickla1/Thorne_15_codefigurestats/Methods/43_Forcing_Based/1_ERF_FaIR/FaIR_anthro_method.py:53: RuntimeWarning: Mean of empty slice
  samp_mean =  np.nanmean(samp_cur, axis = 1)
/oscar/data/deeps/private/bfoxkemp/jnickla1/Thorne_15_codefigurestats/fut_evaluation_script.py:427: RuntimeWarning: Mean of empty slice
  evalmean = np.nanmean(diffcross) #if crossing multiple times take the mean
/oscar/data/deeps/private/bfoxkemp/jnickla1/Thorne_15_codefigurestats/Methods/43_Forcing_Based/1_ERF_FaIR/FaIR_all_unB_method.py:70: RuntimeWarning: Mean of empty slice
  samp_mean =  np.nanmean(samp_cur, axis = 1)
/oscar/data/deeps/private/bfoxkemp/jnickla1/Thorne_15_codefigurestats/Methods/43_Forcing_Based/1_ERF_FaIR/FaIR_all_unB_method.py:70: RuntimeWarning: Mean of empty slice
  samp_mean =  np.nanmean(samp_cur, axis = 1)
/oscar/data/deeps/private/bfoxkemp/jnickla1/Thorne_15_codefigurestats/Methods/43_Forcing_Based/1_ERF_FaIR/FaIR_anthro_unB_method.py:70: RuntimeWarning: Mean of empty slice
  samp_mean =  np.nanmean(samp_cur, axis = 1)
/oscar/data/deeps/private/bfoxkemp/jnickla1/Thorne_15_codefigurestats/Methods/43_Forcing_Based/1_ERF_FaIR/FaIR_anthro_method.py:53: RuntimeWarning: Mean of empty slice
  samp_mean =  np.nanmean(samp_cur, axis = 1)
/oscar/data/deeps/private/bfoxkemp/jnickla1/Thorne_15_codefigurestats/Methods/43_Forcing_Based/1_ERF_FaIR/FaIR_comb_unB_method.py:70: RuntimeWarning: Mean of empty slice
  samp_mean =  np.nanmean(samp_cur, axis = 1)
/oscar/data/deeps/private/bfoxkemp/jnickla1/Thorne_15_codefigurestats/Methods/43_Forcing_Based/1_ERF_FaIR/FaIR_anthro_method.py:53: RuntimeWarning: Mean of empty slice
  samp_mean =  np.nanmean(samp_cur, axis = 1)
/oscar/data/deeps/private/bfoxkemp/jnickla1/Thorne_15_codefigurestats/Methods/43_Forcing_Based/1_ERF_FaIR/FaIR_comb_unB_method.py:126: RuntimeWarning: Mean of empty slice
  samp_meanAll =  np.nanmean(samp_curAll, axis = 1)
/oscar/data/deeps/private/bfoxkemp/jnickla1/Thorne_15_codefigurestats/Methods/43_Forcing_Based/1_ERF_FaIR/FaIR_anthro_unB_method.py:70: RuntimeWarning: Mean of empty slice
  samp_mean =  np.nanmean(samp_cur, axis = 1)
/oscar/data/deeps/private/bfoxkemp/jnickla1/Thorne_15_codefigurestats/Methods/43_Forcing_Based/1_ERF_FaIR/FaIR_anthro_unB_method.py:70: RuntimeWarning: Mean of empty slice
  samp_mean =  np.nanmean(samp_cur, axis = 1)
/oscar/data/deeps/private/bfoxkemp/jnickla1/Thorne_15_codefigurestats/Methods/43_Forcing_Based/1_ERF_FaIR/FaIR_nonat_method.py:53: RuntimeWarning: Mean of empty slice
  samp_mean =  np.nanmean(samp_cur, axis = 1)
/oscar/data/deeps/private/bfoxkemp/jnickla1/Thorne_15_codefigurestats/Methods/43_Forcing_Based/1_ERF_FaIR/FaIR_comb_unB_method.py:70: RuntimeWarning: Mean of empty slice
  samp_mean =  np.nanmean(samp_cur, axis = 1)
/oscar/data/deeps/private/bfoxkemp/jnickla1/Thorne_15_codefigurestats/Methods/43_Forcing_Based/1_ERF_FaIR/FaIR_comb_unB_method.py:126: RuntimeWarning: Mean of empty slice
  samp_meanAll =  np.nanmean(samp_curAll, axis = 1)
/oscar/data/deeps/private/bfoxkemp/jnickla1/Thorne_15_codefigurestats/Methods/43_Forcing_Based/1_ERF_FaIR/FaIR_comb_unB_method.py:70: RuntimeWarning: Mean of empty slice
  samp_mean =  np.nanmean(samp_cur, axis = 1)
/oscar/data/deeps/private/bfoxkemp/jnickla1/Thorne_15_codefigurestats/Methods/43_Forcing_Based/1_ERF_FaIR/FaIR_nonat_unB_method.py:72: RuntimeWarning: Mean of empty slice
  samp_mean =  np.nanmean(samp_cur, axis = 1)
/oscar/data/deeps/private/bfoxkemp/jnickla1/Thorne_15_codefigurestats/Methods/43_Forcing_Based/1_ERF_FaIR/FaIR_comb_unB_method.py:126: RuntimeWarning: Mean of empty slice
  samp_meanAll =  np.nanmean(samp_curAll, axis = 1)
/oscar/data/deeps/private/bfoxkemp/jnickla1/Thorne_15_codefigurestats/Methods/43_Forcing_Based/1_ERF_FaIR/FaIR_all_method.py:68: RuntimeWarning: Mean of empty slice
  return np.nanmean(samp_cur[year_idx-1850, :], axis = 1)
/users/jnickla1/.conda/envs/cleanpy/lib/python3.13/site-packages/numpy/lib/_nanfunctions_impl.py:2019: RuntimeWarning: Degrees of freedom <= 0 for slice.
  var = nanvar(a, axis=axis, dtype=dtype, out=out, ddof=ddof,
/oscar/data/deeps/private/bfoxkemp/jnickla1/Thorne_15_codefigurestats/Methods/43_Forcing_Based/1_ERF_FaIR/FaIR_all_unB_method.py:90: RuntimeWarning: Mean of empty slice
  return np.nanmean(samp_cur[year_idx-1850, :], axis = 1)
/oscar/data/deeps/private/bfoxkemp/jnickla1/Thorne_15_codefigurestats/Methods/43_Forcing_Based/1_ERF_FaIR/FaIR_nonat_method.py:53: RuntimeWarning: Mean of empty slice
  samp_mean =  np.nanmean(samp_cur, axis = 1)
/oscar/data/deeps/private/bfoxkemp/jnickla1/Thorne_15_codefigurestats/Methods/43_Forcing_Based/1_ERF_FaIR/FaIR_anthro_method.py:67: RuntimeWarning: Mean of empty slice
  return np.nanmean(samp_cur[year_idx-1850, :], axis = 1)
/oscar/data/deeps/private/bfoxkemp/jnickla1/Thorne_15_codefigurestats/Methods/43_Forcing_Based/1_ERF_FaIR/FaIR_nonat_method.py:53: RuntimeWarning: Mean of empty slice
  samp_mean =  np.nanmean(samp_cur, axis = 1)
/oscar/data/deeps/private/bfoxkemp/jnickla1/Thorne_15_codefigurestats/Methods/43_Forcing_Based/1_ERF_FaIR/FaIR_anthro_unB_method.py:89: RuntimeWarning: Mean of empty slice
  return np.nanmean(samp_cur[year_idx-1850, :], axis = 1)
/oscar/data/deeps/private/bfoxkemp/jnickla1/Thorne_15_codefigurestats/Methods/43_Forcing_Based/1_ERF_FaIR/FaIR_comb_unB_method.py:152: RuntimeWarning: Mean of empty slice
  return np.nanmean(samp_cur[year_idx-1850, :], axis = 1)
/oscar/data/deeps/private/bfoxkemp/jnickla1/Thorne_15_codefigurestats/Methods/43_Forcing_Based/1_ERF_FaIR/FaIR_nonat_method.py:68: RuntimeWarning: Mean of empty slice
  return np.nanmean(samp_cur[year_idx-1850, :], axis = 1)
/oscar/data/deeps/private/bfoxkemp/jnickla1/Thorne_15_codefigurestats/Methods/43_Forcing_Based/1_ERF_FaIR/FaIR_nonat_unB_method.py:72: RuntimeWarning: Mean of empty slice
  samp_mean =  np.nanmean(samp_cur, axis = 1)
/oscar/data/deeps/private/bfoxkemp/jnickla1/Thorne_15_codefigurestats/Methods/43_Forcing_Based/1_ERF_FaIR/FaIR_nonat_unB_method.py:92: RuntimeWarning: Mean of empty slice
  return np.nanmean(samp_cur[year_idx-1850, :], axis = 1)
/oscar/data/deeps/private/bfoxkemp/jnickla1/Thorne_15_codefigurestats/Methods/43_Forcing_Based/1_ERF_FaIR/FaIR_nonat_unB_method.py:72: RuntimeWarning: Mean of empty slice
  samp_mean =  np.nanmean(samp_cur, axis = 1)
/oscar/data/deeps/private/bfoxkemp/jnickla1/Thorne_15_codefigurestats/Methods/43_Forcing_Based/1_ERF_FaIR/FaIR_anthro_method.py:67: RuntimeWarning: Mean of empty slice
  return np.nanmean(samp_cur[year_idx-1850, :], axis = 1)
/oscar/data/deeps/private/bfoxkemp/jnickla1/Thorne_15_codefigurestats/Methods/43_Forcing_Based/1_ERF_FaIR/FaIR_anthro_unB_method.py:89: RuntimeWarning: Mean of empty slice
  return np.nanmean(samp_cur[year_idx-1850, :], axis = 1)
/oscar/data/deeps/private/bfoxkemp/jnickla1/Thorne_15_codefigurestats/Methods/43_Forcing_Based/1_ERF_FaIR/FaIR_nonat_method.py:68: RuntimeWarning: Mean of empty slice
  return np.nanmean(samp_cur[year_idx-1850, :], axis = 1)
/oscar/data/deeps/private/bfoxkemp/jnickla1/Thorne_15_codefigurestats/Methods/43_Forcing_Based/1_ERF_FaIR/FaIR_nonat_unB_method.py:92: RuntimeWarning: Mean of empty slice
  return np.nanmean(samp_cur[year_idx-1850, :], axis = 1)
/oscar/data/deeps/private/bfoxkemp/jnickla1/Thorne_15_codefigurestats/Methods/43_Forcing_Based/1_ERF_FaIR/FaIR_all_method.py:68: RuntimeWarning: Mean of empty slice
  return np.nanmean(samp_cur[year_idx-1850, :], axis = 1)
/oscar/data/deeps/private/bfoxkemp/jnickla1/Thorne_15_codefigurestats/Methods/43_Forcing_Based/1_ERF_FaIR/FaIR_all_method.py:68: RuntimeWarning: Mean of empty slice
  return np.nanmean(samp_cur[year_idx-1850, :], axis = 1)
/users/jnickla1/.conda/envs/cleanpy/lib/python3.13/site-packages/numpy/lib/_nanfunctions_impl.py:2019: RuntimeWarning: Degrees of freedom <= 0 for slice.
  var = nanvar(a, axis=axis, dtype=dtype, out=out, ddof=ddof,
/oscar/data/deeps/private/bfoxkemp/jnickla1/Thorne_15_codefigurestats/Methods/43_Forcing_Based/1_ERF_FaIR/FaIR_all_unB_method.py:90: RuntimeWarning: Mean of empty slice
  return np.nanmean(samp_cur[year_idx-1850, :], axis = 1)
/oscar/data/deeps/private/bfoxkemp/jnickla1/Thorne_15_codefigurestats/Methods/43_Forcing_Based/1_ERF_FaIR/FaIR_all_unB_method.py:90: RuntimeWarning: Mean of empty slice
  return np.nanmean(samp_cur[year_idx-1850, :], axis = 1)
/oscar/data/deeps/private/bfoxkemp/jnickla1/Thorne_15_codefigurestats/Methods/43_Forcing_Based/1_ERF_FaIR/FaIR_comb_unB_method.py:152: RuntimeWarning: Mean of empty slice
  return np.nanmean(samp_cur[year_idx-1850, :], axis = 1)
/oscar/data/deeps/private/bfoxkemp/jnickla1/Thorne_15_codefigurestats/Methods/43_Forcing_Based/1_ERF_FaIR/FaIR_anthro_method.py:67: RuntimeWarning: Mean of empty slice
  return np.nanmean(samp_cur[year_idx-1850, :], axis = 1)
/oscar/data/deeps/private/bfoxkemp/jnickla1/Thorne_15_codefigurestats/Methods/43_Forcing_Based/1_ERF_FaIR/FaIR_all_method.py:68: RuntimeWarning: Mean of empty slice
  return np.nanmean(samp_cur[year_idx-1850, :], axis = 1)
/users/jnickla1/.conda/envs/cleanpy/lib/python3.13/site-packages/numpy/lib/_nanfunctions_impl.py:2019: RuntimeWarning: Degrees of freedom <= 0 for slice.
  var = nanvar(a, axis=axis, dtype=dtype, out=out, ddof=ddof,
/oscar/data/deeps/private/bfoxkemp/jnickla1/Thorne_15_codefigurestats/Methods/43_Forcing_Based/1_ERF_FaIR/FaIR_all_unB_method.py:90: RuntimeWarning: Mean of empty slice
  return np.nanmean(samp_cur[year_idx-1850, :], axis = 1)
/oscar/data/deeps/private/bfoxkemp/jnickla1/Thorne_15_codefigurestats/Methods/43_Forcing_Based/1_ERF_FaIR/FaIR_anthro_unB_method.py:89: RuntimeWarning: Mean of empty slice
  return np.nanmean(samp_cur[year_idx-1850, :], axis = 1)
/oscar/data/deeps/private/bfoxkemp/jnickla1/Thorne_15_codefigurestats/Methods/43_Forcing_Based/1_ERF_FaIR/FaIR_anthro_method.py:67: RuntimeWarning: Mean of empty slice
  return np.nanmean(samp_cur[year_idx-1850, :], axis = 1)
/oscar/data/deeps/private/bfoxkemp/jnickla1/Thorne_15_codefigurestats/Methods/43_Forcing_Based/1_ERF_FaIR/FaIR_comb_unB_method.py:152: RuntimeWarning: Mean of empty slice
  return np.nanmean(samp_cur[year_idx-1850, :], axis = 1)
/oscar/data/deeps/private/bfoxkemp/jnickla1/Thorne_15_codefigurestats/Methods/43_Forcing_Based/1_ERF_FaIR/FaIR_nonat_method.py:68: RuntimeWarning: Mean of empty slice
  return np.nanmean(samp_cur[year_idx-1850, :], axis = 1)
/oscar/data/deeps/private/bfoxkemp/jnickla1/Thorne_15_codefigurestats/Methods/43_Forcing_Based/1_ERF_FaIR/FaIR_anthro_unB_method.py:89: RuntimeWarning: Mean of empty slice
  return np.nanmean(samp_cur[year_idx-1850, :], axis = 1)
/oscar/data/deeps/private/bfoxkemp/jnickla1/Thorne_15_codefigurestats/Methods/43_Forcing_Based/1_ERF_FaIR/FaIR_nonat_unB_method.py:92: RuntimeWarning: Mean of empty slice
  return np.nanmean(samp_cur[year_idx-1850, :], axis = 1)
/oscar/data/deeps/private/bfoxkemp/jnickla1/Thorne_15_codefigurestats/Methods/43_Forcing_Based/1_ERF_FaIR/FaIR_comb_unB_method.py:152: RuntimeWarning: Mean of empty slice
  return np.nanmean(samp_cur[year_idx-1850, :], axis = 1)
/oscar/data/deeps/private/bfoxkemp/jnickla1/Thorne_15_codefigurestats/Methods/43_Forcing_Based/1_ERF_FaIR/FaIR_nonat_method.py:68: RuntimeWarning: Mean of empty slice
  return np.nanmean(samp_cur[year_idx-1850, :], axis = 1)
/oscar/data/deeps/private/bfoxkemp/jnickla1/Thorne_15_codefigurestats/Methods/43_Forcing_Based/1_ERF_FaIR/FaIR_anthro_method.py:67: RuntimeWarning: Mean of empty slice
  return np.nanmean(samp_cur[year_idx-1850, :], axis = 1)
/oscar/data/deeps/private/bfoxkemp/jnickla1/Thorne_15_codefigurestats/Methods/43_Forcing_Based/1_ERF_FaIR/FaIR_nonat_unB_method.py:92: RuntimeWarning: Mean of empty slice
  return np.nanmean(samp_cur[year_idx-1850, :], axis = 1)
/oscar/data/deeps/private/bfoxkemp/jnickla1/Thorne_15_codefigurestats/Methods/43_Forcing_Based/1_ERF_FaIR/FaIR_anthro_unB_method.py:89: RuntimeWarning: Mean of empty slice
  return np.nanmean(samp_cur[year_idx-1850, :], axis = 1)
/oscar/data/deeps/private/bfoxkemp/jnickla1/Thorne_15_codefigurestats/Methods/43_Forcing_Based/1_ERF_FaIR/FaIR_nonat_method.py:68: RuntimeWarning: Mean of empty slice
  return np.nanmean(samp_cur[year_idx-1850, :], axis = 1)
/oscar/data/deeps/private/bfoxkemp/jnickla1/Thorne_15_codefigurestats/Methods/43_Forcing_Based/1_ERF_FaIR/FaIR_nonat_unB_method.py:92: RuntimeWarning: Mean of empty slice
  return np.nanmean(samp_cur[year_idx-1850, :], axis = 1)
/oscar/data/deeps/private/bfoxkemp/jnickla1/Thorne_15_codefigurestats/Methods/43_Forcing_Based/1_ERF_FaIR/FaIR_all_method.py:68: RuntimeWarning: Mean of empty slice
  return np.nanmean(samp_cur[year_idx-1850, :], axis = 1)
/oscar/data/deeps/private/bfoxkemp/jnickla1/Thorne_15_codefigurestats/Methods/43_Forcing_Based/1_ERF_FaIR/FaIR_all_unB_method.py:90: RuntimeWarning: Mean of empty slice
  return np.nanmean(samp_cur[year_idx-1850, :], axis = 1)
/oscar/data/deeps/private/bfoxkemp/jnickla1/Thorne_15_codefigurestats/Methods/43_Forcing_Based/1_ERF_FaIR/FaIR_comb_unB_method.py:152: RuntimeWarning: Mean of empty slice
  return np.nanmean(samp_cur[year_idx-1850, :], axis = 1)
/oscar/data/deeps/private/bfoxkemp/jnickla1/Thorne_15_codefigurestats/Methods/43_Forcing_Based/1_ERF_FaIR/FaIR_anthro_method.py:67: RuntimeWarning: Mean of empty slice
  return np.nanmean(samp_cur[year_idx-1850, :], axis = 1)
/oscar/data/deeps/private/bfoxkemp/jnickla1/Thorne_15_codefigurestats/Methods/43_Forcing_Based/1_ERF_FaIR/FaIR_anthro_unB_method.py:89: RuntimeWarning: Mean of empty slice
  return np.nanmean(samp_cur[year_idx-1850, :], axis = 1)
/oscar/data/deeps/private/bfoxkemp/jnickla1/Thorne_15_codefigurestats/Methods/43_Forcing_Based/1_ERF_FaIR/FaIR_nonat_method.py:68: RuntimeWarning: Mean of empty slice
  return np.nanmean(samp_cur[year_idx-1850, :], axis = 1)
/oscar/data/deeps/private/bfoxkemp/jnickla1/Thorne_15_codefigurestats/Methods/43_Forcing_Based/1_ERF_FaIR/FaIR_nonat_unB_method.py:92: RuntimeWarning: Mean of empty slice
  return np.nanmean(samp_cur[year_idx-1850, :], axis = 1)
/oscar/data/deeps/private/bfoxkemp/jnickla1/Thorne_15_codefigurestats/Methods/43_Forcing_Based/1_ERF_FaIR/FaIR_all_method.py:68: RuntimeWarning: Mean of empty slice
  return np.nanmean(samp_cur[year_idx-1850, :], axis = 1)
/oscar/data/deeps/private/bfoxkemp/jnickla1/Thorne_15_codefigurestats/Methods/43_Forcing_Based/1_ERF_FaIR/FaIR_all_unB_method.py:90: RuntimeWarning: Mean of empty slice
  return np.nanmean(samp_cur[year_idx-1850, :], axis = 1)
/oscar/data/deeps/private/bfoxkemp/jnickla1/Thorne_15_codefigurestats/Methods/43_Forcing_Based/1_ERF_FaIR/FaIR_comb_unB_method.py:152: RuntimeWarning: Mean of empty slice
  return np.nanmean(samp_cur[year_idx-1850, :], axis = 1)
/oscar/data/deeps/private/bfoxkemp/jnickla1/Thorne_15_codefigurestats/Methods/43_Forcing_Based/1_ERF_FaIR/FaIR_anthro_method.py:67: RuntimeWarning: Mean of empty slice
  return np.nanmean(samp_cur[year_idx-1850, :], axis = 1)
/users/jnickla1/.conda/envs/cleanpy/lib/python3.13/site-packages/numpy/lib/_nanfunctions_impl.py:2019: RuntimeWarning: Degrees of freedom <= 0 for slice.
  var = nanvar(a, axis=axis, dtype=dtype, out=out, ddof=ddof,
/oscar/data/deeps/private/bfoxkemp/jnickla1/Thorne_15_codefigurestats/Methods/43_Forcing_Based/1_ERF_FaIR/FaIR_anthro_method.py:95: RuntimeWarning: Mean of empty slice
  cdist = np.nanmean(dist)
/oscar/data/deeps/private/bfoxkemp/jnickla1/Thorne_15_codefigurestats/Methods/43_Forcing_Based/1_ERF_FaIR/FaIR_anthro_unB_method.py:89: RuntimeWarning: Mean of empty slice
  return np.nanmean(samp_cur[year_idx-1850, :], axis = 1)
/users/jnickla1/.conda/envs/cleanpy/lib/python3.13/site-packages/numpy/lib/_nanfunctions_impl.py:2019: RuntimeWarning: Degrees of freedom <= 0 for slice.
  var = nanvar(a, axis=axis, dtype=dtype, out=out, ddof=ddof,
/oscar/data/deeps/private/bfoxkemp/jnickla1/Thorne_15_codefigurestats/Methods/43_Forcing_Based/1_ERF_FaIR/FaIR_anthro_unB_method.py:117: RuntimeWarning: Mean of empty slice
  cdist = np.nanmean(dist)
/oscar/data/deeps/private/bfoxkemp/jnickla1/Thorne_15_codefigurestats/Methods/43_Forcing_Based/1_ERF_FaIR/FaIR_anthro_method.py:67: RuntimeWarning: Mean of empty slice
  return np.nanmean(samp_cur[year_idx-1850, :], axis = 1)
/users/jnickla1/.conda/envs/cleanpy/lib/python3.13/site-packages/numpy/lib/_nanfunctions_impl.py:2019: RuntimeWarning: Degrees of freedom <= 0 for slice.
  var = nanvar(a, axis=axis, dtype=dtype, out=out, ddof=ddof,
/oscar/data/deeps/private/bfoxkemp/jnickla1/Thorne_15_codefigurestats/Methods/43_Forcing_Based/1_ERF_FaIR/FaIR_anthro_method.py:95: RuntimeWarning: Mean of empty slice
  cdist = np.nanmean(dist)
/oscar/data/deeps/private/bfoxkemp/jnickla1/Thorne_15_codefigurestats/Methods/43_Forcing_Based/1_ERF_FaIR/FaIR_anthro_unB_method.py:89: RuntimeWarning: Mean of empty slice
  return np.nanmean(samp_cur[year_idx-1850, :], axis = 1)
/users/jnickla1/.conda/envs/cleanpy/lib/python3.13/site-packages/numpy/lib/_nanfunctions_impl.py:2019: RuntimeWarning: Degrees of freedom <= 0 for slice.
  var = nanvar(a, axis=axis, dtype=dtype, out=out, ddof=ddof,
/oscar/data/deeps/private/bfoxkemp/jnickla1/Thorne_15_codefigurestats/Methods/43_Forcing_Based/1_ERF_FaIR/FaIR_anthro_unB_method.py:117: RuntimeWarning: Mean of empty slice
  cdist = np.nanmean(dist)
/oscar/data/deeps/private/bfoxkemp/jnickla1/Thorne_15_codefigurestats/Methods/43_Forcing_Based/1_ERF_FaIR/FaIR_anthro_method.py:67: RuntimeWarning: Mean of empty slice
  return np.nanmean(samp_cur[year_idx-1850, :], axis = 1)
/users/jnickla1/.conda/envs/cleanpy/lib/python3.13/site-packages/numpy/lib/_nanfunctions_impl.py:2019: RuntimeWarning: Degrees of freedom <= 0 for slice.
  var = nanvar(a, axis=axis, dtype=dtype, out=out, ddof=ddof,
/oscar/data/deeps/private/bfoxkemp/jnickla1/Thorne_15_codefigurestats/Methods/43_Forcing_Based/1_ERF_FaIR/FaIR_anthro_method.py:95: RuntimeWarning: Mean of empty slice
  cdist = np.nanmean(dist)
/oscar/data/deeps/private/bfoxkemp/jnickla1/Thorne_15_codefigurestats/Methods/43_Forcing_Based/1_ERF_FaIR/FaIR_anthro_unB_method.py:89: RuntimeWarning: Mean of empty slice
  return np.nanmean(samp_cur[year_idx-1850, :], axis = 1)
/users/jnickla1/.conda/envs/cleanpy/lib/python3.13/site-packages/numpy/lib/_nanfunctions_impl.py:2019: RuntimeWarning: Degrees of freedom <= 0 for slice.
  var = nanvar(a, axis=axis, dtype=dtype, out=out, ddof=ddof,
/oscar/data/deeps/private/bfoxkemp/jnickla1/Thorne_15_codefigurestats/Methods/43_Forcing_Based/1_ERF_FaIR/FaIR_anthro_unB_method.py:117: RuntimeWarning: Mean of empty slice
  cdist = np.nanmean(dist)
/oscar/data/deeps/private/bfoxkemp/jnickla1/Thorne_15_codefigurestats/Methods/43_Forcing_Based/1_ERF_FaIR/FaIR_anthro_unB_method.py:89: RuntimeWarning: Mean of empty slice
  return np.nanmean(samp_cur[year_idx-1850, :], axis = 1)
/users/jnickla1/.conda/envs/cleanpy/lib/python3.13/site-packages/numpy/lib/_nanfunctions_impl.py:2019: RuntimeWarning: Degrees of freedom <= 0 for slice.
  var = nanvar(a, axis=axis, dtype=dtype, out=out, ddof=ddof,
/oscar/data/deeps/private/bfoxkemp/jnickla1/Thorne_15_codefigurestats/Methods/43_Forcing_Based/1_ERF_FaIR/FaIR_anthro_unB_method.py:117: RuntimeWarning: Mean of empty slice
  cdist = np.nanmean(dist)
/oscar/data/deeps/private/bfoxkemp/jnickla1/Thorne_15_codefigurestats/Methods/43_Forcing_Based/1_ERF_FaIR/FaIR_nonat_method.py:68: RuntimeWarning: Mean of empty slice
  return np.nanmean(samp_cur[year_idx-1850, :], axis = 1)
/oscar/data/deeps/private/bfoxkemp/jnickla1/Thorne_15_codefigurestats/Methods/43_Forcing_Based/1_ERF_FaIR/FaIR_nonat_method.py:68: RuntimeWarning: Mean of empty slice
  return np.nanmean(samp_cur[year_idx-1850, :], axis = 1)
/users/jnickla1/.conda/envs/cleanpy/lib/python3.13/site-packages/numpy/lib/_nanfunctions_impl.py:2019: RuntimeWarning: Degrees of freedom <= 0 for slice.
  var = nanvar(a, axis=axis, dtype=dtype, out=out, ddof=ddof,
/oscar/data/deeps/private/bfoxkemp/jnickla1/Thorne_15_codefigurestats/Methods/43_Forcing_Based/1_ERF_FaIR/FaIR_nonat_method.py:96: RuntimeWarning: Mean of empty slice
  cdist = np.nanmean(dist)
/users/jnickla1/.conda/envs/cleanpy/lib/python3.13/site-packages/numpy/lib/_nanfunctions_impl.py:2019: RuntimeWarning: Degrees of freedom <= 0 for slice.
  var = nanvar(a, axis=axis, dtype=dtype, out=out, ddof=ddof,
/oscar/data/deeps/private/bfoxkemp/jnickla1/Thorne_15_codefigurestats/Methods/43_Forcing_Based/1_ERF_FaIR/FaIR_nonat_method.py:96: RuntimeWarning: Mean of empty slice
  cdist = np.nanmean(dist)
/oscar/data/deeps/private/bfoxkemp/jnickla1/Thorne_15_codefigurestats/fut_evaluation_script.py:427: RuntimeWarning: Mean of empty slice
  evalmean = np.nanmean(diffcross) #if crossing multiple times take the mean
/oscar/data/deeps/private/bfoxkemp/jnickla1/Thorne_15_codefigurestats/Methods/43_Forcing_Based/1_ERF_FaIR/FaIR_anthro_unB_method.py:89: RuntimeWarning: Mean of empty slice
  return np.nanmean(samp_cur[year_idx-1850, :], axis = 1)
/users/jnickla1/.conda/envs/cleanpy/lib/python3.13/site-packages/numpy/lib/_nanfunctions_impl.py:2019: RuntimeWarning: Degrees of freedom <= 0 for slice.
  var = nanvar(a, axis=axis, dtype=dtype, out=out, ddof=ddof,
/oscar/data/deeps/private/bfoxkemp/jnickla1/Thorne_15_codefigurestats/Methods/43_Forcing_Based/1_ERF_FaIR/FaIR_anthro_unB_method.py:117: RuntimeWarning: Mean of empty slice
  cdist = np.nanmean(dist)
/oscar/data/deeps/private/bfoxkemp/jnickla1/Thorne_15_codefigurestats/Methods/43_Forcing_Based/1_ERF_FaIR/FaIR_nonat_method.py:68: RuntimeWarning: Mean of empty slice
  return np.nanmean(samp_cur[year_idx-1850, :], axis = 1)
/users/jnickla1/.conda/envs/cleanpy/lib/python3.13/site-packages/numpy/lib/_nanfunctions_impl.py:2019: RuntimeWarning: Degrees of freedom <= 0 for slice.
  var = nanvar(a, axis=axis, dtype=dtype, out=out, ddof=ddof,
/oscar/data/deeps/private/bfoxkemp/jnickla1/Thorne_15_codefigurestats/Methods/43_Forcing_Based/1_ERF_FaIR/FaIR_nonat_method.py:96: RuntimeWarning: Mean of empty slice
  cdist = np.nanmean(dist)
/oscar/data/deeps/private/bfoxkemp/jnickla1/Thorne_15_codefigurestats/Methods/43_Forcing_Based/1_ERF_FaIR/FaIR_nonat_method.py:68: RuntimeWarning: Mean of empty slice
  return np.nanmean(samp_cur[year_idx-1850, :], axis = 1)
/users/jnickla1/.conda/envs/cleanpy/lib/python3.13/site-packages/numpy/lib/_nanfunctions_impl.py:2019: RuntimeWarning: Degrees of freedom <= 0 for slice.
  var = nanvar(a, axis=axis, dtype=dtype, out=out, ddof=ddof,
/oscar/data/deeps/private/bfoxkemp/jnickla1/Thorne_15_codefigurestats/Methods/43_Forcing_Based/1_ERF_FaIR/FaIR_nonat_method.py:96: RuntimeWarning: Mean of empty slice
  cdist = np.nanmean(dist)
/oscar/data/deeps/private/bfoxkemp/jnickla1/Thorne_15_codefigurestats/Methods/43_Forcing_Based/1_ERF_FaIR/FaIR_nonat_unB_method.py:92: RuntimeWarning: Mean of empty slice
  return np.nanmean(samp_cur[year_idx-1850, :], axis = 1)
/users/jnickla1/.conda/envs/cleanpy/lib/python3.13/site-packages/numpy/lib/_nanfunctions_impl.py:2019: RuntimeWarning: Degrees of freedom <= 0 for slice.
  var = nanvar(a, axis=axis, dtype=dtype, out=out, ddof=ddof,
/oscar/data/deeps/private/bfoxkemp/jnickla1/Thorne_15_codefigurestats/Methods/43_Forcing_Based/1_ERF_FaIR/FaIR_nonat_unB_method.py:120: RuntimeWarning: Mean of empty slice
  cdist = np.nanmean(dist)
/oscar/data/deeps/private/bfoxkemp/jnickla1/Thorne_15_codefigurestats/Methods/43_Forcing_Based/1_ERF_FaIR/FaIR_nonat_unB_method.py:92: RuntimeWarning: Mean of empty slice
  return np.nanmean(samp_cur[year_idx-1850, :], axis = 1)
/users/jnickla1/.conda/envs/cleanpy/lib/python3.13/site-packages/numpy/lib/_nanfunctions_impl.py:2019: RuntimeWarning: Degrees of freedom <= 0 for slice.
  var = nanvar(a, axis=axis, dtype=dtype, out=out, ddof=ddof,
/oscar/data/deeps/private/bfoxkemp/jnickla1/Thorne_15_codefigurestats/Methods/43_Forcing_Based/1_ERF_FaIR/FaIR_nonat_unB_method.py:120: RuntimeWarning: Mean of empty slice
  cdist = np.nanmean(dist)
/oscar/data/deeps/private/bfoxkemp/jnickla1/Thorne_15_codefigurestats/Methods/43_Forcing_Based/1_ERF_FaIR/FaIR_nonat_unB_method.py:92: RuntimeWarning: Mean of empty slice
  return np.nanmean(samp_cur[year_idx-1850, :], axis = 1)
/users/jnickla1/.conda/envs/cleanpy/lib/python3.13/site-packages/numpy/lib/_nanfunctions_impl.py:2019: RuntimeWarning: Degrees of freedom <= 0 for slice.
  var = nanvar(a, axis=axis, dtype=dtype, out=out, ddof=ddof,
/oscar/data/deeps/private/bfoxkemp/jnickla1/Thorne_15_codefigurestats/Methods/43_Forcing_Based/1_ERF_FaIR/FaIR_nonat_unB_method.py:120: RuntimeWarning: Mean of empty slice
  cdist = np.nanmean(dist)
/oscar/data/deeps/private/bfoxkemp/jnickla1/Thorne_15_codefigurestats/Methods/43_Forcing_Based/1_ERF_FaIR/FaIR_nonat_unB_method.py:92: RuntimeWarning: Mean of empty slice
  return np.nanmean(samp_cur[year_idx-1850, :], axis = 1)
/users/jnickla1/.conda/envs/cleanpy/lib/python3.13/site-packages/numpy/lib/_nanfunctions_impl.py:2019: RuntimeWarning: Degrees of freedom <= 0 for slice.
  var = nanvar(a, axis=axis, dtype=dtype, out=out, ddof=ddof,
/oscar/data/deeps/private/bfoxkemp/jnickla1/Thorne_15_codefigurestats/Methods/43_Forcing_Based/1_ERF_FaIR/FaIR_nonat_unB_method.py:120: RuntimeWarning: Mean of empty slice
  cdist = np.nanmean(dist)
/oscar/data/deeps/private/bfoxkemp/jnickla1/Thorne_15_codefigurestats/Methods/43_Forcing_Based/1_ERF_FaIR/FaIR_nonat_method.py:68: RuntimeWarning: Mean of empty slice
  return np.nanmean(samp_cur[year_idx-1850, :], axis = 1)
/users/jnickla1/.conda/envs/cleanpy/lib/python3.13/site-packages/numpy/lib/_nanfunctions_impl.py:2019: RuntimeWarning: Degrees of freedom <= 0 for slice.
  var = nanvar(a, axis=axis, dtype=dtype, out=out, ddof=ddof,
/oscar/data/deeps/private/bfoxkemp/jnickla1/Thorne_15_codefigurestats/Methods/43_Forcing_Based/1_ERF_FaIR/FaIR_nonat_method.py:96: RuntimeWarning: Mean of empty slice
  cdist = np.nanmean(dist)
/oscar/data/deeps/private/bfoxkemp/jnickla1/Thorne_15_codefigurestats/Methods/43_Forcing_Based/1_ERF_FaIR/FaIR_all_method.py:68: RuntimeWarning: Mean of empty slice
  return np.nanmean(samp_cur[year_idx-1850, :], axis = 1)
/users/jnickla1/.conda/envs/cleanpy/lib/python3.13/site-packages/numpy/lib/_nanfunctions_impl.py:2019: RuntimeWarning: Degrees of freedom <= 0 for slice.
  var = nanvar(a, axis=axis, dtype=dtype, out=out, ddof=ddof,
/oscar/data/deeps/private/bfoxkemp/jnickla1/Thorne_15_codefigurestats/Methods/43_Forcing_Based/1_ERF_FaIR/FaIR_all_method.py:96: RuntimeWarning: Mean of empty slice
  cdist = np.nanmean(dist)
/oscar/data/deeps/private/bfoxkemp/jnickla1/Thorne_15_codefigurestats/Methods/43_Forcing_Based/1_ERF_FaIR/FaIR_all_method.py:68: RuntimeWarning: Mean of empty slice
  return np.nanmean(samp_cur[year_idx-1850, :], axis = 1)
/users/jnickla1/.conda/envs/cleanpy/lib/python3.13/site-packages/numpy/lib/_nanfunctions_impl.py:2019: RuntimeWarning: Degrees of freedom <= 0 for slice.
  var = nanvar(a, axis=axis, dtype=dtype, out=out, ddof=ddof,
/oscar/data/deeps/private/bfoxkemp/jnickla1/Thorne_15_codefigurestats/Methods/43_Forcing_Based/1_ERF_FaIR/FaIR_all_method.py:96: RuntimeWarning: Mean of empty slice
  cdist = np.nanmean(dist)
/oscar/data/deeps/private/bfoxkemp/jnickla1/Thorne_15_codefigurestats/Methods/43_Forcing_Based/1_ERF_FaIR/FaIR_all_method.py:68: RuntimeWarning: Mean of empty slice
  return np.nanmean(samp_cur[year_idx-1850, :], axis = 1)
/users/jnickla1/.conda/envs/cleanpy/lib/python3.13/site-packages/numpy/lib/_nanfunctions_impl.py:2019: RuntimeWarning: Degrees of freedom <= 0 for slice.
  var = nanvar(a, axis=axis, dtype=dtype, out=out, ddof=ddof,
/oscar/data/deeps/private/bfoxkemp/jnickla1/Thorne_15_codefigurestats/Methods/43_Forcing_Based/1_ERF_FaIR/FaIR_all_method.py:96: RuntimeWarning: Mean of empty slice
  cdist = np.nanmean(dist)
/oscar/data/deeps/private/bfoxkemp/jnickla1/Thorne_15_codefigurestats/fut_evaluation_script.py:427: RuntimeWarning: Mean of empty slice
  evalmean = np.nanmean(diffcross) #if crossing multiple times take the mean
/oscar/data/deeps/private/bfoxkemp/jnickla1/Thorne_15_codefigurestats/fut_evaluation_script.py:427: RuntimeWarning: Mean of empty slice
  evalmean = np.nanmean(diffcross) #if crossing multiple times take the mean
/oscar/data/deeps/private/bfoxkemp/jnickla1/Thorne_15_codefigurestats/fut_evaluation_script.py:464: RuntimeWarning: Mean of empty slice
  evalmean = np.nanmean(diffcrossE) #if crossing multiple times take the mean
/oscar/data/deeps/private/bfoxkemp/jnickla1/Thorne_15_codefigurestats/Methods/43_Forcing_Based/1_ERF_FaIR/FaIR_all_method.py:68: RuntimeWarning: Mean of empty slice
  return np.nanmean(samp_cur[year_idx-1850, :], axis = 1)
/users/jnickla1/.conda/envs/cleanpy/lib/python3.13/site-packages/numpy/lib/_nanfunctions_impl.py:2019: RuntimeWarning: Degrees of freedom <= 0 for slice.
  var = nanvar(a, axis=axis, dtype=dtype, out=out, ddof=ddof,
/oscar/data/deeps/private/bfoxkemp/jnickla1/Thorne_15_codefigurestats/Methods/43_Forcing_Based/1_ERF_FaIR/FaIR_all_method.py:96: RuntimeWarning: Mean of empty slice
  cdist = np.nanmean(dist)
/oscar/data/deeps/private/bfoxkemp/jnickla1/Thorne_15_codefigurestats/Methods/43_Forcing_Based/1_ERF_FaIR/FaIR_all_unB_method.py:90: RuntimeWarning: Mean of empty slice
  return np.nanmean(samp_cur[year_idx-1850, :], axis = 1)
/users/jnickla1/.conda/envs/cleanpy/lib/python3.13/site-packages/numpy/lib/_nanfunctions_impl.py:2019: RuntimeWarning: Degrees of freedom <= 0 for slice.
  var = nanvar(a, axis=axis, dtype=dtype, out=out, ddof=ddof,
/oscar/data/deeps/private/bfoxkemp/jnickla1/Thorne_15_codefigurestats/Methods/43_Forcing_Based/1_ERF_FaIR/FaIR_all_unB_method.py:118: RuntimeWarning: Mean of empty slice
  cdist = np.nanmean(dist)
/oscar/data/deeps/private/bfoxkemp/jnickla1/Thorne_15_codefigurestats/Methods/43_Forcing_Based/1_ERF_FaIR/FaIR_all_unB_method.py:90: RuntimeWarning: Mean of empty slice
  return np.nanmean(samp_cur[year_idx-1850, :], axis = 1)
/users/jnickla1/.conda/envs/cleanpy/lib/python3.13/site-packages/numpy/lib/_nanfunctions_impl.py:2019: RuntimeWarning: Degrees of freedom <= 0 for slice.
  var = nanvar(a, axis=axis, dtype=dtype, out=out, ddof=ddof,
/oscar/data/deeps/private/bfoxkemp/jnickla1/Thorne_15_codefigurestats/Methods/43_Forcing_Based/1_ERF_FaIR/FaIR_all_unB_method.py:118: RuntimeWarning: Mean of empty slice
  cdist = np.nanmean(dist)
/oscar/data/deeps/private/bfoxkemp/jnickla1/Thorne_15_codefigurestats/Methods/43_Forcing_Based/1_ERF_FaIR/FaIR_all_unB_method.py:90: RuntimeWarning: Mean of empty slice
  return np.nanmean(samp_cur[year_idx-1850, :], axis = 1)
/users/jnickla1/.conda/envs/cleanpy/lib/python3.13/site-packages/numpy/lib/_nanfunctions_impl.py:2019: RuntimeWarning: Degrees of freedom <= 0 for slice.
  var = nanvar(a, axis=axis, dtype=dtype, out=out, ddof=ddof,
/oscar/data/deeps/private/bfoxkemp/jnickla1/Thorne_15_codefigurestats/Methods/43_Forcing_Based/1_ERF_FaIR/FaIR_all_unB_method.py:118: RuntimeWarning: Mean of empty slice
  cdist = np.nanmean(dist)
/oscar/data/deeps/private/bfoxkemp/jnickla1/Thorne_15_codefigurestats/Methods/43_Forcing_Based/1_ERF_FaIR/FaIR_nonat_unB_method.py:92: RuntimeWarning: Mean of empty slice
  return np.nanmean(samp_cur[year_idx-1850, :], axis = 1)
/users/jnickla1/.conda/envs/cleanpy/lib/python3.13/site-packages/numpy/lib/_nanfunctions_impl.py:2019: RuntimeWarning: Degrees of freedom <= 0 for slice.
  var = nanvar(a, axis=axis, dtype=dtype, out=out, ddof=ddof,
/oscar/data/deeps/private/bfoxkemp/jnickla1/Thorne_15_codefigurestats/Methods/43_Forcing_Based/1_ERF_FaIR/FaIR_nonat_unB_method.py:120: RuntimeWarning: Mean of empty slice
  cdist = np.nanmean(dist)
/oscar/data/deeps/private/bfoxkemp/jnickla1/Thorne_15_codefigurestats/fut_evaluation_script.py:427: RuntimeWarning: Mean of empty slice
  evalmean = np.nanmean(diffcross) #if crossing multiple times take the mean
/oscar/data/deeps/private/bfoxkemp/jnickla1/Thorne_15_codefigurestats/Methods/43_Forcing_Based/1_ERF_FaIR/FaIR_comb_unB_method.py:152: RuntimeWarning: Mean of empty slice
  return np.nanmean(samp_cur[year_idx-1850, :], axis = 1)
/users/jnickla1/.conda/envs/cleanpy/lib/python3.13/site-packages/numpy/lib/_nanfunctions_impl.py:2019: RuntimeWarning: Degrees of freedom <= 0 for slice.
  var = nanvar(a, axis=axis, dtype=dtype, out=out, ddof=ddof,
/oscar/data/deeps/private/bfoxkemp/jnickla1/Thorne_15_codefigurestats/Methods/43_Forcing_Based/1_ERF_FaIR/FaIR_comb_unB_method.py:180: RuntimeWarning: Mean of empty slice
  cdist = np.nanmean(dist)
/oscar/data/deeps/private/bfoxkemp/jnickla1/Thorne_15_codefigurestats/Methods/43_Forcing_Based/1_ERF_FaIR/FaIR_all_unB_method.py:90: RuntimeWarning: Mean of empty slice
  return np.nanmean(samp_cur[year_idx-1850, :], axis = 1)
/users/jnickla1/.conda/envs/cleanpy/lib/python3.13/site-packages/numpy/lib/_nanfunctions_impl.py:2019: RuntimeWarning: Degrees of freedom <= 0 for slice.
  var = nanvar(a, axis=axis, dtype=dtype, out=out, ddof=ddof,
/oscar/data/deeps/private/bfoxkemp/jnickla1/Thorne_15_codefigurestats/Methods/43_Forcing_Based/1_ERF_FaIR/FaIR_all_unB_method.py:118: RuntimeWarning: Mean of empty slice
  cdist = np.nanmean(dist)
/oscar/data/deeps/private/bfoxkemp/jnickla1/Thorne_15_codefigurestats/Methods/43_Forcing_Based/1_ERF_FaIR/FaIR_comb_unB_method.py:152: RuntimeWarning: Mean of empty slice
  return np.nanmean(samp_cur[year_idx-1850, :], axis = 1)
/users/jnickla1/.conda/envs/cleanpy/lib/python3.13/site-packages/numpy/lib/_nanfunctions_impl.py:2019: RuntimeWarning: Degrees of freedom <= 0 for slice.
  var = nanvar(a, axis=axis, dtype=dtype, out=out, ddof=ddof,
/oscar/data/deeps/private/bfoxkemp/jnickla1/Thorne_15_codefigurestats/Methods/43_Forcing_Based/1_ERF_FaIR/FaIR_comb_unB_method.py:180: RuntimeWarning: Mean of empty slice
  cdist = np.nanmean(dist)
/oscar/data/deeps/private/bfoxkemp/jnickla1/Thorne_15_codefigurestats/Methods/43_Forcing_Based/1_ERF_FaIR/FaIR_comb_unB_method.py:152: RuntimeWarning: Mean of empty slice
  return np.nanmean(samp_cur[year_idx-1850, :], axis = 1)
/users/jnickla1/.conda/envs/cleanpy/lib/python3.13/site-packages/numpy/lib/_nanfunctions_impl.py:2019: RuntimeWarning: Degrees of freedom <= 0 for slice.
  var = nanvar(a, axis=axis, dtype=dtype, out=out, ddof=ddof,
/oscar/data/deeps/private/bfoxkemp/jnickla1/Thorne_15_codefigurestats/Methods/43_Forcing_Based/1_ERF_FaIR/FaIR_comb_unB_method.py:180: RuntimeWarning: Mean of empty slice
  cdist = np.nanmean(dist)
starting computation for fut_ESM1-2-LR_SSP126_constVolc
max_runs29
Model number:
28




Methods/42_Temp_Alone/1_Run_Means/cent10y_method.py
Methods/42_Temp_Alone/1_Run_Means/cent20y_method.py
Methods/42_Temp_Alone/1_Run_Means/cent21y_method.py
Methods/42_Temp_Alone/1_Run_Means/cent30y_method.py
Methods/42_Temp_Alone/1_Run_Means/lag10y_method.py
Methods/42_Temp_Alone/1_Run_Means/lag5y_method.py
Methods/42_Temp_Alone/1_Run_Means/offset11y_method.py
Methods/42_Temp_Alone/1_Run_Means/raw1y_method.py
Methods/43_Forcing_Based/1_ERF_FaIR/FaIR_all_method.py
Methods/43_Forcing_Based/1_ERF_FaIR/FaIR_all_unB_method.py
Methods/43_Forcing_Based/1_ERF_FaIR/FaIR_anthro_method.py
Methods/43_Forcing_Based/1_ERF_FaIR/FaIR_anthro_unB_method.py
Methods/43_Forcing_Based/1_ERF_FaIR/FaIR_comb_unB_method.py
Methods/43_Forcing_Based/1_ERF_FaIR/FaIR_nonat_method.py
Methods/43_Forcing_Based/1_ERF_FaIR/FaIR_nonat_unB_method.py
evaluating 6 of 0.1°C thresholds, starting at 1.1°C
11
FaIR_anthro sampled, d llike: 0.025248449409100315
FaIR_anthro sampled, d llike: -1.180631236979503
FaIR_anthro_unB sampled, d llike: 0.02941167970424119
FaIR_anthro_unB sampled, d llike: -0.9946240743442927
FaIR_nonat sampled, d llike: -0.02458339241300056
FaIR_nonat sampled, d llike: -0.08101383336553236
FaIR_nonat_unB sampled, d llike: -0.018024822645775318
FaIR_nonat_unB sampled, d llike: -0.07891753890110931
FaIR_all sampled, d llike: -2182.041390560251
FaIR_all sampled, d llike: -0.07424595025908676
FaIR_all_unB sampled, d llike: -0.010238714243499869
FaIR_all_unB sampled, d llike: -0.05571233580586876
FaIR_comb_unB sampled, d llike: -0.01593844911481823
FaIR_comb_unB sampled, d llike: 0.13607022845140632
        method_name    method_class c/r  smooth_r  avg_unc.(1se)  #q<0.5  #q<0.1   log-likeli       RMS      bias         tlog-l       100log-l    100RMS     75RMS   100bias       l15  l20    bias50   Edyrs15  Edyrs20    Mdyrs15  Mdyrs20   Fdyrs15  Fdyrs20    EdyrsA   RMSyrsA  ncEdyrs      e100log-l   e100RMS    e75RMS  e100bias       el15  el20   ebias50   eEdyrs15  eEdyrs20   eMdyrs15  eMdyrs20   eFdyrs15  eFdyrs20   eEdyrsA  eRMSyrsA  nceEdyrs
21    FaIR_comb_unB   43/1_ERF_FaIR   c     2.091       0.073404       0       0     1.338437  0.060265 -0.008059     210.134545     132.102882  0.050193  0.039769  0.025188  4.904203  0.0 -0.009421 -3.083333       -1  -3.083333       -1 -3.083333       -1 -1.467593  4.812388      8.0     130.109097  0.055148  0.049656  0.039253   4.597726   0.0  0.004788  -6.666667        -1  -6.666667        -1  -6.666667        -1 -3.273148  3.273148       8.0
15   FaIR_nonat_unB   43/1_ERF_FaIR   c     2.075       0.083198       0       0     1.265026  0.062290 -0.007628     203.669244     125.937989  0.048205  0.040826  0.021955  4.278191  0.0 -0.012027 -3.000000       -1  -3.000000       -1 -3.000000       -1 -1.343750  4.912612      9.0     124.518380  0.053599  0.050255  0.036020   4.216193   0.0  0.002182  -6.583333        -1  -6.583333        -1  -6.583333        -1 -3.149306  3.149306       9.0
11  FaIR_anthro_unB   43/1_ERF_FaIR   c     1.866       0.085778      26       0     1.030513  0.080156 -0.027755     165.912655     125.786655  0.045337  0.041853  0.018916  3.653506  0.0 -0.012717 -2.250000       -1  -2.250000       -1 -2.250000       -1 -0.809028  5.415605      9.0     126.183048  0.050953  0.050731  0.032980   3.860967   0.0  0.001492  -5.833333        -1  -5.833333        -1  -5.833333        -1 -2.614583  2.614583       9.0
9       FaIR_anthro   43/1_ERF_FaIR   c     1.881       0.085782       0       0     1.063894  0.077876 -0.020261     171.286945     125.096444  0.048934  0.043925  0.026409  3.776156  0.0 -0.005207 -3.666667       -1  -3.666667       -1 -3.666667       -1 -1.652778  4.877314      8.0     123.922257  0.056087  0.055457  0.040473   3.792096   0.0  0.009002  -7.250000        -1  -7.250000        -1  -7.250000        -1 -3.458333  3.458333       8.0
19     FaIR_all_unB   43/1_ERF_FaIR   c     3.309       0.085979       0       0     1.151091  0.075382 -0.002512     185.325600     113.446380  0.065670  0.046148  0.030173  4.246080  0.0 -0.019590 -3.833333       -1  -3.833333       -1 -3.833333       -1 -2.548611  5.030261      9.0     113.122155  0.069040  0.054492  0.044237   4.214451   0.0 -0.005381  -7.416667        -1  -7.416667        -1  -7.416667        -1 -3.730556  3.730556      10.0
13       FaIR_nonat   43/1_ERF_FaIR   c     2.116       0.103835       0       0     1.126461  0.064067 -0.005795     181.360225     110.190105  0.050802  0.042221  0.027175  3.432321  0.0 -0.006846 -3.500000       -1  -3.500000       -1 -3.500000       -1 -1.625000  4.855195      8.0     108.848934  0.057250  0.053558  0.041239   3.369232   0.0  0.007363  -7.083333        -1  -7.083333        -1  -7.083333        -1 -3.430556  3.430556       8.0
2             raw1y  42/1_Run_Means   c    32.203       0.117066       0       0     0.792669  0.107183  0.000130     183.106443      66.193173  0.116425  0.111486  0.003899  1.707265  0.0 -0.013156  5.888889       -1  19.083333       -1 -5.083333       -1  0.103340  2.990627     27.6      63.776445  0.119125  0.115827  0.017964   3.134187   0.0  0.001053   2.305556        -1  15.500000        -1  -8.666667        -1 -0.780478  0.780478      29.6
0            lag10y  42/1_Run_Means   c     3.169       0.035513     140      44     0.697076  0.060326 -0.029301     161.024541      23.135808  0.062795  0.053463 -0.033544  6.652416  0.0  0.009868  2.916667       -1   2.916667       -1  2.916667       -1  3.937500  4.163645      7.0      43.547696  0.061585  0.047107 -0.019479  12.620402   0.0  0.024077  -0.666667        -1  -0.666667        -1  -0.666667        -1  2.131944  2.131944       7.0
1             lag5y  42/1_Run_Means   c     6.160       0.043611      72      26     0.621724  0.061657 -0.012674     143.618136     -42.251132  0.066067  0.059785 -0.010313  7.737891  0.0  0.003393  2.666667       -1   6.916667       -1 -1.583333       -1  2.013889  2.822180      9.2     -57.675907  0.068352  0.062841  0.003751   7.174304   0.0  0.017602  -0.916667        -1  -5.166667        -1  -5.166667        -1  1.381944  1.381944      10.2
8         offset11y  42/1_Run_Means   c     2.812       0.034456     183     123    -2.076139  0.094662  0.077435    -479.588109    -131.832588  0.090556  0.103622  0.072134  4.579493  0.0  0.120412 -1.250000       -1  -1.250000       -1 -1.250000       -1 -2.541667  4.353186      6.0    -258.916293  0.104733  0.120675  0.086199   0.040412   0.0  0.134621  -4.833333        -1  -4.833333        -1  -4.833333        -1 -4.347222  4.347222       6.0
17         FaIR_all   43/1_ERF_FaIR   c     3.055       0.005577     154     137 -2382.970483  0.086352  0.031766 -383658.247689 -291923.548829  0.086383  0.060295  0.063688  0.000000  0.0  0.013929 -6.583333       -1  -6.583333       -1 -6.583333       -1 -6.652778  6.690842      6.0 -339763.140595  0.094112  0.076979  0.077752   0.000000   0.0  0.028138 -10.166667        -1 -10.166667        -1 -10.166667        -1 -8.458333  8.458333       6.0
4.2998160720000005
finished this run
/oscar/data/deeps/private/bfoxkemp/jnickla1/Thorne_15_codefigurestats/Methods/43_Forcing_Based/1_ERF_FaIR/FaIR_all_method.py:68: RuntimeWarning: Mean of empty slice
  return np.nanmean(samp_cur[year_idx-1850, :], axis = 1)
/users/jnickla1/.conda/envs/cleanpy/lib/python3.13/site-packages/numpy/lib/_nanfunctions_impl.py:2019: RuntimeWarning: Degrees of freedom <= 0 for slice.
  var = nanvar(a, axis=axis, dtype=dtype, out=out, ddof=ddof,
/oscar/data/deeps/private/bfoxkemp/jnickla1/Thorne_15_codefigurestats/Methods/43_Forcing_Based/1_ERF_FaIR/FaIR_all_method.py:96: RuntimeWarning: Mean of empty slice
  cdist = np.nanmean(dist)
/oscar/data/deeps/private/bfoxkemp/jnickla1/Thorne_15_codefigurestats/Methods/43_Forcing_Based/1_ERF_FaIR/FaIR_comb_unB_method.py:152: RuntimeWarning: Mean of empty slice
  return np.nanmean(samp_cur[year_idx-1850, :], axis = 1)
/users/jnickla1/.conda/envs/cleanpy/lib/python3.13/site-packages/numpy/lib/_nanfunctions_impl.py:2019: RuntimeWarning: Degrees of freedom <= 0 for slice.
  var = nanvar(a, axis=axis, dtype=dtype, out=out, ddof=ddof,
/oscar/data/deeps/private/bfoxkemp/jnickla1/Thorne_15_codefigurestats/Methods/43_Forcing_Based/1_ERF_FaIR/FaIR_comb_unB_method.py:180: RuntimeWarning: Mean of empty slice
  cdist = np.nanmean(dist)
starting computation for fut_NorESM_RCP45_VolcConst
max_runs29
Model number:
28




Methods/42_Temp_Alone/1_Run_Means/cent10y_method.py
Methods/42_Temp_Alone/1_Run_Means/cent20y_method.py
Methods/42_Temp_Alone/1_Run_Means/cent21y_method.py
Methods/42_Temp_Alone/1_Run_Means/cent30y_method.py
Methods/42_Temp_Alone/1_Run_Means/lag10y_method.py
Methods/42_Temp_Alone/1_Run_Means/lag5y_method.py
Methods/42_Temp_Alone/1_Run_Means/offset11y_method.py
Methods/42_Temp_Alone/1_Run_Means/raw1y_method.py
Methods/43_Forcing_Based/1_ERF_FaIR/FaIR_all_method.py
Methods/43_Forcing_Based/1_ERF_FaIR/FaIR_all_unB_method.py
Methods/43_Forcing_Based/1_ERF_FaIR/FaIR_anthro_method.py
Methods/43_Forcing_Based/1_ERF_FaIR/FaIR_anthro_unB_method.py
Methods/43_Forcing_Based/1_ERF_FaIR/FaIR_comb_unB_method.py
Methods/43_Forcing_Based/1_ERF_FaIR/FaIR_nonat_method.py
Methods/43_Forcing_Based/1_ERF_FaIR/FaIR_nonat_unB_method.py
evaluating 14 of 0.1°C thresholds, starting at 1.1°C
11
FaIR_anthro sampled, d llike: -0.27697017389007605
FaIR_anthro sampled, d llike: -80.32310509052375
FaIR_anthro_unB sampled, d llike: 0.017847006063035464
FaIR_anthro_unB sampled, d llike: -14.32012522740315
FaIR_nonat sampled, d llike: 0.046870589148589575
FaIR_nonat sampled, d llike: 0.19042020651474167
FaIR_nonat_unB sampled, d llike: 0.010187434045355714
FaIR_nonat_unB sampled, d llike: 0.013419430874684557
FaIR_all sampled, d llike: -15762.647033935917
FaIR_all sampled, d llike: 0.16680052345462026
FaIR_all_unB sampled, d llike: -0.025171723101585775
FaIR_all_unB sampled, d llike: -0.031657176613883675
FaIR_comb_unB sampled, d llike: -0.005201521171813939
FaIR_comb_unB sampled, d llike: 0.06419686415971566
        method_name    method_class c/r  smooth_r  avg_unc.(1se)  #q<0.5  #q<0.1    log-likeli       RMS      bias        tlog-l      100log-l    100RMS     75RMS   100bias        l15       l20    bias50   Edyrs15    Edyrs20   Mdyrs15    Mdyrs20   Fdyrs15    Fdyrs20     EdyrsA    RMSyrsA  ncEdyrs     e100log-l   e100RMS    e75RMS  e100bias       el15      el20   ebias50      eEdyrs15   eEdyrs20      eMdyrs15   eMdyrs20      eFdyrs15   eFdyrs20    eEdyrsA   eRMSyrsA  nceEdyrs
8         offset11y  42/1_Run_Means   c     2.763       0.030662     175     113     -1.320533  0.084027  0.064161 -3.037226e+02  1.417786e+02  0.038286  0.040231  0.019680  10.214340  9.983072  0.037985  0.750000  -0.666667  0.750000  -0.666667  0.750000  -0.666667  -1.130952   1.872684       14 -3.813811e+01  0.063153  0.066912  0.049247   6.043233  5.692353  0.066694 -1.083333e+00  -1.333333 -1.083333e+00  -1.333333 -1.083333e+00  -1.333333  -2.673077   2.673077        13
21    FaIR_comb_unB   43/1_ERF_FaIR   c     3.437       0.081580       0       0      1.220529  0.067926 -0.043411  1.904025e+02  1.268078e+02  0.036642  0.035950 -0.019725   4.613093  4.222636 -0.037910  0.250000   0.333333  0.250000   0.333333  0.250000   0.333333   1.375000   3.140162       14  1.289471e+02  0.031671  0.028259  0.009842   3.946027  4.428397 -0.009201 -1.583333e+00  -0.333333 -1.583333e+00  -0.333333 -1.583333e+00  -0.333333  -0.923077   0.923077        13
15   FaIR_nonat_unB   43/1_ERF_FaIR   c     3.527       0.093129       7       0      0.991809  0.088339 -0.058251  1.586895e+02  1.163413e+02  0.037546  0.036643 -0.020245   4.163203  3.693843 -0.040576  0.416667   0.916667  0.416667   0.916667  0.416667   0.916667   1.291667   2.825005       14  1.178915e+02  0.033554  0.029354  0.009322   3.494816  3.908947 -0.011867 -1.416667e+00   0.250000 -1.416667e+00   0.250000 -1.416667e+00   0.250000  -0.852564   0.852564        13
19     FaIR_all_unB   43/1_ERF_FaIR   c     4.600       0.094275       0       0      1.144672  0.067679 -0.028998  1.831475e+02  1.132523e+02  0.042695  0.043912 -0.019216   3.942061  3.549212 -0.042259  0.500000  -0.666667  0.500000  -0.666667  0.500000  -0.666667   2.666667   7.237194       13  1.154545e+02  0.036068  0.033760  0.010352   3.392952  3.707175 -0.013550 -1.333333e+00  -1.333333 -1.333333e+00  -1.333333 -1.333333e+00  -1.333333  -0.807692   0.807692        13
11  FaIR_anthro_unB   43/1_ERF_FaIR   c     2.492       0.098116      49       0      0.504765  0.111630 -0.073796  8.076242e+01  1.097716e+02  0.039340  0.038344 -0.015517   3.633341  3.501358 -0.041254 -0.166667   0.916667 -0.166667   0.916667 -0.166667   0.916667   1.178571   3.088959       14  1.087742e+02  0.039635  0.035027  0.014051   3.462882  3.577704 -0.012546 -2.000000e+00   0.250000 -2.000000e+00   0.250000 -2.000000e+00   0.250000  -0.955128   0.955128        13
2             raw1y  42/1_Run_Means   c    33.327       0.101378       0       0      0.962378  0.090421  0.000564  2.213470e+02  1.011521e+02  0.075981  0.076141  0.006887   3.757099  4.253018  0.006639 -0.500000   1.625000 -0.500000   6.916667 -0.500000  -3.666667   0.693948   2.088396       38  9.376526e+01  0.084737  0.086759  0.036455   2.802167  1.790757  0.035348 -2.333333e+00   0.958333 -2.333333e+00   6.250000 -2.333333e+00  -4.333333  -1.111645   1.111645        34
1             lag5y  42/1_Run_Means   c     6.659       0.036777     123      24      0.805836  0.059193 -0.017450  1.853422e+02  8.817008e+01  0.050311  0.050522 -0.029748   2.737080  8.418736 -0.022967  1.833333  -1.083333  1.833333  -1.083333  1.833333  -1.083333   1.986111   2.350413       20  1.100013e+02  0.044875  0.046522 -0.000181  12.050577  1.071687  0.005742  1.439275e-10  -1.750000  1.439275e-10  -1.750000  1.439275e-10  -1.750000   0.238248   0.238248        18
9       FaIR_anthro   43/1_ERF_FaIR   c     2.509       0.098126     149      31     -1.703903  0.198456 -0.179884 -2.726245e+02  4.919441e+01  0.126823  0.130401 -0.121559   2.045395  2.048896 -0.147324  5.166667   9.250000  5.166667   9.250000  5.166667   9.250000   8.669643  10.678408       14  7.322484e+01  0.099179  0.100415 -0.091991   2.351423  1.985232 -0.118616  3.333333e+00   8.583333  3.333333e+00   8.583333  3.333333e+00   8.583333   5.657051   5.657051        14
13       FaIR_nonat   43/1_ERF_FaIR   c     3.482       0.116270     151       0     -0.171804  0.189812 -0.176749 -2.748860e+01  4.825459e+01  0.137508  0.140160 -0.133828   1.960611  1.939946 -0.154161  5.666667   9.750000  5.666667   9.750000  5.666667   9.750000   9.303571  11.091096       13  6.706769e+01  0.109121  0.109601 -0.104260   2.182925  2.012141 -0.125452  3.833333e+00   9.083333  3.833333e+00   9.083333  3.833333e+00   9.083333   6.339744   6.339744        13
0            lag10y  42/1_Run_Means   c     3.084       0.031358     151      91      0.073085  0.066189 -0.041140  1.680965e+01 -1.756160e+02  0.086961  0.081155 -0.080489   0.008154  1.094609 -0.064035  4.166667   2.666667  4.166667   2.666667  4.166667   2.666667   4.894841   5.000832       16  3.185428e+01  0.064831  0.056340 -0.050921   1.861250  4.409266 -0.035326  2.333333e+00   2.000000  2.333333e+00   2.000000  2.333333e+00   2.000000   3.160256   3.160256        13
17         FaIR_all   43/1_ERF_FaIR   c     4.650       0.005586     160     160 -17196.786709  0.214707 -0.201981 -2.751486e+06 -1.458100e+06  0.207118  0.211333 -0.203587   0.000000  0.000000 -0.226602  8.500000  15.250000  8.500000  16.083333  8.500000  14.416667  13.738095  15.338994       12 -1.055919e+06  0.177411  0.179625 -0.174020   0.000000  0.000000 -0.197893  6.666667e+00  14.583333  6.666667e+00  15.416667  6.666667e+00  13.750000  11.589744  11.589744        12
4.501727021
finished this run
starting computation for fut_NorESM_RCP45_Volc
max_runs29
Model number:
28




Methods/42_Temp_Alone/1_Run_Means/cent10y_method.py
Methods/42_Temp_Alone/1_Run_Means/cent20y_method.py
Methods/42_Temp_Alone/1_Run_Means/cent21y_method.py
Methods/42_Temp_Alone/1_Run_Means/cent30y_method.py
Methods/42_Temp_Alone/1_Run_Means/lag10y_method.py
Methods/42_Temp_Alone/1_Run_Means/lag5y_method.py
Methods/42_Temp_Alone/1_Run_Means/offset11y_method.py
Methods/42_Temp_Alone/1_Run_Means/raw1y_method.py
Methods/43_Forcing_Based/1_ERF_FaIR/FaIR_all_method.py
Methods/43_Forcing_Based/1_ERF_FaIR/FaIR_all_unB_method.py
Methods/43_Forcing_Based/1_ERF_FaIR/FaIR_anthro_method.py
Methods/43_Forcing_Based/1_ERF_FaIR/FaIR_anthro_unB_method.py
Methods/43_Forcing_Based/1_ERF_FaIR/FaIR_comb_unB_method.py
Methods/43_Forcing_Based/1_ERF_FaIR/FaIR_nonat_method.py
Methods/43_Forcing_Based/1_ERF_FaIR/FaIR_nonat_unB_method.py
evaluating 14 of 0.1°C thresholds, starting at 1.1°C
11
FaIR_anthro sampled, d llike: -0.7258544300567169
FaIR_anthro sampled, d llike: -77.81707159753533
FaIR_anthro_unB sampled, d llike: 0.056661982219798235
FaIR_anthro_unB sampled, d llike: -13.562628187632114
FaIR_nonat sampled, d llike: 0.0362710742581383
FaIR_nonat sampled, d llike: 0.14187344164419502
FaIR_nonat_unB sampled, d llike: 0.0055303908929609236
FaIR_nonat_unB sampled, d llike: -0.0040125318271323485
FaIR_all sampled, d llike: -24163.6987872867
FaIR_all sampled, d llike: -0.0710940089023091
FaIR_all_unB sampled, d llike: -0.3757039917727211
FaIR_all_unB sampled, d llike: -0.030559072244012664
FaIR_comb_unB sampled, d llike: 0.005802002424039943
FaIR_comb_unB sampled, d llike: 0.06998559620088055
        method_name    method_class c/r  smooth_r  avg_unc.(1se)  #q<0.5  #q<0.1    log-likeli       RMS      bias        tlog-l      100log-l    100RMS     75RMS   100bias        l15        l20    bias50       Edyrs15    Edyrs20       Mdyrs15    Mdyrs20       Fdyrs15    Fdyrs20     EdyrsA    RMSyrsA  ncEdyrs     e100log-l   e100RMS    e75RMS  e100bias       el15      el20   ebias50  eEdyrs15  eEdyrs20   eMdyrs15   eMdyrs20  eFdyrs15   eFdyrs20   eEdyrsA  eRMSyrsA  nceEdyrs
15   FaIR_nonat_unB   43/1_ERF_FaIR   c     3.125       0.091545       4       0      0.936844  0.094677 -0.056498  1.498951e+02  1.061840e+02  0.061935  0.067211 -0.019336   3.869731   2.567328 -0.057932 -2.500000e-01   3.833333 -2.500000e-01   3.833333 -2.500000e-01   3.833333   1.071429   3.573075     14.0  1.055839e+02  0.065043  0.070428  0.024281   1.612392  3.594907  0.005653 -5.083333  1.083333  -5.083333   1.083333 -5.083333   1.083333 -1.923077  1.923077      13.0
21    FaIR_comb_unB   43/1_ERF_FaIR   c     4.101       0.079950       0       0      1.082938  0.081046 -0.049126  1.689383e+02  1.004202e+02  0.071576  0.061547 -0.031720   4.454923   2.784978 -0.048132 -2.500000e-01   3.416667 -2.500000e-01   3.416667 -2.500000e-01   3.416667   1.354167   3.023736     15.0  9.613128e+01  0.078021  0.070860  0.011897   1.278880  3.982032  0.015453 -5.083333  0.666667  -5.083333   0.666667 -5.083333   0.666667 -1.522436  1.522436      14.0
8         offset11y  42/1_Run_Means   c     2.754       0.033399     173     125     -1.502333  0.086097  0.063181 -3.455366e+02  9.956301e+01  0.048755  0.047853  0.016644  11.236213  10.593085  0.029956  2.500000e-01  -0.750000  2.500000e-01  -0.750000  2.500000e-01  -0.750000  -1.178571   3.390726     14.0 -2.967878e+02  0.090880  0.103605  0.060261   0.023034  0.132020  0.093541 -4.583333 -3.500000  -4.583333  -3.500000 -4.583333  -3.500000 -3.519231  3.519231      13.0
11  FaIR_anthro_unB   43/1_ERF_FaIR   c     2.623       0.096511      45       0      0.528123  0.116171 -0.075532  8.449974e+01  9.952657e+01  0.062610  0.067599 -0.021351   3.379982   2.659163 -0.059577  1.400622e-10   3.500000  1.400622e-10   4.083333  1.400622e-10   2.916667   1.255952   3.765905     15.0  1.026029e+02  0.064432  0.068698  0.022266   1.843965  3.174783  0.004008 -4.833333  0.750000  -4.833333   1.333333 -4.833333   0.166667 -1.807692  1.807692      14.0
2             raw1y  42/1_Run_Means   c    31.583       0.114587       4       0      0.808785  0.104830 -0.000239  1.860205e+02  6.725810e+01  0.114038  0.108852  0.004302   1.884640   2.980646  0.012568  3.708333e+00  -2.944444  1.608333e+01  -7.333333 -4.583333e+00  -7.333333  -0.040575   2.769723     39.4  5.066256e+01  0.131197  0.131058  0.047919   2.198287  1.344345  0.076153 -1.125000 -5.694444  11.250000 -10.083333 -9.416667 -10.083333 -2.779274  2.779274      35.4
13       FaIR_nonat   43/1_ERF_FaIR   c     3.137       0.114342     137       0     -0.213161  0.191899 -0.175061 -3.410577e+01  4.315623e+01  0.145362  0.146385 -0.132928   2.039104   1.009795 -0.171494  3.833333e+00  10.250000  3.833333e+00  10.250000  3.833333e+00  10.250000   7.556548   8.640421     15.0  6.498674e+01  0.107777  0.090522 -0.089311   2.719322  1.719298 -0.107910 -1.000000  7.500000  -1.000000   7.500000 -1.000000   7.500000  4.298077  4.298077      14.0
9       FaIR_anthro   43/1_ERF_FaIR   c     2.613       0.096517     138      34     -2.176892  0.201882 -0.181570 -3.483026e+02  3.883584e+01  0.140344  0.141157 -0.127409   2.053631   0.976398 -0.165599  3.500000e+00  10.166667  3.500000e+00  10.166667  3.500000e+00  10.166667   7.434524   8.590583     14.0  6.445527e+01  0.103338  0.085471 -0.083792   3.018178  1.987268 -0.102015 -1.333333  7.416667  -1.333333   7.416667 -1.333333   7.416667  4.108974  4.108974      13.0
1             lag5y  42/1_Run_Means   c     6.064       0.039753     127      41      0.537272  0.070919 -0.018900  1.235725e+02  2.168758e+01  0.080794  0.074443 -0.033984   6.731933   0.701599 -0.019354  3.166667e+00   3.416667  3.166667e+00   3.416667  3.166667e+00   3.416667   1.688492   2.292364     19.0 -1.952171e+00  0.086789  0.082013  0.009633   1.527801  7.618807  0.044231 -1.666667  0.666667  -1.666667   0.666667 -1.666667   0.666667 -1.232906  1.232906      18.0
19     FaIR_all_unB   43/1_ERF_FaIR   c     7.748       0.092658       9       1      0.327013  0.119330 -0.045333  5.232213e+01 -2.021158e+01  0.139619  0.104799 -0.050058   3.373637   2.352223 -0.033749  7.291667e+00   3.166667  1.550000e+01   3.166667 -9.166667e-01   3.166667   3.398810   5.064416     20.2 -5.018602e+01  0.149045  0.116913 -0.006441   1.050564  3.514707  0.029836  2.458333  0.416667  10.666667   0.416667 -5.750000   0.416667  0.711538  0.711538      19.2
0            lag10y  42/1_Run_Means   c     2.969       0.034155     135      73      0.444033  0.070619 -0.042243  1.021275e+02 -9.501334e+01  0.096186  0.082995 -0.083839   0.034538   0.094970 -0.071219  4.250000e+00   4.583333  4.250000e+00   4.583333  4.250000e+00   4.583333   4.089286   4.433649     15.0  5.640793e+01  0.080273  0.056320 -0.040222  11.552532  4.383589 -0.007634 -0.583333  1.833333  -0.583333   1.833333 -0.583333   1.833333  1.083333  1.083333      14.0
17         FaIR_all   43/1_ERF_FaIR   c     7.672       0.005590     160     160 -26180.094400  0.248497 -0.218192 -4.188815e+06 -2.956497e+06  0.268240  0.232458 -0.234443   0.000000   0.000000 -0.218186  1.112500e+01  11.416667  1.716667e+01  11.416667  5.083333e+00  11.416667  12.827381  13.820786     18.2 -2.549039e+06  0.242054  0.185790 -0.190826  91.283146  0.000000 -0.154601  6.291667  8.666667  12.333333   8.666667  0.250000   8.666667  8.942308  8.942308      18.2
4.549388617
finished this run
starting computation for fut_ESM1-2-LR_SSP245_constVolc
max_runs29
Model number:
28




Methods/42_Temp_Alone/1_Run_Means/cent10y_method.py
Methods/42_Temp_Alone/1_Run_Means/cent20y_method.py
Methods/42_Temp_Alone/1_Run_Means/cent21y_method.py
Methods/42_Temp_Alone/1_Run_Means/cent30y_method.py
Methods/42_Temp_Alone/1_Run_Means/lag10y_method.py
Methods/42_Temp_Alone/1_Run_Means/lag5y_method.py
Methods/42_Temp_Alone/1_Run_Means/offset11y_method.py
Methods/42_Temp_Alone/1_Run_Means/raw1y_method.py
Methods/43_Forcing_Based/1_ERF_FaIR/FaIR_all_method.py
Methods/43_Forcing_Based/1_ERF_FaIR/FaIR_all_unB_method.py
Methods/43_Forcing_Based/1_ERF_FaIR/FaIR_anthro_method.py
Methods/43_Forcing_Based/1_ERF_FaIR/FaIR_anthro_unB_method.py
Methods/43_Forcing_Based/1_ERF_FaIR/FaIR_comb_unB_method.py
Methods/43_Forcing_Based/1_ERF_FaIR/FaIR_nonat_method.py
Methods/43_Forcing_Based/1_ERF_FaIR/FaIR_nonat_unB_method.py
evaluating 14 of 0.1°C thresholds, starting at 1.1°C
11
FaIR_anthro sampled, d llike: -0.0060313421164830405
FaIR_anthro sampled, d llike: -1.5261956919646165
FaIR_anthro_unB sampled, d llike: -0.002566626199134392
FaIR_anthro_unB sampled, d llike: -1.7794601749777408
FaIR_nonat sampled, d llike: -0.0492700208943877
FaIR_nonat sampled, d llike: -0.04516689681246344
FaIR_nonat_unB sampled, d llike: -0.0413278032595481
FaIR_nonat_unB sampled, d llike: -0.04659976500525431
FaIR_all sampled, d llike: -1905.3488430685784
FaIR_all sampled, d llike: -0.04117101367692433
FaIR_all_unB sampled, d llike: -0.027654214770031604
FaIR_all_unB sampled, d llike: -0.03385700047854967
FaIR_comb_unB sampled, d llike: -0.03755551499576204
FaIR_comb_unB sampled, d llike: -0.006688072879652118
        method_name    method_class c/r  smooth_r  avg_unc.(1se)  #q<0.5  #q<0.1   log-likeli       RMS      bias         tlog-l       100log-l    100RMS     75RMS   100bias        l15           l20    bias50       Edyrs15   Edyrs20       Mdyrs15    Mdyrs20       Fdyrs15   Fdyrs20    EdyrsA   RMSyrsA  ncEdyrs      e100log-l   e100RMS    e75RMS  e100bias      el15           el20   ebias50  eEdyrs15  eEdyrs20  eMdyrs15  eMdyrs20  eFdyrs15  eFdyrs20   eEdyrsA  eRMSyrsA  nceEdyrs
8         offset11y  42/1_Run_Means   c     2.816       0.034877     156      83    -0.839371  0.079821  0.058327    -193.894611     153.860910  0.040337  0.037851  0.023630  10.668772  3.990383e+00  0.042473  1.439275e-10 -1.166667  1.439275e-10  -1.166667  1.439275e-10 -1.166667 -0.848214  1.948398     15.0     115.725948  0.048638  0.050699  0.036968  4.416097   1.081335e+00  0.044369 -1.666667 -2.583333 -1.666667 -2.583333 -1.666667 -2.583333 -1.991071  1.991071      15.0
21    FaIR_comb_unB   43/1_ERF_FaIR   c     2.283       0.076689       0       0     1.342564  0.054442 -0.007025     210.782578     130.329333  0.041961  0.027571  0.023758   3.650999  4.759905e+00 -0.002117 -2.000000e+00  0.750000 -2.000000e+00   0.750000 -2.000000e+00  0.750000 -0.517857  1.673646     14.0     121.426822  0.056287  0.048711  0.037096  2.801811   4.794127e+00 -0.000221 -3.666667 -0.666667 -3.666667 -0.666667 -3.666667 -0.666667 -1.654762  1.654762      14.0
15   FaIR_nonat_unB   43/1_ERF_FaIR   c     2.217       0.086899       0       0     1.246440  0.057776 -0.007803     200.676797     124.004761  0.037581  0.027826  0.021337   3.228739  4.324205e+00 -0.000073 -1.916667e+00  0.833333 -1.916667e+00   0.833333 -1.916667e+00  0.833333 -0.458333  1.708261     14.0     116.336481  0.053517  0.048626  0.034675  2.808035   4.074008e+00  0.001823 -3.583333 -0.583333 -3.583333 -0.583333 -3.583333 -0.583333 -1.601190  1.601190      14.0
11  FaIR_anthro_unB   43/1_ERF_FaIR   c     1.703       0.090336       0       0     1.016676  0.074755 -0.025622     163.684824     120.771135  0.034316  0.028751  0.019854   3.299934  4.015671e+00 -0.000474 -2.166667e+00  0.416667 -2.166667e+00   0.416667 -2.166667e+00  0.416667 -0.467262  1.668786     15.0     114.806331  0.051963  0.050069  0.033192  2.690041   3.672806e+00  0.001423 -3.833333 -1.000000 -3.833333 -1.000000 -3.833333 -1.000000 -1.610119  1.610119      15.0
9       FaIR_anthro   43/1_ERF_FaIR   c     1.709       0.090365       0       0     1.035699  0.073386 -0.021462     166.747466     119.984103  0.036827  0.030703  0.023976   3.188322  3.940024e+00  0.003680 -2.500000e+00  0.083333 -2.500000e+00   0.083333 -2.500000e+00  0.083333 -0.693452  1.639246     15.0     113.428384  0.054672  0.052522  0.037314  2.561209   3.608856e+00  0.005576 -4.166667 -1.333333 -4.166667 -1.333333 -4.166667 -1.333333 -1.836310  1.836310      15.0
19     FaIR_all_unB   43/1_ERF_FaIR   c     3.592       0.089700       0       0     1.145952  0.070782 -0.003834     184.498283     113.583680  0.055437  0.032131  0.028982   3.111117  4.126935e+00 -0.008037 -1.750000e+00  0.666667 -1.750000e+00   0.666667 -1.750000e+00  0.666667 -0.630952  2.072591     14.0     105.701889  0.068482  0.053124  0.042320  2.491007   3.983502e+00 -0.006140 -3.416667 -0.750000 -3.416667 -0.750000 -3.416667 -0.750000 -1.773810  1.773810      14.0
13       FaIR_nonat   43/1_ERF_FaIR   c     2.273       0.108451       0       0     1.091835  0.059700 -0.005662     175.785361     105.758526  0.040994  0.030602  0.026874   2.738834  3.510407e+00  0.005475 -2.250000e+00  0.583333 -2.250000e+00   0.583333 -2.250000e+00  0.583333 -0.770833  1.618692     15.0     100.363671  0.057270  0.052048  0.040211  2.571391   3.273515e+00  0.007372 -3.916667 -0.833333 -3.916667 -0.833333 -3.916667 -0.833333 -1.913690  1.913690      15.0
2             raw1y  42/1_Run_Means   c    30.905       0.115237       0       0     0.810057  0.105412 -0.000523     187.123218      69.701265  0.112246  0.102536  0.002240   0.706246  7.912908e-01  0.002397  3.208333e+00  4.625000  7.083333e+00  11.000000 -6.666667e-01 -0.833333 -0.520139  2.410675     47.2      66.709370  0.115582  0.105304  0.015578  0.686424   3.522784e+00  0.004294  1.541667  3.208333  5.416667  9.583333 -2.333333 -2.250000 -1.662996  1.662996      47.2
1             lag5y  42/1_Run_Means   c     5.954       0.043514      73      27     0.673807  0.061514 -0.020866     155.649508     -30.219760  0.065728  0.058158 -0.031107   3.472368  4.626723e+00 -0.020930  1.500000e+00  2.000000  1.500000e+00   2.000000  1.500000e+00  2.000000  2.133929  3.264904     17.0     -53.862813  0.061845  0.050574 -0.017769  4.791275   7.930109e+00 -0.019033 -0.166667  0.583333 -0.166667  0.583333 -0.166667  0.583333  0.991071  0.991071      17.0
0            lag10y  42/1_Run_Means   c     2.955       0.035824     171      73     0.269696  0.070050 -0.046531      62.299832     -75.588900  0.084624  0.076810 -0.077281   0.499769  1.794764e+00 -0.059263  4.333333e+00  4.250000  4.333333e+00   4.250000  4.333333e+00  4.250000  4.678571  4.893205     14.0      -5.270803  0.072813  0.061801 -0.063943  4.879475   3.284143e+00 -0.057366  2.666667  2.833333  2.666667  2.833333  2.666667  2.833333  3.535714  3.535714      14.0
17         FaIR_all   43/1_ERF_FaIR   c     3.278       0.005571     156     149 -2087.223065  0.082690  0.032316 -336042.913393 -241709.152579  0.079850  0.053946  0.064361   0.000000  8.468052e-28  0.027345 -4.750000e+00 -0.750000 -4.750000e+00  -0.750000 -4.750000e+00 -0.750000 -2.678571  3.257775     14.0 -336053.424623  0.094534  0.076593  0.077699  0.000000  6.352781e-309  0.029242 -6.416667 -2.166667 -6.416667 -2.166667 -6.416667 -2.166667 -3.821429  3.821429      14.0
4.87888288
finished this run
/oscar/data/deeps/private/bfoxkemp/jnickla1/Thorne_15_codefigurestats/Methods/43_Forcing_Based/1_ERF_FaIR/FaIR_all_unB_method.py:90: RuntimeWarning: Mean of empty slice
  return np.nanmean(samp_cur[year_idx-1850, :], axis = 1)
/users/jnickla1/.conda/envs/cleanpy/lib/python3.13/site-packages/numpy/lib/_nanfunctions_impl.py:2019: RuntimeWarning: Degrees of freedom <= 0 for slice.
  var = nanvar(a, axis=axis, dtype=dtype, out=out, ddof=ddof,
/oscar/data/deeps/private/bfoxkemp/jnickla1/Thorne_15_codefigurestats/Methods/43_Forcing_Based/1_ERF_FaIR/FaIR_all_unB_method.py:118: RuntimeWarning: Mean of empty slice
  cdist = np.nanmean(dist)
/oscar/data/deeps/private/bfoxkemp/jnickla1/Thorne_15_codefigurestats/Methods/43_Forcing_Based/1_ERF_FaIR/FaIR_comb_unB_method.py:152: RuntimeWarning: Mean of empty slice
  return np.nanmean(samp_cur[year_idx-1850, :], axis = 1)
/users/jnickla1/.conda/envs/cleanpy/lib/python3.13/site-packages/numpy/lib/_nanfunctions_impl.py:2019: RuntimeWarning: Degrees of freedom <= 0 for slice.
  var = nanvar(a, axis=axis, dtype=dtype, out=out, ddof=ddof,
/oscar/data/deeps/private/bfoxkemp/jnickla1/Thorne_15_codefigurestats/Methods/43_Forcing_Based/1_ERF_FaIR/FaIR_comb_unB_method.py:180: RuntimeWarning: Mean of empty slice
  cdist = np.nanmean(dist)
starting computation for fut_ESM1-2-LR_SSP370_constVolc
max_runs29
Model number:
28




Methods/42_Temp_Alone/1_Run_Means/cent10y_method.py
Methods/42_Temp_Alone/1_Run_Means/cent20y_method.py
Methods/42_Temp_Alone/1_Run_Means/cent21y_method.py
Methods/42_Temp_Alone/1_Run_Means/cent30y_method.py
Methods/42_Temp_Alone/1_Run_Means/lag10y_method.py
Methods/42_Temp_Alone/1_Run_Means/lag5y_method.py
Methods/42_Temp_Alone/1_Run_Means/offset11y_method.py
Methods/42_Temp_Alone/1_Run_Means/raw1y_method.py
Methods/43_Forcing_Based/1_ERF_FaIR/FaIR_all_method.py
Methods/43_Forcing_Based/1_ERF_FaIR/FaIR_all_unB_method.py
Methods/43_Forcing_Based/1_ERF_FaIR/FaIR_anthro_method.py
Methods/43_Forcing_Based/1_ERF_FaIR/FaIR_anthro_unB_method.py
Methods/43_Forcing_Based/1_ERF_FaIR/FaIR_comb_unB_method.py
Methods/43_Forcing_Based/1_ERF_FaIR/FaIR_nonat_method.py
Methods/43_Forcing_Based/1_ERF_FaIR/FaIR_nonat_unB_method.py
evaluating 24 of 0.1°C thresholds, starting at 1.1°C
11
FaIR_anthro sampled, d llike: -0.00286423687230819
FaIR_anthro sampled, d llike: -0.9959259171961328
FaIR_anthro_unB sampled, d llike: -0.006799056931762859
FaIR_anthro_unB sampled, d llike: -2.8553157235675695
FaIR_nonat sampled, d llike: -0.03500485377995233
FaIR_nonat sampled, d llike: -0.018415285376208068
FaIR_nonat_unB sampled, d llike: -0.025168890816537948
FaIR_nonat_unB sampled, d llike: -0.0324752343739203
FaIR_all sampled, d llike: -1609.5106523853412
FaIR_all sampled, d llike: -0.019985623100818417
FaIR_all_unB sampled, d llike: -0.007849572052275544
FaIR_all_unB sampled, d llike: -0.017549443063330505
FaIR_comb_unB sampled, d llike: -0.018449479909132593
FaIR_comb_unB sampled, d llike: -0.20574708745011253
        method_name    method_class c/r  smooth_r  avg_unc.(1se)  #q<0.5  #q<0.1   log-likeli       RMS      bias         tlog-l       100log-l    100RMS     75RMS   100bias       l15        l20    bias50   Edyrs15   Edyrs20   Mdyrs15   Mdyrs20   Fdyrs15   Fdyrs20    EdyrsA   RMSyrsA  ncEdyrs      e100log-l   e100RMS    e75RMS  e100bias      el15      el20   ebias50  eEdyrs15      eEdyrs20  eMdyrs15      eMdyrs20  eFdyrs15      eFdyrs20   eEdyrsA  eRMSyrsA  nceEdyrs
8         offset11y  42/1_Run_Means   c     2.745       0.038397     154      91    -0.943118  0.083847  0.035526    -217.860206     129.895314  0.057444  0.061703 -0.034249  9.617874   4.726735 -0.069574  0.250000  2.666667  0.250000  2.666667  0.250000  2.666667  1.531250  1.766703     24.0     132.599771  0.052603  0.055402 -0.000903  6.143553  7.470709 -0.041276 -2.916667  1.416667e+00 -2.916667  1.416667e+00 -2.916667  1.416667e+00  0.199275  0.199275      23.0
21    FaIR_comb_unB   43/1_ERF_FaIR   c     2.257       0.074308       0       0     1.399746  0.053707  0.008787     219.760137     126.312343  0.056279  0.034322  0.026462  4.014373   5.485328 -0.013957 -1.500000  1.000000 -1.500000  1.000000 -1.500000  1.000000 -0.392361  1.417177     24.0     105.873778  0.077195  0.065446  0.059807  1.182666  6.000305  0.014341 -4.666667 -2.500000e-01 -4.666667 -2.500000e-01 -4.666667 -2.500000e-01 -1.757246  1.757246      23.0
15   FaIR_nonat_unB   43/1_ERF_FaIR   c     2.254       0.084156       0       0     1.312080  0.055597  0.006792     211.244832     124.736546  0.048669  0.032624  0.024263  3.883066   4.909154 -0.007385 -1.416667  1.416667 -1.416667  1.416667 -1.416667  1.416667 -0.406250  1.255198     24.0     108.590789  0.072173  0.065149  0.057609  1.379013  5.423160  0.020914 -4.583333  1.666667e-01 -4.583333  1.666667e-01 -4.583333  1.666667e-01 -1.764493  1.764493      23.0
9       FaIR_anthro   43/1_ERF_FaIR   c     1.886       0.087684       0       0     1.049836  0.075221 -0.038481     169.023619     122.854655  0.040945  0.039590 -0.005870  3.913045   3.569460 -0.038247 -0.583333  2.250000 -0.583333  2.250000 -0.583333  2.250000  0.576389  1.234628     24.0     120.700310  0.051666  0.049630  0.027476  2.520734  4.243809 -0.009949 -3.750000  1.000000e+00 -3.750000  1.000000e+00 -3.750000  1.000000e+00 -0.778986  0.778986      23.0
11  FaIR_anthro_unB   43/1_ERF_FaIR   c     1.892       0.087720       0       0     1.174513  0.065498 -0.010603     189.096601     122.379478  0.046132  0.034191  0.022017  3.775049   4.298634 -0.010371 -1.583333  1.250000 -1.583333  1.250000 -1.583333  1.250000 -0.309028  1.225571     24.0     108.625119  0.070583  0.066013  0.055363  1.464598  4.590885  0.017928 -4.750000  1.591616e-10 -4.750000  1.591616e-10 -4.750000  1.591616e-10 -1.666667  1.666667      23.0
19     FaIR_all_unB   43/1_ERF_FaIR   c     3.470       0.087089       0       0     1.192357  0.070245  0.009070     191.969443     112.992907  0.065022  0.035648  0.031588  3.682384   4.887524 -0.013504 -1.500000  1.333333 -1.500000  1.333333 -1.500000  1.333333 -0.506944  1.672040     24.0      97.086082  0.085257  0.067411  0.064933  1.489162  5.156449  0.014794 -4.666667  8.333333e-02 -4.666667  8.333333e-02 -4.666667  8.333333e-02 -1.873188  1.873188      23.0
13       FaIR_nonat   43/1_ERF_FaIR   c     2.299       0.105059       0       0     1.133646  0.060450 -0.021565     182.517033     111.547155  0.042174  0.036059 -0.000703  3.445509   3.682645 -0.032342 -0.666667  2.000000 -0.666667  2.000000 -0.666667  2.000000  0.385417  1.135369     24.0     108.321151  0.054341  0.049275  0.032642  2.263445  3.885391 -0.004044 -3.833333  7.500000e-01 -3.833333  7.500000e-01 -3.833333  7.500000e-01 -0.963768  0.963768      23.0
2             raw1y  42/1_Run_Means   c    30.996       0.116590       0       0     0.791655  0.107341 -0.002454     182.872353      65.822414  0.116794  0.107393 -0.002661  1.453611   0.246199  0.001360  1.208333  1.472222  3.666667  5.333333 -1.250000 -2.833333  0.068866  1.534056     56.2      58.231563  0.124977  0.118487  0.030684  1.786790  1.977156  0.029658 -1.958333  2.222222e-01 -4.416667  4.083333e+00 -4.416667 -4.083333e+00 -1.279589  1.279589      54.2
1             lag5y  42/1_Run_Means   c     5.581       0.045903      84      33     0.403187  0.068754 -0.031888      93.136181     -92.733088  0.081941  0.081031 -0.059087  7.625036   1.926320 -0.075389  0.583333  4.083333  0.583333  4.083333  0.583333  4.083333  1.958333  2.247427     26.0     -69.206195  0.069117  0.061245 -0.025742  3.806179  2.493326 -0.047091 -2.583333  2.833333e+00 -2.583333  2.833333e+00 -2.583333  2.833333e+00  0.608696  0.608696      25.0
0            lag10y  42/1_Run_Means   c     2.907       0.039148     175     127    -0.790574  0.098029 -0.067549    -182.622661    -320.511394  0.138199  0.148704 -0.130635  0.389005   0.003485 -0.162771  4.500000  5.666667  4.500000  5.666667  4.500000  5.666667  4.496528  4.562104     24.0    -138.937294  0.110613  0.116375 -0.097290  3.961096  0.011965 -0.134473  1.333333  4.416667e+00  1.333333  4.416667e+00  1.333333  4.416667e+00  3.206522  3.206522      23.0
17         FaIR_all   43/1_ERF_FaIR   c     3.212       0.005571     157     148 -1762.881330  0.077296  0.018521 -283823.894075 -191823.414184  0.069640  0.038006  0.040245  0.000000  48.742180 -0.004850 -1.583333  0.500000 -1.583333  0.500000 -1.583333  0.500000 -0.899306  1.937164     24.0 -328031.351378  0.092021  0.073679  0.073590  0.000000  1.590934  0.023449 -4.750000 -7.500000e-01 -4.750000 -7.500000e-01 -4.750000 -7.500000e-01 -2.286232  2.286232      23.0
6.1578091
finished this run
All processes completed.
