## SLURM PROLOG ###############################################################
##    Job ID : 14543117
##  Job Name : all_crossing_eval
##  Nodelist : node2339
##      CPUs : 1
##   Mem/CPU : 5120 MB
## Directory : /oscar/data/deeps/private/bfoxkemp/jnickla1/Thorne_15_codefigurestats
##   Job Started : Wed Nov 26 04:36:36 PM EST 2025
###############################################################################
/oscar/data/deeps/private/bfoxkemp/jnickla1/Thorne_15_codefigurestats/fut_evaluation_gen_ensemble.py:20: RuntimeWarning: Mean of empty slice
  return np.nanmean(standards_np,axis=0)
/oscar/data/deeps/private/bfoxkemp/jnickla1/Thorne_15_codefigurestats/fut_evaluation_gen_ensemble.py:20: RuntimeWarning: Mean of empty slice
  return np.nanmean(standards_np,axis=0)
/oscar/data/deeps/private/bfoxkemp/jnickla1/Thorne_15_codefigurestats/fut_evaluation_gen_ensemble.py:20: RuntimeWarning: Mean of empty slice
  return np.nanmean(standards_np,axis=0)
/oscar/data/deeps/private/bfoxkemp/jnickla1/Thorne_15_codefigurestats/fut_evaluation_gen_ensemble.py:20: RuntimeWarning: Mean of empty slice
  return np.nanmean(standards_np,axis=0)
/oscar/data/deeps/private/bfoxkemp/jnickla1/Thorne_15_codefigurestats/fut_evaluation_gen_ensemble.py:20: RuntimeWarning: Mean of empty slice
  return np.nanmean(standards_np,axis=0)
/oscar/data/deeps/private/bfoxkemp/jnickla1/Thorne_15_codefigurestats/Methods/43_Forcing_Based/1_ERF_FaIR/FaIR_all_method.py:53: RuntimeWarning: Mean of empty slice
  samp_mean =  np.nanmean(samp_cur, axis = 1)
/oscar/data/deeps/private/bfoxkemp/jnickla1/Thorne_15_codefigurestats/Methods/43_Forcing_Based/1_ERF_FaIR/FaIR_all_method.py:53: RuntimeWarning: Mean of empty slice
  samp_mean =  np.nanmean(samp_cur, axis = 1)
/oscar/data/deeps/private/bfoxkemp/jnickla1/Thorne_15_codefigurestats/Methods/43_Forcing_Based/1_ERF_FaIR/FaIR_all_unB_method.py:70: RuntimeWarning: Mean of empty slice
  samp_mean =  np.nanmean(samp_cur, axis = 1)
/oscar/data/deeps/private/bfoxkemp/jnickla1/Thorne_15_codefigurestats/Methods/43_Forcing_Based/1_ERF_FaIR/FaIR_all_unB_method.py:70: RuntimeWarning: Mean of empty slice
  samp_mean =  np.nanmean(samp_cur, axis = 1)
/oscar/data/deeps/private/bfoxkemp/jnickla1/Thorne_15_codefigurestats/Methods/43_Forcing_Based/1_ERF_FaIR/FaIR_anthro_method.py:53: RuntimeWarning: Mean of empty slice
  samp_mean =  np.nanmean(samp_cur, axis = 1)
/oscar/data/deeps/private/bfoxkemp/jnickla1/Thorne_15_codefigurestats/Methods/43_Forcing_Based/1_ERF_FaIR/FaIR_anthro_method.py:53: RuntimeWarning: Mean of empty slice
  samp_mean =  np.nanmean(samp_cur, axis = 1)
/oscar/data/deeps/private/bfoxkemp/jnickla1/Thorne_15_codefigurestats/Methods/43_Forcing_Based/1_ERF_FaIR/FaIR_anthro_unB_method.py:70: RuntimeWarning: Mean of empty slice
  samp_mean =  np.nanmean(samp_cur, axis = 1)
/oscar/data/deeps/private/bfoxkemp/jnickla1/Thorne_15_codefigurestats/Methods/43_Forcing_Based/1_ERF_FaIR/FaIR_anthro_unB_method.py:70: RuntimeWarning: Mean of empty slice
  samp_mean =  np.nanmean(samp_cur, axis = 1)
/oscar/data/deeps/private/bfoxkemp/jnickla1/Thorne_15_codefigurestats/Methods/43_Forcing_Based/1_ERF_FaIR/FaIR_comb_unB_method.py:70: RuntimeWarning: Mean of empty slice
  samp_mean =  np.nanmean(samp_cur, axis = 1)
/oscar/data/deeps/private/bfoxkemp/jnickla1/Thorne_15_codefigurestats/Methods/43_Forcing_Based/1_ERF_FaIR/FaIR_comb_unB_method.py:70: RuntimeWarning: Mean of empty slice
  samp_mean =  np.nanmean(samp_cur, axis = 1)
/oscar/data/deeps/private/bfoxkemp/jnickla1/Thorne_15_codefigurestats/Methods/43_Forcing_Based/1_ERF_FaIR/FaIR_comb_unB_method.py:127: RuntimeWarning: Mean of empty slice
  samp_meanAll =  np.nanmean(samp_curAll, axis = 1)
/oscar/data/deeps/private/bfoxkemp/jnickla1/Thorne_15_codefigurestats/Methods/43_Forcing_Based/1_ERF_FaIR/FaIR_comb_unB_method.py:127: RuntimeWarning: Mean of empty slice
  samp_meanAll =  np.nanmean(samp_curAll, axis = 1)
/oscar/data/deeps/private/bfoxkemp/jnickla1/Thorne_15_codefigurestats/Methods/43_Forcing_Based/1_ERF_FaIR/FaIR_nonat_method.py:53: RuntimeWarning: Mean of empty slice
  samp_mean =  np.nanmean(samp_cur, axis = 1)
/oscar/data/deeps/private/bfoxkemp/jnickla1/Thorne_15_codefigurestats/Methods/43_Forcing_Based/1_ERF_FaIR/FaIR_nonat_method.py:53: RuntimeWarning: Mean of empty slice
  samp_mean =  np.nanmean(samp_cur, axis = 1)
/oscar/data/deeps/private/bfoxkemp/jnickla1/Thorne_15_codefigurestats/Methods/43_Forcing_Based/1_ERF_FaIR/FaIR_nonat_unB_method.py:72: RuntimeWarning: Mean of empty slice
  samp_mean =  np.nanmean(samp_cur, axis = 1)
/oscar/data/deeps/private/bfoxkemp/jnickla1/Thorne_15_codefigurestats/Methods/43_Forcing_Based/1_ERF_FaIR/FaIR_nonat_unB_method.py:72: RuntimeWarning: Mean of empty slice
  samp_mean =  np.nanmean(samp_cur, axis = 1)
/oscar/data/deeps/private/bfoxkemp/jnickla1/Thorne_15_codefigurestats/Methods/43_Forcing_Based/1_ERF_FaIR/FaIR_all_method.py:68: RuntimeWarning: Mean of empty slice
  return np.nanmean(samp_cur[year_idx-1850, :], axis = 1)
/users/jnickla1/.conda/envs/cleanpy/lib/python3.13/site-packages/numpy/lib/_nanfunctions_impl.py:2019: RuntimeWarning: Degrees of freedom <= 0 for slice.
  var = nanvar(a, axis=axis, dtype=dtype, out=out, ddof=ddof,
/oscar/data/deeps/private/bfoxkemp/jnickla1/Thorne_15_codefigurestats/Methods/43_Forcing_Based/1_ERF_FaIR/FaIR_all_unB_method.py:90: RuntimeWarning: Mean of empty slice
  return np.nanmean(samp_cur[year_idx-1850, :], axis = 1)
/oscar/data/deeps/private/bfoxkemp/jnickla1/Thorne_15_codefigurestats/Methods/43_Forcing_Based/1_ERF_FaIR/FaIR_all_method.py:68: RuntimeWarning: Mean of empty slice
  return np.nanmean(samp_cur[year_idx-1850, :], axis = 1)
/users/jnickla1/.conda/envs/cleanpy/lib/python3.13/site-packages/numpy/lib/_nanfunctions_impl.py:2019: RuntimeWarning: Degrees of freedom <= 0 for slice.
  var = nanvar(a, axis=axis, dtype=dtype, out=out, ddof=ddof,
/oscar/data/deeps/private/bfoxkemp/jnickla1/Thorne_15_codefigurestats/Methods/43_Forcing_Based/1_ERF_FaIR/FaIR_all_unB_method.py:90: RuntimeWarning: Mean of empty slice
  return np.nanmean(samp_cur[year_idx-1850, :], axis = 1)
/oscar/data/deeps/private/bfoxkemp/jnickla1/Thorne_15_codefigurestats/Methods/43_Forcing_Based/1_ERF_FaIR/FaIR_anthro_method.py:67: RuntimeWarning: Mean of empty slice
  return np.nanmean(samp_cur[year_idx-1850, :], axis = 1)
/oscar/data/deeps/private/bfoxkemp/jnickla1/Thorne_15_codefigurestats/Methods/43_Forcing_Based/1_ERF_FaIR/FaIR_anthro_unB_method.py:89: RuntimeWarning: Mean of empty slice
  return np.nanmean(samp_cur[year_idx-1850, :], axis = 1)
/oscar/data/deeps/private/bfoxkemp/jnickla1/Thorne_15_codefigurestats/Methods/43_Forcing_Based/1_ERF_FaIR/FaIR_anthro_method.py:67: RuntimeWarning: Mean of empty slice
  return np.nanmean(samp_cur[year_idx-1850, :], axis = 1)
/oscar/data/deeps/private/bfoxkemp/jnickla1/Thorne_15_codefigurestats/Methods/43_Forcing_Based/1_ERF_FaIR/FaIR_anthro_unB_method.py:89: RuntimeWarning: Mean of empty slice
  return np.nanmean(samp_cur[year_idx-1850, :], axis = 1)
/oscar/data/deeps/private/bfoxkemp/jnickla1/Thorne_15_codefigurestats/Methods/43_Forcing_Based/1_ERF_FaIR/FaIR_comb_unB_method.py:153: RuntimeWarning: Mean of empty slice
  return np.nanmean(samp_cur[year_idx-1850, :], axis = 1)
/oscar/data/deeps/private/bfoxkemp/jnickla1/Thorne_15_codefigurestats/Methods/43_Forcing_Based/1_ERF_FaIR/FaIR_comb_unB_method.py:153: RuntimeWarning: Mean of empty slice
  return np.nanmean(samp_cur[year_idx-1850, :], axis = 1)
/oscar/data/deeps/private/bfoxkemp/jnickla1/Thorne_15_codefigurestats/Methods/43_Forcing_Based/1_ERF_FaIR/FaIR_nonat_method.py:68: RuntimeWarning: Mean of empty slice
  return np.nanmean(samp_cur[year_idx-1850, :], axis = 1)
/oscar/data/deeps/private/bfoxkemp/jnickla1/Thorne_15_codefigurestats/Methods/43_Forcing_Based/1_ERF_FaIR/FaIR_nonat_method.py:68: RuntimeWarning: Mean of empty slice
  return np.nanmean(samp_cur[year_idx-1850, :], axis = 1)
/oscar/data/deeps/private/bfoxkemp/jnickla1/Thorne_15_codefigurestats/Methods/43_Forcing_Based/1_ERF_FaIR/FaIR_nonat_unB_method.py:92: RuntimeWarning: Mean of empty slice
  return np.nanmean(samp_cur[year_idx-1850, :], axis = 1)
/oscar/data/deeps/private/bfoxkemp/jnickla1/Thorne_15_codefigurestats/Methods/43_Forcing_Based/1_ERF_FaIR/FaIR_nonat_unB_method.py:92: RuntimeWarning: Mean of empty slice
  return np.nanmean(samp_cur[year_idx-1850, :], axis = 1)
/oscar/data/deeps/private/bfoxkemp/jnickla1/Thorne_15_codefigurestats/Methods/43_Forcing_Based/1_ERF_FaIR/FaIR_anthro_method.py:67: RuntimeWarning: Mean of empty slice
  return np.nanmean(samp_cur[year_idx-1850, :], axis = 1)
/oscar/data/deeps/private/bfoxkemp/jnickla1/Thorne_15_codefigurestats/Methods/43_Forcing_Based/1_ERF_FaIR/FaIR_anthro_unB_method.py:89: RuntimeWarning: Mean of empty slice
  return np.nanmean(samp_cur[year_idx-1850, :], axis = 1)
/oscar/data/deeps/private/bfoxkemp/jnickla1/Thorne_15_codefigurestats/Methods/43_Forcing_Based/1_ERF_FaIR/FaIR_nonat_method.py:68: RuntimeWarning: Mean of empty slice
  return np.nanmean(samp_cur[year_idx-1850, :], axis = 1)
/oscar/data/deeps/private/bfoxkemp/jnickla1/Thorne_15_codefigurestats/Methods/43_Forcing_Based/1_ERF_FaIR/FaIR_anthro_method.py:67: RuntimeWarning: Mean of empty slice
  return np.nanmean(samp_cur[year_idx-1850, :], axis = 1)
/oscar/data/deeps/private/bfoxkemp/jnickla1/Thorne_15_codefigurestats/Methods/43_Forcing_Based/1_ERF_FaIR/FaIR_anthro_unB_method.py:89: RuntimeWarning: Mean of empty slice
  return np.nanmean(samp_cur[year_idx-1850, :], axis = 1)
/oscar/data/deeps/private/bfoxkemp/jnickla1/Thorne_15_codefigurestats/Methods/43_Forcing_Based/1_ERF_FaIR/FaIR_nonat_unB_method.py:92: RuntimeWarning: Mean of empty slice
  return np.nanmean(samp_cur[year_idx-1850, :], axis = 1)
/oscar/data/deeps/private/bfoxkemp/jnickla1/Thorne_15_codefigurestats/Methods/43_Forcing_Based/1_ERF_FaIR/FaIR_all_method.py:68: RuntimeWarning: Mean of empty slice
  return np.nanmean(samp_cur[year_idx-1850, :], axis = 1)
/oscar/data/deeps/private/bfoxkemp/jnickla1/Thorne_15_codefigurestats/Methods/43_Forcing_Based/1_ERF_FaIR/FaIR_all_unB_method.py:90: RuntimeWarning: Mean of empty slice
  return np.nanmean(samp_cur[year_idx-1850, :], axis = 1)
/oscar/data/deeps/private/bfoxkemp/jnickla1/Thorne_15_codefigurestats/Methods/43_Forcing_Based/1_ERF_FaIR/FaIR_nonat_method.py:68: RuntimeWarning: Mean of empty slice
  return np.nanmean(samp_cur[year_idx-1850, :], axis = 1)
/oscar/data/deeps/private/bfoxkemp/jnickla1/Thorne_15_codefigurestats/Methods/43_Forcing_Based/1_ERF_FaIR/FaIR_nonat_unB_method.py:92: RuntimeWarning: Mean of empty slice
  return np.nanmean(samp_cur[year_idx-1850, :], axis = 1)
/oscar/data/deeps/private/bfoxkemp/jnickla1/Thorne_15_codefigurestats/Methods/43_Forcing_Based/1_ERF_FaIR/FaIR_all_method.py:68: RuntimeWarning: Mean of empty slice
  return np.nanmean(samp_cur[year_idx-1850, :], axis = 1)
/oscar/data/deeps/private/bfoxkemp/jnickla1/Thorne_15_codefigurestats/Methods/43_Forcing_Based/1_ERF_FaIR/FaIR_comb_unB_method.py:153: RuntimeWarning: Mean of empty slice
  return np.nanmean(samp_cur[year_idx-1850, :], axis = 1)
/oscar/data/deeps/private/bfoxkemp/jnickla1/Thorne_15_codefigurestats/Methods/43_Forcing_Based/1_ERF_FaIR/FaIR_all_unB_method.py:90: RuntimeWarning: Mean of empty slice
  return np.nanmean(samp_cur[year_idx-1850, :], axis = 1)
/oscar/data/deeps/private/bfoxkemp/jnickla1/Thorne_15_codefigurestats/Methods/43_Forcing_Based/1_ERF_FaIR/FaIR_comb_unB_method.py:153: RuntimeWarning: Mean of empty slice
  return np.nanmean(samp_cur[year_idx-1850, :], axis = 1)
/oscar/data/deeps/private/bfoxkemp/jnickla1/Thorne_15_codefigurestats/Methods/43_Forcing_Based/1_ERF_FaIR/FaIR_anthro_method.py:67: RuntimeWarning: Mean of empty slice
  return np.nanmean(samp_cur[year_idx-1850, :], axis = 1)
/users/jnickla1/.conda/envs/cleanpy/lib/python3.13/site-packages/numpy/lib/_nanfunctions_impl.py:2019: RuntimeWarning: Degrees of freedom <= 0 for slice.
  var = nanvar(a, axis=axis, dtype=dtype, out=out, ddof=ddof,
/oscar/data/deeps/private/bfoxkemp/jnickla1/Thorne_15_codefigurestats/Methods/43_Forcing_Based/1_ERF_FaIR/FaIR_anthro_method.py:95: RuntimeWarning: Mean of empty slice
  cdist = np.nanmean(dist)
/oscar/data/deeps/private/bfoxkemp/jnickla1/Thorne_15_codefigurestats/Methods/43_Forcing_Based/1_ERF_FaIR/FaIR_anthro_method.py:67: RuntimeWarning: Mean of empty slice
  return np.nanmean(samp_cur[year_idx-1850, :], axis = 1)
/users/jnickla1/.conda/envs/cleanpy/lib/python3.13/site-packages/numpy/lib/_nanfunctions_impl.py:2019: RuntimeWarning: Degrees of freedom <= 0 for slice.
  var = nanvar(a, axis=axis, dtype=dtype, out=out, ddof=ddof,
/oscar/data/deeps/private/bfoxkemp/jnickla1/Thorne_15_codefigurestats/Methods/43_Forcing_Based/1_ERF_FaIR/FaIR_anthro_method.py:95: RuntimeWarning: Mean of empty slice
  cdist = np.nanmean(dist)
/oscar/data/deeps/private/bfoxkemp/jnickla1/Thorne_15_codefigurestats/fut_evaluation_script.py:427: RuntimeWarning: Mean of empty slice
  evalmean = np.nanmean(diffcross) #if crossing multiple times take the mean
/oscar/data/deeps/private/bfoxkemp/jnickla1/Thorne_15_codefigurestats/Methods/43_Forcing_Based/1_ERF_FaIR/FaIR_all_method.py:53: RuntimeWarning: Mean of empty slice
  samp_mean =  np.nanmean(samp_cur, axis = 1)
/oscar/data/deeps/private/bfoxkemp/jnickla1/Thorne_15_codefigurestats/Methods/43_Forcing_Based/1_ERF_FaIR/FaIR_all_method.py:53: RuntimeWarning: Mean of empty slice
  samp_mean =  np.nanmean(samp_cur, axis = 1)
/oscar/data/deeps/private/bfoxkemp/jnickla1/Thorne_15_codefigurestats/Methods/43_Forcing_Based/1_ERF_FaIR/FaIR_all_unB_method.py:70: RuntimeWarning: Mean of empty slice
  samp_mean =  np.nanmean(samp_cur, axis = 1)
/oscar/data/deeps/private/bfoxkemp/jnickla1/Thorne_15_codefigurestats/Methods/43_Forcing_Based/1_ERF_FaIR/FaIR_all_unB_method.py:70: RuntimeWarning: Mean of empty slice
  samp_mean =  np.nanmean(samp_cur, axis = 1)
/oscar/data/deeps/private/bfoxkemp/jnickla1/Thorne_15_codefigurestats/Methods/43_Forcing_Based/1_ERF_FaIR/FaIR_anthro_method.py:53: RuntimeWarning: Mean of empty slice
  samp_mean =  np.nanmean(samp_cur, axis = 1)
/oscar/data/deeps/private/bfoxkemp/jnickla1/Thorne_15_codefigurestats/Methods/43_Forcing_Based/1_ERF_FaIR/FaIR_anthro_method.py:53: RuntimeWarning: Mean of empty slice
  samp_mean =  np.nanmean(samp_cur, axis = 1)
/oscar/data/deeps/private/bfoxkemp/jnickla1/Thorne_15_codefigurestats/Methods/43_Forcing_Based/1_ERF_FaIR/FaIR_anthro_unB_method.py:70: RuntimeWarning: Mean of empty slice
  samp_mean =  np.nanmean(samp_cur, axis = 1)
/oscar/data/deeps/private/bfoxkemp/jnickla1/Thorne_15_codefigurestats/Methods/43_Forcing_Based/1_ERF_FaIR/FaIR_all_method.py:53: RuntimeWarning: Mean of empty slice
  samp_mean =  np.nanmean(samp_cur, axis = 1)
/oscar/data/deeps/private/bfoxkemp/jnickla1/Thorne_15_codefigurestats/Methods/43_Forcing_Based/1_ERF_FaIR/FaIR_anthro_unB_method.py:70: RuntimeWarning: Mean of empty slice
  samp_mean =  np.nanmean(samp_cur, axis = 1)
/oscar/data/deeps/private/bfoxkemp/jnickla1/Thorne_15_codefigurestats/Methods/43_Forcing_Based/1_ERF_FaIR/FaIR_comb_unB_method.py:70: RuntimeWarning: Mean of empty slice
  samp_mean =  np.nanmean(samp_cur, axis = 1)
/oscar/data/deeps/private/bfoxkemp/jnickla1/Thorne_15_codefigurestats/Methods/43_Forcing_Based/1_ERF_FaIR/FaIR_comb_unB_method.py:127: RuntimeWarning: Mean of empty slice
  samp_meanAll =  np.nanmean(samp_curAll, axis = 1)
/oscar/data/deeps/private/bfoxkemp/jnickla1/Thorne_15_codefigurestats/Methods/43_Forcing_Based/1_ERF_FaIR/FaIR_all_unB_method.py:70: RuntimeWarning: Mean of empty slice
  samp_mean =  np.nanmean(samp_cur, axis = 1)
/oscar/data/deeps/private/bfoxkemp/jnickla1/Thorne_15_codefigurestats/Methods/43_Forcing_Based/1_ERF_FaIR/FaIR_comb_unB_method.py:70: RuntimeWarning: Mean of empty slice
  samp_mean =  np.nanmean(samp_cur, axis = 1)
/oscar/data/deeps/private/bfoxkemp/jnickla1/Thorne_15_codefigurestats/Methods/43_Forcing_Based/1_ERF_FaIR/FaIR_comb_unB_method.py:127: RuntimeWarning: Mean of empty slice
  samp_meanAll =  np.nanmean(samp_curAll, axis = 1)
/oscar/data/deeps/private/bfoxkemp/jnickla1/Thorne_15_codefigurestats/Methods/43_Forcing_Based/1_ERF_FaIR/FaIR_nonat_method.py:53: RuntimeWarning: Mean of empty slice
  samp_mean =  np.nanmean(samp_cur, axis = 1)
/oscar/data/deeps/private/bfoxkemp/jnickla1/Thorne_15_codefigurestats/Methods/43_Forcing_Based/1_ERF_FaIR/FaIR_anthro_method.py:53: RuntimeWarning: Mean of empty slice
  samp_mean =  np.nanmean(samp_cur, axis = 1)
/oscar/data/deeps/private/bfoxkemp/jnickla1/Thorne_15_codefigurestats/Methods/43_Forcing_Based/1_ERF_FaIR/FaIR_nonat_method.py:53: RuntimeWarning: Mean of empty slice
  samp_mean =  np.nanmean(samp_cur, axis = 1)
/oscar/data/deeps/private/bfoxkemp/jnickla1/Thorne_15_codefigurestats/Methods/43_Forcing_Based/1_ERF_FaIR/FaIR_nonat_unB_method.py:72: RuntimeWarning: Mean of empty slice
  samp_mean =  np.nanmean(samp_cur, axis = 1)
/oscar/data/deeps/private/bfoxkemp/jnickla1/Thorne_15_codefigurestats/Methods/43_Forcing_Based/1_ERF_FaIR/FaIR_anthro_unB_method.py:70: RuntimeWarning: Mean of empty slice
  samp_mean =  np.nanmean(samp_cur, axis = 1)
/oscar/data/deeps/private/bfoxkemp/jnickla1/Thorne_15_codefigurestats/Methods/43_Forcing_Based/1_ERF_FaIR/FaIR_nonat_unB_method.py:72: RuntimeWarning: Mean of empty slice
  samp_mean =  np.nanmean(samp_cur, axis = 1)
/oscar/data/deeps/private/bfoxkemp/jnickla1/Thorne_15_codefigurestats/Methods/43_Forcing_Based/1_ERF_FaIR/FaIR_all_method.py:68: RuntimeWarning: Mean of empty slice
  return np.nanmean(samp_cur[year_idx-1850, :], axis = 1)
/users/jnickla1/.conda/envs/cleanpy/lib/python3.13/site-packages/numpy/lib/_nanfunctions_impl.py:2019: RuntimeWarning: Degrees of freedom <= 0 for slice.
  var = nanvar(a, axis=axis, dtype=dtype, out=out, ddof=ddof,
/oscar/data/deeps/private/bfoxkemp/jnickla1/Thorne_15_codefigurestats/Methods/43_Forcing_Based/1_ERF_FaIR/FaIR_all_unB_method.py:90: RuntimeWarning: Mean of empty slice
  return np.nanmean(samp_cur[year_idx-1850, :], axis = 1)
/oscar/data/deeps/private/bfoxkemp/jnickla1/Thorne_15_codefigurestats/Methods/43_Forcing_Based/1_ERF_FaIR/FaIR_anthro_method.py:67: RuntimeWarning: Mean of empty slice
  return np.nanmean(samp_cur[year_idx-1850, :], axis = 1)
/oscar/data/deeps/private/bfoxkemp/jnickla1/Thorne_15_codefigurestats/Methods/43_Forcing_Based/1_ERF_FaIR/FaIR_comb_unB_method.py:70: RuntimeWarning: Mean of empty slice
  samp_mean =  np.nanmean(samp_cur, axis = 1)
/oscar/data/deeps/private/bfoxkemp/jnickla1/Thorne_15_codefigurestats/Methods/43_Forcing_Based/1_ERF_FaIR/FaIR_anthro_unB_method.py:89: RuntimeWarning: Mean of empty slice
  return np.nanmean(samp_cur[year_idx-1850, :], axis = 1)
/oscar/data/deeps/private/bfoxkemp/jnickla1/Thorne_15_codefigurestats/Methods/43_Forcing_Based/1_ERF_FaIR/FaIR_all_method.py:68: RuntimeWarning: Mean of empty slice
  return np.nanmean(samp_cur[year_idx-1850, :], axis = 1)
/oscar/data/deeps/private/bfoxkemp/jnickla1/Thorne_15_codefigurestats/Methods/43_Forcing_Based/1_ERF_FaIR/FaIR_comb_unB_method.py:127: RuntimeWarning: Mean of empty slice
  samp_meanAll =  np.nanmean(samp_curAll, axis = 1)
/users/jnickla1/.conda/envs/cleanpy/lib/python3.13/site-packages/numpy/lib/_nanfunctions_impl.py:2019: RuntimeWarning: Degrees of freedom <= 0 for slice.
  var = nanvar(a, axis=axis, dtype=dtype, out=out, ddof=ddof,
/oscar/data/deeps/private/bfoxkemp/jnickla1/Thorne_15_codefigurestats/Methods/43_Forcing_Based/1_ERF_FaIR/FaIR_all_unB_method.py:90: RuntimeWarning: Mean of empty slice
  return np.nanmean(samp_cur[year_idx-1850, :], axis = 1)
/oscar/data/deeps/private/bfoxkemp/jnickla1/Thorne_15_codefigurestats/Methods/43_Forcing_Based/1_ERF_FaIR/FaIR_comb_unB_method.py:153: RuntimeWarning: Mean of empty slice
  return np.nanmean(samp_cur[year_idx-1850, :], axis = 1)
/oscar/data/deeps/private/bfoxkemp/jnickla1/Thorne_15_codefigurestats/Methods/43_Forcing_Based/1_ERF_FaIR/FaIR_anthro_method.py:67: RuntimeWarning: Mean of empty slice
  return np.nanmean(samp_cur[year_idx-1850, :], axis = 1)
/oscar/data/deeps/private/bfoxkemp/jnickla1/Thorne_15_codefigurestats/Methods/43_Forcing_Based/1_ERF_FaIR/FaIR_nonat_method.py:68: RuntimeWarning: Mean of empty slice
  return np.nanmean(samp_cur[year_idx-1850, :], axis = 1)
/oscar/data/deeps/private/bfoxkemp/jnickla1/Thorne_15_codefigurestats/Methods/43_Forcing_Based/1_ERF_FaIR/FaIR_anthro_unB_method.py:89: RuntimeWarning: Mean of empty slice
  return np.nanmean(samp_cur[year_idx-1850, :], axis = 1)
/oscar/data/deeps/private/bfoxkemp/jnickla1/Thorne_15_codefigurestats/Methods/43_Forcing_Based/1_ERF_FaIR/FaIR_nonat_unB_method.py:92: RuntimeWarning: Mean of empty slice
  return np.nanmean(samp_cur[year_idx-1850, :], axis = 1)
/oscar/data/deeps/private/bfoxkemp/jnickla1/Thorne_15_codefigurestats/Methods/43_Forcing_Based/1_ERF_FaIR/FaIR_comb_unB_method.py:153: RuntimeWarning: Mean of empty slice
  return np.nanmean(samp_cur[year_idx-1850, :], axis = 1)
/oscar/data/deeps/private/bfoxkemp/jnickla1/Thorne_15_codefigurestats/Methods/43_Forcing_Based/1_ERF_FaIR/FaIR_anthro_method.py:67: RuntimeWarning: Mean of empty slice
  return np.nanmean(samp_cur[year_idx-1850, :], axis = 1)
/oscar/data/deeps/private/bfoxkemp/jnickla1/Thorne_15_codefigurestats/Methods/43_Forcing_Based/1_ERF_FaIR/FaIR_nonat_method.py:68: RuntimeWarning: Mean of empty slice
  return np.nanmean(samp_cur[year_idx-1850, :], axis = 1)
/oscar/data/deeps/private/bfoxkemp/jnickla1/Thorne_15_codefigurestats/Methods/43_Forcing_Based/1_ERF_FaIR/FaIR_anthro_unB_method.py:89: RuntimeWarning: Mean of empty slice
  return np.nanmean(samp_cur[year_idx-1850, :], axis = 1)
/oscar/data/deeps/private/bfoxkemp/jnickla1/Thorne_15_codefigurestats/Methods/43_Forcing_Based/1_ERF_FaIR/FaIR_nonat_method.py:68: RuntimeWarning: Mean of empty slice
  return np.nanmean(samp_cur[year_idx-1850, :], axis = 1)
/oscar/data/deeps/private/bfoxkemp/jnickla1/Thorne_15_codefigurestats/Methods/43_Forcing_Based/1_ERF_FaIR/FaIR_nonat_unB_method.py:92: RuntimeWarning: Mean of empty slice
  return np.nanmean(samp_cur[year_idx-1850, :], axis = 1)
/oscar/data/deeps/private/bfoxkemp/jnickla1/Thorne_15_codefigurestats/Methods/43_Forcing_Based/1_ERF_FaIR/FaIR_nonat_unB_method.py:92: RuntimeWarning: Mean of empty slice
  return np.nanmean(samp_cur[year_idx-1850, :], axis = 1)
/oscar/data/deeps/private/bfoxkemp/jnickla1/Thorne_15_codefigurestats/Methods/43_Forcing_Based/1_ERF_FaIR/FaIR_nonat_method.py:53: RuntimeWarning: Mean of empty slice
  samp_mean =  np.nanmean(samp_cur, axis = 1)
/oscar/data/deeps/private/bfoxkemp/jnickla1/Thorne_15_codefigurestats/Methods/43_Forcing_Based/1_ERF_FaIR/FaIR_all_method.py:68: RuntimeWarning: Mean of empty slice
  return np.nanmean(samp_cur[year_idx-1850, :], axis = 1)
/oscar/data/deeps/private/bfoxkemp/jnickla1/Thorne_15_codefigurestats/Methods/43_Forcing_Based/1_ERF_FaIR/FaIR_all_unB_method.py:90: RuntimeWarning: Mean of empty slice
  return np.nanmean(samp_cur[year_idx-1850, :], axis = 1)
/oscar/data/deeps/private/bfoxkemp/jnickla1/Thorne_15_codefigurestats/Methods/43_Forcing_Based/1_ERF_FaIR/FaIR_comb_unB_method.py:153: RuntimeWarning: Mean of empty slice
  return np.nanmean(samp_cur[year_idx-1850, :], axis = 1)
/oscar/data/deeps/private/bfoxkemp/jnickla1/Thorne_15_codefigurestats/Methods/43_Forcing_Based/1_ERF_FaIR/FaIR_anthro_method.py:67: RuntimeWarning: Mean of empty slice
  return np.nanmean(samp_cur[year_idx-1850, :], axis = 1)
/oscar/data/deeps/private/bfoxkemp/jnickla1/Thorne_15_codefigurestats/Methods/43_Forcing_Based/1_ERF_FaIR/FaIR_anthro_unB_method.py:89: RuntimeWarning: Mean of empty slice
  return np.nanmean(samp_cur[year_idx-1850, :], axis = 1)
/oscar/data/deeps/private/bfoxkemp/jnickla1/Thorne_15_codefigurestats/Methods/43_Forcing_Based/1_ERF_FaIR/FaIR_nonat_method.py:68: RuntimeWarning: Mean of empty slice
  return np.nanmean(samp_cur[year_idx-1850, :], axis = 1)
/oscar/data/deeps/private/bfoxkemp/jnickla1/Thorne_15_codefigurestats/Methods/43_Forcing_Based/1_ERF_FaIR/FaIR_nonat_unB_method.py:92: RuntimeWarning: Mean of empty slice
  return np.nanmean(samp_cur[year_idx-1850, :], axis = 1)
/oscar/data/deeps/private/bfoxkemp/jnickla1/Thorne_15_codefigurestats/Methods/43_Forcing_Based/1_ERF_FaIR/FaIR_all_method.py:68: RuntimeWarning: Mean of empty slice
  return np.nanmean(samp_cur[year_idx-1850, :], axis = 1)
/oscar/data/deeps/private/bfoxkemp/jnickla1/Thorne_15_codefigurestats/Methods/43_Forcing_Based/1_ERF_FaIR/FaIR_anthro_unB_method.py:89: RuntimeWarning: Mean of empty slice
  return np.nanmean(samp_cur[year_idx-1850, :], axis = 1)
/users/jnickla1/.conda/envs/cleanpy/lib/python3.13/site-packages/numpy/lib/_nanfunctions_impl.py:2019: RuntimeWarning: Degrees of freedom <= 0 for slice.
  var = nanvar(a, axis=axis, dtype=dtype, out=out, ddof=ddof,
/oscar/data/deeps/private/bfoxkemp/jnickla1/Thorne_15_codefigurestats/Methods/43_Forcing_Based/1_ERF_FaIR/FaIR_anthro_unB_method.py:117: RuntimeWarning: Mean of empty slice
  cdist = np.nanmean(dist)
/oscar/data/deeps/private/bfoxkemp/jnickla1/Thorne_15_codefigurestats/Methods/43_Forcing_Based/1_ERF_FaIR/FaIR_anthro_unB_method.py:89: RuntimeWarning: Mean of empty slice
  return np.nanmean(samp_cur[year_idx-1850, :], axis = 1)
/users/jnickla1/.conda/envs/cleanpy/lib/python3.13/site-packages/numpy/lib/_nanfunctions_impl.py:2019: RuntimeWarning: Degrees of freedom <= 0 for slice.
  var = nanvar(a, axis=axis, dtype=dtype, out=out, ddof=ddof,
/oscar/data/deeps/private/bfoxkemp/jnickla1/Thorne_15_codefigurestats/Methods/43_Forcing_Based/1_ERF_FaIR/FaIR_anthro_unB_method.py:117: RuntimeWarning: Mean of empty slice
  cdist = np.nanmean(dist)
/oscar/data/deeps/private/bfoxkemp/jnickla1/Thorne_15_codefigurestats/Methods/43_Forcing_Based/1_ERF_FaIR/FaIR_nonat_unB_method.py:72: RuntimeWarning: Mean of empty slice
  samp_mean =  np.nanmean(samp_cur, axis = 1)
/oscar/data/deeps/private/bfoxkemp/jnickla1/Thorne_15_codefigurestats/Methods/43_Forcing_Based/1_ERF_FaIR/FaIR_all_unB_method.py:90: RuntimeWarning: Mean of empty slice
  return np.nanmean(samp_cur[year_idx-1850, :], axis = 1)
/oscar/data/deeps/private/bfoxkemp/jnickla1/Thorne_15_codefigurestats/Methods/43_Forcing_Based/1_ERF_FaIR/FaIR_comb_unB_method.py:153: RuntimeWarning: Mean of empty slice
  return np.nanmean(samp_cur[year_idx-1850, :], axis = 1)
/oscar/data/deeps/private/bfoxkemp/jnickla1/Thorne_15_codefigurestats/Methods/43_Forcing_Based/1_ERF_FaIR/FaIR_all_method.py:68: RuntimeWarning: Mean of empty slice
  return np.nanmean(samp_cur[year_idx-1850, :], axis = 1)
/users/jnickla1/.conda/envs/cleanpy/lib/python3.13/site-packages/numpy/lib/_nanfunctions_impl.py:2019: RuntimeWarning: Degrees of freedom <= 0 for slice.
  var = nanvar(a, axis=axis, dtype=dtype, out=out, ddof=ddof,
/oscar/data/deeps/private/bfoxkemp/jnickla1/Thorne_15_codefigurestats/Methods/43_Forcing_Based/1_ERF_FaIR/FaIR_all_unB_method.py:90: RuntimeWarning: Mean of empty slice
  return np.nanmean(samp_cur[year_idx-1850, :], axis = 1)
/oscar/data/deeps/private/bfoxkemp/jnickla1/Thorne_15_codefigurestats/Methods/43_Forcing_Based/1_ERF_FaIR/FaIR_anthro_method.py:67: RuntimeWarning: Mean of empty slice
  return np.nanmean(samp_cur[year_idx-1850, :], axis = 1)
/oscar/data/deeps/private/bfoxkemp/jnickla1/Thorne_15_codefigurestats/Methods/43_Forcing_Based/1_ERF_FaIR/FaIR_anthro_unB_method.py:89: RuntimeWarning: Mean of empty slice
  return np.nanmean(samp_cur[year_idx-1850, :], axis = 1)
/oscar/data/deeps/private/bfoxkemp/jnickla1/Thorne_15_codefigurestats/Methods/43_Forcing_Based/1_ERF_FaIR/FaIR_comb_unB_method.py:153: RuntimeWarning: Mean of empty slice
  return np.nanmean(samp_cur[year_idx-1850, :], axis = 1)
/oscar/data/deeps/private/bfoxkemp/jnickla1/Thorne_15_codefigurestats/Methods/43_Forcing_Based/1_ERF_FaIR/FaIR_anthro_method.py:67: RuntimeWarning: Mean of empty slice
  return np.nanmean(samp_cur[year_idx-1850, :], axis = 1)
/oscar/data/deeps/private/bfoxkemp/jnickla1/Thorne_15_codefigurestats/Methods/43_Forcing_Based/1_ERF_FaIR/FaIR_nonat_method.py:68: RuntimeWarning: Mean of empty slice
  return np.nanmean(samp_cur[year_idx-1850, :], axis = 1)
/users/jnickla1/.conda/envs/cleanpy/lib/python3.13/site-packages/numpy/lib/_nanfunctions_impl.py:2019: RuntimeWarning: Degrees of freedom <= 0 for slice.
  var = nanvar(a, axis=axis, dtype=dtype, out=out, ddof=ddof,
/oscar/data/deeps/private/bfoxkemp/jnickla1/Thorne_15_codefigurestats/Methods/43_Forcing_Based/1_ERF_FaIR/FaIR_anthro_method.py:95: RuntimeWarning: Mean of empty slice
  cdist = np.nanmean(dist)
/oscar/data/deeps/private/bfoxkemp/jnickla1/Thorne_15_codefigurestats/Methods/43_Forcing_Based/1_ERF_FaIR/FaIR_nonat_unB_method.py:92: RuntimeWarning: Mean of empty slice
  return np.nanmean(samp_cur[year_idx-1850, :], axis = 1)
/oscar/data/deeps/private/bfoxkemp/jnickla1/Thorne_15_codefigurestats/Methods/43_Forcing_Based/1_ERF_FaIR/FaIR_anthro_method.py:67: RuntimeWarning: Mean of empty slice
  return np.nanmean(samp_cur[year_idx-1850, :], axis = 1)
/oscar/data/deeps/private/bfoxkemp/jnickla1/Thorne_15_codefigurestats/Methods/43_Forcing_Based/1_ERF_FaIR/FaIR_anthro_unB_method.py:89: RuntimeWarning: Mean of empty slice
  return np.nanmean(samp_cur[year_idx-1850, :], axis = 1)
/oscar/data/deeps/private/bfoxkemp/jnickla1/Thorne_15_codefigurestats/Methods/43_Forcing_Based/1_ERF_FaIR/FaIR_nonat_method.py:68: RuntimeWarning: Mean of empty slice
  return np.nanmean(samp_cur[year_idx-1850, :], axis = 1)
/oscar/data/deeps/private/bfoxkemp/jnickla1/Thorne_15_codefigurestats/Methods/43_Forcing_Based/1_ERF_FaIR/FaIR_nonat_unB_method.py:92: RuntimeWarning: Mean of empty slice
  return np.nanmean(samp_cur[year_idx-1850, :], axis = 1)
/oscar/data/deeps/private/bfoxkemp/jnickla1/Thorne_15_codefigurestats/Methods/43_Forcing_Based/1_ERF_FaIR/FaIR_all_method.py:68: RuntimeWarning: Mean of empty slice
  return np.nanmean(samp_cur[year_idx-1850, :], axis = 1)
/oscar/data/deeps/private/bfoxkemp/jnickla1/Thorne_15_codefigurestats/Methods/43_Forcing_Based/1_ERF_FaIR/FaIR_all_unB_method.py:90: RuntimeWarning: Mean of empty slice
  return np.nanmean(samp_cur[year_idx-1850, :], axis = 1)
/oscar/data/deeps/private/bfoxkemp/jnickla1/Thorne_15_codefigurestats/Methods/43_Forcing_Based/1_ERF_FaIR/FaIR_anthro_method.py:67: RuntimeWarning: Mean of empty slice
  return np.nanmean(samp_cur[year_idx-1850, :], axis = 1)
/users/jnickla1/.conda/envs/cleanpy/lib/python3.13/site-packages/numpy/lib/_nanfunctions_impl.py:2019: RuntimeWarning: Degrees of freedom <= 0 for slice.
  var = nanvar(a, axis=axis, dtype=dtype, out=out, ddof=ddof,
/oscar/data/deeps/private/bfoxkemp/jnickla1/Thorne_15_codefigurestats/Methods/43_Forcing_Based/1_ERF_FaIR/FaIR_anthro_method.py:95: RuntimeWarning: Mean of empty slice
  cdist = np.nanmean(dist)
/oscar/data/deeps/private/bfoxkemp/jnickla1/Thorne_15_codefigurestats/Methods/43_Forcing_Based/1_ERF_FaIR/FaIR_comb_unB_method.py:153: RuntimeWarning: Mean of empty slice
  return np.nanmean(samp_cur[year_idx-1850, :], axis = 1)
/oscar/data/deeps/private/bfoxkemp/jnickla1/Thorne_15_codefigurestats/Methods/43_Forcing_Based/1_ERF_FaIR/FaIR_anthro_method.py:67: RuntimeWarning: Mean of empty slice
  return np.nanmean(samp_cur[year_idx-1850, :], axis = 1)
/users/jnickla1/.conda/envs/cleanpy/lib/python3.13/site-packages/numpy/lib/_nanfunctions_impl.py:2019: RuntimeWarning: Degrees of freedom <= 0 for slice.
  var = nanvar(a, axis=axis, dtype=dtype, out=out, ddof=ddof,
/oscar/data/deeps/private/bfoxkemp/jnickla1/Thorne_15_codefigurestats/Methods/43_Forcing_Based/1_ERF_FaIR/FaIR_anthro_method.py:95: RuntimeWarning: Mean of empty slice
  cdist = np.nanmean(dist)
/oscar/data/deeps/private/bfoxkemp/jnickla1/Thorne_15_codefigurestats/Methods/43_Forcing_Based/1_ERF_FaIR/FaIR_nonat_method.py:68: RuntimeWarning: Mean of empty slice
  return np.nanmean(samp_cur[year_idx-1850, :], axis = 1)
/users/jnickla1/.conda/envs/cleanpy/lib/python3.13/site-packages/numpy/lib/_nanfunctions_impl.py:2019: RuntimeWarning: Degrees of freedom <= 0 for slice.
  var = nanvar(a, axis=axis, dtype=dtype, out=out, ddof=ddof,
/oscar/data/deeps/private/bfoxkemp/jnickla1/Thorne_15_codefigurestats/Methods/43_Forcing_Based/1_ERF_FaIR/FaIR_nonat_method.py:96: RuntimeWarning: Mean of empty slice
  cdist = np.nanmean(dist)
/oscar/data/deeps/private/bfoxkemp/jnickla1/Thorne_15_codefigurestats/Methods/43_Forcing_Based/1_ERF_FaIR/FaIR_nonat_method.py:68: RuntimeWarning: Mean of empty slice
  return np.nanmean(samp_cur[year_idx-1850, :], axis = 1)
/users/jnickla1/.conda/envs/cleanpy/lib/python3.13/site-packages/numpy/lib/_nanfunctions_impl.py:2019: RuntimeWarning: Degrees of freedom <= 0 for slice.
  var = nanvar(a, axis=axis, dtype=dtype, out=out, ddof=ddof,
/oscar/data/deeps/private/bfoxkemp/jnickla1/Thorne_15_codefigurestats/Methods/43_Forcing_Based/1_ERF_FaIR/FaIR_nonat_method.py:96: RuntimeWarning: Mean of empty slice
  cdist = np.nanmean(dist)
/oscar/data/deeps/private/bfoxkemp/jnickla1/Thorne_15_codefigurestats/Methods/43_Forcing_Based/1_ERF_FaIR/FaIR_anthro_unB_method.py:89: RuntimeWarning: Mean of empty slice
  return np.nanmean(samp_cur[year_idx-1850, :], axis = 1)
/users/jnickla1/.conda/envs/cleanpy/lib/python3.13/site-packages/numpy/lib/_nanfunctions_impl.py:2019: RuntimeWarning: Degrees of freedom <= 0 for slice.
  var = nanvar(a, axis=axis, dtype=dtype, out=out, ddof=ddof,
/oscar/data/deeps/private/bfoxkemp/jnickla1/Thorne_15_codefigurestats/Methods/43_Forcing_Based/1_ERF_FaIR/FaIR_anthro_unB_method.py:117: RuntimeWarning: Mean of empty slice
  cdist = np.nanmean(dist)
/oscar/data/deeps/private/bfoxkemp/jnickla1/Thorne_15_codefigurestats/Methods/43_Forcing_Based/1_ERF_FaIR/FaIR_anthro_unB_method.py:89: RuntimeWarning: Mean of empty slice
  return np.nanmean(samp_cur[year_idx-1850, :], axis = 1)
/users/jnickla1/.conda/envs/cleanpy/lib/python3.13/site-packages/numpy/lib/_nanfunctions_impl.py:2019: RuntimeWarning: Degrees of freedom <= 0 for slice.
  var = nanvar(a, axis=axis, dtype=dtype, out=out, ddof=ddof,
/oscar/data/deeps/private/bfoxkemp/jnickla1/Thorne_15_codefigurestats/Methods/43_Forcing_Based/1_ERF_FaIR/FaIR_anthro_unB_method.py:117: RuntimeWarning: Mean of empty slice
  cdist = np.nanmean(dist)
/oscar/data/deeps/private/bfoxkemp/jnickla1/Thorne_15_codefigurestats/fut_evaluation_script.py:427: RuntimeWarning: Mean of empty slice
  evalmean = np.nanmean(diffcross) #if crossing multiple times take the mean
/oscar/data/deeps/private/bfoxkemp/jnickla1/Thorne_15_codefigurestats/Methods/43_Forcing_Based/1_ERF_FaIR/FaIR_anthro_unB_method.py:89: RuntimeWarning: Mean of empty slice
  return np.nanmean(samp_cur[year_idx-1850, :], axis = 1)
/users/jnickla1/.conda/envs/cleanpy/lib/python3.13/site-packages/numpy/lib/_nanfunctions_impl.py:2019: RuntimeWarning: Degrees of freedom <= 0 for slice.
  var = nanvar(a, axis=axis, dtype=dtype, out=out, ddof=ddof,
/oscar/data/deeps/private/bfoxkemp/jnickla1/Thorne_15_codefigurestats/Methods/43_Forcing_Based/1_ERF_FaIR/FaIR_anthro_unB_method.py:117: RuntimeWarning: Mean of empty slice
  cdist = np.nanmean(dist)
/oscar/data/deeps/private/bfoxkemp/jnickla1/Thorne_15_codefigurestats/Methods/43_Forcing_Based/1_ERF_FaIR/FaIR_nonat_unB_method.py:92: RuntimeWarning: Mean of empty slice
  return np.nanmean(samp_cur[year_idx-1850, :], axis = 1)
/users/jnickla1/.conda/envs/cleanpy/lib/python3.13/site-packages/numpy/lib/_nanfunctions_impl.py:2019: RuntimeWarning: Degrees of freedom <= 0 for slice.
  var = nanvar(a, axis=axis, dtype=dtype, out=out, ddof=ddof,
/oscar/data/deeps/private/bfoxkemp/jnickla1/Thorne_15_codefigurestats/Methods/43_Forcing_Based/1_ERF_FaIR/FaIR_nonat_unB_method.py:120: RuntimeWarning: Mean of empty slice
  cdist = np.nanmean(dist)
/oscar/data/deeps/private/bfoxkemp/jnickla1/Thorne_15_codefigurestats/Methods/43_Forcing_Based/1_ERF_FaIR/FaIR_nonat_method.py:68: RuntimeWarning: Mean of empty slice
  return np.nanmean(samp_cur[year_idx-1850, :], axis = 1)
/users/jnickla1/.conda/envs/cleanpy/lib/python3.13/site-packages/numpy/lib/_nanfunctions_impl.py:2019: RuntimeWarning: Degrees of freedom <= 0 for slice.
  var = nanvar(a, axis=axis, dtype=dtype, out=out, ddof=ddof,
/oscar/data/deeps/private/bfoxkemp/jnickla1/Thorne_15_codefigurestats/Methods/43_Forcing_Based/1_ERF_FaIR/FaIR_nonat_method.py:96: RuntimeWarning: Mean of empty slice
  cdist = np.nanmean(dist)
/oscar/data/deeps/private/bfoxkemp/jnickla1/Thorne_15_codefigurestats/Methods/43_Forcing_Based/1_ERF_FaIR/FaIR_nonat_unB_method.py:92: RuntimeWarning: Mean of empty slice
  return np.nanmean(samp_cur[year_idx-1850, :], axis = 1)
/users/jnickla1/.conda/envs/cleanpy/lib/python3.13/site-packages/numpy/lib/_nanfunctions_impl.py:2019: RuntimeWarning: Degrees of freedom <= 0 for slice.
  var = nanvar(a, axis=axis, dtype=dtype, out=out, ddof=ddof,
/oscar/data/deeps/private/bfoxkemp/jnickla1/Thorne_15_codefigurestats/Methods/43_Forcing_Based/1_ERF_FaIR/FaIR_nonat_unB_method.py:120: RuntimeWarning: Mean of empty slice
  cdist = np.nanmean(dist)
/oscar/data/deeps/private/bfoxkemp/jnickla1/Thorne_15_codefigurestats/Methods/43_Forcing_Based/1_ERF_FaIR/FaIR_nonat_method.py:68: RuntimeWarning: Mean of empty slice
  return np.nanmean(samp_cur[year_idx-1850, :], axis = 1)
/users/jnickla1/.conda/envs/cleanpy/lib/python3.13/site-packages/numpy/lib/_nanfunctions_impl.py:2019: RuntimeWarning: Degrees of freedom <= 0 for slice.
  var = nanvar(a, axis=axis, dtype=dtype, out=out, ddof=ddof,
/oscar/data/deeps/private/bfoxkemp/jnickla1/Thorne_15_codefigurestats/Methods/43_Forcing_Based/1_ERF_FaIR/FaIR_nonat_method.py:96: RuntimeWarning: Mean of empty slice
  cdist = np.nanmean(dist)
/oscar/data/deeps/private/bfoxkemp/jnickla1/Thorne_15_codefigurestats/Methods/43_Forcing_Based/1_ERF_FaIR/FaIR_nonat_unB_method.py:92: RuntimeWarning: Mean of empty slice
  return np.nanmean(samp_cur[year_idx-1850, :], axis = 1)
/users/jnickla1/.conda/envs/cleanpy/lib/python3.13/site-packages/numpy/lib/_nanfunctions_impl.py:2019: RuntimeWarning: Degrees of freedom <= 0 for slice.
  var = nanvar(a, axis=axis, dtype=dtype, out=out, ddof=ddof,
/oscar/data/deeps/private/bfoxkemp/jnickla1/Thorne_15_codefigurestats/Methods/43_Forcing_Based/1_ERF_FaIR/FaIR_nonat_unB_method.py:120: RuntimeWarning: Mean of empty slice
  cdist = np.nanmean(dist)
/oscar/data/deeps/private/bfoxkemp/jnickla1/Thorne_15_codefigurestats/Methods/43_Forcing_Based/1_ERF_FaIR/FaIR_all_method.py:68: RuntimeWarning: Mean of empty slice
  return np.nanmean(samp_cur[year_idx-1850, :], axis = 1)
/users/jnickla1/.conda/envs/cleanpy/lib/python3.13/site-packages/numpy/lib/_nanfunctions_impl.py:2019: RuntimeWarning: Degrees of freedom <= 0 for slice.
  var = nanvar(a, axis=axis, dtype=dtype, out=out, ddof=ddof,
/oscar/data/deeps/private/bfoxkemp/jnickla1/Thorne_15_codefigurestats/Methods/43_Forcing_Based/1_ERF_FaIR/FaIR_all_method.py:96: RuntimeWarning: Mean of empty slice
  cdist = np.nanmean(dist)
/oscar/data/deeps/private/bfoxkemp/jnickla1/Thorne_15_codefigurestats/Methods/43_Forcing_Based/1_ERF_FaIR/FaIR_all_method.py:68: RuntimeWarning: Mean of empty slice
  return np.nanmean(samp_cur[year_idx-1850, :], axis = 1)
/users/jnickla1/.conda/envs/cleanpy/lib/python3.13/site-packages/numpy/lib/_nanfunctions_impl.py:2019: RuntimeWarning: Degrees of freedom <= 0 for slice.
  var = nanvar(a, axis=axis, dtype=dtype, out=out, ddof=ddof,
/oscar/data/deeps/private/bfoxkemp/jnickla1/Thorne_15_codefigurestats/Methods/43_Forcing_Based/1_ERF_FaIR/FaIR_all_method.py:96: RuntimeWarning: Mean of empty slice
  cdist = np.nanmean(dist)
/oscar/data/deeps/private/bfoxkemp/jnickla1/Thorne_15_codefigurestats/Methods/43_Forcing_Based/1_ERF_FaIR/FaIR_nonat_method.py:68: RuntimeWarning: Mean of empty slice
  return np.nanmean(samp_cur[year_idx-1850, :], axis = 1)
/users/jnickla1/.conda/envs/cleanpy/lib/python3.13/site-packages/numpy/lib/_nanfunctions_impl.py:2019: RuntimeWarning: Degrees of freedom <= 0 for slice.
  var = nanvar(a, axis=axis, dtype=dtype, out=out, ddof=ddof,
/oscar/data/deeps/private/bfoxkemp/jnickla1/Thorne_15_codefigurestats/Methods/43_Forcing_Based/1_ERF_FaIR/FaIR_nonat_method.py:96: RuntimeWarning: Mean of empty slice
  cdist = np.nanmean(dist)
/oscar/data/deeps/private/bfoxkemp/jnickla1/Thorne_15_codefigurestats/Methods/43_Forcing_Based/1_ERF_FaIR/FaIR_nonat_unB_method.py:92: RuntimeWarning: Mean of empty slice
  return np.nanmean(samp_cur[year_idx-1850, :], axis = 1)
/users/jnickla1/.conda/envs/cleanpy/lib/python3.13/site-packages/numpy/lib/_nanfunctions_impl.py:2019: RuntimeWarning: Degrees of freedom <= 0 for slice.
  var = nanvar(a, axis=axis, dtype=dtype, out=out, ddof=ddof,
/oscar/data/deeps/private/bfoxkemp/jnickla1/Thorne_15_codefigurestats/Methods/43_Forcing_Based/1_ERF_FaIR/FaIR_nonat_unB_method.py:120: RuntimeWarning: Mean of empty slice
  cdist = np.nanmean(dist)
/oscar/data/deeps/private/bfoxkemp/jnickla1/Thorne_15_codefigurestats/fut_evaluation_script.py:427: RuntimeWarning: Mean of empty slice
  evalmean = np.nanmean(diffcross) #if crossing multiple times take the mean
/oscar/data/deeps/private/bfoxkemp/jnickla1/Thorne_15_codefigurestats/Methods/43_Forcing_Based/1_ERF_FaIR/FaIR_all_method.py:68: RuntimeWarning: Mean of empty slice
  return np.nanmean(samp_cur[year_idx-1850, :], axis = 1)
/users/jnickla1/.conda/envs/cleanpy/lib/python3.13/site-packages/numpy/lib/_nanfunctions_impl.py:2019: RuntimeWarning: Degrees of freedom <= 0 for slice.
  var = nanvar(a, axis=axis, dtype=dtype, out=out, ddof=ddof,
/oscar/data/deeps/private/bfoxkemp/jnickla1/Thorne_15_codefigurestats/Methods/43_Forcing_Based/1_ERF_FaIR/FaIR_all_method.py:96: RuntimeWarning: Mean of empty slice
  cdist = np.nanmean(dist)
/oscar/data/deeps/private/bfoxkemp/jnickla1/Thorne_15_codefigurestats/fut_evaluation_script.py:427: RuntimeWarning: Mean of empty slice
  evalmean = np.nanmean(diffcross) #if crossing multiple times take the mean
/oscar/data/deeps/private/bfoxkemp/jnickla1/Thorne_15_codefigurestats/fut_evaluation_script.py:464: RuntimeWarning: Mean of empty slice
  evalmean = np.nanmean(diffcrossE) #if crossing multiple times take the mean
/oscar/data/deeps/private/bfoxkemp/jnickla1/Thorne_15_codefigurestats/fut_evaluation_script.py:464: RuntimeWarning: Mean of empty slice
  evalmean = np.nanmean(diffcrossE) #if crossing multiple times take the mean
/oscar/data/deeps/private/bfoxkemp/jnickla1/Thorne_15_codefigurestats/Methods/43_Forcing_Based/1_ERF_FaIR/FaIR_all_method.py:68: RuntimeWarning: Mean of empty slice
  return np.nanmean(samp_cur[year_idx-1850, :], axis = 1)
/users/jnickla1/.conda/envs/cleanpy/lib/python3.13/site-packages/numpy/lib/_nanfunctions_impl.py:2019: RuntimeWarning: Degrees of freedom <= 0 for slice.
  var = nanvar(a, axis=axis, dtype=dtype, out=out, ddof=ddof,
/oscar/data/deeps/private/bfoxkemp/jnickla1/Thorne_15_codefigurestats/Methods/43_Forcing_Based/1_ERF_FaIR/FaIR_all_method.py:96: RuntimeWarning: Mean of empty slice
  cdist = np.nanmean(dist)
/oscar/data/deeps/private/bfoxkemp/jnickla1/Thorne_15_codefigurestats/Methods/43_Forcing_Based/1_ERF_FaIR/FaIR_all_unB_method.py:90: RuntimeWarning: Mean of empty slice
  return np.nanmean(samp_cur[year_idx-1850, :], axis = 1)
/users/jnickla1/.conda/envs/cleanpy/lib/python3.13/site-packages/numpy/lib/_nanfunctions_impl.py:2019: RuntimeWarning: Degrees of freedom <= 0 for slice.
  var = nanvar(a, axis=axis, dtype=dtype, out=out, ddof=ddof,
/oscar/data/deeps/private/bfoxkemp/jnickla1/Thorne_15_codefigurestats/Methods/43_Forcing_Based/1_ERF_FaIR/FaIR_all_unB_method.py:118: RuntimeWarning: Mean of empty slice
  cdist = np.nanmean(dist)
/oscar/data/deeps/private/bfoxkemp/jnickla1/Thorne_15_codefigurestats/Methods/43_Forcing_Based/1_ERF_FaIR/FaIR_all_unB_method.py:90: RuntimeWarning: Mean of empty slice
  return np.nanmean(samp_cur[year_idx-1850, :], axis = 1)
/users/jnickla1/.conda/envs/cleanpy/lib/python3.13/site-packages/numpy/lib/_nanfunctions_impl.py:2019: RuntimeWarning: Degrees of freedom <= 0 for slice.
  var = nanvar(a, axis=axis, dtype=dtype, out=out, ddof=ddof,
/oscar/data/deeps/private/bfoxkemp/jnickla1/Thorne_15_codefigurestats/Methods/43_Forcing_Based/1_ERF_FaIR/FaIR_all_unB_method.py:118: RuntimeWarning: Mean of empty slice
  cdist = np.nanmean(dist)
/oscar/data/deeps/private/bfoxkemp/jnickla1/Thorne_15_codefigurestats/Methods/43_Forcing_Based/1_ERF_FaIR/FaIR_nonat_unB_method.py:92: RuntimeWarning: Mean of empty slice
  return np.nanmean(samp_cur[year_idx-1850, :], axis = 1)
/users/jnickla1/.conda/envs/cleanpy/lib/python3.13/site-packages/numpy/lib/_nanfunctions_impl.py:2019: RuntimeWarning: Degrees of freedom <= 0 for slice.
  var = nanvar(a, axis=axis, dtype=dtype, out=out, ddof=ddof,
/oscar/data/deeps/private/bfoxkemp/jnickla1/Thorne_15_codefigurestats/Methods/43_Forcing_Based/1_ERF_FaIR/FaIR_nonat_unB_method.py:120: RuntimeWarning: Mean of empty slice
  cdist = np.nanmean(dist)
/oscar/data/deeps/private/bfoxkemp/jnickla1/Thorne_15_codefigurestats/Methods/43_Forcing_Based/1_ERF_FaIR/FaIR_all_unB_method.py:90: RuntimeWarning: Mean of empty slice
  return np.nanmean(samp_cur[year_idx-1850, :], axis = 1)
/users/jnickla1/.conda/envs/cleanpy/lib/python3.13/site-packages/numpy/lib/_nanfunctions_impl.py:2019: RuntimeWarning: Degrees of freedom <= 0 for slice.
  var = nanvar(a, axis=axis, dtype=dtype, out=out, ddof=ddof,
/oscar/data/deeps/private/bfoxkemp/jnickla1/Thorne_15_codefigurestats/Methods/43_Forcing_Based/1_ERF_FaIR/FaIR_all_unB_method.py:118: RuntimeWarning: Mean of empty slice
  cdist = np.nanmean(dist)
/oscar/data/deeps/private/bfoxkemp/jnickla1/Thorne_15_codefigurestats/Methods/43_Forcing_Based/1_ERF_FaIR/FaIR_comb_unB_method.py:153: RuntimeWarning: Mean of empty slice
  return np.nanmean(samp_cur[year_idx-1850, :], axis = 1)
/users/jnickla1/.conda/envs/cleanpy/lib/python3.13/site-packages/numpy/lib/_nanfunctions_impl.py:2019: RuntimeWarning: Degrees of freedom <= 0 for slice.
  var = nanvar(a, axis=axis, dtype=dtype, out=out, ddof=ddof,
/oscar/data/deeps/private/bfoxkemp/jnickla1/Thorne_15_codefigurestats/Methods/43_Forcing_Based/1_ERF_FaIR/FaIR_comb_unB_method.py:181: RuntimeWarning: Mean of empty slice
  cdist = np.nanmean(dist)
/oscar/data/deeps/private/bfoxkemp/jnickla1/Thorne_15_codefigurestats/Methods/43_Forcing_Based/1_ERF_FaIR/FaIR_all_unB_method.py:90: RuntimeWarning: Mean of empty slice
  return np.nanmean(samp_cur[year_idx-1850, :], axis = 1)
/users/jnickla1/.conda/envs/cleanpy/lib/python3.13/site-packages/numpy/lib/_nanfunctions_impl.py:2019: RuntimeWarning: Degrees of freedom <= 0 for slice.
  var = nanvar(a, axis=axis, dtype=dtype, out=out, ddof=ddof,
/oscar/data/deeps/private/bfoxkemp/jnickla1/Thorne_15_codefigurestats/Methods/43_Forcing_Based/1_ERF_FaIR/FaIR_all_unB_method.py:118: RuntimeWarning: Mean of empty slice
  cdist = np.nanmean(dist)
/oscar/data/deeps/private/bfoxkemp/jnickla1/Thorne_15_codefigurestats/Methods/43_Forcing_Based/1_ERF_FaIR/FaIR_comb_unB_method.py:153: RuntimeWarning: Mean of empty slice
  return np.nanmean(samp_cur[year_idx-1850, :], axis = 1)
/users/jnickla1/.conda/envs/cleanpy/lib/python3.13/site-packages/numpy/lib/_nanfunctions_impl.py:2019: RuntimeWarning: Degrees of freedom <= 0 for slice.
  var = nanvar(a, axis=axis, dtype=dtype, out=out, ddof=ddof,
/oscar/data/deeps/private/bfoxkemp/jnickla1/Thorne_15_codefigurestats/Methods/43_Forcing_Based/1_ERF_FaIR/FaIR_comb_unB_method.py:181: RuntimeWarning: Mean of empty slice
  cdist = np.nanmean(dist)
/oscar/data/deeps/private/bfoxkemp/jnickla1/Thorne_15_codefigurestats/Methods/43_Forcing_Based/1_ERF_FaIR/FaIR_comb_unB_method.py:153: RuntimeWarning: Mean of empty slice
  return np.nanmean(samp_cur[year_idx-1850, :], axis = 1)
/users/jnickla1/.conda/envs/cleanpy/lib/python3.13/site-packages/numpy/lib/_nanfunctions_impl.py:2019: RuntimeWarning: Degrees of freedom <= 0 for slice.
  var = nanvar(a, axis=axis, dtype=dtype, out=out, ddof=ddof,
/oscar/data/deeps/private/bfoxkemp/jnickla1/Thorne_15_codefigurestats/Methods/43_Forcing_Based/1_ERF_FaIR/FaIR_comb_unB_method.py:181: RuntimeWarning: Mean of empty slice
  cdist = np.nanmean(dist)
/oscar/data/deeps/private/bfoxkemp/jnickla1/Thorne_15_codefigurestats/Methods/43_Forcing_Based/1_ERF_FaIR/FaIR_all_method.py:68: RuntimeWarning: Mean of empty slice
  return np.nanmean(samp_cur[year_idx-1850, :], axis = 1)
/users/jnickla1/.conda/envs/cleanpy/lib/python3.13/site-packages/numpy/lib/_nanfunctions_impl.py:2019: RuntimeWarning: Degrees of freedom <= 0 for slice.
  var = nanvar(a, axis=axis, dtype=dtype, out=out, ddof=ddof,
/oscar/data/deeps/private/bfoxkemp/jnickla1/Thorne_15_codefigurestats/Methods/43_Forcing_Based/1_ERF_FaIR/FaIR_all_method.py:96: RuntimeWarning: Mean of empty slice
  cdist = np.nanmean(dist)
starting computation for fut_NorESM_RCP45_VolcConst
max_runs10
Model number:
9




Methods/42_Temp_Alone/1_Run_Means/cent10y_method.py
Methods/42_Temp_Alone/1_Run_Means/cent20y_method.py
Methods/42_Temp_Alone/1_Run_Means/cent21y_method.py
Methods/42_Temp_Alone/1_Run_Means/cent30y_method.py
Methods/42_Temp_Alone/1_Run_Means/lag10y_method.py
Methods/42_Temp_Alone/1_Run_Means/lag5y_method.py
Methods/42_Temp_Alone/1_Run_Means/offset11y_method.py
Methods/42_Temp_Alone/1_Run_Means/raw1y_method.py
Methods/43_Forcing_Based/1_ERF_FaIR/FaIR_all_method.py
Methods/43_Forcing_Based/1_ERF_FaIR/FaIR_all_unB_method.py
Methods/43_Forcing_Based/1_ERF_FaIR/FaIR_anthro_method.py
Methods/43_Forcing_Based/1_ERF_FaIR/FaIR_anthro_unB_method.py
Methods/43_Forcing_Based/1_ERF_FaIR/FaIR_comb_unB_method.py
Methods/43_Forcing_Based/1_ERF_FaIR/FaIR_nonat_method.py
Methods/43_Forcing_Based/1_ERF_FaIR/FaIR_nonat_unB_method.py
evaluating 13 of 0.1°C thresholds, starting at 1.1°C
11
FaIR_anthro sampled, d llike: -0.6353305366496373
FaIR_anthro sampled, d llike: -89.85688676050889
FaIR_anthro_unB sampled, d llike: 0.005444184197907265
FaIR_anthro_unB sampled, d llike: -11.381275004772181
FaIR_nonat sampled, d llike: 0.07431670248639034
FaIR_nonat sampled, d llike: 0.18880467568828074
FaIR_nonat_unB sampled, d llike: 0.0008037818999349078
FaIR_nonat_unB sampled, d llike: -0.023413258476819965
FaIR_all sampled, d llike: -15384.397948201024
FaIR_all sampled, d llike: 0.15260627141968763
FaIR_all_unB sampled, d llike: -0.032509881752875724
FaIR_all_unB sampled, d llike: -0.027940511161473447
FaIR_comb_unB sampled, d llike: -0.07796145740308713
FaIR_comb_unB sampled, d llike: 0.1835622708346638
        method_name    method_class c/r  smooth_r  avg_unc.(1se)  #q<0.5  #q<0.1    log-likeli       RMS      bias        tlog-l      100log-l    100RMS     75RMS   100bias       l15       l20    bias50   Edyrs15    Edyrs20   Mdyrs15    Mdyrs20   Fdyrs15    Fdyrs20     EdyrsA    RMSyrsA  ncEdyrs     e100log-l   e100RMS    e75RMS  e100bias      el15      el20   ebias50   eEdyrs15      eEdyrs20   eMdyrs15      eMdyrs20   eFdyrs15      eFdyrs20    eEdyrsA   eRMSyrsA  nceEdyrs
8         offset11y  42/1_Run_Means   c     2.632       0.032477     191     106     -0.413971  0.081065  0.062568 -9.521325e+01  1.640182e+02  0.034419  0.035902  0.019708  8.942965  9.039828  0.041171  0.916667  -3.000000  0.916667  -3.000000  0.916667  -3.000000  -1.493590   2.608029     13.0  1.228143e+02  0.041586  0.043815  0.015202  1.543129  6.795010  0.042839   2.416667 -3.333333e+00   2.416667 -3.333333e+00   2.416667 -3.333333e+00  -1.083333   1.083333      13.0
15   FaIR_nonat_unB   43/1_ERF_FaIR   c     2.540       0.091571       0       0      1.121317  0.074934 -0.044343  1.794107e+02  1.180733e+02  0.041874  0.037836 -0.006691  3.949971  4.129262 -0.026281 -0.583333   0.833333 -0.583333   0.833333 -0.583333   0.833333  -0.089744   2.200185     13.0  1.215648e+02  0.032090  0.028753 -0.011196  3.787523  4.146993 -0.024614   0.916667  5.000000e-01   0.916667  5.000000e-01   0.916667  5.000000e-01   0.320513   0.320513      13.0
21    FaIR_comb_unB   43/1_ERF_FaIR   c     2.899       0.079979      76       0     -0.603814  0.154148 -0.109284 -9.419491e+01  1.162742e+02  0.062671  0.067372 -0.027180  4.796633  4.195238 -0.068091 -0.333333   2.083333 -0.333333   2.083333 -0.333333   2.083333   1.910256   5.013124     13.0  1.216303e+02  0.055803  0.061324 -0.031686  4.486664  4.382128 -0.066424   1.166667  1.750000e+00   1.166667  1.750000e+00   1.166667  1.750000e+00   2.320513   2.320513      13.0
19     FaIR_all_unB   43/1_ERF_FaIR   c     3.357       0.092554       0       0      1.131309  0.069141 -0.025202  1.810095e+02  1.136175e+02  0.048952  0.048668 -0.015113  4.102837  3.993156 -0.037716 -0.333333   0.333333 -0.333333   0.333333 -0.333333   0.333333   0.730769   3.271053     13.0  1.167068e+02  0.040466  0.041722 -0.019618  3.632198  3.970156 -0.036048   1.166667  1.673470e-10   1.166667  1.673470e-10   1.166667  1.673470e-10   1.141026   1.141026      13.0
1             lag5y  42/1_Run_Means   c     5.921       0.040140      84      25      0.935683  0.056309 -0.019314  2.152070e+02  1.110364e+02  0.045260  0.047388 -0.033413  1.602103  4.994647 -0.026190  1.166667   2.333333  1.166667   2.333333  1.166667   2.333333   2.157051   2.492108     15.0  7.490671e+01  0.055466  0.058924 -0.037918  0.017933  6.336205 -0.024523   2.666667  2.000000e+00   2.666667  2.000000e+00   2.666667  2.000000e+00   2.567308   2.567308      15.0
11  FaIR_anthro_unB   43/1_ERF_FaIR   c     1.942       0.096669      17       0      0.725062  0.095992 -0.057119  1.160099e+02  1.101098e+02  0.045969  0.040562 -0.002833  3.504326  3.526687 -0.026788 -1.000000   0.750000 -1.000000   0.750000 -1.000000   0.750000  -0.134615   2.620494     13.0  1.118000e+02  0.034436  0.028849 -0.007339  3.607936  3.524835 -0.025121   0.500000  4.166667e-01   0.500000  4.166667e-01   0.500000  4.166667e-01   0.275641   0.275641      13.0
2             raw1y  42/1_Run_Means   c    33.497       0.105876       0       0      0.913988  0.096056 -0.000605  2.102172e+02  9.801826e+01  0.078015  0.081061  0.003318  3.698313  2.542538  0.001604 -3.875000  -0.583333 -6.416667   7.000000 -6.416667  -6.833333  -0.689316   2.061637     41.2  9.548813e+01  0.081372  0.083901 -0.001187  4.091661  2.718245  0.003271  -2.375000 -9.166667e-01  -4.916667 -7.166667e+00  -4.916667 -7.166667e+00  -0.279060   0.279060      41.2
13       FaIR_nonat   43/1_ERF_FaIR   c     2.513       0.114369     145       0     -0.083137  0.184594 -0.173042 -1.330184e+01  5.007617e+01  0.136763  0.140629 -0.130366  2.225818  1.618609 -0.149954  5.500000  10.333333  5.500000  10.333333  5.500000  10.333333   7.865385   8.978934     13.0  4.942659e+01  0.138183  0.143251 -0.134871  1.424724  1.734827 -0.148286   7.000000  1.000000e+01   7.000000  1.000000e+01   7.000000  1.000000e+01   8.275641   8.275641      13.0
9       FaIR_anthro   43/1_ERF_FaIR   c     1.940       0.096645     145      48     -1.868202  0.191422 -0.175189 -2.989123e+02  4.903719e+01  0.129322  0.132332 -0.120901  2.513912  1.538554 -0.144898  5.166667   9.750000  5.166667   9.750000  5.166667   9.750000   7.185897   8.503487     13.0  4.895939e+01  0.129843  0.134107 -0.125406  1.543501  1.633524 -0.143231   6.666667  9.416667e+00   6.666667  9.416667e+00   6.666667  9.416667e+00   7.596154   7.596154      13.0
0            lag10y  42/1_Run_Means   c     2.977       0.033345     155      84      0.113484  0.064665 -0.042801  2.610130e+01 -1.835378e+02  0.085113  0.084781 -0.080805  0.047656  0.436928 -0.061295  4.750000   3.750000  4.750000   3.750000  4.750000   3.750000   4.673077   4.791987     13.0 -2.306569e+02  0.093472  0.094595 -0.085310  0.000180  0.853353 -0.059627   6.250000  3.416667e+00   6.250000  3.416667e+00   6.250000  3.416667e+00   5.083333   5.083333      13.0
17         FaIR_all   43/1_ERF_FaIR   c     3.368       0.005586     160     160 -16794.478965  0.211272 -0.197702 -2.687117e+06 -1.412373e+06  0.204889  0.210640 -0.199525  0.000000  0.000000 -0.222160  8.916667  18.666667  8.916667  18.666667  8.916667  18.666667  13.198718  14.883109     11.0 -1.443775e+06  0.207080  0.213900 -0.204031  0.000000  0.000000 -0.220493  10.416667  1.833333e+01  10.416667  1.833333e+01  10.416667  1.833333e+01  13.551282  13.551282      11.0
4.728265012
finished this run
starting computation for fut_ESM1-2-LR_SSP126_constVolc
max_runs10
Model number:
9




Methods/42_Temp_Alone/1_Run_Means/cent10y_method.py
Methods/42_Temp_Alone/1_Run_Means/cent20y_method.py
Methods/42_Temp_Alone/1_Run_Means/cent21y_method.py
Methods/42_Temp_Alone/1_Run_Means/cent30y_method.py
Methods/42_Temp_Alone/1_Run_Means/lag10y_method.py
Methods/42_Temp_Alone/1_Run_Means/lag5y_method.py
Methods/42_Temp_Alone/1_Run_Means/offset11y_method.py
Methods/42_Temp_Alone/1_Run_Means/raw1y_method.py
Methods/43_Forcing_Based/1_ERF_FaIR/FaIR_all_method.py
Methods/43_Forcing_Based/1_ERF_FaIR/FaIR_all_unB_method.py
Methods/43_Forcing_Based/1_ERF_FaIR/FaIR_anthro_method.py
Methods/43_Forcing_Based/1_ERF_FaIR/FaIR_anthro_unB_method.py
Methods/43_Forcing_Based/1_ERF_FaIR/FaIR_comb_unB_method.py
Methods/43_Forcing_Based/1_ERF_FaIR/FaIR_nonat_method.py
Methods/43_Forcing_Based/1_ERF_FaIR/FaIR_nonat_unB_method.py
evaluating 6 of 0.1°C thresholds, starting at 1.1°C
11
FaIR_anthro sampled, d llike: 0.04843248243897136
FaIR_anthro sampled, d llike: -4.232624424939074
FaIR_anthro_unB sampled, d llike: 0.01924007734918587
FaIR_anthro_unB sampled, d llike: -5.37351775798939
FaIR_nonat sampled, d llike: -0.03821027541049449
FaIR_nonat sampled, d llike: -0.05116187690694607
FaIR_nonat_unB sampled, d llike: -0.030301559476895168
FaIR_nonat_unB sampled, d llike: -0.06051900569893098
FaIR_all sampled, d llike: -1943.101437109957
FaIR_all sampled, d llike: -0.07950444919926203
FaIR_all_unB sampled, d llike: -0.025229306693348885
FaIR_all_unB sampled, d llike: -0.059409556113490525
FaIR_comb_unB sampled, d llike: -0.03732243254007317
FaIR_comb_unB sampled, d llike: 0.11255530256016916
        method_name    method_class c/r  smooth_r  avg_unc.(1se)  #q<0.5  #q<0.1   log-likeli       RMS      bias         tlog-l       100log-l    100RMS     75RMS   100bias            l15  l20    bias50   Edyrs15  Edyrs20    Mdyrs15  Mdyrs20   Fdyrs15  Fdyrs20    EdyrsA   RMSyrsA  ncEdyrs      e100log-l   e100RMS    e75RMS  e100bias           el15  el20   ebias50  eEdyrs15  eEdyrs20   eMdyrs15  eMdyrs20  eFdyrs15  eFdyrs20   eEdyrsA  eRMSyrsA  nceEdyrs
21    FaIR_comb_unB   43/1_ERF_FaIR   c     2.003       0.071168       0       0     1.448717  0.049061 -0.012624     227.448640     136.261483  0.044340  0.044259 -0.002339   4.747546e+00  0.0 -0.025537  4.583333       -1   4.583333       -1  4.583333       -1  0.611111  6.913152      7.0     143.716973  0.034554  0.032096  0.008216   4.779758e+00   0.0 -0.007390  3.083333        -1   3.083333        -1  3.083333        -1 -0.069444  0.069444       7.0
9       FaIR_anthro   43/1_ERF_FaIR   c     1.609       0.081795      47       0     0.896056  0.084917 -0.023776     144.265000     121.381578  0.054842  0.054193  0.020648   4.158296e+00  0.0 -0.014175 -2.583333       -1  -2.583333       -1 -2.583333       -1 -2.965278  5.709828      7.0     125.298668  0.050882  0.048583  0.031203   4.031853e+00   0.0  0.003971 -4.083333        -1  -4.083333        -1 -4.083333        -1 -3.645833  3.645833       7.0
11  FaIR_anthro_unB   43/1_ERF_FaIR   c     1.595       0.081768      44       0     0.943821  0.082384 -0.011995     151.955190     118.666805  0.060268  0.058699  0.032429   4.211350e+00  0.0 -0.002389 -4.250000       -1  -4.250000       -1 -4.250000       -1 -4.319444  5.842156      6.0     121.568891  0.058843  0.056156  0.042984   4.065567e+00   0.0  0.015758 -5.750000        -1  -5.750000        -1 -5.750000        -1 -5.000000  5.000000       6.0
15   FaIR_nonat_unB   43/1_ERF_FaIR   c     1.888       0.080893       0       0     1.276337  0.062002  0.012013     205.490211     118.347626  0.061860  0.057859  0.036532   4.455668e+00  0.0  0.002695 -4.916667       -1  -4.916667       -1 -4.916667       -1 -5.333333  6.173795      7.0     119.627797  0.061559  0.056753  0.047088   4.306782e+00   0.0  0.020841 -6.416667        -1  -6.416667        -1 -6.416667        -1 -6.013889  6.013889       7.0
19     FaIR_all_unB   43/1_ERF_FaIR   c     3.198       0.083454       0       0     1.189814  0.070513 -0.002092     191.560033     114.433395  0.064571  0.056572  0.025382   4.420053e+00  0.0 -0.023758 -1.333333       -1  -4.250000       -1 -4.250000       -1 -3.319444  6.952801      9.2     118.593814  0.061243  0.049288  0.035937   4.224927e+00   0.0 -0.005611 -2.833333        -1  -5.750000        -1 -5.750000        -1 -4.000000  4.000000       9.2
13       FaIR_nonat   43/1_ERF_FaIR   c     1.953       0.100984       0       0     1.141436  0.062694 -0.003685     183.771251     109.663500  0.054729  0.051816  0.022468   3.696347e+00  0.0 -0.011355 -3.916667       -1  -3.916667       -1 -3.916667       -1 -3.368056  5.752038      7.0     111.618360  0.051584  0.047103  0.033024   3.407683e+00   0.0  0.006792 -5.416667        -1  -5.416667        -1 -5.416667        -1 -4.048611  4.048611       7.0
2             raw1y  42/1_Run_Means   c    31.187       0.121364       0       0     0.751976  0.111834 -0.000327     173.706420      67.989954  0.114643  0.120514  0.004028   3.438794e+00  0.0 -0.005806  4.527778       -1  19.500000       -1 -6.166667       -1  2.154101  2.992291     30.6      67.151596  0.115682  0.122698  0.014583   2.775740e+00   0.0  0.012340  3.027778        -1  18.000000        -1 -7.666667        -1  1.473545  1.473545      30.6
0            lag10y  42/1_Run_Means   c     3.397       0.037134     111      25     1.118071  0.056068 -0.027952     258.274361      53.160035  0.061120  0.048428 -0.033805   1.054356e+00  0.0  0.012770  6.250000       -1   6.250000       -1  6.250000       -1  4.888889  5.211943      7.0      58.295228  0.060755  0.051604 -0.023250   6.961560e+00   0.0  0.030917  4.750000        -1   4.750000        -1  4.750000        -1  4.208333  4.208333       7.0
1             lag5y  42/1_Run_Means   c     6.002       0.046797      68      27     0.592833  0.056368 -0.012601     136.944391       6.419491  0.059892  0.061923 -0.010678   6.648491e+00  0.0  0.007495  5.833333       -1  14.500000       -1 -2.666667       -1  3.657407  4.568551     13.3      32.184750  0.060200  0.063942 -0.000123   8.318280e+00   0.0  0.025642  4.333333        -1  13.000000        -1 -4.166667        -1  2.976852  2.976852      13.3
8         offset11y  42/1_Run_Means   c     2.766       0.035931     196     120    -1.355884  0.093991  0.078954    -313.209104    -128.100816  0.089522  0.103090  0.071057   8.673393e+00  0.0  0.122325 -2.750000       -1  -2.750000       -1 -2.750000       -1 -2.611111  3.455739      6.0    -191.673536  0.100902  0.116239  0.081613   2.018879e+00   0.0  0.140471 -4.250000        -1  -4.250000        -1 -4.250000        -1 -3.291667  3.291667       6.0
17         FaIR_all   43/1_ERF_FaIR   c     2.924       0.005564     155     139 -2124.923172  0.078931  0.025170 -342112.630641 -251278.447796  0.083583  0.070105  0.058863  1.786506e-164  0.0  0.009763 -6.666667       -1  -6.666667       -1 -6.666667       -1 -7.270833  7.885190      7.0 -261418.473834  0.085284  0.070367  0.069419  3.444794e-106   0.0  0.027909 -8.166667        -1  -8.166667        -1 -8.166667        -1 -7.951389  7.951389       7.0
4.770127705
finished this run
/oscar/data/deeps/private/bfoxkemp/jnickla1/Thorne_15_codefigurestats/Methods/43_Forcing_Based/1_ERF_FaIR/FaIR_comb_unB_method.py:153: RuntimeWarning: Mean of empty slice
  return np.nanmean(samp_cur[year_idx-1850, :], axis = 1)
/users/jnickla1/.conda/envs/cleanpy/lib/python3.13/site-packages/numpy/lib/_nanfunctions_impl.py:2019: RuntimeWarning: Degrees of freedom <= 0 for slice.
  var = nanvar(a, axis=axis, dtype=dtype, out=out, ddof=ddof,
/oscar/data/deeps/private/bfoxkemp/jnickla1/Thorne_15_codefigurestats/Methods/43_Forcing_Based/1_ERF_FaIR/FaIR_comb_unB_method.py:181: RuntimeWarning: Mean of empty slice
  cdist = np.nanmean(dist)
starting computation for fut_NorESM_RCP45_Volc
max_runs10
Model number:
9




Methods/42_Temp_Alone/1_Run_Means/cent10y_method.py
Methods/42_Temp_Alone/1_Run_Means/cent20y_method.py
Methods/42_Temp_Alone/1_Run_Means/cent21y_method.py
Methods/42_Temp_Alone/1_Run_Means/cent30y_method.py
Methods/42_Temp_Alone/1_Run_Means/lag10y_method.py
Methods/42_Temp_Alone/1_Run_Means/lag5y_method.py
Methods/42_Temp_Alone/1_Run_Means/offset11y_method.py
Methods/42_Temp_Alone/1_Run_Means/raw1y_method.py
Methods/43_Forcing_Based/1_ERF_FaIR/FaIR_all_method.py
Methods/43_Forcing_Based/1_ERF_FaIR/FaIR_all_unB_method.py
Methods/43_Forcing_Based/1_ERF_FaIR/FaIR_anthro_method.py
Methods/43_Forcing_Based/1_ERF_FaIR/FaIR_anthro_unB_method.py
Methods/43_Forcing_Based/1_ERF_FaIR/FaIR_comb_unB_method.py
Methods/43_Forcing_Based/1_ERF_FaIR/FaIR_nonat_method.py
Methods/43_Forcing_Based/1_ERF_FaIR/FaIR_nonat_unB_method.py
evaluating 14 of 0.1°C thresholds, starting at 1.1°C
11
FaIR_anthro sampled, d llike: -0.4089531439713643
FaIR_anthro sampled, d llike: -75.43112590701024
FaIR_anthro_unB sampled, d llike: 0.004272368762808232
FaIR_anthro_unB sampled, d llike: -10.476861722698885
FaIR_nonat sampled, d llike: 0.11933433126541702
FaIR_nonat sampled, d llike: 0.170477344743589
FaIR_nonat_unB sampled, d llike: 0.00048771421919102664
FaIR_nonat_unB sampled, d llike: 0.0021018100658121153
FaIR_all sampled, d llike: -23348.83367649053
FaIR_all sampled, d llike: 0.04876133891737955
FaIR_all_unB sampled, d llike: -0.8378289174744127
FaIR_all_unB sampled, d llike: -0.03867817918555738
FaIR_comb_unB sampled, d llike: -0.31180061743971443
FaIR_comb_unB sampled, d llike: 0.20074464839533035
        method_name    method_class c/r  smooth_r  avg_unc.(1se)  #q<0.5  #q<0.1    log-likeli       RMS      bias        tlog-l      100log-l    100RMS     75RMS   100bias       l15       l20    bias50    Edyrs15       Edyrs20    Mdyrs15    Mdyrs20   Fdyrs15    Fdyrs20     EdyrsA    RMSyrsA  ncEdyrs     e100log-l   e100RMS    e75RMS  e100bias      el15      el20   ebias50   eEdyrs15   eEdyrs20   eMdyrs15   eMdyrs20  eFdyrs15   eFdyrs20    eEdyrsA   eRMSyrsA  nceEdyrs
21    FaIR_comb_unB   43/1_ERF_FaIR   c     3.963       0.077410      91       0     -0.892789  0.157024 -0.111700 -1.392750e+02  1.017878e+02  0.075920  0.079303 -0.032167  3.998400  2.935795 -0.067136   0.833333  5.000000e+00   0.833333   5.000000  0.833333   5.000000   2.226190   3.899627     18.0  5.794183e+01  0.101511  0.075696 -0.060702  3.582762  2.559888 -0.030407  -0.750000   4.666667  -0.750000   4.666667 -0.750000   4.666667   2.535256   2.535256      16.0
15   FaIR_nonat_unB   43/1_ERF_FaIR   c     2.155       0.089268       0       0      0.897267  0.098394 -0.033981  1.435627e+02  8.301981e+01  0.094197  0.096218  0.010975  3.667105  2.983453 -0.063333   0.083333  5.333333e+00   0.083333   5.333333  0.083333   5.333333   0.738095   5.316006     14.0  1.143408e+02  0.050283  0.052620 -0.017560  3.462714  2.836112 -0.026604  -1.500000   5.000000  -1.500000   5.000000 -1.500000   5.000000   0.987179   0.987179      13.0
11  FaIR_anthro_unB   43/1_ERF_FaIR   c     1.780       0.095139      89       0      0.532881  0.116587 -0.046418  8.526098e+01  7.822116e+01  0.099330  0.099058  0.015450  3.291479  2.966373 -0.065452   0.083333  5.583333e+00   0.083333   5.583333  0.083333   5.583333   0.785714   5.688770     14.0  1.100895e+02  0.045794  0.049562 -0.013085  3.259672  2.998220 -0.028724  -1.500000   5.250000  -1.500000   5.250000 -1.500000   5.250000   0.878205   0.878205      13.0
9       FaIR_anthro   43/1_ERF_FaIR   c     1.771       0.095134     115      44     -1.664340  0.196174 -0.164470 -2.662943e+02  4.661633e+01  0.142037  0.164678 -0.102644  2.014740  0.742866 -0.183607   4.916667  9.500000e+00   4.916667   9.500000  4.916667   9.500000   8.285714  11.217104     14.0  3.512471e+01  0.138332  0.134943 -0.131178  2.493883  0.522934 -0.146878   3.333333   9.166667   3.333333   9.166667  3.333333   9.166667   7.615385   7.615385      14.0
13       FaIR_nonat   43/1_ERF_FaIR   c     2.175       0.111411     114       0     -0.092958  0.188712 -0.162756 -1.487334e+01  4.540470e+01  0.146548  0.168909 -0.112763  1.747041  0.994620 -0.187116   5.083333  9.666667e+00   5.083333   9.666667  5.083333   9.666667   8.428571  11.124253     14.0  3.441514e+01  0.148957  0.142881 -0.141298  2.456640  0.737472 -0.150388   3.500000   9.333333   3.500000   9.333333  3.500000   9.333333   7.769231   7.769231      14.0
2             raw1y  42/1_Run_Means   c    32.074       0.138195       4       2      0.598532  0.130074 -0.000294  1.376625e+02  3.295866e+01  0.160373  0.145724  0.003989  0.610965  2.456038  0.019119   5.416667  1.673470e-10  16.833333   1.166667 -3.000000  -1.166667   1.482143   5.906949     36.3 -7.428698e-01  0.196721  0.181426 -0.024546  1.227493  2.526437  0.055848   3.833333  -0.333333  15.250000  -1.500000 -4.583333  -1.500000   2.251603   2.251603      32.3
19     FaIR_all_unB   43/1_ERF_FaIR   c     7.423       0.089678      10       2     -0.190793  0.131403 -0.047180 -3.052695e+01 -1.026761e+02  0.157498  0.125243 -0.055085  3.474422  3.097431 -0.055201   6.250000  3.416667e+00  15.166667   3.416667 -0.416667   3.416667   4.723214   7.138936     23.3 -3.676747e+02  0.197830  0.151052 -0.083620  3.063659  2.992364 -0.018472   4.666667   3.083333  13.583333   3.083333 -2.000000   3.083333   4.060897   4.060897      20.3
1             lag5y  42/1_Run_Means   c     5.965       0.044330     116      58     -0.105408  0.090087 -0.019057 -2.424375e+01 -1.273262e+02  0.121248  0.111620 -0.032880  4.006716  9.236029 -0.035363   9.041667  2.000000e+00  19.166667   2.000000 -1.083333   2.000000   1.896825   4.497902     21.2 -4.858271e+02  0.174656  0.157228 -0.061415  0.068266  3.476187  0.001365   7.458333   1.666667  17.583333   1.666667 -2.666667   1.666667   2.603632   2.603632      19.2
0            lag10y  42/1_Run_Means   c     2.845       0.039214     132      46      0.296832  0.083083 -0.042743  6.827141e+01 -1.422608e+02  0.119283  0.118837 -0.080780  1.775974  0.256014 -0.092270  11.666667  4.583333e+00  20.833333   4.583333  2.500000   4.583333   4.755952   5.406079     16.2 -3.246992e+02  0.177738  0.156093 -0.109315  5.271146  0.119397 -0.055541  10.083333   4.250000  19.250000   4.250000  0.916667   4.250000   5.064103   5.064103      15.2
8         offset11y  42/1_Run_Means   c     2.651       0.038370     197     138     -2.020581  0.096211  0.062441 -4.647335e+02 -2.056095e+02  0.089718  0.090638  0.019259  6.311571  4.349233  0.007646   0.333333  1.166667e+00   0.333333   1.166667  0.333333   1.166667  -0.779762   4.205474     15.0 -5.728300e+02  0.137182  0.137581 -0.009276  4.825072  6.846639  0.044375  -1.250000   0.833333  -1.250000   0.833333 -1.250000   0.833333   0.576923   0.576923      14.0
17         FaIR_all   43/1_ERF_FaIR   c     7.284       0.005586     160     160 -25518.890648  0.255416 -0.219728 -4.083023e+06 -2.827570e+06  0.281271  0.262452 -0.239468  0.000000  0.000000 -0.239533  13.375000  1.100000e+01  18.833333  11.000000  7.916667  11.000000  13.236111  14.898154     15.2 -4.022240e+06  0.322456  0.271288 -0.268003  0.000000  0.000000 -0.202804  11.791667  10.666667  17.250000  10.666667  6.333333  10.666667  13.824786  13.824786      16.2
4.873827799
finished this run
starting computation for fut_ESM1-2-LR_SSP245_constVolc
max_runs10
Model number:
9




Methods/42_Temp_Alone/1_Run_Means/cent10y_method.py
Methods/42_Temp_Alone/1_Run_Means/cent20y_method.py
Methods/42_Temp_Alone/1_Run_Means/cent21y_method.py
Methods/42_Temp_Alone/1_Run_Means/cent30y_method.py
Methods/42_Temp_Alone/1_Run_Means/lag10y_method.py
Methods/42_Temp_Alone/1_Run_Means/lag5y_method.py
Methods/42_Temp_Alone/1_Run_Means/offset11y_method.py
Methods/42_Temp_Alone/1_Run_Means/raw1y_method.py
Methods/43_Forcing_Based/1_ERF_FaIR/FaIR_all_method.py
Methods/43_Forcing_Based/1_ERF_FaIR/FaIR_all_unB_method.py
Methods/43_Forcing_Based/1_ERF_FaIR/FaIR_anthro_method.py
Methods/43_Forcing_Based/1_ERF_FaIR/FaIR_anthro_unB_method.py
Methods/43_Forcing_Based/1_ERF_FaIR/FaIR_comb_unB_method.py
Methods/43_Forcing_Based/1_ERF_FaIR/FaIR_nonat_method.py
Methods/43_Forcing_Based/1_ERF_FaIR/FaIR_nonat_unB_method.py
evaluating 14 of 0.1°C thresholds, starting at 1.1°C
11
FaIR_anthro sampled, d llike: 0.047753036170941066
FaIR_anthro sampled, d llike: -4.165515022653911
FaIR_anthro_unB sampled, d llike: 0.0191584882622452
FaIR_anthro_unB sampled, d llike: -4.268415956758542
FaIR_nonat sampled, d llike: -0.0490289375928723
FaIR_nonat sampled, d llike: -0.03630999235896892
FaIR_nonat_unB sampled, d llike: -0.0426204544202724
FaIR_nonat_unB sampled, d llike: -0.044783420944906505
FaIR_all sampled, d llike: -1514.6200514356724
FaIR_all sampled, d llike: -0.05032171139006203
FaIR_all_unB sampled, d llike: -0.019776029864431832
FaIR_all_unB sampled, d llike: -0.03789291046917542
FaIR_comb_unB sampled, d llike: -0.03645794150494841
FaIR_comb_unB sampled, d llike: -0.0028699977605942117
        method_name    method_class c/r  smooth_r  avg_unc.(1se)  #q<0.5  #q<0.1   log-likeli       RMS      bias         tlog-l       100log-l    100RMS     75RMS   100bias       l15        l20    bias50   Edyrs15       Edyrs20   Mdyrs15       Mdyrs20   Fdyrs15       Fdyrs20    EdyrsA   RMSyrsA  ncEdyrs      e100log-l   e100RMS    e75RMS  e100bias      el15       el20   ebias50  eEdyrs15  eEdyrs20  eMdyrs15  eMdyrs20  eFdyrs15  eFdyrs20   eEdyrsA  eRMSyrsA  nceEdyrs
8         offset11y  42/1_Run_Means   c     2.827       0.036781     159      94    -0.165146  0.079634  0.059115     -38.148621     146.959667  0.041068  0.042727  0.020698  8.441769   7.276205  0.035084 -0.833333 -1.083333e+00 -0.833333 -1.083333e+00 -0.833333 -1.083333e+00 -1.696429  2.972343     14.0     128.012675  0.047688  0.051351  0.022176  7.735993   4.736908  0.046294 -0.166667 -1.833333 -0.166667 -1.833333 -0.166667 -1.833333 -1.625000  1.625000      14.0
21    FaIR_comb_unB   43/1_ERF_FaIR   c     2.524       0.073415       0       0     1.450072  0.046695 -0.013839     227.661291     136.452889  0.040271  0.039475 -0.004479  4.693525   4.247795 -0.034101 -1.333333  2.666667e+00 -1.333333  2.666667e+00 -1.333333  2.666667e+00  0.136905  2.280982     14.0     140.226540  0.031648  0.028808 -0.003001  5.153382   4.174361 -0.022891 -0.666667  1.916667 -0.666667  1.916667 -0.666667  1.916667  0.208333  0.208333      14.0
15   FaIR_nonat_unB   43/1_ERF_FaIR   c     2.464       0.083382       0       0     1.291429  0.055953  0.001385     207.920003     122.487232  0.048807  0.042179  0.022448  3.311737   4.395628 -0.011807 -3.333333  1.416667e+00 -3.333333  1.416667e+00 -3.333333  1.416667e+00 -1.380952  2.878319     14.0     125.057767  0.041992  0.031388  0.023926  4.089475   3.700975 -0.000597 -2.666667  0.666667 -2.666667  0.666667 -2.666667  0.666667 -1.309524  1.309524      14.0
9       FaIR_anthro   43/1_ERF_FaIR   c     1.746       0.085603      38       0     0.884135  0.081903 -0.029389     142.345725     119.583058  0.046691  0.042810  0.010798  3.742540   3.651838 -0.025871 -3.000000  1.750000e+00 -3.000000  1.750000e+00 -3.000000  1.750000e+00 -0.523810  2.973594     14.0     121.589010  0.038048  0.030614  0.012276  3.713183   3.811428 -0.014661 -2.333333  1.000000 -2.333333  1.000000 -2.333333  1.000000 -0.452381  0.452381      14.0
11  FaIR_anthro_unB   43/1_ERF_FaIR   c     1.743       0.085616      37       0     0.925947  0.079012 -0.019831     149.077534     117.861017  0.049791  0.044332  0.020388  3.618376   3.735493 -0.016292 -3.500000  1.416667e+00 -3.500000  1.416667e+00 -3.500000  1.416667e+00 -1.202381  2.925158     14.0     119.732493  0.042130  0.032793  0.021866  3.644698   3.834897 -0.005082 -2.833333  0.666667 -2.833333  0.666667 -2.833333  0.666667 -1.130952  1.130952      14.0
19     FaIR_all_unB   43/1_ERF_FaIR   c     3.792       0.086184       0       0     1.207948  0.066256 -0.008205     194.479575     117.755129  0.054997  0.045269  0.016267  3.356865   4.182020 -0.032483 -2.583333  2.250000e+00 -2.583333  2.250000e+00 -2.583333  2.250000e+00 -0.559524  2.969922     15.0     120.029893  0.049391  0.033520  0.017745  3.940813   3.612525 -0.021273 -1.916667  1.500000 -1.916667  1.500000 -1.916667  1.500000 -0.488095  0.488095      15.0
1             lag5y  42/1_Run_Means   c     5.959       0.047831      57      21     1.041666  0.056221 -0.022096     240.624945     110.100045  0.059540  0.064250 -0.034780  5.529344   9.256740 -0.024755 -0.333333 -5.000000e-01 -2.416667 -5.000000e-01 -2.416667 -5.000000e-01  1.994048  2.638758     20.2     101.337421  0.062977  0.068878 -0.033302  6.705569   9.422966 -0.013545  0.333333 -1.250000  2.416667 -1.250000 -1.750000 -1.250000  2.065476  2.065476      20.2
13       FaIR_nonat   43/1_ERF_FaIR   c     2.564       0.104063       0       0     1.131845  0.058342 -0.007734     182.227036     108.193532  0.045848  0.040398  0.015035  3.043347   3.439359 -0.019202 -2.666667  1.666667e+00 -2.666667  1.666667e+00 -2.666667  1.666667e+00 -0.958333  2.561254     14.0     109.858137  0.038234  0.028886  0.016513  3.522259   3.005590 -0.007992 -2.000000  0.916667 -2.000000  0.916667 -2.000000  0.916667 -0.886905  0.886905      14.0
2             raw1y  42/1_Run_Means   c    31.806       0.120248       0       0     0.761381  0.110838 -0.002905     175.879122      69.990717  0.112160  0.119839 -0.002515  1.854343   3.066505  0.002694 -0.055556 -1.200000e+00 -5.666667 -6.916667e+00 -5.666667 -6.916667e+00 -0.384226  1.947850     53.3      70.067137  0.112065  0.119728 -0.001037  2.937079   3.188189  0.013904  0.611111 -1.950000  5.750000 -7.666667 -5.000000 -7.666667 -0.312798  0.312798      53.3
0            lag10y  42/1_Run_Means   c     3.260       0.037918     159      52     0.599705  0.068556 -0.046152     138.531862     -66.582464  0.087672  0.088636 -0.080006  1.240631   3.530836 -0.066049  2.166667  1.916667e+00  2.166667  1.916667e+00  2.166667  1.916667e+00  4.336310  4.713795     15.0     -70.683462  0.089602  0.092940 -0.078528  2.089207   6.965697 -0.054839  2.833333  1.166667  2.833333  1.166667  2.833333  1.166667  4.407738  4.407738      15.0
17         FaIR_all   43/1_ERF_FaIR   c     3.388       0.005595     148     132 -1667.352376  0.073159  0.020995 -268443.732459 -180069.010349  0.073697  0.055856  0.051672  0.000000  98.338351  0.002905 -4.666667  1.659828e-10 -4.666667  1.659828e-10 -4.666667  1.659828e-10 -3.083333  4.352066     15.0 -169353.350501  0.070364  0.047094  0.053149  0.000000  93.224069  0.014115 -4.000000 -0.750000 -4.000000 -0.750000 -4.000000 -0.750000 -3.011905  3.011905      15.0
5.254632195
finished this run
/oscar/data/deeps/private/bfoxkemp/jnickla1/Thorne_15_codefigurestats/Methods/43_Forcing_Based/1_ERF_FaIR/FaIR_all_unB_method.py:90: RuntimeWarning: Mean of empty slice
  return np.nanmean(samp_cur[year_idx-1850, :], axis = 1)
/users/jnickla1/.conda/envs/cleanpy/lib/python3.13/site-packages/numpy/lib/_nanfunctions_impl.py:2019: RuntimeWarning: Degrees of freedom <= 0 for slice.
  var = nanvar(a, axis=axis, dtype=dtype, out=out, ddof=ddof,
/oscar/data/deeps/private/bfoxkemp/jnickla1/Thorne_15_codefigurestats/Methods/43_Forcing_Based/1_ERF_FaIR/FaIR_all_unB_method.py:118: RuntimeWarning: Mean of empty slice
  cdist = np.nanmean(dist)
/oscar/data/deeps/private/bfoxkemp/jnickla1/Thorne_15_codefigurestats/Methods/43_Forcing_Based/1_ERF_FaIR/FaIR_comb_unB_method.py:153: RuntimeWarning: Mean of empty slice
  return np.nanmean(samp_cur[year_idx-1850, :], axis = 1)
/users/jnickla1/.conda/envs/cleanpy/lib/python3.13/site-packages/numpy/lib/_nanfunctions_impl.py:2019: RuntimeWarning: Degrees of freedom <= 0 for slice.
  var = nanvar(a, axis=axis, dtype=dtype, out=out, ddof=ddof,
/oscar/data/deeps/private/bfoxkemp/jnickla1/Thorne_15_codefigurestats/Methods/43_Forcing_Based/1_ERF_FaIR/FaIR_comb_unB_method.py:181: RuntimeWarning: Mean of empty slice
  cdist = np.nanmean(dist)
starting computation for fut_ESM1-2-LR_SSP370_constVolc
max_runs10
Model number:
9




Methods/42_Temp_Alone/1_Run_Means/cent10y_method.py
Methods/42_Temp_Alone/1_Run_Means/cent20y_method.py
Methods/42_Temp_Alone/1_Run_Means/cent21y_method.py
Methods/42_Temp_Alone/1_Run_Means/cent30y_method.py
Methods/42_Temp_Alone/1_Run_Means/lag10y_method.py
Methods/42_Temp_Alone/1_Run_Means/lag5y_method.py
Methods/42_Temp_Alone/1_Run_Means/offset11y_method.py
Methods/42_Temp_Alone/1_Run_Means/raw1y_method.py
Methods/43_Forcing_Based/1_ERF_FaIR/FaIR_all_method.py
Methods/43_Forcing_Based/1_ERF_FaIR/FaIR_all_unB_method.py
Methods/43_Forcing_Based/1_ERF_FaIR/FaIR_anthro_method.py
Methods/43_Forcing_Based/1_ERF_FaIR/FaIR_anthro_unB_method.py
Methods/43_Forcing_Based/1_ERF_FaIR/FaIR_comb_unB_method.py
Methods/43_Forcing_Based/1_ERF_FaIR/FaIR_nonat_method.py
Methods/43_Forcing_Based/1_ERF_FaIR/FaIR_nonat_unB_method.py
evaluating 23 of 0.1°C thresholds, starting at 1.1°C
11
FaIR_anthro sampled, d llike: 0.051911558514324274
FaIR_anthro sampled, d llike: -5.026561972888754
FaIR_anthro_unB sampled, d llike: -0.02563381011976995
FaIR_anthro_unB sampled, d llike: -10.565481513934722
FaIR_nonat sampled, d llike: -0.05185891707249923
FaIR_nonat sampled, d llike: -0.02144508926653721
FaIR_nonat_unB sampled, d llike: -0.03988094260720243
FaIR_nonat_unB sampled, d llike: -0.04944967987410509
FaIR_all sampled, d llike: -1386.5296670686582
FaIR_all sampled, d llike: -0.03299154931307369
FaIR_all_unB sampled, d llike: -0.028990642646581577
FaIR_all_unB sampled, d llike: -0.029212576311004046
FaIR_comb_unB sampled, d llike: -0.03893848112854914
FaIR_comb_unB sampled, d llike: -0.5347145653313117
        method_name    method_class c/r  smooth_r  avg_unc.(1se)  #q<0.5  #q<0.1   log-likeli       RMS      bias         tlog-l       100log-l    100RMS     75RMS   100bias        l15            l20    bias50   Edyrs15   Edyrs20   Mdyrs15   Mdyrs20   Fdyrs15   Fdyrs20    EdyrsA   RMSyrsA  ncEdyrs      e100log-l   e100RMS    e75RMS  e100bias       el15      el20   ebias50  eEdyrs15  eEdyrs20  eMdyrs15  eMdyrs20  eFdyrs15  eFdyrs20   eEdyrsA  eRMSyrsA  nceEdyrs
8         offset11y  42/1_Run_Means   c     2.825       0.040016     166      88    -0.149209  0.081895  0.038519     -34.467298     150.640990  0.051122  0.058419 -0.031586  18.239368   3.820457e+00 -0.048680 -0.416667  1.166667 -0.416667  1.166667 -0.416667  1.166667  1.130435  1.726813     24.0     142.946497  0.045982  0.048898 -0.008400  21.415251  5.911790 -0.021998 -0.166667 -0.250000 -0.166667 -0.250000 -0.166667 -0.250000  0.260870  0.260870      24.0
21    FaIR_comb_unB   43/1_ERF_FaIR   c     2.009       0.072261       0       0     1.427827  0.050493 -0.012933     224.168896     132.758775  0.046987  0.051657 -0.002846   4.799203   2.878058e+00 -0.007236 -1.750000  2.083333 -1.750000  2.083333 -1.750000  2.083333  0.054348  1.733184     23.0     135.982432  0.043356  0.042131  0.020340   4.915059  5.273962  0.019446 -1.500000  0.666667 -1.500000  0.666667 -1.500000  0.666667 -0.815217  0.815217      23.0
15   FaIR_nonat_unB   43/1_ERF_FaIR   c     1.952       0.082062       0       0     1.284881  0.059222  0.020813     206.865905     117.807949  0.059080  0.054183  0.030921   3.108637   3.688754e+00  0.008652 -5.916667  1.083333 -5.916667  1.083333 -5.916667  1.083333 -1.061594  2.443751     23.0     108.055857  0.070359  0.060532  0.054107   3.396452  4.698661  0.035334 -5.666667 -0.333333 -5.666667 -0.333333 -5.666667 -0.333333 -1.931159  1.931159      23.0
9       FaIR_anthro   43/1_ERF_FaIR   c     1.737       0.084349      39       0     0.872714  0.084928 -0.044878     140.506880     116.808579  0.054763  0.060524 -0.016643   4.178925   2.174488e+00 -0.043530 -2.500000  2.416667 -2.500000  2.416667 -2.500000  2.416667  0.612319  2.062944     23.0     123.405532  0.046165  0.043485  0.006543   4.293266  3.809966 -0.016847 -2.250000  1.000000 -2.250000  1.000000 -2.250000  1.000000 -0.257246  0.257246      23.0
11  FaIR_anthro_unB   43/1_ERF_FaIR   c     1.720       0.084387       0       0     1.088247  0.072091  0.001105     175.207807     115.343415  0.059876  0.055095  0.029326   2.655600   3.462027e+00  0.002449 -5.666667  1.333333 -5.666667  1.333333 -5.666667  1.333333 -0.920290  2.377176     23.0     108.415237  0.069630  0.059137  0.052512   2.902822  4.224551  0.029132 -5.416667 -0.083333 -5.416667 -0.083333 -5.416667 -0.083333 -1.789855  1.789855      23.0
19     FaIR_all_unB   43/1_ERF_FaIR   c     3.176       0.084820       0       0     1.219802  0.065997  0.006590     196.388044     112.907425  0.063595  0.054526  0.021601   3.647297   3.306983e+00 -0.012662 -5.000000  1.500000 -5.000000  1.500000 -5.000000  1.500000 -0.572464  2.491653     23.0     108.260040  0.070605  0.053489  0.044787   3.857647  4.664496  0.014020 -4.750000  0.083333 -4.750000  0.083333 -4.750000  0.083333 -1.442029  1.442029      23.0
13       FaIR_nonat   43/1_ERF_FaIR   c     1.993       0.102435       0       0     1.128396  0.061155 -0.022376     181.671798     107.622119  0.051450  0.055713 -0.010547   3.654669   2.381788e+00 -0.032807 -1.916667  2.250000 -1.916667  2.250000 -1.916667  2.250000  0.460145  1.907983     24.0     110.960045  0.046748  0.042624  0.012639   3.725081  3.692367 -0.006125 -1.666667  0.833333 -1.666667  0.833333 -1.666667  0.833333 -0.409420  0.409420      24.0
2             raw1y  42/1_Run_Means   c    29.878       0.124017       0       0     0.721968  0.115177 -0.004165     166.774574      61.539692  0.122756  0.132559 -0.005716   2.843363   1.908260e+00 -0.012153  4.388889 -2.666667  7.750000 -4.750000  0.083333 -4.750000 -0.076993  1.832350     57.3      55.867758  0.129498  0.141199  0.017471   2.726665  0.998672  0.014529  4.638889 -4.083333  8.000000 -6.166667  0.333333 -6.166667 -0.946558  0.946558      57.3
1             lag5y  42/1_Run_Means   c     5.586       0.049679      68      31     0.651785  0.067251 -0.031903     150.562243      20.037342  0.083679  0.090524 -0.059676   0.000222   9.446238e+00 -0.069739  1.666667 -0.583333  1.666667 -0.583333  1.666667 -0.583333  2.155797  2.689357     27.0      59.182983  0.074788  0.082741 -0.036490   0.000043  4.116644 -0.043057  1.916667 -2.000000  1.916667 -2.000000  1.916667 -2.000000  1.286232  1.286232      27.0
0            lag10y  42/1_Run_Means   c     2.995       0.040992     170      96    -0.233575  0.093540 -0.065069     -53.955853    -259.070178  0.134039  0.145264 -0.128028   0.000153   5.707006e-01 -0.142638  5.750000  2.666667  5.750000  2.666667  5.750000  2.666667  4.648551  4.758510     23.0    -104.867492  0.114499  0.124941 -0.104841   0.000022  3.070390 -0.115956  6.000000  1.250000  6.000000  1.250000  6.000000  1.250000  3.778986  3.778986      23.0
17         FaIR_all   43/1_ERF_FaIR   c     2.931       0.005574     151     138 -1522.886871  0.069428  0.008999 -245184.786260 -151942.795223  0.067007  0.055279  0.030198   0.000000  1.163492e-155 -0.004052 -6.833333  0.833333 -6.833333  0.833333 -6.833333  0.833333 -0.898551  2.771708     23.0 -209933.937010  0.076354  0.057984  0.053385   0.000000  1.908306  0.022630 -6.583333 -0.583333 -6.583333 -0.583333 -6.583333 -0.583333 -1.768116  1.768116      23.0
6.501658188
finished this run
All processes completed.
