/oscar/data/deeps/private/bfoxkemp/jnickla1/Thorne_15_codefigurestats/fut_evaluation_gen_ensemble.py:20: RuntimeWarning: Mean of empty slice
  return np.nanmean(standards_np,axis=0)
/oscar/data/deeps/private/bfoxkemp/jnickla1/Thorne_15_codefigurestats/fut_evaluation_gen_ensemble.py:20: RuntimeWarning: Mean of empty slice
  return np.nanmean(standards_np,axis=0)
/oscar/data/deeps/private/bfoxkemp/jnickla1/Thorne_15_codefigurestats/fut_evaluation_gen_ensemble.py:20: RuntimeWarning: Mean of empty slice
  return np.nanmean(standards_np,axis=0)
/oscar/data/deeps/private/bfoxkemp/jnickla1/Thorne_15_codefigurestats/fut_evaluation_gen_ensemble.py:20: RuntimeWarning: Mean of empty slice
  return np.nanmean(standards_np,axis=0)
/oscar/data/deeps/private/bfoxkemp/jnickla1/Thorne_15_codefigurestats/fut_evaluation_gen_ensemble.py:20: RuntimeWarning: Mean of empty slice
  return np.nanmean(standards_np,axis=0)
/oscar/data/deeps/private/bfoxkemp/jnickla1/Thorne_15_codefigurestats/Methods/43_Forcing_Based/1_ERF_FaIR/FaIR_all_method.py:53: RuntimeWarning: Mean of empty slice
  samp_mean =  np.nanmean(samp_cur, axis = 1)
/oscar/data/deeps/private/bfoxkemp/jnickla1/Thorne_15_codefigurestats/Methods/43_Forcing_Based/1_ERF_FaIR/FaIR_all_method.py:53: RuntimeWarning: Mean of empty slice
  samp_mean =  np.nanmean(samp_cur, axis = 1)
/oscar/data/deeps/private/bfoxkemp/jnickla1/Thorne_15_codefigurestats/Methods/43_Forcing_Based/1_ERF_FaIR/FaIR_all_unB_method.py:70: RuntimeWarning: Mean of empty slice
  samp_mean =  np.nanmean(samp_cur, axis = 1)
/oscar/data/deeps/private/bfoxkemp/jnickla1/Thorne_15_codefigurestats/Methods/43_Forcing_Based/1_ERF_FaIR/FaIR_all_unB_method.py:70: RuntimeWarning: Mean of empty slice
  samp_mean =  np.nanmean(samp_cur, axis = 1)
/oscar/data/deeps/private/bfoxkemp/jnickla1/Thorne_15_codefigurestats/Methods/43_Forcing_Based/1_ERF_FaIR/FaIR_anthro_method.py:53: RuntimeWarning: Mean of empty slice
  samp_mean =  np.nanmean(samp_cur, axis = 1)
/oscar/data/deeps/private/bfoxkemp/jnickla1/Thorne_15_codefigurestats/Methods/43_Forcing_Based/1_ERF_FaIR/FaIR_anthro_method.py:53: RuntimeWarning: Mean of empty slice
  samp_mean =  np.nanmean(samp_cur, axis = 1)
/oscar/data/deeps/private/bfoxkemp/jnickla1/Thorne_15_codefigurestats/Methods/43_Forcing_Based/1_ERF_FaIR/FaIR_anthro_unB_method.py:70: RuntimeWarning: Mean of empty slice
  samp_mean =  np.nanmean(samp_cur, axis = 1)
/oscar/data/deeps/private/bfoxkemp/jnickla1/Thorne_15_codefigurestats/Methods/43_Forcing_Based/1_ERF_FaIR/FaIR_anthro_unB_method.py:70: RuntimeWarning: Mean of empty slice
  samp_mean =  np.nanmean(samp_cur, axis = 1)
/oscar/data/deeps/private/bfoxkemp/jnickla1/Thorne_15_codefigurestats/Methods/43_Forcing_Based/1_ERF_FaIR/FaIR_comb_unB_method.py:70: RuntimeWarning: Mean of empty slice
  samp_mean =  np.nanmean(samp_cur, axis = 1)
/oscar/data/deeps/private/bfoxkemp/jnickla1/Thorne_15_codefigurestats/Methods/43_Forcing_Based/1_ERF_FaIR/FaIR_comb_unB_method.py:126: RuntimeWarning: Mean of empty slice
  samp_meanAll =  np.nanmean(samp_curAll, axis = 1)
/oscar/data/deeps/private/bfoxkemp/jnickla1/Thorne_15_codefigurestats/Methods/43_Forcing_Based/1_ERF_FaIR/FaIR_comb_unB_method.py:70: RuntimeWarning: Mean of empty slice
  samp_mean =  np.nanmean(samp_cur, axis = 1)
/oscar/data/deeps/private/bfoxkemp/jnickla1/Thorne_15_codefigurestats/Methods/43_Forcing_Based/1_ERF_FaIR/FaIR_comb_unB_method.py:126: RuntimeWarning: Mean of empty slice
  samp_meanAll =  np.nanmean(samp_curAll, axis = 1)
/oscar/data/deeps/private/bfoxkemp/jnickla1/Thorne_15_codefigurestats/Methods/43_Forcing_Based/1_ERF_FaIR/FaIR_nonat_method.py:53: RuntimeWarning: Mean of empty slice
  samp_mean =  np.nanmean(samp_cur, axis = 1)
/oscar/data/deeps/private/bfoxkemp/jnickla1/Thorne_15_codefigurestats/Methods/43_Forcing_Based/1_ERF_FaIR/FaIR_nonat_method.py:53: RuntimeWarning: Mean of empty slice
  samp_mean =  np.nanmean(samp_cur, axis = 1)
/oscar/data/deeps/private/bfoxkemp/jnickla1/Thorne_15_codefigurestats/Methods/43_Forcing_Based/1_ERF_FaIR/FaIR_nonat_unB_method.py:72: RuntimeWarning: Mean of empty slice
  samp_mean =  np.nanmean(samp_cur, axis = 1)
/oscar/data/deeps/private/bfoxkemp/jnickla1/Thorne_15_codefigurestats/Methods/43_Forcing_Based/1_ERF_FaIR/FaIR_nonat_unB_method.py:72: RuntimeWarning: Mean of empty slice
  samp_mean =  np.nanmean(samp_cur, axis = 1)
/oscar/data/deeps/private/bfoxkemp/jnickla1/Thorne_15_codefigurestats/Methods/43_Forcing_Based/1_ERF_FaIR/FaIR_all_method.py:71: RuntimeWarning: Mean of empty slice
  return np.nanmean(samp_cur[year_idx-1850, :], axis = 1)
/users/jnickla1/.conda/envs/cleanpy/lib/python3.13/site-packages/numpy/lib/_nanfunctions_impl.py:2019: RuntimeWarning: Degrees of freedom <= 0 for slice.
  var = nanvar(a, axis=axis, dtype=dtype, out=out, ddof=ddof,
/oscar/data/deeps/private/bfoxkemp/jnickla1/Thorne_15_codefigurestats/Methods/43_Forcing_Based/1_ERF_FaIR/FaIR_all_unB_method.py:95: RuntimeWarning: Mean of empty slice
  return np.nanmean(samp_cur[year_idx-1850, :], axis = 1)
/oscar/data/deeps/private/bfoxkemp/jnickla1/Thorne_15_codefigurestats/Methods/43_Forcing_Based/1_ERF_FaIR/FaIR_anthro_method.py:71: RuntimeWarning: Mean of empty slice
  return np.nanmean(samp_cur[year_idx-1850, :], axis = 1)
/oscar/data/deeps/private/bfoxkemp/jnickla1/Thorne_15_codefigurestats/Methods/43_Forcing_Based/1_ERF_FaIR/FaIR_anthro_unB_method.py:94: RuntimeWarning: Mean of empty slice
  return np.nanmean(samp_cur[year_idx-1850, :], axis = 1)
/oscar/data/deeps/private/bfoxkemp/jnickla1/Thorne_15_codefigurestats/Methods/43_Forcing_Based/1_ERF_FaIR/FaIR_all_method.py:71: RuntimeWarning: Mean of empty slice
  return np.nanmean(samp_cur[year_idx-1850, :], axis = 1)
/users/jnickla1/.conda/envs/cleanpy/lib/python3.13/site-packages/numpy/lib/_nanfunctions_impl.py:2019: RuntimeWarning: Degrees of freedom <= 0 for slice.
  var = nanvar(a, axis=axis, dtype=dtype, out=out, ddof=ddof,
/oscar/data/deeps/private/bfoxkemp/jnickla1/Thorne_15_codefigurestats/Methods/43_Forcing_Based/1_ERF_FaIR/FaIR_all_unB_method.py:95: RuntimeWarning: Mean of empty slice
  return np.nanmean(samp_cur[year_idx-1850, :], axis = 1)
/oscar/data/deeps/private/bfoxkemp/jnickla1/Thorne_15_codefigurestats/Methods/43_Forcing_Based/1_ERF_FaIR/FaIR_comb_unB_method.py:155: RuntimeWarning: Mean of empty slice
  return np.nanmean(samp_cur[year_idx-1850, :], axis = 1)
/oscar/data/deeps/private/bfoxkemp/jnickla1/Thorne_15_codefigurestats/Methods/43_Forcing_Based/1_ERF_FaIR/FaIR_nonat_method.py:70: RuntimeWarning: Mean of empty slice
  return np.nanmean(samp_cur[year_idx-1850, :], axis = 1)
/oscar/data/deeps/private/bfoxkemp/jnickla1/Thorne_15_codefigurestats/Methods/43_Forcing_Based/1_ERF_FaIR/FaIR_anthro_method.py:71: RuntimeWarning: Mean of empty slice
  return np.nanmean(samp_cur[year_idx-1850, :], axis = 1)
/oscar/data/deeps/private/bfoxkemp/jnickla1/Thorne_15_codefigurestats/Methods/43_Forcing_Based/1_ERF_FaIR/FaIR_nonat_unB_method.py:97: RuntimeWarning: Mean of empty slice
  return np.nanmean(samp_cur[year_idx-1850, :], axis = 1)
/oscar/data/deeps/private/bfoxkemp/jnickla1/Thorne_15_codefigurestats/Methods/43_Forcing_Based/1_ERF_FaIR/FaIR_anthro_unB_method.py:94: RuntimeWarning: Mean of empty slice
  return np.nanmean(samp_cur[year_idx-1850, :], axis = 1)
/oscar/data/deeps/private/bfoxkemp/jnickla1/Thorne_15_codefigurestats/Methods/43_Forcing_Based/1_ERF_FaIR/FaIR_comb_unB_method.py:155: RuntimeWarning: Mean of empty slice
  return np.nanmean(samp_cur[year_idx-1850, :], axis = 1)
/oscar/data/deeps/private/bfoxkemp/jnickla1/Thorne_15_codefigurestats/Methods/43_Forcing_Based/1_ERF_FaIR/FaIR_nonat_method.py:70: RuntimeWarning: Mean of empty slice
  return np.nanmean(samp_cur[year_idx-1850, :], axis = 1)
/oscar/data/deeps/private/bfoxkemp/jnickla1/Thorne_15_codefigurestats/Methods/43_Forcing_Based/1_ERF_FaIR/FaIR_anthro_method.py:71: RuntimeWarning: Mean of empty slice
  return np.nanmean(samp_cur[year_idx-1850, :], axis = 1)
/oscar/data/deeps/private/bfoxkemp/jnickla1/Thorne_15_codefigurestats/Methods/43_Forcing_Based/1_ERF_FaIR/FaIR_nonat_unB_method.py:97: RuntimeWarning: Mean of empty slice
  return np.nanmean(samp_cur[year_idx-1850, :], axis = 1)
/oscar/data/deeps/private/bfoxkemp/jnickla1/Thorne_15_codefigurestats/Methods/43_Forcing_Based/1_ERF_FaIR/FaIR_anthro_unB_method.py:94: RuntimeWarning: Mean of empty slice
  return np.nanmean(samp_cur[year_idx-1850, :], axis = 1)
/oscar/data/deeps/private/bfoxkemp/jnickla1/Thorne_15_codefigurestats/Methods/43_Forcing_Based/1_ERF_FaIR/FaIR_nonat_method.py:70: RuntimeWarning: Mean of empty slice
  return np.nanmean(samp_cur[year_idx-1850, :], axis = 1)
/oscar/data/deeps/private/bfoxkemp/jnickla1/Thorne_15_codefigurestats/Methods/43_Forcing_Based/1_ERF_FaIR/FaIR_nonat_unB_method.py:97: RuntimeWarning: Mean of empty slice
  return np.nanmean(samp_cur[year_idx-1850, :], axis = 1)
/oscar/data/deeps/private/bfoxkemp/jnickla1/Thorne_15_codefigurestats/Methods/43_Forcing_Based/1_ERF_FaIR/FaIR_all_method.py:71: RuntimeWarning: Mean of empty slice
  return np.nanmean(samp_cur[year_idx-1850, :], axis = 1)
/oscar/data/deeps/private/bfoxkemp/jnickla1/Thorne_15_codefigurestats/Methods/43_Forcing_Based/1_ERF_FaIR/FaIR_all_unB_method.py:95: RuntimeWarning: Mean of empty slice
  return np.nanmean(samp_cur[year_idx-1850, :], axis = 1)
/oscar/data/deeps/private/bfoxkemp/jnickla1/Thorne_15_codefigurestats/Methods/43_Forcing_Based/1_ERF_FaIR/FaIR_comb_unB_method.py:155: RuntimeWarning: Mean of empty slice
  return np.nanmean(samp_cur[year_idx-1850, :], axis = 1)
/oscar/data/deeps/private/bfoxkemp/jnickla1/Thorne_15_codefigurestats/Methods/43_Forcing_Based/1_ERF_FaIR/FaIR_anthro_method.py:71: RuntimeWarning: Mean of empty slice
  return np.nanmean(samp_cur[year_idx-1850, :], axis = 1)
/oscar/data/deeps/private/bfoxkemp/jnickla1/Thorne_15_codefigurestats/Methods/43_Forcing_Based/1_ERF_FaIR/FaIR_anthro_unB_method.py:94: RuntimeWarning: Mean of empty slice
  return np.nanmean(samp_cur[year_idx-1850, :], axis = 1)
/oscar/data/deeps/private/bfoxkemp/jnickla1/Thorne_15_codefigurestats/Methods/43_Forcing_Based/1_ERF_FaIR/FaIR_nonat_method.py:70: RuntimeWarning: Mean of empty slice
  return np.nanmean(samp_cur[year_idx-1850, :], axis = 1)
/oscar/data/deeps/private/bfoxkemp/jnickla1/Thorne_15_codefigurestats/Methods/43_Forcing_Based/1_ERF_FaIR/FaIR_nonat_unB_method.py:97: RuntimeWarning: Mean of empty slice
  return np.nanmean(samp_cur[year_idx-1850, :], axis = 1)
/oscar/data/deeps/private/bfoxkemp/jnickla1/Thorne_15_codefigurestats/Methods/43_Forcing_Based/1_ERF_FaIR/FaIR_all_method.py:71: RuntimeWarning: Mean of empty slice
  return np.nanmean(samp_cur[year_idx-1850, :], axis = 1)
/oscar/data/deeps/private/bfoxkemp/jnickla1/Thorne_15_codefigurestats/Methods/43_Forcing_Based/1_ERF_FaIR/FaIR_all_unB_method.py:95: RuntimeWarning: Mean of empty slice
  return np.nanmean(samp_cur[year_idx-1850, :], axis = 1)
/oscar/data/deeps/private/bfoxkemp/jnickla1/Thorne_15_codefigurestats/Methods/43_Forcing_Based/1_ERF_FaIR/FaIR_comb_unB_method.py:155: RuntimeWarning: Mean of empty slice
  return np.nanmean(samp_cur[year_idx-1850, :], axis = 1)
/oscar/data/deeps/private/bfoxkemp/jnickla1/Thorne_15_codefigurestats/Methods/43_Forcing_Based/1_ERF_FaIR/FaIR_anthro_method.py:71: RuntimeWarning: Mean of empty slice
  return np.nanmean(samp_cur[year_idx-1850, :], axis = 1)
/users/jnickla1/.conda/envs/cleanpy/lib/python3.13/site-packages/numpy/lib/_nanfunctions_impl.py:2019: RuntimeWarning: Degrees of freedom <= 0 for slice.
  var = nanvar(a, axis=axis, dtype=dtype, out=out, ddof=ddof,
/oscar/data/deeps/private/bfoxkemp/jnickla1/Thorne_15_codefigurestats/Methods/43_Forcing_Based/1_ERF_FaIR/FaIR_anthro_method.py:99: RuntimeWarning: Mean of empty slice
  cdist = np.nanmean(dist)
/oscar/data/deeps/private/bfoxkemp/jnickla1/Thorne_15_codefigurestats/Methods/43_Forcing_Based/1_ERF_FaIR/FaIR_anthro_method.py:71: RuntimeWarning: Mean of empty slice
  return np.nanmean(samp_cur[year_idx-1850, :], axis = 1)
/users/jnickla1/.conda/envs/cleanpy/lib/python3.13/site-packages/numpy/lib/_nanfunctions_impl.py:2019: RuntimeWarning: Degrees of freedom <= 0 for slice.
  var = nanvar(a, axis=axis, dtype=dtype, out=out, ddof=ddof,
/oscar/data/deeps/private/bfoxkemp/jnickla1/Thorne_15_codefigurestats/Methods/43_Forcing_Based/1_ERF_FaIR/FaIR_anthro_method.py:99: RuntimeWarning: Mean of empty slice
  cdist = np.nanmean(dist)
/oscar/data/deeps/private/bfoxkemp/jnickla1/Thorne_15_codefigurestats/fut_evaluation_script.py:427: RuntimeWarning: Mean of empty slice
  evalmean = np.nanmean(diffcross) #if crossing multiple times take the mean
/oscar/data/deeps/private/bfoxkemp/jnickla1/Thorne_15_codefigurestats/fut_evaluation_script.py:464: RuntimeWarning: Mean of empty slice
  evalmean = np.nanmean(diffcrossE) #if crossing multiple times take the mean
/oscar/data/deeps/private/bfoxkemp/jnickla1/Thorne_15_codefigurestats/Methods/43_Forcing_Based/1_ERF_FaIR/FaIR_anthro_unB_method.py:94: RuntimeWarning: Mean of empty slice
  return np.nanmean(samp_cur[year_idx-1850, :], axis = 1)
/users/jnickla1/.conda/envs/cleanpy/lib/python3.13/site-packages/numpy/lib/_nanfunctions_impl.py:2019: RuntimeWarning: Degrees of freedom <= 0 for slice.
  var = nanvar(a, axis=axis, dtype=dtype, out=out, ddof=ddof,
/oscar/data/deeps/private/bfoxkemp/jnickla1/Thorne_15_codefigurestats/Methods/43_Forcing_Based/1_ERF_FaIR/FaIR_anthro_unB_method.py:122: RuntimeWarning: Mean of empty slice
  cdist = np.nanmean(dist)
/oscar/data/deeps/private/bfoxkemp/jnickla1/Thorne_15_codefigurestats/Methods/43_Forcing_Based/1_ERF_FaIR/FaIR_all_method.py:53: RuntimeWarning: Mean of empty slice
  samp_mean =  np.nanmean(samp_cur, axis = 1)
/oscar/data/deeps/private/bfoxkemp/jnickla1/Thorne_15_codefigurestats/Methods/43_Forcing_Based/1_ERF_FaIR/FaIR_anthro_unB_method.py:94: RuntimeWarning: Mean of empty slice
  return np.nanmean(samp_cur[year_idx-1850, :], axis = 1)
/oscar/data/deeps/private/bfoxkemp/jnickla1/Thorne_15_codefigurestats/Methods/43_Forcing_Based/1_ERF_FaIR/FaIR_all_unB_method.py:70: RuntimeWarning: Mean of empty slice
  samp_mean =  np.nanmean(samp_cur, axis = 1)
/users/jnickla1/.conda/envs/cleanpy/lib/python3.13/site-packages/numpy/lib/_nanfunctions_impl.py:2019: RuntimeWarning: Degrees of freedom <= 0 for slice.
  var = nanvar(a, axis=axis, dtype=dtype, out=out, ddof=ddof,
/oscar/data/deeps/private/bfoxkemp/jnickla1/Thorne_15_codefigurestats/Methods/43_Forcing_Based/1_ERF_FaIR/FaIR_anthro_unB_method.py:122: RuntimeWarning: Mean of empty slice
  cdist = np.nanmean(dist)
/oscar/data/deeps/private/bfoxkemp/jnickla1/Thorne_15_codefigurestats/Methods/43_Forcing_Based/1_ERF_FaIR/FaIR_anthro_method.py:53: RuntimeWarning: Mean of empty slice
  samp_mean =  np.nanmean(samp_cur, axis = 1)
/oscar/data/deeps/private/bfoxkemp/jnickla1/Thorne_15_codefigurestats/Methods/43_Forcing_Based/1_ERF_FaIR/FaIR_all_method.py:53: RuntimeWarning: Mean of empty slice
  samp_mean =  np.nanmean(samp_cur, axis = 1)
/oscar/data/deeps/private/bfoxkemp/jnickla1/Thorne_15_codefigurestats/Methods/43_Forcing_Based/1_ERF_FaIR/FaIR_anthro_unB_method.py:70: RuntimeWarning: Mean of empty slice
  samp_mean =  np.nanmean(samp_cur, axis = 1)
/oscar/data/deeps/private/bfoxkemp/jnickla1/Thorne_15_codefigurestats/Methods/43_Forcing_Based/1_ERF_FaIR/FaIR_all_method.py:53: RuntimeWarning: Mean of empty slice
  samp_mean =  np.nanmean(samp_cur, axis = 1)
/oscar/data/deeps/private/bfoxkemp/jnickla1/Thorne_15_codefigurestats/Methods/43_Forcing_Based/1_ERF_FaIR/FaIR_all_unB_method.py:70: RuntimeWarning: Mean of empty slice
  samp_mean =  np.nanmean(samp_cur, axis = 1)
/oscar/data/deeps/private/bfoxkemp/jnickla1/Thorne_15_codefigurestats/Methods/43_Forcing_Based/1_ERF_FaIR/FaIR_all_unB_method.py:70: RuntimeWarning: Mean of empty slice
  samp_mean =  np.nanmean(samp_cur, axis = 1)
/oscar/data/deeps/private/bfoxkemp/jnickla1/Thorne_15_codefigurestats/Methods/43_Forcing_Based/1_ERF_FaIR/FaIR_comb_unB_method.py:70: RuntimeWarning: Mean of empty slice
  samp_mean =  np.nanmean(samp_cur, axis = 1)
/oscar/data/deeps/private/bfoxkemp/jnickla1/Thorne_15_codefigurestats/Methods/43_Forcing_Based/1_ERF_FaIR/FaIR_comb_unB_method.py:126: RuntimeWarning: Mean of empty slice
  samp_meanAll =  np.nanmean(samp_curAll, axis = 1)
/oscar/data/deeps/private/bfoxkemp/jnickla1/Thorne_15_codefigurestats/Methods/43_Forcing_Based/1_ERF_FaIR/FaIR_anthro_method.py:53: RuntimeWarning: Mean of empty slice
  samp_mean =  np.nanmean(samp_cur, axis = 1)
/oscar/data/deeps/private/bfoxkemp/jnickla1/Thorne_15_codefigurestats/Methods/43_Forcing_Based/1_ERF_FaIR/FaIR_anthro_method.py:53: RuntimeWarning: Mean of empty slice
  samp_mean =  np.nanmean(samp_cur, axis = 1)
/oscar/data/deeps/private/bfoxkemp/jnickla1/Thorne_15_codefigurestats/Methods/43_Forcing_Based/1_ERF_FaIR/FaIR_anthro_unB_method.py:70: RuntimeWarning: Mean of empty slice
  samp_mean =  np.nanmean(samp_cur, axis = 1)
/oscar/data/deeps/private/bfoxkemp/jnickla1/Thorne_15_codefigurestats/Methods/43_Forcing_Based/1_ERF_FaIR/FaIR_nonat_method.py:53: RuntimeWarning: Mean of empty slice
  samp_mean =  np.nanmean(samp_cur, axis = 1)
/oscar/data/deeps/private/bfoxkemp/jnickla1/Thorne_15_codefigurestats/Methods/43_Forcing_Based/1_ERF_FaIR/FaIR_anthro_unB_method.py:70: RuntimeWarning: Mean of empty slice
  samp_mean =  np.nanmean(samp_cur, axis = 1)
/oscar/data/deeps/private/bfoxkemp/jnickla1/Thorne_15_codefigurestats/Methods/43_Forcing_Based/1_ERF_FaIR/FaIR_comb_unB_method.py:70: RuntimeWarning: Mean of empty slice
  samp_mean =  np.nanmean(samp_cur, axis = 1)
/oscar/data/deeps/private/bfoxkemp/jnickla1/Thorne_15_codefigurestats/Methods/43_Forcing_Based/1_ERF_FaIR/FaIR_nonat_unB_method.py:72: RuntimeWarning: Mean of empty slice
  samp_mean =  np.nanmean(samp_cur, axis = 1)
/oscar/data/deeps/private/bfoxkemp/jnickla1/Thorne_15_codefigurestats/Methods/43_Forcing_Based/1_ERF_FaIR/FaIR_comb_unB_method.py:70: RuntimeWarning: Mean of empty slice
  samp_mean =  np.nanmean(samp_cur, axis = 1)
/oscar/data/deeps/private/bfoxkemp/jnickla1/Thorne_15_codefigurestats/Methods/43_Forcing_Based/1_ERF_FaIR/FaIR_comb_unB_method.py:126: RuntimeWarning: Mean of empty slice
  samp_meanAll =  np.nanmean(samp_curAll, axis = 1)
/oscar/data/deeps/private/bfoxkemp/jnickla1/Thorne_15_codefigurestats/Methods/43_Forcing_Based/1_ERF_FaIR/FaIR_comb_unB_method.py:126: RuntimeWarning: Mean of empty slice
  samp_meanAll =  np.nanmean(samp_curAll, axis = 1)
/oscar/data/deeps/private/bfoxkemp/jnickla1/Thorne_15_codefigurestats/Methods/43_Forcing_Based/1_ERF_FaIR/FaIR_all_method.py:71: RuntimeWarning: Mean of empty slice
  return np.nanmean(samp_cur[year_idx-1850, :], axis = 1)
/users/jnickla1/.conda/envs/cleanpy/lib/python3.13/site-packages/numpy/lib/_nanfunctions_impl.py:2019: RuntimeWarning: Degrees of freedom <= 0 for slice.
  var = nanvar(a, axis=axis, dtype=dtype, out=out, ddof=ddof,
/oscar/data/deeps/private/bfoxkemp/jnickla1/Thorne_15_codefigurestats/Methods/43_Forcing_Based/1_ERF_FaIR/FaIR_all_unB_method.py:95: RuntimeWarning: Mean of empty slice
  return np.nanmean(samp_cur[year_idx-1850, :], axis = 1)
/oscar/data/deeps/private/bfoxkemp/jnickla1/Thorne_15_codefigurestats/Methods/43_Forcing_Based/1_ERF_FaIR/FaIR_nonat_method.py:53: RuntimeWarning: Mean of empty slice
  samp_mean =  np.nanmean(samp_cur, axis = 1)
/oscar/data/deeps/private/bfoxkemp/jnickla1/Thorne_15_codefigurestats/Methods/43_Forcing_Based/1_ERF_FaIR/FaIR_anthro_method.py:71: RuntimeWarning: Mean of empty slice
  return np.nanmean(samp_cur[year_idx-1850, :], axis = 1)
/oscar/data/deeps/private/bfoxkemp/jnickla1/Thorne_15_codefigurestats/Methods/43_Forcing_Based/1_ERF_FaIR/FaIR_nonat_method.py:53: RuntimeWarning: Mean of empty slice
  samp_mean =  np.nanmean(samp_cur, axis = 1)
/oscar/data/deeps/private/bfoxkemp/jnickla1/Thorne_15_codefigurestats/Methods/43_Forcing_Based/1_ERF_FaIR/FaIR_anthro_unB_method.py:94: RuntimeWarning: Mean of empty slice
  return np.nanmean(samp_cur[year_idx-1850, :], axis = 1)
/oscar/data/deeps/private/bfoxkemp/jnickla1/Thorne_15_codefigurestats/Methods/43_Forcing_Based/1_ERF_FaIR/FaIR_nonat_unB_method.py:72: RuntimeWarning: Mean of empty slice
  samp_mean =  np.nanmean(samp_cur, axis = 1)
/oscar/data/deeps/private/bfoxkemp/jnickla1/Thorne_15_codefigurestats/Methods/43_Forcing_Based/1_ERF_FaIR/FaIR_comb_unB_method.py:155: RuntimeWarning: Mean of empty slice
  return np.nanmean(samp_cur[year_idx-1850, :], axis = 1)
/oscar/data/deeps/private/bfoxkemp/jnickla1/Thorne_15_codefigurestats/Methods/43_Forcing_Based/1_ERF_FaIR/FaIR_nonat_unB_method.py:72: RuntimeWarning: Mean of empty slice
  samp_mean =  np.nanmean(samp_cur, axis = 1)
/oscar/data/deeps/private/bfoxkemp/jnickla1/Thorne_15_codefigurestats/Methods/43_Forcing_Based/1_ERF_FaIR/FaIR_nonat_method.py:70: RuntimeWarning: Mean of empty slice
  return np.nanmean(samp_cur[year_idx-1850, :], axis = 1)
/oscar/data/deeps/private/bfoxkemp/jnickla1/Thorne_15_codefigurestats/Methods/43_Forcing_Based/1_ERF_FaIR/FaIR_all_method.py:71: RuntimeWarning: Mean of empty slice
  return np.nanmean(samp_cur[year_idx-1850, :], axis = 1)
/users/jnickla1/.conda/envs/cleanpy/lib/python3.13/site-packages/numpy/lib/_nanfunctions_impl.py:2019: RuntimeWarning: Degrees of freedom <= 0 for slice.
  var = nanvar(a, axis=axis, dtype=dtype, out=out, ddof=ddof,
/oscar/data/deeps/private/bfoxkemp/jnickla1/Thorne_15_codefigurestats/Methods/43_Forcing_Based/1_ERF_FaIR/FaIR_all_unB_method.py:95: RuntimeWarning: Mean of empty slice
  return np.nanmean(samp_cur[year_idx-1850, :], axis = 1)
/oscar/data/deeps/private/bfoxkemp/jnickla1/Thorne_15_codefigurestats/Methods/43_Forcing_Based/1_ERF_FaIR/FaIR_nonat_unB_method.py:97: RuntimeWarning: Mean of empty slice
  return np.nanmean(samp_cur[year_idx-1850, :], axis = 1)
/oscar/data/deeps/private/bfoxkemp/jnickla1/Thorne_15_codefigurestats/Methods/43_Forcing_Based/1_ERF_FaIR/FaIR_anthro_method.py:71: RuntimeWarning: Mean of empty slice
  return np.nanmean(samp_cur[year_idx-1850, :], axis = 1)
/oscar/data/deeps/private/bfoxkemp/jnickla1/Thorne_15_codefigurestats/Methods/43_Forcing_Based/1_ERF_FaIR/FaIR_all_method.py:71: RuntimeWarning: Mean of empty slice
  return np.nanmean(samp_cur[year_idx-1850, :], axis = 1)
/users/jnickla1/.conda/envs/cleanpy/lib/python3.13/site-packages/numpy/lib/_nanfunctions_impl.py:2019: RuntimeWarning: Degrees of freedom <= 0 for slice.
  var = nanvar(a, axis=axis, dtype=dtype, out=out, ddof=ddof,
/oscar/data/deeps/private/bfoxkemp/jnickla1/Thorne_15_codefigurestats/Methods/43_Forcing_Based/1_ERF_FaIR/FaIR_all_unB_method.py:95: RuntimeWarning: Mean of empty slice
  return np.nanmean(samp_cur[year_idx-1850, :], axis = 1)
/oscar/data/deeps/private/bfoxkemp/jnickla1/Thorne_15_codefigurestats/Methods/43_Forcing_Based/1_ERF_FaIR/FaIR_anthro_unB_method.py:94: RuntimeWarning: Mean of empty slice
  return np.nanmean(samp_cur[year_idx-1850, :], axis = 1)
/oscar/data/deeps/private/bfoxkemp/jnickla1/Thorne_15_codefigurestats/Methods/43_Forcing_Based/1_ERF_FaIR/FaIR_anthro_method.py:71: RuntimeWarning: Mean of empty slice
  return np.nanmean(samp_cur[year_idx-1850, :], axis = 1)
/oscar/data/deeps/private/bfoxkemp/jnickla1/Thorne_15_codefigurestats/Methods/43_Forcing_Based/1_ERF_FaIR/FaIR_anthro_method.py:71: RuntimeWarning: Mean of empty slice
  return np.nanmean(samp_cur[year_idx-1850, :], axis = 1)
/oscar/data/deeps/private/bfoxkemp/jnickla1/Thorne_15_codefigurestats/Methods/43_Forcing_Based/1_ERF_FaIR/FaIR_anthro_unB_method.py:94: RuntimeWarning: Mean of empty slice
  return np.nanmean(samp_cur[year_idx-1850, :], axis = 1)
/oscar/data/deeps/private/bfoxkemp/jnickla1/Thorne_15_codefigurestats/Methods/43_Forcing_Based/1_ERF_FaIR/FaIR_comb_unB_method.py:155: RuntimeWarning: Mean of empty slice
  return np.nanmean(samp_cur[year_idx-1850, :], axis = 1)
/oscar/data/deeps/private/bfoxkemp/jnickla1/Thorne_15_codefigurestats/Methods/43_Forcing_Based/1_ERF_FaIR/FaIR_anthro_unB_method.py:94: RuntimeWarning: Mean of empty slice
  return np.nanmean(samp_cur[year_idx-1850, :], axis = 1)
/oscar/data/deeps/private/bfoxkemp/jnickla1/Thorne_15_codefigurestats/Methods/43_Forcing_Based/1_ERF_FaIR/FaIR_nonat_method.py:70: RuntimeWarning: Mean of empty slice
  return np.nanmean(samp_cur[year_idx-1850, :], axis = 1)
/oscar/data/deeps/private/bfoxkemp/jnickla1/Thorne_15_codefigurestats/Methods/43_Forcing_Based/1_ERF_FaIR/FaIR_nonat_unB_method.py:97: RuntimeWarning: Mean of empty slice
  return np.nanmean(samp_cur[year_idx-1850, :], axis = 1)
/oscar/data/deeps/private/bfoxkemp/jnickla1/Thorne_15_codefigurestats/Methods/43_Forcing_Based/1_ERF_FaIR/FaIR_all_method.py:71: RuntimeWarning: Mean of empty slice
  return np.nanmean(samp_cur[year_idx-1850, :], axis = 1)
/oscar/data/deeps/private/bfoxkemp/jnickla1/Thorne_15_codefigurestats/Methods/43_Forcing_Based/1_ERF_FaIR/FaIR_nonat_method.py:70: RuntimeWarning: Mean of empty slice
  return np.nanmean(samp_cur[year_idx-1850, :], axis = 1)
/oscar/data/deeps/private/bfoxkemp/jnickla1/Thorne_15_codefigurestats/Methods/43_Forcing_Based/1_ERF_FaIR/FaIR_comb_unB_method.py:155: RuntimeWarning: Mean of empty slice
  return np.nanmean(samp_cur[year_idx-1850, :], axis = 1)
/oscar/data/deeps/private/bfoxkemp/jnickla1/Thorne_15_codefigurestats/Methods/43_Forcing_Based/1_ERF_FaIR/FaIR_all_unB_method.py:95: RuntimeWarning: Mean of empty slice
  return np.nanmean(samp_cur[year_idx-1850, :], axis = 1)
/oscar/data/deeps/private/bfoxkemp/jnickla1/Thorne_15_codefigurestats/Methods/43_Forcing_Based/1_ERF_FaIR/FaIR_comb_unB_method.py:155: RuntimeWarning: Mean of empty slice
  return np.nanmean(samp_cur[year_idx-1850, :], axis = 1)
/oscar/data/deeps/private/bfoxkemp/jnickla1/Thorne_15_codefigurestats/Methods/43_Forcing_Based/1_ERF_FaIR/FaIR_nonat_unB_method.py:97: RuntimeWarning: Mean of empty slice
  return np.nanmean(samp_cur[year_idx-1850, :], axis = 1)
/oscar/data/deeps/private/bfoxkemp/jnickla1/Thorne_15_codefigurestats/Methods/43_Forcing_Based/1_ERF_FaIR/FaIR_nonat_method.py:70: RuntimeWarning: Mean of empty slice
  return np.nanmean(samp_cur[year_idx-1850, :], axis = 1)
/oscar/data/deeps/private/bfoxkemp/jnickla1/Thorne_15_codefigurestats/Methods/43_Forcing_Based/1_ERF_FaIR/FaIR_nonat_unB_method.py:97: RuntimeWarning: Mean of empty slice
  return np.nanmean(samp_cur[year_idx-1850, :], axis = 1)
/oscar/data/deeps/private/bfoxkemp/jnickla1/Thorne_15_codefigurestats/Methods/43_Forcing_Based/1_ERF_FaIR/FaIR_anthro_method.py:71: RuntimeWarning: Mean of empty slice
  return np.nanmean(samp_cur[year_idx-1850, :], axis = 1)
/oscar/data/deeps/private/bfoxkemp/jnickla1/Thorne_15_codefigurestats/Methods/43_Forcing_Based/1_ERF_FaIR/FaIR_anthro_unB_method.py:94: RuntimeWarning: Mean of empty slice
  return np.nanmean(samp_cur[year_idx-1850, :], axis = 1)
/oscar/data/deeps/private/bfoxkemp/jnickla1/Thorne_15_codefigurestats/Methods/43_Forcing_Based/1_ERF_FaIR/FaIR_nonat_method.py:70: RuntimeWarning: Mean of empty slice
  return np.nanmean(samp_cur[year_idx-1850, :], axis = 1)
/oscar/data/deeps/private/bfoxkemp/jnickla1/Thorne_15_codefigurestats/Methods/43_Forcing_Based/1_ERF_FaIR/FaIR_nonat_unB_method.py:97: RuntimeWarning: Mean of empty slice
  return np.nanmean(samp_cur[year_idx-1850, :], axis = 1)
/oscar/data/deeps/private/bfoxkemp/jnickla1/Thorne_15_codefigurestats/Methods/43_Forcing_Based/1_ERF_FaIR/FaIR_anthro_method.py:71: RuntimeWarning: Mean of empty slice
  return np.nanmean(samp_cur[year_idx-1850, :], axis = 1)
/oscar/data/deeps/private/bfoxkemp/jnickla1/Thorne_15_codefigurestats/Methods/43_Forcing_Based/1_ERF_FaIR/FaIR_all_method.py:71: RuntimeWarning: Mean of empty slice
  return np.nanmean(samp_cur[year_idx-1850, :], axis = 1)
/oscar/data/deeps/private/bfoxkemp/jnickla1/Thorne_15_codefigurestats/Methods/43_Forcing_Based/1_ERF_FaIR/FaIR_all_unB_method.py:95: RuntimeWarning: Mean of empty slice
  return np.nanmean(samp_cur[year_idx-1850, :], axis = 1)
/oscar/data/deeps/private/bfoxkemp/jnickla1/Thorne_15_codefigurestats/Methods/43_Forcing_Based/1_ERF_FaIR/FaIR_comb_unB_method.py:155: RuntimeWarning: Mean of empty slice
  return np.nanmean(samp_cur[year_idx-1850, :], axis = 1)
/oscar/data/deeps/private/bfoxkemp/jnickla1/Thorne_15_codefigurestats/Methods/43_Forcing_Based/1_ERF_FaIR/FaIR_anthro_unB_method.py:94: RuntimeWarning: Mean of empty slice
  return np.nanmean(samp_cur[year_idx-1850, :], axis = 1)
/oscar/data/deeps/private/bfoxkemp/jnickla1/Thorne_15_codefigurestats/Methods/43_Forcing_Based/1_ERF_FaIR/FaIR_nonat_method.py:70: RuntimeWarning: Mean of empty slice
  return np.nanmean(samp_cur[year_idx-1850, :], axis = 1)
/oscar/data/deeps/private/bfoxkemp/jnickla1/Thorne_15_codefigurestats/Methods/43_Forcing_Based/1_ERF_FaIR/FaIR_nonat_unB_method.py:97: RuntimeWarning: Mean of empty slice
  return np.nanmean(samp_cur[year_idx-1850, :], axis = 1)
/oscar/data/deeps/private/bfoxkemp/jnickla1/Thorne_15_codefigurestats/Methods/43_Forcing_Based/1_ERF_FaIR/FaIR_all_method.py:71: RuntimeWarning: Mean of empty slice
  return np.nanmean(samp_cur[year_idx-1850, :], axis = 1)
/oscar/data/deeps/private/bfoxkemp/jnickla1/Thorne_15_codefigurestats/Methods/43_Forcing_Based/1_ERF_FaIR/FaIR_all_unB_method.py:95: RuntimeWarning: Mean of empty slice
  return np.nanmean(samp_cur[year_idx-1850, :], axis = 1)
/oscar/data/deeps/private/bfoxkemp/jnickla1/Thorne_15_codefigurestats/Methods/43_Forcing_Based/1_ERF_FaIR/FaIR_comb_unB_method.py:155: RuntimeWarning: Mean of empty slice
  return np.nanmean(samp_cur[year_idx-1850, :], axis = 1)
/oscar/data/deeps/private/bfoxkemp/jnickla1/Thorne_15_codefigurestats/Methods/43_Forcing_Based/1_ERF_FaIR/FaIR_anthro_method.py:71: RuntimeWarning: Mean of empty slice
  return np.nanmean(samp_cur[year_idx-1850, :], axis = 1)
/users/jnickla1/.conda/envs/cleanpy/lib/python3.13/site-packages/numpy/lib/_nanfunctions_impl.py:2019: RuntimeWarning: Degrees of freedom <= 0 for slice.
  var = nanvar(a, axis=axis, dtype=dtype, out=out, ddof=ddof,
/oscar/data/deeps/private/bfoxkemp/jnickla1/Thorne_15_codefigurestats/Methods/43_Forcing_Based/1_ERF_FaIR/FaIR_anthro_method.py:99: RuntimeWarning: Mean of empty slice
  cdist = np.nanmean(dist)
/oscar/data/deeps/private/bfoxkemp/jnickla1/Thorne_15_codefigurestats/Methods/43_Forcing_Based/1_ERF_FaIR/FaIR_anthro_method.py:71: RuntimeWarning: Mean of empty slice
  return np.nanmean(samp_cur[year_idx-1850, :], axis = 1)
/users/jnickla1/.conda/envs/cleanpy/lib/python3.13/site-packages/numpy/lib/_nanfunctions_impl.py:2019: RuntimeWarning: Degrees of freedom <= 0 for slice.
  var = nanvar(a, axis=axis, dtype=dtype, out=out, ddof=ddof,
/oscar/data/deeps/private/bfoxkemp/jnickla1/Thorne_15_codefigurestats/Methods/43_Forcing_Based/1_ERF_FaIR/FaIR_anthro_method.py:99: RuntimeWarning: Mean of empty slice
  cdist = np.nanmean(dist)
/oscar/data/deeps/private/bfoxkemp/jnickla1/Thorne_15_codefigurestats/Methods/43_Forcing_Based/1_ERF_FaIR/FaIR_anthro_method.py:71: RuntimeWarning: Mean of empty slice
  return np.nanmean(samp_cur[year_idx-1850, :], axis = 1)
/users/jnickla1/.conda/envs/cleanpy/lib/python3.13/site-packages/numpy/lib/_nanfunctions_impl.py:2019: RuntimeWarning: Degrees of freedom <= 0 for slice.
  var = nanvar(a, axis=axis, dtype=dtype, out=out, ddof=ddof,
/oscar/data/deeps/private/bfoxkemp/jnickla1/Thorne_15_codefigurestats/Methods/43_Forcing_Based/1_ERF_FaIR/FaIR_anthro_method.py:99: RuntimeWarning: Mean of empty slice
  cdist = np.nanmean(dist)
/oscar/data/deeps/private/bfoxkemp/jnickla1/Thorne_15_codefigurestats/Methods/43_Forcing_Based/1_ERF_FaIR/FaIR_nonat_method.py:70: RuntimeWarning: Mean of empty slice
  return np.nanmean(samp_cur[year_idx-1850, :], axis = 1)
/users/jnickla1/.conda/envs/cleanpy/lib/python3.13/site-packages/numpy/lib/_nanfunctions_impl.py:2019: RuntimeWarning: Degrees of freedom <= 0 for slice.
  var = nanvar(a, axis=axis, dtype=dtype, out=out, ddof=ddof,
/oscar/data/deeps/private/bfoxkemp/jnickla1/Thorne_15_codefigurestats/Methods/43_Forcing_Based/1_ERF_FaIR/FaIR_nonat_method.py:98: RuntimeWarning: Mean of empty slice
  cdist = np.nanmean(dist)
/oscar/data/deeps/private/bfoxkemp/jnickla1/Thorne_15_codefigurestats/Methods/43_Forcing_Based/1_ERF_FaIR/FaIR_nonat_method.py:70: RuntimeWarning: Mean of empty slice
  return np.nanmean(samp_cur[year_idx-1850, :], axis = 1)
/users/jnickla1/.conda/envs/cleanpy/lib/python3.13/site-packages/numpy/lib/_nanfunctions_impl.py:2019: RuntimeWarning: Degrees of freedom <= 0 for slice.
  var = nanvar(a, axis=axis, dtype=dtype, out=out, ddof=ddof,
/oscar/data/deeps/private/bfoxkemp/jnickla1/Thorne_15_codefigurestats/Methods/43_Forcing_Based/1_ERF_FaIR/FaIR_nonat_method.py:98: RuntimeWarning: Mean of empty slice
  cdist = np.nanmean(dist)
/oscar/data/deeps/private/bfoxkemp/jnickla1/Thorne_15_codefigurestats/Methods/43_Forcing_Based/1_ERF_FaIR/FaIR_anthro_unB_method.py:94: RuntimeWarning: Mean of empty slice
  return np.nanmean(samp_cur[year_idx-1850, :], axis = 1)
/users/jnickla1/.conda/envs/cleanpy/lib/python3.13/site-packages/numpy/lib/_nanfunctions_impl.py:2019: RuntimeWarning: Degrees of freedom <= 0 for slice.
  var = nanvar(a, axis=axis, dtype=dtype, out=out, ddof=ddof,
/oscar/data/deeps/private/bfoxkemp/jnickla1/Thorne_15_codefigurestats/Methods/43_Forcing_Based/1_ERF_FaIR/FaIR_anthro_unB_method.py:122: RuntimeWarning: Mean of empty slice
  cdist = np.nanmean(dist)
/oscar/data/deeps/private/bfoxkemp/jnickla1/Thorne_15_codefigurestats/fut_evaluation_script.py:427: RuntimeWarning: Mean of empty slice
  evalmean = np.nanmean(diffcross) #if crossing multiple times take the mean
/oscar/data/deeps/private/bfoxkemp/jnickla1/Thorne_15_codefigurestats/fut_evaluation_script.py:464: RuntimeWarning: Mean of empty slice
  evalmean = np.nanmean(diffcrossE) #if crossing multiple times take the mean
/oscar/data/deeps/private/bfoxkemp/jnickla1/Thorne_15_codefigurestats/Methods/43_Forcing_Based/1_ERF_FaIR/FaIR_anthro_unB_method.py:94: RuntimeWarning: Mean of empty slice
  return np.nanmean(samp_cur[year_idx-1850, :], axis = 1)
/users/jnickla1/.conda/envs/cleanpy/lib/python3.13/site-packages/numpy/lib/_nanfunctions_impl.py:2019: RuntimeWarning: Degrees of freedom <= 0 for slice.
  var = nanvar(a, axis=axis, dtype=dtype, out=out, ddof=ddof,
/oscar/data/deeps/private/bfoxkemp/jnickla1/Thorne_15_codefigurestats/Methods/43_Forcing_Based/1_ERF_FaIR/FaIR_anthro_unB_method.py:122: RuntimeWarning: Mean of empty slice
  cdist = np.nanmean(dist)
/oscar/data/deeps/private/bfoxkemp/jnickla1/Thorne_15_codefigurestats/Methods/43_Forcing_Based/1_ERF_FaIR/FaIR_nonat_unB_method.py:97: RuntimeWarning: Mean of empty slice
  return np.nanmean(samp_cur[year_idx-1850, :], axis = 1)
/users/jnickla1/.conda/envs/cleanpy/lib/python3.13/site-packages/numpy/lib/_nanfunctions_impl.py:2019: RuntimeWarning: Degrees of freedom <= 0 for slice.
  var = nanvar(a, axis=axis, dtype=dtype, out=out, ddof=ddof,
/oscar/data/deeps/private/bfoxkemp/jnickla1/Thorne_15_codefigurestats/Methods/43_Forcing_Based/1_ERF_FaIR/FaIR_nonat_unB_method.py:125: RuntimeWarning: Mean of empty slice
  cdist = np.nanmean(dist)
/oscar/data/deeps/private/bfoxkemp/jnickla1/Thorne_15_codefigurestats/Methods/43_Forcing_Based/1_ERF_FaIR/FaIR_nonat_unB_method.py:97: RuntimeWarning: Mean of empty slice
  return np.nanmean(samp_cur[year_idx-1850, :], axis = 1)
/users/jnickla1/.conda/envs/cleanpy/lib/python3.13/site-packages/numpy/lib/_nanfunctions_impl.py:2019: RuntimeWarning: Degrees of freedom <= 0 for slice.
  var = nanvar(a, axis=axis, dtype=dtype, out=out, ddof=ddof,
/oscar/data/deeps/private/bfoxkemp/jnickla1/Thorne_15_codefigurestats/Methods/43_Forcing_Based/1_ERF_FaIR/FaIR_nonat_unB_method.py:125: RuntimeWarning: Mean of empty slice
  cdist = np.nanmean(dist)
/oscar/data/deeps/private/bfoxkemp/jnickla1/Thorne_15_codefigurestats/Methods/43_Forcing_Based/1_ERF_FaIR/FaIR_anthro_unB_method.py:94: RuntimeWarning: Mean of empty slice
  return np.nanmean(samp_cur[year_idx-1850, :], axis = 1)
/users/jnickla1/.conda/envs/cleanpy/lib/python3.13/site-packages/numpy/lib/_nanfunctions_impl.py:2019: RuntimeWarning: Degrees of freedom <= 0 for slice.
  var = nanvar(a, axis=axis, dtype=dtype, out=out, ddof=ddof,
/oscar/data/deeps/private/bfoxkemp/jnickla1/Thorne_15_codefigurestats/Methods/43_Forcing_Based/1_ERF_FaIR/FaIR_anthro_unB_method.py:122: RuntimeWarning: Mean of empty slice
  cdist = np.nanmean(dist)
/oscar/data/deeps/private/bfoxkemp/jnickla1/Thorne_15_codefigurestats/Methods/43_Forcing_Based/1_ERF_FaIR/FaIR_nonat_method.py:70: RuntimeWarning: Mean of empty slice
  return np.nanmean(samp_cur[year_idx-1850, :], axis = 1)
/users/jnickla1/.conda/envs/cleanpy/lib/python3.13/site-packages/numpy/lib/_nanfunctions_impl.py:2019: RuntimeWarning: Degrees of freedom <= 0 for slice.
  var = nanvar(a, axis=axis, dtype=dtype, out=out, ddof=ddof,
/oscar/data/deeps/private/bfoxkemp/jnickla1/Thorne_15_codefigurestats/Methods/43_Forcing_Based/1_ERF_FaIR/FaIR_nonat_method.py:98: RuntimeWarning: Mean of empty slice
  cdist = np.nanmean(dist)
/oscar/data/deeps/private/bfoxkemp/jnickla1/Thorne_15_codefigurestats/Methods/43_Forcing_Based/1_ERF_FaIR/FaIR_nonat_method.py:70: RuntimeWarning: Mean of empty slice
  return np.nanmean(samp_cur[year_idx-1850, :], axis = 1)
/users/jnickla1/.conda/envs/cleanpy/lib/python3.13/site-packages/numpy/lib/_nanfunctions_impl.py:2019: RuntimeWarning: Degrees of freedom <= 0 for slice.
  var = nanvar(a, axis=axis, dtype=dtype, out=out, ddof=ddof,
/oscar/data/deeps/private/bfoxkemp/jnickla1/Thorne_15_codefigurestats/Methods/43_Forcing_Based/1_ERF_FaIR/FaIR_nonat_method.py:98: RuntimeWarning: Mean of empty slice
  cdist = np.nanmean(dist)
/oscar/data/deeps/private/bfoxkemp/jnickla1/Thorne_15_codefigurestats/Methods/43_Forcing_Based/1_ERF_FaIR/FaIR_all_method.py:71: RuntimeWarning: Mean of empty slice
  return np.nanmean(samp_cur[year_idx-1850, :], axis = 1)
/users/jnickla1/.conda/envs/cleanpy/lib/python3.13/site-packages/numpy/lib/_nanfunctions_impl.py:2019: RuntimeWarning: Degrees of freedom <= 0 for slice.
  var = nanvar(a, axis=axis, dtype=dtype, out=out, ddof=ddof,
/oscar/data/deeps/private/bfoxkemp/jnickla1/Thorne_15_codefigurestats/Methods/43_Forcing_Based/1_ERF_FaIR/FaIR_all_method.py:99: RuntimeWarning: Mean of empty slice
  cdist = np.nanmean(dist)
/oscar/data/deeps/private/bfoxkemp/jnickla1/Thorne_15_codefigurestats/Methods/43_Forcing_Based/1_ERF_FaIR/FaIR_all_method.py:71: RuntimeWarning: Mean of empty slice
  return np.nanmean(samp_cur[year_idx-1850, :], axis = 1)
/users/jnickla1/.conda/envs/cleanpy/lib/python3.13/site-packages/numpy/lib/_nanfunctions_impl.py:2019: RuntimeWarning: Degrees of freedom <= 0 for slice.
  var = nanvar(a, axis=axis, dtype=dtype, out=out, ddof=ddof,
/oscar/data/deeps/private/bfoxkemp/jnickla1/Thorne_15_codefigurestats/Methods/43_Forcing_Based/1_ERF_FaIR/FaIR_all_method.py:99: RuntimeWarning: Mean of empty slice
  cdist = np.nanmean(dist)
/oscar/data/deeps/private/bfoxkemp/jnickla1/Thorne_15_codefigurestats/Methods/43_Forcing_Based/1_ERF_FaIR/FaIR_nonat_unB_method.py:97: RuntimeWarning: Mean of empty slice
  return np.nanmean(samp_cur[year_idx-1850, :], axis = 1)
/users/jnickla1/.conda/envs/cleanpy/lib/python3.13/site-packages/numpy/lib/_nanfunctions_impl.py:2019: RuntimeWarning: Degrees of freedom <= 0 for slice.
  var = nanvar(a, axis=axis, dtype=dtype, out=out, ddof=ddof,
/oscar/data/deeps/private/bfoxkemp/jnickla1/Thorne_15_codefigurestats/Methods/43_Forcing_Based/1_ERF_FaIR/FaIR_nonat_unB_method.py:125: RuntimeWarning: Mean of empty slice
  cdist = np.nanmean(dist)
/oscar/data/deeps/private/bfoxkemp/jnickla1/Thorne_15_codefigurestats/fut_evaluation_script.py:427: RuntimeWarning: Mean of empty slice
  evalmean = np.nanmean(diffcross) #if crossing multiple times take the mean
/oscar/data/deeps/private/bfoxkemp/jnickla1/Thorne_15_codefigurestats/Methods/43_Forcing_Based/1_ERF_FaIR/FaIR_nonat_unB_method.py:97: RuntimeWarning: Mean of empty slice
  return np.nanmean(samp_cur[year_idx-1850, :], axis = 1)
/users/jnickla1/.conda/envs/cleanpy/lib/python3.13/site-packages/numpy/lib/_nanfunctions_impl.py:2019: RuntimeWarning: Degrees of freedom <= 0 for slice.
  var = nanvar(a, axis=axis, dtype=dtype, out=out, ddof=ddof,
/oscar/data/deeps/private/bfoxkemp/jnickla1/Thorne_15_codefigurestats/Methods/43_Forcing_Based/1_ERF_FaIR/FaIR_nonat_unB_method.py:125: RuntimeWarning: Mean of empty slice
  cdist = np.nanmean(dist)
/oscar/data/deeps/private/bfoxkemp/jnickla1/Thorne_15_codefigurestats/fut_evaluation_script.py:427: RuntimeWarning: Mean of empty slice
  evalmean = np.nanmean(diffcross) #if crossing multiple times take the mean
/oscar/data/deeps/private/bfoxkemp/jnickla1/Thorne_15_codefigurestats/Methods/43_Forcing_Based/1_ERF_FaIR/FaIR_nonat_method.py:70: RuntimeWarning: Mean of empty slice
  return np.nanmean(samp_cur[year_idx-1850, :], axis = 1)
/users/jnickla1/.conda/envs/cleanpy/lib/python3.13/site-packages/numpy/lib/_nanfunctions_impl.py:2019: RuntimeWarning: Degrees of freedom <= 0 for slice.
  var = nanvar(a, axis=axis, dtype=dtype, out=out, ddof=ddof,
/oscar/data/deeps/private/bfoxkemp/jnickla1/Thorne_15_codefigurestats/Methods/43_Forcing_Based/1_ERF_FaIR/FaIR_nonat_method.py:98: RuntimeWarning: Mean of empty slice
  cdist = np.nanmean(dist)
/oscar/data/deeps/private/bfoxkemp/jnickla1/Thorne_15_codefigurestats/fut_evaluation_script.py:464: RuntimeWarning: Mean of empty slice
  evalmean = np.nanmean(diffcrossE) #if crossing multiple times take the mean
/oscar/data/deeps/private/bfoxkemp/jnickla1/Thorne_15_codefigurestats/fut_evaluation_script.py:464: RuntimeWarning: Mean of empty slice
  evalmean = np.nanmean(diffcrossE) #if crossing multiple times take the mean
/oscar/data/deeps/private/bfoxkemp/jnickla1/Thorne_15_codefigurestats/Methods/43_Forcing_Based/1_ERF_FaIR/FaIR_all_method.py:71: RuntimeWarning: Mean of empty slice
  return np.nanmean(samp_cur[year_idx-1850, :], axis = 1)
/users/jnickla1/.conda/envs/cleanpy/lib/python3.13/site-packages/numpy/lib/_nanfunctions_impl.py:2019: RuntimeWarning: Degrees of freedom <= 0 for slice.
  var = nanvar(a, axis=axis, dtype=dtype, out=out, ddof=ddof,
/oscar/data/deeps/private/bfoxkemp/jnickla1/Thorne_15_codefigurestats/Methods/43_Forcing_Based/1_ERF_FaIR/FaIR_all_method.py:99: RuntimeWarning: Mean of empty slice
  cdist = np.nanmean(dist)
/oscar/data/deeps/private/bfoxkemp/jnickla1/Thorne_15_codefigurestats/Methods/43_Forcing_Based/1_ERF_FaIR/FaIR_all_unB_method.py:95: RuntimeWarning: Mean of empty slice
  return np.nanmean(samp_cur[year_idx-1850, :], axis = 1)
/users/jnickla1/.conda/envs/cleanpy/lib/python3.13/site-packages/numpy/lib/_nanfunctions_impl.py:2019: RuntimeWarning: Degrees of freedom <= 0 for slice.
  var = nanvar(a, axis=axis, dtype=dtype, out=out, ddof=ddof,
/oscar/data/deeps/private/bfoxkemp/jnickla1/Thorne_15_codefigurestats/Methods/43_Forcing_Based/1_ERF_FaIR/FaIR_all_unB_method.py:123: RuntimeWarning: Mean of empty slice
  cdist = np.nanmean(dist)
/oscar/data/deeps/private/bfoxkemp/jnickla1/Thorne_15_codefigurestats/Methods/43_Forcing_Based/1_ERF_FaIR/FaIR_all_unB_method.py:95: RuntimeWarning: Mean of empty slice
  return np.nanmean(samp_cur[year_idx-1850, :], axis = 1)
/users/jnickla1/.conda/envs/cleanpy/lib/python3.13/site-packages/numpy/lib/_nanfunctions_impl.py:2019: RuntimeWarning: Degrees of freedom <= 0 for slice.
  var = nanvar(a, axis=axis, dtype=dtype, out=out, ddof=ddof,
/oscar/data/deeps/private/bfoxkemp/jnickla1/Thorne_15_codefigurestats/Methods/43_Forcing_Based/1_ERF_FaIR/FaIR_all_unB_method.py:123: RuntimeWarning: Mean of empty slice
  cdist = np.nanmean(dist)
/oscar/data/deeps/private/bfoxkemp/jnickla1/Thorne_15_codefigurestats/Methods/43_Forcing_Based/1_ERF_FaIR/FaIR_all_method.py:71: RuntimeWarning: Mean of empty slice
  return np.nanmean(samp_cur[year_idx-1850, :], axis = 1)
/users/jnickla1/.conda/envs/cleanpy/lib/python3.13/site-packages/numpy/lib/_nanfunctions_impl.py:2019: RuntimeWarning: Degrees of freedom <= 0 for slice.
  var = nanvar(a, axis=axis, dtype=dtype, out=out, ddof=ddof,
/oscar/data/deeps/private/bfoxkemp/jnickla1/Thorne_15_codefigurestats/Methods/43_Forcing_Based/1_ERF_FaIR/FaIR_all_method.py:99: RuntimeWarning: Mean of empty slice
  cdist = np.nanmean(dist)
/oscar/data/deeps/private/bfoxkemp/jnickla1/Thorne_15_codefigurestats/Methods/43_Forcing_Based/1_ERF_FaIR/FaIR_all_unB_method.py:95: RuntimeWarning: Mean of empty slice
  return np.nanmean(samp_cur[year_idx-1850, :], axis = 1)
/users/jnickla1/.conda/envs/cleanpy/lib/python3.13/site-packages/numpy/lib/_nanfunctions_impl.py:2019: RuntimeWarning: Degrees of freedom <= 0 for slice.
  var = nanvar(a, axis=axis, dtype=dtype, out=out, ddof=ddof,
/oscar/data/deeps/private/bfoxkemp/jnickla1/Thorne_15_codefigurestats/Methods/43_Forcing_Based/1_ERF_FaIR/FaIR_all_unB_method.py:123: RuntimeWarning: Mean of empty slice
  cdist = np.nanmean(dist)
/oscar/data/deeps/private/bfoxkemp/jnickla1/Thorne_15_codefigurestats/Methods/43_Forcing_Based/1_ERF_FaIR/FaIR_comb_unB_method.py:155: RuntimeWarning: Mean of empty slice
  return np.nanmean(samp_cur[year_idx-1850, :], axis = 1)
/users/jnickla1/.conda/envs/cleanpy/lib/python3.13/site-packages/numpy/lib/_nanfunctions_impl.py:2019: RuntimeWarning: Degrees of freedom <= 0 for slice.
  var = nanvar(a, axis=axis, dtype=dtype, out=out, ddof=ddof,
/oscar/data/deeps/private/bfoxkemp/jnickla1/Thorne_15_codefigurestats/Methods/43_Forcing_Based/1_ERF_FaIR/FaIR_comb_unB_method.py:183: RuntimeWarning: Mean of empty slice
  cdist = np.nanmean(dist)
/oscar/data/deeps/private/bfoxkemp/jnickla1/Thorne_15_codefigurestats/Methods/43_Forcing_Based/1_ERF_FaIR/FaIR_nonat_unB_method.py:97: RuntimeWarning: Mean of empty slice
  return np.nanmean(samp_cur[year_idx-1850, :], axis = 1)
/users/jnickla1/.conda/envs/cleanpy/lib/python3.13/site-packages/numpy/lib/_nanfunctions_impl.py:2019: RuntimeWarning: Degrees of freedom <= 0 for slice.
  var = nanvar(a, axis=axis, dtype=dtype, out=out, ddof=ddof,
/oscar/data/deeps/private/bfoxkemp/jnickla1/Thorne_15_codefigurestats/Methods/43_Forcing_Based/1_ERF_FaIR/FaIR_nonat_unB_method.py:125: RuntimeWarning: Mean of empty slice
  cdist = np.nanmean(dist)
/oscar/data/deeps/private/bfoxkemp/jnickla1/Thorne_15_codefigurestats/Methods/43_Forcing_Based/1_ERF_FaIR/FaIR_comb_unB_method.py:155: RuntimeWarning: Mean of empty slice
  return np.nanmean(samp_cur[year_idx-1850, :], axis = 1)
/users/jnickla1/.conda/envs/cleanpy/lib/python3.13/site-packages/numpy/lib/_nanfunctions_impl.py:2019: RuntimeWarning: Degrees of freedom <= 0 for slice.
  var = nanvar(a, axis=axis, dtype=dtype, out=out, ddof=ddof,
/oscar/data/deeps/private/bfoxkemp/jnickla1/Thorne_15_codefigurestats/Methods/43_Forcing_Based/1_ERF_FaIR/FaIR_comb_unB_method.py:183: RuntimeWarning: Mean of empty slice
  cdist = np.nanmean(dist)
/oscar/data/deeps/private/bfoxkemp/jnickla1/Thorne_15_codefigurestats/Methods/43_Forcing_Based/1_ERF_FaIR/FaIR_comb_unB_method.py:155: RuntimeWarning: Mean of empty slice
  return np.nanmean(samp_cur[year_idx-1850, :], axis = 1)
/oscar/data/deeps/private/bfoxkemp/jnickla1/Thorne_15_codefigurestats/Methods/43_Forcing_Based/1_ERF_FaIR/FaIR_all_unB_method.py:95: RuntimeWarning: Mean of empty slice
  return np.nanmean(samp_cur[year_idx-1850, :], axis = 1)
/users/jnickla1/.conda/envs/cleanpy/lib/python3.13/site-packages/numpy/lib/_nanfunctions_impl.py:2019: RuntimeWarning: Degrees of freedom <= 0 for slice.
  var = nanvar(a, axis=axis, dtype=dtype, out=out, ddof=ddof,
/oscar/data/deeps/private/bfoxkemp/jnickla1/Thorne_15_codefigurestats/Methods/43_Forcing_Based/1_ERF_FaIR/FaIR_comb_unB_method.py:183: RuntimeWarning: Mean of empty slice
  cdist = np.nanmean(dist)
/users/jnickla1/.conda/envs/cleanpy/lib/python3.13/site-packages/numpy/lib/_nanfunctions_impl.py:2019: RuntimeWarning: Degrees of freedom <= 0 for slice.
  var = nanvar(a, axis=axis, dtype=dtype, out=out, ddof=ddof,
/oscar/data/deeps/private/bfoxkemp/jnickla1/Thorne_15_codefigurestats/Methods/43_Forcing_Based/1_ERF_FaIR/FaIR_all_unB_method.py:123: RuntimeWarning: Mean of empty slice
  cdist = np.nanmean(dist)
starting computation for fut_NorESM_RCP45_VolcConst
max_runs41
Model number:
40




Methods/42_Temp_Alone/1_Run_Means/cent10y_method.py
Methods/42_Temp_Alone/1_Run_Means/cent20y_method.py
Methods/42_Temp_Alone/1_Run_Means/cent21y_method.py
Methods/42_Temp_Alone/1_Run_Means/cent30y_method.py
Methods/42_Temp_Alone/1_Run_Means/lag10y_method.py
Methods/42_Temp_Alone/1_Run_Means/lag5y_method.py
Methods/42_Temp_Alone/1_Run_Means/offset11y_method.py
Methods/42_Temp_Alone/1_Run_Means/raw1y_method.py
Methods/43_Forcing_Based/1_ERF_FaIR/FaIR_all_method.py
Methods/43_Forcing_Based/1_ERF_FaIR/FaIR_all_unB_method.py
Methods/43_Forcing_Based/1_ERF_FaIR/FaIR_anthro_method.py
Methods/43_Forcing_Based/1_ERF_FaIR/FaIR_anthro_unB_method.py
Methods/43_Forcing_Based/1_ERF_FaIR/FaIR_comb_unB_method.py
Methods/43_Forcing_Based/1_ERF_FaIR/FaIR_nonat_method.py
Methods/43_Forcing_Based/1_ERF_FaIR/FaIR_nonat_unB_method.py
evaluating 13 of 0.1°C thresholds, starting at 1.1°C
11
FaIR_anthro sampled, d llike: -1.8705149560018306
FaIR_anthro sampled, d llike: -87.16010464618518
FaIR_anthro_unB sampled, d llike: -0.01869656849264928
FaIR_anthro_unB sampled, d llike: -15.099336282202039
FaIR_nonat sampled, d llike: -0.020447758202178812
FaIR_nonat sampled, d llike: 0.18067029882588015
FaIR_nonat_unB sampled, d llike: 0.012779407640026497
FaIR_nonat_unB sampled, d llike: 0.015091839816168351
FaIR_all sampled, d llike: -16969.639680628705
FaIR_all sampled, d llike: 0.13037616608843638
FaIR_all_unB sampled, d llike: -0.04822296599426079
FaIR_all_unB sampled, d llike: -0.0032439026501054347
FaIR_comb_unB sampled, d llike: 0.008857445878803327
FaIR_comb_unB sampled, d llike: 0.024845083575851523
        method_name    method_class c/r  smooth_r  avg_unc.(1se)  #q<0.5  #q<0.1    log-likeli       RMS      bias        tlog-l      100log-l    100RMS     75RMS   100bias       l15       l20    bias50    Edyrs15    Edyrs20    Mdyrs15    Mdyrs20    Fdyrs15    Fdyrs20     EdyrsA    RMSyrsA  ncEdyrs     e100log-l   e100RMS    e75RMS  e100bias      el15      el20   ebias50  eEdyrs15   eEdyrs20  eMdyrs15   eMdyrs20  eFdyrs15   eFdyrs20    eEdyrsA   eRMSyrsA  nceEdyrs
8         offset11y  42/1_Run_Means   c     2.817       0.033585     193     124     -0.503087  0.082602  0.064909 -1.157100e+02  1.429517e+02  0.040992  0.039894  0.025894  7.318047  8.998599  0.046130   1.000000  -3.583333   1.000000  -3.583333   1.000000  -3.583333  -0.983974   2.125126     14.0  1.154741e+02  0.048170  0.047110  0.036029  9.601572  6.427986  0.042280 -1.083333  -4.166667 -1.083333  -4.166667 -1.083333  -4.166667  -1.599359   1.599359      14.0
21    FaIR_comb_unB   43/1_ERF_FaIR   c     2.471       0.079335       0       0      1.148810  0.072958 -0.059314  1.792144e+02  1.276660e+02  0.040248  0.044512 -0.030871  4.306051  4.018516 -0.041870   1.916667   2.333333   1.916667   2.333333   1.916667   2.333333   1.839744   2.701001     13.0  1.291745e+02  0.037858  0.042568 -0.020736  4.239457  4.145548 -0.045720 -0.166667   1.750000 -0.166667   1.750000 -0.166667   1.750000   1.224359   1.224359      13.0
15   FaIR_nonat_unB   43/1_ERF_FaIR   c     2.474       0.090730      31       0      0.886156  0.094060 -0.074150  1.417850e+02  1.176581e+02  0.041254  0.045260 -0.031897  3.884227  3.530499 -0.045152   1.750000   2.750000   1.750000   2.750000   1.750000   2.750000   1.846154   2.652003     13.0  1.189694e+02  0.039225  0.043911 -0.021761  3.785980  3.571277 -0.049003 -0.333333   2.166667 -0.333333   2.166667 -0.333333   2.166667   1.230769   1.230769      13.0
19     FaIR_all_unB   43/1_ERF_FaIR   c     3.426       0.091915       0       0      1.111718  0.070099 -0.044464  1.778749e+02  1.135124e+02  0.046039  0.051451 -0.030288  3.677337  3.621400 -0.046815   1.666667   1.833333   1.666667   1.833333   1.666667   1.833333   2.394231   4.400809     16.0  1.148280e+02  0.045587  0.051157 -0.020152  3.686683  3.659363 -0.050665 -0.416667   1.250000 -0.416667   1.250000 -0.416667   1.250000   1.778846   1.778846      16.0
11  FaIR_anthro_unB   43/1_ERF_FaIR   c     2.010       0.096329      54       0      0.332795  0.119068 -0.088427  5.324714e+01  1.102751e+02  0.040869  0.042883 -0.027149  3.322680  3.311968 -0.044624   1.166667   2.250000   1.166667   2.250000   1.166667   2.250000   1.570513   2.762984     14.0  1.099098e+02  0.041419  0.045286 -0.017013  3.415060  3.375665 -0.048474 -0.916667   1.666667 -0.916667   1.666667 -0.916667   1.666667   0.955128   0.955128      14.0
2             raw1y  42/1_Run_Means   c    34.990       0.111022       0       0      0.860088  0.101811  0.000075  1.978202e+02  8.362910e+01  0.094910  0.087757  0.007672  2.388086  2.250307  0.006490   0.972222   1.041667   4.416667   2.916667  -2.250000  -0.833333   0.387821   1.520978     35.3  8.114154e+01  0.097948  0.090336  0.017808  3.106763  2.051854  0.002639 -1.111111   0.458333 -4.333333   2.333333 -4.333333  -1.416667  -0.227564   0.227564      35.3
13       FaIR_nonat   43/1_ERF_FaIR   c     2.487       0.113283     160       0     -0.563714  0.203802 -0.193486 -9.019431e+01  4.220078e+01  0.147830  0.154837 -0.145497  1.323682  1.664419 -0.158752   6.833333  14.000000   6.833333  14.000000   6.833333  14.000000   9.891026  11.343675     12.0  4.986392e+01  0.139240  0.144679 -0.135361  2.150020  1.827668 -0.162603  4.750000  13.416667  4.750000  13.416667  4.750000  13.416667   9.294872   9.294872      12.0
9       FaIR_anthro   43/1_ERF_FaIR   c     2.010       0.096329     159      61     -3.581626  0.210189 -0.194477 -5.730601e+02  4.068180e+01  0.136657  0.143292 -0.133199  1.685161  1.515347 -0.150674   6.166667  13.666667   6.166667  13.666667   6.166667  13.666667   9.185897  10.934220     12.0  5.018503e+01  0.128727  0.134226 -0.123063  2.318752  1.602493 -0.154524  4.083333  13.083333  4.083333  13.083333  4.083333  13.083333   8.589744   8.589744      12.0
1             lag5y  42/1_Run_Means   c     6.413       0.041354     109      37      0.410226  0.060118 -0.018777  9.435209e+01 -4.635971e+01  0.062414  0.051541 -0.029206  0.925172  4.426623 -0.022979   2.666667   3.083333   3.333333   3.083333   2.000000   3.083333   2.032051   2.135438     18.2 -5.853333e+01  0.060877  0.046032 -0.019071  9.008369  5.380047 -0.026829  0.583333   2.500000  1.250000   2.500000 -0.083333   2.500000   1.416667   1.416667      18.2
0            lag10y  42/1_Run_Means   c     3.082       0.034542     114      69      0.208446  0.063219 -0.040702  4.794255e+01 -1.272388e+02  0.081750  0.077938 -0.074959  0.000024  0.560903 -0.057068   5.416667   6.000000   5.416667   6.000000   5.416667   6.000000   4.641026   4.690757     13.0 -6.111303e+01  0.073496  0.064977 -0.064823  1.054215  1.277179 -0.060918  3.333333   5.416667  3.333333   5.416667  3.333333   5.416667   4.025641   4.025641      13.0
17         FaIR_all   43/1_ERF_FaIR   c     3.279       0.005580     160     160 -18525.367287  0.224659 -0.214135 -2.964059e+06 -1.578179e+06  0.217478  0.226117 -0.214696  0.000000  0.000000 -0.231223  10.583333  20.000000  10.583333  20.000000  10.583333  20.000000  14.012821  15.448737     11.0 -1.432387e+06  0.208607  0.215303 -0.204560  0.000000  0.000000 -0.235073  8.500000  19.416667  8.500000  19.416667  8.500000  19.416667  13.339744  13.339744      10.0
4.631570454
finished this run
starting computation for fut_NorESM_RCP45_Volc
max_runs41
Model number:
40




Methods/42_Temp_Alone/1_Run_Means/cent10y_method.py
Methods/42_Temp_Alone/1_Run_Means/cent20y_method.py
Methods/42_Temp_Alone/1_Run_Means/cent21y_method.py
Methods/42_Temp_Alone/1_Run_Means/cent30y_method.py
Methods/42_Temp_Alone/1_Run_Means/lag10y_method.py
Methods/42_Temp_Alone/1_Run_Means/lag5y_method.py
Methods/42_Temp_Alone/1_Run_Means/offset11y_method.py
Methods/42_Temp_Alone/1_Run_Means/raw1y_method.py
Methods/43_Forcing_Based/1_ERF_FaIR/FaIR_all_method.py
Methods/43_Forcing_Based/1_ERF_FaIR/FaIR_all_unB_method.py
Methods/43_Forcing_Based/1_ERF_FaIR/FaIR_anthro_method.py
Methods/43_Forcing_Based/1_ERF_FaIR/FaIR_anthro_unB_method.py
Methods/43_Forcing_Based/1_ERF_FaIR/FaIR_comb_unB_method.py
Methods/43_Forcing_Based/1_ERF_FaIR/FaIR_nonat_method.py
Methods/43_Forcing_Based/1_ERF_FaIR/FaIR_nonat_unB_method.py
evaluating 13 of 0.1°C thresholds, starting at 1.1°C
11
FaIR_anthro sampled, d llike: -1.4588862381965675
FaIR_anthro sampled, d llike: -81.87977619946477
FaIR_anthro_unB sampled, d llike: 0.017422132369285248
FaIR_anthro_unB sampled, d llike: -13.82795433740977
FaIR_nonat sampled, d llike: -0.007824479405614149
FaIR_nonat sampled, d llike: 0.1916317115078081
FaIR_nonat_unB sampled, d llike: 0.017767940354113443
FaIR_nonat_unB sampled, d llike: 0.006704272373169395
FaIR_all sampled, d llike: -17572.48272779642
FaIR_all sampled, d llike: 0.07263988812398958
FaIR_all_unB sampled, d llike: -0.024212359596128552
FaIR_all_unB sampled, d llike: -0.012974122985462189
FaIR_comb_unB sampled, d llike: 0.014994979839741518
FaIR_comb_unB sampled, d llike: 0.05602731998547342
        method_name    method_class c/r  smooth_r  avg_unc.(1se)  #q<0.5  #q<0.1    log-likeli       RMS      bias        tlog-l      100log-l    100RMS     75RMS   100bias        l15        l20    bias50   Edyrs15    Edyrs20   Mdyrs15    Mdyrs20   Fdyrs15    Fdyrs20     EdyrsA    RMSyrsA  ncEdyrs      e100log-l   e100RMS    e75RMS  e100bias      el15       el20   ebias50  eEdyrs15   eEdyrs20  eMdyrs15   eMdyrs20  eFdyrs15   eFdyrs20    eEdyrsA   eRMSyrsA  nceEdyrs
21    FaIR_comb_unB   43/1_ERF_FaIR   c     3.214       0.079539       0       0      1.119639  0.075749 -0.060504  1.746637e+02  1.216780e+02  0.049097  0.047620 -0.033828   4.117123   3.576324 -0.052172  0.500000   3.166667  0.500000   3.166667  0.500000   3.166667   1.685897   2.761244     14.0     124.806544  0.042409  0.045435  0.027524  3.718042   3.845243  0.013851 -1.666667  -2.916667 -1.666667  -2.916667 -1.666667  -2.916667  -1.878205   1.878205      14.0
15   FaIR_nonat_unB   43/1_ERF_FaIR   c     2.665       0.090825      32       0      0.849430  0.097390 -0.076347  1.359088e+02  1.114629e+02  0.053241  0.053560 -0.036730   3.640764   2.998377 -0.062307 -0.583333   5.166667 -0.583333   5.166667 -0.583333   5.166667   1.865385   3.294404     14.0     116.950989  0.038536  0.038067  0.024622  3.029276   3.854013  0.003716 -2.750000  -0.916667 -2.750000  -0.916667 -2.750000  -0.916667  -1.698718   1.698718      14.0
11  FaIR_anthro_unB   43/1_ERF_FaIR   c     1.963       0.096706      52      24      0.327537  0.121822 -0.091375  5.240598e+01  1.030562e+02  0.054363  0.051476 -0.033683   3.296048   2.595356 -0.060577 -0.833333   4.500000 -0.833333   4.500000 -0.833333   4.500000   1.573718   3.156635     14.0     109.801573  0.044395  0.043776  0.027670  3.129066   3.550736  0.005445 -3.000000  -1.583333 -3.000000  -1.583333 -3.000000  -1.583333  -1.990385   1.990385      14.0
19     FaIR_all_unB   43/1_ERF_FaIR   c     5.898       0.092297       0       0      1.069243  0.078905 -0.043073  1.710789e+02  1.010694e+02  0.068293  0.068595 -0.028618   3.093873   3.407964 -0.044834  1.166667   9.250000  1.166667  16.083333  1.166667   2.416667   1.977564   3.665592     18.0      99.867002  0.072532  0.078438  0.032734  3.070537   3.040607  0.021188 -1.000000   3.166667 -1.000000  10.000000 -1.000000  -3.666667  -1.586538   1.586538      18.0
2             raw1y  42/1_Run_Means   c    33.148       0.111065       0       0      0.858225  0.102016  0.000175  1.973916e+02  8.336591e+01  0.095275  0.100739  0.008672   1.978805   3.780242  0.006234 -2.333333   5.450000 -5.416667  16.333333 -5.416667  -6.916667  -0.051068   2.957111     39.3      59.791346  0.120958  0.124870  0.070024  3.742574   3.090959  0.072256 -4.500000  -0.633333 -7.583333 -13.000000 -7.583333 -13.000000  -3.615171   3.615171      39.3
8         offset11y  42/1_Run_Means   c     2.822       0.033707     182     124     -0.801059  0.083859  0.064926 -1.842435e+02  7.765367e+01  0.046260  0.046969  0.026680  14.333165  17.333794  0.050911  0.166667  -0.166667  0.166667  -0.166667  0.166667  -0.166667  -1.108974   2.602493     13.0    -339.710811  0.097120  0.100042  0.088032  6.766767   0.004386  0.116933 -2.000000  -6.250000 -2.000000  -6.250000 -2.000000  -6.250000  -4.673077   4.673077      13.0
13       FaIR_nonat   43/1_ERF_FaIR   c     2.668       0.113404     159       0     -0.593806  0.206541 -0.195665 -9.500897e+01  3.486837e+01  0.155192  0.158359 -0.150330   2.012343   1.053228 -0.175907  5.000000  13.750000  5.000000  13.750000  5.000000  13.750000   9.192308  10.492366     13.0      77.956855  0.093786  0.095114 -0.088978  2.698587   2.181591 -0.109884  2.833333   7.666667  2.833333   7.666667  2.833333   7.666667   5.628205   5.628205      13.0
9       FaIR_anthro   43/1_ERF_FaIR   c     1.963       0.096706     148      70     -3.230939  0.213232 -0.197425 -5.169502e+02  3.262979e+01  0.146103  0.146920 -0.139733   2.304160   1.131810 -0.166627  4.166667  13.083333  4.166667  13.083333  4.166667  13.083333   8.282051   9.710170     13.0      84.652188  0.085725  0.084924 -0.078380  2.637899   2.499273 -0.100605  2.000000   7.000000  2.000000   7.000000  2.000000   7.000000   4.717949   4.717949      13.0
1             lag5y  42/1_Run_Means   c     5.944       0.041948      90      38      0.440241  0.056091 -0.018314  1.012554e+02 -3.392741e+01  0.050447  0.047351 -0.027277   0.231946   0.451088 -0.019690  3.333333   2.583333  3.333333   2.583333  3.333333   2.583333   2.298077   2.566243     15.0     -56.898117  0.060456  0.056150  0.034075  0.669543   0.360903  0.046332  1.166667  -3.500000  1.166667  -3.500000  1.166667  -3.500000  -1.266026   1.266026      15.0
0            lag10y  42/1_Run_Means   c     2.990       0.034688     105      63     -0.030691  0.064253 -0.040559 -7.058892e+00 -1.734832e+02  0.082374  0.079888 -0.073849   0.025065   0.002469 -0.051353  3.666667   5.583333  3.666667   5.583333  3.666667   5.583333   4.589744   4.736880     13.0      81.961716  0.042780  0.035613 -0.012497  0.916397  13.933786  0.014669  1.500000  -0.500000  1.500000  -0.500000  1.500000  -0.500000   1.025641   1.025641      13.0
17         FaIR_all   43/1_ERF_FaIR   c     5.796       0.005566     160     160 -19175.340762  0.226594 -0.212927 -3.068055e+06 -1.698582e+06  0.221867  0.220706 -0.213026   0.000000   0.000000 -0.229242  9.416667  19.750000  9.416667  19.750000  9.416667  19.750000  12.910256  14.316674     14.0 -904614.726735  0.164907  0.162604 -0.151674  0.000000   0.000000 -0.163220  7.250000  13.666667  7.250000  13.666667  7.250000  13.666667  10.413462  10.413462      15.0
4.680463628
finished this run
/oscar/data/deeps/private/bfoxkemp/jnickla1/Thorne_15_codefigurestats/Methods/43_Forcing_Based/1_ERF_FaIR/FaIR_all_method.py:71: RuntimeWarning: Mean of empty slice
  return np.nanmean(samp_cur[year_idx-1850, :], axis = 1)
/users/jnickla1/.conda/envs/cleanpy/lib/python3.13/site-packages/numpy/lib/_nanfunctions_impl.py:2019: RuntimeWarning: Degrees of freedom <= 0 for slice.
  var = nanvar(a, axis=axis, dtype=dtype, out=out, ddof=ddof,
/oscar/data/deeps/private/bfoxkemp/jnickla1/Thorne_15_codefigurestats/Methods/43_Forcing_Based/1_ERF_FaIR/FaIR_all_method.py:99: RuntimeWarning: Mean of empty slice
  cdist = np.nanmean(dist)
starting computation for fut_ESM1-2-LR_SSP126_constVolc
max_runs41
Model number:
40




Methods/42_Temp_Alone/1_Run_Means/cent10y_method.py
Methods/42_Temp_Alone/1_Run_Means/cent20y_method.py
Methods/42_Temp_Alone/1_Run_Means/cent21y_method.py
Methods/42_Temp_Alone/1_Run_Means/cent30y_method.py
Methods/42_Temp_Alone/1_Run_Means/lag10y_method.py
Methods/42_Temp_Alone/1_Run_Means/lag5y_method.py
Methods/42_Temp_Alone/1_Run_Means/offset11y_method.py
Methods/42_Temp_Alone/1_Run_Means/raw1y_method.py
Methods/43_Forcing_Based/1_ERF_FaIR/FaIR_all_method.py
Methods/43_Forcing_Based/1_ERF_FaIR/FaIR_all_unB_method.py
Methods/43_Forcing_Based/1_ERF_FaIR/FaIR_anthro_method.py
Methods/43_Forcing_Based/1_ERF_FaIR/FaIR_anthro_unB_method.py
Methods/43_Forcing_Based/1_ERF_FaIR/FaIR_comb_unB_method.py
Methods/43_Forcing_Based/1_ERF_FaIR/FaIR_nonat_method.py
Methods/43_Forcing_Based/1_ERF_FaIR/FaIR_nonat_unB_method.py
evaluating 6 of 0.1°C thresholds, starting at 1.1°C
11
FaIR_anthro sampled, d llike: -0.007992964120784318
FaIR_anthro sampled, d llike: -0.098379996169495
FaIR_anthro_unB sampled, d llike: -0.014908189252052395
FaIR_anthro_unB sampled, d llike: -0.16932873801318182
FaIR_nonat sampled, d llike: -0.028941720503909085
FaIR_nonat sampled, d llike: -0.06108719562179399
FaIR_nonat_unB sampled, d llike: -0.029188780032644024
FaIR_nonat_unB sampled, d llike: -0.06126859885046754
FaIR_all sampled, d llike: -1740.0431213662287
FaIR_all sampled, d llike: -0.0664392054367906
FaIR_all_unB sampled, d llike: -0.016188252905558143
FaIR_all_unB sampled, d llike: -0.04861739870657167
FaIR_comb_unB sampled, d llike: -0.025030122768412433
FaIR_comb_unB sampled, d llike: 0.11122661825805513
        method_name    method_class c/r  smooth_r  avg_unc.(1se)  #q<0.5  #q<0.1   log-likeli       RMS      bias         tlog-l       100log-l    100RMS     75RMS   100bias           l15  l20    bias50   Edyrs15  Edyrs20    Mdyrs15  Mdyrs20   Fdyrs15  Fdyrs20    EdyrsA   RMSyrsA  ncEdyrs     e100log-l   e100RMS    e75RMS  e100bias           el15  el20   ebias50  eEdyrs15  eEdyrs20   eMdyrs15  eMdyrs20   eFdyrs15  eFdyrs20   eEdyrsA  eRMSyrsA  nceEdyrs
21    FaIR_comb_unB   43/1_ERF_FaIR   c     2.041       0.071893       0       0     1.499320  0.044507  0.006211     235.393264     139.086698  0.043818  0.031726  0.024391  4.189412e+00  0.0  0.006194  0.583333       -1   0.583333       -1  0.583333       -1 -1.578704  4.167145      8.0    141.344219  0.035648  0.038660 -0.001435   5.450670e+00   0.0 -0.018767 -3.583333        -1  -3.583333        -1  -3.583333        -1 -1.328704  1.328704       8.0
15   FaIR_nonat_unB   43/1_ERF_FaIR   c     1.969       0.081591       0       0     1.397421  0.046552  0.005395     224.984830     130.798083  0.043405  0.032434  0.022539  3.983087e+00  0.0  0.003291  0.583333       -1   0.583333       -1  0.583333       -1 -2.072917  3.732066      9.0    131.264378  0.038181  0.040518 -0.003287   4.586604e+00   0.0 -0.021669 -3.583333        -1  -3.583333        -1  -3.583333        -1 -1.822917  1.822917       9.0
11  FaIR_anthro_unB   43/1_ERF_FaIR   c     1.627       0.082342       0       0     1.225526  0.063252 -0.006970     197.309663     126.067403  0.048874  0.036576  0.027430  3.861020e+00  0.0  0.004655  0.500000       -1   0.500000       -1  0.500000       -1 -2.416667  3.942586      7.0    129.228216  0.038581  0.041324  0.001605   4.419813e+00   0.0 -0.020306 -3.666667        -1  -3.666667        -1  -3.666667        -1 -2.166667  2.166667       7.0
9       FaIR_anthro   43/1_ERF_FaIR   c     1.627       0.082342       0       0     1.252228  0.062868  0.000480     201.608639     124.411141  0.053413  0.040224  0.034880  3.975483e+00  0.0  0.012105  0.166667       -1   0.166667       -1  0.166667       -1 -2.125000  4.686342      8.0    129.792846  0.039597  0.043091  0.009055   4.330652e+00   0.0 -0.012856 -4.000000        -1  -4.000000        -1  -4.000000        -1 -1.875000  1.875000       8.0
19     FaIR_all_unB   43/1_ERF_FaIR   c     3.161       0.084170       0       0     1.279010  0.061699  0.008524     205.920570     121.396298  0.056596  0.037308  0.029291  4.010579e+00  0.0 -0.004176  0.416667       -1   0.416667       -1  0.416667       -1 -2.115741  4.512856      8.0    125.778295  0.042716  0.047379  0.003465   4.457931e+00   0.0 -0.029137 -3.750000        -1  -3.750000        -1  -3.750000        -1 -1.865741  1.865741       8.0
13       FaIR_nonat   43/1_ERF_FaIR   c     1.984       0.101859       0       0     1.215934  0.050066  0.007030     195.765430     113.981913  0.046342  0.034588  0.027778  3.269713e+00  0.0  0.008530  0.500000       -1   0.500000       -1  0.500000       -1 -1.986111  4.251770      8.0    115.005281  0.038089  0.041159  0.001952   3.658842e+00   0.0 -0.016430 -3.666667        -1  -3.666667        -1  -3.666667        -1 -1.736111  1.736111       8.0
1             lag5y  42/1_Run_Means   c     5.028       0.049408      76      17     1.048220  0.067741 -0.013357     242.138736      95.460165  0.059724  0.054963 -0.007598  7.737176e-01  0.0  0.010320  4.291667       -1   7.333333       -1  1.250000       -1  2.250000  2.731313      9.2     26.148655  0.083665  0.062616 -0.033423   5.608920e+00   0.0 -0.014641  0.125000        -1   3.166667        -1  -2.916667        -1  3.949074  3.949074      10.2
0            lag10y  42/1_Run_Means   c     2.680       0.039573      80       0     1.393083  0.060292 -0.030358     321.802078      89.219327  0.070992  0.060146 -0.035606  2.482347e-01  0.0  0.017202  6.416667       -1   6.416667       -1  6.416667       -1  4.694444  4.943664      7.0     -1.927047  0.100869  0.067504 -0.061432   7.158607e+00   0.0 -0.007759  2.250000        -1   2.250000        -1   2.250000        -1  4.944444  4.944444       7.0
2             raw1y  42/1_Run_Means   c    27.318       0.132637       3       0     0.658528  0.123626 -0.000183     152.119863      63.918751  0.119542  0.109767  0.011176  2.525334e+00  0.0  0.005396  4.345238       -1  22.416667       -1 -8.166667       -1 -0.113757  2.980508     27.7     56.494644  0.129908  0.115446 -0.014649   1.452646e+00   0.0 -0.019565  0.178571        -1  18.250000        -1 -12.333333        -1  1.220734  1.220734      29.7
8         offset11y  42/1_Run_Means   c     2.510       0.038310     191     131    -1.854927  0.092901  0.076203    -428.488109    -257.863582  0.094478  0.105965  0.068801  1.127679e+01  0.0  0.126964 -0.916667       -1  -0.916667       -1 -0.916667       -1 -1.472222  3.558376      7.0   -135.377023  0.092571  0.100260  0.042976   1.535742e+00   0.0  0.102004 -5.083333        -1  -5.083333        -1  -5.083333        -1 -1.222222  1.222222       7.0
17         FaIR_all   43/1_ERF_FaIR   c     3.007       0.005557     153     142 -1903.217096  0.073351  0.044053 -306417.952421 -230077.979876  0.079287  0.055537  0.062779  7.337060e-37  0.0  0.029313 -1.416667       -1  -1.416667       -1 -1.416667       -1 -5.861111  6.376316      6.0 -96917.939086  0.056376  0.057866  0.036953  1.539739e-180   0.0  0.004352 -5.583333        -1  -5.583333        -1  -5.583333        -1 -5.611111  5.611111       6.0
4.865496036000001
finished this run
/oscar/data/deeps/private/bfoxkemp/jnickla1/Thorne_15_codefigurestats/Methods/43_Forcing_Based/1_ERF_FaIR/FaIR_comb_unB_method.py:155: RuntimeWarning: Mean of empty slice
  return np.nanmean(samp_cur[year_idx-1850, :], axis = 1)
/users/jnickla1/.conda/envs/cleanpy/lib/python3.13/site-packages/numpy/lib/_nanfunctions_impl.py:2019: RuntimeWarning: Degrees of freedom <= 0 for slice.
  var = nanvar(a, axis=axis, dtype=dtype, out=out, ddof=ddof,
/oscar/data/deeps/private/bfoxkemp/jnickla1/Thorne_15_codefigurestats/Methods/43_Forcing_Based/1_ERF_FaIR/FaIR_comb_unB_method.py:183: RuntimeWarning: Mean of empty slice
  cdist = np.nanmean(dist)
starting computation for fut_ESM1-2-LR_SSP245_constVolc
max_runs41
Model number:
40




Methods/42_Temp_Alone/1_Run_Means/cent10y_method.py
Methods/42_Temp_Alone/1_Run_Means/cent20y_method.py
Methods/42_Temp_Alone/1_Run_Means/cent21y_method.py
Methods/42_Temp_Alone/1_Run_Means/cent30y_method.py
Methods/42_Temp_Alone/1_Run_Means/lag10y_method.py
Methods/42_Temp_Alone/1_Run_Means/lag5y_method.py
Methods/42_Temp_Alone/1_Run_Means/offset11y_method.py
Methods/42_Temp_Alone/1_Run_Means/raw1y_method.py
Methods/43_Forcing_Based/1_ERF_FaIR/FaIR_all_method.py
Methods/43_Forcing_Based/1_ERF_FaIR/FaIR_all_unB_method.py
Methods/43_Forcing_Based/1_ERF_FaIR/FaIR_anthro_method.py
Methods/43_Forcing_Based/1_ERF_FaIR/FaIR_anthro_unB_method.py
Methods/43_Forcing_Based/1_ERF_FaIR/FaIR_comb_unB_method.py
Methods/43_Forcing_Based/1_ERF_FaIR/FaIR_nonat_method.py
Methods/43_Forcing_Based/1_ERF_FaIR/FaIR_nonat_unB_method.py
evaluating 13 of 0.1°C thresholds, starting at 1.1°C
11
FaIR_anthro sampled, d llike: -0.044951106555389364
FaIR_anthro sampled, d llike: -0.08828615120278971
FaIR_anthro_unB sampled, d llike: -0.043597946544306376
FaIR_anthro_unB sampled, d llike: -0.11752026785940972
FaIR_nonat sampled, d llike: -0.044841839986919485
FaIR_nonat sampled, d llike: -0.05312162111560448
FaIR_nonat_unB sampled, d llike: -0.040779232002967625
FaIR_nonat_unB sampled, d llike: -0.05182828908743531
FaIR_all sampled, d llike: -1336.3063081822747
FaIR_all sampled, d llike: -0.04085072073265672
FaIR_all_unB sampled, d llike: -0.027035935326748417
FaIR_all_unB sampled, d llike: -0.03187162356132922
FaIR_comb_unB sampled, d llike: -0.03843382726494449
FaIR_comb_unB sampled, d llike: -0.007045764157576739
        method_name    method_class c/r  smooth_r  avg_unc.(1se)  #q<0.5  #q<0.1   log-likeli       RMS      bias         tlog-l       100log-l    100RMS     75RMS   100bias           l15        l20    bias50   Edyrs15   Edyrs20   Mdyrs15   Mdyrs20   Fdyrs15   Fdyrs20    EdyrsA   RMSyrsA  ncEdyrs     e100log-l   e100RMS    e75RMS  e100bias           el15          el20   ebias50      eEdyrs15  eEdyrs20      eMdyrs15   eMdyrs20      eFdyrs15  eFdyrs20   eEdyrsA  eRMSyrsA  nceEdyrs
8         offset11y  42/1_Run_Means   c     2.783       0.039267     144      87    -0.089334  0.075703  0.056165     -20.636053     149.988474  0.039569  0.039961  0.017934  8.034461e+00  10.319416  0.035270  1.666667  1.250000  1.666667  1.250000  1.666667  1.250000 -0.871795  2.018610     14.0    136.066086  0.047244  0.042587 -0.000919   9.068747e+00  4.955280e+00  0.021425  1.166667e+00  3.000000  1.166667e+00   3.000000  1.166667e+00  3.000000 -0.494048  0.494048      15.0
21    FaIR_comb_unB   43/1_ERF_FaIR   c     2.343       0.074707       0       0     1.501674  0.038742 -0.000086     235.762779     136.937795  0.035304  0.029977  0.011028  4.923624e+00   4.844578 -0.010194  0.583333  0.833333  0.583333  0.833333  0.583333  0.833333 -0.692308  1.982832     13.0    140.595608  0.027500  0.026902 -0.007825   5.057492e+00  4.643699e+00 -0.024039  8.333333e-02  2.583333  8.333333e-02   2.583333  8.333333e-02  2.583333  0.211310  0.211310      15.0
15   FaIR_nonat_unB   43/1_ERF_FaIR   c     2.251       0.084697       0       0     1.389699  0.041356 -0.002010     223.741568     128.327957  0.033698  0.029497  0.009872  4.376211e+00   4.377151 -0.008479  0.750000  0.750000  0.750000  0.750000  0.750000  0.750000 -0.724359  1.976221     13.0    129.915550  0.029269  0.026339 -0.008981   4.464169e+00  3.961014e+00 -0.022324  2.500000e-01  2.500000  2.500000e-01   2.500000  2.500000e-01  2.500000  0.184524  0.184524      15.0
19     FaIR_all_unB   43/1_ERF_FaIR   c     3.541       0.087509       0       0     1.274176  0.056862  0.000300     205.142375     120.371202  0.046622  0.035456  0.016481  4.305322e+00   4.332277 -0.015436  0.333333  1.333333  0.333333  1.333333  0.333333  1.333333 -0.788462  2.361438     13.0    125.833754  0.032221  0.032752 -0.002372   4.306464e+00  3.891233e+00 -0.029281 -1.666667e-01  3.083333 -1.666667e-01   3.083333 -1.666667e-01  3.083333  0.178571  0.178571      14.0
11  FaIR_anthro_unB   43/1_ERF_FaIR   c     1.720       0.087735       0       0     1.207450  0.057058 -0.013022     194.399476     119.800680  0.037383  0.031019  0.014233  3.999145e+00   3.824919 -0.007734  0.250000  0.666667  0.250000  0.666667  0.250000  0.666667 -0.865385  2.048165     13.0    122.170158  0.028634  0.027231 -0.004620   3.990189e+00  3.797811e+00 -0.021579 -2.500000e-01  2.416667 -2.500000e-01   2.416667 -2.500000e-01  2.416667  0.119048  0.119048      14.0
9       FaIR_anthro   43/1_ERF_FaIR   c     1.720       0.087735       0       0     1.220449  0.056264 -0.008922     196.492272     119.083850  0.039129  0.031751  0.018333  3.998360e+00   3.839934 -0.003634  0.083333  0.250000  0.083333  0.250000  0.083333  0.250000 -1.032051  2.091011     13.0    122.349353  0.028263  0.026990 -0.000520   3.982434e+00  3.873968e+00 -0.017479 -4.166667e-01  2.000000 -4.166667e-01   2.000000 -4.166667e-01  2.000000 -0.065476  0.065476      14.0
13       FaIR_nonat   43/1_ERF_FaIR   c     2.279       0.105737       0       0     1.195106  0.044516 -0.000113     192.412123     109.721474  0.035712  0.030229  0.015402  3.561282e+00   3.553311 -0.002949  0.500000  0.583333  0.500000  0.583333  0.500000  0.583333 -0.929487  2.035870     13.0    111.564742  0.028070  0.025650 -0.003451   3.582754e+00  3.293792e+00 -0.016794  1.457465e-10  2.333333  1.457465e-10   2.333333  1.457465e-10  2.333333 -0.026786  0.026786      15.0
2             raw1y  42/1_Run_Means   c    29.660       0.134784       4       0     0.634517  0.126561 -0.001774     146.573371      58.565179  0.127099  0.121823  0.007139  3.104024e+00   2.517708  0.002594 -1.472222  1.972222 -6.166667  9.083333 -6.166667 -3.416667  0.165598  2.341985     48.3     57.173698  0.129058  0.122993 -0.011714   3.072384e+00  1.997847e+00 -0.011251 -1.972222e+00  3.722222 -6.666667e+00  10.833333 -6.666667e+00 -1.666667  0.666419  0.666419      56.3
1             lag5y  42/1_Run_Means   c     5.604       0.049195      67      29     0.879899  0.070001 -0.022664     203.256610      56.578039  0.066009  0.067245 -0.031223  3.873796e-02   0.076783 -0.025463  2.916667  2.666667  2.916667  2.666667  2.916667  2.666667  1.573718  2.371905     16.0     18.988564  0.078961  0.071452 -0.050076   1.396092e-01  2.929804e-02 -0.039308  2.416667e+00  4.416667  2.416667e+00   4.416667  2.416667e+00  4.416667  2.666667  2.666667      18.0
0            lag10y  42/1_Run_Means   c     2.829       0.040428     130      20     0.918636  0.069333 -0.048601     212.204855     -20.377896  0.089524  0.084979 -0.081917  8.804611e-02   0.000053 -0.066081  4.416667  5.083333  4.416667  5.083333  4.416667  5.083333  4.346154  4.728528     13.0   -135.062228  0.111626  0.094486 -0.100770   1.767719e-01  5.695976e-07 -0.079926  3.916667e+00  6.833333  3.916667e+00   6.833333  3.916667e+00  6.833333  5.136905  5.136905      14.0
17         FaIR_all   43/1_ERF_FaIR   c     3.376       0.005566     153     138 -1466.845795  0.066420  0.037877 -236162.172970 -158478.776839  0.067766  0.049209  0.051867  1.254801e-49   0.760589  0.019950 -2.000000 -0.916667 -2.000000 -0.916667 -2.000000 -0.916667 -2.794872  3.496946     13.0 -59710.771681  0.046070  0.041571  0.033014  2.633939e-146  7.784487e-01  0.006105 -2.500000e+00  0.833333 -2.500000e+00   0.833333 -2.500000e+00  0.833333 -1.833333  1.833333      14.0
5.331134863999999
finished this run
/oscar/data/deeps/private/bfoxkemp/jnickla1/Thorne_15_codefigurestats/Methods/43_Forcing_Based/1_ERF_FaIR/FaIR_all_unB_method.py:95: RuntimeWarning: Mean of empty slice
  return np.nanmean(samp_cur[year_idx-1850, :], axis = 1)
/users/jnickla1/.conda/envs/cleanpy/lib/python3.13/site-packages/numpy/lib/_nanfunctions_impl.py:2019: RuntimeWarning: Degrees of freedom <= 0 for slice.
  var = nanvar(a, axis=axis, dtype=dtype, out=out, ddof=ddof,
/oscar/data/deeps/private/bfoxkemp/jnickla1/Thorne_15_codefigurestats/Methods/43_Forcing_Based/1_ERF_FaIR/FaIR_all_unB_method.py:123: RuntimeWarning: Mean of empty slice
  cdist = np.nanmean(dist)
/oscar/data/deeps/private/bfoxkemp/jnickla1/Thorne_15_codefigurestats/Methods/43_Forcing_Based/1_ERF_FaIR/FaIR_comb_unB_method.py:155: RuntimeWarning: Mean of empty slice
  return np.nanmean(samp_cur[year_idx-1850, :], axis = 1)
/users/jnickla1/.conda/envs/cleanpy/lib/python3.13/site-packages/numpy/lib/_nanfunctions_impl.py:2019: RuntimeWarning: Degrees of freedom <= 0 for slice.
  var = nanvar(a, axis=axis, dtype=dtype, out=out, ddof=ddof,
/oscar/data/deeps/private/bfoxkemp/jnickla1/Thorne_15_codefigurestats/Methods/43_Forcing_Based/1_ERF_FaIR/FaIR_comb_unB_method.py:183: RuntimeWarning: Mean of empty slice
  cdist = np.nanmean(dist)
starting computation for fut_ESM1-2-LR_SSP370_constVolc
max_runs41
Model number:
40




Methods/42_Temp_Alone/1_Run_Means/cent10y_method.py
Methods/42_Temp_Alone/1_Run_Means/cent20y_method.py
Methods/42_Temp_Alone/1_Run_Means/cent21y_method.py
Methods/42_Temp_Alone/1_Run_Means/cent30y_method.py
Methods/42_Temp_Alone/1_Run_Means/lag10y_method.py
Methods/42_Temp_Alone/1_Run_Means/lag5y_method.py
Methods/42_Temp_Alone/1_Run_Means/offset11y_method.py
Methods/42_Temp_Alone/1_Run_Means/raw1y_method.py
Methods/43_Forcing_Based/1_ERF_FaIR/FaIR_all_method.py
Methods/43_Forcing_Based/1_ERF_FaIR/FaIR_all_unB_method.py
Methods/43_Forcing_Based/1_ERF_FaIR/FaIR_anthro_method.py
Methods/43_Forcing_Based/1_ERF_FaIR/FaIR_anthro_unB_method.py
Methods/43_Forcing_Based/1_ERF_FaIR/FaIR_comb_unB_method.py
Methods/43_Forcing_Based/1_ERF_FaIR/FaIR_nonat_method.py
Methods/43_Forcing_Based/1_ERF_FaIR/FaIR_nonat_unB_method.py
evaluating 23 of 0.1°C thresholds, starting at 1.1°C
11
FaIR_anthro sampled, d llike: -0.036653771334352214
FaIR_anthro sampled, d llike: 0.08908096656403802
FaIR_anthro_unB sampled, d llike: -0.02889120152600233
FaIR_anthro_unB sampled, d llike: -0.0632095595523231
FaIR_nonat sampled, d llike: -0.04391786737140668
FaIR_nonat sampled, d llike: 0.006346453149758791
FaIR_nonat_unB sampled, d llike: -0.03750593838505001
FaIR_nonat_unB sampled, d llike: -0.008098330656953312
FaIR_all sampled, d llike: -1178.644496572877
FaIR_all sampled, d llike: -0.007146769137644782
FaIR_all_unB sampled, d llike: -0.023098642137347136
FaIR_all_unB sampled, d llike: -0.0038637741419760285
FaIR_comb_unB sampled, d llike: -0.03394833077098913
FaIR_comb_unB sampled, d llike: -0.08351553366823875
        method_name    method_class c/r  smooth_r  avg_unc.(1se)  #q<0.5  #q<0.1   log-likeli       RMS      bias         tlog-l       100log-l    100RMS     75RMS   100bias            l15       l20    bias50   Edyrs15   Edyrs20   Mdyrs15   Mdyrs20   Fdyrs15   Fdyrs20    EdyrsA   RMSyrsA  ncEdyrs     e100log-l   e100RMS    e75RMS  e100bias      el15          el20   ebias50  eEdyrs15  eEdyrs20  eMdyrs15  eMdyrs20  eFdyrs15  eFdyrs20   eEdyrsA  eRMSyrsA  nceEdyrs
8         offset11y  42/1_Run_Means   c     2.555       0.041035     173      88    -0.171274  0.078703  0.035068     -39.564393     131.060133  0.052357  0.056953 -0.035619   9.256683e+00  1.864777 -0.064927  0.583333  2.250000  0.583333  2.250000  0.583333  2.250000  1.358696  1.600592     23.0    132.433808  0.050775  0.048402 -0.041541  9.790092  6.410836e-01 -0.047573  0.250000  2.583333  0.250000  2.583333  0.250000  2.583333  1.271739  1.271739      23.0
21    FaIR_comb_unB   43/1_ERF_FaIR   c     1.910       0.073832       0       0     1.437735  0.048347  0.020602     225.724463     128.902873  0.050229  0.038477  0.021433   4.614586e+00  4.725155 -0.016793 -1.916667  1.000000 -1.916667  1.000000 -1.916667  1.000000 -0.460145  1.708974     23.0    138.804055  0.035778  0.034035  0.015512  4.443066  4.431994e+00  0.000561 -2.250000  1.333333 -2.250000  1.333333 -2.250000  1.333333 -0.547101  0.547101      23.0
15   FaIR_nonat_unB   43/1_ERF_FaIR   c     1.851       0.083750       0       0     1.368296  0.046996  0.017666     220.295659     124.959486  0.045207  0.036279  0.021018   4.318783e+00  4.385344 -0.009105 -1.916667  1.083333 -1.916667  1.083333 -1.916667  1.083333 -0.518116  1.582570     23.0    129.948918  0.035064  0.034543  0.015097  4.132570  4.178565e+00  0.008249 -2.250000  1.416667 -2.250000  1.416667 -2.250000  1.416667 -0.605072  0.605072      23.0
9       FaIR_anthro   43/1_ERF_FaIR   c     1.817       0.086073       0       0     1.226348  0.058575 -0.019878     197.441975     119.745749  0.043951  0.042714 -0.001122   4.328505e+00  3.593163 -0.037692 -1.250000  1.500000 -1.250000  1.500000 -1.250000  1.500000  0.295290  1.448309     24.0    123.982297  0.033907  0.034483 -0.007043  4.206665  3.306419e+00 -0.020338 -1.583333  1.833333 -1.583333  1.833333 -1.583333  1.833333  0.208333  0.208333      24.0
19     FaIR_all_unB   43/1_ERF_FaIR   c     2.991       0.086604       0       0     1.256578  0.060952  0.017901     202.309113     115.901257  0.057261  0.039430  0.026781   4.218901e+00  4.115262 -0.014791 -1.833333  1.166667 -1.833333  1.166667 -1.833333  1.166667 -0.597826  1.976538     23.0    124.466040  0.041114  0.035922  0.020860  4.075037  3.933869e+00  0.002563 -2.166667  1.500000 -2.166667  1.500000 -2.166667  1.500000 -0.684783  0.684783      23.0
11  FaIR_anthro_unB   43/1_ERF_FaIR   c     1.817       0.086073       0       0     1.301186  0.055680  0.008022     209.490927     115.827158  0.051454  0.040550  0.026778   3.844622e+00  4.043311 -0.009792 -2.166667  0.833333 -2.166667  0.833333 -2.166667  0.833333 -0.626812  1.755684     23.0    123.475639  0.039180  0.037782  0.020857  3.630290  3.865185e+00  0.007562 -2.500000  1.166667 -2.500000  1.166667 -2.500000  1.166667 -0.713768  0.713768      23.0
13       FaIR_nonat   43/1_ERF_FaIR   c     1.866       0.104559       0       0     1.195561  0.046970 -0.010918     192.485278     110.488273  0.040219  0.040134 -0.003962   3.770355e+00  3.292894 -0.034085 -1.083333  1.666667 -1.083333  1.666667 -1.083333  1.666667  0.351449  1.301824     23.0    112.387035  0.033155  0.033362 -0.009883  3.716510  3.058366e+00 -0.016731 -1.416667  2.000000 -1.416667  2.000000 -1.416667  2.000000  0.264493  0.264493      23.0
2             raw1y  42/1_Run_Means   c    28.185       0.130490       3       0     0.677948  0.121348 -0.004332     156.605900      68.276582  0.113463  0.108178  0.000645   2.322473e+00  1.559143 -0.001719  0.375000 -0.750000  3.000000 -2.500000 -2.250000 -2.500000 -0.504831  1.863534     54.2     65.967698  0.116832  0.110766 -0.005276  2.451392  1.365749e+00  0.015635  0.041667 -0.416667  2.666667 -2.166667 -2.583333 -2.166667 -0.591787  0.591787      54.2
1             lag5y  42/1_Run_Means   c     5.195       0.050113      74      29     0.787188  0.073644 -0.032909     181.840460      35.161889  0.075401  0.077920 -0.057230   6.029570e+00  0.272579 -0.071562  4.333333  2.833333  4.333333  2.833333  4.333333  2.833333  2.206522  2.594878     23.0     16.821214  0.078901  0.072736 -0.063151  6.866159  1.285330e-01 -0.054208  4.000000  3.166667  4.000000  3.166667  4.000000  3.166667  2.119565  2.119565      23.0
0            lag10y  42/1_Run_Means   c     2.863       0.041940     149      86    -0.401562  0.094718 -0.067933     -92.760772    -325.343523  0.136330  0.146253 -0.130990   2.628533e-01  0.000004 -0.157513  5.000000  5.000000  5.000000  5.000000  5.000000  5.000000  4.583333  4.655428     24.0   -360.707373  0.140359  0.138453 -0.136911  0.473270  2.909378e-07 -0.140159  4.666667  5.333333  4.666667  5.333333  4.666667  5.333333  4.496377  4.496377      24.0
17         FaIR_all   43/1_ERF_FaIR   c     2.856       0.005549     154     138 -1293.872423  0.063097  0.028582 -208313.460092 -131114.051893  0.061776  0.041282  0.035421  2.980829e-203  1.766302 -0.006150 -2.250000  1.000000 -2.250000  1.000000 -2.250000  1.000000 -0.963768  2.242809     23.0 -60777.089471  0.046103  0.039618  0.029500  0.000000  4.762926e-41  0.011204 -2.583333  1.333333 -2.583333  1.333333 -2.583333  1.333333 -1.050725  1.050725      23.0
6.769921311
finished this run
All processes completed.
