/oscar/data/deeps/private/bfoxkemp/jnickla1/Thorne_15_codefigurestats/fut_evaluation_gen_ensemble.py:20: RuntimeWarning: Mean of empty slice
  return np.nanmean(standards_np,axis=0)
/oscar/data/deeps/private/bfoxkemp/jnickla1/Thorne_15_codefigurestats/fut_evaluation_gen_ensemble.py:20: RuntimeWarning: Mean of empty slice
  return np.nanmean(standards_np,axis=0)
/oscar/data/deeps/private/bfoxkemp/jnickla1/Thorne_15_codefigurestats/fut_evaluation_gen_ensemble.py:20: RuntimeWarning: Mean of empty slice
  return np.nanmean(standards_np,axis=0)
/oscar/data/deeps/private/bfoxkemp/jnickla1/Thorne_15_codefigurestats/fut_evaluation_gen_ensemble.py:20: RuntimeWarning: Mean of empty slice
  return np.nanmean(standards_np,axis=0)
/oscar/data/deeps/private/bfoxkemp/jnickla1/Thorne_15_codefigurestats/fut_evaluation_gen_ensemble.py:20: RuntimeWarning: Mean of empty slice
  return np.nanmean(standards_np,axis=0)
/oscar/data/deeps/private/bfoxkemp/jnickla1/Thorne_15_codefigurestats/Methods/43_Forcing_Based/1_ERF_FaIR/FaIR_all_method.py:53: RuntimeWarning: Mean of empty slice
  samp_mean =  np.nanmean(samp_cur, axis = 1)
/oscar/data/deeps/private/bfoxkemp/jnickla1/Thorne_15_codefigurestats/Methods/43_Forcing_Based/1_ERF_FaIR/FaIR_all_method.py:53: RuntimeWarning: Mean of empty slice
  samp_mean =  np.nanmean(samp_cur, axis = 1)
/oscar/data/deeps/private/bfoxkemp/jnickla1/Thorne_15_codefigurestats/Methods/43_Forcing_Based/1_ERF_FaIR/FaIR_all_unB_method.py:70: RuntimeWarning: Mean of empty slice
  samp_mean =  np.nanmean(samp_cur, axis = 1)
/oscar/data/deeps/private/bfoxkemp/jnickla1/Thorne_15_codefigurestats/Methods/43_Forcing_Based/1_ERF_FaIR/FaIR_all_unB_method.py:70: RuntimeWarning: Mean of empty slice
  samp_mean =  np.nanmean(samp_cur, axis = 1)
/oscar/data/deeps/private/bfoxkemp/jnickla1/Thorne_15_codefigurestats/Methods/43_Forcing_Based/1_ERF_FaIR/FaIR_anthro_method.py:53: RuntimeWarning: Mean of empty slice
  samp_mean =  np.nanmean(samp_cur, axis = 1)
/oscar/data/deeps/private/bfoxkemp/jnickla1/Thorne_15_codefigurestats/Methods/43_Forcing_Based/1_ERF_FaIR/FaIR_anthro_unB_method.py:70: RuntimeWarning: Mean of empty slice
  samp_mean =  np.nanmean(samp_cur, axis = 1)
/oscar/data/deeps/private/bfoxkemp/jnickla1/Thorne_15_codefigurestats/Methods/43_Forcing_Based/1_ERF_FaIR/FaIR_anthro_method.py:53: RuntimeWarning: Mean of empty slice
  samp_mean =  np.nanmean(samp_cur, axis = 1)
/oscar/data/deeps/private/bfoxkemp/jnickla1/Thorne_15_codefigurestats/Methods/43_Forcing_Based/1_ERF_FaIR/FaIR_comb_unB_method.py:70: RuntimeWarning: Mean of empty slice
  samp_mean =  np.nanmean(samp_cur, axis = 1)
/oscar/data/deeps/private/bfoxkemp/jnickla1/Thorne_15_codefigurestats/Methods/43_Forcing_Based/1_ERF_FaIR/FaIR_anthro_unB_method.py:70: RuntimeWarning: Mean of empty slice
  samp_mean =  np.nanmean(samp_cur, axis = 1)
/oscar/data/deeps/private/bfoxkemp/jnickla1/Thorne_15_codefigurestats/Methods/43_Forcing_Based/1_ERF_FaIR/FaIR_comb_unB_method.py:126: RuntimeWarning: Mean of empty slice
  samp_meanAll =  np.nanmean(samp_curAll, axis = 1)
/oscar/data/deeps/private/bfoxkemp/jnickla1/Thorne_15_codefigurestats/Methods/43_Forcing_Based/1_ERF_FaIR/FaIR_comb_unB_method.py:70: RuntimeWarning: Mean of empty slice
  samp_mean =  np.nanmean(samp_cur, axis = 1)
/oscar/data/deeps/private/bfoxkemp/jnickla1/Thorne_15_codefigurestats/Methods/43_Forcing_Based/1_ERF_FaIR/FaIR_comb_unB_method.py:126: RuntimeWarning: Mean of empty slice
  samp_meanAll =  np.nanmean(samp_curAll, axis = 1)
/oscar/data/deeps/private/bfoxkemp/jnickla1/Thorne_15_codefigurestats/Methods/43_Forcing_Based/1_ERF_FaIR/FaIR_nonat_method.py:53: RuntimeWarning: Mean of empty slice
  samp_mean =  np.nanmean(samp_cur, axis = 1)
/oscar/data/deeps/private/bfoxkemp/jnickla1/Thorne_15_codefigurestats/Methods/43_Forcing_Based/1_ERF_FaIR/FaIR_nonat_unB_method.py:72: RuntimeWarning: Mean of empty slice
  samp_mean =  np.nanmean(samp_cur, axis = 1)
/oscar/data/deeps/private/bfoxkemp/jnickla1/Thorne_15_codefigurestats/Methods/43_Forcing_Based/1_ERF_FaIR/FaIR_nonat_method.py:53: RuntimeWarning: Mean of empty slice
  samp_mean =  np.nanmean(samp_cur, axis = 1)
/oscar/data/deeps/private/bfoxkemp/jnickla1/Thorne_15_codefigurestats/Methods/43_Forcing_Based/1_ERF_FaIR/FaIR_all_method.py:71: RuntimeWarning: Mean of empty slice
  return np.nanmean(samp_cur[year_idx-1850, :], axis = 1)
/users/jnickla1/.conda/envs/cleanpy/lib/python3.13/site-packages/numpy/lib/_nanfunctions_impl.py:2019: RuntimeWarning: Degrees of freedom <= 0 for slice.
  var = nanvar(a, axis=axis, dtype=dtype, out=out, ddof=ddof,
/oscar/data/deeps/private/bfoxkemp/jnickla1/Thorne_15_codefigurestats/Methods/43_Forcing_Based/1_ERF_FaIR/FaIR_all_unB_method.py:95: RuntimeWarning: Mean of empty slice
  return np.nanmean(samp_cur[year_idx-1850, :], axis = 1)
/oscar/data/deeps/private/bfoxkemp/jnickla1/Thorne_15_codefigurestats/Methods/43_Forcing_Based/1_ERF_FaIR/FaIR_anthro_method.py:71: RuntimeWarning: Mean of empty slice
  return np.nanmean(samp_cur[year_idx-1850, :], axis = 1)
/oscar/data/deeps/private/bfoxkemp/jnickla1/Thorne_15_codefigurestats/Methods/43_Forcing_Based/1_ERF_FaIR/FaIR_nonat_unB_method.py:72: RuntimeWarning: Mean of empty slice
  samp_mean =  np.nanmean(samp_cur, axis = 1)
/oscar/data/deeps/private/bfoxkemp/jnickla1/Thorne_15_codefigurestats/Methods/43_Forcing_Based/1_ERF_FaIR/FaIR_anthro_unB_method.py:94: RuntimeWarning: Mean of empty slice
  return np.nanmean(samp_cur[year_idx-1850, :], axis = 1)
/oscar/data/deeps/private/bfoxkemp/jnickla1/Thorne_15_codefigurestats/Methods/43_Forcing_Based/1_ERF_FaIR/FaIR_comb_unB_method.py:155: RuntimeWarning: Mean of empty slice
  return np.nanmean(samp_cur[year_idx-1850, :], axis = 1)
/oscar/data/deeps/private/bfoxkemp/jnickla1/Thorne_15_codefigurestats/Methods/43_Forcing_Based/1_ERF_FaIR/FaIR_nonat_method.py:70: RuntimeWarning: Mean of empty slice
  return np.nanmean(samp_cur[year_idx-1850, :], axis = 1)
/oscar/data/deeps/private/bfoxkemp/jnickla1/Thorne_15_codefigurestats/Methods/43_Forcing_Based/1_ERF_FaIR/FaIR_nonat_unB_method.py:97: RuntimeWarning: Mean of empty slice
  return np.nanmean(samp_cur[year_idx-1850, :], axis = 1)
/oscar/data/deeps/private/bfoxkemp/jnickla1/Thorne_15_codefigurestats/Methods/43_Forcing_Based/1_ERF_FaIR/FaIR_all_method.py:71: RuntimeWarning: Mean of empty slice
  return np.nanmean(samp_cur[year_idx-1850, :], axis = 1)
/users/jnickla1/.conda/envs/cleanpy/lib/python3.13/site-packages/numpy/lib/_nanfunctions_impl.py:2019: RuntimeWarning: Degrees of freedom <= 0 for slice.
  var = nanvar(a, axis=axis, dtype=dtype, out=out, ddof=ddof,
/oscar/data/deeps/private/bfoxkemp/jnickla1/Thorne_15_codefigurestats/Methods/43_Forcing_Based/1_ERF_FaIR/FaIR_all_unB_method.py:95: RuntimeWarning: Mean of empty slice
  return np.nanmean(samp_cur[year_idx-1850, :], axis = 1)
/oscar/data/deeps/private/bfoxkemp/jnickla1/Thorne_15_codefigurestats/Methods/43_Forcing_Based/1_ERF_FaIR/FaIR_anthro_method.py:71: RuntimeWarning: Mean of empty slice
  return np.nanmean(samp_cur[year_idx-1850, :], axis = 1)
/oscar/data/deeps/private/bfoxkemp/jnickla1/Thorne_15_codefigurestats/Methods/43_Forcing_Based/1_ERF_FaIR/FaIR_anthro_unB_method.py:94: RuntimeWarning: Mean of empty slice
  return np.nanmean(samp_cur[year_idx-1850, :], axis = 1)
/oscar/data/deeps/private/bfoxkemp/jnickla1/Thorne_15_codefigurestats/Methods/43_Forcing_Based/1_ERF_FaIR/FaIR_anthro_method.py:71: RuntimeWarning: Mean of empty slice
  return np.nanmean(samp_cur[year_idx-1850, :], axis = 1)
/oscar/data/deeps/private/bfoxkemp/jnickla1/Thorne_15_codefigurestats/Methods/43_Forcing_Based/1_ERF_FaIR/FaIR_anthro_unB_method.py:94: RuntimeWarning: Mean of empty slice
  return np.nanmean(samp_cur[year_idx-1850, :], axis = 1)
/oscar/data/deeps/private/bfoxkemp/jnickla1/Thorne_15_codefigurestats/Methods/43_Forcing_Based/1_ERF_FaIR/FaIR_nonat_method.py:70: RuntimeWarning: Mean of empty slice
  return np.nanmean(samp_cur[year_idx-1850, :], axis = 1)
/oscar/data/deeps/private/bfoxkemp/jnickla1/Thorne_15_codefigurestats/Methods/43_Forcing_Based/1_ERF_FaIR/FaIR_nonat_unB_method.py:97: RuntimeWarning: Mean of empty slice
  return np.nanmean(samp_cur[year_idx-1850, :], axis = 1)
/oscar/data/deeps/private/bfoxkemp/jnickla1/Thorne_15_codefigurestats/Methods/43_Forcing_Based/1_ERF_FaIR/FaIR_comb_unB_method.py:155: RuntimeWarning: Mean of empty slice
  return np.nanmean(samp_cur[year_idx-1850, :], axis = 1)
/oscar/data/deeps/private/bfoxkemp/jnickla1/Thorne_15_codefigurestats/Methods/43_Forcing_Based/1_ERF_FaIR/FaIR_all_method.py:71: RuntimeWarning: Mean of empty slice
  return np.nanmean(samp_cur[year_idx-1850, :], axis = 1)
/oscar/data/deeps/private/bfoxkemp/jnickla1/Thorne_15_codefigurestats/Methods/43_Forcing_Based/1_ERF_FaIR/FaIR_all_unB_method.py:95: RuntimeWarning: Mean of empty slice
  return np.nanmean(samp_cur[year_idx-1850, :], axis = 1)
/oscar/data/deeps/private/bfoxkemp/jnickla1/Thorne_15_codefigurestats/Methods/43_Forcing_Based/1_ERF_FaIR/FaIR_comb_unB_method.py:155: RuntimeWarning: Mean of empty slice
  return np.nanmean(samp_cur[year_idx-1850, :], axis = 1)
/oscar/data/deeps/private/bfoxkemp/jnickla1/Thorne_15_codefigurestats/Methods/43_Forcing_Based/1_ERF_FaIR/FaIR_nonat_method.py:70: RuntimeWarning: Mean of empty slice
  return np.nanmean(samp_cur[year_idx-1850, :], axis = 1)
/oscar/data/deeps/private/bfoxkemp/jnickla1/Thorne_15_codefigurestats/Methods/43_Forcing_Based/1_ERF_FaIR/FaIR_nonat_unB_method.py:97: RuntimeWarning: Mean of empty slice
  return np.nanmean(samp_cur[year_idx-1850, :], axis = 1)
/oscar/data/deeps/private/bfoxkemp/jnickla1/Thorne_15_codefigurestats/Methods/43_Forcing_Based/1_ERF_FaIR/FaIR_anthro_method.py:71: RuntimeWarning: Mean of empty slice
  return np.nanmean(samp_cur[year_idx-1850, :], axis = 1)
/oscar/data/deeps/private/bfoxkemp/jnickla1/Thorne_15_codefigurestats/Methods/43_Forcing_Based/1_ERF_FaIR/FaIR_anthro_unB_method.py:94: RuntimeWarning: Mean of empty slice
  return np.nanmean(samp_cur[year_idx-1850, :], axis = 1)
/oscar/data/deeps/private/bfoxkemp/jnickla1/Thorne_15_codefigurestats/Methods/43_Forcing_Based/1_ERF_FaIR/FaIR_nonat_method.py:70: RuntimeWarning: Mean of empty slice
  return np.nanmean(samp_cur[year_idx-1850, :], axis = 1)
/oscar/data/deeps/private/bfoxkemp/jnickla1/Thorne_15_codefigurestats/Methods/43_Forcing_Based/1_ERF_FaIR/FaIR_nonat_unB_method.py:97: RuntimeWarning: Mean of empty slice
  return np.nanmean(samp_cur[year_idx-1850, :], axis = 1)
/oscar/data/deeps/private/bfoxkemp/jnickla1/Thorne_15_codefigurestats/Methods/43_Forcing_Based/1_ERF_FaIR/FaIR_all_method.py:71: RuntimeWarning: Mean of empty slice
  return np.nanmean(samp_cur[year_idx-1850, :], axis = 1)
/oscar/data/deeps/private/bfoxkemp/jnickla1/Thorne_15_codefigurestats/Methods/43_Forcing_Based/1_ERF_FaIR/FaIR_all_unB_method.py:95: RuntimeWarning: Mean of empty slice
  return np.nanmean(samp_cur[year_idx-1850, :], axis = 1)
/oscar/data/deeps/private/bfoxkemp/jnickla1/Thorne_15_codefigurestats/Methods/43_Forcing_Based/1_ERF_FaIR/FaIR_comb_unB_method.py:155: RuntimeWarning: Mean of empty slice
  return np.nanmean(samp_cur[year_idx-1850, :], axis = 1)
/oscar/data/deeps/private/bfoxkemp/jnickla1/Thorne_15_codefigurestats/Methods/43_Forcing_Based/1_ERF_FaIR/FaIR_anthro_method.py:71: RuntimeWarning: Mean of empty slice
  return np.nanmean(samp_cur[year_idx-1850, :], axis = 1)
/users/jnickla1/.conda/envs/cleanpy/lib/python3.13/site-packages/numpy/lib/_nanfunctions_impl.py:2019: RuntimeWarning: Degrees of freedom <= 0 for slice.
  var = nanvar(a, axis=axis, dtype=dtype, out=out, ddof=ddof,
/oscar/data/deeps/private/bfoxkemp/jnickla1/Thorne_15_codefigurestats/Methods/43_Forcing_Based/1_ERF_FaIR/FaIR_anthro_method.py:99: RuntimeWarning: Mean of empty slice
  cdist = np.nanmean(dist)
/oscar/data/deeps/private/bfoxkemp/jnickla1/Thorne_15_codefigurestats/Methods/43_Forcing_Based/1_ERF_FaIR/FaIR_anthro_method.py:71: RuntimeWarning: Mean of empty slice
  return np.nanmean(samp_cur[year_idx-1850, :], axis = 1)
/users/jnickla1/.conda/envs/cleanpy/lib/python3.13/site-packages/numpy/lib/_nanfunctions_impl.py:2019: RuntimeWarning: Degrees of freedom <= 0 for slice.
  var = nanvar(a, axis=axis, dtype=dtype, out=out, ddof=ddof,
/oscar/data/deeps/private/bfoxkemp/jnickla1/Thorne_15_codefigurestats/Methods/43_Forcing_Based/1_ERF_FaIR/FaIR_anthro_method.py:99: RuntimeWarning: Mean of empty slice
  cdist = np.nanmean(dist)
/oscar/data/deeps/private/bfoxkemp/jnickla1/Thorne_15_codefigurestats/fut_evaluation_script.py:427: RuntimeWarning: Mean of empty slice
  evalmean = np.nanmean(diffcross) #if crossing multiple times take the mean
/oscar/data/deeps/private/bfoxkemp/jnickla1/Thorne_15_codefigurestats/fut_evaluation_script.py:464: RuntimeWarning: Mean of empty slice
  evalmean = np.nanmean(diffcrossE) #if crossing multiple times take the mean
/oscar/data/deeps/private/bfoxkemp/jnickla1/Thorne_15_codefigurestats/Methods/43_Forcing_Based/1_ERF_FaIR/FaIR_all_method.py:53: RuntimeWarning: Mean of empty slice
  samp_mean =  np.nanmean(samp_cur, axis = 1)
/oscar/data/deeps/private/bfoxkemp/jnickla1/Thorne_15_codefigurestats/Methods/43_Forcing_Based/1_ERF_FaIR/FaIR_all_method.py:53: RuntimeWarning: Mean of empty slice
  samp_mean =  np.nanmean(samp_cur, axis = 1)
/oscar/data/deeps/private/bfoxkemp/jnickla1/Thorne_15_codefigurestats/Methods/43_Forcing_Based/1_ERF_FaIR/FaIR_all_unB_method.py:70: RuntimeWarning: Mean of empty slice
  samp_mean =  np.nanmean(samp_cur, axis = 1)
/oscar/data/deeps/private/bfoxkemp/jnickla1/Thorne_15_codefigurestats/Methods/43_Forcing_Based/1_ERF_FaIR/FaIR_all_unB_method.py:70: RuntimeWarning: Mean of empty slice
  samp_mean =  np.nanmean(samp_cur, axis = 1)
/oscar/data/deeps/private/bfoxkemp/jnickla1/Thorne_15_codefigurestats/Methods/43_Forcing_Based/1_ERF_FaIR/FaIR_anthro_method.py:53: RuntimeWarning: Mean of empty slice
  samp_mean =  np.nanmean(samp_cur, axis = 1)
/oscar/data/deeps/private/bfoxkemp/jnickla1/Thorne_15_codefigurestats/Methods/43_Forcing_Based/1_ERF_FaIR/FaIR_anthro_unB_method.py:94: RuntimeWarning: Mean of empty slice
  return np.nanmean(samp_cur[year_idx-1850, :], axis = 1)
/users/jnickla1/.conda/envs/cleanpy/lib/python3.13/site-packages/numpy/lib/_nanfunctions_impl.py:2019: RuntimeWarning: Degrees of freedom <= 0 for slice.
  var = nanvar(a, axis=axis, dtype=dtype, out=out, ddof=ddof,
/oscar/data/deeps/private/bfoxkemp/jnickla1/Thorne_15_codefigurestats/Methods/43_Forcing_Based/1_ERF_FaIR/FaIR_anthro_unB_method.py:122: RuntimeWarning: Mean of empty slice
  cdist = np.nanmean(dist)
/oscar/data/deeps/private/bfoxkemp/jnickla1/Thorne_15_codefigurestats/Methods/43_Forcing_Based/1_ERF_FaIR/FaIR_anthro_unB_method.py:70: RuntimeWarning: Mean of empty slice
  samp_mean =  np.nanmean(samp_cur, axis = 1)
/oscar/data/deeps/private/bfoxkemp/jnickla1/Thorne_15_codefigurestats/Methods/43_Forcing_Based/1_ERF_FaIR/FaIR_anthro_method.py:53: RuntimeWarning: Mean of empty slice
  samp_mean =  np.nanmean(samp_cur, axis = 1)
/oscar/data/deeps/private/bfoxkemp/jnickla1/Thorne_15_codefigurestats/Methods/43_Forcing_Based/1_ERF_FaIR/FaIR_comb_unB_method.py:70: RuntimeWarning: Mean of empty slice
  samp_mean =  np.nanmean(samp_cur, axis = 1)
/oscar/data/deeps/private/bfoxkemp/jnickla1/Thorne_15_codefigurestats/Methods/43_Forcing_Based/1_ERF_FaIR/FaIR_anthro_unB_method.py:70: RuntimeWarning: Mean of empty slice
  samp_mean =  np.nanmean(samp_cur, axis = 1)
/oscar/data/deeps/private/bfoxkemp/jnickla1/Thorne_15_codefigurestats/Methods/43_Forcing_Based/1_ERF_FaIR/FaIR_comb_unB_method.py:126: RuntimeWarning: Mean of empty slice
  samp_meanAll =  np.nanmean(samp_curAll, axis = 1)
/oscar/data/deeps/private/bfoxkemp/jnickla1/Thorne_15_codefigurestats/Methods/43_Forcing_Based/1_ERF_FaIR/FaIR_all_method.py:53: RuntimeWarning: Mean of empty slice
  samp_mean =  np.nanmean(samp_cur, axis = 1)
/oscar/data/deeps/private/bfoxkemp/jnickla1/Thorne_15_codefigurestats/Methods/43_Forcing_Based/1_ERF_FaIR/FaIR_anthro_unB_method.py:94: RuntimeWarning: Mean of empty slice
  return np.nanmean(samp_cur[year_idx-1850, :], axis = 1)
/users/jnickla1/.conda/envs/cleanpy/lib/python3.13/site-packages/numpy/lib/_nanfunctions_impl.py:2019: RuntimeWarning: Degrees of freedom <= 0 for slice.
  var = nanvar(a, axis=axis, dtype=dtype, out=out, ddof=ddof,
/oscar/data/deeps/private/bfoxkemp/jnickla1/Thorne_15_codefigurestats/Methods/43_Forcing_Based/1_ERF_FaIR/FaIR_anthro_unB_method.py:122: RuntimeWarning: Mean of empty slice
  cdist = np.nanmean(dist)
/oscar/data/deeps/private/bfoxkemp/jnickla1/Thorne_15_codefigurestats/Methods/43_Forcing_Based/1_ERF_FaIR/FaIR_comb_unB_method.py:70: RuntimeWarning: Mean of empty slice
  samp_mean =  np.nanmean(samp_cur, axis = 1)
/oscar/data/deeps/private/bfoxkemp/jnickla1/Thorne_15_codefigurestats/Methods/43_Forcing_Based/1_ERF_FaIR/FaIR_nonat_method.py:53: RuntimeWarning: Mean of empty slice
  samp_mean =  np.nanmean(samp_cur, axis = 1)
/oscar/data/deeps/private/bfoxkemp/jnickla1/Thorne_15_codefigurestats/Methods/43_Forcing_Based/1_ERF_FaIR/FaIR_comb_unB_method.py:126: RuntimeWarning: Mean of empty slice
  samp_meanAll =  np.nanmean(samp_curAll, axis = 1)
/oscar/data/deeps/private/bfoxkemp/jnickla1/Thorne_15_codefigurestats/Methods/43_Forcing_Based/1_ERF_FaIR/FaIR_all_unB_method.py:70: RuntimeWarning: Mean of empty slice
  samp_mean =  np.nanmean(samp_cur, axis = 1)
/oscar/data/deeps/private/bfoxkemp/jnickla1/Thorne_15_codefigurestats/Methods/43_Forcing_Based/1_ERF_FaIR/FaIR_nonat_unB_method.py:72: RuntimeWarning: Mean of empty slice
  samp_mean =  np.nanmean(samp_cur, axis = 1)
/oscar/data/deeps/private/bfoxkemp/jnickla1/Thorne_15_codefigurestats/Methods/43_Forcing_Based/1_ERF_FaIR/FaIR_anthro_method.py:53: RuntimeWarning: Mean of empty slice
  samp_mean =  np.nanmean(samp_cur, axis = 1)
/oscar/data/deeps/private/bfoxkemp/jnickla1/Thorne_15_codefigurestats/Methods/43_Forcing_Based/1_ERF_FaIR/FaIR_all_method.py:71: RuntimeWarning: Mean of empty slice
  return np.nanmean(samp_cur[year_idx-1850, :], axis = 1)
/oscar/data/deeps/private/bfoxkemp/jnickla1/Thorne_15_codefigurestats/Methods/43_Forcing_Based/1_ERF_FaIR/FaIR_nonat_method.py:53: RuntimeWarning: Mean of empty slice
  samp_mean =  np.nanmean(samp_cur, axis = 1)
/users/jnickla1/.conda/envs/cleanpy/lib/python3.13/site-packages/numpy/lib/_nanfunctions_impl.py:2019: RuntimeWarning: Degrees of freedom <= 0 for slice.
  var = nanvar(a, axis=axis, dtype=dtype, out=out, ddof=ddof,
/oscar/data/deeps/private/bfoxkemp/jnickla1/Thorne_15_codefigurestats/Methods/43_Forcing_Based/1_ERF_FaIR/FaIR_all_unB_method.py:95: RuntimeWarning: Mean of empty slice
  return np.nanmean(samp_cur[year_idx-1850, :], axis = 1)
/oscar/data/deeps/private/bfoxkemp/jnickla1/Thorne_15_codefigurestats/Methods/43_Forcing_Based/1_ERF_FaIR/FaIR_anthro_method.py:71: RuntimeWarning: Mean of empty slice
  return np.nanmean(samp_cur[year_idx-1850, :], axis = 1)
/oscar/data/deeps/private/bfoxkemp/jnickla1/Thorne_15_codefigurestats/Methods/43_Forcing_Based/1_ERF_FaIR/FaIR_anthro_unB_method.py:70: RuntimeWarning: Mean of empty slice
  samp_mean =  np.nanmean(samp_cur, axis = 1)
/oscar/data/deeps/private/bfoxkemp/jnickla1/Thorne_15_codefigurestats/Methods/43_Forcing_Based/1_ERF_FaIR/FaIR_anthro_unB_method.py:94: RuntimeWarning: Mean of empty slice
  return np.nanmean(samp_cur[year_idx-1850, :], axis = 1)
/oscar/data/deeps/private/bfoxkemp/jnickla1/Thorne_15_codefigurestats/Methods/43_Forcing_Based/1_ERF_FaIR/FaIR_nonat_unB_method.py:72: RuntimeWarning: Mean of empty slice
  samp_mean =  np.nanmean(samp_cur, axis = 1)
/oscar/data/deeps/private/bfoxkemp/jnickla1/Thorne_15_codefigurestats/Methods/43_Forcing_Based/1_ERF_FaIR/FaIR_comb_unB_method.py:155: RuntimeWarning: Mean of empty slice
  return np.nanmean(samp_cur[year_idx-1850, :], axis = 1)
/oscar/data/deeps/private/bfoxkemp/jnickla1/Thorne_15_codefigurestats/Methods/43_Forcing_Based/1_ERF_FaIR/FaIR_nonat_method.py:70: RuntimeWarning: Mean of empty slice
  return np.nanmean(samp_cur[year_idx-1850, :], axis = 1)
/oscar/data/deeps/private/bfoxkemp/jnickla1/Thorne_15_codefigurestats/Methods/43_Forcing_Based/1_ERF_FaIR/FaIR_comb_unB_method.py:70: RuntimeWarning: Mean of empty slice
  samp_mean =  np.nanmean(samp_cur, axis = 1)
/oscar/data/deeps/private/bfoxkemp/jnickla1/Thorne_15_codefigurestats/Methods/43_Forcing_Based/1_ERF_FaIR/FaIR_nonat_unB_method.py:97: RuntimeWarning: Mean of empty slice
  return np.nanmean(samp_cur[year_idx-1850, :], axis = 1)
/oscar/data/deeps/private/bfoxkemp/jnickla1/Thorne_15_codefigurestats/Methods/43_Forcing_Based/1_ERF_FaIR/FaIR_comb_unB_method.py:126: RuntimeWarning: Mean of empty slice
  samp_meanAll =  np.nanmean(samp_curAll, axis = 1)
/oscar/data/deeps/private/bfoxkemp/jnickla1/Thorne_15_codefigurestats/Methods/43_Forcing_Based/1_ERF_FaIR/FaIR_all_method.py:71: RuntimeWarning: Mean of empty slice
  return np.nanmean(samp_cur[year_idx-1850, :], axis = 1)
/users/jnickla1/.conda/envs/cleanpy/lib/python3.13/site-packages/numpy/lib/_nanfunctions_impl.py:2019: RuntimeWarning: Degrees of freedom <= 0 for slice.
  var = nanvar(a, axis=axis, dtype=dtype, out=out, ddof=ddof,
/oscar/data/deeps/private/bfoxkemp/jnickla1/Thorne_15_codefigurestats/Methods/43_Forcing_Based/1_ERF_FaIR/FaIR_all_unB_method.py:95: RuntimeWarning: Mean of empty slice
  return np.nanmean(samp_cur[year_idx-1850, :], axis = 1)
/oscar/data/deeps/private/bfoxkemp/jnickla1/Thorne_15_codefigurestats/Methods/43_Forcing_Based/1_ERF_FaIR/FaIR_anthro_method.py:71: RuntimeWarning: Mean of empty slice
  return np.nanmean(samp_cur[year_idx-1850, :], axis = 1)
/oscar/data/deeps/private/bfoxkemp/jnickla1/Thorne_15_codefigurestats/Methods/43_Forcing_Based/1_ERF_FaIR/FaIR_anthro_unB_method.py:94: RuntimeWarning: Mean of empty slice
  return np.nanmean(samp_cur[year_idx-1850, :], axis = 1)
/oscar/data/deeps/private/bfoxkemp/jnickla1/Thorne_15_codefigurestats/Methods/43_Forcing_Based/1_ERF_FaIR/FaIR_anthro_method.py:71: RuntimeWarning: Mean of empty slice
  return np.nanmean(samp_cur[year_idx-1850, :], axis = 1)
/oscar/data/deeps/private/bfoxkemp/jnickla1/Thorne_15_codefigurestats/Methods/43_Forcing_Based/1_ERF_FaIR/FaIR_nonat_method.py:70: RuntimeWarning: Mean of empty slice
  return np.nanmean(samp_cur[year_idx-1850, :], axis = 1)
/oscar/data/deeps/private/bfoxkemp/jnickla1/Thorne_15_codefigurestats/Methods/43_Forcing_Based/1_ERF_FaIR/FaIR_nonat_unB_method.py:97: RuntimeWarning: Mean of empty slice
  return np.nanmean(samp_cur[year_idx-1850, :], axis = 1)
/oscar/data/deeps/private/bfoxkemp/jnickla1/Thorne_15_codefigurestats/Methods/43_Forcing_Based/1_ERF_FaIR/FaIR_all_method.py:71: RuntimeWarning: Mean of empty slice
  return np.nanmean(samp_cur[year_idx-1850, :], axis = 1)
/oscar/data/deeps/private/bfoxkemp/jnickla1/Thorne_15_codefigurestats/Methods/43_Forcing_Based/1_ERF_FaIR/FaIR_anthro_unB_method.py:94: RuntimeWarning: Mean of empty slice
  return np.nanmean(samp_cur[year_idx-1850, :], axis = 1)
/oscar/data/deeps/private/bfoxkemp/jnickla1/Thorne_15_codefigurestats/Methods/43_Forcing_Based/1_ERF_FaIR/FaIR_all_unB_method.py:95: RuntimeWarning: Mean of empty slice
  return np.nanmean(samp_cur[year_idx-1850, :], axis = 1)
/oscar/data/deeps/private/bfoxkemp/jnickla1/Thorne_15_codefigurestats/Methods/43_Forcing_Based/1_ERF_FaIR/FaIR_comb_unB_method.py:155: RuntimeWarning: Mean of empty slice
  return np.nanmean(samp_cur[year_idx-1850, :], axis = 1)
/oscar/data/deeps/private/bfoxkemp/jnickla1/Thorne_15_codefigurestats/Methods/43_Forcing_Based/1_ERF_FaIR/FaIR_comb_unB_method.py:155: RuntimeWarning: Mean of empty slice
  return np.nanmean(samp_cur[year_idx-1850, :], axis = 1)
/oscar/data/deeps/private/bfoxkemp/jnickla1/Thorne_15_codefigurestats/Methods/43_Forcing_Based/1_ERF_FaIR/FaIR_nonat_method.py:53: RuntimeWarning: Mean of empty slice
  samp_mean =  np.nanmean(samp_cur, axis = 1)
/oscar/data/deeps/private/bfoxkemp/jnickla1/Thorne_15_codefigurestats/Methods/43_Forcing_Based/1_ERF_FaIR/FaIR_nonat_method.py:70: RuntimeWarning: Mean of empty slice
  return np.nanmean(samp_cur[year_idx-1850, :], axis = 1)
/oscar/data/deeps/private/bfoxkemp/jnickla1/Thorne_15_codefigurestats/Methods/43_Forcing_Based/1_ERF_FaIR/FaIR_nonat_unB_method.py:97: RuntimeWarning: Mean of empty slice
  return np.nanmean(samp_cur[year_idx-1850, :], axis = 1)
/oscar/data/deeps/private/bfoxkemp/jnickla1/Thorne_15_codefigurestats/Methods/43_Forcing_Based/1_ERF_FaIR/FaIR_nonat_unB_method.py:72: RuntimeWarning: Mean of empty slice
  samp_mean =  np.nanmean(samp_cur, axis = 1)
/oscar/data/deeps/private/bfoxkemp/jnickla1/Thorne_15_codefigurestats/Methods/43_Forcing_Based/1_ERF_FaIR/FaIR_anthro_method.py:71: RuntimeWarning: Mean of empty slice
  return np.nanmean(samp_cur[year_idx-1850, :], axis = 1)
/oscar/data/deeps/private/bfoxkemp/jnickla1/Thorne_15_codefigurestats/Methods/43_Forcing_Based/1_ERF_FaIR/FaIR_anthro_unB_method.py:94: RuntimeWarning: Mean of empty slice
  return np.nanmean(samp_cur[year_idx-1850, :], axis = 1)
/oscar/data/deeps/private/bfoxkemp/jnickla1/Thorne_15_codefigurestats/Methods/43_Forcing_Based/1_ERF_FaIR/FaIR_nonat_method.py:70: RuntimeWarning: Mean of empty slice
  return np.nanmean(samp_cur[year_idx-1850, :], axis = 1)
/oscar/data/deeps/private/bfoxkemp/jnickla1/Thorne_15_codefigurestats/Methods/43_Forcing_Based/1_ERF_FaIR/FaIR_all_method.py:71: RuntimeWarning: Mean of empty slice
  return np.nanmean(samp_cur[year_idx-1850, :], axis = 1)
/users/jnickla1/.conda/envs/cleanpy/lib/python3.13/site-packages/numpy/lib/_nanfunctions_impl.py:2019: RuntimeWarning: Degrees of freedom <= 0 for slice.
  var = nanvar(a, axis=axis, dtype=dtype, out=out, ddof=ddof,
/oscar/data/deeps/private/bfoxkemp/jnickla1/Thorne_15_codefigurestats/Methods/43_Forcing_Based/1_ERF_FaIR/FaIR_all_unB_method.py:95: RuntimeWarning: Mean of empty slice
  return np.nanmean(samp_cur[year_idx-1850, :], axis = 1)
/oscar/data/deeps/private/bfoxkemp/jnickla1/Thorne_15_codefigurestats/Methods/43_Forcing_Based/1_ERF_FaIR/FaIR_nonat_unB_method.py:97: RuntimeWarning: Mean of empty slice
  return np.nanmean(samp_cur[year_idx-1850, :], axis = 1)
/oscar/data/deeps/private/bfoxkemp/jnickla1/Thorne_15_codefigurestats/Methods/43_Forcing_Based/1_ERF_FaIR/FaIR_all_method.py:71: RuntimeWarning: Mean of empty slice
  return np.nanmean(samp_cur[year_idx-1850, :], axis = 1)
/oscar/data/deeps/private/bfoxkemp/jnickla1/Thorne_15_codefigurestats/Methods/43_Forcing_Based/1_ERF_FaIR/FaIR_anthro_method.py:71: RuntimeWarning: Mean of empty slice
  return np.nanmean(samp_cur[year_idx-1850, :], axis = 1)
/oscar/data/deeps/private/bfoxkemp/jnickla1/Thorne_15_codefigurestats/Methods/43_Forcing_Based/1_ERF_FaIR/FaIR_all_unB_method.py:95: RuntimeWarning: Mean of empty slice
  return np.nanmean(samp_cur[year_idx-1850, :], axis = 1)
/oscar/data/deeps/private/bfoxkemp/jnickla1/Thorne_15_codefigurestats/Methods/43_Forcing_Based/1_ERF_FaIR/FaIR_comb_unB_method.py:155: RuntimeWarning: Mean of empty slice
  return np.nanmean(samp_cur[year_idx-1850, :], axis = 1)
/oscar/data/deeps/private/bfoxkemp/jnickla1/Thorne_15_codefigurestats/Methods/43_Forcing_Based/1_ERF_FaIR/FaIR_anthro_unB_method.py:94: RuntimeWarning: Mean of empty slice
  return np.nanmean(samp_cur[year_idx-1850, :], axis = 1)
/oscar/data/deeps/private/bfoxkemp/jnickla1/Thorne_15_codefigurestats/Methods/43_Forcing_Based/1_ERF_FaIR/FaIR_comb_unB_method.py:155: RuntimeWarning: Mean of empty slice
  return np.nanmean(samp_cur[year_idx-1850, :], axis = 1)
/oscar/data/deeps/private/bfoxkemp/jnickla1/Thorne_15_codefigurestats/Methods/43_Forcing_Based/1_ERF_FaIR/FaIR_nonat_method.py:70: RuntimeWarning: Mean of empty slice
  return np.nanmean(samp_cur[year_idx-1850, :], axis = 1)
/oscar/data/deeps/private/bfoxkemp/jnickla1/Thorne_15_codefigurestats/Methods/43_Forcing_Based/1_ERF_FaIR/FaIR_anthro_method.py:71: RuntimeWarning: Mean of empty slice
  return np.nanmean(samp_cur[year_idx-1850, :], axis = 1)
/users/jnickla1/.conda/envs/cleanpy/lib/python3.13/site-packages/numpy/lib/_nanfunctions_impl.py:2019: RuntimeWarning: Degrees of freedom <= 0 for slice.
  var = nanvar(a, axis=axis, dtype=dtype, out=out, ddof=ddof,
/oscar/data/deeps/private/bfoxkemp/jnickla1/Thorne_15_codefigurestats/Methods/43_Forcing_Based/1_ERF_FaIR/FaIR_anthro_method.py:99: RuntimeWarning: Mean of empty slice
  cdist = np.nanmean(dist)
/oscar/data/deeps/private/bfoxkemp/jnickla1/Thorne_15_codefigurestats/Methods/43_Forcing_Based/1_ERF_FaIR/FaIR_nonat_unB_method.py:97: RuntimeWarning: Mean of empty slice
  return np.nanmean(samp_cur[year_idx-1850, :], axis = 1)
/oscar/data/deeps/private/bfoxkemp/jnickla1/Thorne_15_codefigurestats/Methods/43_Forcing_Based/1_ERF_FaIR/FaIR_anthro_method.py:71: RuntimeWarning: Mean of empty slice
  return np.nanmean(samp_cur[year_idx-1850, :], axis = 1)
/oscar/data/deeps/private/bfoxkemp/jnickla1/Thorne_15_codefigurestats/Methods/43_Forcing_Based/1_ERF_FaIR/FaIR_anthro_unB_method.py:94: RuntimeWarning: Mean of empty slice
  return np.nanmean(samp_cur[year_idx-1850, :], axis = 1)
/oscar/data/deeps/private/bfoxkemp/jnickla1/Thorne_15_codefigurestats/Methods/43_Forcing_Based/1_ERF_FaIR/FaIR_nonat_method.py:70: RuntimeWarning: Mean of empty slice
  return np.nanmean(samp_cur[year_idx-1850, :], axis = 1)
/oscar/data/deeps/private/bfoxkemp/jnickla1/Thorne_15_codefigurestats/Methods/43_Forcing_Based/1_ERF_FaIR/FaIR_nonat_unB_method.py:97: RuntimeWarning: Mean of empty slice
  return np.nanmean(samp_cur[year_idx-1850, :], axis = 1)
/oscar/data/deeps/private/bfoxkemp/jnickla1/Thorne_15_codefigurestats/Methods/43_Forcing_Based/1_ERF_FaIR/FaIR_all_method.py:71: RuntimeWarning: Mean of empty slice
  return np.nanmean(samp_cur[year_idx-1850, :], axis = 1)
/oscar/data/deeps/private/bfoxkemp/jnickla1/Thorne_15_codefigurestats/Methods/43_Forcing_Based/1_ERF_FaIR/FaIR_all_unB_method.py:95: RuntimeWarning: Mean of empty slice
  return np.nanmean(samp_cur[year_idx-1850, :], axis = 1)
/oscar/data/deeps/private/bfoxkemp/jnickla1/Thorne_15_codefigurestats/Methods/43_Forcing_Based/1_ERF_FaIR/FaIR_comb_unB_method.py:155: RuntimeWarning: Mean of empty slice
  return np.nanmean(samp_cur[year_idx-1850, :], axis = 1)
/oscar/data/deeps/private/bfoxkemp/jnickla1/Thorne_15_codefigurestats/Methods/43_Forcing_Based/1_ERF_FaIR/FaIR_anthro_method.py:71: RuntimeWarning: Mean of empty slice
  return np.nanmean(samp_cur[year_idx-1850, :], axis = 1)
/users/jnickla1/.conda/envs/cleanpy/lib/python3.13/site-packages/numpy/lib/_nanfunctions_impl.py:2019: RuntimeWarning: Degrees of freedom <= 0 for slice.
  var = nanvar(a, axis=axis, dtype=dtype, out=out, ddof=ddof,
/oscar/data/deeps/private/bfoxkemp/jnickla1/Thorne_15_codefigurestats/Methods/43_Forcing_Based/1_ERF_FaIR/FaIR_anthro_method.py:99: RuntimeWarning: Mean of empty slice
  cdist = np.nanmean(dist)
/oscar/data/deeps/private/bfoxkemp/jnickla1/Thorne_15_codefigurestats/Methods/43_Forcing_Based/1_ERF_FaIR/FaIR_anthro_method.py:71: RuntimeWarning: Mean of empty slice
  return np.nanmean(samp_cur[year_idx-1850, :], axis = 1)
/users/jnickla1/.conda/envs/cleanpy/lib/python3.13/site-packages/numpy/lib/_nanfunctions_impl.py:2019: RuntimeWarning: Degrees of freedom <= 0 for slice.
  var = nanvar(a, axis=axis, dtype=dtype, out=out, ddof=ddof,
/oscar/data/deeps/private/bfoxkemp/jnickla1/Thorne_15_codefigurestats/Methods/43_Forcing_Based/1_ERF_FaIR/FaIR_anthro_method.py:99: RuntimeWarning: Mean of empty slice
  cdist = np.nanmean(dist)
/oscar/data/deeps/private/bfoxkemp/jnickla1/Thorne_15_codefigurestats/fut_evaluation_script.py:427: RuntimeWarning: Mean of empty slice
  evalmean = np.nanmean(diffcross) #if crossing multiple times take the mean
/oscar/data/deeps/private/bfoxkemp/jnickla1/Thorne_15_codefigurestats/fut_evaluation_script.py:464: RuntimeWarning: Mean of empty slice
  evalmean = np.nanmean(diffcrossE) #if crossing multiple times take the mean
/oscar/data/deeps/private/bfoxkemp/jnickla1/Thorne_15_codefigurestats/Methods/43_Forcing_Based/1_ERF_FaIR/FaIR_nonat_method.py:70: RuntimeWarning: Mean of empty slice
  return np.nanmean(samp_cur[year_idx-1850, :], axis = 1)
/users/jnickla1/.conda/envs/cleanpy/lib/python3.13/site-packages/numpy/lib/_nanfunctions_impl.py:2019: RuntimeWarning: Degrees of freedom <= 0 for slice.
  var = nanvar(a, axis=axis, dtype=dtype, out=out, ddof=ddof,
/oscar/data/deeps/private/bfoxkemp/jnickla1/Thorne_15_codefigurestats/Methods/43_Forcing_Based/1_ERF_FaIR/FaIR_nonat_method.py:98: RuntimeWarning: Mean of empty slice
  cdist = np.nanmean(dist)
/oscar/data/deeps/private/bfoxkemp/jnickla1/Thorne_15_codefigurestats/Methods/43_Forcing_Based/1_ERF_FaIR/FaIR_nonat_method.py:70: RuntimeWarning: Mean of empty slice
  return np.nanmean(samp_cur[year_idx-1850, :], axis = 1)
/users/jnickla1/.conda/envs/cleanpy/lib/python3.13/site-packages/numpy/lib/_nanfunctions_impl.py:2019: RuntimeWarning: Degrees of freedom <= 0 for slice.
  var = nanvar(a, axis=axis, dtype=dtype, out=out, ddof=ddof,
/oscar/data/deeps/private/bfoxkemp/jnickla1/Thorne_15_codefigurestats/Methods/43_Forcing_Based/1_ERF_FaIR/FaIR_nonat_method.py:98: RuntimeWarning: Mean of empty slice
  cdist = np.nanmean(dist)
/oscar/data/deeps/private/bfoxkemp/jnickla1/Thorne_15_codefigurestats/Methods/43_Forcing_Based/1_ERF_FaIR/FaIR_anthro_unB_method.py:94: RuntimeWarning: Mean of empty slice
  return np.nanmean(samp_cur[year_idx-1850, :], axis = 1)
/users/jnickla1/.conda/envs/cleanpy/lib/python3.13/site-packages/numpy/lib/_nanfunctions_impl.py:2019: RuntimeWarning: Degrees of freedom <= 0 for slice.
  var = nanvar(a, axis=axis, dtype=dtype, out=out, ddof=ddof,
/oscar/data/deeps/private/bfoxkemp/jnickla1/Thorne_15_codefigurestats/Methods/43_Forcing_Based/1_ERF_FaIR/FaIR_anthro_unB_method.py:122: RuntimeWarning: Mean of empty slice
  cdist = np.nanmean(dist)
/oscar/data/deeps/private/bfoxkemp/jnickla1/Thorne_15_codefigurestats/fut_evaluation_script.py:427: RuntimeWarning: Mean of empty slice
  evalmean = np.nanmean(diffcross) #if crossing multiple times take the mean
/oscar/data/deeps/private/bfoxkemp/jnickla1/Thorne_15_codefigurestats/Methods/43_Forcing_Based/1_ERF_FaIR/FaIR_anthro_unB_method.py:94: RuntimeWarning: Mean of empty slice
  return np.nanmean(samp_cur[year_idx-1850, :], axis = 1)
/users/jnickla1/.conda/envs/cleanpy/lib/python3.13/site-packages/numpy/lib/_nanfunctions_impl.py:2019: RuntimeWarning: Degrees of freedom <= 0 for slice.
  var = nanvar(a, axis=axis, dtype=dtype, out=out, ddof=ddof,
/oscar/data/deeps/private/bfoxkemp/jnickla1/Thorne_15_codefigurestats/Methods/43_Forcing_Based/1_ERF_FaIR/FaIR_anthro_unB_method.py:122: RuntimeWarning: Mean of empty slice
  cdist = np.nanmean(dist)
/oscar/data/deeps/private/bfoxkemp/jnickla1/Thorne_15_codefigurestats/fut_evaluation_script.py:464: RuntimeWarning: Mean of empty slice
  evalmean = np.nanmean(diffcrossE) #if crossing multiple times take the mean
/oscar/data/deeps/private/bfoxkemp/jnickla1/Thorne_15_codefigurestats/fut_evaluation_script.py:427: RuntimeWarning: Mean of empty slice
  evalmean = np.nanmean(diffcross) #if crossing multiple times take the mean
/oscar/data/deeps/private/bfoxkemp/jnickla1/Thorne_15_codefigurestats/fut_evaluation_script.py:464: RuntimeWarning: Mean of empty slice
  evalmean = np.nanmean(diffcrossE) #if crossing multiple times take the mean
/oscar/data/deeps/private/bfoxkemp/jnickla1/Thorne_15_codefigurestats/Methods/43_Forcing_Based/1_ERF_FaIR/FaIR_nonat_unB_method.py:97: RuntimeWarning: Mean of empty slice
  return np.nanmean(samp_cur[year_idx-1850, :], axis = 1)
/users/jnickla1/.conda/envs/cleanpy/lib/python3.13/site-packages/numpy/lib/_nanfunctions_impl.py:2019: RuntimeWarning: Degrees of freedom <= 0 for slice.
  var = nanvar(a, axis=axis, dtype=dtype, out=out, ddof=ddof,
/oscar/data/deeps/private/bfoxkemp/jnickla1/Thorne_15_codefigurestats/Methods/43_Forcing_Based/1_ERF_FaIR/FaIR_nonat_unB_method.py:125: RuntimeWarning: Mean of empty slice
  cdist = np.nanmean(dist)
/oscar/data/deeps/private/bfoxkemp/jnickla1/Thorne_15_codefigurestats/Methods/43_Forcing_Based/1_ERF_FaIR/FaIR_anthro_unB_method.py:94: RuntimeWarning: Mean of empty slice
  return np.nanmean(samp_cur[year_idx-1850, :], axis = 1)
/oscar/data/deeps/private/bfoxkemp/jnickla1/Thorne_15_codefigurestats/Methods/43_Forcing_Based/1_ERF_FaIR/FaIR_nonat_unB_method.py:97: RuntimeWarning: Mean of empty slice
  return np.nanmean(samp_cur[year_idx-1850, :], axis = 1)
/users/jnickla1/.conda/envs/cleanpy/lib/python3.13/site-packages/numpy/lib/_nanfunctions_impl.py:2019: RuntimeWarning: Degrees of freedom <= 0 for slice.
  var = nanvar(a, axis=axis, dtype=dtype, out=out, ddof=ddof,
/oscar/data/deeps/private/bfoxkemp/jnickla1/Thorne_15_codefigurestats/Methods/43_Forcing_Based/1_ERF_FaIR/FaIR_nonat_unB_method.py:125: RuntimeWarning: Mean of empty slice
  cdist = np.nanmean(dist)
/users/jnickla1/.conda/envs/cleanpy/lib/python3.13/site-packages/numpy/lib/_nanfunctions_impl.py:2019: RuntimeWarning: Degrees of freedom <= 0 for slice.
  var = nanvar(a, axis=axis, dtype=dtype, out=out, ddof=ddof,
/oscar/data/deeps/private/bfoxkemp/jnickla1/Thorne_15_codefigurestats/Methods/43_Forcing_Based/1_ERF_FaIR/FaIR_anthro_unB_method.py:122: RuntimeWarning: Mean of empty slice
  cdist = np.nanmean(dist)
/oscar/data/deeps/private/bfoxkemp/jnickla1/Thorne_15_codefigurestats/Methods/43_Forcing_Based/1_ERF_FaIR/FaIR_nonat_method.py:70: RuntimeWarning: Mean of empty slice
  return np.nanmean(samp_cur[year_idx-1850, :], axis = 1)
/users/jnickla1/.conda/envs/cleanpy/lib/python3.13/site-packages/numpy/lib/_nanfunctions_impl.py:2019: RuntimeWarning: Degrees of freedom <= 0 for slice.
  var = nanvar(a, axis=axis, dtype=dtype, out=out, ddof=ddof,
/oscar/data/deeps/private/bfoxkemp/jnickla1/Thorne_15_codefigurestats/Methods/43_Forcing_Based/1_ERF_FaIR/FaIR_nonat_method.py:98: RuntimeWarning: Mean of empty slice
  cdist = np.nanmean(dist)
/oscar/data/deeps/private/bfoxkemp/jnickla1/Thorne_15_codefigurestats/Methods/43_Forcing_Based/1_ERF_FaIR/FaIR_nonat_method.py:70: RuntimeWarning: Mean of empty slice
  return np.nanmean(samp_cur[year_idx-1850, :], axis = 1)
/users/jnickla1/.conda/envs/cleanpy/lib/python3.13/site-packages/numpy/lib/_nanfunctions_impl.py:2019: RuntimeWarning: Degrees of freedom <= 0 for slice.
  var = nanvar(a, axis=axis, dtype=dtype, out=out, ddof=ddof,
/oscar/data/deeps/private/bfoxkemp/jnickla1/Thorne_15_codefigurestats/Methods/43_Forcing_Based/1_ERF_FaIR/FaIR_nonat_method.py:98: RuntimeWarning: Mean of empty slice
  cdist = np.nanmean(dist)
/oscar/data/deeps/private/bfoxkemp/jnickla1/Thorne_15_codefigurestats/Methods/43_Forcing_Based/1_ERF_FaIR/FaIR_all_method.py:71: RuntimeWarning: Mean of empty slice
  return np.nanmean(samp_cur[year_idx-1850, :], axis = 1)
/users/jnickla1/.conda/envs/cleanpy/lib/python3.13/site-packages/numpy/lib/_nanfunctions_impl.py:2019: RuntimeWarning: Degrees of freedom <= 0 for slice.
  var = nanvar(a, axis=axis, dtype=dtype, out=out, ddof=ddof,
/oscar/data/deeps/private/bfoxkemp/jnickla1/Thorne_15_codefigurestats/Methods/43_Forcing_Based/1_ERF_FaIR/FaIR_all_method.py:99: RuntimeWarning: Mean of empty slice
  cdist = np.nanmean(dist)
/oscar/data/deeps/private/bfoxkemp/jnickla1/Thorne_15_codefigurestats/Methods/43_Forcing_Based/1_ERF_FaIR/FaIR_nonat_unB_method.py:97: RuntimeWarning: Mean of empty slice
  return np.nanmean(samp_cur[year_idx-1850, :], axis = 1)
/users/jnickla1/.conda/envs/cleanpy/lib/python3.13/site-packages/numpy/lib/_nanfunctions_impl.py:2019: RuntimeWarning: Degrees of freedom <= 0 for slice.
  var = nanvar(a, axis=axis, dtype=dtype, out=out, ddof=ddof,
/oscar/data/deeps/private/bfoxkemp/jnickla1/Thorne_15_codefigurestats/Methods/43_Forcing_Based/1_ERF_FaIR/FaIR_nonat_unB_method.py:125: RuntimeWarning: Mean of empty slice
  cdist = np.nanmean(dist)
/oscar/data/deeps/private/bfoxkemp/jnickla1/Thorne_15_codefigurestats/Methods/43_Forcing_Based/1_ERF_FaIR/FaIR_all_method.py:71: RuntimeWarning: Mean of empty slice
  return np.nanmean(samp_cur[year_idx-1850, :], axis = 1)
/users/jnickla1/.conda/envs/cleanpy/lib/python3.13/site-packages/numpy/lib/_nanfunctions_impl.py:2019: RuntimeWarning: Degrees of freedom <= 0 for slice.
  var = nanvar(a, axis=axis, dtype=dtype, out=out, ddof=ddof,
/oscar/data/deeps/private/bfoxkemp/jnickla1/Thorne_15_codefigurestats/Methods/43_Forcing_Based/1_ERF_FaIR/FaIR_all_method.py:99: RuntimeWarning: Mean of empty slice
  cdist = np.nanmean(dist)
/oscar/data/deeps/private/bfoxkemp/jnickla1/Thorne_15_codefigurestats/fut_evaluation_script.py:427: RuntimeWarning: Mean of empty slice
  evalmean = np.nanmean(diffcross) #if crossing multiple times take the mean
/oscar/data/deeps/private/bfoxkemp/jnickla1/Thorne_15_codefigurestats/fut_evaluation_script.py:427: RuntimeWarning: Mean of empty slice
  evalmean = np.nanmean(diffcross) #if crossing multiple times take the mean
/oscar/data/deeps/private/bfoxkemp/jnickla1/Thorne_15_codefigurestats/Methods/43_Forcing_Based/1_ERF_FaIR/FaIR_nonat_unB_method.py:97: RuntimeWarning: Mean of empty slice
  return np.nanmean(samp_cur[year_idx-1850, :], axis = 1)
/users/jnickla1/.conda/envs/cleanpy/lib/python3.13/site-packages/numpy/lib/_nanfunctions_impl.py:2019: RuntimeWarning: Degrees of freedom <= 0 for slice.
  var = nanvar(a, axis=axis, dtype=dtype, out=out, ddof=ddof,
/oscar/data/deeps/private/bfoxkemp/jnickla1/Thorne_15_codefigurestats/Methods/43_Forcing_Based/1_ERF_FaIR/FaIR_nonat_unB_method.py:125: RuntimeWarning: Mean of empty slice
  cdist = np.nanmean(dist)
/oscar/data/deeps/private/bfoxkemp/jnickla1/Thorne_15_codefigurestats/fut_evaluation_script.py:464: RuntimeWarning: Mean of empty slice
  evalmean = np.nanmean(diffcrossE) #if crossing multiple times take the mean
/oscar/data/deeps/private/bfoxkemp/jnickla1/Thorne_15_codefigurestats/Methods/43_Forcing_Based/1_ERF_FaIR/FaIR_nonat_method.py:70: RuntimeWarning: Mean of empty slice
  return np.nanmean(samp_cur[year_idx-1850, :], axis = 1)
/users/jnickla1/.conda/envs/cleanpy/lib/python3.13/site-packages/numpy/lib/_nanfunctions_impl.py:2019: RuntimeWarning: Degrees of freedom <= 0 for slice.
  var = nanvar(a, axis=axis, dtype=dtype, out=out, ddof=ddof,
/oscar/data/deeps/private/bfoxkemp/jnickla1/Thorne_15_codefigurestats/Methods/43_Forcing_Based/1_ERF_FaIR/FaIR_nonat_method.py:98: RuntimeWarning: Mean of empty slice
  cdist = np.nanmean(dist)
/oscar/data/deeps/private/bfoxkemp/jnickla1/Thorne_15_codefigurestats/fut_evaluation_script.py:464: RuntimeWarning: Mean of empty slice
  evalmean = np.nanmean(diffcrossE) #if crossing multiple times take the mean
/oscar/data/deeps/private/bfoxkemp/jnickla1/Thorne_15_codefigurestats/fut_evaluation_script.py:427: RuntimeWarning: Mean of empty slice
  evalmean = np.nanmean(diffcross) #if crossing multiple times take the mean
/oscar/data/deeps/private/bfoxkemp/jnickla1/Thorne_15_codefigurestats/Methods/43_Forcing_Based/1_ERF_FaIR/FaIR_all_method.py:71: RuntimeWarning: Mean of empty slice
  return np.nanmean(samp_cur[year_idx-1850, :], axis = 1)
/users/jnickla1/.conda/envs/cleanpy/lib/python3.13/site-packages/numpy/lib/_nanfunctions_impl.py:2019: RuntimeWarning: Degrees of freedom <= 0 for slice.
  var = nanvar(a, axis=axis, dtype=dtype, out=out, ddof=ddof,
/oscar/data/deeps/private/bfoxkemp/jnickla1/Thorne_15_codefigurestats/Methods/43_Forcing_Based/1_ERF_FaIR/FaIR_all_method.py:99: RuntimeWarning: Mean of empty slice
  cdist = np.nanmean(dist)
/oscar/data/deeps/private/bfoxkemp/jnickla1/Thorne_15_codefigurestats/fut_evaluation_script.py:464: RuntimeWarning: Mean of empty slice
  evalmean = np.nanmean(diffcrossE) #if crossing multiple times take the mean
/oscar/data/deeps/private/bfoxkemp/jnickla1/Thorne_15_codefigurestats/Methods/43_Forcing_Based/1_ERF_FaIR/FaIR_all_unB_method.py:95: RuntimeWarning: Mean of empty slice
  return np.nanmean(samp_cur[year_idx-1850, :], axis = 1)
/users/jnickla1/.conda/envs/cleanpy/lib/python3.13/site-packages/numpy/lib/_nanfunctions_impl.py:2019: RuntimeWarning: Degrees of freedom <= 0 for slice.
  var = nanvar(a, axis=axis, dtype=dtype, out=out, ddof=ddof,
/oscar/data/deeps/private/bfoxkemp/jnickla1/Thorne_15_codefigurestats/Methods/43_Forcing_Based/1_ERF_FaIR/FaIR_all_unB_method.py:123: RuntimeWarning: Mean of empty slice
  cdist = np.nanmean(dist)
/oscar/data/deeps/private/bfoxkemp/jnickla1/Thorne_15_codefigurestats/Methods/43_Forcing_Based/1_ERF_FaIR/FaIR_all_method.py:71: RuntimeWarning: Mean of empty slice
  return np.nanmean(samp_cur[year_idx-1850, :], axis = 1)
/users/jnickla1/.conda/envs/cleanpy/lib/python3.13/site-packages/numpy/lib/_nanfunctions_impl.py:2019: RuntimeWarning: Degrees of freedom <= 0 for slice.
  var = nanvar(a, axis=axis, dtype=dtype, out=out, ddof=ddof,
/oscar/data/deeps/private/bfoxkemp/jnickla1/Thorne_15_codefigurestats/Methods/43_Forcing_Based/1_ERF_FaIR/FaIR_all_method.py:99: RuntimeWarning: Mean of empty slice
  cdist = np.nanmean(dist)
/oscar/data/deeps/private/bfoxkemp/jnickla1/Thorne_15_codefigurestats/Methods/43_Forcing_Based/1_ERF_FaIR/FaIR_all_unB_method.py:95: RuntimeWarning: Mean of empty slice
  return np.nanmean(samp_cur[year_idx-1850, :], axis = 1)
/users/jnickla1/.conda/envs/cleanpy/lib/python3.13/site-packages/numpy/lib/_nanfunctions_impl.py:2019: RuntimeWarning: Degrees of freedom <= 0 for slice.
  var = nanvar(a, axis=axis, dtype=dtype, out=out, ddof=ddof,
/oscar/data/deeps/private/bfoxkemp/jnickla1/Thorne_15_codefigurestats/Methods/43_Forcing_Based/1_ERF_FaIR/FaIR_all_unB_method.py:123: RuntimeWarning: Mean of empty slice
  cdist = np.nanmean(dist)
/oscar/data/deeps/private/bfoxkemp/jnickla1/Thorne_15_codefigurestats/Methods/43_Forcing_Based/1_ERF_FaIR/FaIR_all_unB_method.py:95: RuntimeWarning: Mean of empty slice
  return np.nanmean(samp_cur[year_idx-1850, :], axis = 1)
/users/jnickla1/.conda/envs/cleanpy/lib/python3.13/site-packages/numpy/lib/_nanfunctions_impl.py:2019: RuntimeWarning: Degrees of freedom <= 0 for slice.
  var = nanvar(a, axis=axis, dtype=dtype, out=out, ddof=ddof,
/oscar/data/deeps/private/bfoxkemp/jnickla1/Thorne_15_codefigurestats/Methods/43_Forcing_Based/1_ERF_FaIR/FaIR_all_unB_method.py:123: RuntimeWarning: Mean of empty slice
  cdist = np.nanmean(dist)
/oscar/data/deeps/private/bfoxkemp/jnickla1/Thorne_15_codefigurestats/Methods/43_Forcing_Based/1_ERF_FaIR/FaIR_nonat_unB_method.py:97: RuntimeWarning: Mean of empty slice
  return np.nanmean(samp_cur[year_idx-1850, :], axis = 1)
/users/jnickla1/.conda/envs/cleanpy/lib/python3.13/site-packages/numpy/lib/_nanfunctions_impl.py:2019: RuntimeWarning: Degrees of freedom <= 0 for slice.
  var = nanvar(a, axis=axis, dtype=dtype, out=out, ddof=ddof,
/oscar/data/deeps/private/bfoxkemp/jnickla1/Thorne_15_codefigurestats/Methods/43_Forcing_Based/1_ERF_FaIR/FaIR_nonat_unB_method.py:125: RuntimeWarning: Mean of empty slice
  cdist = np.nanmean(dist)
/oscar/data/deeps/private/bfoxkemp/jnickla1/Thorne_15_codefigurestats/Methods/43_Forcing_Based/1_ERF_FaIR/FaIR_comb_unB_method.py:155: RuntimeWarning: Mean of empty slice
  return np.nanmean(samp_cur[year_idx-1850, :], axis = 1)
/users/jnickla1/.conda/envs/cleanpy/lib/python3.13/site-packages/numpy/lib/_nanfunctions_impl.py:2019: RuntimeWarning: Degrees of freedom <= 0 for slice.
  var = nanvar(a, axis=axis, dtype=dtype, out=out, ddof=ddof,
/oscar/data/deeps/private/bfoxkemp/jnickla1/Thorne_15_codefigurestats/Methods/43_Forcing_Based/1_ERF_FaIR/FaIR_comb_unB_method.py:183: RuntimeWarning: Mean of empty slice
  cdist = np.nanmean(dist)
/oscar/data/deeps/private/bfoxkemp/jnickla1/Thorne_15_codefigurestats/fut_evaluation_script.py:427: RuntimeWarning: Mean of empty slice
  evalmean = np.nanmean(diffcross) #if crossing multiple times take the mean
/oscar/data/deeps/private/bfoxkemp/jnickla1/Thorne_15_codefigurestats/fut_evaluation_script.py:464: RuntimeWarning: Mean of empty slice
  evalmean = np.nanmean(diffcrossE) #if crossing multiple times take the mean
/oscar/data/deeps/private/bfoxkemp/jnickla1/Thorne_15_codefigurestats/Methods/43_Forcing_Based/1_ERF_FaIR/FaIR_comb_unB_method.py:155: RuntimeWarning: Mean of empty slice
  return np.nanmean(samp_cur[year_idx-1850, :], axis = 1)
/users/jnickla1/.conda/envs/cleanpy/lib/python3.13/site-packages/numpy/lib/_nanfunctions_impl.py:2019: RuntimeWarning: Degrees of freedom <= 0 for slice.
  var = nanvar(a, axis=axis, dtype=dtype, out=out, ddof=ddof,
/oscar/data/deeps/private/bfoxkemp/jnickla1/Thorne_15_codefigurestats/Methods/43_Forcing_Based/1_ERF_FaIR/FaIR_comb_unB_method.py:183: RuntimeWarning: Mean of empty slice
  cdist = np.nanmean(dist)
/oscar/data/deeps/private/bfoxkemp/jnickla1/Thorne_15_codefigurestats/Methods/43_Forcing_Based/1_ERF_FaIR/FaIR_all_unB_method.py:95: RuntimeWarning: Mean of empty slice
  return np.nanmean(samp_cur[year_idx-1850, :], axis = 1)
/users/jnickla1/.conda/envs/cleanpy/lib/python3.13/site-packages/numpy/lib/_nanfunctions_impl.py:2019: RuntimeWarning: Degrees of freedom <= 0 for slice.
  var = nanvar(a, axis=axis, dtype=dtype, out=out, ddof=ddof,
/oscar/data/deeps/private/bfoxkemp/jnickla1/Thorne_15_codefigurestats/Methods/43_Forcing_Based/1_ERF_FaIR/FaIR_all_unB_method.py:123: RuntimeWarning: Mean of empty slice
  cdist = np.nanmean(dist)
/oscar/data/deeps/private/bfoxkemp/jnickla1/Thorne_15_codefigurestats/Methods/43_Forcing_Based/1_ERF_FaIR/FaIR_comb_unB_method.py:155: RuntimeWarning: Mean of empty slice
  return np.nanmean(samp_cur[year_idx-1850, :], axis = 1)
/users/jnickla1/.conda/envs/cleanpy/lib/python3.13/site-packages/numpy/lib/_nanfunctions_impl.py:2019: RuntimeWarning: Degrees of freedom <= 0 for slice.
  var = nanvar(a, axis=axis, dtype=dtype, out=out, ddof=ddof,
/oscar/data/deeps/private/bfoxkemp/jnickla1/Thorne_15_codefigurestats/Methods/43_Forcing_Based/1_ERF_FaIR/FaIR_comb_unB_method.py:183: RuntimeWarning: Mean of empty slice
  cdist = np.nanmean(dist)
/oscar/data/deeps/private/bfoxkemp/jnickla1/Thorne_15_codefigurestats/fut_evaluation_script.py:427: RuntimeWarning: Mean of empty slice
  evalmean = np.nanmean(diffcross) #if crossing multiple times take the mean
starting computation for fut_NorESM_RCP45_Volc
max_runs28
Model number:
27




Methods/42_Temp_Alone/1_Run_Means/cent10y_method.py
Methods/42_Temp_Alone/1_Run_Means/cent20y_method.py
Methods/42_Temp_Alone/1_Run_Means/cent21y_method.py
Methods/42_Temp_Alone/1_Run_Means/cent30y_method.py
Methods/42_Temp_Alone/1_Run_Means/lag10y_method.py
Methods/42_Temp_Alone/1_Run_Means/lag5y_method.py
Methods/42_Temp_Alone/1_Run_Means/offset11y_method.py
Methods/42_Temp_Alone/1_Run_Means/raw1y_method.py
Methods/43_Forcing_Based/1_ERF_FaIR/FaIR_all_method.py
Methods/43_Forcing_Based/1_ERF_FaIR/FaIR_all_unB_method.py
Methods/43_Forcing_Based/1_ERF_FaIR/FaIR_anthro_method.py
Methods/43_Forcing_Based/1_ERF_FaIR/FaIR_anthro_unB_method.py
Methods/43_Forcing_Based/1_ERF_FaIR/FaIR_comb_unB_method.py
Methods/43_Forcing_Based/1_ERF_FaIR/FaIR_nonat_method.py
Methods/43_Forcing_Based/1_ERF_FaIR/FaIR_nonat_unB_method.py
evaluating 13 of 0.1C thresholds, starting at 1.1C
11
FaIR_anthro sampled, d llike: -0.24305744826896514
FaIR_anthro sampled, d llike: -40.01245794379371
FaIR_anthro_unB sampled, d llike: -0.02611212651008843
FaIR_anthro_unB sampled, d llike: -5.783315456955957
FaIR_nonat sampled, d llike: 0.02587893175301409
FaIR_nonat sampled, d llike: 0.12922931172397334
FaIR_nonat_unB sampled, d llike: -0.028124474288339196
FaIR_nonat_unB sampled, d llike: 0.0049867127620080165
FaIR_all sampled, d llike: -31124.962661980084
FaIR_all sampled, d llike: 0.08460613055261335
FaIR_all_unB sampled, d llike: -1.3995015142232319
FaIR_all_unB sampled, d llike: -0.025659757297432306
FaIR_comb_unB sampled, d llike: 0.006374995197559352
FaIR_comb_unB sampled, d llike: -0.5861296693946726
        method_name    method_class c/r  smooth_r  avg_unc.(1se)  #q<0.5  #q<0.1    log-likeli       RMS      bias        tlog-l      100log-l    100RMS     75RMS   100bias       l15       l20    bias50   Edyrs15    Edyrs20    Mdyrs15    Mdyrs20    Fdyrs15    Fdyrs20     EdyrsA    RMSyrsA  ncEdyrs     e100log-l   e100RMS    e75RMS  e100bias      el15       el20   ebias50   eEdyrs15   eEdyrs20   eMdyrs15   eMdyrs20  eFdyrs15   eFdyrs20    eEdyrsA   eRMSyrsA  nceEdyrs
21    FaIR_comb_unB   43/1_ERF_FaIR   c     5.252       0.076687       0       0      1.114052  0.081196  0.001078  1.737922e+02  9.104750e+01  0.086275  0.066856  0.036924  1.200320  5.007545  0.005414 -5.750000  -1.083333  -5.750000  -4.583333  -5.750000  -4.583333  -1.554487   3.321674     20.0  2.042486e+01  0.117685  0.101489 -0.076993  4.040479   3.642180 -0.104093   0.333333   7.583333   0.333333  11.500000  0.333333   4.083333   4.990385   4.990385      20.0
13       FaIR_nonat   43/1_ERF_FaIR   c     2.976       0.111176      89       0      0.291758  0.154441 -0.100007  4.668133e+01  8.265783e+01  0.086568  0.069118 -0.019505  2.777114  3.007817 -0.066041 -1.166667   4.833333  -1.166667   4.833333  -1.166667   4.833333   4.041667   8.105615     14.0  4.337988e+01  0.139976  0.153903 -0.133422  1.863235   1.393844 -0.175548   4.916667  13.500000   4.916667  13.500000  4.916667  13.500000  10.137821  10.137821      14.0
9       FaIR_anthro   43/1_ERF_FaIR   c     2.256       0.094531      94      22     -0.894876  0.168979 -0.106295 -1.431801e+02  8.030405e+01  0.090300  0.068239 -0.012726  3.164652  3.851534 -0.063385 -1.250000   4.916667  -1.250000   4.916667  -1.250000   4.916667   3.621795   8.089147     12.0  4.286721e+01  0.134388  0.147972 -0.126643  1.885838   1.438099 -0.172892   4.833333  13.583333   4.833333  13.583333  4.833333  13.583333   9.717949   9.717949      12.0
11  FaIR_anthro_unB   43/1_ERF_FaIR   c     2.256       0.094531      70       0      0.408593  0.131360 -0.000245  6.537492e+01  4.398943e+01  0.129234  0.094256  0.093324  1.641280  3.249663  0.042665 -5.833333  -4.916667  -5.833333  -4.916667  -5.833333  -4.916667  -4.352564   5.682999     13.0  1.054898e+02  0.049454  0.056306 -0.020593  3.131456   3.002950 -0.066842   0.250000   3.750000   0.250000   3.750000  0.250000   3.750000   2.198718   2.198718      13.0
15   FaIR_nonat_unB   43/1_ERF_FaIR   c     2.980       0.089044      40       0      0.668244  0.115640  0.018557  1.069191e+02  3.917295e+01  0.126362  0.091860  0.094095  1.322360  3.731684  0.047559 -5.833333  -5.666667  -5.833333  -5.666667  -5.833333  -5.666667  -4.630342   5.803132     15.0  1.148172e+02  0.046741  0.052537 -0.019822  3.464779   3.181396 -0.061948   0.250000   3.000000   0.250000   3.000000  0.250000   3.000000   1.914530   1.914530      15.0
2             raw1y  42/1_Run_Means   c    31.249       0.159367       6       3      0.450682  0.150473  0.000190  1.036568e+02  1.272140e+00  0.210605  0.168807  0.005674  1.668618  1.557767  0.024869 -3.687500  -3.750000 -10.500000 -11.583333 -10.500000 -11.583333  -0.020833   3.989122     47.4 -4.498241e+01  0.261929  0.195989 -0.108243  2.178944   2.523238 -0.084637   2.395833   4.916667  14.083333  12.916667 -4.416667  -2.916667   5.092949   5.092949      45.4
1             lag5y  42/1_Run_Means   c     6.198       0.046058     131      49     -0.092119  0.109276 -0.018142 -2.118747e+01 -1.365413e+02  0.157483  0.112103 -0.030293  0.259139  0.000004 -0.019728  2.958333  -0.500000  10.000000  -7.833333  -4.083333  -7.833333   2.621795   4.702018     21.2 -3.750084e+02  0.236921  0.177551 -0.144210  4.864143   7.411585 -0.129234   9.041667   8.166667  16.083333  15.500000  2.000000   0.833333   9.166667   9.166667      21.2
0            lag10y  42/1_Run_Means   c     3.040       0.040677     137      62      0.011978  0.094857 -0.040182  2.754932e+00 -1.383564e+02  0.137090  0.119137 -0.074011  9.386537  2.386640 -0.075750  5.416667   7.916667  11.916667   7.916667  -1.083333   7.916667   3.689103   4.110600     15.2 -4.852287e+02  0.237083  0.219969 -0.187929  0.210546   0.701330 -0.185256  11.500000  16.583333  18.000000  16.583333  5.000000  16.583333  10.233974  10.233974      15.2
19     FaIR_all_unB   43/1_ERF_FaIR   c    11.334       0.089187      27       4     -1.182407  0.194828 -0.037257 -1.891852e+02 -2.624643e+02  0.249018  0.153934 -0.055823  1.118710  3.534818 -0.060845  0.583333   9.708333   7.083333  13.250000  -5.916667   6.166667   4.419872   6.061858     26.2 -7.860067e+02  0.319035  0.218485 -0.169740  3.703664   3.227903 -0.170352   6.666667  18.375000  13.166667  21.916667  0.166667  14.833333   9.506410   9.506410      24.2
8         offset11y  42/1_Run_Means   c     2.754       0.039922     198     131     -3.987762  0.108009  0.065423 -9.171853e+02 -4.683937e+02  0.116143  0.087926  0.027078  0.022772  0.128451  0.025725 -5.166667  -9.250000  -5.166667  -9.250000  -5.166667  -9.250000  -1.823718   3.694840     16.0 -5.284632e+01  0.162562  0.142852 -0.086839  7.576903  10.627192 -0.083781   0.916667  -0.583333   0.916667  -0.583333  0.916667  -0.583333   4.721154   4.721154      16.0
17         FaIR_all   43/1_ERF_FaIR   c    11.295       0.005576     160     160 -34057.771013  0.288543 -0.210111 -5.449243e+06 -4.359136e+06  0.341475  0.271116 -0.240231  0.089812  0.000000 -0.245253  5.166667  17.833333  10.166667  17.833333   0.166667  17.833333  14.867521  16.177183     20.2 -7.044492e+06  0.445413  0.370751 -0.354148  0.000000   0.000000 -0.354760  11.250000  25.000000  16.250000  15.000000  6.250000  15.000000  17.541667  17.541667      12.2
4.597080212
finished this run
/oscar/data/deeps/private/bfoxkemp/jnickla1/Thorne_15_codefigurestats/fut_evaluation_script.py:464: RuntimeWarning: Mean of empty slice
  evalmean = np.nanmean(diffcrossE) #if crossing multiple times take the mean
/oscar/data/deeps/private/bfoxkemp/jnickla1/Thorne_15_codefigurestats/Methods/43_Forcing_Based/1_ERF_FaIR/FaIR_all_method.py:71: RuntimeWarning: Mean of empty slice
  return np.nanmean(samp_cur[year_idx-1850, :], axis = 1)
/users/jnickla1/.conda/envs/cleanpy/lib/python3.13/site-packages/numpy/lib/_nanfunctions_impl.py:2019: RuntimeWarning: Degrees of freedom <= 0 for slice.
  var = nanvar(a, axis=axis, dtype=dtype, out=out, ddof=ddof,
/oscar/data/deeps/private/bfoxkemp/jnickla1/Thorne_15_codefigurestats/Methods/43_Forcing_Based/1_ERF_FaIR/FaIR_all_method.py:99: RuntimeWarning: Mean of empty slice
  cdist = np.nanmean(dist)
starting computation for fut_NorESM_RCP45_VolcConst
max_runs28
Model number:
27




Methods/42_Temp_Alone/1_Run_Means/cent10y_method.py
Methods/42_Temp_Alone/1_Run_Means/cent20y_method.py
Methods/42_Temp_Alone/1_Run_Means/cent21y_method.py
Methods/42_Temp_Alone/1_Run_Means/cent30y_method.py
Methods/42_Temp_Alone/1_Run_Means/lag10y_method.py
Methods/42_Temp_Alone/1_Run_Means/lag5y_method.py
Methods/42_Temp_Alone/1_Run_Means/offset11y_method.py
Methods/42_Temp_Alone/1_Run_Means/raw1y_method.py
Methods/43_Forcing_Based/1_ERF_FaIR/FaIR_all_method.py
Methods/43_Forcing_Based/1_ERF_FaIR/FaIR_all_unB_method.py
Methods/43_Forcing_Based/1_ERF_FaIR/FaIR_anthro_method.py
Methods/43_Forcing_Based/1_ERF_FaIR/FaIR_anthro_unB_method.py
Methods/43_Forcing_Based/1_ERF_FaIR/FaIR_comb_unB_method.py
Methods/43_Forcing_Based/1_ERF_FaIR/FaIR_nonat_method.py
Methods/43_Forcing_Based/1_ERF_FaIR/FaIR_nonat_unB_method.py
evaluating 13 of 0.1C thresholds, starting at 1.1C
11
FaIR_anthro sampled, d llike: 0.05509666564923954
FaIR_anthro sampled, d llike: -49.194394096561666
FaIR_anthro_unB sampled, d llike: 0.010643155907401947
FaIR_anthro_unB sampled, d llike: -6.113490095974955
FaIR_nonat sampled, d llike: 0.05084755500721208
FaIR_nonat sampled, d llike: 0.11332190228892097
FaIR_nonat_unB sampled, d llike: -0.006358842608337412
FaIR_nonat_unB sampled, d llike: -0.024136721727283872
FaIR_all sampled, d llike: -12419.286178364724
FaIR_all sampled, d llike: 0.09946620426820602
FaIR_all_unB sampled, d llike: -0.01505577436700345
FaIR_all_unB sampled, d llike: -0.03626970819481179
FaIR_comb_unB sampled, d llike: -0.016079257488381238
FaIR_comb_unB sampled, d llike: 0.023445814643594326
        method_name    method_class c/r  smooth_r  avg_unc.(1se)  #q<0.5  #q<0.1    log-likeli       RMS      bias        tlog-l      100log-l    100RMS     75RMS   100bias        l15        l20    bias50   Edyrs15    Edyrs20   Mdyrs15    Mdyrs20   Fdyrs15    Fdyrs20     EdyrsA    RMSyrsA  ncEdyrs      e100log-l   e100RMS    e75RMS  e100bias      el15       el20   ebias50  eEdyrs15   eEdyrs20  eMdyrs15   eMdyrs20  eFdyrs15   eFdyrs20    eEdyrsA   eRMSyrsA  nceEdyrs
8         offset11y  42/1_Run_Means   c     2.960       0.031337     169     111     -1.224410  0.084135  0.064144 -2.816142e+02  1.663336e+02  0.042326  0.046005  0.023372  10.886028  10.415074  0.036345  0.250000  -0.583333  0.250000  -0.583333  0.250000  -0.583333  -0.480769   1.238408       13      81.874307  0.063326  0.070247  0.038415  8.846125  11.665082  0.056817 -0.416667   0.333333 -0.416667   0.333333 -0.416667   0.333333  -1.160256   1.160256        13
21    FaIR_comb_unB   43/1_ERF_FaIR   c     3.213       0.081425       0       0      1.324023  0.057852 -0.014322  2.065476e+02  1.256211e+02  0.040906  0.040096  0.010685   3.548804   4.703824 -0.020490 -1.916667   0.250000 -1.916667   0.250000 -1.916667   0.250000  -0.878205   2.534063       13     124.366493  0.041780  0.038190  0.025729  3.236136   3.990845 -0.000018 -2.583333   1.166667 -2.583333   1.166667 -2.583333   1.166667  -1.557692   1.557692        13
15   FaIR_nonat_unB   43/1_ERF_FaIR   c     3.255       0.092955       0       0      1.139005  0.073727 -0.028988  1.822409e+02  1.154330e+02  0.041639  0.039754  0.010060   3.200542   3.859830 -0.022561 -2.083333   0.666667 -2.083333   0.666667 -2.083333   0.666667  -0.878205   2.494117       13     114.242820  0.043981  0.039896  0.025103  3.065654   3.510966 -0.002089 -2.750000   1.583333 -2.750000   1.583333 -2.750000   1.583333  -1.557692   1.557692        13
19     FaIR_all_unB   43/1_ERF_FaIR   c     4.242       0.094016       0       0      1.165176  0.066431  0.000280  1.864282e+02  1.127666e+02  0.046393  0.046023  0.011296   3.011681   3.765912 -0.024531 -1.833333  -0.750000 -1.833333  -0.750000 -1.833333  -0.750000  -0.884615   2.823702       13     112.921922  0.043690  0.038103  0.026339  2.927392   3.400452 -0.004059 -2.500000   0.166667 -2.500000   0.166667 -2.500000   0.166667  -1.564103   1.564103        13
11  FaIR_anthro_unB   43/1_ERF_FaIR   c     2.500       0.097996      42       0      0.792980  0.096153 -0.046622  1.268769e+02  1.076948e+02  0.047422  0.045728  0.011335   3.064962   3.390376 -0.024892 -2.500000   0.666667 -2.500000   0.666667 -2.500000   0.666667  -0.935897   2.751262       13     106.097586  0.048390  0.044092  0.026378  2.933879   3.229016 -0.004420 -3.166667   1.583333 -3.166667   1.583333 -3.166667   1.583333  -1.615385   1.615385        13
2             raw1y  42/1_Run_Means   c    34.294       0.104089       2       0      0.930831  0.093103 -0.000024  2.140912e+02  8.605488e+01  0.092898  0.086735  0.004688   1.281227   3.255227  0.002115 -0.750000  -2.958333 -0.750000  -4.416667 -0.750000  -4.416667   0.091346   2.456366       33      81.328740  0.097916  0.094342  0.019731  1.409220   3.328322  0.022587 -1.416667  -2.041667 -1.416667  -3.500000 -1.416667  -3.500000  -0.588141   0.588141        33
9       FaIR_anthro   43/1_ERF_FaIR   c     2.500       0.097996     119       0     -0.713497  0.174300 -0.152672 -1.141594e+02  7.285523e+01  0.105315  0.109934 -0.094715   2.902062   1.835871 -0.130942  2.416667   7.750000  2.416667   7.750000  2.416667   7.750000   5.435897   6.755261       13      82.303403  0.089405  0.093460 -0.079672  3.124445   1.538875 -0.110470  1.750000   8.666667  1.750000   8.666667  1.750000   8.666667   4.756410   4.756410        13
13       FaIR_nonat   43/1_ERF_FaIR   c     3.227       0.116065     104       0      0.212767  0.163398 -0.147518  3.404273e+01  6.912333e+01  0.111144  0.116447 -0.103540   2.867977   1.934759 -0.136161  3.500000   8.083333  3.500000   8.083333  3.500000   8.083333   6.173077   7.553902       14      76.844151  0.095582  0.100695 -0.088497  2.850156   1.817605 -0.115689  2.833333   9.000000  2.833333   9.000000  2.833333   9.000000   5.493590   5.493590        14
1             lag5y  42/1_Run_Means   c     6.462       0.038233     105      43      0.678566  0.058505 -0.017805  1.560703e+02  3.986852e+01  0.055582  0.051008 -0.029868   9.120865  13.857264 -0.023234  0.416667  -0.416667  0.416667  -0.416667  0.416667  -0.416667   1.730769   2.428244       16      45.552530  0.057760  0.058560 -0.014825  8.051101  12.116755 -0.002762 -0.250000   0.500000 -0.250000   0.500000 -0.250000   0.500000   1.051282   1.051282        16
0            lag10y  42/1_Run_Means   c     3.221       0.032062     148      94     -0.234737  0.066358 -0.041037 -5.398960e+01 -1.985497e+02  0.084682  0.082130 -0.076633   0.159512   0.814440 -0.064009  3.583333   3.250000  3.583333   3.250000  3.583333   3.250000   4.429487   4.566051       13    -135.686651  0.079933  0.080827 -0.061590  1.863030   0.076250 -0.043537  2.916667   4.166667  2.916667   4.166667  2.916667   4.166667   3.750000   3.750000        13
17         FaIR_all   43/1_ERF_FaIR   c     4.260       0.005583     160     160 -13560.554359  0.189456 -0.172689 -2.169689e+06 -1.044530e+06  0.178865  0.186029 -0.173112   0.000000   0.000000 -0.208939  7.250000  12.500000  7.250000  12.500000  7.250000  12.500000  10.935897  12.754796       11 -856940.970159  0.161867  0.168434 -0.158069  0.000000   0.000000 -0.188467  6.583333  13.416667  6.583333  13.416667  6.583333  13.416667  10.903846  10.903846        11
4.800951243
finished this run
starting computation for fut_ESM1-2-LR_SSP126_constVolc
max_runs28
Model number:
27




Methods/42_Temp_Alone/1_Run_Means/cent10y_method.py
Methods/42_Temp_Alone/1_Run_Means/cent20y_method.py
Methods/42_Temp_Alone/1_Run_Means/cent21y_method.py
Methods/42_Temp_Alone/1_Run_Means/cent30y_method.py
Methods/42_Temp_Alone/1_Run_Means/lag10y_method.py
Methods/42_Temp_Alone/1_Run_Means/lag5y_method.py
Methods/42_Temp_Alone/1_Run_Means/offset11y_method.py
Methods/42_Temp_Alone/1_Run_Means/raw1y_method.py
Methods/43_Forcing_Based/1_ERF_FaIR/FaIR_all_method.py
Methods/43_Forcing_Based/1_ERF_FaIR/FaIR_all_unB_method.py
Methods/43_Forcing_Based/1_ERF_FaIR/FaIR_anthro_method.py
Methods/43_Forcing_Based/1_ERF_FaIR/FaIR_anthro_unB_method.py
Methods/43_Forcing_Based/1_ERF_FaIR/FaIR_comb_unB_method.py
Methods/43_Forcing_Based/1_ERF_FaIR/FaIR_nonat_method.py
Methods/43_Forcing_Based/1_ERF_FaIR/FaIR_nonat_unB_method.py
evaluating 6 of 0.1C thresholds, starting at 1.1C
11
FaIR_anthro sampled, d llike: 0.012779392316426663
FaIR_anthro sampled, d llike: -0.6891589326767213
FaIR_anthro_unB sampled, d llike: 0.025027185240724337
FaIR_anthro_unB sampled, d llike: -0.8483383101593704
FaIR_nonat sampled, d llike: -0.03653759406250612
FaIR_nonat sampled, d llike: -0.0560229257929683
FaIR_nonat_unB sampled, d llike: -0.030893124721062426
FaIR_nonat_unB sampled, d llike: -0.05283087400385922
FaIR_all sampled, d llike: -2306.2245036163195
FaIR_all sampled, d llike: -0.0720706180958135
FaIR_all_unB sampled, d llike: -0.047261762332307056
FaIR_all_unB sampled, d llike: -0.05890696345615809
FaIR_comb_unB sampled, d llike: -0.02167445166185633
FaIR_comb_unB sampled, d llike: 0.0789020991131954
        method_name    method_class c/r  smooth_r  avg_unc.(1se)  #q<0.5  #q<0.1   log-likeli       RMS      bias         tlog-l       100log-l    100RMS     75RMS   100bias           l15  l20    bias50   Edyrs15  Edyrs20    Mdyrs15  Mdyrs20   Fdyrs15  Fdyrs20    EdyrsA    RMSyrsA  ncEdyrs      e100log-l   e100RMS    e75RMS  e100bias          el15  el20   ebias50  eEdyrs15  eEdyrs20   eMdyrs15  eMdyrs20  eFdyrs15  eFdyrs20   eEdyrsA  eRMSyrsA  nceEdyrs
0            lag10y  42/1_Run_Means   c     3.050       0.037236      52      10     1.325484  0.054698 -0.031419     306.186790     137.703064  0.049835  0.042186 -0.034145  3.145201e+00  0.0 -0.002655  3.500000       -1   3.500000       -1  3.500000       -1  5.020833   5.805414      9.0      64.310461  0.067047  0.064169 -0.029971  9.134396e-01   0.0  0.013054  4.166667        -1   4.166667        -1  4.166667        -1  6.187500  6.187500       9.0
21    FaIR_comb_unB   43/1_ERF_FaIR   c     2.112       0.072407       0       0     1.351636  0.059814 -0.011067     212.206859     121.006454  0.062746  0.060376  0.013816  4.980337e+00  0.0 -0.039550  0.166667       -1   0.166667       -1  0.166667       -1  0.291667  11.310486      5.0     130.597293  0.051190  0.040609  0.017990  5.291034e+00   0.0 -0.023842  0.833333        -1   0.833333        -1  0.833333        -1  1.277778  1.277778       5.0
15   FaIR_nonat_unB   43/1_ERF_FaIR   c     1.987       0.082102       0       0     1.301864  0.058030 -0.013146     209.600179     117.103400  0.061576  0.060797  0.011555  4.586330e+00  0.0 -0.040436 -1.083333       -1  -1.083333       -1 -1.083333       -1  0.222222  11.259255      5.0     124.887480  0.049448  0.041404  0.015730  4.722877e+00   0.0 -0.024728 -0.416667        -1  -0.416667        -1 -0.416667        -1  1.208333  1.208333       5.0
11  FaIR_anthro_unB   43/1_ERF_FaIR   c     1.513       0.082465      15       0     0.960203  0.080921 -0.030994     154.592626     113.438132  0.064620  0.064612  0.012215  3.992488e+00  0.0 -0.041733 -0.833333       -1  -0.833333       -1 -0.833333       -1 -0.041667  11.446787      5.0     122.647740  0.051115  0.044817  0.016389  4.159309e+00   0.0 -0.026024 -0.166667        -1  -0.166667        -1 -0.166667        -1  0.944444  0.944444       5.0
9       FaIR_anthro   43/1_ERF_FaIR   c     1.513       0.082465       0       0     1.005488  0.078371 -0.023544     161.883545     112.906904  0.066433  0.064614  0.019665  3.906810e+00  0.0 -0.034283 -1.500000       -1  -1.500000       -1 -1.500000       -1 -0.416667  11.596515      5.0     121.850499  0.053967  0.045248  0.023839  4.182599e+00   0.0 -0.018574 -0.833333        -1  -0.833333        -1 -0.833333        -1  0.569444  0.569444       5.0
1             lag5y  42/1_Run_Means   c     5.733       0.046254      74      26     1.067816  0.056105 -0.013823     246.665522     111.379796  0.051934  0.045907 -0.010913  6.625406e+00  0.0  0.003726 -0.750000       -1  -0.750000       -1 -0.750000       -1  2.429167   4.354304     11.0      35.188492  0.067233  0.061285 -0.006739  8.882453e+00   0.0  0.019435 -0.083333        -1  -0.083333        -1 -0.083333        -1  3.595833  3.595833      11.0
19     FaIR_all_unB   43/1_ERF_FaIR   c     3.377       0.084658       0       0     1.077946  0.078751 -0.009545     173.549361     105.667617  0.075568  0.067229  0.018603  4.361021e+00  0.0 -0.048411  0.416667       -1   0.416667       -1  0.416667       -1 -0.638889  11.869565      5.0     112.635333  0.066979  0.047348  0.022778  4.416175e+00   0.0 -0.032702  1.083333        -1   1.083333        -1  1.083333        -1  0.347222  0.347222       5.0
13       FaIR_nonat   43/1_ERF_FaIR   c     2.023       0.102501       0       0     1.151693  0.059930 -0.010550     185.422507     104.545340  0.062770  0.060561  0.016795  3.689663e+00  0.0 -0.035197 -1.583333       -1  -1.583333       -1 -1.583333       -1 -4.097222   5.076612      6.0     109.678756  0.051355  0.041385  0.020969  3.792859e+00   0.0 -0.019489 -0.916667        -1  -0.916667        -1 -0.916667        -1 -2.930556  2.930556       6.0
2             raw1y  42/1_Run_Means   c    30.133       0.121028       0       0     0.760566  0.111981  0.000299     175.690712      68.402521  0.114092  0.107963  0.003961  2.429415e+00  0.0  0.006586  8.812500       -1  19.666667       -1 -2.583333       -1  2.919792   5.136686     31.4      62.661106  0.121020  0.115960  0.008135  2.032206e+00   0.0  0.022295  9.479167        -1  20.333333        -1 -1.916667        -1  3.703274  3.703274      30.4
8         offset11y  42/1_Run_Means   c     2.800       0.035988     199     140    -1.213182  0.088488  0.075095    -280.244955     -69.462414  0.080051  0.088983  0.070574  6.617287e+00  0.0  0.106544 -2.000000       -1  -2.000000       -1 -2.000000       -1 -3.958333   5.413140      6.0    -234.977201  0.096260  0.104416  0.074748  9.364471e+00   0.0  0.122253 -1.333333        -1  -1.333333        -1 -1.333333        -1 -2.791667  2.791667       6.0
17         FaIR_all   43/1_ERF_FaIR   c     3.137       0.005580     136     119 -2512.898366  0.079532  0.022032 -404576.636855 -302033.651379  0.089878  0.071056  0.052092  3.325952e-79  0.0 -0.014922 -3.166667       -1  -3.166667       -1 -3.166667       -1 -6.643519   7.729222      8.0 -277463.915340  0.084458  0.054261  0.056266  2.165368e-88   0.0  0.000786 -2.500000        -1  -2.500000        -1 -2.500000        -1 -5.476852  5.476852       8.0
4.7957350320000005
finished this run
/oscar/data/deeps/private/bfoxkemp/jnickla1/Thorne_15_codefigurestats/Methods/43_Forcing_Based/1_ERF_FaIR/FaIR_comb_unB_method.py:155: RuntimeWarning: Mean of empty slice
  return np.nanmean(samp_cur[year_idx-1850, :], axis = 1)
/users/jnickla1/.conda/envs/cleanpy/lib/python3.13/site-packages/numpy/lib/_nanfunctions_impl.py:2019: RuntimeWarning: Degrees of freedom <= 0 for slice.
  var = nanvar(a, axis=axis, dtype=dtype, out=out, ddof=ddof,
/oscar/data/deeps/private/bfoxkemp/jnickla1/Thorne_15_codefigurestats/Methods/43_Forcing_Based/1_ERF_FaIR/FaIR_comb_unB_method.py:183: RuntimeWarning: Mean of empty slice
  cdist = np.nanmean(dist)
starting computation for fut_ESM1-2-LR_SSP245_constVolc
max_runs28
Model number:
27




Methods/42_Temp_Alone/1_Run_Means/cent10y_method.py
Methods/42_Temp_Alone/1_Run_Means/cent20y_method.py
Methods/42_Temp_Alone/1_Run_Means/cent21y_method.py
Methods/42_Temp_Alone/1_Run_Means/cent30y_method.py
Methods/42_Temp_Alone/1_Run_Means/lag10y_method.py
Methods/42_Temp_Alone/1_Run_Means/lag5y_method.py
Methods/42_Temp_Alone/1_Run_Means/offset11y_method.py
Methods/42_Temp_Alone/1_Run_Means/raw1y_method.py
Methods/43_Forcing_Based/1_ERF_FaIR/FaIR_all_method.py
Methods/43_Forcing_Based/1_ERF_FaIR/FaIR_all_unB_method.py
Methods/43_Forcing_Based/1_ERF_FaIR/FaIR_anthro_method.py
Methods/43_Forcing_Based/1_ERF_FaIR/FaIR_anthro_unB_method.py
Methods/43_Forcing_Based/1_ERF_FaIR/FaIR_comb_unB_method.py
Methods/43_Forcing_Based/1_ERF_FaIR/FaIR_nonat_method.py
Methods/43_Forcing_Based/1_ERF_FaIR/FaIR_nonat_unB_method.py
evaluating 13 of 0.1C thresholds, starting at 1.1C
11
FaIR_anthro sampled, d llike: 0.0008840633241244955
FaIR_anthro sampled, d llike: -0.806627706264698
FaIR_anthro_unB sampled, d llike: 0.010832841496102974
FaIR_anthro_unB sampled, d llike: -0.9138153938329433
FaIR_nonat sampled, d llike: -0.04798834744964231
FaIR_nonat sampled, d llike: -0.05250871547496372
FaIR_nonat_unB sampled, d llike: -0.04337879568272163
FaIR_nonat_unB sampled, d llike: -0.04989222268516014
FaIR_all sampled, d llike: -1914.8230498833232
FaIR_all sampled, d llike: -0.04851484155559005
FaIR_all_unB sampled, d llike: -0.0412850477371578
FaIR_all_unB sampled, d llike: -0.03659356471967479
FaIR_comb_unB sampled, d llike: -0.03569030153573971
FaIR_comb_unB sampled, d llike: -0.01644245640152342
        method_name    method_class c/r  smooth_r  avg_unc.(1se)  #q<0.5  #q<0.1   log-likeli       RMS      bias         tlog-l       100log-l    100RMS     75RMS   100bias       l15        l20    bias50   Edyrs15   Edyrs20   Mdyrs15    Mdyrs20   Fdyrs15   Fdyrs20    EdyrsA   RMSyrsA  ncEdyrs      e100log-l   e100RMS    e75RMS  e100bias       el15       el20   ebias50  eEdyrs15  eEdyrs20  eMdyrs15   eMdyrs20  eFdyrs15  eFdyrs20   eEdyrsA  eRMSyrsA  nceEdyrs
21    FaIR_comb_unB   43/1_ERF_FaIR   c     2.122       0.075379       0       0     1.416370  0.049513 -0.005566     222.370119     129.299414  0.047178  0.045044  0.020636  4.224465   4.389882 -0.008471 -4.250000  0.916667 -4.250000   0.916667 -4.250000  0.916667 -1.057692  2.880546     13.0     123.696386  0.055613  0.040984  0.022153   4.890427   4.428775 -0.020920 -2.750000  0.916667 -2.750000   0.916667 -2.750000  0.916667 -0.440476  0.440476      14.0
8         offset11y  42/1_Run_Means   c     2.454       0.037174     187     101    -0.373194  0.079251  0.058775     -86.207890     124.574652  0.049749  0.052463  0.029146  8.487014  17.891594  0.047573  0.916667 -3.500000  0.916667  -3.500000  0.916667 -3.500000 -1.339744  3.061426     13.0      95.754724  0.056140  0.047573  0.030663  10.049300  16.977238  0.035124  2.416667 -3.500000  2.416667  -3.500000  2.416667 -3.500000 -1.315476  1.315476      14.0
15   FaIR_nonat_unB   43/1_ERF_FaIR   c     2.086       0.085528       0       0     1.337577  0.048009 -0.009272     215.349845     122.411298  0.043822  0.043109  0.018614  3.958991   3.791198 -0.006541 -4.083333  0.666667 -4.083333   0.666667 -4.083333  0.666667 -1.012821  2.712546     13.0     119.201400  0.051421  0.039166  0.020131   4.512083   3.792426 -0.018990 -2.583333  0.666667 -2.583333   0.666667 -2.583333  0.666667 -0.386905  0.386905      14.0
11  FaIR_anthro_unB   43/1_ERF_FaIR   c     1.843       0.087385      12       0     1.013159  0.071721 -0.025744     163.118678     117.399690  0.045778  0.046142  0.019211  3.830528   4.032113 -0.006886 -4.666667  0.083333 -4.666667   0.083333 -4.666667  0.083333 -1.153846  2.765979     13.0     114.561984  0.051982  0.041824  0.020728   3.889991   4.025550 -0.019335 -3.166667  0.083333 -3.166667   0.083333 -3.166667  0.083333 -0.529762  0.529762      14.0
9       FaIR_anthro   43/1_ERF_FaIR   c     1.843       0.087385       0       0     1.030873  0.070354 -0.021644     165.970566     116.452877  0.047645  0.047453  0.023311  3.777754   4.025411 -0.002786 -4.916667 -0.083333 -4.916667  -0.083333 -4.916667 -0.083333 -1.358974  2.879896     13.0     113.646242  0.053748  0.042279  0.024828   3.804761   4.009624 -0.015235 -3.416667 -0.083333 -3.416667  -0.083333 -3.416667 -0.083333 -0.738095  0.738095      14.0
19     FaIR_all_unB   43/1_ERF_FaIR   c     3.287       0.088148       0       0     1.152746  0.070024 -0.006447     185.592064     113.981306  0.057114  0.047746  0.025529  3.647469   3.602490 -0.014402 -4.166667  1.416667 -4.166667   1.416667 -4.166667  1.416667 -1.192308  3.258782     13.0     106.838116  0.068880  0.045970  0.027046   3.991903   3.616870 -0.026851 -2.666667  1.416667 -2.666667   1.416667 -2.666667  1.416667 -0.505952  0.505952      14.0
13       FaIR_nonat   43/1_ERF_FaIR   c     2.117       0.106786       0       0     1.157291  0.050664 -0.006381     186.323848     105.015099  0.046442  0.044855  0.024144  3.263582   3.030651 -0.001011 -4.500000  0.333333 -4.500000   0.333333 -4.500000  0.333333 -1.410256  2.824836     13.0     103.151194  0.053827  0.039667  0.025661   3.670791   3.031768 -0.013460 -3.000000  0.333333 -3.000000   0.333333 -3.000000  0.333333 -0.791667  0.791667      14.0
1             lag5y  42/1_Run_Means   c     4.748       0.046987      96      29     0.886337  0.061239 -0.021153     204.743925      69.458199  0.065010  0.059868 -0.029522  1.309456   0.019426 -0.021927  4.000000  4.750000  4.000000   4.750000  4.000000  4.750000  1.628205  2.512735     16.0       7.981853  0.073663  0.070804 -0.028005   1.698951   0.032699 -0.034376  5.500000  4.750000  5.500000   4.750000  5.500000  4.750000  2.125000  2.125000      17.0
2             raw1y  42/1_Run_Means   c    27.235       0.123241       1       0     0.736090  0.114616 -0.000520     170.036725      63.250404  0.120552  0.113811  0.001882  1.421258   3.122586  0.004066  0.277778  7.625000 -2.750000  12.583333 -2.750000  2.666667  0.968849  2.526482     46.3      60.156208  0.124287  0.116772  0.003399   2.270005   3.168943 -0.008383  1.777778  7.625000  4.083333  12.583333 -1.250000  2.666667  0.847066  0.847066      52.3
0            lag10y  42/1_Run_Means   c     2.582       0.038281     124      46     0.560002  0.068785 -0.046273     129.360389     -39.123337  0.083062  0.084434 -0.071852  0.066611   0.000864 -0.055081  5.500000  6.166667  5.500000   6.166667  5.500000  6.166667  4.535256  4.653097     14.0     -71.178738  0.086354  0.094116 -0.070336   0.095647   0.001982 -0.067530  7.000000  6.166667  7.000000   6.166667  7.000000  6.166667  4.842262  4.842262      15.0
17         FaIR_all   43/1_ERF_FaIR   c     3.083       0.005558     136     117 -2089.177321  0.073058  0.026968 -336357.548644 -232537.811890  0.079504  0.063941  0.060915  0.000000   0.349100  0.020984 -8.416667 -2.083333 -8.416667  -2.083333 -8.416667 -2.083333 -3.650641  4.754904     14.0 -314745.959950  0.088942  0.056498  0.062432   0.000000   0.242528  0.008535 -6.916667 -2.083333 -6.916667  -2.083333 -6.916667 -2.083333 -3.252976  3.252976      15.0
5.260618376
finished this run
/oscar/data/deeps/private/bfoxkemp/jnickla1/Thorne_15_codefigurestats/Methods/43_Forcing_Based/1_ERF_FaIR/FaIR_all_unB_method.py:95: RuntimeWarning: Mean of empty slice
  return np.nanmean(samp_cur[year_idx-1850, :], axis = 1)
/users/jnickla1/.conda/envs/cleanpy/lib/python3.13/site-packages/numpy/lib/_nanfunctions_impl.py:2019: RuntimeWarning: Degrees of freedom <= 0 for slice.
  var = nanvar(a, axis=axis, dtype=dtype, out=out, ddof=ddof,
/oscar/data/deeps/private/bfoxkemp/jnickla1/Thorne_15_codefigurestats/Methods/43_Forcing_Based/1_ERF_FaIR/FaIR_all_unB_method.py:123: RuntimeWarning: Mean of empty slice
  cdist = np.nanmean(dist)
/oscar/data/deeps/private/bfoxkemp/jnickla1/Thorne_15_codefigurestats/Methods/43_Forcing_Based/1_ERF_FaIR/FaIR_comb_unB_method.py:155: RuntimeWarning: Mean of empty slice
  return np.nanmean(samp_cur[year_idx-1850, :], axis = 1)
/users/jnickla1/.conda/envs/cleanpy/lib/python3.13/site-packages/numpy/lib/_nanfunctions_impl.py:2019: RuntimeWarning: Degrees of freedom <= 0 for slice.
  var = nanvar(a, axis=axis, dtype=dtype, out=out, ddof=ddof,
/oscar/data/deeps/private/bfoxkemp/jnickla1/Thorne_15_codefigurestats/Methods/43_Forcing_Based/1_ERF_FaIR/FaIR_comb_unB_method.py:183: RuntimeWarning: Mean of empty slice
  cdist = np.nanmean(dist)
starting computation for fut_ESM1-2-LR_SSP370_constVolc
max_runs28
Model number:
27




Methods/42_Temp_Alone/1_Run_Means/cent10y_method.py
Methods/42_Temp_Alone/1_Run_Means/cent20y_method.py
Methods/42_Temp_Alone/1_Run_Means/cent21y_method.py
Methods/42_Temp_Alone/1_Run_Means/cent30y_method.py
Methods/42_Temp_Alone/1_Run_Means/lag10y_method.py
Methods/42_Temp_Alone/1_Run_Means/lag5y_method.py
Methods/42_Temp_Alone/1_Run_Means/offset11y_method.py
Methods/42_Temp_Alone/1_Run_Means/raw1y_method.py
Methods/43_Forcing_Based/1_ERF_FaIR/FaIR_all_method.py
Methods/43_Forcing_Based/1_ERF_FaIR/FaIR_all_unB_method.py
Methods/43_Forcing_Based/1_ERF_FaIR/FaIR_anthro_method.py
Methods/43_Forcing_Based/1_ERF_FaIR/FaIR_anthro_unB_method.py
Methods/43_Forcing_Based/1_ERF_FaIR/FaIR_comb_unB_method.py
Methods/43_Forcing_Based/1_ERF_FaIR/FaIR_nonat_method.py
Methods/43_Forcing_Based/1_ERF_FaIR/FaIR_nonat_unB_method.py
evaluating 23 of 0.1C thresholds, starting at 1.1C
11
FaIR_anthro sampled, d llike: -0.00631374768040871
FaIR_anthro sampled, d llike: -0.8048783831427759
FaIR_anthro_unB sampled, d llike: -0.020841831546162037
FaIR_anthro_unB sampled, d llike: -0.4480986408450195
FaIR_nonat sampled, d llike: -0.05036560079974972
FaIR_nonat sampled, d llike: -0.003902805315423752
FaIR_nonat_unB sampled, d llike: -0.03893050632743522
FaIR_nonat_unB sampled, d llike: -0.028411515969317458
FaIR_all sampled, d llike: -1540.4493872484175
FaIR_all sampled, d llike: -0.02400843697035815
FaIR_all_unB sampled, d llike: -0.03865776354254202
FaIR_all_unB sampled, d llike: -0.019367349009361545
FaIR_comb_unB sampled, d llike: -0.03437378154099213
FaIR_comb_unB sampled, d llike: -0.12832456941742434
        method_name    method_class c/r  smooth_r  avg_unc.(1se)  #q<0.5  #q<0.1   log-likeli       RMS      bias         tlog-l       100log-l    100RMS     75RMS   100bias       l15       l20    bias50   Edyrs15   Edyrs20   Mdyrs15   Mdyrs20   Fdyrs15   Fdyrs20    EdyrsA   RMSyrsA  ncEdyrs      e100log-l   e100RMS    e75RMS  e100bias      el15      el20   ebias50  eEdyrs15      eEdyrs20  eMdyrs15      eMdyrs20  eFdyrs15      eFdyrs20   eEdyrsA  eRMSyrsA  nceEdyrs
21    FaIR_comb_unB   43/1_ERF_FaIR   c     2.357       0.073556       0       0     1.457029  0.047882  0.014394     228.753539     125.903583  0.056387  0.041819  0.029961  2.803680  4.818538 -0.001467 -4.083333  0.666667 -4.083333  0.666667 -4.083333  0.666667 -0.949275  2.274624     23.0     111.913790  0.072330  0.047886  0.038837  2.462458  5.723254 -0.012451 -4.416667  1.591616e-10 -4.416667  1.591616e-10 -4.416667  1.591616e-10 -1.108696  1.108696      23.0
15   FaIR_nonat_unB   43/1_ERF_FaIR   c     2.290       0.083458       0       0     1.400498  0.043137  0.009385     225.480144     123.736240  0.050293  0.040058  0.028176  2.809507  4.289518  0.005126 -3.750000  0.666667 -3.750000  0.666667 -3.750000  0.666667 -0.952899  2.067622     23.0     114.510356  0.064994  0.044375  0.037052  2.560914  5.079900 -0.005858 -4.083333  1.591616e-10 -4.083333  1.591616e-10 -4.083333  1.591616e-10 -1.112319  1.112319      23.0
8         offset11y  42/1_Run_Means   c     2.651       0.038564     178      96    -0.378766  0.079772  0.036789     -87.494878     123.287663  0.051822  0.054771 -0.026663  8.183336  5.268036 -0.058353  0.500000  1.166667  0.500000  1.166667  0.500000  1.166667  1.326087  1.689160     23.0      42.663354  0.069465  0.067576 -0.017787  8.826836  6.976859 -0.069336  0.166667  5.000000e-01  0.166667  5.000000e-01  0.166667  5.000000e-01  1.166667  1.166667      23.0
9       FaIR_anthro   43/1_ERF_FaIR   c     1.883       0.084877       0       0     1.056313  0.068586 -0.033638     170.066313     122.484070  0.043255  0.042126  0.001810  3.559499  3.272158 -0.024685 -3.083333  1.750000 -3.083333  1.750000 -3.083333  1.750000  0.148551  1.641936     23.0     116.249764  0.056315  0.047482  0.010686  3.334886  4.204538 -0.035669 -3.416667  1.083333e+00 -3.416667  1.083333e+00 -3.416667  1.083333e+00 -0.010870  0.010870      23.0
11  FaIR_anthro_unB   43/1_ERF_FaIR   c     1.883       0.084877       0       0     1.201769  0.060046 -0.005738     193.484851     119.067375  0.052444  0.042640  0.029710  2.810046  4.044941  0.003215 -4.166667  0.750000 -4.166667  0.750000 -4.166667  0.750000 -0.938406  2.134587     23.0     109.811333  0.067425  0.048213  0.038586  2.546196  4.688699 -0.007769 -4.500000  8.333333e-02 -4.500000  8.333333e-02 -4.500000  8.333333e-02 -1.097826  1.097826      23.0
19     FaIR_all_unB   43/1_ERF_FaIR   c     3.717       0.086143       0       0     1.196941  0.067368  0.010186     192.707566     114.393968  0.063723  0.042713  0.034402  2.871856  4.314651 -0.001527 -3.916667  0.583333 -3.916667  0.583333 -3.916667  0.583333 -1.036232  2.496616     23.0     102.619181  0.080668  0.049109  0.043278  2.560634  4.883515 -0.012511 -4.250000 -8.333333e-02 -4.250000 -8.333333e-02 -4.250000 -8.333333e-02 -1.195652  1.195652      23.0
13       FaIR_nonat   43/1_ERF_FaIR   c     2.326       0.104199       0       0     1.186431  0.048481 -0.018238     191.015388     110.227243  0.041782  0.039769  0.003196  3.279746  3.112656 -0.019854 -2.166667  1.583333 -2.166667  1.583333 -2.166667  1.583333  0.065217  1.557474     23.0     106.699329  0.054745  0.043847  0.012072  3.045210  3.958663 -0.030838 -2.500000  9.166667e-01 -2.500000  9.166667e-01 -2.500000  9.166667e-01 -0.094203  0.094203      23.0
2             raw1y  42/1_Run_Means   c    29.286       0.117317       0       0     0.794681  0.108516 -0.003474     183.571269      75.586510  0.105250  0.102267 -0.005617  1.218420  2.039427 -0.006080  3.472222 -0.291667  7.250000 -1.750000 -1.083333 -1.750000 -0.018720  1.515546     51.3      71.786423  0.109919  0.105242  0.003259  1.064924  3.237460 -0.017063  3.138889 -9.583333e-01  6.916667 -2.416667e+00 -1.416667 -2.416667e+00 -0.178140  0.178140      51.3
1             lag5y  42/1_Run_Means   c     5.595       0.046135     110      34     0.691941  0.066485 -0.032053     159.838361      24.552635  0.076988  0.079625 -0.057190  6.485135  4.599091 -0.071514  0.750000  1.666667  0.750000  1.666667  0.750000  1.666667  2.018116  2.355421     24.0      -9.817983  0.083016  0.085760 -0.048314  6.880437  5.094877 -0.082498  0.416667  1.000000e+00  0.416667  1.000000e+00  0.416667  1.000000e+00  1.858696  1.858696      24.0
0            lag10y  42/1_Run_Means   c     2.782       0.039344     153      98    -0.643974  0.093607 -0.066575    -148.758062    -317.241787  0.130888  0.145394 -0.123388  0.371533  0.193374 -0.152910  4.500000  4.583333  4.500000  4.583333  4.500000  4.583333  4.561594  4.625955     23.0    -299.965845  0.132416  0.150256 -0.114512  0.647441  0.070153 -0.163894  4.166667  3.916667e+00  4.166667  3.916667e+00  4.166667  3.916667e+00  4.402174  4.402174      23.0
17         FaIR_all   43/1_ERF_FaIR   c     3.463       0.005581     139     121 -1683.766390  0.066573  0.016916 -271086.388777 -168312.119375  0.068774  0.045528  0.043043  0.000000  0.733850  0.007114 -4.250000  0.083333 -4.250000  0.083333 -4.250000  0.083333 -1.434783  2.748408     24.0 -283264.412126  0.085615  0.051655  0.051919  0.000000  0.009694 -0.003870 -4.583333 -5.833333e-01 -4.583333 -5.833333e-01 -4.583333 -5.833333e-01 -1.594203  1.594203      24.0
6.5143911150000005
finished this run
All processes completed.
