/oscar/data/deeps/private/bfoxkemp/jnickla1/Thorne_15_codefigurestats/fut_evaluation_gen_ensemble.py:20: RuntimeWarning: Mean of empty slice
  return np.nanmean(standards_np,axis=0)
/oscar/data/deeps/private/bfoxkemp/jnickla1/Thorne_15_codefigurestats/fut_evaluation_gen_ensemble.py:20: RuntimeWarning: Mean of empty slice
  return np.nanmean(standards_np,axis=0)
/oscar/data/deeps/private/bfoxkemp/jnickla1/Thorne_15_codefigurestats/fut_evaluation_gen_ensemble.py:20: RuntimeWarning: Mean of empty slice
  return np.nanmean(standards_np,axis=0)
/oscar/data/deeps/private/bfoxkemp/jnickla1/Thorne_15_codefigurestats/fut_evaluation_gen_ensemble.py:20: RuntimeWarning: Mean of empty slice
  return np.nanmean(standards_np,axis=0)
/oscar/data/deeps/private/bfoxkemp/jnickla1/Thorne_15_codefigurestats/fut_evaluation_gen_ensemble.py:20: RuntimeWarning: Mean of empty slice
  return np.nanmean(standards_np,axis=0)
/oscar/data/deeps/private/bfoxkemp/jnickla1/Thorne_15_codefigurestats/Methods/43_Forcing_Based/1_ERF_FaIR/FaIR_all_method.py:53: RuntimeWarning: Mean of empty slice
  samp_mean =  np.nanmean(samp_cur, axis = 1)
/oscar/data/deeps/private/bfoxkemp/jnickla1/Thorne_15_codefigurestats/Methods/43_Forcing_Based/1_ERF_FaIR/FaIR_all_method.py:53: RuntimeWarning: Mean of empty slice
  samp_mean =  np.nanmean(samp_cur, axis = 1)
/oscar/data/deeps/private/bfoxkemp/jnickla1/Thorne_15_codefigurestats/Methods/43_Forcing_Based/1_ERF_FaIR/FaIR_all_unB_method.py:70: RuntimeWarning: Mean of empty slice
  samp_mean =  np.nanmean(samp_cur, axis = 1)
/oscar/data/deeps/private/bfoxkemp/jnickla1/Thorne_15_codefigurestats/Methods/43_Forcing_Based/1_ERF_FaIR/FaIR_all_unB_method.py:70: RuntimeWarning: Mean of empty slice
  samp_mean =  np.nanmean(samp_cur, axis = 1)
/oscar/data/deeps/private/bfoxkemp/jnickla1/Thorne_15_codefigurestats/Methods/43_Forcing_Based/1_ERF_FaIR/FaIR_anthro_method.py:53: RuntimeWarning: Mean of empty slice
  samp_mean =  np.nanmean(samp_cur, axis = 1)
/oscar/data/deeps/private/bfoxkemp/jnickla1/Thorne_15_codefigurestats/Methods/43_Forcing_Based/1_ERF_FaIR/FaIR_anthro_method.py:53: RuntimeWarning: Mean of empty slice
  samp_mean =  np.nanmean(samp_cur, axis = 1)
/oscar/data/deeps/private/bfoxkemp/jnickla1/Thorne_15_codefigurestats/Methods/43_Forcing_Based/1_ERF_FaIR/FaIR_anthro_unB_method.py:70: RuntimeWarning: Mean of empty slice
  samp_mean =  np.nanmean(samp_cur, axis = 1)
/oscar/data/deeps/private/bfoxkemp/jnickla1/Thorne_15_codefigurestats/Methods/43_Forcing_Based/1_ERF_FaIR/FaIR_anthro_unB_method.py:70: RuntimeWarning: Mean of empty slice
  samp_mean =  np.nanmean(samp_cur, axis = 1)
/oscar/data/deeps/private/bfoxkemp/jnickla1/Thorne_15_codefigurestats/Methods/43_Forcing_Based/1_ERF_FaIR/FaIR_comb_unB_method.py:70: RuntimeWarning: Mean of empty slice
  samp_mean =  np.nanmean(samp_cur, axis = 1)
/oscar/data/deeps/private/bfoxkemp/jnickla1/Thorne_15_codefigurestats/Methods/43_Forcing_Based/1_ERF_FaIR/FaIR_comb_unB_method.py:126: RuntimeWarning: Mean of empty slice
  samp_meanAll =  np.nanmean(samp_curAll, axis = 1)
/oscar/data/deeps/private/bfoxkemp/jnickla1/Thorne_15_codefigurestats/Methods/43_Forcing_Based/1_ERF_FaIR/FaIR_comb_unB_method.py:70: RuntimeWarning: Mean of empty slice
  samp_mean =  np.nanmean(samp_cur, axis = 1)
/oscar/data/deeps/private/bfoxkemp/jnickla1/Thorne_15_codefigurestats/Methods/43_Forcing_Based/1_ERF_FaIR/FaIR_comb_unB_method.py:126: RuntimeWarning: Mean of empty slice
  samp_meanAll =  np.nanmean(samp_curAll, axis = 1)
/oscar/data/deeps/private/bfoxkemp/jnickla1/Thorne_15_codefigurestats/Methods/43_Forcing_Based/1_ERF_FaIR/FaIR_nonat_method.py:53: RuntimeWarning: Mean of empty slice
  samp_mean =  np.nanmean(samp_cur, axis = 1)
/oscar/data/deeps/private/bfoxkemp/jnickla1/Thorne_15_codefigurestats/Methods/43_Forcing_Based/1_ERF_FaIR/FaIR_nonat_method.py:53: RuntimeWarning: Mean of empty slice
  samp_mean =  np.nanmean(samp_cur, axis = 1)
/oscar/data/deeps/private/bfoxkemp/jnickla1/Thorne_15_codefigurestats/Methods/43_Forcing_Based/1_ERF_FaIR/FaIR_nonat_unB_method.py:72: RuntimeWarning: Mean of empty slice
  samp_mean =  np.nanmean(samp_cur, axis = 1)
/oscar/data/deeps/private/bfoxkemp/jnickla1/Thorne_15_codefigurestats/Methods/43_Forcing_Based/1_ERF_FaIR/FaIR_nonat_unB_method.py:72: RuntimeWarning: Mean of empty slice
  samp_mean =  np.nanmean(samp_cur, axis = 1)
/oscar/data/deeps/private/bfoxkemp/jnickla1/Thorne_15_codefigurestats/Methods/43_Forcing_Based/1_ERF_FaIR/FaIR_all_method.py:71: RuntimeWarning: Mean of empty slice
  return np.nanmean(samp_cur[year_idx-1850, :], axis = 1)
/users/jnickla1/.conda/envs/cleanpy/lib/python3.13/site-packages/numpy/lib/_nanfunctions_impl.py:2019: RuntimeWarning: Degrees of freedom <= 0 for slice.
  var = nanvar(a, axis=axis, dtype=dtype, out=out, ddof=ddof,
/oscar/data/deeps/private/bfoxkemp/jnickla1/Thorne_15_codefigurestats/Methods/43_Forcing_Based/1_ERF_FaIR/FaIR_all_unB_method.py:95: RuntimeWarning: Mean of empty slice
  return np.nanmean(samp_cur[year_idx-1850, :], axis = 1)
/oscar/data/deeps/private/bfoxkemp/jnickla1/Thorne_15_codefigurestats/Methods/43_Forcing_Based/1_ERF_FaIR/FaIR_anthro_method.py:71: RuntimeWarning: Mean of empty slice
  return np.nanmean(samp_cur[year_idx-1850, :], axis = 1)
/oscar/data/deeps/private/bfoxkemp/jnickla1/Thorne_15_codefigurestats/Methods/43_Forcing_Based/1_ERF_FaIR/FaIR_anthro_unB_method.py:94: RuntimeWarning: Mean of empty slice
  return np.nanmean(samp_cur[year_idx-1850, :], axis = 1)
/oscar/data/deeps/private/bfoxkemp/jnickla1/Thorne_15_codefigurestats/Methods/43_Forcing_Based/1_ERF_FaIR/FaIR_comb_unB_method.py:155: RuntimeWarning: Mean of empty slice
  return np.nanmean(samp_cur[year_idx-1850, :], axis = 1)
/oscar/data/deeps/private/bfoxkemp/jnickla1/Thorne_15_codefigurestats/Methods/43_Forcing_Based/1_ERF_FaIR/FaIR_all_method.py:71: RuntimeWarning: Mean of empty slice
  return np.nanmean(samp_cur[year_idx-1850, :], axis = 1)
/users/jnickla1/.conda/envs/cleanpy/lib/python3.13/site-packages/numpy/lib/_nanfunctions_impl.py:2019: RuntimeWarning: Degrees of freedom <= 0 for slice.
  var = nanvar(a, axis=axis, dtype=dtype, out=out, ddof=ddof,
/oscar/data/deeps/private/bfoxkemp/jnickla1/Thorne_15_codefigurestats/Methods/43_Forcing_Based/1_ERF_FaIR/FaIR_all_unB_method.py:95: RuntimeWarning: Mean of empty slice
  return np.nanmean(samp_cur[year_idx-1850, :], axis = 1)
/oscar/data/deeps/private/bfoxkemp/jnickla1/Thorne_15_codefigurestats/Methods/43_Forcing_Based/1_ERF_FaIR/FaIR_nonat_method.py:70: RuntimeWarning: Mean of empty slice
  return np.nanmean(samp_cur[year_idx-1850, :], axis = 1)
/oscar/data/deeps/private/bfoxkemp/jnickla1/Thorne_15_codefigurestats/Methods/43_Forcing_Based/1_ERF_FaIR/FaIR_anthro_method.py:71: RuntimeWarning: Mean of empty slice
  return np.nanmean(samp_cur[year_idx-1850, :], axis = 1)
/oscar/data/deeps/private/bfoxkemp/jnickla1/Thorne_15_codefigurestats/Methods/43_Forcing_Based/1_ERF_FaIR/FaIR_nonat_unB_method.py:97: RuntimeWarning: Mean of empty slice
  return np.nanmean(samp_cur[year_idx-1850, :], axis = 1)
/oscar/data/deeps/private/bfoxkemp/jnickla1/Thorne_15_codefigurestats/Methods/43_Forcing_Based/1_ERF_FaIR/FaIR_anthro_unB_method.py:94: RuntimeWarning: Mean of empty slice
  return np.nanmean(samp_cur[year_idx-1850, :], axis = 1)
/oscar/data/deeps/private/bfoxkemp/jnickla1/Thorne_15_codefigurestats/Methods/43_Forcing_Based/1_ERF_FaIR/FaIR_comb_unB_method.py:155: RuntimeWarning: Mean of empty slice
  return np.nanmean(samp_cur[year_idx-1850, :], axis = 1)
/oscar/data/deeps/private/bfoxkemp/jnickla1/Thorne_15_codefigurestats/Methods/43_Forcing_Based/1_ERF_FaIR/FaIR_nonat_method.py:70: RuntimeWarning: Mean of empty slice
  return np.nanmean(samp_cur[year_idx-1850, :], axis = 1)
/oscar/data/deeps/private/bfoxkemp/jnickla1/Thorne_15_codefigurestats/Methods/43_Forcing_Based/1_ERF_FaIR/FaIR_anthro_method.py:71: RuntimeWarning: Mean of empty slice
  return np.nanmean(samp_cur[year_idx-1850, :], axis = 1)
/oscar/data/deeps/private/bfoxkemp/jnickla1/Thorne_15_codefigurestats/Methods/43_Forcing_Based/1_ERF_FaIR/FaIR_anthro_unB_method.py:94: RuntimeWarning: Mean of empty slice
  return np.nanmean(samp_cur[year_idx-1850, :], axis = 1)
/oscar/data/deeps/private/bfoxkemp/jnickla1/Thorne_15_codefigurestats/Methods/43_Forcing_Based/1_ERF_FaIR/FaIR_nonat_unB_method.py:97: RuntimeWarning: Mean of empty slice
  return np.nanmean(samp_cur[year_idx-1850, :], axis = 1)
/oscar/data/deeps/private/bfoxkemp/jnickla1/Thorne_15_codefigurestats/Methods/43_Forcing_Based/1_ERF_FaIR/FaIR_nonat_method.py:70: RuntimeWarning: Mean of empty slice
  return np.nanmean(samp_cur[year_idx-1850, :], axis = 1)
/oscar/data/deeps/private/bfoxkemp/jnickla1/Thorne_15_codefigurestats/Methods/43_Forcing_Based/1_ERF_FaIR/FaIR_nonat_unB_method.py:97: RuntimeWarning: Mean of empty slice
  return np.nanmean(samp_cur[year_idx-1850, :], axis = 1)
/oscar/data/deeps/private/bfoxkemp/jnickla1/Thorne_15_codefigurestats/Methods/43_Forcing_Based/1_ERF_FaIR/FaIR_all_method.py:71: RuntimeWarning: Mean of empty slice
  return np.nanmean(samp_cur[year_idx-1850, :], axis = 1)
/oscar/data/deeps/private/bfoxkemp/jnickla1/Thorne_15_codefigurestats/Methods/43_Forcing_Based/1_ERF_FaIR/FaIR_all_unB_method.py:95: RuntimeWarning: Mean of empty slice
  return np.nanmean(samp_cur[year_idx-1850, :], axis = 1)
/oscar/data/deeps/private/bfoxkemp/jnickla1/Thorne_15_codefigurestats/Methods/43_Forcing_Based/1_ERF_FaIR/FaIR_comb_unB_method.py:155: RuntimeWarning: Mean of empty slice
  return np.nanmean(samp_cur[year_idx-1850, :], axis = 1)
/oscar/data/deeps/private/bfoxkemp/jnickla1/Thorne_15_codefigurestats/Methods/43_Forcing_Based/1_ERF_FaIR/FaIR_anthro_method.py:71: RuntimeWarning: Mean of empty slice
  return np.nanmean(samp_cur[year_idx-1850, :], axis = 1)
/oscar/data/deeps/private/bfoxkemp/jnickla1/Thorne_15_codefigurestats/Methods/43_Forcing_Based/1_ERF_FaIR/FaIR_anthro_unB_method.py:94: RuntimeWarning: Mean of empty slice
  return np.nanmean(samp_cur[year_idx-1850, :], axis = 1)
/oscar/data/deeps/private/bfoxkemp/jnickla1/Thorne_15_codefigurestats/Methods/43_Forcing_Based/1_ERF_FaIR/FaIR_nonat_method.py:70: RuntimeWarning: Mean of empty slice
  return np.nanmean(samp_cur[year_idx-1850, :], axis = 1)
/oscar/data/deeps/private/bfoxkemp/jnickla1/Thorne_15_codefigurestats/Methods/43_Forcing_Based/1_ERF_FaIR/FaIR_nonat_unB_method.py:97: RuntimeWarning: Mean of empty slice
  return np.nanmean(samp_cur[year_idx-1850, :], axis = 1)
/oscar/data/deeps/private/bfoxkemp/jnickla1/Thorne_15_codefigurestats/Methods/43_Forcing_Based/1_ERF_FaIR/FaIR_all_method.py:71: RuntimeWarning: Mean of empty slice
  return np.nanmean(samp_cur[year_idx-1850, :], axis = 1)
/oscar/data/deeps/private/bfoxkemp/jnickla1/Thorne_15_codefigurestats/Methods/43_Forcing_Based/1_ERF_FaIR/FaIR_all_unB_method.py:95: RuntimeWarning: Mean of empty slice
  return np.nanmean(samp_cur[year_idx-1850, :], axis = 1)
/oscar/data/deeps/private/bfoxkemp/jnickla1/Thorne_15_codefigurestats/Methods/43_Forcing_Based/1_ERF_FaIR/FaIR_comb_unB_method.py:155: RuntimeWarning: Mean of empty slice
  return np.nanmean(samp_cur[year_idx-1850, :], axis = 1)
/oscar/data/deeps/private/bfoxkemp/jnickla1/Thorne_15_codefigurestats/Methods/43_Forcing_Based/1_ERF_FaIR/FaIR_anthro_method.py:71: RuntimeWarning: Mean of empty slice
  return np.nanmean(samp_cur[year_idx-1850, :], axis = 1)
/users/jnickla1/.conda/envs/cleanpy/lib/python3.13/site-packages/numpy/lib/_nanfunctions_impl.py:2019: RuntimeWarning: Degrees of freedom <= 0 for slice.
  var = nanvar(a, axis=axis, dtype=dtype, out=out, ddof=ddof,
/oscar/data/deeps/private/bfoxkemp/jnickla1/Thorne_15_codefigurestats/Methods/43_Forcing_Based/1_ERF_FaIR/FaIR_anthro_method.py:99: RuntimeWarning: Mean of empty slice
  cdist = np.nanmean(dist)
/oscar/data/deeps/private/bfoxkemp/jnickla1/Thorne_15_codefigurestats/Methods/43_Forcing_Based/1_ERF_FaIR/FaIR_anthro_method.py:71: RuntimeWarning: Mean of empty slice
  return np.nanmean(samp_cur[year_idx-1850, :], axis = 1)
/users/jnickla1/.conda/envs/cleanpy/lib/python3.13/site-packages/numpy/lib/_nanfunctions_impl.py:2019: RuntimeWarning: Degrees of freedom <= 0 for slice.
  var = nanvar(a, axis=axis, dtype=dtype, out=out, ddof=ddof,
/oscar/data/deeps/private/bfoxkemp/jnickla1/Thorne_15_codefigurestats/Methods/43_Forcing_Based/1_ERF_FaIR/FaIR_anthro_method.py:99: RuntimeWarning: Mean of empty slice
  cdist = np.nanmean(dist)
/oscar/data/deeps/private/bfoxkemp/jnickla1/Thorne_15_codefigurestats/fut_evaluation_script.py:427: RuntimeWarning: Mean of empty slice
  evalmean = np.nanmean(diffcross) #if crossing multiple times take the mean
/oscar/data/deeps/private/bfoxkemp/jnickla1/Thorne_15_codefigurestats/fut_evaluation_script.py:427: RuntimeWarning: Mean of empty slice
  evalmean = np.nanmean(diffcross) #if crossing multiple times take the mean
/oscar/data/deeps/private/bfoxkemp/jnickla1/Thorne_15_codefigurestats/fut_evaluation_script.py:464: RuntimeWarning: Mean of empty slice
  evalmean = np.nanmean(diffcrossE) #if crossing multiple times take the mean
/oscar/data/deeps/private/bfoxkemp/jnickla1/Thorne_15_codefigurestats/Methods/43_Forcing_Based/1_ERF_FaIR/FaIR_anthro_unB_method.py:94: RuntimeWarning: Mean of empty slice
  return np.nanmean(samp_cur[year_idx-1850, :], axis = 1)
/users/jnickla1/.conda/envs/cleanpy/lib/python3.13/site-packages/numpy/lib/_nanfunctions_impl.py:2019: RuntimeWarning: Degrees of freedom <= 0 for slice.
  var = nanvar(a, axis=axis, dtype=dtype, out=out, ddof=ddof,
/oscar/data/deeps/private/bfoxkemp/jnickla1/Thorne_15_codefigurestats/Methods/43_Forcing_Based/1_ERF_FaIR/FaIR_anthro_unB_method.py:122: RuntimeWarning: Mean of empty slice
  cdist = np.nanmean(dist)
/oscar/data/deeps/private/bfoxkemp/jnickla1/Thorne_15_codefigurestats/Methods/43_Forcing_Based/1_ERF_FaIR/FaIR_anthro_unB_method.py:94: RuntimeWarning: Mean of empty slice
  return np.nanmean(samp_cur[year_idx-1850, :], axis = 1)
/users/jnickla1/.conda/envs/cleanpy/lib/python3.13/site-packages/numpy/lib/_nanfunctions_impl.py:2019: RuntimeWarning: Degrees of freedom <= 0 for slice.
  var = nanvar(a, axis=axis, dtype=dtype, out=out, ddof=ddof,
/oscar/data/deeps/private/bfoxkemp/jnickla1/Thorne_15_codefigurestats/Methods/43_Forcing_Based/1_ERF_FaIR/FaIR_anthro_unB_method.py:122: RuntimeWarning: Mean of empty slice
  cdist = np.nanmean(dist)
/oscar/data/deeps/private/bfoxkemp/jnickla1/Thorne_15_codefigurestats/Methods/43_Forcing_Based/1_ERF_FaIR/FaIR_all_method.py:53: RuntimeWarning: Mean of empty slice
  samp_mean =  np.nanmean(samp_cur, axis = 1)
/oscar/data/deeps/private/bfoxkemp/jnickla1/Thorne_15_codefigurestats/Methods/43_Forcing_Based/1_ERF_FaIR/FaIR_all_unB_method.py:70: RuntimeWarning: Mean of empty slice
  samp_mean =  np.nanmean(samp_cur, axis = 1)
/oscar/data/deeps/private/bfoxkemp/jnickla1/Thorne_15_codefigurestats/Methods/43_Forcing_Based/1_ERF_FaIR/FaIR_all_method.py:53: RuntimeWarning: Mean of empty slice
  samp_mean =  np.nanmean(samp_cur, axis = 1)
/oscar/data/deeps/private/bfoxkemp/jnickla1/Thorne_15_codefigurestats/Methods/43_Forcing_Based/1_ERF_FaIR/FaIR_anthro_method.py:53: RuntimeWarning: Mean of empty slice
  samp_mean =  np.nanmean(samp_cur, axis = 1)
/oscar/data/deeps/private/bfoxkemp/jnickla1/Thorne_15_codefigurestats/Methods/43_Forcing_Based/1_ERF_FaIR/FaIR_all_unB_method.py:70: RuntimeWarning: Mean of empty slice
  samp_mean =  np.nanmean(samp_cur, axis = 1)
/oscar/data/deeps/private/bfoxkemp/jnickla1/Thorne_15_codefigurestats/Methods/43_Forcing_Based/1_ERF_FaIR/FaIR_all_method.py:53: RuntimeWarning: Mean of empty slice
  samp_mean =  np.nanmean(samp_cur, axis = 1)
/oscar/data/deeps/private/bfoxkemp/jnickla1/Thorne_15_codefigurestats/Methods/43_Forcing_Based/1_ERF_FaIR/FaIR_anthro_unB_method.py:70: RuntimeWarning: Mean of empty slice
  samp_mean =  np.nanmean(samp_cur, axis = 1)
/oscar/data/deeps/private/bfoxkemp/jnickla1/Thorne_15_codefigurestats/Methods/43_Forcing_Based/1_ERF_FaIR/FaIR_all_unB_method.py:70: RuntimeWarning: Mean of empty slice
  samp_mean =  np.nanmean(samp_cur, axis = 1)
/oscar/data/deeps/private/bfoxkemp/jnickla1/Thorne_15_codefigurestats/Methods/43_Forcing_Based/1_ERF_FaIR/FaIR_anthro_method.py:53: RuntimeWarning: Mean of empty slice
  samp_mean =  np.nanmean(samp_cur, axis = 1)
/oscar/data/deeps/private/bfoxkemp/jnickla1/Thorne_15_codefigurestats/Methods/43_Forcing_Based/1_ERF_FaIR/FaIR_comb_unB_method.py:70: RuntimeWarning: Mean of empty slice
  samp_mean =  np.nanmean(samp_cur, axis = 1)
/oscar/data/deeps/private/bfoxkemp/jnickla1/Thorne_15_codefigurestats/Methods/43_Forcing_Based/1_ERF_FaIR/FaIR_comb_unB_method.py:126: RuntimeWarning: Mean of empty slice
  samp_meanAll =  np.nanmean(samp_curAll, axis = 1)
/oscar/data/deeps/private/bfoxkemp/jnickla1/Thorne_15_codefigurestats/Methods/43_Forcing_Based/1_ERF_FaIR/FaIR_anthro_method.py:53: RuntimeWarning: Mean of empty slice
  samp_mean =  np.nanmean(samp_cur, axis = 1)
/oscar/data/deeps/private/bfoxkemp/jnickla1/Thorne_15_codefigurestats/Methods/43_Forcing_Based/1_ERF_FaIR/FaIR_anthro_unB_method.py:70: RuntimeWarning: Mean of empty slice
  samp_mean =  np.nanmean(samp_cur, axis = 1)
/oscar/data/deeps/private/bfoxkemp/jnickla1/Thorne_15_codefigurestats/Methods/43_Forcing_Based/1_ERF_FaIR/FaIR_anthro_unB_method.py:70: RuntimeWarning: Mean of empty slice
  samp_mean =  np.nanmean(samp_cur, axis = 1)
/oscar/data/deeps/private/bfoxkemp/jnickla1/Thorne_15_codefigurestats/Methods/43_Forcing_Based/1_ERF_FaIR/FaIR_nonat_method.py:53: RuntimeWarning: Mean of empty slice
  samp_mean =  np.nanmean(samp_cur, axis = 1)
/oscar/data/deeps/private/bfoxkemp/jnickla1/Thorne_15_codefigurestats/Methods/43_Forcing_Based/1_ERF_FaIR/FaIR_comb_unB_method.py:70: RuntimeWarning: Mean of empty slice
  samp_mean =  np.nanmean(samp_cur, axis = 1)
/oscar/data/deeps/private/bfoxkemp/jnickla1/Thorne_15_codefigurestats/Methods/43_Forcing_Based/1_ERF_FaIR/FaIR_comb_unB_method.py:126: RuntimeWarning: Mean of empty slice
  samp_meanAll =  np.nanmean(samp_curAll, axis = 1)
/oscar/data/deeps/private/bfoxkemp/jnickla1/Thorne_15_codefigurestats/Methods/43_Forcing_Based/1_ERF_FaIR/FaIR_comb_unB_method.py:70: RuntimeWarning: Mean of empty slice
  samp_mean =  np.nanmean(samp_cur, axis = 1)
/oscar/data/deeps/private/bfoxkemp/jnickla1/Thorne_15_codefigurestats/Methods/43_Forcing_Based/1_ERF_FaIR/FaIR_nonat_unB_method.py:72: RuntimeWarning: Mean of empty slice
  samp_mean =  np.nanmean(samp_cur, axis = 1)
/oscar/data/deeps/private/bfoxkemp/jnickla1/Thorne_15_codefigurestats/Methods/43_Forcing_Based/1_ERF_FaIR/FaIR_comb_unB_method.py:126: RuntimeWarning: Mean of empty slice
  samp_meanAll =  np.nanmean(samp_curAll, axis = 1)
/oscar/data/deeps/private/bfoxkemp/jnickla1/Thorne_15_codefigurestats/Methods/43_Forcing_Based/1_ERF_FaIR/FaIR_all_method.py:71: RuntimeWarning: Mean of empty slice
  return np.nanmean(samp_cur[year_idx-1850, :], axis = 1)
/oscar/data/deeps/private/bfoxkemp/jnickla1/Thorne_15_codefigurestats/Methods/43_Forcing_Based/1_ERF_FaIR/FaIR_nonat_method.py:53: RuntimeWarning: Mean of empty slice
  samp_mean =  np.nanmean(samp_cur, axis = 1)
/users/jnickla1/.conda/envs/cleanpy/lib/python3.13/site-packages/numpy/lib/_nanfunctions_impl.py:2019: RuntimeWarning: Degrees of freedom <= 0 for slice.
  var = nanvar(a, axis=axis, dtype=dtype, out=out, ddof=ddof,
/oscar/data/deeps/private/bfoxkemp/jnickla1/Thorne_15_codefigurestats/Methods/43_Forcing_Based/1_ERF_FaIR/FaIR_all_unB_method.py:95: RuntimeWarning: Mean of empty slice
  return np.nanmean(samp_cur[year_idx-1850, :], axis = 1)
/oscar/data/deeps/private/bfoxkemp/jnickla1/Thorne_15_codefigurestats/Methods/43_Forcing_Based/1_ERF_FaIR/FaIR_nonat_method.py:53: RuntimeWarning: Mean of empty slice
  samp_mean =  np.nanmean(samp_cur, axis = 1)
/oscar/data/deeps/private/bfoxkemp/jnickla1/Thorne_15_codefigurestats/Methods/43_Forcing_Based/1_ERF_FaIR/FaIR_anthro_method.py:71: RuntimeWarning: Mean of empty slice
  return np.nanmean(samp_cur[year_idx-1850, :], axis = 1)
/oscar/data/deeps/private/bfoxkemp/jnickla1/Thorne_15_codefigurestats/Methods/43_Forcing_Based/1_ERF_FaIR/FaIR_anthro_unB_method.py:94: RuntimeWarning: Mean of empty slice
  return np.nanmean(samp_cur[year_idx-1850, :], axis = 1)
/oscar/data/deeps/private/bfoxkemp/jnickla1/Thorne_15_codefigurestats/Methods/43_Forcing_Based/1_ERF_FaIR/FaIR_comb_unB_method.py:155: RuntimeWarning: Mean of empty slice
  return np.nanmean(samp_cur[year_idx-1850, :], axis = 1)
/oscar/data/deeps/private/bfoxkemp/jnickla1/Thorne_15_codefigurestats/Methods/43_Forcing_Based/1_ERF_FaIR/FaIR_nonat_unB_method.py:72: RuntimeWarning: Mean of empty slice
  samp_mean =  np.nanmean(samp_cur, axis = 1)
/oscar/data/deeps/private/bfoxkemp/jnickla1/Thorne_15_codefigurestats/Methods/43_Forcing_Based/1_ERF_FaIR/FaIR_nonat_unB_method.py:72: RuntimeWarning: Mean of empty slice
  samp_mean =  np.nanmean(samp_cur, axis = 1)
/oscar/data/deeps/private/bfoxkemp/jnickla1/Thorne_15_codefigurestats/Methods/43_Forcing_Based/1_ERF_FaIR/FaIR_nonat_method.py:70: RuntimeWarning: Mean of empty slice
  return np.nanmean(samp_cur[year_idx-1850, :], axis = 1)
/oscar/data/deeps/private/bfoxkemp/jnickla1/Thorne_15_codefigurestats/Methods/43_Forcing_Based/1_ERF_FaIR/FaIR_nonat_unB_method.py:97: RuntimeWarning: Mean of empty slice
  return np.nanmean(samp_cur[year_idx-1850, :], axis = 1)
/oscar/data/deeps/private/bfoxkemp/jnickla1/Thorne_15_codefigurestats/Methods/43_Forcing_Based/1_ERF_FaIR/FaIR_all_method.py:71: RuntimeWarning: Mean of empty slice
  return np.nanmean(samp_cur[year_idx-1850, :], axis = 1)
/oscar/data/deeps/private/bfoxkemp/jnickla1/Thorne_15_codefigurestats/Methods/43_Forcing_Based/1_ERF_FaIR/FaIR_all_method.py:71: RuntimeWarning: Mean of empty slice
  return np.nanmean(samp_cur[year_idx-1850, :], axis = 1)
/users/jnickla1/.conda/envs/cleanpy/lib/python3.13/site-packages/numpy/lib/_nanfunctions_impl.py:2019: RuntimeWarning: Degrees of freedom <= 0 for slice.
  var = nanvar(a, axis=axis, dtype=dtype, out=out, ddof=ddof,
/oscar/data/deeps/private/bfoxkemp/jnickla1/Thorne_15_codefigurestats/Methods/43_Forcing_Based/1_ERF_FaIR/FaIR_all_unB_method.py:95: RuntimeWarning: Mean of empty slice
  return np.nanmean(samp_cur[year_idx-1850, :], axis = 1)
/users/jnickla1/.conda/envs/cleanpy/lib/python3.13/site-packages/numpy/lib/_nanfunctions_impl.py:2019: RuntimeWarning: Degrees of freedom <= 0 for slice.
  var = nanvar(a, axis=axis, dtype=dtype, out=out, ddof=ddof,
/oscar/data/deeps/private/bfoxkemp/jnickla1/Thorne_15_codefigurestats/Methods/43_Forcing_Based/1_ERF_FaIR/FaIR_all_unB_method.py:95: RuntimeWarning: Mean of empty slice
  return np.nanmean(samp_cur[year_idx-1850, :], axis = 1)
/oscar/data/deeps/private/bfoxkemp/jnickla1/Thorne_15_codefigurestats/Methods/43_Forcing_Based/1_ERF_FaIR/FaIR_anthro_method.py:71: RuntimeWarning: Mean of empty slice
  return np.nanmean(samp_cur[year_idx-1850, :], axis = 1)
/oscar/data/deeps/private/bfoxkemp/jnickla1/Thorne_15_codefigurestats/Methods/43_Forcing_Based/1_ERF_FaIR/FaIR_anthro_method.py:71: RuntimeWarning: Mean of empty slice
  return np.nanmean(samp_cur[year_idx-1850, :], axis = 1)
/oscar/data/deeps/private/bfoxkemp/jnickla1/Thorne_15_codefigurestats/Methods/43_Forcing_Based/1_ERF_FaIR/FaIR_anthro_unB_method.py:94: RuntimeWarning: Mean of empty slice
  return np.nanmean(samp_cur[year_idx-1850, :], axis = 1)
/oscar/data/deeps/private/bfoxkemp/jnickla1/Thorne_15_codefigurestats/Methods/43_Forcing_Based/1_ERF_FaIR/FaIR_anthro_unB_method.py:94: RuntimeWarning: Mean of empty slice
  return np.nanmean(samp_cur[year_idx-1850, :], axis = 1)
/oscar/data/deeps/private/bfoxkemp/jnickla1/Thorne_15_codefigurestats/Methods/43_Forcing_Based/1_ERF_FaIR/FaIR_nonat_method.py:70: RuntimeWarning: Mean of empty slice
  return np.nanmean(samp_cur[year_idx-1850, :], axis = 1)
/oscar/data/deeps/private/bfoxkemp/jnickla1/Thorne_15_codefigurestats/Methods/43_Forcing_Based/1_ERF_FaIR/FaIR_nonat_unB_method.py:97: RuntimeWarning: Mean of empty slice
  return np.nanmean(samp_cur[year_idx-1850, :], axis = 1)
/oscar/data/deeps/private/bfoxkemp/jnickla1/Thorne_15_codefigurestats/Methods/43_Forcing_Based/1_ERF_FaIR/FaIR_anthro_method.py:71: RuntimeWarning: Mean of empty slice
  return np.nanmean(samp_cur[year_idx-1850, :], axis = 1)
/oscar/data/deeps/private/bfoxkemp/jnickla1/Thorne_15_codefigurestats/Methods/43_Forcing_Based/1_ERF_FaIR/FaIR_comb_unB_method.py:155: RuntimeWarning: Mean of empty slice
  return np.nanmean(samp_cur[year_idx-1850, :], axis = 1)
/oscar/data/deeps/private/bfoxkemp/jnickla1/Thorne_15_codefigurestats/Methods/43_Forcing_Based/1_ERF_FaIR/FaIR_all_method.py:71: RuntimeWarning: Mean of empty slice
  return np.nanmean(samp_cur[year_idx-1850, :], axis = 1)
/oscar/data/deeps/private/bfoxkemp/jnickla1/Thorne_15_codefigurestats/Methods/43_Forcing_Based/1_ERF_FaIR/FaIR_all_unB_method.py:95: RuntimeWarning: Mean of empty slice
  return np.nanmean(samp_cur[year_idx-1850, :], axis = 1)
/oscar/data/deeps/private/bfoxkemp/jnickla1/Thorne_15_codefigurestats/Methods/43_Forcing_Based/1_ERF_FaIR/FaIR_anthro_unB_method.py:94: RuntimeWarning: Mean of empty slice
  return np.nanmean(samp_cur[year_idx-1850, :], axis = 1)
/oscar/data/deeps/private/bfoxkemp/jnickla1/Thorne_15_codefigurestats/Methods/43_Forcing_Based/1_ERF_FaIR/FaIR_nonat_method.py:70: RuntimeWarning: Mean of empty slice
  return np.nanmean(samp_cur[year_idx-1850, :], axis = 1)
/oscar/data/deeps/private/bfoxkemp/jnickla1/Thorne_15_codefigurestats/Methods/43_Forcing_Based/1_ERF_FaIR/FaIR_comb_unB_method.py:155: RuntimeWarning: Mean of empty slice
  return np.nanmean(samp_cur[year_idx-1850, :], axis = 1)
/oscar/data/deeps/private/bfoxkemp/jnickla1/Thorne_15_codefigurestats/Methods/43_Forcing_Based/1_ERF_FaIR/FaIR_comb_unB_method.py:155: RuntimeWarning: Mean of empty slice
  return np.nanmean(samp_cur[year_idx-1850, :], axis = 1)
/oscar/data/deeps/private/bfoxkemp/jnickla1/Thorne_15_codefigurestats/Methods/43_Forcing_Based/1_ERF_FaIR/FaIR_nonat_unB_method.py:97: RuntimeWarning: Mean of empty slice
  return np.nanmean(samp_cur[year_idx-1850, :], axis = 1)
/oscar/data/deeps/private/bfoxkemp/jnickla1/Thorne_15_codefigurestats/Methods/43_Forcing_Based/1_ERF_FaIR/FaIR_nonat_method.py:70: RuntimeWarning: Mean of empty slice
  return np.nanmean(samp_cur[year_idx-1850, :], axis = 1)
/oscar/data/deeps/private/bfoxkemp/jnickla1/Thorne_15_codefigurestats/Methods/43_Forcing_Based/1_ERF_FaIR/FaIR_nonat_unB_method.py:97: RuntimeWarning: Mean of empty slice
  return np.nanmean(samp_cur[year_idx-1850, :], axis = 1)
/oscar/data/deeps/private/bfoxkemp/jnickla1/Thorne_15_codefigurestats/Methods/43_Forcing_Based/1_ERF_FaIR/FaIR_anthro_method.py:71: RuntimeWarning: Mean of empty slice
  return np.nanmean(samp_cur[year_idx-1850, :], axis = 1)
/oscar/data/deeps/private/bfoxkemp/jnickla1/Thorne_15_codefigurestats/Methods/43_Forcing_Based/1_ERF_FaIR/FaIR_anthro_unB_method.py:94: RuntimeWarning: Mean of empty slice
  return np.nanmean(samp_cur[year_idx-1850, :], axis = 1)
/oscar/data/deeps/private/bfoxkemp/jnickla1/Thorne_15_codefigurestats/Methods/43_Forcing_Based/1_ERF_FaIR/FaIR_nonat_method.py:70: RuntimeWarning: Mean of empty slice
  return np.nanmean(samp_cur[year_idx-1850, :], axis = 1)
/oscar/data/deeps/private/bfoxkemp/jnickla1/Thorne_15_codefigurestats/Methods/43_Forcing_Based/1_ERF_FaIR/FaIR_nonat_unB_method.py:97: RuntimeWarning: Mean of empty slice
  return np.nanmean(samp_cur[year_idx-1850, :], axis = 1)
/oscar/data/deeps/private/bfoxkemp/jnickla1/Thorne_15_codefigurestats/Methods/43_Forcing_Based/1_ERF_FaIR/FaIR_anthro_method.py:71: RuntimeWarning: Mean of empty slice
  return np.nanmean(samp_cur[year_idx-1850, :], axis = 1)
/oscar/data/deeps/private/bfoxkemp/jnickla1/Thorne_15_codefigurestats/Methods/43_Forcing_Based/1_ERF_FaIR/FaIR_all_method.py:71: RuntimeWarning: Mean of empty slice
  return np.nanmean(samp_cur[year_idx-1850, :], axis = 1)
/oscar/data/deeps/private/bfoxkemp/jnickla1/Thorne_15_codefigurestats/Methods/43_Forcing_Based/1_ERF_FaIR/FaIR_all_unB_method.py:95: RuntimeWarning: Mean of empty slice
  return np.nanmean(samp_cur[year_idx-1850, :], axis = 1)
/oscar/data/deeps/private/bfoxkemp/jnickla1/Thorne_15_codefigurestats/Methods/43_Forcing_Based/1_ERF_FaIR/FaIR_comb_unB_method.py:155: RuntimeWarning: Mean of empty slice
  return np.nanmean(samp_cur[year_idx-1850, :], axis = 1)
/oscar/data/deeps/private/bfoxkemp/jnickla1/Thorne_15_codefigurestats/Methods/43_Forcing_Based/1_ERF_FaIR/FaIR_anthro_unB_method.py:94: RuntimeWarning: Mean of empty slice
  return np.nanmean(samp_cur[year_idx-1850, :], axis = 1)
/oscar/data/deeps/private/bfoxkemp/jnickla1/Thorne_15_codefigurestats/Methods/43_Forcing_Based/1_ERF_FaIR/FaIR_nonat_method.py:70: RuntimeWarning: Mean of empty slice
  return np.nanmean(samp_cur[year_idx-1850, :], axis = 1)
/oscar/data/deeps/private/bfoxkemp/jnickla1/Thorne_15_codefigurestats/Methods/43_Forcing_Based/1_ERF_FaIR/FaIR_nonat_unB_method.py:97: RuntimeWarning: Mean of empty slice
  return np.nanmean(samp_cur[year_idx-1850, :], axis = 1)
/oscar/data/deeps/private/bfoxkemp/jnickla1/Thorne_15_codefigurestats/Methods/43_Forcing_Based/1_ERF_FaIR/FaIR_all_method.py:71: RuntimeWarning: Mean of empty slice
  return np.nanmean(samp_cur[year_idx-1850, :], axis = 1)
/oscar/data/deeps/private/bfoxkemp/jnickla1/Thorne_15_codefigurestats/Methods/43_Forcing_Based/1_ERF_FaIR/FaIR_all_unB_method.py:95: RuntimeWarning: Mean of empty slice
  return np.nanmean(samp_cur[year_idx-1850, :], axis = 1)
/oscar/data/deeps/private/bfoxkemp/jnickla1/Thorne_15_codefigurestats/Methods/43_Forcing_Based/1_ERF_FaIR/FaIR_comb_unB_method.py:155: RuntimeWarning: Mean of empty slice
  return np.nanmean(samp_cur[year_idx-1850, :], axis = 1)
/oscar/data/deeps/private/bfoxkemp/jnickla1/Thorne_15_codefigurestats/Methods/43_Forcing_Based/1_ERF_FaIR/FaIR_anthro_method.py:71: RuntimeWarning: Mean of empty slice
  return np.nanmean(samp_cur[year_idx-1850, :], axis = 1)
/users/jnickla1/.conda/envs/cleanpy/lib/python3.13/site-packages/numpy/lib/_nanfunctions_impl.py:2019: RuntimeWarning: Degrees of freedom <= 0 for slice.
  var = nanvar(a, axis=axis, dtype=dtype, out=out, ddof=ddof,
/oscar/data/deeps/private/bfoxkemp/jnickla1/Thorne_15_codefigurestats/Methods/43_Forcing_Based/1_ERF_FaIR/FaIR_anthro_method.py:99: RuntimeWarning: Mean of empty slice
  cdist = np.nanmean(dist)
/oscar/data/deeps/private/bfoxkemp/jnickla1/Thorne_15_codefigurestats/Methods/43_Forcing_Based/1_ERF_FaIR/FaIR_anthro_method.py:71: RuntimeWarning: Mean of empty slice
  return np.nanmean(samp_cur[year_idx-1850, :], axis = 1)
/users/jnickla1/.conda/envs/cleanpy/lib/python3.13/site-packages/numpy/lib/_nanfunctions_impl.py:2019: RuntimeWarning: Degrees of freedom <= 0 for slice.
  var = nanvar(a, axis=axis, dtype=dtype, out=out, ddof=ddof,
/oscar/data/deeps/private/bfoxkemp/jnickla1/Thorne_15_codefigurestats/Methods/43_Forcing_Based/1_ERF_FaIR/FaIR_anthro_method.py:99: RuntimeWarning: Mean of empty slice
  cdist = np.nanmean(dist)
/oscar/data/deeps/private/bfoxkemp/jnickla1/Thorne_15_codefigurestats/Methods/43_Forcing_Based/1_ERF_FaIR/FaIR_anthro_method.py:71: RuntimeWarning: Mean of empty slice
  return np.nanmean(samp_cur[year_idx-1850, :], axis = 1)
/users/jnickla1/.conda/envs/cleanpy/lib/python3.13/site-packages/numpy/lib/_nanfunctions_impl.py:2019: RuntimeWarning: Degrees of freedom <= 0 for slice.
  var = nanvar(a, axis=axis, dtype=dtype, out=out, ddof=ddof,
/oscar/data/deeps/private/bfoxkemp/jnickla1/Thorne_15_codefigurestats/Methods/43_Forcing_Based/1_ERF_FaIR/FaIR_anthro_method.py:99: RuntimeWarning: Mean of empty slice
  cdist = np.nanmean(dist)
/oscar/data/deeps/private/bfoxkemp/jnickla1/Thorne_15_codefigurestats/Methods/43_Forcing_Based/1_ERF_FaIR/FaIR_nonat_method.py:70: RuntimeWarning: Mean of empty slice
  return np.nanmean(samp_cur[year_idx-1850, :], axis = 1)
/users/jnickla1/.conda/envs/cleanpy/lib/python3.13/site-packages/numpy/lib/_nanfunctions_impl.py:2019: RuntimeWarning: Degrees of freedom <= 0 for slice.
  var = nanvar(a, axis=axis, dtype=dtype, out=out, ddof=ddof,
/oscar/data/deeps/private/bfoxkemp/jnickla1/Thorne_15_codefigurestats/Methods/43_Forcing_Based/1_ERF_FaIR/FaIR_nonat_method.py:98: RuntimeWarning: Mean of empty slice
  cdist = np.nanmean(dist)
/oscar/data/deeps/private/bfoxkemp/jnickla1/Thorne_15_codefigurestats/Methods/43_Forcing_Based/1_ERF_FaIR/FaIR_nonat_method.py:70: RuntimeWarning: Mean of empty slice
  return np.nanmean(samp_cur[year_idx-1850, :], axis = 1)
/users/jnickla1/.conda/envs/cleanpy/lib/python3.13/site-packages/numpy/lib/_nanfunctions_impl.py:2019: RuntimeWarning: Degrees of freedom <= 0 for slice.
  var = nanvar(a, axis=axis, dtype=dtype, out=out, ddof=ddof,
/oscar/data/deeps/private/bfoxkemp/jnickla1/Thorne_15_codefigurestats/Methods/43_Forcing_Based/1_ERF_FaIR/FaIR_nonat_method.py:98: RuntimeWarning: Mean of empty slice
  cdist = np.nanmean(dist)
/oscar/data/deeps/private/bfoxkemp/jnickla1/Thorne_15_codefigurestats/fut_evaluation_script.py:427: RuntimeWarning: Mean of empty slice
  evalmean = np.nanmean(diffcross) #if crossing multiple times take the mean
/oscar/data/deeps/private/bfoxkemp/jnickla1/Thorne_15_codefigurestats/Methods/43_Forcing_Based/1_ERF_FaIR/FaIR_anthro_unB_method.py:94: RuntimeWarning: Mean of empty slice
  return np.nanmean(samp_cur[year_idx-1850, :], axis = 1)
/users/jnickla1/.conda/envs/cleanpy/lib/python3.13/site-packages/numpy/lib/_nanfunctions_impl.py:2019: RuntimeWarning: Degrees of freedom <= 0 for slice.
  var = nanvar(a, axis=axis, dtype=dtype, out=out, ddof=ddof,
/oscar/data/deeps/private/bfoxkemp/jnickla1/Thorne_15_codefigurestats/Methods/43_Forcing_Based/1_ERF_FaIR/FaIR_anthro_unB_method.py:122: RuntimeWarning: Mean of empty slice
  cdist = np.nanmean(dist)
/oscar/data/deeps/private/bfoxkemp/jnickla1/Thorne_15_codefigurestats/Methods/43_Forcing_Based/1_ERF_FaIR/FaIR_anthro_unB_method.py:94: RuntimeWarning: Mean of empty slice
  return np.nanmean(samp_cur[year_idx-1850, :], axis = 1)
/users/jnickla1/.conda/envs/cleanpy/lib/python3.13/site-packages/numpy/lib/_nanfunctions_impl.py:2019: RuntimeWarning: Degrees of freedom <= 0 for slice.
  var = nanvar(a, axis=axis, dtype=dtype, out=out, ddof=ddof,
/oscar/data/deeps/private/bfoxkemp/jnickla1/Thorne_15_codefigurestats/Methods/43_Forcing_Based/1_ERF_FaIR/FaIR_anthro_unB_method.py:122: RuntimeWarning: Mean of empty slice
  cdist = np.nanmean(dist)
/oscar/data/deeps/private/bfoxkemp/jnickla1/Thorne_15_codefigurestats/Methods/43_Forcing_Based/1_ERF_FaIR/FaIR_nonat_unB_method.py:97: RuntimeWarning: Mean of empty slice
  return np.nanmean(samp_cur[year_idx-1850, :], axis = 1)
/users/jnickla1/.conda/envs/cleanpy/lib/python3.13/site-packages/numpy/lib/_nanfunctions_impl.py:2019: RuntimeWarning: Degrees of freedom <= 0 for slice.
  var = nanvar(a, axis=axis, dtype=dtype, out=out, ddof=ddof,
/oscar/data/deeps/private/bfoxkemp/jnickla1/Thorne_15_codefigurestats/Methods/43_Forcing_Based/1_ERF_FaIR/FaIR_nonat_unB_method.py:125: RuntimeWarning: Mean of empty slice
  cdist = np.nanmean(dist)
/oscar/data/deeps/private/bfoxkemp/jnickla1/Thorne_15_codefigurestats/Methods/43_Forcing_Based/1_ERF_FaIR/FaIR_nonat_unB_method.py:97: RuntimeWarning: Mean of empty slice
  return np.nanmean(samp_cur[year_idx-1850, :], axis = 1)
/users/jnickla1/.conda/envs/cleanpy/lib/python3.13/site-packages/numpy/lib/_nanfunctions_impl.py:2019: RuntimeWarning: Degrees of freedom <= 0 for slice.
  var = nanvar(a, axis=axis, dtype=dtype, out=out, ddof=ddof,
/oscar/data/deeps/private/bfoxkemp/jnickla1/Thorne_15_codefigurestats/Methods/43_Forcing_Based/1_ERF_FaIR/FaIR_nonat_unB_method.py:125: RuntimeWarning: Mean of empty slice
  cdist = np.nanmean(dist)
/oscar/data/deeps/private/bfoxkemp/jnickla1/Thorne_15_codefigurestats/Methods/43_Forcing_Based/1_ERF_FaIR/FaIR_anthro_unB_method.py:94: RuntimeWarning: Mean of empty slice
  return np.nanmean(samp_cur[year_idx-1850, :], axis = 1)
/users/jnickla1/.conda/envs/cleanpy/lib/python3.13/site-packages/numpy/lib/_nanfunctions_impl.py:2019: RuntimeWarning: Degrees of freedom <= 0 for slice.
  var = nanvar(a, axis=axis, dtype=dtype, out=out, ddof=ddof,
/oscar/data/deeps/private/bfoxkemp/jnickla1/Thorne_15_codefigurestats/Methods/43_Forcing_Based/1_ERF_FaIR/FaIR_anthro_unB_method.py:122: RuntimeWarning: Mean of empty slice
  cdist = np.nanmean(dist)
/oscar/data/deeps/private/bfoxkemp/jnickla1/Thorne_15_codefigurestats/Methods/43_Forcing_Based/1_ERF_FaIR/FaIR_nonat_method.py:70: RuntimeWarning: Mean of empty slice
  return np.nanmean(samp_cur[year_idx-1850, :], axis = 1)
/users/jnickla1/.conda/envs/cleanpy/lib/python3.13/site-packages/numpy/lib/_nanfunctions_impl.py:2019: RuntimeWarning: Degrees of freedom <= 0 for slice.
  var = nanvar(a, axis=axis, dtype=dtype, out=out, ddof=ddof,
/oscar/data/deeps/private/bfoxkemp/jnickla1/Thorne_15_codefigurestats/Methods/43_Forcing_Based/1_ERF_FaIR/FaIR_nonat_method.py:98: RuntimeWarning: Mean of empty slice
  cdist = np.nanmean(dist)
/oscar/data/deeps/private/bfoxkemp/jnickla1/Thorne_15_codefigurestats/Methods/43_Forcing_Based/1_ERF_FaIR/FaIR_nonat_method.py:70: RuntimeWarning: Mean of empty slice
  return np.nanmean(samp_cur[year_idx-1850, :], axis = 1)
/users/jnickla1/.conda/envs/cleanpy/lib/python3.13/site-packages/numpy/lib/_nanfunctions_impl.py:2019: RuntimeWarning: Degrees of freedom <= 0 for slice.
  var = nanvar(a, axis=axis, dtype=dtype, out=out, ddof=ddof,
/oscar/data/deeps/private/bfoxkemp/jnickla1/Thorne_15_codefigurestats/Methods/43_Forcing_Based/1_ERF_FaIR/FaIR_nonat_method.py:98: RuntimeWarning: Mean of empty slice
  cdist = np.nanmean(dist)
/oscar/data/deeps/private/bfoxkemp/jnickla1/Thorne_15_codefigurestats/Methods/43_Forcing_Based/1_ERF_FaIR/FaIR_all_method.py:71: RuntimeWarning: Mean of empty slice
  return np.nanmean(samp_cur[year_idx-1850, :], axis = 1)
/users/jnickla1/.conda/envs/cleanpy/lib/python3.13/site-packages/numpy/lib/_nanfunctions_impl.py:2019: RuntimeWarning: Degrees of freedom <= 0 for slice.
  var = nanvar(a, axis=axis, dtype=dtype, out=out, ddof=ddof,
/oscar/data/deeps/private/bfoxkemp/jnickla1/Thorne_15_codefigurestats/Methods/43_Forcing_Based/1_ERF_FaIR/FaIR_all_method.py:99: RuntimeWarning: Mean of empty slice
  cdist = np.nanmean(dist)
/oscar/data/deeps/private/bfoxkemp/jnickla1/Thorne_15_codefigurestats/Methods/43_Forcing_Based/1_ERF_FaIR/FaIR_all_method.py:71: RuntimeWarning: Mean of empty slice
  return np.nanmean(samp_cur[year_idx-1850, :], axis = 1)
/users/jnickla1/.conda/envs/cleanpy/lib/python3.13/site-packages/numpy/lib/_nanfunctions_impl.py:2019: RuntimeWarning: Degrees of freedom <= 0 for slice.
  var = nanvar(a, axis=axis, dtype=dtype, out=out, ddof=ddof,
/oscar/data/deeps/private/bfoxkemp/jnickla1/Thorne_15_codefigurestats/Methods/43_Forcing_Based/1_ERF_FaIR/FaIR_all_method.py:99: RuntimeWarning: Mean of empty slice
  cdist = np.nanmean(dist)
/oscar/data/deeps/private/bfoxkemp/jnickla1/Thorne_15_codefigurestats/Methods/43_Forcing_Based/1_ERF_FaIR/FaIR_nonat_unB_method.py:97: RuntimeWarning: Mean of empty slice
  return np.nanmean(samp_cur[year_idx-1850, :], axis = 1)
/users/jnickla1/.conda/envs/cleanpy/lib/python3.13/site-packages/numpy/lib/_nanfunctions_impl.py:2019: RuntimeWarning: Degrees of freedom <= 0 for slice.
  var = nanvar(a, axis=axis, dtype=dtype, out=out, ddof=ddof,
/oscar/data/deeps/private/bfoxkemp/jnickla1/Thorne_15_codefigurestats/Methods/43_Forcing_Based/1_ERF_FaIR/FaIR_nonat_unB_method.py:125: RuntimeWarning: Mean of empty slice
  cdist = np.nanmean(dist)
/oscar/data/deeps/private/bfoxkemp/jnickla1/Thorne_15_codefigurestats/fut_evaluation_script.py:427: RuntimeWarning: Mean of empty slice
  evalmean = np.nanmean(diffcross) #if crossing multiple times take the mean
/oscar/data/deeps/private/bfoxkemp/jnickla1/Thorne_15_codefigurestats/Methods/43_Forcing_Based/1_ERF_FaIR/FaIR_nonat_method.py:70: RuntimeWarning: Mean of empty slice
  return np.nanmean(samp_cur[year_idx-1850, :], axis = 1)
/users/jnickla1/.conda/envs/cleanpy/lib/python3.13/site-packages/numpy/lib/_nanfunctions_impl.py:2019: RuntimeWarning: Degrees of freedom <= 0 for slice.
  var = nanvar(a, axis=axis, dtype=dtype, out=out, ddof=ddof,
/oscar/data/deeps/private/bfoxkemp/jnickla1/Thorne_15_codefigurestats/Methods/43_Forcing_Based/1_ERF_FaIR/FaIR_nonat_method.py:98: RuntimeWarning: Mean of empty slice
  cdist = np.nanmean(dist)
/oscar/data/deeps/private/bfoxkemp/jnickla1/Thorne_15_codefigurestats/Methods/43_Forcing_Based/1_ERF_FaIR/FaIR_nonat_unB_method.py:97: RuntimeWarning: Mean of empty slice
  return np.nanmean(samp_cur[year_idx-1850, :], axis = 1)
/users/jnickla1/.conda/envs/cleanpy/lib/python3.13/site-packages/numpy/lib/_nanfunctions_impl.py:2019: RuntimeWarning: Degrees of freedom <= 0 for slice.
  var = nanvar(a, axis=axis, dtype=dtype, out=out, ddof=ddof,
/oscar/data/deeps/private/bfoxkemp/jnickla1/Thorne_15_codefigurestats/Methods/43_Forcing_Based/1_ERF_FaIR/FaIR_nonat_unB_method.py:125: RuntimeWarning: Mean of empty slice
  cdist = np.nanmean(dist)
/oscar/data/deeps/private/bfoxkemp/jnickla1/Thorne_15_codefigurestats/fut_evaluation_script.py:427: RuntimeWarning: Mean of empty slice
  evalmean = np.nanmean(diffcross) #if crossing multiple times take the mean
/oscar/data/deeps/private/bfoxkemp/jnickla1/Thorne_15_codefigurestats/fut_evaluation_script.py:464: RuntimeWarning: Mean of empty slice
  evalmean = np.nanmean(diffcrossE) #if crossing multiple times take the mean
/oscar/data/deeps/private/bfoxkemp/jnickla1/Thorne_15_codefigurestats/fut_evaluation_script.py:464: RuntimeWarning: Mean of empty slice
  evalmean = np.nanmean(diffcrossE) #if crossing multiple times take the mean
/oscar/data/deeps/private/bfoxkemp/jnickla1/Thorne_15_codefigurestats/Methods/43_Forcing_Based/1_ERF_FaIR/FaIR_all_method.py:71: RuntimeWarning: Mean of empty slice
  return np.nanmean(samp_cur[year_idx-1850, :], axis = 1)
/users/jnickla1/.conda/envs/cleanpy/lib/python3.13/site-packages/numpy/lib/_nanfunctions_impl.py:2019: RuntimeWarning: Degrees of freedom <= 0 for slice.
  var = nanvar(a, axis=axis, dtype=dtype, out=out, ddof=ddof,
/oscar/data/deeps/private/bfoxkemp/jnickla1/Thorne_15_codefigurestats/Methods/43_Forcing_Based/1_ERF_FaIR/FaIR_all_method.py:99: RuntimeWarning: Mean of empty slice
  cdist = np.nanmean(dist)
/oscar/data/deeps/private/bfoxkemp/jnickla1/Thorne_15_codefigurestats/Methods/43_Forcing_Based/1_ERF_FaIR/FaIR_all_unB_method.py:95: RuntimeWarning: Mean of empty slice
  return np.nanmean(samp_cur[year_idx-1850, :], axis = 1)
/users/jnickla1/.conda/envs/cleanpy/lib/python3.13/site-packages/numpy/lib/_nanfunctions_impl.py:2019: RuntimeWarning: Degrees of freedom <= 0 for slice.
  var = nanvar(a, axis=axis, dtype=dtype, out=out, ddof=ddof,
/oscar/data/deeps/private/bfoxkemp/jnickla1/Thorne_15_codefigurestats/Methods/43_Forcing_Based/1_ERF_FaIR/FaIR_all_unB_method.py:123: RuntimeWarning: Mean of empty slice
  cdist = np.nanmean(dist)
/oscar/data/deeps/private/bfoxkemp/jnickla1/Thorne_15_codefigurestats/Methods/43_Forcing_Based/1_ERF_FaIR/FaIR_all_unB_method.py:95: RuntimeWarning: Mean of empty slice
  return np.nanmean(samp_cur[year_idx-1850, :], axis = 1)
/users/jnickla1/.conda/envs/cleanpy/lib/python3.13/site-packages/numpy/lib/_nanfunctions_impl.py:2019: RuntimeWarning: Degrees of freedom <= 0 for slice.
  var = nanvar(a, axis=axis, dtype=dtype, out=out, ddof=ddof,
/oscar/data/deeps/private/bfoxkemp/jnickla1/Thorne_15_codefigurestats/Methods/43_Forcing_Based/1_ERF_FaIR/FaIR_all_unB_method.py:123: RuntimeWarning: Mean of empty slice
  cdist = np.nanmean(dist)
/oscar/data/deeps/private/bfoxkemp/jnickla1/Thorne_15_codefigurestats/Methods/43_Forcing_Based/1_ERF_FaIR/FaIR_all_method.py:71: RuntimeWarning: Mean of empty slice
  return np.nanmean(samp_cur[year_idx-1850, :], axis = 1)
/users/jnickla1/.conda/envs/cleanpy/lib/python3.13/site-packages/numpy/lib/_nanfunctions_impl.py:2019: RuntimeWarning: Degrees of freedom <= 0 for slice.
  var = nanvar(a, axis=axis, dtype=dtype, out=out, ddof=ddof,
/oscar/data/deeps/private/bfoxkemp/jnickla1/Thorne_15_codefigurestats/Methods/43_Forcing_Based/1_ERF_FaIR/FaIR_all_method.py:99: RuntimeWarning: Mean of empty slice
  cdist = np.nanmean(dist)
/oscar/data/deeps/private/bfoxkemp/jnickla1/Thorne_15_codefigurestats/Methods/43_Forcing_Based/1_ERF_FaIR/FaIR_all_unB_method.py:95: RuntimeWarning: Mean of empty slice
  return np.nanmean(samp_cur[year_idx-1850, :], axis = 1)
/users/jnickla1/.conda/envs/cleanpy/lib/python3.13/site-packages/numpy/lib/_nanfunctions_impl.py:2019: RuntimeWarning: Degrees of freedom <= 0 for slice.
  var = nanvar(a, axis=axis, dtype=dtype, out=out, ddof=ddof,
/oscar/data/deeps/private/bfoxkemp/jnickla1/Thorne_15_codefigurestats/Methods/43_Forcing_Based/1_ERF_FaIR/FaIR_all_unB_method.py:123: RuntimeWarning: Mean of empty slice
  cdist = np.nanmean(dist)
/oscar/data/deeps/private/bfoxkemp/jnickla1/Thorne_15_codefigurestats/Methods/43_Forcing_Based/1_ERF_FaIR/FaIR_nonat_unB_method.py:97: RuntimeWarning: Mean of empty slice
  return np.nanmean(samp_cur[year_idx-1850, :], axis = 1)
/users/jnickla1/.conda/envs/cleanpy/lib/python3.13/site-packages/numpy/lib/_nanfunctions_impl.py:2019: RuntimeWarning: Degrees of freedom <= 0 for slice.
  var = nanvar(a, axis=axis, dtype=dtype, out=out, ddof=ddof,
/oscar/data/deeps/private/bfoxkemp/jnickla1/Thorne_15_codefigurestats/Methods/43_Forcing_Based/1_ERF_FaIR/FaIR_nonat_unB_method.py:125: RuntimeWarning: Mean of empty slice
  cdist = np.nanmean(dist)
/oscar/data/deeps/private/bfoxkemp/jnickla1/Thorne_15_codefigurestats/Methods/43_Forcing_Based/1_ERF_FaIR/FaIR_comb_unB_method.py:155: RuntimeWarning: Mean of empty slice
  return np.nanmean(samp_cur[year_idx-1850, :], axis = 1)
/users/jnickla1/.conda/envs/cleanpy/lib/python3.13/site-packages/numpy/lib/_nanfunctions_impl.py:2019: RuntimeWarning: Degrees of freedom <= 0 for slice.
  var = nanvar(a, axis=axis, dtype=dtype, out=out, ddof=ddof,
/oscar/data/deeps/private/bfoxkemp/jnickla1/Thorne_15_codefigurestats/Methods/43_Forcing_Based/1_ERF_FaIR/FaIR_comb_unB_method.py:183: RuntimeWarning: Mean of empty slice
  cdist = np.nanmean(dist)
/oscar/data/deeps/private/bfoxkemp/jnickla1/Thorne_15_codefigurestats/Methods/43_Forcing_Based/1_ERF_FaIR/FaIR_comb_unB_method.py:155: RuntimeWarning: Mean of empty slice
  return np.nanmean(samp_cur[year_idx-1850, :], axis = 1)
/users/jnickla1/.conda/envs/cleanpy/lib/python3.13/site-packages/numpy/lib/_nanfunctions_impl.py:2019: RuntimeWarning: Degrees of freedom <= 0 for slice.
  var = nanvar(a, axis=axis, dtype=dtype, out=out, ddof=ddof,
/oscar/data/deeps/private/bfoxkemp/jnickla1/Thorne_15_codefigurestats/Methods/43_Forcing_Based/1_ERF_FaIR/FaIR_comb_unB_method.py:183: RuntimeWarning: Mean of empty slice
  cdist = np.nanmean(dist)
/oscar/data/deeps/private/bfoxkemp/jnickla1/Thorne_15_codefigurestats/Methods/43_Forcing_Based/1_ERF_FaIR/FaIR_comb_unB_method.py:155: RuntimeWarning: Mean of empty slice
  return np.nanmean(samp_cur[year_idx-1850, :], axis = 1)
/users/jnickla1/.conda/envs/cleanpy/lib/python3.13/site-packages/numpy/lib/_nanfunctions_impl.py:2019: RuntimeWarning: Degrees of freedom <= 0 for slice.
  var = nanvar(a, axis=axis, dtype=dtype, out=out, ddof=ddof,
/oscar/data/deeps/private/bfoxkemp/jnickla1/Thorne_15_codefigurestats/Methods/43_Forcing_Based/1_ERF_FaIR/FaIR_comb_unB_method.py:183: RuntimeWarning: Mean of empty slice
  cdist = np.nanmean(dist)
/oscar/data/deeps/private/bfoxkemp/jnickla1/Thorne_15_codefigurestats/Methods/43_Forcing_Based/1_ERF_FaIR/FaIR_all_unB_method.py:95: RuntimeWarning: Mean of empty slice
  return np.nanmean(samp_cur[year_idx-1850, :], axis = 1)
/users/jnickla1/.conda/envs/cleanpy/lib/python3.13/site-packages/numpy/lib/_nanfunctions_impl.py:2019: RuntimeWarning: Degrees of freedom <= 0 for slice.
  var = nanvar(a, axis=axis, dtype=dtype, out=out, ddof=ddof,
/oscar/data/deeps/private/bfoxkemp/jnickla1/Thorne_15_codefigurestats/Methods/43_Forcing_Based/1_ERF_FaIR/FaIR_all_unB_method.py:123: RuntimeWarning: Mean of empty slice
  cdist = np.nanmean(dist)
starting computation for fut_NorESM_RCP45_Volc
max_runs43
Model number:
42




Methods/42_Temp_Alone/1_Run_Means/cent10y_method.py
Methods/42_Temp_Alone/1_Run_Means/cent20y_method.py
Methods/42_Temp_Alone/1_Run_Means/cent21y_method.py
Methods/42_Temp_Alone/1_Run_Means/cent30y_method.py
Methods/42_Temp_Alone/1_Run_Means/lag10y_method.py
Methods/42_Temp_Alone/1_Run_Means/lag5y_method.py
Methods/42_Temp_Alone/1_Run_Means/offset11y_method.py
Methods/42_Temp_Alone/1_Run_Means/raw1y_method.py
Methods/43_Forcing_Based/1_ERF_FaIR/FaIR_all_method.py
Methods/43_Forcing_Based/1_ERF_FaIR/FaIR_all_unB_method.py
Methods/43_Forcing_Based/1_ERF_FaIR/FaIR_anthro_method.py
Methods/43_Forcing_Based/1_ERF_FaIR/FaIR_anthro_unB_method.py
Methods/43_Forcing_Based/1_ERF_FaIR/FaIR_comb_unB_method.py
Methods/43_Forcing_Based/1_ERF_FaIR/FaIR_nonat_method.py
Methods/43_Forcing_Based/1_ERF_FaIR/FaIR_nonat_unB_method.py
evaluating 14 of 0.1°C thresholds, starting at 1.1°C
11
FaIR_anthro sampled, d llike: -0.42553435847044163
FaIR_anthro sampled, d llike: -58.4826047525237
FaIR_anthro_unB sampled, d llike: 0.01883328453176214
FaIR_anthro_unB sampled, d llike: -6.9360403410495355
FaIR_nonat sampled, d llike: 0.034426644559595654
FaIR_nonat sampled, d llike: 0.1790133660785832
FaIR_nonat_unB sampled, d llike: 0.02017443056753576
FaIR_nonat_unB sampled, d llike: 0.019862015295775803
FaIR_all sampled, d llike: -17549.018701307315
FaIR_all sampled, d llike: 0.017964165023830025
FaIR_all_unB sampled, d llike: -0.2545143355804922
FaIR_all_unB sampled, d llike: -0.06162312501131595
FaIR_comb_unB sampled, d llike: 0.009747548760692837
FaIR_comb_unB sampled, d llike: -0.17607064809886241
        method_name    method_class c/r  smooth_r  avg_unc.(1se)  #q<0.5  #q<0.1    log-likeli       RMS      bias        tlog-l      100log-l    100RMS     75RMS   100bias       l15       l20    bias50    Edyrs15    Edyrs20    Mdyrs15    Mdyrs20       Fdyrs15    Fdyrs20     EdyrsA    RMSyrsA  ncEdyrs     e100log-l   e100RMS    e75RMS  e100bias       el15      el20   ebias50   eEdyrs15   eEdyrs20   eMdyrs15   eMdyrs20  eFdyrs15   eFdyrs20    eEdyrsA   eRMSyrsA  nceEdyrs
21    FaIR_comb_unB   43/1_ERF_FaIR   c     3.273       0.077764       0       0      1.190554  0.074311 -0.035619  1.857264e+02  1.116639e+02  0.067787  0.077558 -0.005129  4.446268  4.603870 -0.046264  -0.833333   2.583333  -0.833333   2.583333 -8.333333e-01   2.583333   0.827381   4.611198     17.0  9.591994e+01  0.085123  0.097938 -0.012343   3.583491  1.282481 -0.086761  -2.750000   7.750000  -2.750000   7.750000 -2.750000   7.750000   1.141026   1.141026      16.0
15   FaIR_nonat_unB   43/1_ERF_FaIR   c     2.671       0.088884       0       0      0.953965  0.093832 -0.048480  1.526344e+02  1.026975e+02  0.073609  0.085393 -0.003009  3.895781  4.056908 -0.021798   0.166667   2.666667   0.166667   2.666667  1.666667e-01   2.666667   0.553571   5.028046     15.0  1.098438e+02  0.060225  0.069304 -0.010223   3.295694  2.617257 -0.062295  -1.750000   7.833333  -1.750000   7.833333 -1.750000   7.833333   0.839744   0.839744      14.0
11  FaIR_anthro_unB   43/1_ERF_FaIR   c     2.294       0.094322      48       0      0.525298  0.117542 -0.063456  8.404763e+01  9.741070e+01  0.077541  0.089001  0.000577  3.562878  3.105235 -0.019622  -0.166667   2.166667  -0.166667   2.166667 -1.666667e-01   2.166667   0.526786   5.284479     15.0  1.048288e+02  0.061212  0.069180 -0.006636   3.208354  2.564786 -0.060119  -2.083333   7.333333  -2.083333   7.333333 -2.083333   7.333333   0.692308   0.692308      13.0
9       FaIR_anthro   43/1_ERF_FaIR   c     2.294       0.094322     118      56     -1.652556  0.196269 -0.169506 -2.644089e+02  5.434412e+01  0.130907  0.138924 -0.105473  2.459970  1.731231 -0.125672   4.666667   8.666667   4.666667   8.666667  4.666667e+00   8.666667   7.869048  10.359701     14.0  5.569833e+01  0.128067  0.139124 -0.112686   2.741607  1.004558 -0.166169   2.750000  13.833333   2.750000  13.833333  2.750000  13.833333   7.294872   7.294872      14.0
13       FaIR_nonat   43/1_ERF_FaIR   c     2.681       0.110973     124       0     -0.233120  0.188376 -0.167974 -3.729925e+01  5.132178e+01  0.137865  0.145626 -0.116609  1.894287  1.616709 -0.135398   5.166667   8.583333   5.166667   8.583333  5.166667e+00   8.583333   8.339286  10.625735     13.0  5.085407e+01  0.137312  0.148781 -0.123823   2.633238  0.813123 -0.175895   3.250000  13.750000   3.250000  13.750000  3.250000  13.750000   7.801282   7.801282      13.0
2             raw1y  42/1_Run_Means   c    32.072       0.131061       3       2      0.659541  0.123040 -0.001338  1.516943e+02  4.229088e+01  0.146653  0.165082  0.001842  3.103696  3.171912 -0.020419   8.944444  -9.250000  23.333333 -18.333333  1.430180e-10 -18.333333  -0.078373   5.670608     38.3  1.949480e+01  0.171234  0.194157 -0.005372   2.409243  2.472951 -0.060916   7.027778  -4.083333  21.416667 -13.166667 -1.916667 -13.166667   0.526709   0.526709      35.3
8         offset11y  42/1_Run_Means   c     2.867       0.037127     178     122     -0.918978  0.090027  0.063470 -2.113649e+02  3.141342e+01  0.072682  0.082797  0.022145  9.305354  1.390787  0.026064   0.583333   1.500000   0.583333   1.500000  5.833333e-01   1.500000  -1.119048   2.664015     17.0 -1.220463e+02  0.101554  0.116334  0.014931   5.907336  0.158683 -0.014433  -1.333333   6.666667  -1.333333   6.666667 -1.333333   6.666667  -0.038462   0.038462      16.0
19     FaIR_all_unB   43/1_ERF_FaIR   c     6.010       0.090983       7       0      0.600064  0.124685 -0.023104  9.601018e+01  2.452388e+01  0.149597  0.172916 -0.008466  3.704004  3.830875 -0.095067  10.416667   2.250000  23.166667   2.250000 -2.333333e+00   2.250000   1.773810   6.444686     19.2 -7.191178e+01  0.180775  0.209274 -0.015680   2.852838  1.225192 -0.135564   8.500000   7.416667  21.250000   7.416667 -4.250000   7.416667   1.923077   1.923077      18.2
1             lag5y  42/1_Run_Means   c     5.892       0.044697     117      34      0.642569  0.076140 -0.019521  1.477909e+02  2.000191e+01  0.097512  0.108848 -0.032583  0.007768  0.503050 -0.041993   1.666667   1.583333   1.666667   1.583333  1.666667e+00   1.583333   1.545635   4.628856     19.0  2.401689e+00  0.132489  0.152134 -0.039797  10.746542  0.000025 -0.082490  -0.250000   6.750000  -0.250000   6.750000 -0.250000   6.750000   2.202991   2.202991      18.0
0            lag10y  42/1_Run_Means   c     2.919       0.038089     122      60      0.227113  0.074482 -0.041975  5.223595e+01 -1.398498e+02  0.104558  0.109717 -0.078331  0.000431  0.003354 -0.076419   5.250000   3.500000   5.250000   3.500000  5.250000e+00   3.500000   4.336310   5.280253     16.0 -4.215918e+01  0.134225  0.150150 -0.085545   2.684356  0.004556 -0.116916   3.333333   8.666667   3.333333   8.666667  3.333333   8.666667   4.971154   4.971154      15.0
17         FaIR_all   43/1_ERF_FaIR   c     5.921       0.005578     160     160 -19286.237984  0.231803 -0.192177 -3.085798e+06 -1.867323e+06  0.243942  0.271945 -0.192874  0.000000  0.000000 -0.279475   5.833333  10.750000   5.833333  10.750000  5.833333e+00  10.750000  11.514881  13.547503     15.0 -2.258698e+06  0.269200  0.305611 -0.200088   0.000000  0.000000 -0.319972  13.125000  15.916667  22.333333  15.916667  3.916667  15.916667  12.282051  12.282051      16.2
4.695315644
finished this run
starting computation for fut_NorESM_RCP45_VolcConst
max_runs43
Model number:
42




Methods/42_Temp_Alone/1_Run_Means/cent10y_method.py
Methods/42_Temp_Alone/1_Run_Means/cent20y_method.py
Methods/42_Temp_Alone/1_Run_Means/cent21y_method.py
Methods/42_Temp_Alone/1_Run_Means/cent30y_method.py
Methods/42_Temp_Alone/1_Run_Means/lag10y_method.py
Methods/42_Temp_Alone/1_Run_Means/lag5y_method.py
Methods/42_Temp_Alone/1_Run_Means/offset11y_method.py
Methods/42_Temp_Alone/1_Run_Means/raw1y_method.py
Methods/43_Forcing_Based/1_ERF_FaIR/FaIR_all_method.py
Methods/43_Forcing_Based/1_ERF_FaIR/FaIR_all_unB_method.py
Methods/43_Forcing_Based/1_ERF_FaIR/FaIR_anthro_method.py
Methods/43_Forcing_Based/1_ERF_FaIR/FaIR_anthro_unB_method.py
Methods/43_Forcing_Based/1_ERF_FaIR/FaIR_comb_unB_method.py
Methods/43_Forcing_Based/1_ERF_FaIR/FaIR_nonat_method.py
Methods/43_Forcing_Based/1_ERF_FaIR/FaIR_nonat_unB_method.py
evaluating 13 of 0.1°C thresholds, starting at 1.1°C
11
FaIR_anthro sampled, d llike: -0.8893347131862026
FaIR_anthro sampled, d llike: -64.5531440232251
FaIR_anthro_unB sampled, d llike: 0.011327348102679657
FaIR_anthro_unB sampled, d llike: -7.016070204768123
FaIR_nonat sampled, d llike: -0.021302070671314205
FaIR_nonat sampled, d llike: 0.14246248022456537
FaIR_nonat_unB sampled, d llike: 0.004789777415657781
FaIR_nonat_unB sampled, d llike: -0.01605320078348782
FaIR_all sampled, d llike: -14320.043373657329
FaIR_all sampled, d llike: 0.09464611047847382
FaIR_all_unB sampled, d llike: -0.054965264474437836
FaIR_all_unB sampled, d llike: -0.01624294455280717
FaIR_comb_unB sampled, d llike: -0.01169881708800058
FaIR_comb_unB sampled, d llike: 0.04851009655947659
        method_name    method_class c/r  smooth_r  avg_unc.(1se)  #q<0.5  #q<0.1    log-likeli       RMS      bias        tlog-l      100log-l    100RMS     75RMS   100bias       l15        l20    bias50   Edyrs15    Edyrs20   Mdyrs15    Mdyrs20   Fdyrs15    Fdyrs20     EdyrsA    RMSyrsA  ncEdyrs      e100log-l   e100RMS    e75RMS  e100bias      el15       el20   ebias50  eEdyrs15      eEdyrs20   eMdyrs15      eMdyrs20   eFdyrs15      eFdyrs20    eEdyrsA   eRMSyrsA  nceEdyrs
21    FaIR_comb_unB   43/1_ERF_FaIR   c     2.753       0.080290       0       0      1.310928  0.056441 -0.035682  2.045047e+02  1.297931e+02  0.029848  0.030747 -0.006964  3.862348   4.180506 -0.013719 -1.416667  -1.500000 -1.416667  -1.500000 -1.416667  -1.500000   0.185897   1.894521     13.0     122.950732  0.046327  0.047376  0.025746  3.270147   4.188506  0.001923 -4.333333 -2.500000e+00  -4.333333 -2.500000e+00  -4.333333 -2.500000e+00  -1.891026   1.891026      13.0
8         offset11y  42/1_Run_Means   c     3.071       0.032879     169     119     -0.534036  0.081831  0.064421 -1.228284e+02  1.189566e+02  0.041195  0.046152  0.024186  6.391794   0.470557  0.048593 -1.416667  -3.333333 -1.416667  -3.333333 -1.416667  -3.333333  -1.083333   2.229968     13.0     -42.863698  0.064110  0.069685  0.056896  2.927605   0.020632  0.064235 -4.333333 -4.333333e+00  -4.333333 -4.333333e+00  -4.333333 -4.333333e+00  -3.160256   3.160256      13.0
15   FaIR_nonat_unB   43/1_ERF_FaIR   c     2.681       0.091825       0       0      1.071337  0.076931 -0.050155  1.714140e+02  1.187178e+02  0.030537  0.031277 -0.007675  3.368578   3.946731 -0.016399 -1.416667  -0.916667 -1.416667  -0.916667 -1.416667  -0.916667   0.288462   1.776960     13.0     113.517710  0.047290  0.047234  0.025035  3.073023   3.618589 -0.000757 -4.333333 -1.916667e+00  -4.333333 -1.916667e+00  -4.333333 -1.916667e+00  -1.788462   1.788462      13.0
19     FaIR_all_unB   43/1_ERF_FaIR   c     3.931       0.092984       0       0      1.172913  0.060776 -0.020718  1.876660e+02  1.154943e+02  0.036429  0.038237 -0.006275  3.370729   3.553140 -0.018079 -1.250000  -2.166667 -1.250000  -2.166667 -1.250000  -2.166667   0.387821   2.677188     15.0     110.335456  0.052212  0.052825  0.026435  3.002635   3.279668 -0.002437 -4.166667 -3.166667e+00  -4.166667 -3.166667e+00  -4.166667 -3.166667e+00  -1.689103   1.689103      15.0
11  FaIR_anthro_unB   43/1_ERF_FaIR   c     2.244       0.097571      52       0      0.638705  0.102333 -0.065823  1.021928e+02  1.127361e+02  0.032944  0.033450 -0.005829  3.436551   3.581134 -0.017695 -1.416667  -1.166667 -1.416667  -1.166667 -1.416667  -1.166667   0.282051   2.042026     13.0     105.955893  0.051752  0.051687  0.026881  2.867167   3.398614 -0.002053 -4.333333 -2.166667e+00  -4.333333 -2.166667e+00  -4.333333 -2.166667e+00  -1.794872   1.794872      13.0
2             raw1y  42/1_Run_Means   c    36.400       0.107707       0       0      0.899533  0.098261  0.000772  2.068925e+02  9.081771e+01  0.086732  0.080551  0.006847  2.404502   2.363810  0.013497 -1.805556   1.708333 -7.250000   8.250000 -7.250000  -5.500000  -0.029380   1.674892     33.3      84.353221  0.094585  0.086592  0.039556  3.945988   3.577464  0.029139 -4.722222  7.083333e-01 -10.166667  7.250000e+00 -10.166667 -6.500000e+00  -2.106303   2.106303      33.3
13       FaIR_nonat   43/1_ERF_FaIR   c     2.697       0.114646     147       0     -0.207393  0.181284 -0.169492 -3.318283e+01  5.708182e+01  0.124825  0.122534 -0.121275  2.317024   2.253889 -0.129999  5.583333   8.833333  5.583333   8.833333  5.583333   8.833333   7.391026   8.490851     13.0      75.174949  0.097229  0.098530 -0.088565  2.810820   2.683394 -0.114357  2.666667  7.833333e+00   2.666667  7.833333e+00   2.666667  7.833333e+00   5.314103   5.314103      13.0
9       FaIR_anthro   43/1_ERF_FaIR   c     2.244       0.097571     142      54     -2.031086  0.188891 -0.171873 -3.249737e+02  5.673210e+01  0.116482  0.113597 -0.111879  2.468020   2.300781 -0.123745  4.833333   8.916667  4.833333   8.916667  4.833333   8.916667   7.487179   9.422820     12.0      81.039047  0.090683  0.091287 -0.079169  3.255626   2.616676 -0.108103  1.916667  7.916667e+00   1.916667  7.916667e+00   1.916667  7.916667e+00   5.685897   5.685897      12.0
1             lag5y  42/1_Run_Means   c     6.794       0.040707     116      45      0.732036  0.058392 -0.018098  1.683682e+02  3.583927e+01  0.058843  0.058184 -0.029335  0.092754   0.903255 -0.015873  5.583333  -2.833333  5.583333  -2.833333  5.583333  -2.833333   1.807692   3.156190     13.0      92.072405  0.049725  0.053862  0.003375  1.064938   1.534547 -0.000231  2.666667 -3.833333e+00   2.666667 -3.833333e+00   2.666667 -3.833333e+00  -0.269231   0.269231      13.0
0            lag10y  42/1_Run_Means   c     3.196       0.033824     121      63      0.013502  0.062950 -0.040992  3.105410e+00 -1.949345e+02  0.083561  0.075658 -0.076206  0.055783  11.456399 -0.053716  7.000000   1.000000  7.000000   1.000000  7.000000   1.000000   4.339744   4.702984     13.0      61.074550  0.053855  0.052079 -0.043496  0.021206  14.279159 -0.038074  4.083333  1.673470e-10   4.083333  1.673470e-10   4.083333  1.673470e-10   2.262821   2.262821      13.0
17         FaIR_all   43/1_ERF_FaIR   c     3.763       0.005598     160     160 -15612.363921  0.203078 -0.190389 -2.497978e+06 -1.295792e+06  0.194030  0.192972 -0.190683  0.000000   0.000000 -0.202487  8.416667  16.333333  8.416667  16.333333  8.416667  16.333333  12.628205  14.203121     11.0 -886496.677094  0.164264  0.167088 -0.157973  0.000000   0.000000 -0.186845  5.500000  1.533333e+01   5.500000  1.533333e+01   5.500000  1.533333e+01  10.807692  10.807692      11.0
4.755660998000001
finished this run
/oscar/data/deeps/private/bfoxkemp/jnickla1/Thorne_15_codefigurestats/Methods/43_Forcing_Based/1_ERF_FaIR/FaIR_all_method.py:71: RuntimeWarning: Mean of empty slice
  return np.nanmean(samp_cur[year_idx-1850, :], axis = 1)
/users/jnickla1/.conda/envs/cleanpy/lib/python3.13/site-packages/numpy/lib/_nanfunctions_impl.py:2019: RuntimeWarning: Degrees of freedom <= 0 for slice.
  var = nanvar(a, axis=axis, dtype=dtype, out=out, ddof=ddof,
/oscar/data/deeps/private/bfoxkemp/jnickla1/Thorne_15_codefigurestats/Methods/43_Forcing_Based/1_ERF_FaIR/FaIR_all_method.py:99: RuntimeWarning: Mean of empty slice
  cdist = np.nanmean(dist)
starting computation for fut_ESM1-2-LR_SSP126_constVolc
max_runs43
Model number:
42




Methods/42_Temp_Alone/1_Run_Means/cent10y_method.py
Methods/42_Temp_Alone/1_Run_Means/cent20y_method.py
Methods/42_Temp_Alone/1_Run_Means/cent21y_method.py
Methods/42_Temp_Alone/1_Run_Means/cent30y_method.py
Methods/42_Temp_Alone/1_Run_Means/lag10y_method.py
Methods/42_Temp_Alone/1_Run_Means/lag5y_method.py
Methods/42_Temp_Alone/1_Run_Means/offset11y_method.py
Methods/42_Temp_Alone/1_Run_Means/raw1y_method.py
Methods/43_Forcing_Based/1_ERF_FaIR/FaIR_all_method.py
Methods/43_Forcing_Based/1_ERF_FaIR/FaIR_all_unB_method.py
Methods/43_Forcing_Based/1_ERF_FaIR/FaIR_anthro_method.py
Methods/43_Forcing_Based/1_ERF_FaIR/FaIR_anthro_unB_method.py
Methods/43_Forcing_Based/1_ERF_FaIR/FaIR_comb_unB_method.py
Methods/43_Forcing_Based/1_ERF_FaIR/FaIR_nonat_method.py
Methods/43_Forcing_Based/1_ERF_FaIR/FaIR_nonat_unB_method.py
evaluating 6 of 0.1°C thresholds, starting at 1.1°C
11
FaIR_anthro sampled, d llike: -0.03284024784327477
FaIR_anthro sampled, d llike: -1.206188035234188
FaIR_anthro_unB sampled, d llike: -0.034853347060374906
FaIR_anthro_unB sampled, d llike: -1.1573809843423968
FaIR_nonat sampled, d llike: -0.03879269313884759
FaIR_nonat sampled, d llike: -0.06654420386404847
FaIR_nonat_unB sampled, d llike: -0.036643131775596194
FaIR_nonat_unB sampled, d llike: -0.0644942008229159
FaIR_all sampled, d llike: -1893.920057127625
FaIR_all sampled, d llike: -0.06166884660327354
FaIR_all_unB sampled, d llike: -0.013891159898349104
FaIR_all_unB sampled, d llike: -0.05801670794047609
FaIR_comb_unB sampled, d llike: -0.01761078774246294
FaIR_comb_unB sampled, d llike: 0.16774077527976916
        method_name    method_class c/r  smooth_r  avg_unc.(1se)  #q<0.5  #q<0.1   log-likeli       RMS      bias         tlog-l       100log-l    100RMS     75RMS   100bias       l15  l20    bias50    Edyrs15  Edyrs20    Mdyrs15  Mdyrs20    Fdyrs15  Fdyrs20    EdyrsA   RMSyrsA  ncEdyrs      e100log-l   e100RMS    e75RMS  e100bias       el15  el20   ebias50   eEdyrs15  eEdyrs20   eMdyrs15  eMdyrs20   eFdyrs15  eFdyrs20    eEdyrsA   eRMSyrsA  nceEdyrs
21    FaIR_comb_unB   43/1_ERF_FaIR   c     1.845       0.069452       0       0     1.566858  0.042285  0.011503     245.996661     137.684821  0.048710  0.052512  0.029312  3.137657  0.0  0.006830 -11.166667       -1 -11.166667       -1 -11.166667       -1 -2.944444  4.898743      6.0     108.650197  0.079090  0.087867  0.046786   2.636810   0.0  0.004721 -14.333333        -1 -14.333333        -1 -14.333333        -1  -7.472222   7.472222       6.0
15   FaIR_nonat_unB   43/1_ERF_FaIR   c     1.775       0.078748       0       0     1.458758  0.042123  0.009619     234.859997     129.661312  0.048251  0.052343  0.026421  3.338885  0.0  0.003933 -11.583333       -1 -11.583333       -1 -11.583333       -1 -1.270833  6.772703      7.0     107.438968  0.079137  0.087531  0.043895   2.846939   0.0  0.001824 -14.750000        -1 -14.750000        -1 -14.750000        -1  -5.798611   5.798611       7.0
11  FaIR_anthro_unB   43/1_ERF_FaIR   c     1.462       0.081305       0       0     1.292850  0.053708 -0.001603     208.148836     125.431691  0.047404  0.050702  0.028241  3.352032  0.0  0.005922 -11.250000       -1 -11.250000       -1 -11.250000       -1 -2.708333  5.017446      6.0     111.080510  0.077614  0.085831  0.045715   2.736393   0.0  0.003813 -14.416667        -1 -14.416667        -1 -14.416667        -1  -7.236111   7.236111       6.0
9       FaIR_anthro   43/1_ERF_FaIR   c     1.462       0.081305       0       0     1.313336  0.054001  0.005847     211.447044     124.291749  0.052187  0.055223  0.035691  3.140907  0.0  0.013372 -11.500000       -1 -11.500000       -1 -11.500000       -1 -2.944444  5.129120      6.0     107.936108  0.082223  0.090469  0.053165   2.532744   0.0  0.011263 -14.666667        -1 -14.666667        -1 -14.666667        -1  -5.326389   5.326389       7.0
19     FaIR_all_unB   43/1_ERF_FaIR   c     2.901       0.081388       0       0     1.311676  0.062377  0.014632     211.179790     120.374730  0.061769  0.059609  0.035522  3.047463  0.0 -0.002943 -12.500000       -1 -12.500000       -1 -12.500000       -1 -1.504630  7.685723      8.0      98.907513  0.089028  0.094656  0.052996   3.118685   0.0 -0.005052 -15.666667        -1 -15.666667        -1 -15.666667        -1  -6.032407   6.032407       8.0
0            lag10y  42/1_Run_Means   c     2.808       0.041211     108      38     0.930350  0.065939 -0.030256     214.910778     118.519255  0.064897  0.037029 -0.035555  4.809502  0.0  0.011149   2.083333       -1   2.083333       -1   2.083333       -1  4.062500  4.369540      7.0     119.308609  0.062423  0.032216 -0.018081  18.544203   0.0  0.009040  -1.083333        -1  -1.083333        -1  -1.083333        -1   1.409722   1.409722       8.0
13       FaIR_nonat   43/1_ERF_FaIR   c     1.808       0.098297       0       0     1.268209  0.044987  0.011837     204.181637     113.022664  0.051307  0.055335  0.031660  3.028309  0.0  0.009172 -11.750000       -1 -11.750000       -1 -11.750000       -1 -3.680556  5.302973      7.0      98.641216  0.082159  0.090676  0.049134   2.685679   0.0  0.007063 -14.916667        -1 -14.916667        -1 -14.916667        -1  -8.208333   8.208333       7.0
1             lag5y  42/1_Run_Means   c     5.738       0.049202      73      36     0.342058  0.084133 -0.012510      79.015482     105.524514  0.067817  0.051116 -0.008878  9.913512  0.0  0.008795  -6.500000       -1 -12.166667       -1 -12.166667       -1  2.576389  6.326774     11.2      70.372005  0.072970  0.061021  0.008596   5.732160   0.0  0.006686  -9.666667        -1 -15.333333        -1 -15.333333        -1  -0.465278   0.465278      13.2
2             raw1y  42/1_Run_Means   c    28.378       0.145576       0       0     0.563817  0.137861  0.001275     130.241802      52.678757  0.135494  0.118110  0.008807  2.062820  0.0  0.004984   1.940476       -1  22.583333       -1 -13.500000       -1  0.172619  1.898169     27.7      49.636499  0.140217  0.123144  0.026281   2.655132   0.0  0.002875   1.906250        -1  23.833333        -1 -16.666667        -1  -2.225694   2.225694      29.8
8         offset11y  42/1_Run_Means   c     2.395       0.040051     178     129    -1.565530  0.096371  0.076333    -361.637510    -215.392033  0.089437  0.102112  0.069082  5.970080  0.0  0.121345  -6.666667       -1  -6.666667       -1  -6.666667       -1 -1.972222  3.793269      6.0    -365.530638  0.105544  0.121088  0.086556   0.000042   0.0  0.119236  -9.833333        -1  -9.833333        -1  -9.833333        -1  -6.500000   6.500000       6.0
17         FaIR_all   43/1_ERF_FaIR   c     2.757       0.005565     159     148 -2071.418199  0.075462  0.047170 -333498.330040 -264800.146334  0.085534  0.080765  0.069010  0.000000  0.0  0.030545 -13.416667       -1 -13.416667       -1 -13.416667       -1 -6.680556  8.023908      6.0 -476371.551844  0.112236  0.115984  0.086484   0.000000   0.0  0.028436 -16.583333        -1 -16.583333        -1 -16.583333        -1 -11.208333  11.208333       6.0
4.883490189
finished this run
/oscar/data/deeps/private/bfoxkemp/jnickla1/Thorne_15_codefigurestats/Methods/43_Forcing_Based/1_ERF_FaIR/FaIR_comb_unB_method.py:155: RuntimeWarning: Mean of empty slice
  return np.nanmean(samp_cur[year_idx-1850, :], axis = 1)
/users/jnickla1/.conda/envs/cleanpy/lib/python3.13/site-packages/numpy/lib/_nanfunctions_impl.py:2019: RuntimeWarning: Degrees of freedom <= 0 for slice.
  var = nanvar(a, axis=axis, dtype=dtype, out=out, ddof=ddof,
/oscar/data/deeps/private/bfoxkemp/jnickla1/Thorne_15_codefigurestats/Methods/43_Forcing_Based/1_ERF_FaIR/FaIR_comb_unB_method.py:183: RuntimeWarning: Mean of empty slice
  cdist = np.nanmean(dist)
starting computation for fut_ESM1-2-LR_SSP245_constVolc
max_runs43
Model number:
42




Methods/42_Temp_Alone/1_Run_Means/cent10y_method.py
Methods/42_Temp_Alone/1_Run_Means/cent20y_method.py
Methods/42_Temp_Alone/1_Run_Means/cent21y_method.py
Methods/42_Temp_Alone/1_Run_Means/cent30y_method.py
Methods/42_Temp_Alone/1_Run_Means/lag10y_method.py
Methods/42_Temp_Alone/1_Run_Means/lag5y_method.py
Methods/42_Temp_Alone/1_Run_Means/offset11y_method.py
Methods/42_Temp_Alone/1_Run_Means/raw1y_method.py
Methods/43_Forcing_Based/1_ERF_FaIR/FaIR_all_method.py
Methods/43_Forcing_Based/1_ERF_FaIR/FaIR_all_unB_method.py
Methods/43_Forcing_Based/1_ERF_FaIR/FaIR_anthro_method.py
Methods/43_Forcing_Based/1_ERF_FaIR/FaIR_anthro_unB_method.py
Methods/43_Forcing_Based/1_ERF_FaIR/FaIR_comb_unB_method.py
Methods/43_Forcing_Based/1_ERF_FaIR/FaIR_nonat_method.py
Methods/43_Forcing_Based/1_ERF_FaIR/FaIR_nonat_unB_method.py
evaluating 14 of 0.1°C thresholds, starting at 1.1°C
11
FaIR_anthro sampled, d llike: -0.054864483866368996
FaIR_anthro sampled, d llike: -1.3286178731601077
FaIR_anthro_unB sampled, d llike: -0.053459972225715635
FaIR_anthro_unB sampled, d llike: -1.3264230455333033
FaIR_nonat sampled, d llike: -0.05258992550921193
FaIR_nonat sampled, d llike: -0.04854975621772417
FaIR_nonat_unB sampled, d llike: -0.04735914093847171
FaIR_nonat_unB sampled, d llike: -0.04512903528411072
FaIR_all sampled, d llike: -1599.450243178138
FaIR_all sampled, d llike: -0.04191887460995791
FaIR_all_unB sampled, d llike: -0.027773652158202822
FaIR_all_unB sampled, d llike: -0.03188101994363457
FaIR_comb_unB sampled, d llike: -0.03455148549182652
FaIR_comb_unB sampled, d llike: -0.009689398997017151
        method_name    method_class c/r  smooth_r  avg_unc.(1se)  #q<0.5  #q<0.1   log-likeli       RMS      bias         tlog-l       100log-l    100RMS     75RMS   100bias        l15           l20    bias50   Edyrs15       Edyrs20   Mdyrs15       Mdyrs20   Fdyrs15       Fdyrs20    EdyrsA   RMSyrsA  ncEdyrs      e100log-l   e100RMS    e75RMS  e100bias      el15       el20   ebias50  eEdyrs15  eEdyrs20  eMdyrs15  eMdyrs20  eFdyrs15  eFdyrs20   eEdyrsA  eRMSyrsA  nceEdyrs
8         offset11y  42/1_Run_Means   c     2.663       0.040254     126      66     0.135008  0.081510  0.056919      31.186740     177.432217  0.035895  0.039165  0.019800  12.485314  1.187659e+01  0.027399 -0.916667 -5.000000e-01 -0.916667 -5.000000e-01 -0.916667 -5.000000e-01 -0.755952  1.781324     14.0     128.513498  0.050602  0.057150  0.017708  1.854401   6.020587  0.021731 -3.500000  1.166667 -3.500000  1.166667 -3.500000  1.166667 -1.053571  1.053571      14.0
21    FaIR_comb_unB   43/1_ERF_FaIR   c     2.066       0.072333       0       0     1.544888  0.037887  0.006381     242.547356     133.530107  0.042778  0.040016  0.018121   4.705052  4.846654e+00 -0.013962 -1.583333  3.333333e-01 -1.583333  3.333333e-01 -1.583333  3.333333e-01 -0.726190  2.473871     14.0     131.887178  0.045113  0.048087  0.016029  2.562912   4.677678 -0.019631 -4.166667  2.000000 -4.166667  2.000000 -4.166667  2.000000 -1.023810  1.023810      14.0
15   FaIR_nonat_unB   43/1_ERF_FaIR   c     1.960       0.081960       0       0     1.440146  0.037119  0.003613     231.863483     125.782124  0.040809  0.038981  0.016474   4.062829  4.445538e+00 -0.011927 -1.916667  1.666667e-01 -1.916667  1.666667e-01 -1.916667  1.666667e-01 -0.720238  2.519271     14.0     123.644437  0.044765  0.047546  0.014382  2.680967   4.026452 -0.017595 -4.500000  1.833333 -4.500000  1.833333 -4.500000  1.833333 -1.017857  1.017857      14.0
11  FaIR_anthro_unB   43/1_ERF_FaIR   c     1.636       0.086218       0       0     1.252274  0.050622 -0.005663     201.616167     118.089059  0.043471  0.041199  0.019229   3.950045  3.954131e+00 -0.013027 -1.583333  7.500000e-01 -1.583333  7.500000e-01 -1.583333  7.500000e-01 -0.785714  2.364167     14.0     116.388355  0.045880  0.048874  0.017138  2.580686   4.026420 -0.018695 -4.166667  2.416667 -4.166667  2.416667 -4.166667  2.416667 -1.083333  1.083333      14.0
9       FaIR_anthro   43/1_ERF_FaIR   c     1.636       0.086218       0       0     1.263401  0.050328 -0.001563     203.407527     117.204811  0.045433  0.042499  0.023329   3.917965  3.899569e+00 -0.008927 -1.833333 -1.666667e-01 -1.833333 -1.666667e-01 -1.833333 -1.666667e-01 -1.041667  2.440665     14.0     115.665301  0.047564  0.050288  0.021238  2.497620   4.067678 -0.014595 -4.416667  1.500000 -4.416667  1.500000 -4.416667  1.500000 -1.339286  1.339286      14.0
19     FaIR_all_unB   43/1_ERF_FaIR   c     3.287       0.084583       0       0     1.283750  0.059187  0.007048     206.683804     116.727481  0.054769  0.045017  0.024054   3.919603  4.324655e+00 -0.019328 -1.750000  1.208333e+00 -1.750000  1.750000e+00 -1.750000  6.666667e-01 -0.693452  2.861662     15.0     116.961099  0.054099  0.053020  0.021962  2.261340   3.971500 -0.024997 -4.333333  2.875000 -4.333333  3.416667 -4.333333  2.333333 -0.991071  0.991071      15.0
13       FaIR_nonat   43/1_ERF_FaIR   c     1.995       0.102310       0       0     1.239865  0.039649  0.006099     199.618273     107.906947  0.043337  0.040845  0.022004   3.250737  3.556841e+00 -0.006397 -2.000000  1.691660e-10 -2.000000  1.691660e-10 -2.000000  1.691660e-10 -1.017857  2.457476     14.0     106.426406  0.046836  0.049517  0.019912  2.478511   3.281680 -0.012065 -4.583333  1.666667 -4.583333  1.666667 -4.583333  1.666667 -1.315476  1.315476      14.0
2             raw1y  42/1_Run_Means   c    29.892       0.142305       0       0     0.587865  0.134875  0.000232     135.796802      57.839771  0.127637  0.112443  0.006160   2.022443  2.570375e+00  0.006027  1.333333 -7.500000e-01  5.833333 -6.500000e+00 -2.500000 -6.500000e+00 -0.074306  3.243898     48.3      56.657901  0.129511  0.118249  0.004069  0.837562   2.931301  0.000359 -1.250000  0.916667 -5.083333  7.250000 -5.083333 -4.833333 -0.371925  0.371925      48.3
1             lag5y  42/1_Run_Means   c     5.816       0.047710     114      55    -0.019674  0.087161 -0.020609      -4.544688      21.964344  0.076915  0.062167 -0.029435   8.699798  3.832488e+00 -0.028019  0.750000  3.875000e+00  0.750000  6.416667e+00  0.750000  1.333333e+00  1.770833  2.305128     20.0     -21.223922  0.083246  0.072976 -0.031527  2.287123   0.014201 -0.033687 -1.833333  5.541667 -1.833333  8.083333 -1.833333  3.000000  1.473214  1.473214      20.0
0            lag10y  42/1_Run_Means   c     2.943       0.041250     149      82     0.070332  0.074980 -0.047828      16.246585     -80.144938  0.086289  0.082883 -0.080160   0.171159  2.484474e-01 -0.073332  2.750000  6.416667e+00  2.750000  6.416667e+00  2.750000  6.416667e+00  4.592262  4.803234     16.0    -188.733453  0.096129  0.089267 -0.082252  8.945046   0.000236 -0.079001  0.166667  8.083333  0.166667  8.083333  0.166667  8.083333  4.294643  4.294643      16.0
17         FaIR_all   43/1_ERF_FaIR   c     3.138       0.005563     159     142 -1756.653374  0.070427  0.041575 -282821.193147 -210495.789912  0.077163  0.062466  0.059440   0.000000  4.257730e-43  0.016058 -3.166667 -1.750000e+00 -3.166667 -1.750000e+00 -3.166667 -1.750000e+00 -2.976190  3.690399     14.0 -200153.750984  0.075718  0.070414  0.057348  0.000000  89.915796  0.010389 -5.750000 -0.083333 -5.750000 -0.083333 -5.750000 -0.083333 -3.273810  3.273810      14.0
5.3656757200000005
finished this run
/oscar/data/deeps/private/bfoxkemp/jnickla1/Thorne_15_codefigurestats/Methods/43_Forcing_Based/1_ERF_FaIR/FaIR_all_unB_method.py:95: RuntimeWarning: Mean of empty slice
  return np.nanmean(samp_cur[year_idx-1850, :], axis = 1)
/users/jnickla1/.conda/envs/cleanpy/lib/python3.13/site-packages/numpy/lib/_nanfunctions_impl.py:2019: RuntimeWarning: Degrees of freedom <= 0 for slice.
  var = nanvar(a, axis=axis, dtype=dtype, out=out, ddof=ddof,
/oscar/data/deeps/private/bfoxkemp/jnickla1/Thorne_15_codefigurestats/Methods/43_Forcing_Based/1_ERF_FaIR/FaIR_all_unB_method.py:123: RuntimeWarning: Mean of empty slice
  cdist = np.nanmean(dist)
/oscar/data/deeps/private/bfoxkemp/jnickla1/Thorne_15_codefigurestats/Methods/43_Forcing_Based/1_ERF_FaIR/FaIR_comb_unB_method.py:155: RuntimeWarning: Mean of empty slice
  return np.nanmean(samp_cur[year_idx-1850, :], axis = 1)
/users/jnickla1/.conda/envs/cleanpy/lib/python3.13/site-packages/numpy/lib/_nanfunctions_impl.py:2019: RuntimeWarning: Degrees of freedom <= 0 for slice.
  var = nanvar(a, axis=axis, dtype=dtype, out=out, ddof=ddof,
/oscar/data/deeps/private/bfoxkemp/jnickla1/Thorne_15_codefigurestats/Methods/43_Forcing_Based/1_ERF_FaIR/FaIR_comb_unB_method.py:183: RuntimeWarning: Mean of empty slice
  cdist = np.nanmean(dist)
starting computation for fut_ESM1-2-LR_SSP370_constVolc
max_runs43
Model number:
42




Methods/42_Temp_Alone/1_Run_Means/cent10y_method.py
Methods/42_Temp_Alone/1_Run_Means/cent20y_method.py
Methods/42_Temp_Alone/1_Run_Means/cent21y_method.py
Methods/42_Temp_Alone/1_Run_Means/cent30y_method.py
Methods/42_Temp_Alone/1_Run_Means/lag10y_method.py
Methods/42_Temp_Alone/1_Run_Means/lag5y_method.py
Methods/42_Temp_Alone/1_Run_Means/offset11y_method.py
Methods/42_Temp_Alone/1_Run_Means/raw1y_method.py
Methods/43_Forcing_Based/1_ERF_FaIR/FaIR_all_method.py
Methods/43_Forcing_Based/1_ERF_FaIR/FaIR_all_unB_method.py
Methods/43_Forcing_Based/1_ERF_FaIR/FaIR_anthro_method.py
Methods/43_Forcing_Based/1_ERF_FaIR/FaIR_anthro_unB_method.py
Methods/43_Forcing_Based/1_ERF_FaIR/FaIR_comb_unB_method.py
Methods/43_Forcing_Based/1_ERF_FaIR/FaIR_nonat_method.py
Methods/43_Forcing_Based/1_ERF_FaIR/FaIR_nonat_unB_method.py
evaluating 24 of 0.1°C thresholds, starting at 1.1°C
11
FaIR_anthro sampled, d llike: -0.04108949741996293
FaIR_anthro sampled, d llike: -0.9229116538697254
FaIR_anthro_unB sampled, d llike: -0.051903519336894854
FaIR_anthro_unB sampled, d llike: -2.2546108630664303
FaIR_nonat sampled, d llike: -0.05512807225304894
FaIR_nonat sampled, d llike: -0.007244791750690149
FaIR_nonat_unB sampled, d llike: -0.04377511516382926
FaIR_nonat_unB sampled, d llike: -0.02338271837607997
FaIR_all sampled, d llike: -1233.136014802095
FaIR_all sampled, d llike: -0.020251108219764058
FaIR_all_unB sampled, d llike: -0.013635759057901709
FaIR_all_unB sampled, d llike: -0.01852838505058907
FaIR_comb_unB sampled, d llike: -0.019722863255714262
FaIR_comb_unB sampled, d llike: -0.4020729290475489
        method_name    method_class c/r  smooth_r  avg_unc.(1se)  #q<0.5  #q<0.1   log-likeli       RMS      bias         tlog-l       100log-l    100RMS     75RMS   100bias       l15       l20    bias50       Edyrs15   Edyrs20       Mdyrs15   Mdyrs20       Fdyrs15   Fdyrs20    EdyrsA   RMSyrsA  ncEdyrs      e100log-l   e100RMS    e75RMS  e100bias      el15          el20   ebias50  eEdyrs15  eEdyrs20   eMdyrs15  eMdyrs20   eFdyrs15  eFdyrs20   eEdyrsA  eRMSyrsA  nceEdyrs
21    FaIR_comb_unB   43/1_ERF_FaIR   c     1.940       0.071328       0       0     1.509165  0.045292  0.024136     236.938976     131.027582  0.049889  0.033404  0.023315  4.076961  5.985199 -0.018982 -2.000000e+00  0.166667 -2.000000e+00  0.166667 -2.000000e+00  0.166667 -0.451389  1.411551     24.0     124.745830  0.056950  0.055508  0.046839  3.727850  5.365285e+00  0.023927 -4.166667 -0.500000  -4.166667 -0.500000  -4.166667 -0.500000 -1.547101  1.547101      23.0
8         offset11y  42/1_Run_Means   c     2.576       0.043038     156      71    -0.078926  0.085339  0.034709     -18.231897     128.013580  0.053949  0.059946 -0.036579  9.189205  6.206505 -0.072593  1.411991e-10  2.000000  1.411991e-10  2.000000  1.411991e-10  2.000000  1.440972  1.664321     24.0     173.878842  0.032638  0.032605 -0.013055  6.779825  6.652256e+00 -0.029684 -2.166667  1.333333  -2.166667  1.333333  -2.166667  1.333333  0.333333  0.333333      23.0
15   FaIR_nonat_unB   43/1_ERF_FaIR   c     1.828       0.080830       0       0     1.441668  0.040182  0.020451     232.108580     126.357654  0.043760  0.030723  0.022330  3.716629  5.134780 -0.011923 -1.833333e+00  0.416667 -1.833333e+00  0.416667 -1.833333e+00  0.416667 -0.482639  1.273506     24.0     119.807963  0.055713  0.057074  0.045854  3.673371  4.817840e+00  0.030986 -4.000000 -0.250000  -4.000000 -0.250000  -4.000000 -0.250000 -1.565217  1.565217      23.0
9       FaIR_anthro   43/1_ERF_FaIR   c     1.522       0.084727       0       0     1.297563  0.049347 -0.015503     208.907718     121.121556  0.043381  0.039206 -0.002091  3.840316  3.986903 -0.043404 -1.333333e+00  1.583333 -1.333333e+00  1.583333 -1.333333e+00  1.583333  0.329861  1.316188     24.0     121.849857  0.039531  0.039822  0.021433  3.566143  4.123503e+00 -0.000495 -3.500000  0.916667  -3.500000  0.916667  -3.500000  0.916667 -0.753623  0.753623      23.0
11  FaIR_anthro_unB   43/1_ERF_FaIR   c     1.522       0.084727       0       0     1.343608  0.048461  0.012397     216.320912     117.793478  0.050435  0.033955  0.025809  3.454995  4.443625 -0.015504 -2.250000e+00  0.416667 -2.250000e+00  0.416667 -2.250000e+00  0.416667 -0.531250  1.476572     24.0     114.150619  0.059473  0.058453  0.049333  3.114507  4.729674e+00  0.027405 -4.416667 -0.250000  -4.416667 -0.250000  -4.416667 -0.250000 -1.619565  1.619565      23.0
19     FaIR_all_unB   43/1_ERF_FaIR   c     3.025       0.083644       0       0     1.295988  0.060796  0.022016     208.654106     116.832200  0.058913  0.035197  0.029461  3.687161  4.974667 -0.016577 -2.083333e+00  0.250000 -2.083333e+00  0.250000 -2.083333e+00  0.250000 -0.541667  1.574537     24.0     112.805542  0.064262  0.058493  0.052985  3.625916  4.669801e+00  0.026332 -4.250000 -0.416667  -4.250000 -0.416667  -4.250000 -0.416667 -1.637681  1.637681      23.0
13       FaIR_nonat   43/1_ERF_FaIR   c     1.862       0.100901       0       0     1.260677  0.036574 -0.007550     202.969018     111.508966  0.037728  0.034718 -0.002650  3.158333  3.739126 -0.036903 -1.250000e+00  1.583333 -1.250000e+00  1.583333 -1.250000e+00  1.583333  0.208333  1.169639     24.0     111.040315  0.037909  0.039187  0.020874  3.543586  3.879561e+00  0.006006 -3.416667  0.916667  -3.416667  0.916667  -3.416667  0.916667 -0.876812  0.876812      23.0
2             raw1y  42/1_Run_Means   c    28.631       0.140184       0       0     0.607229  0.132488 -0.001508     140.269986      62.115954  0.121124  0.101992  0.001744  1.601879  0.795399  0.001095 -2.083333e+00 -1.666667 -8.166667e+00 -4.750000 -8.166667e+00 -4.750000  0.033565  1.364579     53.3      58.858230  0.126308  0.109536  0.025268  2.202493  1.791495e+00  0.044005 -4.250000 -2.333333 -10.333333 -5.416667 -10.333333 -5.416667 -1.095411  1.095411      51.3
1             lag5y  42/1_Run_Means   c     5.582       0.049922     111      62    -0.156574  0.090020 -0.031506     -36.168603      -9.659570  0.084863  0.077935 -0.057097  4.030179  4.075922 -0.079014  1.666667e+00  4.166667  1.666667e+00  4.166667  1.666667e+00  4.166667  1.994792  2.202643     26.0      78.645686  0.069983  0.049829 -0.033573  7.634808  7.254294e-01 -0.036104 -0.500000  3.500000  -0.500000  3.500000  -0.500000  3.500000  0.922101  0.922101      25.0
0            lag10y  42/1_Run_Means   c     2.804       0.043885     165     120    -0.758449  0.100711 -0.068240    -175.201645    -271.593168  0.137555  0.149058 -0.131977  1.048938  0.019805 -0.165149  5.000000e+00  6.916667  5.000000e+00  6.916667  5.000000e+00  6.916667  4.531250  4.591565     24.0    -104.140338  0.113132  0.110997 -0.108453  1.173995  1.413449e-02 -0.122239  2.833333  6.250000   2.833333  6.250000   2.833333  6.250000  3.438406  3.438406      23.0
17         FaIR_all   43/1_ERF_FaIR   c     2.862       0.005565     152     136 -1351.132324  0.062076  0.029705 -217532.304160 -148446.815608  0.063675  0.037698  0.038101  0.000000  0.304525 -0.007937 -2.416667e+00 -0.250000 -2.416667e+00 -0.250000 -2.416667e+00 -0.250000 -0.708333  1.720317     24.0 -171306.132235  0.071553  0.065496  0.061626  0.000000  3.799838e-18  0.034973 -4.583333 -0.916667  -4.583333 -0.916667  -4.583333 -0.916667 -1.811594  1.811594      23.0
6.669991594000001
finished this run
All processes completed.
