/oscar/data/deeps/private/bfoxkemp/jnickla1/Thorne_15_codefigurestats/fut_evaluation_gen_ensemble.py:20: RuntimeWarning: Mean of empty slice
  return np.nanmean(standards_np,axis=0)
/oscar/data/deeps/private/bfoxkemp/jnickla1/Thorne_15_codefigurestats/fut_evaluation_gen_ensemble.py:20: RuntimeWarning: Mean of empty slice
  return np.nanmean(standards_np,axis=0)
/oscar/data/deeps/private/bfoxkemp/jnickla1/Thorne_15_codefigurestats/fut_evaluation_gen_ensemble.py:20: RuntimeWarning: Mean of empty slice
  return np.nanmean(standards_np,axis=0)
/oscar/data/deeps/private/bfoxkemp/jnickla1/Thorne_15_codefigurestats/fut_evaluation_gen_ensemble.py:20: RuntimeWarning: Mean of empty slice
  return np.nanmean(standards_np,axis=0)
/oscar/data/deeps/private/bfoxkemp/jnickla1/Thorne_15_codefigurestats/fut_evaluation_gen_ensemble.py:20: RuntimeWarning: Mean of empty slice
  return np.nanmean(standards_np,axis=0)
/oscar/data/deeps/private/bfoxkemp/jnickla1/Thorne_15_codefigurestats/Methods/43_Forcing_Based/1_ERF_FaIR/FaIR_all_method.py:53: RuntimeWarning: Mean of empty slice
  samp_mean =  np.nanmean(samp_cur, axis = 1)
/oscar/data/deeps/private/bfoxkemp/jnickla1/Thorne_15_codefigurestats/Methods/43_Forcing_Based/1_ERF_FaIR/FaIR_all_method.py:53: RuntimeWarning: Mean of empty slice
  samp_mean =  np.nanmean(samp_cur, axis = 1)
/oscar/data/deeps/private/bfoxkemp/jnickla1/Thorne_15_codefigurestats/Methods/43_Forcing_Based/1_ERF_FaIR/FaIR_all_unB_method.py:70: RuntimeWarning: Mean of empty slice
  samp_mean =  np.nanmean(samp_cur, axis = 1)
/oscar/data/deeps/private/bfoxkemp/jnickla1/Thorne_15_codefigurestats/Methods/43_Forcing_Based/1_ERF_FaIR/FaIR_all_unB_method.py:70: RuntimeWarning: Mean of empty slice
  samp_mean =  np.nanmean(samp_cur, axis = 1)
/oscar/data/deeps/private/bfoxkemp/jnickla1/Thorne_15_codefigurestats/Methods/43_Forcing_Based/1_ERF_FaIR/FaIR_anthro_method.py:53: RuntimeWarning: Mean of empty slice
  samp_mean =  np.nanmean(samp_cur, axis = 1)
/oscar/data/deeps/private/bfoxkemp/jnickla1/Thorne_15_codefigurestats/Methods/43_Forcing_Based/1_ERF_FaIR/FaIR_anthro_method.py:53: RuntimeWarning: Mean of empty slice
  samp_mean =  np.nanmean(samp_cur, axis = 1)
/oscar/data/deeps/private/bfoxkemp/jnickla1/Thorne_15_codefigurestats/Methods/43_Forcing_Based/1_ERF_FaIR/FaIR_anthro_unB_method.py:70: RuntimeWarning: Mean of empty slice
  samp_mean =  np.nanmean(samp_cur, axis = 1)
/oscar/data/deeps/private/bfoxkemp/jnickla1/Thorne_15_codefigurestats/Methods/43_Forcing_Based/1_ERF_FaIR/FaIR_anthro_unB_method.py:70: RuntimeWarning: Mean of empty slice
  samp_mean =  np.nanmean(samp_cur, axis = 1)
/oscar/data/deeps/private/bfoxkemp/jnickla1/Thorne_15_codefigurestats/Methods/43_Forcing_Based/1_ERF_FaIR/FaIR_comb_unB_method.py:70: RuntimeWarning: Mean of empty slice
  samp_mean =  np.nanmean(samp_cur, axis = 1)
/oscar/data/deeps/private/bfoxkemp/jnickla1/Thorne_15_codefigurestats/Methods/43_Forcing_Based/1_ERF_FaIR/FaIR_comb_unB_method.py:70: RuntimeWarning: Mean of empty slice
  samp_mean =  np.nanmean(samp_cur, axis = 1)
/oscar/data/deeps/private/bfoxkemp/jnickla1/Thorne_15_codefigurestats/Methods/43_Forcing_Based/1_ERF_FaIR/FaIR_comb_unB_method.py:126: RuntimeWarning: Mean of empty slice
  samp_meanAll =  np.nanmean(samp_curAll, axis = 1)
/oscar/data/deeps/private/bfoxkemp/jnickla1/Thorne_15_codefigurestats/Methods/43_Forcing_Based/1_ERF_FaIR/FaIR_comb_unB_method.py:126: RuntimeWarning: Mean of empty slice
  samp_meanAll =  np.nanmean(samp_curAll, axis = 1)
/oscar/data/deeps/private/bfoxkemp/jnickla1/Thorne_15_codefigurestats/Methods/43_Forcing_Based/1_ERF_FaIR/FaIR_nonat_method.py:53: RuntimeWarning: Mean of empty slice
  samp_mean =  np.nanmean(samp_cur, axis = 1)
/oscar/data/deeps/private/bfoxkemp/jnickla1/Thorne_15_codefigurestats/Methods/43_Forcing_Based/1_ERF_FaIR/FaIR_nonat_method.py:53: RuntimeWarning: Mean of empty slice
  samp_mean =  np.nanmean(samp_cur, axis = 1)
/oscar/data/deeps/private/bfoxkemp/jnickla1/Thorne_15_codefigurestats/Methods/43_Forcing_Based/1_ERF_FaIR/FaIR_nonat_unB_method.py:72: RuntimeWarning: Mean of empty slice
  samp_mean =  np.nanmean(samp_cur, axis = 1)
/oscar/data/deeps/private/bfoxkemp/jnickla1/Thorne_15_codefigurestats/Methods/43_Forcing_Based/1_ERF_FaIR/FaIR_nonat_unB_method.py:72: RuntimeWarning: Mean of empty slice
  samp_mean =  np.nanmean(samp_cur, axis = 1)
/oscar/data/deeps/private/bfoxkemp/jnickla1/Thorne_15_codefigurestats/Methods/43_Forcing_Based/1_ERF_FaIR/FaIR_all_method.py:68: RuntimeWarning: Mean of empty slice
  return np.nanmean(samp_cur[year_idx-1850, :], axis = 1)
/oscar/data/deeps/private/bfoxkemp/jnickla1/Thorne_15_codefigurestats/Methods/43_Forcing_Based/1_ERF_FaIR/FaIR_all_method.py:68: RuntimeWarning: Mean of empty slice
  return np.nanmean(samp_cur[year_idx-1850, :], axis = 1)
/users/jnickla1/.conda/envs/cleanpy/lib/python3.13/site-packages/numpy/lib/_nanfunctions_impl.py:2019: RuntimeWarning: Degrees of freedom <= 0 for slice.
  var = nanvar(a, axis=axis, dtype=dtype, out=out, ddof=ddof,
/oscar/data/deeps/private/bfoxkemp/jnickla1/Thorne_15_codefigurestats/Methods/43_Forcing_Based/1_ERF_FaIR/FaIR_all_unB_method.py:90: RuntimeWarning: Mean of empty slice
  return np.nanmean(samp_cur[year_idx-1850, :], axis = 1)
/users/jnickla1/.conda/envs/cleanpy/lib/python3.13/site-packages/numpy/lib/_nanfunctions_impl.py:2019: RuntimeWarning: Degrees of freedom <= 0 for slice.
  var = nanvar(a, axis=axis, dtype=dtype, out=out, ddof=ddof,
/oscar/data/deeps/private/bfoxkemp/jnickla1/Thorne_15_codefigurestats/Methods/43_Forcing_Based/1_ERF_FaIR/FaIR_all_unB_method.py:90: RuntimeWarning: Mean of empty slice
  return np.nanmean(samp_cur[year_idx-1850, :], axis = 1)
/oscar/data/deeps/private/bfoxkemp/jnickla1/Thorne_15_codefigurestats/Methods/43_Forcing_Based/1_ERF_FaIR/FaIR_anthro_method.py:67: RuntimeWarning: Mean of empty slice
  return np.nanmean(samp_cur[year_idx-1850, :], axis = 1)
/oscar/data/deeps/private/bfoxkemp/jnickla1/Thorne_15_codefigurestats/Methods/43_Forcing_Based/1_ERF_FaIR/FaIR_anthro_method.py:67: RuntimeWarning: Mean of empty slice
  return np.nanmean(samp_cur[year_idx-1850, :], axis = 1)
/oscar/data/deeps/private/bfoxkemp/jnickla1/Thorne_15_codefigurestats/Methods/43_Forcing_Based/1_ERF_FaIR/FaIR_anthro_unB_method.py:89: RuntimeWarning: Mean of empty slice
  return np.nanmean(samp_cur[year_idx-1850, :], axis = 1)
/oscar/data/deeps/private/bfoxkemp/jnickla1/Thorne_15_codefigurestats/Methods/43_Forcing_Based/1_ERF_FaIR/FaIR_anthro_unB_method.py:89: RuntimeWarning: Mean of empty slice
  return np.nanmean(samp_cur[year_idx-1850, :], axis = 1)
/oscar/data/deeps/private/bfoxkemp/jnickla1/Thorne_15_codefigurestats/Methods/43_Forcing_Based/1_ERF_FaIR/FaIR_comb_unB_method.py:152: RuntimeWarning: Mean of empty slice
  return np.nanmean(samp_cur[year_idx-1850, :], axis = 1)
/oscar/data/deeps/private/bfoxkemp/jnickla1/Thorne_15_codefigurestats/Methods/43_Forcing_Based/1_ERF_FaIR/FaIR_nonat_method.py:68: RuntimeWarning: Mean of empty slice
  return np.nanmean(samp_cur[year_idx-1850, :], axis = 1)
/oscar/data/deeps/private/bfoxkemp/jnickla1/Thorne_15_codefigurestats/Methods/43_Forcing_Based/1_ERF_FaIR/FaIR_comb_unB_method.py:152: RuntimeWarning: Mean of empty slice
  return np.nanmean(samp_cur[year_idx-1850, :], axis = 1)
/oscar/data/deeps/private/bfoxkemp/jnickla1/Thorne_15_codefigurestats/Methods/43_Forcing_Based/1_ERF_FaIR/FaIR_nonat_unB_method.py:92: RuntimeWarning: Mean of empty slice
  return np.nanmean(samp_cur[year_idx-1850, :], axis = 1)
/oscar/data/deeps/private/bfoxkemp/jnickla1/Thorne_15_codefigurestats/Methods/43_Forcing_Based/1_ERF_FaIR/FaIR_nonat_method.py:68: RuntimeWarning: Mean of empty slice
  return np.nanmean(samp_cur[year_idx-1850, :], axis = 1)
/oscar/data/deeps/private/bfoxkemp/jnickla1/Thorne_15_codefigurestats/Methods/43_Forcing_Based/1_ERF_FaIR/FaIR_nonat_unB_method.py:92: RuntimeWarning: Mean of empty slice
  return np.nanmean(samp_cur[year_idx-1850, :], axis = 1)
/oscar/data/deeps/private/bfoxkemp/jnickla1/Thorne_15_codefigurestats/Methods/43_Forcing_Based/1_ERF_FaIR/FaIR_anthro_method.py:67: RuntimeWarning: Mean of empty slice
  return np.nanmean(samp_cur[year_idx-1850, :], axis = 1)
/oscar/data/deeps/private/bfoxkemp/jnickla1/Thorne_15_codefigurestats/Methods/43_Forcing_Based/1_ERF_FaIR/FaIR_anthro_unB_method.py:89: RuntimeWarning: Mean of empty slice
  return np.nanmean(samp_cur[year_idx-1850, :], axis = 1)
/oscar/data/deeps/private/bfoxkemp/jnickla1/Thorne_15_codefigurestats/Methods/43_Forcing_Based/1_ERF_FaIR/FaIR_nonat_method.py:68: RuntimeWarning: Mean of empty slice
  return np.nanmean(samp_cur[year_idx-1850, :], axis = 1)
/oscar/data/deeps/private/bfoxkemp/jnickla1/Thorne_15_codefigurestats/Methods/43_Forcing_Based/1_ERF_FaIR/FaIR_nonat_unB_method.py:92: RuntimeWarning: Mean of empty slice
  return np.nanmean(samp_cur[year_idx-1850, :], axis = 1)
/oscar/data/deeps/private/bfoxkemp/jnickla1/Thorne_15_codefigurestats/Methods/43_Forcing_Based/1_ERF_FaIR/FaIR_all_method.py:68: RuntimeWarning: Mean of empty slice
  return np.nanmean(samp_cur[year_idx-1850, :], axis = 1)
/oscar/data/deeps/private/bfoxkemp/jnickla1/Thorne_15_codefigurestats/Methods/43_Forcing_Based/1_ERF_FaIR/FaIR_anthro_method.py:67: RuntimeWarning: Mean of empty slice
  return np.nanmean(samp_cur[year_idx-1850, :], axis = 1)
/oscar/data/deeps/private/bfoxkemp/jnickla1/Thorne_15_codefigurestats/Methods/43_Forcing_Based/1_ERF_FaIR/FaIR_anthro_unB_method.py:89: RuntimeWarning: Mean of empty slice
  return np.nanmean(samp_cur[year_idx-1850, :], axis = 1)
/oscar/data/deeps/private/bfoxkemp/jnickla1/Thorne_15_codefigurestats/Methods/43_Forcing_Based/1_ERF_FaIR/FaIR_all_unB_method.py:90: RuntimeWarning: Mean of empty slice
  return np.nanmean(samp_cur[year_idx-1850, :], axis = 1)
/oscar/data/deeps/private/bfoxkemp/jnickla1/Thorne_15_codefigurestats/Methods/43_Forcing_Based/1_ERF_FaIR/FaIR_comb_unB_method.py:152: RuntimeWarning: Mean of empty slice
  return np.nanmean(samp_cur[year_idx-1850, :], axis = 1)
/oscar/data/deeps/private/bfoxkemp/jnickla1/Thorne_15_codefigurestats/Methods/43_Forcing_Based/1_ERF_FaIR/FaIR_nonat_method.py:68: RuntimeWarning: Mean of empty slice
  return np.nanmean(samp_cur[year_idx-1850, :], axis = 1)
/oscar/data/deeps/private/bfoxkemp/jnickla1/Thorne_15_codefigurestats/Methods/43_Forcing_Based/1_ERF_FaIR/FaIR_nonat_unB_method.py:92: RuntimeWarning: Mean of empty slice
  return np.nanmean(samp_cur[year_idx-1850, :], axis = 1)
/oscar/data/deeps/private/bfoxkemp/jnickla1/Thorne_15_codefigurestats/Methods/43_Forcing_Based/1_ERF_FaIR/FaIR_all_method.py:68: RuntimeWarning: Mean of empty slice
  return np.nanmean(samp_cur[year_idx-1850, :], axis = 1)
/oscar/data/deeps/private/bfoxkemp/jnickla1/Thorne_15_codefigurestats/Methods/43_Forcing_Based/1_ERF_FaIR/FaIR_all_unB_method.py:90: RuntimeWarning: Mean of empty slice
  return np.nanmean(samp_cur[year_idx-1850, :], axis = 1)
/oscar/data/deeps/private/bfoxkemp/jnickla1/Thorne_15_codefigurestats/Methods/43_Forcing_Based/1_ERF_FaIR/FaIR_comb_unB_method.py:152: RuntimeWarning: Mean of empty slice
  return np.nanmean(samp_cur[year_idx-1850, :], axis = 1)
/oscar/data/deeps/private/bfoxkemp/jnickla1/Thorne_15_codefigurestats/Methods/43_Forcing_Based/1_ERF_FaIR/FaIR_anthro_method.py:67: RuntimeWarning: Mean of empty slice
  return np.nanmean(samp_cur[year_idx-1850, :], axis = 1)
/users/jnickla1/.conda/envs/cleanpy/lib/python3.13/site-packages/numpy/lib/_nanfunctions_impl.py:2019: RuntimeWarning: Degrees of freedom <= 0 for slice.
  var = nanvar(a, axis=axis, dtype=dtype, out=out, ddof=ddof,
/oscar/data/deeps/private/bfoxkemp/jnickla1/Thorne_15_codefigurestats/Methods/43_Forcing_Based/1_ERF_FaIR/FaIR_anthro_method.py:95: RuntimeWarning: Mean of empty slice
  cdist = np.nanmean(dist)
/oscar/data/deeps/private/bfoxkemp/jnickla1/Thorne_15_codefigurestats/Methods/43_Forcing_Based/1_ERF_FaIR/FaIR_anthro_method.py:67: RuntimeWarning: Mean of empty slice
  return np.nanmean(samp_cur[year_idx-1850, :], axis = 1)
/users/jnickla1/.conda/envs/cleanpy/lib/python3.13/site-packages/numpy/lib/_nanfunctions_impl.py:2019: RuntimeWarning: Degrees of freedom <= 0 for slice.
  var = nanvar(a, axis=axis, dtype=dtype, out=out, ddof=ddof,
/oscar/data/deeps/private/bfoxkemp/jnickla1/Thorne_15_codefigurestats/Methods/43_Forcing_Based/1_ERF_FaIR/FaIR_anthro_method.py:95: RuntimeWarning: Mean of empty slice
  cdist = np.nanmean(dist)
/oscar/data/deeps/private/bfoxkemp/jnickla1/Thorne_15_codefigurestats/fut_evaluation_script.py:427: RuntimeWarning: Mean of empty slice
  evalmean = np.nanmean(diffcross) #if crossing multiple times take the mean
/oscar/data/deeps/private/bfoxkemp/jnickla1/Thorne_15_codefigurestats/Methods/43_Forcing_Based/1_ERF_FaIR/FaIR_all_method.py:53: RuntimeWarning: Mean of empty slice
  samp_mean =  np.nanmean(samp_cur, axis = 1)
/oscar/data/deeps/private/bfoxkemp/jnickla1/Thorne_15_codefigurestats/Methods/43_Forcing_Based/1_ERF_FaIR/FaIR_all_method.py:53: RuntimeWarning: Mean of empty slice
  samp_mean =  np.nanmean(samp_cur, axis = 1)
/oscar/data/deeps/private/bfoxkemp/jnickla1/Thorne_15_codefigurestats/Methods/43_Forcing_Based/1_ERF_FaIR/FaIR_all_unB_method.py:70: RuntimeWarning: Mean of empty slice
  samp_mean =  np.nanmean(samp_cur, axis = 1)
/oscar/data/deeps/private/bfoxkemp/jnickla1/Thorne_15_codefigurestats/Methods/43_Forcing_Based/1_ERF_FaIR/FaIR_all_unB_method.py:70: RuntimeWarning: Mean of empty slice
  samp_mean =  np.nanmean(samp_cur, axis = 1)
/oscar/data/deeps/private/bfoxkemp/jnickla1/Thorne_15_codefigurestats/Methods/43_Forcing_Based/1_ERF_FaIR/FaIR_all_method.py:53: RuntimeWarning: Mean of empty slice
  samp_mean =  np.nanmean(samp_cur, axis = 1)
/oscar/data/deeps/private/bfoxkemp/jnickla1/Thorne_15_codefigurestats/Methods/43_Forcing_Based/1_ERF_FaIR/FaIR_anthro_method.py:53: RuntimeWarning: Mean of empty slice
  samp_mean =  np.nanmean(samp_cur, axis = 1)
/oscar/data/deeps/private/bfoxkemp/jnickla1/Thorne_15_codefigurestats/Methods/43_Forcing_Based/1_ERF_FaIR/FaIR_anthro_method.py:53: RuntimeWarning: Mean of empty slice
  samp_mean =  np.nanmean(samp_cur, axis = 1)
/oscar/data/deeps/private/bfoxkemp/jnickla1/Thorne_15_codefigurestats/Methods/43_Forcing_Based/1_ERF_FaIR/FaIR_all_unB_method.py:70: RuntimeWarning: Mean of empty slice
  samp_mean =  np.nanmean(samp_cur, axis = 1)
/oscar/data/deeps/private/bfoxkemp/jnickla1/Thorne_15_codefigurestats/Methods/43_Forcing_Based/1_ERF_FaIR/FaIR_anthro_unB_method.py:70: RuntimeWarning: Mean of empty slice
  samp_mean =  np.nanmean(samp_cur, axis = 1)
/oscar/data/deeps/private/bfoxkemp/jnickla1/Thorne_15_codefigurestats/Methods/43_Forcing_Based/1_ERF_FaIR/FaIR_anthro_unB_method.py:70: RuntimeWarning: Mean of empty slice
  samp_mean =  np.nanmean(samp_cur, axis = 1)
/oscar/data/deeps/private/bfoxkemp/jnickla1/Thorne_15_codefigurestats/fut_evaluation_script.py:464: RuntimeWarning: Mean of empty slice
  evalmean = np.nanmean(diffcrossE) #if crossing multiple times take the mean
/oscar/data/deeps/private/bfoxkemp/jnickla1/Thorne_15_codefigurestats/Methods/43_Forcing_Based/1_ERF_FaIR/FaIR_anthro_method.py:53: RuntimeWarning: Mean of empty slice
  samp_mean =  np.nanmean(samp_cur, axis = 1)
/oscar/data/deeps/private/bfoxkemp/jnickla1/Thorne_15_codefigurestats/Methods/43_Forcing_Based/1_ERF_FaIR/FaIR_comb_unB_method.py:70: RuntimeWarning: Mean of empty slice
  samp_mean =  np.nanmean(samp_cur, axis = 1)
/oscar/data/deeps/private/bfoxkemp/jnickla1/Thorne_15_codefigurestats/Methods/43_Forcing_Based/1_ERF_FaIR/FaIR_comb_unB_method.py:126: RuntimeWarning: Mean of empty slice
  samp_meanAll =  np.nanmean(samp_curAll, axis = 1)
/oscar/data/deeps/private/bfoxkemp/jnickla1/Thorne_15_codefigurestats/Methods/43_Forcing_Based/1_ERF_FaIR/FaIR_comb_unB_method.py:70: RuntimeWarning: Mean of empty slice
  samp_mean =  np.nanmean(samp_cur, axis = 1)
/oscar/data/deeps/private/bfoxkemp/jnickla1/Thorne_15_codefigurestats/Methods/43_Forcing_Based/1_ERF_FaIR/FaIR_comb_unB_method.py:126: RuntimeWarning: Mean of empty slice
  samp_meanAll =  np.nanmean(samp_curAll, axis = 1)
/oscar/data/deeps/private/bfoxkemp/jnickla1/Thorne_15_codefigurestats/Methods/43_Forcing_Based/1_ERF_FaIR/FaIR_anthro_unB_method.py:70: RuntimeWarning: Mean of empty slice
  samp_mean =  np.nanmean(samp_cur, axis = 1)
/oscar/data/deeps/private/bfoxkemp/jnickla1/Thorne_15_codefigurestats/Methods/43_Forcing_Based/1_ERF_FaIR/FaIR_nonat_method.py:53: RuntimeWarning: Mean of empty slice
  samp_mean =  np.nanmean(samp_cur, axis = 1)
/oscar/data/deeps/private/bfoxkemp/jnickla1/Thorne_15_codefigurestats/Methods/43_Forcing_Based/1_ERF_FaIR/FaIR_comb_unB_method.py:70: RuntimeWarning: Mean of empty slice
  samp_mean =  np.nanmean(samp_cur, axis = 1)
/oscar/data/deeps/private/bfoxkemp/jnickla1/Thorne_15_codefigurestats/Methods/43_Forcing_Based/1_ERF_FaIR/FaIR_nonat_method.py:53: RuntimeWarning: Mean of empty slice
  samp_mean =  np.nanmean(samp_cur, axis = 1)
/oscar/data/deeps/private/bfoxkemp/jnickla1/Thorne_15_codefigurestats/Methods/43_Forcing_Based/1_ERF_FaIR/FaIR_comb_unB_method.py:126: RuntimeWarning: Mean of empty slice
  samp_meanAll =  np.nanmean(samp_curAll, axis = 1)
/oscar/data/deeps/private/bfoxkemp/jnickla1/Thorne_15_codefigurestats/Methods/43_Forcing_Based/1_ERF_FaIR/FaIR_nonat_unB_method.py:72: RuntimeWarning: Mean of empty slice
  samp_mean =  np.nanmean(samp_cur, axis = 1)
/oscar/data/deeps/private/bfoxkemp/jnickla1/Thorne_15_codefigurestats/Methods/43_Forcing_Based/1_ERF_FaIR/FaIR_nonat_unB_method.py:72: RuntimeWarning: Mean of empty slice
  samp_mean =  np.nanmean(samp_cur, axis = 1)
/oscar/data/deeps/private/bfoxkemp/jnickla1/Thorne_15_codefigurestats/Methods/43_Forcing_Based/1_ERF_FaIR/FaIR_all_method.py:68: RuntimeWarning: Mean of empty slice
  return np.nanmean(samp_cur[year_idx-1850, :], axis = 1)
/users/jnickla1/.conda/envs/cleanpy/lib/python3.13/site-packages/numpy/lib/_nanfunctions_impl.py:2019: RuntimeWarning: Degrees of freedom <= 0 for slice.
  var = nanvar(a, axis=axis, dtype=dtype, out=out, ddof=ddof,
/oscar/data/deeps/private/bfoxkemp/jnickla1/Thorne_15_codefigurestats/Methods/43_Forcing_Based/1_ERF_FaIR/FaIR_all_unB_method.py:90: RuntimeWarning: Mean of empty slice
  return np.nanmean(samp_cur[year_idx-1850, :], axis = 1)
/oscar/data/deeps/private/bfoxkemp/jnickla1/Thorne_15_codefigurestats/Methods/43_Forcing_Based/1_ERF_FaIR/FaIR_nonat_method.py:53: RuntimeWarning: Mean of empty slice
  samp_mean =  np.nanmean(samp_cur, axis = 1)
/oscar/data/deeps/private/bfoxkemp/jnickla1/Thorne_15_codefigurestats/Methods/43_Forcing_Based/1_ERF_FaIR/FaIR_anthro_method.py:67: RuntimeWarning: Mean of empty slice
  return np.nanmean(samp_cur[year_idx-1850, :], axis = 1)
/oscar/data/deeps/private/bfoxkemp/jnickla1/Thorne_15_codefigurestats/Methods/43_Forcing_Based/1_ERF_FaIR/FaIR_anthro_unB_method.py:89: RuntimeWarning: Mean of empty slice
  return np.nanmean(samp_cur[year_idx-1850, :], axis = 1)
/oscar/data/deeps/private/bfoxkemp/jnickla1/Thorne_15_codefigurestats/Methods/43_Forcing_Based/1_ERF_FaIR/FaIR_comb_unB_method.py:152: RuntimeWarning: Mean of empty slice
  return np.nanmean(samp_cur[year_idx-1850, :], axis = 1)
/oscar/data/deeps/private/bfoxkemp/jnickla1/Thorne_15_codefigurestats/Methods/43_Forcing_Based/1_ERF_FaIR/FaIR_nonat_method.py:68: RuntimeWarning: Mean of empty slice
  return np.nanmean(samp_cur[year_idx-1850, :], axis = 1)
/oscar/data/deeps/private/bfoxkemp/jnickla1/Thorne_15_codefigurestats/Methods/43_Forcing_Based/1_ERF_FaIR/FaIR_all_method.py:68: RuntimeWarning: Mean of empty slice
  return np.nanmean(samp_cur[year_idx-1850, :], axis = 1)
/users/jnickla1/.conda/envs/cleanpy/lib/python3.13/site-packages/numpy/lib/_nanfunctions_impl.py:2019: RuntimeWarning: Degrees of freedom <= 0 for slice.
  var = nanvar(a, axis=axis, dtype=dtype, out=out, ddof=ddof,
/oscar/data/deeps/private/bfoxkemp/jnickla1/Thorne_15_codefigurestats/Methods/43_Forcing_Based/1_ERF_FaIR/FaIR_all_unB_method.py:90: RuntimeWarning: Mean of empty slice
  return np.nanmean(samp_cur[year_idx-1850, :], axis = 1)
/oscar/data/deeps/private/bfoxkemp/jnickla1/Thorne_15_codefigurestats/Methods/43_Forcing_Based/1_ERF_FaIR/FaIR_anthro_method.py:67: RuntimeWarning: Mean of empty slice
  return np.nanmean(samp_cur[year_idx-1850, :], axis = 1)
/oscar/data/deeps/private/bfoxkemp/jnickla1/Thorne_15_codefigurestats/Methods/43_Forcing_Based/1_ERF_FaIR/FaIR_nonat_unB_method.py:92: RuntimeWarning: Mean of empty slice
  return np.nanmean(samp_cur[year_idx-1850, :], axis = 1)
/oscar/data/deeps/private/bfoxkemp/jnickla1/Thorne_15_codefigurestats/Methods/43_Forcing_Based/1_ERF_FaIR/FaIR_anthro_unB_method.py:89: RuntimeWarning: Mean of empty slice
  return np.nanmean(samp_cur[year_idx-1850, :], axis = 1)
/oscar/data/deeps/private/bfoxkemp/jnickla1/Thorne_15_codefigurestats/Methods/43_Forcing_Based/1_ERF_FaIR/FaIR_comb_unB_method.py:152: RuntimeWarning: Mean of empty slice
  return np.nanmean(samp_cur[year_idx-1850, :], axis = 1)
/oscar/data/deeps/private/bfoxkemp/jnickla1/Thorne_15_codefigurestats/Methods/43_Forcing_Based/1_ERF_FaIR/FaIR_nonat_unB_method.py:72: RuntimeWarning: Mean of empty slice
  samp_mean =  np.nanmean(samp_cur, axis = 1)
/oscar/data/deeps/private/bfoxkemp/jnickla1/Thorne_15_codefigurestats/Methods/43_Forcing_Based/1_ERF_FaIR/FaIR_nonat_method.py:68: RuntimeWarning: Mean of empty slice
  return np.nanmean(samp_cur[year_idx-1850, :], axis = 1)
/oscar/data/deeps/private/bfoxkemp/jnickla1/Thorne_15_codefigurestats/Methods/43_Forcing_Based/1_ERF_FaIR/FaIR_nonat_unB_method.py:92: RuntimeWarning: Mean of empty slice
  return np.nanmean(samp_cur[year_idx-1850, :], axis = 1)
/oscar/data/deeps/private/bfoxkemp/jnickla1/Thorne_15_codefigurestats/Methods/43_Forcing_Based/1_ERF_FaIR/FaIR_anthro_method.py:67: RuntimeWarning: Mean of empty slice
  return np.nanmean(samp_cur[year_idx-1850, :], axis = 1)
/oscar/data/deeps/private/bfoxkemp/jnickla1/Thorne_15_codefigurestats/Methods/43_Forcing_Based/1_ERF_FaIR/FaIR_anthro_unB_method.py:89: RuntimeWarning: Mean of empty slice
  return np.nanmean(samp_cur[year_idx-1850, :], axis = 1)
/oscar/data/deeps/private/bfoxkemp/jnickla1/Thorne_15_codefigurestats/Methods/43_Forcing_Based/1_ERF_FaIR/FaIR_nonat_method.py:68: RuntimeWarning: Mean of empty slice
  return np.nanmean(samp_cur[year_idx-1850, :], axis = 1)
/oscar/data/deeps/private/bfoxkemp/jnickla1/Thorne_15_codefigurestats/Methods/43_Forcing_Based/1_ERF_FaIR/FaIR_nonat_unB_method.py:92: RuntimeWarning: Mean of empty slice
  return np.nanmean(samp_cur[year_idx-1850, :], axis = 1)
/oscar/data/deeps/private/bfoxkemp/jnickla1/Thorne_15_codefigurestats/Methods/43_Forcing_Based/1_ERF_FaIR/FaIR_all_method.py:68: RuntimeWarning: Mean of empty slice
  return np.nanmean(samp_cur[year_idx-1850, :], axis = 1)
/oscar/data/deeps/private/bfoxkemp/jnickla1/Thorne_15_codefigurestats/Methods/43_Forcing_Based/1_ERF_FaIR/FaIR_all_unB_method.py:90: RuntimeWarning: Mean of empty slice
  return np.nanmean(samp_cur[year_idx-1850, :], axis = 1)
/oscar/data/deeps/private/bfoxkemp/jnickla1/Thorne_15_codefigurestats/Methods/43_Forcing_Based/1_ERF_FaIR/FaIR_all_method.py:68: RuntimeWarning: Mean of empty slice
  return np.nanmean(samp_cur[year_idx-1850, :], axis = 1)
/oscar/data/deeps/private/bfoxkemp/jnickla1/Thorne_15_codefigurestats/Methods/43_Forcing_Based/1_ERF_FaIR/FaIR_comb_unB_method.py:152: RuntimeWarning: Mean of empty slice
  return np.nanmean(samp_cur[year_idx-1850, :], axis = 1)
/users/jnickla1/.conda/envs/cleanpy/lib/python3.13/site-packages/numpy/lib/_nanfunctions_impl.py:2019: RuntimeWarning: Degrees of freedom <= 0 for slice.
  var = nanvar(a, axis=axis, dtype=dtype, out=out, ddof=ddof,
/oscar/data/deeps/private/bfoxkemp/jnickla1/Thorne_15_codefigurestats/Methods/43_Forcing_Based/1_ERF_FaIR/FaIR_all_unB_method.py:90: RuntimeWarning: Mean of empty slice
  return np.nanmean(samp_cur[year_idx-1850, :], axis = 1)
/oscar/data/deeps/private/bfoxkemp/jnickla1/Thorne_15_codefigurestats/Methods/43_Forcing_Based/1_ERF_FaIR/FaIR_anthro_method.py:67: RuntimeWarning: Mean of empty slice
  return np.nanmean(samp_cur[year_idx-1850, :], axis = 1)
/oscar/data/deeps/private/bfoxkemp/jnickla1/Thorne_15_codefigurestats/Methods/43_Forcing_Based/1_ERF_FaIR/FaIR_anthro_unB_method.py:89: RuntimeWarning: Mean of empty slice
  return np.nanmean(samp_cur[year_idx-1850, :], axis = 1)
/oscar/data/deeps/private/bfoxkemp/jnickla1/Thorne_15_codefigurestats/Methods/43_Forcing_Based/1_ERF_FaIR/FaIR_nonat_method.py:68: RuntimeWarning: Mean of empty slice
  return np.nanmean(samp_cur[year_idx-1850, :], axis = 1)
/oscar/data/deeps/private/bfoxkemp/jnickla1/Thorne_15_codefigurestats/Methods/43_Forcing_Based/1_ERF_FaIR/FaIR_anthro_method.py:67: RuntimeWarning: Mean of empty slice
  return np.nanmean(samp_cur[year_idx-1850, :], axis = 1)
/oscar/data/deeps/private/bfoxkemp/jnickla1/Thorne_15_codefigurestats/Methods/43_Forcing_Based/1_ERF_FaIR/FaIR_nonat_unB_method.py:92: RuntimeWarning: Mean of empty slice
  return np.nanmean(samp_cur[year_idx-1850, :], axis = 1)
/oscar/data/deeps/private/bfoxkemp/jnickla1/Thorne_15_codefigurestats/Methods/43_Forcing_Based/1_ERF_FaIR/FaIR_all_method.py:68: RuntimeWarning: Mean of empty slice
  return np.nanmean(samp_cur[year_idx-1850, :], axis = 1)
/oscar/data/deeps/private/bfoxkemp/jnickla1/Thorne_15_codefigurestats/Methods/43_Forcing_Based/1_ERF_FaIR/FaIR_all_unB_method.py:90: RuntimeWarning: Mean of empty slice
  return np.nanmean(samp_cur[year_idx-1850, :], axis = 1)
/oscar/data/deeps/private/bfoxkemp/jnickla1/Thorne_15_codefigurestats/Methods/43_Forcing_Based/1_ERF_FaIR/FaIR_anthro_unB_method.py:89: RuntimeWarning: Mean of empty slice
  return np.nanmean(samp_cur[year_idx-1850, :], axis = 1)
/oscar/data/deeps/private/bfoxkemp/jnickla1/Thorne_15_codefigurestats/Methods/43_Forcing_Based/1_ERF_FaIR/FaIR_comb_unB_method.py:152: RuntimeWarning: Mean of empty slice
  return np.nanmean(samp_cur[year_idx-1850, :], axis = 1)
/oscar/data/deeps/private/bfoxkemp/jnickla1/Thorne_15_codefigurestats/Methods/43_Forcing_Based/1_ERF_FaIR/FaIR_comb_unB_method.py:152: RuntimeWarning: Mean of empty slice
  return np.nanmean(samp_cur[year_idx-1850, :], axis = 1)
/oscar/data/deeps/private/bfoxkemp/jnickla1/Thorne_15_codefigurestats/Methods/43_Forcing_Based/1_ERF_FaIR/FaIR_nonat_method.py:68: RuntimeWarning: Mean of empty slice
  return np.nanmean(samp_cur[year_idx-1850, :], axis = 1)
/oscar/data/deeps/private/bfoxkemp/jnickla1/Thorne_15_codefigurestats/Methods/43_Forcing_Based/1_ERF_FaIR/FaIR_nonat_unB_method.py:92: RuntimeWarning: Mean of empty slice
  return np.nanmean(samp_cur[year_idx-1850, :], axis = 1)
/oscar/data/deeps/private/bfoxkemp/jnickla1/Thorne_15_codefigurestats/Methods/43_Forcing_Based/1_ERF_FaIR/FaIR_anthro_method.py:67: RuntimeWarning: Mean of empty slice
  return np.nanmean(samp_cur[year_idx-1850, :], axis = 1)
/oscar/data/deeps/private/bfoxkemp/jnickla1/Thorne_15_codefigurestats/Methods/43_Forcing_Based/1_ERF_FaIR/FaIR_anthro_unB_method.py:89: RuntimeWarning: Mean of empty slice
  return np.nanmean(samp_cur[year_idx-1850, :], axis = 1)
/oscar/data/deeps/private/bfoxkemp/jnickla1/Thorne_15_codefigurestats/Methods/43_Forcing_Based/1_ERF_FaIR/FaIR_anthro_unB_method.py:89: RuntimeWarning: Mean of empty slice
  return np.nanmean(samp_cur[year_idx-1850, :], axis = 1)
/oscar/data/deeps/private/bfoxkemp/jnickla1/Thorne_15_codefigurestats/Methods/43_Forcing_Based/1_ERF_FaIR/FaIR_anthro_unB_method.py:89: RuntimeWarning: Mean of empty slice
  return np.nanmean(samp_cur[year_idx-1850, :], axis = 1)
/users/jnickla1/.conda/envs/cleanpy/lib/python3.13/site-packages/numpy/lib/_nanfunctions_impl.py:2019: RuntimeWarning: Degrees of freedom <= 0 for slice.
  var = nanvar(a, axis=axis, dtype=dtype, out=out, ddof=ddof,
/oscar/data/deeps/private/bfoxkemp/jnickla1/Thorne_15_codefigurestats/Methods/43_Forcing_Based/1_ERF_FaIR/FaIR_anthro_unB_method.py:117: RuntimeWarning: Mean of empty slice
  cdist = np.nanmean(dist)
/oscar/data/deeps/private/bfoxkemp/jnickla1/Thorne_15_codefigurestats/Methods/43_Forcing_Based/1_ERF_FaIR/FaIR_nonat_method.py:68: RuntimeWarning: Mean of empty slice
  return np.nanmean(samp_cur[year_idx-1850, :], axis = 1)
/oscar/data/deeps/private/bfoxkemp/jnickla1/Thorne_15_codefigurestats/Methods/43_Forcing_Based/1_ERF_FaIR/FaIR_nonat_unB_method.py:92: RuntimeWarning: Mean of empty slice
  return np.nanmean(samp_cur[year_idx-1850, :], axis = 1)
/oscar/data/deeps/private/bfoxkemp/jnickla1/Thorne_15_codefigurestats/Methods/43_Forcing_Based/1_ERF_FaIR/FaIR_all_method.py:68: RuntimeWarning: Mean of empty slice
  return np.nanmean(samp_cur[year_idx-1850, :], axis = 1)
/users/jnickla1/.conda/envs/cleanpy/lib/python3.13/site-packages/numpy/lib/_nanfunctions_impl.py:2019: RuntimeWarning: Degrees of freedom <= 0 for slice.
  var = nanvar(a, axis=axis, dtype=dtype, out=out, ddof=ddof,
/oscar/data/deeps/private/bfoxkemp/jnickla1/Thorne_15_codefigurestats/Methods/43_Forcing_Based/1_ERF_FaIR/FaIR_anthro_unB_method.py:117: RuntimeWarning: Mean of empty slice
  cdist = np.nanmean(dist)
/oscar/data/deeps/private/bfoxkemp/jnickla1/Thorne_15_codefigurestats/Methods/43_Forcing_Based/1_ERF_FaIR/FaIR_all_unB_method.py:90: RuntimeWarning: Mean of empty slice
  return np.nanmean(samp_cur[year_idx-1850, :], axis = 1)
/oscar/data/deeps/private/bfoxkemp/jnickla1/Thorne_15_codefigurestats/Methods/43_Forcing_Based/1_ERF_FaIR/FaIR_comb_unB_method.py:152: RuntimeWarning: Mean of empty slice
  return np.nanmean(samp_cur[year_idx-1850, :], axis = 1)
/oscar/data/deeps/private/bfoxkemp/jnickla1/Thorne_15_codefigurestats/Methods/43_Forcing_Based/1_ERF_FaIR/FaIR_anthro_method.py:67: RuntimeWarning: Mean of empty slice
  return np.nanmean(samp_cur[year_idx-1850, :], axis = 1)
/users/jnickla1/.conda/envs/cleanpy/lib/python3.13/site-packages/numpy/lib/_nanfunctions_impl.py:2019: RuntimeWarning: Degrees of freedom <= 0 for slice.
  var = nanvar(a, axis=axis, dtype=dtype, out=out, ddof=ddof,
/oscar/data/deeps/private/bfoxkemp/jnickla1/Thorne_15_codefigurestats/Methods/43_Forcing_Based/1_ERF_FaIR/FaIR_anthro_method.py:95: RuntimeWarning: Mean of empty slice
  cdist = np.nanmean(dist)
/oscar/data/deeps/private/bfoxkemp/jnickla1/Thorne_15_codefigurestats/Methods/43_Forcing_Based/1_ERF_FaIR/FaIR_anthro_method.py:67: RuntimeWarning: Mean of empty slice
  return np.nanmean(samp_cur[year_idx-1850, :], axis = 1)
/users/jnickla1/.conda/envs/cleanpy/lib/python3.13/site-packages/numpy/lib/_nanfunctions_impl.py:2019: RuntimeWarning: Degrees of freedom <= 0 for slice.
  var = nanvar(a, axis=axis, dtype=dtype, out=out, ddof=ddof,
/oscar/data/deeps/private/bfoxkemp/jnickla1/Thorne_15_codefigurestats/Methods/43_Forcing_Based/1_ERF_FaIR/FaIR_anthro_method.py:95: RuntimeWarning: Mean of empty slice
  cdist = np.nanmean(dist)
/oscar/data/deeps/private/bfoxkemp/jnickla1/Thorne_15_codefigurestats/Methods/43_Forcing_Based/1_ERF_FaIR/FaIR_anthro_method.py:67: RuntimeWarning: Mean of empty slice
  return np.nanmean(samp_cur[year_idx-1850, :], axis = 1)
/users/jnickla1/.conda/envs/cleanpy/lib/python3.13/site-packages/numpy/lib/_nanfunctions_impl.py:2019: RuntimeWarning: Degrees of freedom <= 0 for slice.
  var = nanvar(a, axis=axis, dtype=dtype, out=out, ddof=ddof,
/oscar/data/deeps/private/bfoxkemp/jnickla1/Thorne_15_codefigurestats/Methods/43_Forcing_Based/1_ERF_FaIR/FaIR_anthro_method.py:95: RuntimeWarning: Mean of empty slice
  cdist = np.nanmean(dist)
/oscar/data/deeps/private/bfoxkemp/jnickla1/Thorne_15_codefigurestats/Methods/43_Forcing_Based/1_ERF_FaIR/FaIR_nonat_method.py:68: RuntimeWarning: Mean of empty slice
  return np.nanmean(samp_cur[year_idx-1850, :], axis = 1)
/users/jnickla1/.conda/envs/cleanpy/lib/python3.13/site-packages/numpy/lib/_nanfunctions_impl.py:2019: RuntimeWarning: Degrees of freedom <= 0 for slice.
  var = nanvar(a, axis=axis, dtype=dtype, out=out, ddof=ddof,
/oscar/data/deeps/private/bfoxkemp/jnickla1/Thorne_15_codefigurestats/Methods/43_Forcing_Based/1_ERF_FaIR/FaIR_nonat_method.py:96: RuntimeWarning: Mean of empty slice
  cdist = np.nanmean(dist)
/oscar/data/deeps/private/bfoxkemp/jnickla1/Thorne_15_codefigurestats/Methods/43_Forcing_Based/1_ERF_FaIR/FaIR_nonat_method.py:68: RuntimeWarning: Mean of empty slice
  return np.nanmean(samp_cur[year_idx-1850, :], axis = 1)
/users/jnickla1/.conda/envs/cleanpy/lib/python3.13/site-packages/numpy/lib/_nanfunctions_impl.py:2019: RuntimeWarning: Degrees of freedom <= 0 for slice.
  var = nanvar(a, axis=axis, dtype=dtype, out=out, ddof=ddof,
/oscar/data/deeps/private/bfoxkemp/jnickla1/Thorne_15_codefigurestats/Methods/43_Forcing_Based/1_ERF_FaIR/FaIR_nonat_method.py:96: RuntimeWarning: Mean of empty slice
  cdist = np.nanmean(dist)
/oscar/data/deeps/private/bfoxkemp/jnickla1/Thorne_15_codefigurestats/Methods/43_Forcing_Based/1_ERF_FaIR/FaIR_anthro_unB_method.py:89: RuntimeWarning: Mean of empty slice
  return np.nanmean(samp_cur[year_idx-1850, :], axis = 1)
/users/jnickla1/.conda/envs/cleanpy/lib/python3.13/site-packages/numpy/lib/_nanfunctions_impl.py:2019: RuntimeWarning: Degrees of freedom <= 0 for slice.
  var = nanvar(a, axis=axis, dtype=dtype, out=out, ddof=ddof,
/oscar/data/deeps/private/bfoxkemp/jnickla1/Thorne_15_codefigurestats/Methods/43_Forcing_Based/1_ERF_FaIR/FaIR_anthro_unB_method.py:117: RuntimeWarning: Mean of empty slice
  cdist = np.nanmean(dist)
/oscar/data/deeps/private/bfoxkemp/jnickla1/Thorne_15_codefigurestats/Methods/43_Forcing_Based/1_ERF_FaIR/FaIR_anthro_unB_method.py:89: RuntimeWarning: Mean of empty slice
  return np.nanmean(samp_cur[year_idx-1850, :], axis = 1)
/users/jnickla1/.conda/envs/cleanpy/lib/python3.13/site-packages/numpy/lib/_nanfunctions_impl.py:2019: RuntimeWarning: Degrees of freedom <= 0 for slice.
  var = nanvar(a, axis=axis, dtype=dtype, out=out, ddof=ddof,
/oscar/data/deeps/private/bfoxkemp/jnickla1/Thorne_15_codefigurestats/Methods/43_Forcing_Based/1_ERF_FaIR/FaIR_anthro_unB_method.py:117: RuntimeWarning: Mean of empty slice
  cdist = np.nanmean(dist)
/oscar/data/deeps/private/bfoxkemp/jnickla1/Thorne_15_codefigurestats/fut_evaluation_script.py:427: RuntimeWarning: Mean of empty slice
  evalmean = np.nanmean(diffcross) #if crossing multiple times take the mean
/oscar/data/deeps/private/bfoxkemp/jnickla1/Thorne_15_codefigurestats/Methods/43_Forcing_Based/1_ERF_FaIR/FaIR_anthro_unB_method.py:89: RuntimeWarning: Mean of empty slice
  return np.nanmean(samp_cur[year_idx-1850, :], axis = 1)
/users/jnickla1/.conda/envs/cleanpy/lib/python3.13/site-packages/numpy/lib/_nanfunctions_impl.py:2019: RuntimeWarning: Degrees of freedom <= 0 for slice.
  var = nanvar(a, axis=axis, dtype=dtype, out=out, ddof=ddof,
/oscar/data/deeps/private/bfoxkemp/jnickla1/Thorne_15_codefigurestats/Methods/43_Forcing_Based/1_ERF_FaIR/FaIR_anthro_unB_method.py:117: RuntimeWarning: Mean of empty slice
  cdist = np.nanmean(dist)
/oscar/data/deeps/private/bfoxkemp/jnickla1/Thorne_15_codefigurestats/fut_evaluation_script.py:464: RuntimeWarning: Mean of empty slice
  evalmean = np.nanmean(diffcrossE) #if crossing multiple times take the mean
/oscar/data/deeps/private/bfoxkemp/jnickla1/Thorne_15_codefigurestats/Methods/43_Forcing_Based/1_ERF_FaIR/FaIR_nonat_method.py:68: RuntimeWarning: Mean of empty slice
  return np.nanmean(samp_cur[year_idx-1850, :], axis = 1)
/users/jnickla1/.conda/envs/cleanpy/lib/python3.13/site-packages/numpy/lib/_nanfunctions_impl.py:2019: RuntimeWarning: Degrees of freedom <= 0 for slice.
  var = nanvar(a, axis=axis, dtype=dtype, out=out, ddof=ddof,
/oscar/data/deeps/private/bfoxkemp/jnickla1/Thorne_15_codefigurestats/Methods/43_Forcing_Based/1_ERF_FaIR/FaIR_nonat_method.py:96: RuntimeWarning: Mean of empty slice
  cdist = np.nanmean(dist)
/oscar/data/deeps/private/bfoxkemp/jnickla1/Thorne_15_codefigurestats/Methods/43_Forcing_Based/1_ERF_FaIR/FaIR_nonat_unB_method.py:92: RuntimeWarning: Mean of empty slice
  return np.nanmean(samp_cur[year_idx-1850, :], axis = 1)
/users/jnickla1/.conda/envs/cleanpy/lib/python3.13/site-packages/numpy/lib/_nanfunctions_impl.py:2019: RuntimeWarning: Degrees of freedom <= 0 for slice.
  var = nanvar(a, axis=axis, dtype=dtype, out=out, ddof=ddof,
/oscar/data/deeps/private/bfoxkemp/jnickla1/Thorne_15_codefigurestats/Methods/43_Forcing_Based/1_ERF_FaIR/FaIR_nonat_unB_method.py:120: RuntimeWarning: Mean of empty slice
  cdist = np.nanmean(dist)
/oscar/data/deeps/private/bfoxkemp/jnickla1/Thorne_15_codefigurestats/Methods/43_Forcing_Based/1_ERF_FaIR/FaIR_nonat_unB_method.py:92: RuntimeWarning: Mean of empty slice
  return np.nanmean(samp_cur[year_idx-1850, :], axis = 1)
/users/jnickla1/.conda/envs/cleanpy/lib/python3.13/site-packages/numpy/lib/_nanfunctions_impl.py:2019: RuntimeWarning: Degrees of freedom <= 0 for slice.
  var = nanvar(a, axis=axis, dtype=dtype, out=out, ddof=ddof,
/oscar/data/deeps/private/bfoxkemp/jnickla1/Thorne_15_codefigurestats/Methods/43_Forcing_Based/1_ERF_FaIR/FaIR_nonat_unB_method.py:120: RuntimeWarning: Mean of empty slice
  cdist = np.nanmean(dist)
/oscar/data/deeps/private/bfoxkemp/jnickla1/Thorne_15_codefigurestats/Methods/43_Forcing_Based/1_ERF_FaIR/FaIR_nonat_method.py:68: RuntimeWarning: Mean of empty slice
  return np.nanmean(samp_cur[year_idx-1850, :], axis = 1)
/users/jnickla1/.conda/envs/cleanpy/lib/python3.13/site-packages/numpy/lib/_nanfunctions_impl.py:2019: RuntimeWarning: Degrees of freedom <= 0 for slice.
  var = nanvar(a, axis=axis, dtype=dtype, out=out, ddof=ddof,
/oscar/data/deeps/private/bfoxkemp/jnickla1/Thorne_15_codefigurestats/Methods/43_Forcing_Based/1_ERF_FaIR/FaIR_nonat_method.py:96: RuntimeWarning: Mean of empty slice
  cdist = np.nanmean(dist)
/oscar/data/deeps/private/bfoxkemp/jnickla1/Thorne_15_codefigurestats/Methods/43_Forcing_Based/1_ERF_FaIR/FaIR_nonat_unB_method.py:92: RuntimeWarning: Mean of empty slice
  return np.nanmean(samp_cur[year_idx-1850, :], axis = 1)
/users/jnickla1/.conda/envs/cleanpy/lib/python3.13/site-packages/numpy/lib/_nanfunctions_impl.py:2019: RuntimeWarning: Degrees of freedom <= 0 for slice.
  var = nanvar(a, axis=axis, dtype=dtype, out=out, ddof=ddof,
/oscar/data/deeps/private/bfoxkemp/jnickla1/Thorne_15_codefigurestats/Methods/43_Forcing_Based/1_ERF_FaIR/FaIR_nonat_unB_method.py:120: RuntimeWarning: Mean of empty slice
  cdist = np.nanmean(dist)
/oscar/data/deeps/private/bfoxkemp/jnickla1/Thorne_15_codefigurestats/Methods/43_Forcing_Based/1_ERF_FaIR/FaIR_all_method.py:68: RuntimeWarning: Mean of empty slice
  return np.nanmean(samp_cur[year_idx-1850, :], axis = 1)
/users/jnickla1/.conda/envs/cleanpy/lib/python3.13/site-packages/numpy/lib/_nanfunctions_impl.py:2019: RuntimeWarning: Degrees of freedom <= 0 for slice.
  var = nanvar(a, axis=axis, dtype=dtype, out=out, ddof=ddof,
/oscar/data/deeps/private/bfoxkemp/jnickla1/Thorne_15_codefigurestats/Methods/43_Forcing_Based/1_ERF_FaIR/FaIR_all_method.py:96: RuntimeWarning: Mean of empty slice
  cdist = np.nanmean(dist)
/oscar/data/deeps/private/bfoxkemp/jnickla1/Thorne_15_codefigurestats/Methods/43_Forcing_Based/1_ERF_FaIR/FaIR_all_method.py:68: RuntimeWarning: Mean of empty slice
  return np.nanmean(samp_cur[year_idx-1850, :], axis = 1)
/users/jnickla1/.conda/envs/cleanpy/lib/python3.13/site-packages/numpy/lib/_nanfunctions_impl.py:2019: RuntimeWarning: Degrees of freedom <= 0 for slice.
  var = nanvar(a, axis=axis, dtype=dtype, out=out, ddof=ddof,
/oscar/data/deeps/private/bfoxkemp/jnickla1/Thorne_15_codefigurestats/Methods/43_Forcing_Based/1_ERF_FaIR/FaIR_all_method.py:96: RuntimeWarning: Mean of empty slice
  cdist = np.nanmean(dist)
/oscar/data/deeps/private/bfoxkemp/jnickla1/Thorne_15_codefigurestats/Methods/43_Forcing_Based/1_ERF_FaIR/FaIR_nonat_unB_method.py:92: RuntimeWarning: Mean of empty slice
  return np.nanmean(samp_cur[year_idx-1850, :], axis = 1)
/users/jnickla1/.conda/envs/cleanpy/lib/python3.13/site-packages/numpy/lib/_nanfunctions_impl.py:2019: RuntimeWarning: Degrees of freedom <= 0 for slice.
  var = nanvar(a, axis=axis, dtype=dtype, out=out, ddof=ddof,
/oscar/data/deeps/private/bfoxkemp/jnickla1/Thorne_15_codefigurestats/Methods/43_Forcing_Based/1_ERF_FaIR/FaIR_nonat_unB_method.py:120: RuntimeWarning: Mean of empty slice
  cdist = np.nanmean(dist)
/oscar/data/deeps/private/bfoxkemp/jnickla1/Thorne_15_codefigurestats/Methods/43_Forcing_Based/1_ERF_FaIR/FaIR_nonat_method.py:68: RuntimeWarning: Mean of empty slice
  return np.nanmean(samp_cur[year_idx-1850, :], axis = 1)
/users/jnickla1/.conda/envs/cleanpy/lib/python3.13/site-packages/numpy/lib/_nanfunctions_impl.py:2019: RuntimeWarning: Degrees of freedom <= 0 for slice.
  var = nanvar(a, axis=axis, dtype=dtype, out=out, ddof=ddof,
/oscar/data/deeps/private/bfoxkemp/jnickla1/Thorne_15_codefigurestats/Methods/43_Forcing_Based/1_ERF_FaIR/FaIR_nonat_method.py:96: RuntimeWarning: Mean of empty slice
  cdist = np.nanmean(dist)
/oscar/data/deeps/private/bfoxkemp/jnickla1/Thorne_15_codefigurestats/fut_evaluation_script.py:427: RuntimeWarning: Mean of empty slice
  evalmean = np.nanmean(diffcross) #if crossing multiple times take the mean
/oscar/data/deeps/private/bfoxkemp/jnickla1/Thorne_15_codefigurestats/fut_evaluation_script.py:427: RuntimeWarning: Mean of empty slice
  evalmean = np.nanmean(diffcross) #if crossing multiple times take the mean
/oscar/data/deeps/private/bfoxkemp/jnickla1/Thorne_15_codefigurestats/Methods/43_Forcing_Based/1_ERF_FaIR/FaIR_all_method.py:68: RuntimeWarning: Mean of empty slice
  return np.nanmean(samp_cur[year_idx-1850, :], axis = 1)
/users/jnickla1/.conda/envs/cleanpy/lib/python3.13/site-packages/numpy/lib/_nanfunctions_impl.py:2019: RuntimeWarning: Degrees of freedom <= 0 for slice.
  var = nanvar(a, axis=axis, dtype=dtype, out=out, ddof=ddof,
/oscar/data/deeps/private/bfoxkemp/jnickla1/Thorne_15_codefigurestats/Methods/43_Forcing_Based/1_ERF_FaIR/FaIR_all_method.py:96: RuntimeWarning: Mean of empty slice
  cdist = np.nanmean(dist)
/oscar/data/deeps/private/bfoxkemp/jnickla1/Thorne_15_codefigurestats/fut_evaluation_script.py:464: RuntimeWarning: Mean of empty slice
  evalmean = np.nanmean(diffcrossE) #if crossing multiple times take the mean
/oscar/data/deeps/private/bfoxkemp/jnickla1/Thorne_15_codefigurestats/fut_evaluation_script.py:464: RuntimeWarning: Mean of empty slice
  evalmean = np.nanmean(diffcrossE) #if crossing multiple times take the mean
/oscar/data/deeps/private/bfoxkemp/jnickla1/Thorne_15_codefigurestats/Methods/43_Forcing_Based/1_ERF_FaIR/FaIR_all_method.py:68: RuntimeWarning: Mean of empty slice
  return np.nanmean(samp_cur[year_idx-1850, :], axis = 1)
/users/jnickla1/.conda/envs/cleanpy/lib/python3.13/site-packages/numpy/lib/_nanfunctions_impl.py:2019: RuntimeWarning: Degrees of freedom <= 0 for slice.
  var = nanvar(a, axis=axis, dtype=dtype, out=out, ddof=ddof,
/oscar/data/deeps/private/bfoxkemp/jnickla1/Thorne_15_codefigurestats/Methods/43_Forcing_Based/1_ERF_FaIR/FaIR_all_method.py:96: RuntimeWarning: Mean of empty slice
  cdist = np.nanmean(dist)
/oscar/data/deeps/private/bfoxkemp/jnickla1/Thorne_15_codefigurestats/Methods/43_Forcing_Based/1_ERF_FaIR/FaIR_all_unB_method.py:90: RuntimeWarning: Mean of empty slice
  return np.nanmean(samp_cur[year_idx-1850, :], axis = 1)
/users/jnickla1/.conda/envs/cleanpy/lib/python3.13/site-packages/numpy/lib/_nanfunctions_impl.py:2019: RuntimeWarning: Degrees of freedom <= 0 for slice.
  var = nanvar(a, axis=axis, dtype=dtype, out=out, ddof=ddof,
/oscar/data/deeps/private/bfoxkemp/jnickla1/Thorne_15_codefigurestats/Methods/43_Forcing_Based/1_ERF_FaIR/FaIR_all_unB_method.py:118: RuntimeWarning: Mean of empty slice
  cdist = np.nanmean(dist)
/oscar/data/deeps/private/bfoxkemp/jnickla1/Thorne_15_codefigurestats/Methods/43_Forcing_Based/1_ERF_FaIR/FaIR_all_unB_method.py:90: RuntimeWarning: Mean of empty slice
  return np.nanmean(samp_cur[year_idx-1850, :], axis = 1)
/users/jnickla1/.conda/envs/cleanpy/lib/python3.13/site-packages/numpy/lib/_nanfunctions_impl.py:2019: RuntimeWarning: Degrees of freedom <= 0 for slice.
  var = nanvar(a, axis=axis, dtype=dtype, out=out, ddof=ddof,
/oscar/data/deeps/private/bfoxkemp/jnickla1/Thorne_15_codefigurestats/Methods/43_Forcing_Based/1_ERF_FaIR/FaIR_all_unB_method.py:118: RuntimeWarning: Mean of empty slice
  cdist = np.nanmean(dist)
/oscar/data/deeps/private/bfoxkemp/jnickla1/Thorne_15_codefigurestats/Methods/43_Forcing_Based/1_ERF_FaIR/FaIR_nonat_unB_method.py:92: RuntimeWarning: Mean of empty slice
  return np.nanmean(samp_cur[year_idx-1850, :], axis = 1)
/users/jnickla1/.conda/envs/cleanpy/lib/python3.13/site-packages/numpy/lib/_nanfunctions_impl.py:2019: RuntimeWarning: Degrees of freedom <= 0 for slice.
  var = nanvar(a, axis=axis, dtype=dtype, out=out, ddof=ddof,
/oscar/data/deeps/private/bfoxkemp/jnickla1/Thorne_15_codefigurestats/Methods/43_Forcing_Based/1_ERF_FaIR/FaIR_nonat_unB_method.py:120: RuntimeWarning: Mean of empty slice
  cdist = np.nanmean(dist)
/oscar/data/deeps/private/bfoxkemp/jnickla1/Thorne_15_codefigurestats/Methods/43_Forcing_Based/1_ERF_FaIR/FaIR_all_unB_method.py:90: RuntimeWarning: Mean of empty slice
  return np.nanmean(samp_cur[year_idx-1850, :], axis = 1)
/users/jnickla1/.conda/envs/cleanpy/lib/python3.13/site-packages/numpy/lib/_nanfunctions_impl.py:2019: RuntimeWarning: Degrees of freedom <= 0 for slice.
  var = nanvar(a, axis=axis, dtype=dtype, out=out, ddof=ddof,
/oscar/data/deeps/private/bfoxkemp/jnickla1/Thorne_15_codefigurestats/Methods/43_Forcing_Based/1_ERF_FaIR/FaIR_all_unB_method.py:118: RuntimeWarning: Mean of empty slice
  cdist = np.nanmean(dist)
/oscar/data/deeps/private/bfoxkemp/jnickla1/Thorne_15_codefigurestats/Methods/43_Forcing_Based/1_ERF_FaIR/FaIR_comb_unB_method.py:152: RuntimeWarning: Mean of empty slice
  return np.nanmean(samp_cur[year_idx-1850, :], axis = 1)
/oscar/data/deeps/private/bfoxkemp/jnickla1/Thorne_15_codefigurestats/Methods/43_Forcing_Based/1_ERF_FaIR/FaIR_comb_unB_method.py:152: RuntimeWarning: Mean of empty slice
  return np.nanmean(samp_cur[year_idx-1850, :], axis = 1)
/users/jnickla1/.conda/envs/cleanpy/lib/python3.13/site-packages/numpy/lib/_nanfunctions_impl.py:2019: RuntimeWarning: Degrees of freedom <= 0 for slice.
  var = nanvar(a, axis=axis, dtype=dtype, out=out, ddof=ddof,
/oscar/data/deeps/private/bfoxkemp/jnickla1/Thorne_15_codefigurestats/Methods/43_Forcing_Based/1_ERF_FaIR/FaIR_comb_unB_method.py:180: RuntimeWarning: Mean of empty slice
  cdist = np.nanmean(dist)
/users/jnickla1/.conda/envs/cleanpy/lib/python3.13/site-packages/numpy/lib/_nanfunctions_impl.py:2019: RuntimeWarning: Degrees of freedom <= 0 for slice.
  var = nanvar(a, axis=axis, dtype=dtype, out=out, ddof=ddof,
/oscar/data/deeps/private/bfoxkemp/jnickla1/Thorne_15_codefigurestats/Methods/43_Forcing_Based/1_ERF_FaIR/FaIR_comb_unB_method.py:180: RuntimeWarning: Mean of empty slice
  cdist = np.nanmean(dist)
/oscar/data/deeps/private/bfoxkemp/jnickla1/Thorne_15_codefigurestats/Methods/43_Forcing_Based/1_ERF_FaIR/FaIR_all_unB_method.py:90: RuntimeWarning: Mean of empty slice
  return np.nanmean(samp_cur[year_idx-1850, :], axis = 1)
/users/jnickla1/.conda/envs/cleanpy/lib/python3.13/site-packages/numpy/lib/_nanfunctions_impl.py:2019: RuntimeWarning: Degrees of freedom <= 0 for slice.
  var = nanvar(a, axis=axis, dtype=dtype, out=out, ddof=ddof,
/oscar/data/deeps/private/bfoxkemp/jnickla1/Thorne_15_codefigurestats/Methods/43_Forcing_Based/1_ERF_FaIR/FaIR_all_unB_method.py:118: RuntimeWarning: Mean of empty slice
  cdist = np.nanmean(dist)
/oscar/data/deeps/private/bfoxkemp/jnickla1/Thorne_15_codefigurestats/Methods/43_Forcing_Based/1_ERF_FaIR/FaIR_comb_unB_method.py:152: RuntimeWarning: Mean of empty slice
  return np.nanmean(samp_cur[year_idx-1850, :], axis = 1)
/users/jnickla1/.conda/envs/cleanpy/lib/python3.13/site-packages/numpy/lib/_nanfunctions_impl.py:2019: RuntimeWarning: Degrees of freedom <= 0 for slice.
  var = nanvar(a, axis=axis, dtype=dtype, out=out, ddof=ddof,
/oscar/data/deeps/private/bfoxkemp/jnickla1/Thorne_15_codefigurestats/Methods/43_Forcing_Based/1_ERF_FaIR/FaIR_comb_unB_method.py:180: RuntimeWarning: Mean of empty slice
  cdist = np.nanmean(dist)
/oscar/data/deeps/private/bfoxkemp/jnickla1/Thorne_15_codefigurestats/Methods/43_Forcing_Based/1_ERF_FaIR/FaIR_all_method.py:68: RuntimeWarning: Mean of empty slice
  return np.nanmean(samp_cur[year_idx-1850, :], axis = 1)
/users/jnickla1/.conda/envs/cleanpy/lib/python3.13/site-packages/numpy/lib/_nanfunctions_impl.py:2019: RuntimeWarning: Degrees of freedom <= 0 for slice.
  var = nanvar(a, axis=axis, dtype=dtype, out=out, ddof=ddof,
/oscar/data/deeps/private/bfoxkemp/jnickla1/Thorne_15_codefigurestats/Methods/43_Forcing_Based/1_ERF_FaIR/FaIR_all_method.py:96: RuntimeWarning: Mean of empty slice
  cdist = np.nanmean(dist)
/oscar/data/deeps/private/bfoxkemp/jnickla1/Thorne_15_codefigurestats/Methods/43_Forcing_Based/1_ERF_FaIR/FaIR_comb_unB_method.py:152: RuntimeWarning: Mean of empty slice
  return np.nanmean(samp_cur[year_idx-1850, :], axis = 1)
/users/jnickla1/.conda/envs/cleanpy/lib/python3.13/site-packages/numpy/lib/_nanfunctions_impl.py:2019: RuntimeWarning: Degrees of freedom <= 0 for slice.
  var = nanvar(a, axis=axis, dtype=dtype, out=out, ddof=ddof,
/oscar/data/deeps/private/bfoxkemp/jnickla1/Thorne_15_codefigurestats/Methods/43_Forcing_Based/1_ERF_FaIR/FaIR_comb_unB_method.py:180: RuntimeWarning: Mean of empty slice
  cdist = np.nanmean(dist)
starting computation for fut_NorESM_RCP45_VolcConst
max_runs7
Model number:
6




Methods/42_Temp_Alone/1_Run_Means/cent10y_method.py
Methods/42_Temp_Alone/1_Run_Means/cent20y_method.py
Methods/42_Temp_Alone/1_Run_Means/cent21y_method.py
Methods/42_Temp_Alone/1_Run_Means/cent30y_method.py
Methods/42_Temp_Alone/1_Run_Means/lag10y_method.py
Methods/42_Temp_Alone/1_Run_Means/lag5y_method.py
Methods/42_Temp_Alone/1_Run_Means/offset11y_method.py
Methods/42_Temp_Alone/1_Run_Means/raw1y_method.py
Methods/43_Forcing_Based/1_ERF_FaIR/FaIR_all_method.py
Methods/43_Forcing_Based/1_ERF_FaIR/FaIR_all_unB_method.py
Methods/43_Forcing_Based/1_ERF_FaIR/FaIR_anthro_method.py
Methods/43_Forcing_Based/1_ERF_FaIR/FaIR_anthro_unB_method.py
Methods/43_Forcing_Based/1_ERF_FaIR/FaIR_comb_unB_method.py
Methods/43_Forcing_Based/1_ERF_FaIR/FaIR_nonat_method.py
Methods/43_Forcing_Based/1_ERF_FaIR/FaIR_nonat_unB_method.py
evaluating 13 of 0.1C thresholds, starting at 1.1C
11
FaIR_anthro sampled, d llike: -0.7003828614476577
FaIR_anthro sampled, d llike: -91.58522961492955
FaIR_anthro_unB sampled, d llike: 0.025809827716737344
FaIR_anthro_unB sampled, d llike: -17.073273015819364
FaIR_nonat sampled, d llike: 0.07231182324092487
FaIR_nonat sampled, d llike: 0.15949598880038052
FaIR_nonat_unB sampled, d llike: 0.005932882410630391
FaIR_nonat_unB sampled, d llike: -0.0020974431901513713
FaIR_all sampled, d llike: -15400.341451890452
FaIR_all sampled, d llike: 0.13487877567862172
FaIR_all_unB sampled, d llike: -0.037649438555166226
FaIR_all_unB sampled, d llike: -0.020762952548885716
FaIR_comb_unB sampled, d llike: -0.015664332545445747
FaIR_comb_unB sampled, d llike: 0.06469315182619689
        method_name    method_class c/r  smooth_r  avg_unc.(1se)  #q<0.5  #q<0.1    log-likeli       RMS      bias        tlog-l      100log-l    100RMS     75RMS   100bias        l15       l20    bias50   Edyrs15    Edyrs20   Mdyrs15    Mdyrs20   Fdyrs15    Fdyrs20     EdyrsA    RMSyrsA  ncEdyrs     e100log-l   e100RMS    e75RMS  e100bias       el15      el20   ebias50      eEdyrs15      eEdyrs20      eMdyrs15      eMdyrs20      eFdyrs15      eFdyrs20    eEdyrsA   eRMSyrsA  nceEdyrs
21    FaIR_comb_unB   43/1_ERF_FaIR   c     2.356       0.079747       0       0      1.268889  0.061741 -0.037367  1.979467e+02  1.291709e+02  0.037759  0.033163 -0.010767   4.433295  4.273367 -0.024150 -1.166667   0.416667 -1.166667   0.416667 -1.166667   0.416667   0.772436   2.804934     15.0  1.260296e+02  0.047136  0.050329 -0.017559   4.571370  4.819243 -0.052545 -5.000000e-01  8.333333e-01 -5.000000e-01  8.333333e-01 -5.000000e-01  8.333333e-01   1.419872   1.419872      15.0
8         offset11y  42/1_Run_Means   c     2.913       0.032786     193     122     -0.635530  0.083260  0.064255 -1.461720e+02  1.218530e+02  0.041977  0.044182  0.027135  17.319490  6.827262  0.046812 -0.666667  -1.166667 -0.666667  -1.166667 -0.666667  -1.166667  -1.625000   2.444387     14.0  1.396756e+02  0.039747  0.029241  0.020343  19.564477  9.162553  0.018417  1.439275e-10 -7.500000e-01  1.439275e-10 -7.500000e-01  1.439275e-10 -7.500000e-01  -0.977564   0.977564      14.0
15   FaIR_nonat_unB   43/1_ERF_FaIR   c     2.404       0.091326       0       0      1.068889  0.080344 -0.053097  1.710222e+02  1.186135e+02  0.038995  0.034351 -0.011964   3.845719  3.802227 -0.027426 -0.916667   0.666667 -0.916667   0.666667 -0.916667   0.666667   0.599359   2.426621     14.0  1.164968e+02  0.048991  0.051881 -0.018756   3.845507  4.139332 -0.055821 -2.500000e-01  1.083333e+00 -2.500000e-01  1.083333e+00 -2.500000e-01  1.083333e+00   1.246795   1.246795      14.0
19     FaIR_all_unB   43/1_ERF_FaIR   c     3.319       0.092273       0       0      1.134612  0.067096 -0.024203  1.815380e+02  1.169170e+02  0.040910  0.039430 -0.010532   3.717400  3.713746 -0.029073 -0.916667  -0.583333 -0.916667  -0.583333 -0.916667  -0.583333   1.064103   3.928719     13.0  1.129159e+02  0.053594  0.058227 -0.017324   3.713912  3.959704 -0.057468 -2.500000e-01 -1.666667e-01 -2.500000e-01 -1.666667e-01 -2.500000e-01 -1.666667e-01   1.711538   1.711538      13.0
11  FaIR_anthro_unB   43/1_ERF_FaIR   c     2.063       0.096287      34       0      0.622287  0.102770 -0.068018  9.956585e+01  1.103456e+02  0.041920  0.035915 -0.010857   3.735838  3.493620 -0.027929 -1.416667   1.000000 -1.416667   1.000000 -1.416667   1.000000   0.560897   2.545657     14.0  1.079629e+02  0.050522  0.052792 -0.017648   3.784331  3.557934 -0.056324 -7.500000e-01  1.416667e+00 -7.500000e-01  1.416667e+00 -7.500000e-01  1.416667e+00   1.208333   1.208333      14.0
2             raw1y  42/1_Run_Means   c    33.427       0.108694       0       0      0.881302  0.098980 -0.000488  2.026994e+02  9.294510e+01  0.083612  0.082758  0.004133   3.966504  3.958476 -0.000713  2.750000   1.458333  4.583333   5.750000  1.083333  -2.833333   0.533440   2.414179     37.3  8.771395e+01  0.090347  0.088063 -0.002659   3.918102  2.360562 -0.029107  3.416667e+00  1.875000e+00  5.250000e+00  6.166667e+00  1.750000e+00 -2.416667e+00   1.180876   1.180876      37.3
1             lag5y  42/1_Run_Means   c     6.070       0.040393      97      49      0.721741  0.061128 -0.018114  1.660003e+02  5.564064e+01  0.053497  0.053935 -0.028375   0.061986  8.177867 -0.024860  3.250000  -0.416667  3.250000  -0.416667  3.250000  -0.416667   1.798077   2.653991     17.0 -6.271569e+01  0.063451  0.069061 -0.035167   0.019467  7.102878 -0.053255  3.916667e+00  1.673470e-10  3.916667e+00  1.673470e-10  3.916667e+00  1.673470e-10   2.445513   2.445513      17.0
13       FaIR_nonat   43/1_ERF_FaIR   c     2.382       0.114085     146       0     -0.080532  0.183424 -0.171723 -1.288508e+01  5.367230e+01  0.130905  0.128541 -0.125533   2.371885  2.119254 -0.140983  6.000000   9.500000  6.000000   9.500000  6.000000   9.500000   9.131410  11.071887     14.0  4.911237e+01  0.139847  0.151256 -0.132324   2.159488  1.972763 -0.169377  6.666667e+00  9.916667e+00  6.666667e+00  9.916667e+00  6.666667e+00  9.916667e+00   9.451923   9.451923      14.0
9       FaIR_anthro   43/1_ERF_FaIR   c     2.048       0.096280     146      54     -1.946795  0.190356 -0.174063 -3.114872e+02  5.123442e+01  0.123696  0.119424 -0.116884   2.450952  1.843527 -0.133903  5.416667   9.833333  5.416667   9.833333  5.416667   9.833333   8.500000  10.551107     12.0  4.933055e+01  0.132407  0.142400 -0.123676   2.197550  1.578946 -0.162297  6.083333e+00  1.025000e+01  6.083333e+00  1.025000e+01  6.083333e+00  1.025000e+01   8.820513   8.820513      12.0
0            lag10y  42/1_Run_Means   c     2.873       0.033689     149      64      0.106488  0.065181 -0.041183  2.449228e+01 -1.537854e+02  0.080266  0.075507 -0.073685   0.000613  2.707940 -0.056429  6.166667   2.333333  6.166667   2.333333  6.166667   2.333333   4.788462   5.030516     13.0 -3.010877e+02  0.088232  0.095165 -0.080476   0.000045  1.715563 -0.084823  6.833333e+00  2.750000e+00  6.833333e+00  2.750000e+00  6.833333e+00  2.750000e+00   5.435897   5.435897      13.0
17         FaIR_all   43/1_ERF_FaIR   c     3.288       0.005570     160     160 -16789.974859  0.209570 -0.196674 -2.686396e+06 -1.365593e+06  0.198915  0.198500 -0.194939   0.000000  0.000000 -0.213510  9.000000  21.916667  9.000000  21.916667  9.000000  21.916667  13.775641  15.561860     10.0 -1.417754e+06  0.208018  0.221600 -0.201730   0.000000  0.000000 -0.241904  9.666667e+00  2.233333e+01  9.666667e+00  2.233333e+01  9.666667e+00  2.233333e+01  13.717949  13.717949      10.0
4.631074894
finished this run
starting computation for fut_NorESM_RCP45_Volc
max_runs7
Model number:
6




Methods/42_Temp_Alone/1_Run_Means/cent10y_method.py
Methods/42_Temp_Alone/1_Run_Means/cent20y_method.py
Methods/42_Temp_Alone/1_Run_Means/cent21y_method.py
Methods/42_Temp_Alone/1_Run_Means/cent30y_method.py
Methods/42_Temp_Alone/1_Run_Means/lag10y_method.py
Methods/42_Temp_Alone/1_Run_Means/lag5y_method.py
Methods/42_Temp_Alone/1_Run_Means/offset11y_method.py
Methods/42_Temp_Alone/1_Run_Means/raw1y_method.py
Methods/43_Forcing_Based/1_ERF_FaIR/FaIR_all_method.py
Methods/43_Forcing_Based/1_ERF_FaIR/FaIR_all_unB_method.py
Methods/43_Forcing_Based/1_ERF_FaIR/FaIR_anthro_method.py
Methods/43_Forcing_Based/1_ERF_FaIR/FaIR_anthro_unB_method.py
Methods/43_Forcing_Based/1_ERF_FaIR/FaIR_comb_unB_method.py
Methods/43_Forcing_Based/1_ERF_FaIR/FaIR_nonat_method.py
Methods/43_Forcing_Based/1_ERF_FaIR/FaIR_nonat_unB_method.py
evaluating 13 of 0.1C thresholds, starting at 1.1C
11
FaIR_anthro sampled, d llike: -0.45513928305571394
FaIR_anthro sampled, d llike: -90.5908275051743
FaIR_anthro_unB sampled, d llike: 0.015551961216880628
FaIR_anthro_unB sampled, d llike: -17.93124003138783
FaIR_nonat sampled, d llike: 0.09384624000294091
FaIR_nonat sampled, d llike: 0.16230615724966824
FaIR_nonat_unB sampled, d llike: -0.002051917239948464
FaIR_nonat_unB sampled, d llike: 0.008702883392948113
FaIR_all sampled, d llike: -14653.149183219646
FaIR_all sampled, d llike: 0.14361458193182697
FaIR_all_unB sampled, d llike: -0.03641666736276439
FaIR_all_unB sampled, d llike: -0.04282368571941553
FaIR_comb_unB sampled, d llike: -0.024300536195013267
FaIR_comb_unB sampled, d llike: 0.03372598586212753
        method_name    method_class c/r  smooth_r  avg_unc.(1se)  #q<0.5  #q<0.1    log-likeli       RMS      bias        tlog-l      100log-l    100RMS     75RMS   100bias        l15       l20    bias50    Edyrs15    Edyrs20    Mdyrs15    Mdyrs20   Fdyrs15    Fdyrs20     EdyrsA    RMSyrsA  ncEdyrs      e100log-l   e100RMS    e75RMS  e100bias       el15      el20   ebias50      eEdyrs15   eEdyrs20      eMdyrs15   eMdyrs20      eFdyrs15   eFdyrs20    eEdyrsA   eRMSyrsA  nceEdyrs
21    FaIR_comb_unB   43/1_ERF_FaIR   c     3.433       0.079793       0       0      1.230000  0.066130 -0.036773  1.918801e+02  1.217407e+02  0.049515  0.049195 -0.010285   3.840568  4.220333 -0.036723  -2.083333   0.250000  -2.083333   0.250000 -2.083333   0.250000   0.064103   2.648576     15.0     113.330022  0.060752  0.062148  0.019282   2.652921  3.861927 -0.028096 -3.583333e+00   2.666667 -3.583333e+00   2.666667 -3.583333e+00   2.666667  -1.423077   1.423077      15.0
15   FaIR_nonat_unB   43/1_ERF_FaIR   c     2.918       0.091005       0       0      1.038783  0.083756 -0.057073  1.662052e+02  1.143873e+02  0.049578  0.050240 -0.019728   3.457397  3.749313 -0.039428  -1.333333   0.583333  -1.333333   0.583333 -1.333333   0.583333   0.650641   2.847837     14.0     111.726575  0.052285  0.054530  0.009839   2.919558  3.444832 -0.030802 -2.833333e+00   3.000000 -2.833333e+00   3.000000 -2.833333e+00   3.000000  -0.836538   0.836538      14.0
11  FaIR_anthro_unB   43/1_ERF_FaIR   c     2.120       0.096050      40       0      0.610093  0.105180 -0.071412  9.761482e+01  1.061784e+02  0.052241  0.051881 -0.018158   3.094334  3.266800 -0.040432  -1.416667   0.500000  -1.416667   0.500000 -1.416667   0.500000   0.583333   3.100438     13.0     105.790434  0.055516  0.056412  0.011409   2.705134  3.811296 -0.031805 -2.916667e+00   2.916667 -2.916667e+00   2.916667 -2.916667e+00   2.916667  -0.903846   0.903846      13.0
19     FaIR_all_unB   43/1_ERF_FaIR   c     5.715       0.093023       0       0      1.050042  0.080603 -0.015315  1.680068e+02  9.984062e+01  0.072665  0.076128  0.004990   2.902673  3.981438 -0.042165  -2.916667  -1.000000  -2.916667  -1.000000 -2.916667  -1.000000  -0.201923   3.549539     17.0      87.852682  0.090483  0.092608  0.034558   1.980906  3.453846 -0.033538 -4.416667e+00   1.416667 -4.416667e+00   1.416667 -4.416667e+00   1.416667  -1.689103   1.689103      17.0
2             raw1y  42/1_Run_Means   c    32.884       0.110644       1       0      0.862032  0.100742 -0.000792  1.982673e+02  8.846974e+01  0.088888  0.088890  0.003513   3.783697  3.412656 -0.007734  -1.083333  -4.916667  -1.083333 -10.250000 -1.083333 -10.250000   0.576923   3.807715     33.0      78.190224  0.101490  0.100536  0.033080   3.550285  3.858145  0.000893 -2.583333e+00  -2.500000 -2.583333e+00  -7.833333 -2.583333e+00  -7.833333  -0.910256   0.910256      33.0
8         offset11y  42/1_Run_Means   c     2.773       0.033534     180     128     -0.829760  0.084472  0.062818 -1.908449e+02  7.757216e+01  0.047597  0.051759  0.023619  10.956815  9.440514  0.041663   0.333333   1.916667   0.333333   1.916667  0.333333   1.916667  -0.961538   2.607722     13.0    -177.920145  0.072647  0.073538  0.053187   9.647980  7.060791  0.050290 -1.166667e+00   4.333333 -1.166667e+00   4.333333 -1.166667e+00   4.333333  -2.448718   2.448718      13.0
9       FaIR_anthro   43/1_ERF_FaIR   c     2.087       0.096061     131      47     -1.678217  0.193541 -0.177471 -2.685148e+02  4.830196e+01  0.133540  0.134938 -0.124224   3.143545  1.928798 -0.146573   3.916667  10.000000   3.916667  10.000000  3.916667  10.000000   7.275641   8.477188     14.0      72.313265  0.109164  0.116586 -0.094656   3.056364  1.404659 -0.137946  2.416667e+00  12.416667  2.416667e+00  12.416667  2.416667e+00  12.416667   5.788462   5.788462      14.0
13       FaIR_nonat   43/1_ERF_FaIR   c     2.924       0.113667     130       0     -0.094524  0.187356 -0.175687 -1.512387e+01  4.781810e+01  0.140893  0.142245 -0.133351   2.646959  1.799586 -0.153164   4.583333  10.000000   4.583333  10.000000  4.583333  10.000000   7.939103   9.028541     16.0      67.046454  0.115809  0.123332 -0.103783   2.911324  1.616343 -0.144538  3.083333e+00  12.416667  3.083333e+00  12.416667  3.083333e+00  12.416667   6.451923   6.451923      16.0
1             lag5y  42/1_Run_Means   c     5.995       0.040859     118      48      0.644119  0.062675 -0.019354  1.481474e+02  3.828704e+01  0.057660  0.061172 -0.031389   7.980106  1.955745 -0.031762   1.500000   2.000000   1.500000   2.000000  1.500000   2.000000   2.289530   2.868748     19.0      54.114293  0.060484  0.065058 -0.001821  15.345030  0.039674 -0.023135  1.446097e-10   4.416667  1.446097e-10   4.416667  1.446097e-10   4.416667   0.802350   0.802350      19.0
0            lag10y  42/1_Run_Means   c     2.940       0.034392     134      75      0.025835  0.068828 -0.042566  5.942057e+00 -1.713291e+02  0.087430  0.087121 -0.077063   0.101513  0.078945 -0.061463   3.916667   4.916667   3.916667   4.916667  3.916667   4.916667   4.824786   5.120022     15.0      34.149918  0.069804  0.074904 -0.047495   1.320088  0.058678 -0.052837  2.416667e+00   7.333333  2.416667e+00   7.333333  2.416667e+00   7.333333   3.337607   3.337607      15.0
17         FaIR_all   43/1_ERF_FaIR   c     5.551       0.005578     160     160 -15991.428742  0.206578 -0.187904 -2.558629e+06 -1.239580e+06  0.193512  0.201799 -0.179427   0.000000  0.000000 -0.226557  13.291667  11.750000  21.750000  11.750000  4.833333  11.750000  11.926282  13.261782     16.2 -937895.043848  0.171601  0.186057 -0.149859   0.000000  0.000000 -0.217930  1.179167e+01  14.166667  2.025000e+01  14.166667  3.333333e+00  14.166667  10.708333  10.708333      16.2
4.6374301749999995
finished this run
starting computation for fut_ESM1-2-LR_SSP126_constVolc
max_runs7
Model number:
6




Methods/42_Temp_Alone/1_Run_Means/cent10y_method.py
Methods/42_Temp_Alone/1_Run_Means/cent20y_method.py
Methods/42_Temp_Alone/1_Run_Means/cent21y_method.py
Methods/42_Temp_Alone/1_Run_Means/cent30y_method.py
Methods/42_Temp_Alone/1_Run_Means/lag10y_method.py
Methods/42_Temp_Alone/1_Run_Means/lag5y_method.py
Methods/42_Temp_Alone/1_Run_Means/offset11y_method.py
Methods/42_Temp_Alone/1_Run_Means/raw1y_method.py
Methods/43_Forcing_Based/1_ERF_FaIR/FaIR_all_method.py
Methods/43_Forcing_Based/1_ERF_FaIR/FaIR_all_unB_method.py
Methods/43_Forcing_Based/1_ERF_FaIR/FaIR_anthro_method.py
Methods/43_Forcing_Based/1_ERF_FaIR/FaIR_anthro_unB_method.py
Methods/43_Forcing_Based/1_ERF_FaIR/FaIR_comb_unB_method.py
Methods/43_Forcing_Based/1_ERF_FaIR/FaIR_nonat_method.py
Methods/43_Forcing_Based/1_ERF_FaIR/FaIR_nonat_unB_method.py
evaluating 6 of 0.1C thresholds, starting at 1.1C
11
FaIR_anthro sampled, d llike: 0.008338096385086313
FaIR_anthro sampled, d llike: -0.11739221342469042
FaIR_anthro_unB sampled, d llike: 0.01361188592817264
FaIR_anthro_unB sampled, d llike: -0.02966976394234555
FaIR_nonat sampled, d llike: -0.03376832430240739
FaIR_nonat sampled, d llike: -0.055089291768818605
FaIR_nonat_unB sampled, d llike: -0.03181062966706816
FaIR_nonat_unB sampled, d llike: -0.05347056571362896
FaIR_all sampled, d llike: -2347.3186632077586
FaIR_all sampled, d llike: -0.06081686965371458
FaIR_all_unB sampled, d llike: -0.025942548993125314
FaIR_all_unB sampled, d llike: -0.046912717667190185
FaIR_comb_unB sampled, d llike: -0.030679169550007712
FaIR_comb_unB sampled, d llike: 0.10533430276027606
        method_name    method_class c/r  smooth_r  avg_unc.(1se)  #q<0.5  #q<0.1   log-likeli       RMS      bias         tlog-l       100log-l    100RMS     75RMS   100bias            l15  l20    bias50    Edyrs15  Edyrs20    Mdyrs15  Mdyrs20    Fdyrs15  Fdyrs20    EdyrsA   RMSyrsA  ncEdyrs      e100log-l   e100RMS    e75RMS  e100bias           el15  el20   ebias50   eEdyrs15  eEdyrs20   eMdyrs15  eMdyrs20   eFdyrs15  eFdyrs20   eEdyrsA  eRMSyrsA  nceEdyrs
21    FaIR_comb_unB   43/1_ERF_FaIR   c     1.743       0.072238       0       0     1.319058  0.063514 -0.005887     207.092109     112.204363  0.071729  0.078507  0.017598   5.392972e+00  0.0 -0.027864  -8.861111       -1 -14.916667       -1 -14.916667       -1 -3.324074  6.505142      8.3     119.628749  0.065809  0.067137  0.028786   5.456524e+00   0.0 -0.007702  -6.694444        -1 -12.750000        -1 -12.750000        -1 -4.671296  4.671296       8.3
11  FaIR_anthro_unB   43/1_ERF_FaIR   c     1.523       0.083015       0       0     1.087779  0.077741 -0.022094     175.132435     110.536078  0.070346  0.077719  0.014411   4.214578e+00  0.0 -0.028020  -8.527778       -1 -14.750000       -1 -14.750000       -1 -2.962963  6.334531      8.3     117.136014  0.063818  0.066312  0.025599   4.370411e+00   0.0 -0.007858  -6.361111        -1 -12.583333        -1 -12.583333        -1 -4.310185  4.310185       8.3
9       FaIR_anthro   43/1_ERF_FaIR   c     1.529       0.083006       0       0     1.122173  0.075964 -0.014690     180.669890     110.047220  0.072233  0.079312  0.021800   4.126434e+00  0.0 -0.020655  -9.194444       -1 -15.250000       -1 -15.250000       -1 -3.504630  6.308013      8.3     114.960760  0.067123  0.069225  0.032988   4.312230e+00   0.0 -0.000493  -7.027778        -1 -13.083333        -1 -13.083333        -1 -4.851852  4.851852       8.3
15   FaIR_nonat_unB   43/1_ERF_FaIR   c     1.769       0.081944       0       0     1.259388  0.064407 -0.006455     202.761451     109.548978  0.071150  0.077530  0.015041   4.737380e+00  0.0 -0.029143  -8.583333       -1 -15.000000       -1 -15.000000       -1 -2.569444  7.449133     10.3     114.724562  0.066040  0.067231  0.026229   4.582846e+00   0.0 -0.008981  -6.416667        -1 -12.833333        -1 -12.833333        -1 -3.916667  3.916667      10.3
19     FaIR_all_unB   43/1_ERF_FaIR   c     2.950       0.084499       0       0     1.133964  0.077490 -0.002639     182.568192      99.934232  0.081153  0.083536  0.023111   4.399989e+00  0.0 -0.036805  -6.583333       -1 -15.750000       -1 -15.750000       -1 -3.833333  6.523639      9.4     104.152480  0.077792  0.073797  0.034299   4.563468e+00   0.0 -0.016643  -4.416667        -1 -13.583333        -1 -13.583333        -1 -5.180556  5.180556       9.4
13       FaIR_nonat   43/1_ERF_FaIR   c     1.821       0.102333       0       0     1.120801  0.067261 -0.005220     180.448967      99.832710  0.072436  0.078442  0.020286   3.786299e+00  0.0 -0.023895  -8.861111       -1 -15.333333       -1 -15.333333       -1 -3.740741  6.375388      8.3     102.884524  0.068276  0.069031  0.031473   3.724528e+00   0.0 -0.003732  -6.694444        -1 -13.166667        -1 -13.166667        -1 -5.087963  5.087963       8.3
2             raw1y  42/1_Run_Means   c    28.005       0.122185       0       0     0.752607  0.112605 -0.000570     173.852295      67.510690  0.115231  0.114289  0.009081   3.379066e+00  0.0  0.012577   1.016667       -1   7.750000       -1  -7.250000       -1  0.731713  1.409770     26.5      57.747450  0.126926  0.131375  0.020268   3.094288e+00   0.0  0.032740   3.183333        -1   9.916667        -1  -5.083333        -1  0.236574  0.236574      27.5
1             lag5y  42/1_Run_Means   c     5.206       0.045832      64      29     0.930334  0.059306 -0.014219     214.907250      50.657916  0.064046  0.067585 -0.013143   2.872617e+00  0.0  0.008483   5.333333       -1   5.333333       -1   5.333333       -1  2.104167  3.079624      8.0     -50.603004  0.077991  0.087069 -0.001955   4.600711e+00   0.0  0.028645   7.500000        -1   7.500000        -1   7.500000        -1  3.048611  3.048611       9.0
0            lag10y  42/1_Run_Means   c     2.790       0.036745      92      41     0.752116  0.059131 -0.030119     173.738773       1.679020  0.072473  0.062200 -0.040076   6.167211e+00  0.0  0.002984   6.250000       -1   6.250000       -1   6.250000       -1  5.000000  5.136336      7.0     -58.468692  0.077755  0.073514 -0.028888   5.650435e-01   0.0  0.023147   8.416667        -1   8.416667        -1   8.416667        -1  3.652778  3.652778       7.0
8         offset11y  42/1_Run_Means   c     2.428       0.035646     195     125    -2.117772  0.093097  0.076704    -489.205401    -275.255407  0.090399  0.104688  0.064806   3.774628e+00  0.0  0.111431  -6.916667       -1  -6.916667       -1  -6.916667       -1 -2.402778  3.294039      6.0    -438.139485  0.105084  0.119464  0.075994   9.827728e+00   0.0  0.131594  -4.750000        -1  -4.750000        -1  -4.750000        -1 -3.750000  3.750000       6.0
17         FaIR_all   43/1_ERF_FaIR   c     2.651       0.005557     156     149 -2563.083487  0.085653  0.034387 -412656.441470 -338303.612638  0.096191  0.093156  0.056561  2.590276e-277  0.0 -0.003376 -16.833333       -1 -16.833333       -1 -16.833333       -1 -6.972222  9.511324      6.0 -350845.057910  0.097285  0.088376  0.067749  2.332692e-166   0.0  0.016786 -14.666667        -1 -14.666667        -1 -14.666667        -1 -8.319444  8.319444       6.0
4.717488984
finished this run
starting computation for fut_ESM1-2-LR_SSP245_constVolc
max_runs7
Model number:
6




Methods/42_Temp_Alone/1_Run_Means/cent10y_method.py
Methods/42_Temp_Alone/1_Run_Means/cent20y_method.py
Methods/42_Temp_Alone/1_Run_Means/cent21y_method.py
Methods/42_Temp_Alone/1_Run_Means/cent30y_method.py
Methods/42_Temp_Alone/1_Run_Means/lag10y_method.py
Methods/42_Temp_Alone/1_Run_Means/lag5y_method.py
Methods/42_Temp_Alone/1_Run_Means/offset11y_method.py
Methods/42_Temp_Alone/1_Run_Means/raw1y_method.py
Methods/43_Forcing_Based/1_ERF_FaIR/FaIR_all_method.py
Methods/43_Forcing_Based/1_ERF_FaIR/FaIR_all_unB_method.py
Methods/43_Forcing_Based/1_ERF_FaIR/FaIR_anthro_method.py
Methods/43_Forcing_Based/1_ERF_FaIR/FaIR_anthro_unB_method.py
Methods/43_Forcing_Based/1_ERF_FaIR/FaIR_comb_unB_method.py
Methods/43_Forcing_Based/1_ERF_FaIR/FaIR_nonat_method.py
Methods/43_Forcing_Based/1_ERF_FaIR/FaIR_nonat_unB_method.py
evaluating 13 of 0.1C thresholds, starting at 1.1C
11
FaIR_anthro sampled, d llike: -0.0015786766768921545
FaIR_anthro sampled, d llike: -0.13487986780273076
FaIR_anthro_unB sampled, d llike: -0.0015590258782194333
FaIR_anthro_unB sampled, d llike: -0.12362066118995896
FaIR_nonat sampled, d llike: -0.034838537475810005
FaIR_nonat sampled, d llike: -0.04690989429622605
FaIR_nonat_unB sampled, d llike: -0.027786514025463394
FaIR_nonat_unB sampled, d llike: -0.03979784420769583
FaIR_all sampled, d llike: -1673.5784447688861
FaIR_all sampled, d llike: -0.048363450523922547
FaIR_all_unB sampled, d llike: -0.012314042984398421
FaIR_all_unB sampled, d llike: -0.03421024250702942
FaIR_comb_unB sampled, d llike: -0.024668583973292968
FaIR_comb_unB sampled, d llike: -0.0037470308712591605
        method_name    method_class c/r  smooth_r  avg_unc.(1se)  #q<0.5  #q<0.1   log-likeli       RMS      bias         tlog-l       100log-l    100RMS     75RMS   100bias       l15        l20    bias50   Edyrs15   Edyrs20   Mdyrs15    Mdyrs20   Fdyrs15   Fdyrs20    EdyrsA   RMSyrsA  ncEdyrs      e100log-l   e100RMS    e75RMS  e100bias      el15       el20   ebias50  eEdyrs15  eEdyrs20  eMdyrs15   eMdyrs20  eFdyrs15  eFdyrs20   eEdyrsA  eRMSyrsA  nceEdyrs
8         offset11y  42/1_Run_Means   c     2.421       0.038166     137      78    -0.163946  0.077218  0.058807     -37.871529     176.078466  0.036146  0.039527  0.019376  8.691898  11.610488  0.032227  1.083333 -0.416667  1.083333  -0.416667  1.083333 -0.416667 -1.144231  2.135532     14.0     161.440313  0.043288  0.044580  0.012375  7.860412  12.138292  0.029686  2.583333  0.083333  2.583333   0.083333  2.583333  0.083333 -1.077381  1.077381      16.0
21    FaIR_comb_unB   43/1_ERF_FaIR   c     1.936       0.074942       0       0     1.438610  0.048678 -0.006650     225.861844     127.725127  0.050174  0.051159  0.013161  4.492447   4.107650 -0.024184 -2.250000  1.416667 -2.250000   1.416667 -2.250000  1.416667 -0.814103  2.718546     13.0     129.238501  0.046690  0.044109  0.006161  5.015882   3.859233 -0.026725 -0.750000  1.916667 -0.750000   1.916667 -0.750000  1.916667 -0.220238  0.220238      15.0
15   FaIR_nonat_unB   43/1_ERF_FaIR   c     1.918       0.085067       0       0     1.335103  0.051110 -0.008539     214.951537     121.574426  0.048249  0.049170  0.011333  4.063557   3.843089 -0.021650 -1.833333  1.333333 -1.833333   1.333333 -1.833333  1.333333 -0.775641  2.657737     13.0     122.440493  0.044575  0.041968  0.004333  4.481434   3.676695 -0.024191 -0.333333  1.833333 -0.333333   1.833333 -0.333333  1.833333 -0.181548  0.181548      15.0
1             lag5y  42/1_Run_Means   c     5.472       0.049103      38      11     1.214808  0.057835 -0.022328     280.620681     116.371346  0.060535  0.059917 -0.033727  1.945969   9.741141 -0.031421  2.500000  1.583333  2.500000   1.583333  2.500000  1.583333  2.325321  2.772110     19.0      74.943866  0.067361  0.071521 -0.040728  0.028180   8.072540 -0.033962  4.000000  2.083333  4.000000   2.083333  4.000000  2.083333  2.718750  2.718750      20.0
11  FaIR_anthro_unB   43/1_ERF_FaIR   c     1.552       0.087760       0       0     1.141021  0.065936 -0.021854     183.704358     115.570456  0.048395  0.050229  0.011582  3.701201   3.562822 -0.021551 -2.416667  1.250000 -2.416667   1.250000 -2.416667  1.250000 -0.846154  2.706039     13.0     116.375257  0.043634  0.041519  0.004581  3.962304   3.408083 -0.024092 -0.916667  1.750000 -0.916667   1.750000 -0.916667  1.750000 -0.166667  0.166667      14.0
9       FaIR_anthro   43/1_ERF_FaIR   c     1.567       0.087745       0       0     1.161131  0.064725 -0.017783     186.942079     114.979775  0.049546  0.051116  0.015699  3.706348   3.633955 -0.017409 -2.750000  1.083333 -2.750000   1.083333 -2.750000  1.083333 -1.038462  2.763467     13.0     116.095952  0.044260  0.041340  0.008698  3.895605   3.489659 -0.019950 -1.250000  1.583333 -1.250000   1.583333 -1.250000  1.583333 -0.392857  0.392857      14.0
19     FaIR_all_unB   43/1_ERF_FaIR   c     3.107       0.087727       0       0     1.226333  0.065479 -0.005853     197.439688     112.900217  0.059585  0.055140  0.018671  3.725246   3.666464 -0.029047 -2.333333  1.500000 -2.333333   1.500000 -2.333333  1.500000 -0.980769  3.128054     13.0     114.050611  0.056692  0.048100  0.011671  4.113283   3.484145 -0.031588 -0.833333  2.000000 -0.833333   2.000000 -0.833333  2.000000 -0.369048  0.369048      15.0
13       FaIR_nonat   43/1_ERF_FaIR   c     1.948       0.106251       0       0     1.154807  0.054522 -0.007052     185.923872     105.139450  0.049857  0.050250  0.016858  3.331107   3.203296 -0.016133 -2.166667  1.083333 -2.166667   1.083333 -2.166667  1.083333 -1.057692  2.721295     13.0     105.560133  0.045474  0.041565  0.009858  3.592725   3.122670 -0.018674 -0.666667  1.583333 -0.666667   1.583333 -0.666667  1.583333 -0.511905  0.511905      14.0
2             raw1y  42/1_Run_Means   c    28.969       0.127208       0       0     0.702285  0.118152 -0.002419     162.227776      57.104447  0.128559  0.131459  0.004386  3.275260   3.091101  0.002435 -0.750000  3.979167 -8.666667  10.000000 -8.666667 -1.750000  0.250641  2.603451     50.4      57.778823  0.127729  0.131269 -0.002614  2.947148   3.162312 -0.000106  0.750000  4.479167 -7.166667  10.500000 -7.166667 -1.250000 -0.101786  0.101786      55.4
0            lag10y  42/1_Run_Means   c     2.965       0.039368     133      53     0.673651  0.066582 -0.046381     155.613365     -16.446388  0.087350  0.083604 -0.081354  0.433778   0.282618 -0.069586  4.666667  3.500000  4.666667   3.500000  4.666667  3.500000  4.528846  4.827320     14.0     -75.669722  0.098080  0.099940 -0.088355  0.080734   0.122561 -0.072127  6.166667  4.000000  6.166667   4.000000  6.166667  4.000000  4.848214  4.848214      15.0
17         FaIR_all   43/1_ERF_FaIR   c     2.949       0.005572     150     138 -1829.632687  0.074364  0.033165 -294570.862637 -223667.008851  0.078248  0.067759  0.054088  0.000000  91.389524  0.006458 -7.375000 -0.166667 -9.416667  -0.166667 -9.416667 -0.166667 -2.823718  4.262253     14.2 -196575.815931  0.072741  0.054426  0.047087  0.000000  25.788275  0.003917 -5.875000  0.333333 -7.916667   0.333333 -7.916667  0.333333 -2.294643  2.294643      15.2
5.069367201
finished this run
/oscar/data/deeps/private/bfoxkemp/jnickla1/Thorne_15_codefigurestats/Methods/43_Forcing_Based/1_ERF_FaIR/FaIR_all_unB_method.py:90: RuntimeWarning: Mean of empty slice
  return np.nanmean(samp_cur[year_idx-1850, :], axis = 1)
/users/jnickla1/.conda/envs/cleanpy/lib/python3.13/site-packages/numpy/lib/_nanfunctions_impl.py:2019: RuntimeWarning: Degrees of freedom <= 0 for slice.
  var = nanvar(a, axis=axis, dtype=dtype, out=out, ddof=ddof,
/oscar/data/deeps/private/bfoxkemp/jnickla1/Thorne_15_codefigurestats/Methods/43_Forcing_Based/1_ERF_FaIR/FaIR_all_unB_method.py:118: RuntimeWarning: Mean of empty slice
  cdist = np.nanmean(dist)
/oscar/data/deeps/private/bfoxkemp/jnickla1/Thorne_15_codefigurestats/Methods/43_Forcing_Based/1_ERF_FaIR/FaIR_comb_unB_method.py:152: RuntimeWarning: Mean of empty slice
  return np.nanmean(samp_cur[year_idx-1850, :], axis = 1)
/users/jnickla1/.conda/envs/cleanpy/lib/python3.13/site-packages/numpy/lib/_nanfunctions_impl.py:2019: RuntimeWarning: Degrees of freedom <= 0 for slice.
  var = nanvar(a, axis=axis, dtype=dtype, out=out, ddof=ddof,
/oscar/data/deeps/private/bfoxkemp/jnickla1/Thorne_15_codefigurestats/Methods/43_Forcing_Based/1_ERF_FaIR/FaIR_comb_unB_method.py:180: RuntimeWarning: Mean of empty slice
  cdist = np.nanmean(dist)
starting computation for fut_ESM1-2-LR_SSP370_constVolc
max_runs7
Model number:
6




Methods/42_Temp_Alone/1_Run_Means/cent10y_method.py
Methods/42_Temp_Alone/1_Run_Means/cent20y_method.py
Methods/42_Temp_Alone/1_Run_Means/cent21y_method.py
Methods/42_Temp_Alone/1_Run_Means/cent30y_method.py
Methods/42_Temp_Alone/1_Run_Means/lag10y_method.py
Methods/42_Temp_Alone/1_Run_Means/lag5y_method.py
Methods/42_Temp_Alone/1_Run_Means/offset11y_method.py
Methods/42_Temp_Alone/1_Run_Means/raw1y_method.py
Methods/43_Forcing_Based/1_ERF_FaIR/FaIR_all_method.py
Methods/43_Forcing_Based/1_ERF_FaIR/FaIR_all_unB_method.py
Methods/43_Forcing_Based/1_ERF_FaIR/FaIR_anthro_method.py
Methods/43_Forcing_Based/1_ERF_FaIR/FaIR_anthro_unB_method.py
Methods/43_Forcing_Based/1_ERF_FaIR/FaIR_comb_unB_method.py
Methods/43_Forcing_Based/1_ERF_FaIR/FaIR_nonat_method.py
Methods/43_Forcing_Based/1_ERF_FaIR/FaIR_nonat_unB_method.py
evaluating 23 of 0.1C thresholds, starting at 1.1C
11
FaIR_anthro sampled, d llike: -0.007060640389124906
FaIR_anthro sampled, d llike: 0.058713106890729616
FaIR_anthro_unB sampled, d llike: -0.017985284329311346
FaIR_anthro_unB sampled, d llike: -1.278089873274586
FaIR_nonat sampled, d llike: -0.03837161085960572
FaIR_nonat sampled, d llike: -0.010997380440098348
FaIR_nonat_unB sampled, d llike: -0.04312631817943302
FaIR_nonat_unB sampled, d llike: -0.02673338994195773
FaIR_all sampled, d llike: -1482.3363554362459
FaIR_all sampled, d llike: -0.022344429641049324
FaIR_all_unB sampled, d llike: -0.03396850033901622
FaIR_all_unB sampled, d llike: -0.0154457572254465
FaIR_comb_unB sampled, d llike: -0.045725803179800906
FaIR_comb_unB sampled, d llike: -0.08560949531969211
        method_name    method_class c/r  smooth_r  avg_unc.(1se)  #q<0.5  #q<0.1   log-likeli       RMS      bias         tlog-l       100log-l    100RMS     75RMS   100bias            l15            l20    bias50   Edyrs15   Edyrs20   Mdyrs15   Mdyrs20   Fdyrs15   Fdyrs20    EdyrsA   RMSyrsA  ncEdyrs      e100log-l   e100RMS    e75RMS  e100bias           el15      el20   ebias50  eEdyrs15  eEdyrs20  eMdyrs15  eMdyrs20  eFdyrs15  eFdyrs20   eEdyrsA  eRMSyrsA  nceEdyrs
8         offset11y  42/1_Run_Means   c     2.555       0.038260     192      85    -0.357131  0.080953  0.037287     -82.497266     131.452729  0.052974  0.059772 -0.035251   9.393884e+00   1.152376e+00 -0.061729  2.583333  1.833333  2.583333  1.833333  2.583333  1.833333  1.347826  1.870506     23.0     132.117235  0.054936  0.060422 -0.035323   7.682294e+00  6.361795 -0.053367  3.333333  1.083333  3.333333  1.083333  3.333333  1.083333  1.351449  1.351449      23.0
21    FaIR_comb_unB   43/1_ERF_FaIR   c     1.960       0.073300       0       0     1.410026  0.051268  0.013813     221.374140     118.190939  0.061488  0.052671  0.023770   4.788888e+00   3.680987e+00 -0.006906 -2.833333  1.500000 -2.833333  1.500000 -2.833333  1.500000 -0.655797  2.424276     23.0     125.565425  0.053992  0.040350  0.023698   4.332978e+00  5.483382  0.001456 -2.083333  0.750000 -2.083333  0.750000 -2.083333  0.750000 -0.652174  0.652174      23.0
9       FaIR_anthro   43/1_ERF_FaIR   c     1.658       0.084977       0       0     1.170287  0.065196 -0.028459     188.416147     117.650842  0.050287  0.051099 -0.002553   4.265772e+00   2.941423e+00 -0.027231 -1.916667  2.666667 -1.916667  2.666667 -1.916667  2.666667  0.126812  2.010315     23.0     123.131320  0.041104  0.038951 -0.002625   3.776645e+00  3.797635 -0.018869 -1.166667  1.916667 -1.166667  1.916667 -1.166667  1.916667  0.130435  0.130435      23.0
15   FaIR_nonat_unB   43/1_ERF_FaIR   c     2.000       0.083242       0       0     1.343034  0.050685  0.010967     216.228448     117.559270  0.056250  0.049313  0.022633   4.482383e+00   3.778032e+00  0.000680 -2.583333  1.250000 -2.583333  1.250000 -2.583333  1.250000 -0.695652  2.300887     23.0     122.552050  0.049217  0.038168  0.022562   3.709891e+00  4.846956  0.009042 -1.833333  0.500000 -1.833333  0.500000 -1.833333  0.500000 -0.692029  0.692029      23.0
11  FaIR_anthro_unB   43/1_ERF_FaIR   c     1.666       0.085022       0       0     1.266851  0.058656 -0.000521     203.963021     115.070428  0.056262  0.050625  0.025363   3.951654e+00   3.586158e+00  0.000662 -2.916667  1.500000 -2.916667  1.500000 -2.916667  1.500000 -0.771739  2.258839     23.0     119.565184  0.048194  0.038067  0.025291   3.629319e+00  4.393442  0.009024 -2.166667  0.750000 -2.166667  0.750000 -2.166667  0.750000 -0.768116  0.768116      23.0
19     FaIR_all_unB   43/1_ERF_FaIR   c     3.358       0.085889       0       0     1.212625  0.066199  0.011323     195.232671     108.170540  0.067954  0.052543  0.028777   4.256726e+00   3.589907e+00 -0.005266 -2.416667  1.416667 -2.416667  1.416667 -2.416667  1.416667 -0.724638  2.562975     23.0     112.739607  0.061685  0.041648  0.028706   3.567752e+00  4.590827  0.003096 -1.666667  0.666667 -1.666667  0.666667 -1.666667  0.666667 -0.721014  0.721014      23.0
13       FaIR_nonat   43/1_ERF_FaIR   c     2.052       0.103902       0       0     1.166727  0.055273 -0.017954     187.843022     106.997618  0.051543  0.051241 -0.002329   3.719285e+00   2.809189e+00 -0.024283 -0.083333  2.500000 -1.416667  2.500000 -1.416667  2.500000  0.134058  2.097200     24.2     109.764280  0.043809  0.040868 -0.002400   3.101709e+00  3.588513 -0.015921  0.666667  1.750000  2.000000  1.750000 -0.666667  1.750000  0.137681  0.137681      24.2
2             raw1y  42/1_Run_Means   c    29.842       0.118857       0       0     0.781857  0.109592 -0.002141     180.608959      73.632137  0.107606  0.106883  0.005092   3.499357e+00   3.075944e+00  0.008685  0.458333  0.083333  3.166667  0.083333 -2.250000  0.083333  0.086051  1.347382     49.2      73.372125  0.107938  0.108504  0.005020   1.979036e+00  2.363237  0.017047  1.208333 -0.666667  3.916667 -0.666667 -1.500000 -0.666667  0.089674  0.089674      49.2
1             lag5y  42/1_Run_Means   c     5.545       0.046326      86      30     0.765376  0.065045 -0.032102     176.801818      12.552483  0.076899  0.080592 -0.058538   4.301698e+00   3.231655e-01 -0.067949  4.916667  1.416667  4.916667  1.416667  4.916667  1.416667  2.291667  2.515426     25.0      34.503360  0.078188  0.081924 -0.058609   2.202876e+00  5.778572 -0.059587  5.666667  0.666667  5.666667  0.666667  5.666667  0.666667  2.295290  2.295290      25.0
0            lag10y  42/1_Run_Means   c     2.885       0.039069     149     102    -0.762900  0.093766 -0.066096    -176.229847    -348.289600  0.136730  0.149903 -0.131402   2.505859e-01   1.418925e-05 -0.154823  5.500000  4.583333  5.500000  4.583333  5.500000  4.583333  4.652174  4.719614     23.0    -327.987210  0.137758  0.150620 -0.131474   7.738908e-02  0.022906 -0.146461  6.250000  3.833333  6.250000  3.833333  6.250000  3.833333  4.655797  4.655797      23.0
17         FaIR_all   43/1_ERF_FaIR   c     3.004       0.005583     154     146 -1621.154341  0.070996  0.023561 -261005.848855 -186792.755800  0.072031  0.054154  0.037389  3.348888e-221  2.600726e-207  0.003336 -2.416667  1.083333 -2.416667  1.083333 -2.416667  1.083333 -0.956522  2.610366     23.0 -155304.963308  0.066139  0.043587  0.037318  7.586175e-301  3.483607  0.011698 -1.666667  0.333333 -1.666667  0.333333 -1.666667  0.333333 -0.952899  0.952899      23.0
6.351998502
finished this run
All processes completed.
