/oscar/data/deeps/private/bfoxkemp/jnickla1/Thorne_15_codefigurestats/fut_evaluation_gen_ensemble.py:20: RuntimeWarning: Mean of empty slice
  return np.nanmean(standards_np,axis=0)
/oscar/data/deeps/private/bfoxkemp/jnickla1/Thorne_15_codefigurestats/fut_evaluation_gen_ensemble.py:20: RuntimeWarning: Mean of empty slice
  return np.nanmean(standards_np,axis=0)
/oscar/data/deeps/private/bfoxkemp/jnickla1/Thorne_15_codefigurestats/fut_evaluation_gen_ensemble.py:20: RuntimeWarning: Mean of empty slice
  return np.nanmean(standards_np,axis=0)
/oscar/data/deeps/private/bfoxkemp/jnickla1/Thorne_15_codefigurestats/fut_evaluation_gen_ensemble.py:20: RuntimeWarning: Mean of empty slice
  return np.nanmean(standards_np,axis=0)
/oscar/data/deeps/private/bfoxkemp/jnickla1/Thorne_15_codefigurestats/fut_evaluation_gen_ensemble.py:20: RuntimeWarning: Mean of empty slice
  return np.nanmean(standards_np,axis=0)
/oscar/data/deeps/private/bfoxkemp/jnickla1/Thorne_15_codefigurestats/Methods/43_Forcing_Based/1_ERF_FaIR/FaIR_all_method.py:53: RuntimeWarning: Mean of empty slice
  samp_mean =  np.nanmean(samp_cur, axis = 1)
/oscar/data/deeps/private/bfoxkemp/jnickla1/Thorne_15_codefigurestats/Methods/43_Forcing_Based/1_ERF_FaIR/FaIR_all_method.py:53: RuntimeWarning: Mean of empty slice
  samp_mean =  np.nanmean(samp_cur, axis = 1)
/oscar/data/deeps/private/bfoxkemp/jnickla1/Thorne_15_codefigurestats/Methods/43_Forcing_Based/1_ERF_FaIR/FaIR_all_unB_method.py:70: RuntimeWarning: Mean of empty slice
  samp_mean =  np.nanmean(samp_cur, axis = 1)
/oscar/data/deeps/private/bfoxkemp/jnickla1/Thorne_15_codefigurestats/Methods/43_Forcing_Based/1_ERF_FaIR/FaIR_all_unB_method.py:70: RuntimeWarning: Mean of empty slice
  samp_mean =  np.nanmean(samp_cur, axis = 1)
/oscar/data/deeps/private/bfoxkemp/jnickla1/Thorne_15_codefigurestats/Methods/43_Forcing_Based/1_ERF_FaIR/FaIR_anthro_method.py:53: RuntimeWarning: Mean of empty slice
  samp_mean =  np.nanmean(samp_cur, axis = 1)
/oscar/data/deeps/private/bfoxkemp/jnickla1/Thorne_15_codefigurestats/Methods/43_Forcing_Based/1_ERF_FaIR/FaIR_anthro_method.py:53: RuntimeWarning: Mean of empty slice
  samp_mean =  np.nanmean(samp_cur, axis = 1)
/oscar/data/deeps/private/bfoxkemp/jnickla1/Thorne_15_codefigurestats/Methods/43_Forcing_Based/1_ERF_FaIR/FaIR_anthro_unB_method.py:70: RuntimeWarning: Mean of empty slice
  samp_mean =  np.nanmean(samp_cur, axis = 1)
/oscar/data/deeps/private/bfoxkemp/jnickla1/Thorne_15_codefigurestats/Methods/43_Forcing_Based/1_ERF_FaIR/FaIR_anthro_unB_method.py:70: RuntimeWarning: Mean of empty slice
  samp_mean =  np.nanmean(samp_cur, axis = 1)
/oscar/data/deeps/private/bfoxkemp/jnickla1/Thorne_15_codefigurestats/Methods/43_Forcing_Based/1_ERF_FaIR/FaIR_comb_unB_method.py:70: RuntimeWarning: Mean of empty slice
  samp_mean =  np.nanmean(samp_cur, axis = 1)
/oscar/data/deeps/private/bfoxkemp/jnickla1/Thorne_15_codefigurestats/Methods/43_Forcing_Based/1_ERF_FaIR/FaIR_comb_unB_method.py:127: RuntimeWarning: Mean of empty slice
  samp_meanAll =  np.nanmean(samp_curAll, axis = 1)
/oscar/data/deeps/private/bfoxkemp/jnickla1/Thorne_15_codefigurestats/Methods/43_Forcing_Based/1_ERF_FaIR/FaIR_comb_unB_method.py:70: RuntimeWarning: Mean of empty slice
  samp_mean =  np.nanmean(samp_cur, axis = 1)
/oscar/data/deeps/private/bfoxkemp/jnickla1/Thorne_15_codefigurestats/Methods/43_Forcing_Based/1_ERF_FaIR/FaIR_comb_unB_method.py:127: RuntimeWarning: Mean of empty slice
  samp_meanAll =  np.nanmean(samp_curAll, axis = 1)
/oscar/data/deeps/private/bfoxkemp/jnickla1/Thorne_15_codefigurestats/Methods/43_Forcing_Based/1_ERF_FaIR/FaIR_nonat_method.py:53: RuntimeWarning: Mean of empty slice
  samp_mean =  np.nanmean(samp_cur, axis = 1)
/oscar/data/deeps/private/bfoxkemp/jnickla1/Thorne_15_codefigurestats/Methods/43_Forcing_Based/1_ERF_FaIR/FaIR_nonat_method.py:53: RuntimeWarning: Mean of empty slice
  samp_mean =  np.nanmean(samp_cur, axis = 1)
/oscar/data/deeps/private/bfoxkemp/jnickla1/Thorne_15_codefigurestats/Methods/43_Forcing_Based/1_ERF_FaIR/FaIR_nonat_unB_method.py:72: RuntimeWarning: Mean of empty slice
  samp_mean =  np.nanmean(samp_cur, axis = 1)
/oscar/data/deeps/private/bfoxkemp/jnickla1/Thorne_15_codefigurestats/Methods/43_Forcing_Based/1_ERF_FaIR/FaIR_nonat_unB_method.py:72: RuntimeWarning: Mean of empty slice
  samp_mean =  np.nanmean(samp_cur, axis = 1)
/oscar/data/deeps/private/bfoxkemp/jnickla1/Thorne_15_codefigurestats/Methods/43_Forcing_Based/1_ERF_FaIR/FaIR_all_method.py:68: RuntimeWarning: Mean of empty slice
  return np.nanmean(samp_cur[year_idx-1850, :], axis = 1)
/users/jnickla1/.conda/envs/cleanpy/lib/python3.13/site-packages/numpy/lib/_nanfunctions_impl.py:2019: RuntimeWarning: Degrees of freedom <= 0 for slice.
  var = nanvar(a, axis=axis, dtype=dtype, out=out, ddof=ddof,
/oscar/data/deeps/private/bfoxkemp/jnickla1/Thorne_15_codefigurestats/Methods/43_Forcing_Based/1_ERF_FaIR/FaIR_all_unB_method.py:90: RuntimeWarning: Mean of empty slice
  return np.nanmean(samp_cur[year_idx-1850, :], axis = 1)
/oscar/data/deeps/private/bfoxkemp/jnickla1/Thorne_15_codefigurestats/Methods/43_Forcing_Based/1_ERF_FaIR/FaIR_anthro_method.py:67: RuntimeWarning: Mean of empty slice
  return np.nanmean(samp_cur[year_idx-1850, :], axis = 1)
/oscar/data/deeps/private/bfoxkemp/jnickla1/Thorne_15_codefigurestats/Methods/43_Forcing_Based/1_ERF_FaIR/FaIR_anthro_unB_method.py:89: RuntimeWarning: Mean of empty slice
  return np.nanmean(samp_cur[year_idx-1850, :], axis = 1)
/oscar/data/deeps/private/bfoxkemp/jnickla1/Thorne_15_codefigurestats/Methods/43_Forcing_Based/1_ERF_FaIR/FaIR_comb_unB_method.py:153: RuntimeWarning: Mean of empty slice
  return np.nanmean(samp_cur[year_idx-1850, :], axis = 1)
/oscar/data/deeps/private/bfoxkemp/jnickla1/Thorne_15_codefigurestats/Methods/43_Forcing_Based/1_ERF_FaIR/FaIR_all_method.py:68: RuntimeWarning: Mean of empty slice
  return np.nanmean(samp_cur[year_idx-1850, :], axis = 1)
/users/jnickla1/.conda/envs/cleanpy/lib/python3.13/site-packages/numpy/lib/_nanfunctions_impl.py:2019: RuntimeWarning: Degrees of freedom <= 0 for slice.
  var = nanvar(a, axis=axis, dtype=dtype, out=out, ddof=ddof,
/oscar/data/deeps/private/bfoxkemp/jnickla1/Thorne_15_codefigurestats/Methods/43_Forcing_Based/1_ERF_FaIR/FaIR_all_unB_method.py:90: RuntimeWarning: Mean of empty slice
  return np.nanmean(samp_cur[year_idx-1850, :], axis = 1)
/oscar/data/deeps/private/bfoxkemp/jnickla1/Thorne_15_codefigurestats/Methods/43_Forcing_Based/1_ERF_FaIR/FaIR_nonat_method.py:68: RuntimeWarning: Mean of empty slice
  return np.nanmean(samp_cur[year_idx-1850, :], axis = 1)
/oscar/data/deeps/private/bfoxkemp/jnickla1/Thorne_15_codefigurestats/Methods/43_Forcing_Based/1_ERF_FaIR/FaIR_anthro_method.py:67: RuntimeWarning: Mean of empty slice
  return np.nanmean(samp_cur[year_idx-1850, :], axis = 1)
/oscar/data/deeps/private/bfoxkemp/jnickla1/Thorne_15_codefigurestats/Methods/43_Forcing_Based/1_ERF_FaIR/FaIR_anthro_unB_method.py:89: RuntimeWarning: Mean of empty slice
  return np.nanmean(samp_cur[year_idx-1850, :], axis = 1)
/oscar/data/deeps/private/bfoxkemp/jnickla1/Thorne_15_codefigurestats/Methods/43_Forcing_Based/1_ERF_FaIR/FaIR_nonat_unB_method.py:92: RuntimeWarning: Mean of empty slice
  return np.nanmean(samp_cur[year_idx-1850, :], axis = 1)
/oscar/data/deeps/private/bfoxkemp/jnickla1/Thorne_15_codefigurestats/Methods/43_Forcing_Based/1_ERF_FaIR/FaIR_comb_unB_method.py:153: RuntimeWarning: Mean of empty slice
  return np.nanmean(samp_cur[year_idx-1850, :], axis = 1)
/oscar/data/deeps/private/bfoxkemp/jnickla1/Thorne_15_codefigurestats/Methods/43_Forcing_Based/1_ERF_FaIR/FaIR_nonat_method.py:68: RuntimeWarning: Mean of empty slice
  return np.nanmean(samp_cur[year_idx-1850, :], axis = 1)
/oscar/data/deeps/private/bfoxkemp/jnickla1/Thorne_15_codefigurestats/Methods/43_Forcing_Based/1_ERF_FaIR/FaIR_nonat_unB_method.py:92: RuntimeWarning: Mean of empty slice
  return np.nanmean(samp_cur[year_idx-1850, :], axis = 1)
/oscar/data/deeps/private/bfoxkemp/jnickla1/Thorne_15_codefigurestats/Methods/43_Forcing_Based/1_ERF_FaIR/FaIR_anthro_method.py:67: RuntimeWarning: Mean of empty slice
  return np.nanmean(samp_cur[year_idx-1850, :], axis = 1)
/oscar/data/deeps/private/bfoxkemp/jnickla1/Thorne_15_codefigurestats/Methods/43_Forcing_Based/1_ERF_FaIR/FaIR_anthro_unB_method.py:89: RuntimeWarning: Mean of empty slice
  return np.nanmean(samp_cur[year_idx-1850, :], axis = 1)
/oscar/data/deeps/private/bfoxkemp/jnickla1/Thorne_15_codefigurestats/Methods/43_Forcing_Based/1_ERF_FaIR/FaIR_nonat_method.py:68: RuntimeWarning: Mean of empty slice
  return np.nanmean(samp_cur[year_idx-1850, :], axis = 1)
/oscar/data/deeps/private/bfoxkemp/jnickla1/Thorne_15_codefigurestats/Methods/43_Forcing_Based/1_ERF_FaIR/FaIR_nonat_unB_method.py:92: RuntimeWarning: Mean of empty slice
  return np.nanmean(samp_cur[year_idx-1850, :], axis = 1)
/oscar/data/deeps/private/bfoxkemp/jnickla1/Thorne_15_codefigurestats/Methods/43_Forcing_Based/1_ERF_FaIR/FaIR_all_method.py:68: RuntimeWarning: Mean of empty slice
  return np.nanmean(samp_cur[year_idx-1850, :], axis = 1)
/oscar/data/deeps/private/bfoxkemp/jnickla1/Thorne_15_codefigurestats/Methods/43_Forcing_Based/1_ERF_FaIR/FaIR_all_unB_method.py:90: RuntimeWarning: Mean of empty slice
  return np.nanmean(samp_cur[year_idx-1850, :], axis = 1)
/oscar/data/deeps/private/bfoxkemp/jnickla1/Thorne_15_codefigurestats/Methods/43_Forcing_Based/1_ERF_FaIR/FaIR_anthro_method.py:67: RuntimeWarning: Mean of empty slice
  return np.nanmean(samp_cur[year_idx-1850, :], axis = 1)
/oscar/data/deeps/private/bfoxkemp/jnickla1/Thorne_15_codefigurestats/Methods/43_Forcing_Based/1_ERF_FaIR/FaIR_anthro_unB_method.py:89: RuntimeWarning: Mean of empty slice
  return np.nanmean(samp_cur[year_idx-1850, :], axis = 1)
/oscar/data/deeps/private/bfoxkemp/jnickla1/Thorne_15_codefigurestats/Methods/43_Forcing_Based/1_ERF_FaIR/FaIR_comb_unB_method.py:153: RuntimeWarning: Mean of empty slice
  return np.nanmean(samp_cur[year_idx-1850, :], axis = 1)
/oscar/data/deeps/private/bfoxkemp/jnickla1/Thorne_15_codefigurestats/Methods/43_Forcing_Based/1_ERF_FaIR/FaIR_nonat_method.py:68: RuntimeWarning: Mean of empty slice
  return np.nanmean(samp_cur[year_idx-1850, :], axis = 1)
/oscar/data/deeps/private/bfoxkemp/jnickla1/Thorne_15_codefigurestats/Methods/43_Forcing_Based/1_ERF_FaIR/FaIR_nonat_unB_method.py:92: RuntimeWarning: Mean of empty slice
  return np.nanmean(samp_cur[year_idx-1850, :], axis = 1)
/oscar/data/deeps/private/bfoxkemp/jnickla1/Thorne_15_codefigurestats/Methods/43_Forcing_Based/1_ERF_FaIR/FaIR_all_method.py:68: RuntimeWarning: Mean of empty slice
  return np.nanmean(samp_cur[year_idx-1850, :], axis = 1)
/oscar/data/deeps/private/bfoxkemp/jnickla1/Thorne_15_codefigurestats/Methods/43_Forcing_Based/1_ERF_FaIR/FaIR_all_unB_method.py:90: RuntimeWarning: Mean of empty slice
  return np.nanmean(samp_cur[year_idx-1850, :], axis = 1)
/oscar/data/deeps/private/bfoxkemp/jnickla1/Thorne_15_codefigurestats/Methods/43_Forcing_Based/1_ERF_FaIR/FaIR_comb_unB_method.py:153: RuntimeWarning: Mean of empty slice
  return np.nanmean(samp_cur[year_idx-1850, :], axis = 1)
/oscar/data/deeps/private/bfoxkemp/jnickla1/Thorne_15_codefigurestats/Methods/43_Forcing_Based/1_ERF_FaIR/FaIR_anthro_method.py:67: RuntimeWarning: Mean of empty slice
  return np.nanmean(samp_cur[year_idx-1850, :], axis = 1)
/users/jnickla1/.conda/envs/cleanpy/lib/python3.13/site-packages/numpy/lib/_nanfunctions_impl.py:2019: RuntimeWarning: Degrees of freedom <= 0 for slice.
  var = nanvar(a, axis=axis, dtype=dtype, out=out, ddof=ddof,
/oscar/data/deeps/private/bfoxkemp/jnickla1/Thorne_15_codefigurestats/Methods/43_Forcing_Based/1_ERF_FaIR/FaIR_anthro_method.py:95: RuntimeWarning: Mean of empty slice
  cdist = np.nanmean(dist)
/oscar/data/deeps/private/bfoxkemp/jnickla1/Thorne_15_codefigurestats/Methods/43_Forcing_Based/1_ERF_FaIR/FaIR_anthro_method.py:67: RuntimeWarning: Mean of empty slice
  return np.nanmean(samp_cur[year_idx-1850, :], axis = 1)
/users/jnickla1/.conda/envs/cleanpy/lib/python3.13/site-packages/numpy/lib/_nanfunctions_impl.py:2019: RuntimeWarning: Degrees of freedom <= 0 for slice.
  var = nanvar(a, axis=axis, dtype=dtype, out=out, ddof=ddof,
/oscar/data/deeps/private/bfoxkemp/jnickla1/Thorne_15_codefigurestats/Methods/43_Forcing_Based/1_ERF_FaIR/FaIR_anthro_method.py:95: RuntimeWarning: Mean of empty slice
  cdist = np.nanmean(dist)
/oscar/data/deeps/private/bfoxkemp/jnickla1/Thorne_15_codefigurestats/Methods/43_Forcing_Based/1_ERF_FaIR/FaIR_all_method.py:53: RuntimeWarning: Mean of empty slice
  samp_mean =  np.nanmean(samp_cur, axis = 1)
/oscar/data/deeps/private/bfoxkemp/jnickla1/Thorne_15_codefigurestats/Methods/43_Forcing_Based/1_ERF_FaIR/FaIR_all_method.py:53: RuntimeWarning: Mean of empty slice
  samp_mean =  np.nanmean(samp_cur, axis = 1)
/oscar/data/deeps/private/bfoxkemp/jnickla1/Thorne_15_codefigurestats/Methods/43_Forcing_Based/1_ERF_FaIR/FaIR_all_method.py:53: RuntimeWarning: Mean of empty slice
  samp_mean =  np.nanmean(samp_cur, axis = 1)
/oscar/data/deeps/private/bfoxkemp/jnickla1/Thorne_15_codefigurestats/Methods/43_Forcing_Based/1_ERF_FaIR/FaIR_all_unB_method.py:70: RuntimeWarning: Mean of empty slice
  samp_mean =  np.nanmean(samp_cur, axis = 1)
/oscar/data/deeps/private/bfoxkemp/jnickla1/Thorne_15_codefigurestats/Methods/43_Forcing_Based/1_ERF_FaIR/FaIR_all_unB_method.py:70: RuntimeWarning: Mean of empty slice
  samp_mean =  np.nanmean(samp_cur, axis = 1)
/oscar/data/deeps/private/bfoxkemp/jnickla1/Thorne_15_codefigurestats/Methods/43_Forcing_Based/1_ERF_FaIR/FaIR_all_unB_method.py:70: RuntimeWarning: Mean of empty slice
  samp_mean =  np.nanmean(samp_cur, axis = 1)
/oscar/data/deeps/private/bfoxkemp/jnickla1/Thorne_15_codefigurestats/Methods/43_Forcing_Based/1_ERF_FaIR/FaIR_anthro_method.py:53: RuntimeWarning: Mean of empty slice
  samp_mean =  np.nanmean(samp_cur, axis = 1)
/oscar/data/deeps/private/bfoxkemp/jnickla1/Thorne_15_codefigurestats/Methods/43_Forcing_Based/1_ERF_FaIR/FaIR_anthro_method.py:53: RuntimeWarning: Mean of empty slice
  samp_mean =  np.nanmean(samp_cur, axis = 1)
/oscar/data/deeps/private/bfoxkemp/jnickla1/Thorne_15_codefigurestats/fut_evaluation_script.py:464: RuntimeWarning: Mean of empty slice
  evalmean = np.nanmean(diffcrossE) #if crossing multiple times take the mean
/oscar/data/deeps/private/bfoxkemp/jnickla1/Thorne_15_codefigurestats/Methods/43_Forcing_Based/1_ERF_FaIR/FaIR_anthro_method.py:53: RuntimeWarning: Mean of empty slice
  samp_mean =  np.nanmean(samp_cur, axis = 1)
/oscar/data/deeps/private/bfoxkemp/jnickla1/Thorne_15_codefigurestats/Methods/43_Forcing_Based/1_ERF_FaIR/FaIR_anthro_unB_method.py:70: RuntimeWarning: Mean of empty slice
  samp_mean =  np.nanmean(samp_cur, axis = 1)
/oscar/data/deeps/private/bfoxkemp/jnickla1/Thorne_15_codefigurestats/Methods/43_Forcing_Based/1_ERF_FaIR/FaIR_anthro_unB_method.py:70: RuntimeWarning: Mean of empty slice
  samp_mean =  np.nanmean(samp_cur, axis = 1)
/oscar/data/deeps/private/bfoxkemp/jnickla1/Thorne_15_codefigurestats/Methods/43_Forcing_Based/1_ERF_FaIR/FaIR_anthro_unB_method.py:70: RuntimeWarning: Mean of empty slice
  samp_mean =  np.nanmean(samp_cur, axis = 1)
/oscar/data/deeps/private/bfoxkemp/jnickla1/Thorne_15_codefigurestats/Methods/43_Forcing_Based/1_ERF_FaIR/FaIR_comb_unB_method.py:70: RuntimeWarning: Mean of empty slice
  samp_mean =  np.nanmean(samp_cur, axis = 1)
/oscar/data/deeps/private/bfoxkemp/jnickla1/Thorne_15_codefigurestats/Methods/43_Forcing_Based/1_ERF_FaIR/FaIR_comb_unB_method.py:70: RuntimeWarning: Mean of empty slice
  samp_mean =  np.nanmean(samp_cur, axis = 1)
/oscar/data/deeps/private/bfoxkemp/jnickla1/Thorne_15_codefigurestats/Methods/43_Forcing_Based/1_ERF_FaIR/FaIR_comb_unB_method.py:127: RuntimeWarning: Mean of empty slice
  samp_meanAll =  np.nanmean(samp_curAll, axis = 1)
/oscar/data/deeps/private/bfoxkemp/jnickla1/Thorne_15_codefigurestats/Methods/43_Forcing_Based/1_ERF_FaIR/FaIR_comb_unB_method.py:127: RuntimeWarning: Mean of empty slice
  samp_meanAll =  np.nanmean(samp_curAll, axis = 1)
/oscar/data/deeps/private/bfoxkemp/jnickla1/Thorne_15_codefigurestats/Methods/43_Forcing_Based/1_ERF_FaIR/FaIR_comb_unB_method.py:70: RuntimeWarning: Mean of empty slice
  samp_mean =  np.nanmean(samp_cur, axis = 1)
/oscar/data/deeps/private/bfoxkemp/jnickla1/Thorne_15_codefigurestats/Methods/43_Forcing_Based/1_ERF_FaIR/FaIR_comb_unB_method.py:127: RuntimeWarning: Mean of empty slice
  samp_meanAll =  np.nanmean(samp_curAll, axis = 1)
/oscar/data/deeps/private/bfoxkemp/jnickla1/Thorne_15_codefigurestats/Methods/43_Forcing_Based/1_ERF_FaIR/FaIR_nonat_method.py:53: RuntimeWarning: Mean of empty slice
  samp_mean =  np.nanmean(samp_cur, axis = 1)
/oscar/data/deeps/private/bfoxkemp/jnickla1/Thorne_15_codefigurestats/Methods/43_Forcing_Based/1_ERF_FaIR/FaIR_nonat_method.py:53: RuntimeWarning: Mean of empty slice
  samp_mean =  np.nanmean(samp_cur, axis = 1)
/oscar/data/deeps/private/bfoxkemp/jnickla1/Thorne_15_codefigurestats/Methods/43_Forcing_Based/1_ERF_FaIR/FaIR_nonat_method.py:53: RuntimeWarning: Mean of empty slice
  samp_mean =  np.nanmean(samp_cur, axis = 1)
/oscar/data/deeps/private/bfoxkemp/jnickla1/Thorne_15_codefigurestats/Methods/43_Forcing_Based/1_ERF_FaIR/FaIR_nonat_unB_method.py:72: RuntimeWarning: Mean of empty slice
  samp_mean =  np.nanmean(samp_cur, axis = 1)
/oscar/data/deeps/private/bfoxkemp/jnickla1/Thorne_15_codefigurestats/Methods/43_Forcing_Based/1_ERF_FaIR/FaIR_nonat_unB_method.py:72: RuntimeWarning: Mean of empty slice
  samp_mean =  np.nanmean(samp_cur, axis = 1)
/oscar/data/deeps/private/bfoxkemp/jnickla1/Thorne_15_codefigurestats/Methods/43_Forcing_Based/1_ERF_FaIR/FaIR_nonat_unB_method.py:72: RuntimeWarning: Mean of empty slice
  samp_mean =  np.nanmean(samp_cur, axis = 1)
/oscar/data/deeps/private/bfoxkemp/jnickla1/Thorne_15_codefigurestats/Methods/43_Forcing_Based/1_ERF_FaIR/FaIR_all_method.py:68: RuntimeWarning: Mean of empty slice
  return np.nanmean(samp_cur[year_idx-1850, :], axis = 1)
/users/jnickla1/.conda/envs/cleanpy/lib/python3.13/site-packages/numpy/lib/_nanfunctions_impl.py:2019: RuntimeWarning: Degrees of freedom <= 0 for slice.
  var = nanvar(a, axis=axis, dtype=dtype, out=out, ddof=ddof,
/oscar/data/deeps/private/bfoxkemp/jnickla1/Thorne_15_codefigurestats/Methods/43_Forcing_Based/1_ERF_FaIR/FaIR_all_unB_method.py:90: RuntimeWarning: Mean of empty slice
  return np.nanmean(samp_cur[year_idx-1850, :], axis = 1)
/oscar/data/deeps/private/bfoxkemp/jnickla1/Thorne_15_codefigurestats/Methods/43_Forcing_Based/1_ERF_FaIR/FaIR_anthro_method.py:67: RuntimeWarning: Mean of empty slice
  return np.nanmean(samp_cur[year_idx-1850, :], axis = 1)
/oscar/data/deeps/private/bfoxkemp/jnickla1/Thorne_15_codefigurestats/Methods/43_Forcing_Based/1_ERF_FaIR/FaIR_anthro_unB_method.py:89: RuntimeWarning: Mean of empty slice
  return np.nanmean(samp_cur[year_idx-1850, :], axis = 1)
/oscar/data/deeps/private/bfoxkemp/jnickla1/Thorne_15_codefigurestats/Methods/43_Forcing_Based/1_ERF_FaIR/FaIR_all_method.py:68: RuntimeWarning: Mean of empty slice
  return np.nanmean(samp_cur[year_idx-1850, :], axis = 1)
/users/jnickla1/.conda/envs/cleanpy/lib/python3.13/site-packages/numpy/lib/_nanfunctions_impl.py:2019: RuntimeWarning: Degrees of freedom <= 0 for slice.
  var = nanvar(a, axis=axis, dtype=dtype, out=out, ddof=ddof,
/oscar/data/deeps/private/bfoxkemp/jnickla1/Thorne_15_codefigurestats/Methods/43_Forcing_Based/1_ERF_FaIR/FaIR_all_unB_method.py:90: RuntimeWarning: Mean of empty slice
  return np.nanmean(samp_cur[year_idx-1850, :], axis = 1)
/oscar/data/deeps/private/bfoxkemp/jnickla1/Thorne_15_codefigurestats/Methods/43_Forcing_Based/1_ERF_FaIR/FaIR_comb_unB_method.py:153: RuntimeWarning: Mean of empty slice
  return np.nanmean(samp_cur[year_idx-1850, :], axis = 1)
/oscar/data/deeps/private/bfoxkemp/jnickla1/Thorne_15_codefigurestats/Methods/43_Forcing_Based/1_ERF_FaIR/FaIR_nonat_method.py:68: RuntimeWarning: Mean of empty slice
  return np.nanmean(samp_cur[year_idx-1850, :], axis = 1)
/oscar/data/deeps/private/bfoxkemp/jnickla1/Thorne_15_codefigurestats/Methods/43_Forcing_Based/1_ERF_FaIR/FaIR_anthro_method.py:67: RuntimeWarning: Mean of empty slice
  return np.nanmean(samp_cur[year_idx-1850, :], axis = 1)
/oscar/data/deeps/private/bfoxkemp/jnickla1/Thorne_15_codefigurestats/Methods/43_Forcing_Based/1_ERF_FaIR/FaIR_anthro_unB_method.py:89: RuntimeWarning: Mean of empty slice
  return np.nanmean(samp_cur[year_idx-1850, :], axis = 1)
/oscar/data/deeps/private/bfoxkemp/jnickla1/Thorne_15_codefigurestats/Methods/43_Forcing_Based/1_ERF_FaIR/FaIR_nonat_unB_method.py:92: RuntimeWarning: Mean of empty slice
  return np.nanmean(samp_cur[year_idx-1850, :], axis = 1)
/oscar/data/deeps/private/bfoxkemp/jnickla1/Thorne_15_codefigurestats/Methods/43_Forcing_Based/1_ERF_FaIR/FaIR_all_method.py:68: RuntimeWarning: Mean of empty slice
  return np.nanmean(samp_cur[year_idx-1850, :], axis = 1)
/users/jnickla1/.conda/envs/cleanpy/lib/python3.13/site-packages/numpy/lib/_nanfunctions_impl.py:2019: RuntimeWarning: Degrees of freedom <= 0 for slice.
  var = nanvar(a, axis=axis, dtype=dtype, out=out, ddof=ddof,
/oscar/data/deeps/private/bfoxkemp/jnickla1/Thorne_15_codefigurestats/Methods/43_Forcing_Based/1_ERF_FaIR/FaIR_all_unB_method.py:90: RuntimeWarning: Mean of empty slice
  return np.nanmean(samp_cur[year_idx-1850, :], axis = 1)
/oscar/data/deeps/private/bfoxkemp/jnickla1/Thorne_15_codefigurestats/Methods/43_Forcing_Based/1_ERF_FaIR/FaIR_comb_unB_method.py:153: RuntimeWarning: Mean of empty slice
  return np.nanmean(samp_cur[year_idx-1850, :], axis = 1)
/oscar/data/deeps/private/bfoxkemp/jnickla1/Thorne_15_codefigurestats/Methods/43_Forcing_Based/1_ERF_FaIR/FaIR_anthro_method.py:67: RuntimeWarning: Mean of empty slice
  return np.nanmean(samp_cur[year_idx-1850, :], axis = 1)
/oscar/data/deeps/private/bfoxkemp/jnickla1/Thorne_15_codefigurestats/Methods/43_Forcing_Based/1_ERF_FaIR/FaIR_nonat_method.py:68: RuntimeWarning: Mean of empty slice
  return np.nanmean(samp_cur[year_idx-1850, :], axis = 1)
/oscar/data/deeps/private/bfoxkemp/jnickla1/Thorne_15_codefigurestats/Methods/43_Forcing_Based/1_ERF_FaIR/FaIR_nonat_unB_method.py:92: RuntimeWarning: Mean of empty slice
  return np.nanmean(samp_cur[year_idx-1850, :], axis = 1)
/oscar/data/deeps/private/bfoxkemp/jnickla1/Thorne_15_codefigurestats/Methods/43_Forcing_Based/1_ERF_FaIR/FaIR_anthro_method.py:67: RuntimeWarning: Mean of empty slice
  return np.nanmean(samp_cur[year_idx-1850, :], axis = 1)
/oscar/data/deeps/private/bfoxkemp/jnickla1/Thorne_15_codefigurestats/Methods/43_Forcing_Based/1_ERF_FaIR/FaIR_anthro_unB_method.py:89: RuntimeWarning: Mean of empty slice
  return np.nanmean(samp_cur[year_idx-1850, :], axis = 1)
/oscar/data/deeps/private/bfoxkemp/jnickla1/Thorne_15_codefigurestats/Methods/43_Forcing_Based/1_ERF_FaIR/FaIR_nonat_method.py:68: RuntimeWarning: Mean of empty slice
  return np.nanmean(samp_cur[year_idx-1850, :], axis = 1)
/oscar/data/deeps/private/bfoxkemp/jnickla1/Thorne_15_codefigurestats/Methods/43_Forcing_Based/1_ERF_FaIR/FaIR_nonat_unB_method.py:92: RuntimeWarning: Mean of empty slice
  return np.nanmean(samp_cur[year_idx-1850, :], axis = 1)
/oscar/data/deeps/private/bfoxkemp/jnickla1/Thorne_15_codefigurestats/Methods/43_Forcing_Based/1_ERF_FaIR/FaIR_all_method.py:68: RuntimeWarning: Mean of empty slice
  return np.nanmean(samp_cur[year_idx-1850, :], axis = 1)
/oscar/data/deeps/private/bfoxkemp/jnickla1/Thorne_15_codefigurestats/Methods/43_Forcing_Based/1_ERF_FaIR/FaIR_anthro_unB_method.py:89: RuntimeWarning: Mean of empty slice
  return np.nanmean(samp_cur[year_idx-1850, :], axis = 1)
/oscar/data/deeps/private/bfoxkemp/jnickla1/Thorne_15_codefigurestats/Methods/43_Forcing_Based/1_ERF_FaIR/FaIR_all_unB_method.py:90: RuntimeWarning: Mean of empty slice
  return np.nanmean(samp_cur[year_idx-1850, :], axis = 1)
/oscar/data/deeps/private/bfoxkemp/jnickla1/Thorne_15_codefigurestats/Methods/43_Forcing_Based/1_ERF_FaIR/FaIR_comb_unB_method.py:153: RuntimeWarning: Mean of empty slice
  return np.nanmean(samp_cur[year_idx-1850, :], axis = 1)
/oscar/data/deeps/private/bfoxkemp/jnickla1/Thorne_15_codefigurestats/Methods/43_Forcing_Based/1_ERF_FaIR/FaIR_comb_unB_method.py:153: RuntimeWarning: Mean of empty slice
  return np.nanmean(samp_cur[year_idx-1850, :], axis = 1)
/oscar/data/deeps/private/bfoxkemp/jnickla1/Thorne_15_codefigurestats/Methods/43_Forcing_Based/1_ERF_FaIR/FaIR_anthro_method.py:67: RuntimeWarning: Mean of empty slice
  return np.nanmean(samp_cur[year_idx-1850, :], axis = 1)
/oscar/data/deeps/private/bfoxkemp/jnickla1/Thorne_15_codefigurestats/Methods/43_Forcing_Based/1_ERF_FaIR/FaIR_nonat_method.py:68: RuntimeWarning: Mean of empty slice
  return np.nanmean(samp_cur[year_idx-1850, :], axis = 1)
/oscar/data/deeps/private/bfoxkemp/jnickla1/Thorne_15_codefigurestats/Methods/43_Forcing_Based/1_ERF_FaIR/FaIR_nonat_unB_method.py:92: RuntimeWarning: Mean of empty slice
  return np.nanmean(samp_cur[year_idx-1850, :], axis = 1)
/oscar/data/deeps/private/bfoxkemp/jnickla1/Thorne_15_codefigurestats/Methods/43_Forcing_Based/1_ERF_FaIR/FaIR_anthro_unB_method.py:89: RuntimeWarning: Mean of empty slice
  return np.nanmean(samp_cur[year_idx-1850, :], axis = 1)
/oscar/data/deeps/private/bfoxkemp/jnickla1/Thorne_15_codefigurestats/Methods/43_Forcing_Based/1_ERF_FaIR/FaIR_nonat_method.py:68: RuntimeWarning: Mean of empty slice
  return np.nanmean(samp_cur[year_idx-1850, :], axis = 1)
/oscar/data/deeps/private/bfoxkemp/jnickla1/Thorne_15_codefigurestats/Methods/43_Forcing_Based/1_ERF_FaIR/FaIR_nonat_unB_method.py:92: RuntimeWarning: Mean of empty slice
  return np.nanmean(samp_cur[year_idx-1850, :], axis = 1)
/oscar/data/deeps/private/bfoxkemp/jnickla1/Thorne_15_codefigurestats/Methods/43_Forcing_Based/1_ERF_FaIR/FaIR_all_method.py:68: RuntimeWarning: Mean of empty slice
  return np.nanmean(samp_cur[year_idx-1850, :], axis = 1)
/oscar/data/deeps/private/bfoxkemp/jnickla1/Thorne_15_codefigurestats/Methods/43_Forcing_Based/1_ERF_FaIR/FaIR_all_unB_method.py:90: RuntimeWarning: Mean of empty slice
  return np.nanmean(samp_cur[year_idx-1850, :], axis = 1)
/oscar/data/deeps/private/bfoxkemp/jnickla1/Thorne_15_codefigurestats/Methods/43_Forcing_Based/1_ERF_FaIR/FaIR_comb_unB_method.py:153: RuntimeWarning: Mean of empty slice
  return np.nanmean(samp_cur[year_idx-1850, :], axis = 1)
/oscar/data/deeps/private/bfoxkemp/jnickla1/Thorne_15_codefigurestats/Methods/43_Forcing_Based/1_ERF_FaIR/FaIR_anthro_method.py:67: RuntimeWarning: Mean of empty slice
  return np.nanmean(samp_cur[year_idx-1850, :], axis = 1)
/oscar/data/deeps/private/bfoxkemp/jnickla1/Thorne_15_codefigurestats/Methods/43_Forcing_Based/1_ERF_FaIR/FaIR_anthro_unB_method.py:89: RuntimeWarning: Mean of empty slice
  return np.nanmean(samp_cur[year_idx-1850, :], axis = 1)
/oscar/data/deeps/private/bfoxkemp/jnickla1/Thorne_15_codefigurestats/Methods/43_Forcing_Based/1_ERF_FaIR/FaIR_nonat_method.py:68: RuntimeWarning: Mean of empty slice
  return np.nanmean(samp_cur[year_idx-1850, :], axis = 1)
/oscar/data/deeps/private/bfoxkemp/jnickla1/Thorne_15_codefigurestats/Methods/43_Forcing_Based/1_ERF_FaIR/FaIR_nonat_unB_method.py:92: RuntimeWarning: Mean of empty slice
  return np.nanmean(samp_cur[year_idx-1850, :], axis = 1)
/oscar/data/deeps/private/bfoxkemp/jnickla1/Thorne_15_codefigurestats/Methods/43_Forcing_Based/1_ERF_FaIR/FaIR_all_method.py:68: RuntimeWarning: Mean of empty slice
  return np.nanmean(samp_cur[year_idx-1850, :], axis = 1)
/oscar/data/deeps/private/bfoxkemp/jnickla1/Thorne_15_codefigurestats/Methods/43_Forcing_Based/1_ERF_FaIR/FaIR_all_unB_method.py:90: RuntimeWarning: Mean of empty slice
  return np.nanmean(samp_cur[year_idx-1850, :], axis = 1)
/oscar/data/deeps/private/bfoxkemp/jnickla1/Thorne_15_codefigurestats/Methods/43_Forcing_Based/1_ERF_FaIR/FaIR_comb_unB_method.py:153: RuntimeWarning: Mean of empty slice
  return np.nanmean(samp_cur[year_idx-1850, :], axis = 1)
/oscar/data/deeps/private/bfoxkemp/jnickla1/Thorne_15_codefigurestats/Methods/43_Forcing_Based/1_ERF_FaIR/FaIR_anthro_unB_method.py:89: RuntimeWarning: Mean of empty slice
  return np.nanmean(samp_cur[year_idx-1850, :], axis = 1)
/users/jnickla1/.conda/envs/cleanpy/lib/python3.13/site-packages/numpy/lib/_nanfunctions_impl.py:2019: RuntimeWarning: Degrees of freedom <= 0 for slice.
  var = nanvar(a, axis=axis, dtype=dtype, out=out, ddof=ddof,
/oscar/data/deeps/private/bfoxkemp/jnickla1/Thorne_15_codefigurestats/Methods/43_Forcing_Based/1_ERF_FaIR/FaIR_anthro_unB_method.py:117: RuntimeWarning: Mean of empty slice
  cdist = np.nanmean(dist)
/oscar/data/deeps/private/bfoxkemp/jnickla1/Thorne_15_codefigurestats/Methods/43_Forcing_Based/1_ERF_FaIR/FaIR_anthro_method.py:67: RuntimeWarning: Mean of empty slice
  return np.nanmean(samp_cur[year_idx-1850, :], axis = 1)
/users/jnickla1/.conda/envs/cleanpy/lib/python3.13/site-packages/numpy/lib/_nanfunctions_impl.py:2019: RuntimeWarning: Degrees of freedom <= 0 for slice.
  var = nanvar(a, axis=axis, dtype=dtype, out=out, ddof=ddof,
/oscar/data/deeps/private/bfoxkemp/jnickla1/Thorne_15_codefigurestats/Methods/43_Forcing_Based/1_ERF_FaIR/FaIR_anthro_method.py:95: RuntimeWarning: Mean of empty slice
  cdist = np.nanmean(dist)
/oscar/data/deeps/private/bfoxkemp/jnickla1/Thorne_15_codefigurestats/Methods/43_Forcing_Based/1_ERF_FaIR/FaIR_anthro_unB_method.py:89: RuntimeWarning: Mean of empty slice
  return np.nanmean(samp_cur[year_idx-1850, :], axis = 1)
/users/jnickla1/.conda/envs/cleanpy/lib/python3.13/site-packages/numpy/lib/_nanfunctions_impl.py:2019: RuntimeWarning: Degrees of freedom <= 0 for slice.
  var = nanvar(a, axis=axis, dtype=dtype, out=out, ddof=ddof,
/oscar/data/deeps/private/bfoxkemp/jnickla1/Thorne_15_codefigurestats/Methods/43_Forcing_Based/1_ERF_FaIR/FaIR_anthro_unB_method.py:117: RuntimeWarning: Mean of empty slice
  cdist = np.nanmean(dist)
/oscar/data/deeps/private/bfoxkemp/jnickla1/Thorne_15_codefigurestats/Methods/43_Forcing_Based/1_ERF_FaIR/FaIR_anthro_method.py:67: RuntimeWarning: Mean of empty slice
  return np.nanmean(samp_cur[year_idx-1850, :], axis = 1)
/users/jnickla1/.conda/envs/cleanpy/lib/python3.13/site-packages/numpy/lib/_nanfunctions_impl.py:2019: RuntimeWarning: Degrees of freedom <= 0 for slice.
  var = nanvar(a, axis=axis, dtype=dtype, out=out, ddof=ddof,
/oscar/data/deeps/private/bfoxkemp/jnickla1/Thorne_15_codefigurestats/Methods/43_Forcing_Based/1_ERF_FaIR/FaIR_anthro_method.py:95: RuntimeWarning: Mean of empty slice
  cdist = np.nanmean(dist)
/oscar/data/deeps/private/bfoxkemp/jnickla1/Thorne_15_codefigurestats/Methods/43_Forcing_Based/1_ERF_FaIR/FaIR_anthro_method.py:67: RuntimeWarning: Mean of empty slice
  return np.nanmean(samp_cur[year_idx-1850, :], axis = 1)
/users/jnickla1/.conda/envs/cleanpy/lib/python3.13/site-packages/numpy/lib/_nanfunctions_impl.py:2019: RuntimeWarning: Degrees of freedom <= 0 for slice.
  var = nanvar(a, axis=axis, dtype=dtype, out=out, ddof=ddof,
/oscar/data/deeps/private/bfoxkemp/jnickla1/Thorne_15_codefigurestats/Methods/43_Forcing_Based/1_ERF_FaIR/FaIR_anthro_method.py:95: RuntimeWarning: Mean of empty slice
  cdist = np.nanmean(dist)
/oscar/data/deeps/private/bfoxkemp/jnickla1/Thorne_15_codefigurestats/fut_evaluation_script.py:427: RuntimeWarning: Mean of empty slice
  evalmean = np.nanmean(diffcross) #if crossing multiple times take the mean
/oscar/data/deeps/private/bfoxkemp/jnickla1/Thorne_15_codefigurestats/fut_evaluation_script.py:464: RuntimeWarning: Mean of empty slice
  evalmean = np.nanmean(diffcrossE) #if crossing multiple times take the mean
/oscar/data/deeps/private/bfoxkemp/jnickla1/Thorne_15_codefigurestats/Methods/43_Forcing_Based/1_ERF_FaIR/FaIR_anthro_unB_method.py:89: RuntimeWarning: Mean of empty slice
  return np.nanmean(samp_cur[year_idx-1850, :], axis = 1)
/oscar/data/deeps/private/bfoxkemp/jnickla1/Thorne_15_codefigurestats/Methods/43_Forcing_Based/1_ERF_FaIR/FaIR_nonat_method.py:68: RuntimeWarning: Mean of empty slice
  return np.nanmean(samp_cur[year_idx-1850, :], axis = 1)
/users/jnickla1/.conda/envs/cleanpy/lib/python3.13/site-packages/numpy/lib/_nanfunctions_impl.py:2019: RuntimeWarning: Degrees of freedom <= 0 for slice.
  var = nanvar(a, axis=axis, dtype=dtype, out=out, ddof=ddof,
/oscar/data/deeps/private/bfoxkemp/jnickla1/Thorne_15_codefigurestats/Methods/43_Forcing_Based/1_ERF_FaIR/FaIR_nonat_method.py:96: RuntimeWarning: Mean of empty slice
  cdist = np.nanmean(dist)
/users/jnickla1/.conda/envs/cleanpy/lib/python3.13/site-packages/numpy/lib/_nanfunctions_impl.py:2019: RuntimeWarning: Degrees of freedom <= 0 for slice.
  var = nanvar(a, axis=axis, dtype=dtype, out=out, ddof=ddof,
/oscar/data/deeps/private/bfoxkemp/jnickla1/Thorne_15_codefigurestats/Methods/43_Forcing_Based/1_ERF_FaIR/FaIR_anthro_unB_method.py:117: RuntimeWarning: Mean of empty slice
  cdist = np.nanmean(dist)
/oscar/data/deeps/private/bfoxkemp/jnickla1/Thorne_15_codefigurestats/Methods/43_Forcing_Based/1_ERF_FaIR/FaIR_anthro_unB_method.py:89: RuntimeWarning: Mean of empty slice
  return np.nanmean(samp_cur[year_idx-1850, :], axis = 1)
/users/jnickla1/.conda/envs/cleanpy/lib/python3.13/site-packages/numpy/lib/_nanfunctions_impl.py:2019: RuntimeWarning: Degrees of freedom <= 0 for slice.
  var = nanvar(a, axis=axis, dtype=dtype, out=out, ddof=ddof,
/oscar/data/deeps/private/bfoxkemp/jnickla1/Thorne_15_codefigurestats/Methods/43_Forcing_Based/1_ERF_FaIR/FaIR_anthro_unB_method.py:117: RuntimeWarning: Mean of empty slice
  cdist = np.nanmean(dist)
/oscar/data/deeps/private/bfoxkemp/jnickla1/Thorne_15_codefigurestats/Methods/43_Forcing_Based/1_ERF_FaIR/FaIR_nonat_method.py:68: RuntimeWarning: Mean of empty slice
  return np.nanmean(samp_cur[year_idx-1850, :], axis = 1)
/users/jnickla1/.conda/envs/cleanpy/lib/python3.13/site-packages/numpy/lib/_nanfunctions_impl.py:2019: RuntimeWarning: Degrees of freedom <= 0 for slice.
  var = nanvar(a, axis=axis, dtype=dtype, out=out, ddof=ddof,
/oscar/data/deeps/private/bfoxkemp/jnickla1/Thorne_15_codefigurestats/Methods/43_Forcing_Based/1_ERF_FaIR/FaIR_nonat_method.py:96: RuntimeWarning: Mean of empty slice
  cdist = np.nanmean(dist)
/oscar/data/deeps/private/bfoxkemp/jnickla1/Thorne_15_codefigurestats/fut_evaluation_script.py:427: RuntimeWarning: Mean of empty slice
  evalmean = np.nanmean(diffcross) #if crossing multiple times take the mean
/oscar/data/deeps/private/bfoxkemp/jnickla1/Thorne_15_codefigurestats/fut_evaluation_script.py:464: RuntimeWarning: Mean of empty slice
  evalmean = np.nanmean(diffcrossE) #if crossing multiple times take the mean
/oscar/data/deeps/private/bfoxkemp/jnickla1/Thorne_15_codefigurestats/fut_evaluation_script.py:464: RuntimeWarning: Mean of empty slice
  evalmean = np.nanmean(diffcrossE) #if crossing multiple times take the mean
/oscar/data/deeps/private/bfoxkemp/jnickla1/Thorne_15_codefigurestats/Methods/43_Forcing_Based/1_ERF_FaIR/FaIR_anthro_unB_method.py:89: RuntimeWarning: Mean of empty slice
  return np.nanmean(samp_cur[year_idx-1850, :], axis = 1)
/users/jnickla1/.conda/envs/cleanpy/lib/python3.13/site-packages/numpy/lib/_nanfunctions_impl.py:2019: RuntimeWarning: Degrees of freedom <= 0 for slice.
  var = nanvar(a, axis=axis, dtype=dtype, out=out, ddof=ddof,
/oscar/data/deeps/private/bfoxkemp/jnickla1/Thorne_15_codefigurestats/Methods/43_Forcing_Based/1_ERF_FaIR/FaIR_anthro_unB_method.py:117: RuntimeWarning: Mean of empty slice
  cdist = np.nanmean(dist)
/oscar/data/deeps/private/bfoxkemp/jnickla1/Thorne_15_codefigurestats/Methods/43_Forcing_Based/1_ERF_FaIR/FaIR_nonat_method.py:68: RuntimeWarning: Mean of empty slice
  return np.nanmean(samp_cur[year_idx-1850, :], axis = 1)
/users/jnickla1/.conda/envs/cleanpy/lib/python3.13/site-packages/numpy/lib/_nanfunctions_impl.py:2019: RuntimeWarning: Degrees of freedom <= 0 for slice.
  var = nanvar(a, axis=axis, dtype=dtype, out=out, ddof=ddof,
/oscar/data/deeps/private/bfoxkemp/jnickla1/Thorne_15_codefigurestats/Methods/43_Forcing_Based/1_ERF_FaIR/FaIR_nonat_method.py:96: RuntimeWarning: Mean of empty slice
  cdist = np.nanmean(dist)
/oscar/data/deeps/private/bfoxkemp/jnickla1/Thorne_15_codefigurestats/Methods/43_Forcing_Based/1_ERF_FaIR/FaIR_nonat_unB_method.py:92: RuntimeWarning: Mean of empty slice
  return np.nanmean(samp_cur[year_idx-1850, :], axis = 1)
/users/jnickla1/.conda/envs/cleanpy/lib/python3.13/site-packages/numpy/lib/_nanfunctions_impl.py:2019: RuntimeWarning: Degrees of freedom <= 0 for slice.
  var = nanvar(a, axis=axis, dtype=dtype, out=out, ddof=ddof,
/oscar/data/deeps/private/bfoxkemp/jnickla1/Thorne_15_codefigurestats/Methods/43_Forcing_Based/1_ERF_FaIR/FaIR_nonat_unB_method.py:120: RuntimeWarning: Mean of empty slice
  cdist = np.nanmean(dist)
/oscar/data/deeps/private/bfoxkemp/jnickla1/Thorne_15_codefigurestats/Methods/43_Forcing_Based/1_ERF_FaIR/FaIR_nonat_method.py:68: RuntimeWarning: Mean of empty slice
  return np.nanmean(samp_cur[year_idx-1850, :], axis = 1)
/oscar/data/deeps/private/bfoxkemp/jnickla1/Thorne_15_codefigurestats/Methods/43_Forcing_Based/1_ERF_FaIR/FaIR_nonat_unB_method.py:92: RuntimeWarning: Mean of empty slice
  return np.nanmean(samp_cur[year_idx-1850, :], axis = 1)
/users/jnickla1/.conda/envs/cleanpy/lib/python3.13/site-packages/numpy/lib/_nanfunctions_impl.py:2019: RuntimeWarning: Degrees of freedom <= 0 for slice.
  var = nanvar(a, axis=axis, dtype=dtype, out=out, ddof=ddof,
/oscar/data/deeps/private/bfoxkemp/jnickla1/Thorne_15_codefigurestats/Methods/43_Forcing_Based/1_ERF_FaIR/FaIR_nonat_unB_method.py:120: RuntimeWarning: Mean of empty slice
  cdist = np.nanmean(dist)
/users/jnickla1/.conda/envs/cleanpy/lib/python3.13/site-packages/numpy/lib/_nanfunctions_impl.py:2019: RuntimeWarning: Degrees of freedom <= 0 for slice.
  var = nanvar(a, axis=axis, dtype=dtype, out=out, ddof=ddof,
/oscar/data/deeps/private/bfoxkemp/jnickla1/Thorne_15_codefigurestats/Methods/43_Forcing_Based/1_ERF_FaIR/FaIR_nonat_method.py:96: RuntimeWarning: Mean of empty slice
  cdist = np.nanmean(dist)
/oscar/data/deeps/private/bfoxkemp/jnickla1/Thorne_15_codefigurestats/fut_evaluation_script.py:427: RuntimeWarning: Mean of empty slice
  evalmean = np.nanmean(diffcross) #if crossing multiple times take the mean
/oscar/data/deeps/private/bfoxkemp/jnickla1/Thorne_15_codefigurestats/fut_evaluation_script.py:464: RuntimeWarning: Mean of empty slice
  evalmean = np.nanmean(diffcrossE) #if crossing multiple times take the mean
/oscar/data/deeps/private/bfoxkemp/jnickla1/Thorne_15_codefigurestats/Methods/43_Forcing_Based/1_ERF_FaIR/FaIR_nonat_unB_method.py:92: RuntimeWarning: Mean of empty slice
  return np.nanmean(samp_cur[year_idx-1850, :], axis = 1)
/users/jnickla1/.conda/envs/cleanpy/lib/python3.13/site-packages/numpy/lib/_nanfunctions_impl.py:2019: RuntimeWarning: Degrees of freedom <= 0 for slice.
  var = nanvar(a, axis=axis, dtype=dtype, out=out, ddof=ddof,
/oscar/data/deeps/private/bfoxkemp/jnickla1/Thorne_15_codefigurestats/Methods/43_Forcing_Based/1_ERF_FaIR/FaIR_nonat_unB_method.py:120: RuntimeWarning: Mean of empty slice
  cdist = np.nanmean(dist)
/oscar/data/deeps/private/bfoxkemp/jnickla1/Thorne_15_codefigurestats/Methods/43_Forcing_Based/1_ERF_FaIR/FaIR_all_method.py:68: RuntimeWarning: Mean of empty slice
  return np.nanmean(samp_cur[year_idx-1850, :], axis = 1)
/users/jnickla1/.conda/envs/cleanpy/lib/python3.13/site-packages/numpy/lib/_nanfunctions_impl.py:2019: RuntimeWarning: Degrees of freedom <= 0 for slice.
  var = nanvar(a, axis=axis, dtype=dtype, out=out, ddof=ddof,
/oscar/data/deeps/private/bfoxkemp/jnickla1/Thorne_15_codefigurestats/Methods/43_Forcing_Based/1_ERF_FaIR/FaIR_all_method.py:96: RuntimeWarning: Mean of empty slice
  cdist = np.nanmean(dist)
/oscar/data/deeps/private/bfoxkemp/jnickla1/Thorne_15_codefigurestats/fut_evaluation_script.py:427: RuntimeWarning: Mean of empty slice
  evalmean = np.nanmean(diffcross) #if crossing multiple times take the mean
/oscar/data/deeps/private/bfoxkemp/jnickla1/Thorne_15_codefigurestats/Methods/43_Forcing_Based/1_ERF_FaIR/FaIR_nonat_unB_method.py:92: RuntimeWarning: Mean of empty slice
  return np.nanmean(samp_cur[year_idx-1850, :], axis = 1)
/users/jnickla1/.conda/envs/cleanpy/lib/python3.13/site-packages/numpy/lib/_nanfunctions_impl.py:2019: RuntimeWarning: Degrees of freedom <= 0 for slice.
  var = nanvar(a, axis=axis, dtype=dtype, out=out, ddof=ddof,
/oscar/data/deeps/private/bfoxkemp/jnickla1/Thorne_15_codefigurestats/Methods/43_Forcing_Based/1_ERF_FaIR/FaIR_nonat_unB_method.py:120: RuntimeWarning: Mean of empty slice
  cdist = np.nanmean(dist)
/oscar/data/deeps/private/bfoxkemp/jnickla1/Thorne_15_codefigurestats/fut_evaluation_script.py:464: RuntimeWarning: Mean of empty slice
  evalmean = np.nanmean(diffcrossE) #if crossing multiple times take the mean
/oscar/data/deeps/private/bfoxkemp/jnickla1/Thorne_15_codefigurestats/Methods/43_Forcing_Based/1_ERF_FaIR/FaIR_all_method.py:68: RuntimeWarning: Mean of empty slice
  return np.nanmean(samp_cur[year_idx-1850, :], axis = 1)
/users/jnickla1/.conda/envs/cleanpy/lib/python3.13/site-packages/numpy/lib/_nanfunctions_impl.py:2019: RuntimeWarning: Degrees of freedom <= 0 for slice.
  var = nanvar(a, axis=axis, dtype=dtype, out=out, ddof=ddof,
/oscar/data/deeps/private/bfoxkemp/jnickla1/Thorne_15_codefigurestats/Methods/43_Forcing_Based/1_ERF_FaIR/FaIR_all_method.py:96: RuntimeWarning: Mean of empty slice
  cdist = np.nanmean(dist)
/oscar/data/deeps/private/bfoxkemp/jnickla1/Thorne_15_codefigurestats/Methods/43_Forcing_Based/1_ERF_FaIR/FaIR_nonat_method.py:68: RuntimeWarning: Mean of empty slice
  return np.nanmean(samp_cur[year_idx-1850, :], axis = 1)
/users/jnickla1/.conda/envs/cleanpy/lib/python3.13/site-packages/numpy/lib/_nanfunctions_impl.py:2019: RuntimeWarning: Degrees of freedom <= 0 for slice.
  var = nanvar(a, axis=axis, dtype=dtype, out=out, ddof=ddof,
/oscar/data/deeps/private/bfoxkemp/jnickla1/Thorne_15_codefigurestats/Methods/43_Forcing_Based/1_ERF_FaIR/FaIR_nonat_method.py:96: RuntimeWarning: Mean of empty slice
  cdist = np.nanmean(dist)
/oscar/data/deeps/private/bfoxkemp/jnickla1/Thorne_15_codefigurestats/fut_evaluation_script.py:427: RuntimeWarning: Mean of empty slice
  evalmean = np.nanmean(diffcross) #if crossing multiple times take the mean
/oscar/data/deeps/private/bfoxkemp/jnickla1/Thorne_15_codefigurestats/Methods/43_Forcing_Based/1_ERF_FaIR/FaIR_all_method.py:68: RuntimeWarning: Mean of empty slice
  return np.nanmean(samp_cur[year_idx-1850, :], axis = 1)
/users/jnickla1/.conda/envs/cleanpy/lib/python3.13/site-packages/numpy/lib/_nanfunctions_impl.py:2019: RuntimeWarning: Degrees of freedom <= 0 for slice.
  var = nanvar(a, axis=axis, dtype=dtype, out=out, ddof=ddof,
/oscar/data/deeps/private/bfoxkemp/jnickla1/Thorne_15_codefigurestats/Methods/43_Forcing_Based/1_ERF_FaIR/FaIR_all_method.py:96: RuntimeWarning: Mean of empty slice
  cdist = np.nanmean(dist)
/oscar/data/deeps/private/bfoxkemp/jnickla1/Thorne_15_codefigurestats/fut_evaluation_script.py:464: RuntimeWarning: Mean of empty slice
  evalmean = np.nanmean(diffcrossE) #if crossing multiple times take the mean
/oscar/data/deeps/private/bfoxkemp/jnickla1/Thorne_15_codefigurestats/fut_evaluation_script.py:427: RuntimeWarning: Mean of empty slice
  evalmean = np.nanmean(diffcross) #if crossing multiple times take the mean
/oscar/data/deeps/private/bfoxkemp/jnickla1/Thorne_15_codefigurestats/fut_evaluation_script.py:464: RuntimeWarning: Mean of empty slice
  evalmean = np.nanmean(diffcrossE) #if crossing multiple times take the mean
/oscar/data/deeps/private/bfoxkemp/jnickla1/Thorne_15_codefigurestats/Methods/43_Forcing_Based/1_ERF_FaIR/FaIR_all_method.py:68: RuntimeWarning: Mean of empty slice
  return np.nanmean(samp_cur[year_idx-1850, :], axis = 1)
/users/jnickla1/.conda/envs/cleanpy/lib/python3.13/site-packages/numpy/lib/_nanfunctions_impl.py:2019: RuntimeWarning: Degrees of freedom <= 0 for slice.
  var = nanvar(a, axis=axis, dtype=dtype, out=out, ddof=ddof,
/oscar/data/deeps/private/bfoxkemp/jnickla1/Thorne_15_codefigurestats/Methods/43_Forcing_Based/1_ERF_FaIR/FaIR_all_method.py:96: RuntimeWarning: Mean of empty slice
  cdist = np.nanmean(dist)
/oscar/data/deeps/private/bfoxkemp/jnickla1/Thorne_15_codefigurestats/Methods/43_Forcing_Based/1_ERF_FaIR/FaIR_all_unB_method.py:90: RuntimeWarning: Mean of empty slice
  return np.nanmean(samp_cur[year_idx-1850, :], axis = 1)
/users/jnickla1/.conda/envs/cleanpy/lib/python3.13/site-packages/numpy/lib/_nanfunctions_impl.py:2019: RuntimeWarning: Degrees of freedom <= 0 for slice.
  var = nanvar(a, axis=axis, dtype=dtype, out=out, ddof=ddof,
/oscar/data/deeps/private/bfoxkemp/jnickla1/Thorne_15_codefigurestats/Methods/43_Forcing_Based/1_ERF_FaIR/FaIR_all_unB_method.py:118: RuntimeWarning: Mean of empty slice
  cdist = np.nanmean(dist)
/oscar/data/deeps/private/bfoxkemp/jnickla1/Thorne_15_codefigurestats/Methods/43_Forcing_Based/1_ERF_FaIR/FaIR_all_unB_method.py:90: RuntimeWarning: Mean of empty slice
  return np.nanmean(samp_cur[year_idx-1850, :], axis = 1)
/users/jnickla1/.conda/envs/cleanpy/lib/python3.13/site-packages/numpy/lib/_nanfunctions_impl.py:2019: RuntimeWarning: Degrees of freedom <= 0 for slice.
  var = nanvar(a, axis=axis, dtype=dtype, out=out, ddof=ddof,
/oscar/data/deeps/private/bfoxkemp/jnickla1/Thorne_15_codefigurestats/Methods/43_Forcing_Based/1_ERF_FaIR/FaIR_all_unB_method.py:118: RuntimeWarning: Mean of empty slice
  cdist = np.nanmean(dist)
/oscar/data/deeps/private/bfoxkemp/jnickla1/Thorne_15_codefigurestats/Methods/43_Forcing_Based/1_ERF_FaIR/FaIR_all_unB_method.py:90: RuntimeWarning: Mean of empty slice
  return np.nanmean(samp_cur[year_idx-1850, :], axis = 1)
/users/jnickla1/.conda/envs/cleanpy/lib/python3.13/site-packages/numpy/lib/_nanfunctions_impl.py:2019: RuntimeWarning: Degrees of freedom <= 0 for slice.
  var = nanvar(a, axis=axis, dtype=dtype, out=out, ddof=ddof,
/oscar/data/deeps/private/bfoxkemp/jnickla1/Thorne_15_codefigurestats/Methods/43_Forcing_Based/1_ERF_FaIR/FaIR_all_unB_method.py:118: RuntimeWarning: Mean of empty slice
  cdist = np.nanmean(dist)
/oscar/data/deeps/private/bfoxkemp/jnickla1/Thorne_15_codefigurestats/Methods/43_Forcing_Based/1_ERF_FaIR/FaIR_nonat_unB_method.py:92: RuntimeWarning: Mean of empty slice
  return np.nanmean(samp_cur[year_idx-1850, :], axis = 1)
/users/jnickla1/.conda/envs/cleanpy/lib/python3.13/site-packages/numpy/lib/_nanfunctions_impl.py:2019: RuntimeWarning: Degrees of freedom <= 0 for slice.
  var = nanvar(a, axis=axis, dtype=dtype, out=out, ddof=ddof,
/oscar/data/deeps/private/bfoxkemp/jnickla1/Thorne_15_codefigurestats/Methods/43_Forcing_Based/1_ERF_FaIR/FaIR_nonat_unB_method.py:120: RuntimeWarning: Mean of empty slice
  cdist = np.nanmean(dist)
/oscar/data/deeps/private/bfoxkemp/jnickla1/Thorne_15_codefigurestats/fut_evaluation_script.py:464: RuntimeWarning: Mean of empty slice
  evalmean = np.nanmean(diffcrossE) #if crossing multiple times take the mean
/oscar/data/deeps/private/bfoxkemp/jnickla1/Thorne_15_codefigurestats/fut_evaluation_script.py:427: RuntimeWarning: Mean of empty slice
  evalmean = np.nanmean(diffcross) #if crossing multiple times take the mean
/oscar/data/deeps/private/bfoxkemp/jnickla1/Thorne_15_codefigurestats/fut_evaluation_script.py:464: RuntimeWarning: Mean of empty slice
  evalmean = np.nanmean(diffcrossE) #if crossing multiple times take the mean
/oscar/data/deeps/private/bfoxkemp/jnickla1/Thorne_15_codefigurestats/Methods/43_Forcing_Based/1_ERF_FaIR/FaIR_comb_unB_method.py:153: RuntimeWarning: Mean of empty slice
  return np.nanmean(samp_cur[year_idx-1850, :], axis = 1)
/users/jnickla1/.conda/envs/cleanpy/lib/python3.13/site-packages/numpy/lib/_nanfunctions_impl.py:2019: RuntimeWarning: Degrees of freedom <= 0 for slice.
  var = nanvar(a, axis=axis, dtype=dtype, out=out, ddof=ddof,
/oscar/data/deeps/private/bfoxkemp/jnickla1/Thorne_15_codefigurestats/Methods/43_Forcing_Based/1_ERF_FaIR/FaIR_comb_unB_method.py:181: RuntimeWarning: Mean of empty slice
  cdist = np.nanmean(dist)
/oscar/data/deeps/private/bfoxkemp/jnickla1/Thorne_15_codefigurestats/Methods/43_Forcing_Based/1_ERF_FaIR/FaIR_all_unB_method.py:90: RuntimeWarning: Mean of empty slice
  return np.nanmean(samp_cur[year_idx-1850, :], axis = 1)
/users/jnickla1/.conda/envs/cleanpy/lib/python3.13/site-packages/numpy/lib/_nanfunctions_impl.py:2019: RuntimeWarning: Degrees of freedom <= 0 for slice.
  var = nanvar(a, axis=axis, dtype=dtype, out=out, ddof=ddof,
/oscar/data/deeps/private/bfoxkemp/jnickla1/Thorne_15_codefigurestats/Methods/43_Forcing_Based/1_ERF_FaIR/FaIR_all_unB_method.py:118: RuntimeWarning: Mean of empty slice
  cdist = np.nanmean(dist)
/oscar/data/deeps/private/bfoxkemp/jnickla1/Thorne_15_codefigurestats/Methods/43_Forcing_Based/1_ERF_FaIR/FaIR_comb_unB_method.py:153: RuntimeWarning: Mean of empty slice
  return np.nanmean(samp_cur[year_idx-1850, :], axis = 1)
/users/jnickla1/.conda/envs/cleanpy/lib/python3.13/site-packages/numpy/lib/_nanfunctions_impl.py:2019: RuntimeWarning: Degrees of freedom <= 0 for slice.
  var = nanvar(a, axis=axis, dtype=dtype, out=out, ddof=ddof,
/oscar/data/deeps/private/bfoxkemp/jnickla1/Thorne_15_codefigurestats/Methods/43_Forcing_Based/1_ERF_FaIR/FaIR_comb_unB_method.py:181: RuntimeWarning: Mean of empty slice
  cdist = np.nanmean(dist)
/oscar/data/deeps/private/bfoxkemp/jnickla1/Thorne_15_codefigurestats/Methods/43_Forcing_Based/1_ERF_FaIR/FaIR_comb_unB_method.py:153: RuntimeWarning: Mean of empty slice
  return np.nanmean(samp_cur[year_idx-1850, :], axis = 1)
/users/jnickla1/.conda/envs/cleanpy/lib/python3.13/site-packages/numpy/lib/_nanfunctions_impl.py:2019: RuntimeWarning: Degrees of freedom <= 0 for slice.
  var = nanvar(a, axis=axis, dtype=dtype, out=out, ddof=ddof,
/oscar/data/deeps/private/bfoxkemp/jnickla1/Thorne_15_codefigurestats/Methods/43_Forcing_Based/1_ERF_FaIR/FaIR_comb_unB_method.py:181: RuntimeWarning: Mean of empty slice
  cdist = np.nanmean(dist)
/oscar/data/deeps/private/bfoxkemp/jnickla1/Thorne_15_codefigurestats/fut_evaluation_script.py:427: RuntimeWarning: Mean of empty slice
  evalmean = np.nanmean(diffcross) #if crossing multiple times take the mean
/oscar/data/deeps/private/bfoxkemp/jnickla1/Thorne_15_codefigurestats/fut_evaluation_script.py:464: RuntimeWarning: Mean of empty slice
  evalmean = np.nanmean(diffcrossE) #if crossing multiple times take the mean
/oscar/data/deeps/private/bfoxkemp/jnickla1/Thorne_15_codefigurestats/fut_evaluation_script.py:464: RuntimeWarning: Mean of empty slice
  evalmean = np.nanmean(diffcrossE) #if crossing multiple times take the mean
/oscar/data/deeps/private/bfoxkemp/jnickla1/Thorne_15_codefigurestats/Methods/43_Forcing_Based/1_ERF_FaIR/FaIR_all_method.py:68: RuntimeWarning: Mean of empty slice
  return np.nanmean(samp_cur[year_idx-1850, :], axis = 1)
/users/jnickla1/.conda/envs/cleanpy/lib/python3.13/site-packages/numpy/lib/_nanfunctions_impl.py:2019: RuntimeWarning: Degrees of freedom <= 0 for slice.
  var = nanvar(a, axis=axis, dtype=dtype, out=out, ddof=ddof,
/oscar/data/deeps/private/bfoxkemp/jnickla1/Thorne_15_codefigurestats/Methods/43_Forcing_Based/1_ERF_FaIR/FaIR_all_method.py:96: RuntimeWarning: Mean of empty slice
  cdist = np.nanmean(dist)
starting computation for fut_NorESM_RCP45_Volc
max_runs33
Model number:
32




Methods/42_Temp_Alone/1_Run_Means/cent10y_method.py
Methods/42_Temp_Alone/1_Run_Means/cent20y_method.py
Methods/42_Temp_Alone/1_Run_Means/cent21y_method.py
Methods/42_Temp_Alone/1_Run_Means/cent30y_method.py
Methods/42_Temp_Alone/1_Run_Means/lag10y_method.py
Methods/42_Temp_Alone/1_Run_Means/lag5y_method.py
Methods/42_Temp_Alone/1_Run_Means/offset11y_method.py
Methods/42_Temp_Alone/1_Run_Means/raw1y_method.py
Methods/43_Forcing_Based/1_ERF_FaIR/FaIR_all_method.py
Methods/43_Forcing_Based/1_ERF_FaIR/FaIR_all_unB_method.py
Methods/43_Forcing_Based/1_ERF_FaIR/FaIR_anthro_method.py
Methods/43_Forcing_Based/1_ERF_FaIR/FaIR_anthro_unB_method.py
Methods/43_Forcing_Based/1_ERF_FaIR/FaIR_comb_unB_method.py
Methods/43_Forcing_Based/1_ERF_FaIR/FaIR_nonat_method.py
Methods/43_Forcing_Based/1_ERF_FaIR/FaIR_nonat_unB_method.py
evaluating 12 of 0.1C thresholds, starting at 1.1C
11
FaIR_anthro sampled, d llike: -0.047736507189076904
FaIR_anthro sampled, d llike: -52.11768835650969
FaIR_anthro_unB sampled, d llike: 0.0842262033931479
FaIR_anthro_unB sampled, d llike: -54.00371374288953
FaIR_nonat sampled, d llike: 0.03641766976605654
FaIR_nonat sampled, d llike: 0.14664375258396722
FaIR_nonat_unB sampled, d llike: 0.0670731859710691
FaIR_nonat_unB sampled, d llike: 0.1324040507737949
FaIR_all sampled, d llike: -18108.19924316526
FaIR_all sampled, d llike: -0.03813155089487985
FaIR_all_unB sampled, d llike: -1.4427297685639693
FaIR_all_unB sampled, d llike: 0.09107862280481344
FaIR_comb_unB sampled, d llike: -0.1390591436125033
FaIR_comb_unB sampled, d llike: -0.3489980464318183
        method_name    method_class c/r  smooth_r  avg_unc.(1se)  #q<0.5  #q<0.1    log-likeli       RMS      bias        tlog-l      100log-l    100RMS     75RMS   100bias            l15           l20    bias50    Edyrs15    Edyrs20    Mdyrs15    Mdyrs20   Fdyrs15    Fdyrs20     EdyrsA    RMSyrsA  ncEdyrs     e100log-l   e100RMS    e75RMS  e100bias           el15          el20   ebias50   eEdyrs15   eEdyrs20   eMdyrs15   eMdyrs20  eFdyrs15   eFdyrs20    eEdyrsA   eRMSyrsA  nceEdyrs
21    FaIR_comb_unB   43/1_ERF_FaIR   c     3.991       0.077920      77       0     -0.210547  0.137785 -0.065833 -3.284540e+01  1.162387e+02  0.064245  0.072341  0.026476   2.835768e+00  4.222465e+00  0.015249  -3.250000   1.166667  -3.250000   7.583333 -3.250000  -5.250000  -1.166667   3.093779     16.0 -2.746488e+00  0.135259  0.157835 -0.061893   2.884230e+00  7.326466e-01 -0.178578  -3.083333  13.333333  -3.083333  19.750000 -3.083333   6.916667   5.814103   5.814103      16.0
9       FaIR_anthro   43/1_ERF_FaIR   c     1.782       0.094402      80      33     -0.395096  0.150967 -0.106968 -6.321534e+01  1.003869e+02  0.056796  0.041102 -0.022771   2.968872e+00  3.133934e+00  0.013868   1.333333   0.666667   1.333333   0.666667  1.333333   0.666667   2.031250   3.351189     13.0  4.605795e+01  0.133332  0.148138 -0.111140   2.963832e+00  1.041614e+00 -0.179959   1.500000  12.833333   1.500000  12.833333  1.500000  12.833333   8.785256   8.785256      12.0
15   FaIR_nonat_unB   43/1_ERF_FaIR   c     2.776       0.089702     101       0      0.229194  0.142234 -0.042318  3.667104e+01  9.629836e+01  0.086287  0.099145  0.069741   2.879360e+00  3.077407e+00  0.110180  -3.000000  -5.500000  -3.000000  -5.500000 -3.000000  -5.500000  -4.631944   5.998505     13.0  1.023801e+02  0.070527  0.080159 -0.018628   2.922896e+00  2.095639e+00 -0.083647  -2.833333   6.666667  -2.833333   6.666667 -2.833333   6.666667   1.762821   1.762821      14.0
11  FaIR_anthro_unB   43/1_ERF_FaIR   c     2.004       0.094355      94      32     -0.368824  0.159203 -0.053708 -5.901177e+01  9.428541e+01  0.088106  0.100152  0.071931   2.612880e+00  3.082398e+00  0.106760  -3.083333  -5.416667  -3.083333  -5.416667 -3.083333  -5.416667  -4.520833   5.927855     12.0  9.711893e+01  0.076859  0.086539 -0.016438   2.639810e+00  2.557773e+00 -0.087068  -2.916667   6.750000  -2.916667   6.750000 -2.916667   6.750000   1.942308   1.942308      13.0
13       FaIR_nonat   43/1_ERF_FaIR   c     2.513       0.112014      63       0      0.437385  0.140754 -0.104968  6.998152e+01  9.273364e+01  0.059173  0.044710 -0.032870   2.884039e+00  2.901841e+00  0.005300   2.666667   3.958333   2.666667   7.166667  2.666667   0.750000   2.611111   3.903606     14.0  4.624230e+01  0.139931  0.156081 -0.121239   2.879294e+00  8.438379e-01 -0.188527   2.833333  16.125000   2.833333  19.333333  2.833333  12.916667   9.326923   9.326923      13.0
8         offset11y  42/1_Run_Means   c     2.671       0.039704     155     114     -0.982268  0.093735  0.065402 -2.259217e+02  2.388921e+01  0.084708  0.098160  0.029872   9.326859e+00  2.111633e-08  0.047162  -0.833333   3.666667  -0.833333  12.083333 -0.833333  -4.750000  -1.534722   3.956140     17.0  6.252128e+01  0.127976  0.149577 -0.058497   9.735950e+00  5.635033e-02 -0.146665  -0.666667   7.416667  -0.666667   7.416667 -0.666667   7.416667   3.480769   3.480769      17.0
2             raw1y  42/1_Run_Means   c    32.758       0.149771       6       4      0.517178  0.141157 -0.000090  1.189510e+02  1.500914e+01  0.187871  0.214587  0.004501   2.452606e+00  1.822302e+00 -0.009502   4.291667  -2.866667  22.083333 -21.000000 -6.833333 -21.000000  -0.465046   5.973605     47.4 -2.488764e+01  0.231549  0.267446 -0.083868   2.473652e+00  1.950945e-01 -0.203330   4.458333   1.500000  22.250000  19.583333 -6.666667 -13.916667   3.399038   3.399038      47.4
1             lag5y  42/1_Run_Means   c     6.094       0.047678     104      50      0.419213  0.091662 -0.018641  9.641888e+01 -3.365091e+01  0.127473  0.146397 -0.031458   7.850590e+00  9.465503e-03 -0.035641   0.083333   1.041667   0.083333   9.166667  0.083333  -7.083333   3.288194   5.713863     20.0 -1.222018e+02  0.199021  0.232008 -0.119827   7.456582e+00  2.999134e-08 -0.229468   0.250000  13.208333   0.250000  21.333333  0.250000   5.083333   7.610043   7.610043      20.0
0            lag10y  42/1_Run_Means   c     2.980       0.040626     149      62      0.227897  0.079118 -0.040251  5.241634e+01 -1.167707e+02  0.111366  0.117803 -0.071906   1.266436e+00  3.907012e-02 -0.057340   4.583333   5.166667   4.583333  13.500000  4.583333  -3.166667   4.783565   6.706314     18.0 -2.820771e+02  0.200622  0.229151 -0.160275   1.092448e+00  8.753997e-04 -0.251167   4.750000   9.000000   4.750000   9.000000  4.750000   9.000000   9.772436   9.772436      17.0
19     FaIR_all_unB   43/1_ERF_FaIR   c     8.524       0.090928     114      23     -2.216044  0.205984 -0.093639 -3.545671e+02 -1.297246e+02  0.201265  0.233591 -0.016941   2.085223e+00  5.490234e-01 -0.125435   8.000000   3.500000  21.500000  12.583333 -5.500000  -5.583333   2.325231   5.202980     20.2 -6.486115e+02  0.280338  0.327583 -0.105310   2.116035e+00  6.428191e-01 -0.319263   8.166667   6.583333  21.666667   6.583333 -5.333333   6.583333   6.750000   6.750000      16.2
17         FaIR_all   43/1_ERF_FaIR   c     8.077       0.005592     159     159 -20042.444190  0.245383 -0.179221 -3.206791e+06 -2.109833e+06  0.276583  0.311812 -0.188941  8.727712e-188  0.000000e+00 -0.301447  13.166667  17.416667  23.083333  18.250000  3.250000  16.583333  11.343750  13.726490     15.2 -3.836326e+06  0.381726  0.439565 -0.277310  6.766754e-218  0.000000e+00 -0.495274  13.333333  25.000000  23.250000  15.000000  3.416667  15.000000  13.692308  13.692308      12.2
4.315801535
finished this run
/oscar/data/deeps/private/bfoxkemp/jnickla1/Thorne_15_codefigurestats/Methods/43_Forcing_Based/1_ERF_FaIR/FaIR_comb_unB_method.py:153: RuntimeWarning: Mean of empty slice
  return np.nanmean(samp_cur[year_idx-1850, :], axis = 1)
/users/jnickla1/.conda/envs/cleanpy/lib/python3.13/site-packages/numpy/lib/_nanfunctions_impl.py:2019: RuntimeWarning: Degrees of freedom <= 0 for slice.
  var = nanvar(a, axis=axis, dtype=dtype, out=out, ddof=ddof,
/oscar/data/deeps/private/bfoxkemp/jnickla1/Thorne_15_codefigurestats/Methods/43_Forcing_Based/1_ERF_FaIR/FaIR_comb_unB_method.py:181: RuntimeWarning: Mean of empty slice
  cdist = np.nanmean(dist)
starting computation for fut_ESM1-2-LR_SSP126_constVolc
max_runs33
Model number:
32




Methods/42_Temp_Alone/1_Run_Means/cent10y_method.py
Methods/42_Temp_Alone/1_Run_Means/cent20y_method.py
Methods/42_Temp_Alone/1_Run_Means/cent21y_method.py
Methods/42_Temp_Alone/1_Run_Means/cent30y_method.py
Methods/42_Temp_Alone/1_Run_Means/lag10y_method.py
Methods/42_Temp_Alone/1_Run_Means/lag5y_method.py
Methods/42_Temp_Alone/1_Run_Means/offset11y_method.py
Methods/42_Temp_Alone/1_Run_Means/raw1y_method.py
Methods/43_Forcing_Based/1_ERF_FaIR/FaIR_all_method.py
Methods/43_Forcing_Based/1_ERF_FaIR/FaIR_all_unB_method.py
Methods/43_Forcing_Based/1_ERF_FaIR/FaIR_anthro_method.py
Methods/43_Forcing_Based/1_ERF_FaIR/FaIR_anthro_unB_method.py
Methods/43_Forcing_Based/1_ERF_FaIR/FaIR_comb_unB_method.py
Methods/43_Forcing_Based/1_ERF_FaIR/FaIR_nonat_method.py
Methods/43_Forcing_Based/1_ERF_FaIR/FaIR_nonat_unB_method.py
evaluating 6 of 0.1C thresholds, starting at 1.1C
11
FaIR_anthro sampled, d llike: 0.023798480421329815
FaIR_anthro sampled, d llike: -1.28619539968706
FaIR_anthro_unB sampled, d llike: 0.018032698764578692
FaIR_anthro_unB sampled, d llike: -1.3925576176618057
FaIR_nonat sampled, d llike: -0.023946568475532892
FaIR_nonat sampled, d llike: -0.07258797172868603
FaIR_nonat_unB sampled, d llike: -0.040970495116372296
FaIR_nonat_unB sampled, d llike: -0.061586211175325145
FaIR_all sampled, d llike: -2056.701825572967
FaIR_all sampled, d llike: -0.07606575568030738
FaIR_all_unB sampled, d llike: -0.02852082307651327
FaIR_all_unB sampled, d llike: -0.05934806919250901
FaIR_comb_unB sampled, d llike: -0.034551704259531135
FaIR_comb_unB sampled, d llike: 0.05067894909503623
        method_name    method_class c/r  smooth_r  avg_unc.(1se)  #q<0.5  #q<0.1   log-likeli       RMS      bias         tlog-l       100log-l    100RMS     75RMS   100bias            l15  l20    bias50   Edyrs15  Edyrs20    Mdyrs15  Mdyrs20   Fdyrs15  Fdyrs20    EdyrsA    RMSyrsA  ncEdyrs      e100log-l   e100RMS    e75RMS  e100bias           el15  el20   ebias50  eEdyrs15  eEdyrs20   eMdyrs15  eMdyrs20      eFdyrs15  eFdyrs20   eEdyrsA  eRMSyrsA  nceEdyrs
21    FaIR_comb_unB   43/1_ERF_FaIR   c     2.266       0.073275       0       0     1.480468  0.044516 -0.011038     232.433474     133.466617  0.046375  0.049403 -0.001803   4.695081e+00  0.0 -0.040188  1.041667       -1   3.666667       -1 -1.583333       -1  1.965278  10.765345      6.2     119.856775  0.059222  0.066761 -0.027581   5.043440e+00   0.0 -0.073899  3.458333        -1   6.083333        -1  8.333333e-01        -1  2.909722  2.909722       6.2
9       FaIR_anthro   43/1_ERF_FaIR   c     1.725       0.082542       0       0     1.091652  0.073268 -0.015423     175.756042     126.105886  0.055388  0.055970  0.028938   4.491132e+00  0.0 -0.006760 -4.458333       -1  -5.583333       -1 -5.583333       -1  0.326389  11.189511      6.2     123.876229  0.053272  0.057017  0.003160   4.436745e+00   0.0 -0.040471 -2.041667        -1  -3.166667        -1 -3.166667e+00        -1  1.270833  1.270833       6.2
15   FaIR_nonat_unB   43/1_ERF_FaIR   c     2.136       0.083209       0       0     1.343464  0.051211 -0.011118     216.297636     123.281664  0.051900  0.054526  0.003611   4.436158e+00  0.0 -0.040506  0.500000       -1   3.416667       -1 -2.416667       -1  1.388889  10.929382      6.2     112.923113  0.062428  0.069999 -0.022167   4.546214e+00   0.0 -0.074217  2.916667        -1   5.833333        -1  1.521130e-10        -1  2.333333  2.333333       6.2
11  FaIR_anthro_unB   43/1_ERF_FaIR   c     1.708       0.082552       0       0     1.079660  0.072902 -0.029377     173.825208     122.564722  0.054592  0.057742  0.004236   4.482937e+00  0.0 -0.042806  0.833333       -1   3.583333       -1 -1.916667       -1  1.472222  10.934676      6.2     109.538834  0.064849  0.072814 -0.021542   4.321107e+00   0.0 -0.076517  3.250000        -1   6.000000        -1  5.000000e-01        -1  2.416667  2.416667       6.2
19     FaIR_all_unB   43/1_ERF_FaIR   c     3.679       0.085974       0       0     1.306271  0.055037 -0.001507     210.309708     121.778582  0.049976  0.051279 -0.000693   4.052000e+00  0.0 -0.042051  3.750000       -1   3.750000       -1  3.750000       -1  2.729167  10.708158      6.0     110.644470  0.061382  0.068619 -0.026471   3.958716e+00   0.0 -0.075762  6.166667        -1   6.166667        -1  6.166667e+00        -1  3.673611  3.673611       6.0
1             lag5y  42/1_Run_Means   c     5.494       0.044125      62      21     1.170639  0.057736 -0.014159     270.417684     114.162567  0.057585  0.058671 -0.013756   4.785903e+00  0.0 -0.000531 -1.222222       -1  -5.250000       -1 -5.250000       -1  2.032407   2.621716     12.3      78.796301  0.065491  0.063508 -0.039534   6.382666e+00   0.0 -0.034242  1.194444        -1   6.916667        -1 -2.833333e+00        -1  4.490741  4.490741      12.3
13       FaIR_nonat   43/1_ERF_FaIR   c     2.187       0.103941       0       0     1.194855  0.053861  0.000456     192.371708     111.221141  0.054234  0.053772  0.026864   3.642900e+00  0.0 -0.010237 -4.583333       -1  -5.750000       -1 -5.750000       -1  0.069444  11.273176      6.2     108.806428  0.053234  0.056866  0.001086   3.710445e+00   0.0 -0.043948 -2.166667        -1  -3.333333        -1 -3.333333e+00        -1  1.013889  1.013889       6.2
0            lag10y  42/1_Run_Means   c     2.892       0.035729      77      32     1.088318  0.054247 -0.029540     251.401474      83.903830  0.059818  0.042485 -0.035760   8.936241e+00  0.0  0.004852  7.125000       -1   8.750000       -1  5.500000       -1  4.138889   4.599152     10.2      31.688954  0.074420  0.053596 -0.061538   4.787136e+00   0.0 -0.028859  9.541667        -1  11.166667        -1  7.916667e+00        -1  6.597222  6.597222      10.2
2             raw1y  42/1_Run_Means   c    29.204       0.115940       0       0     0.797807  0.106797 -0.001917     184.293310      65.204573  0.117373  0.120035  0.003596   1.094064e+00  0.0 -0.004797  5.611111       -1  21.250000       -1 -7.000000       -1  1.242973   3.951170     32.6      64.999281  0.117604  0.121256 -0.022182   3.589721e+00   0.0 -0.038508  8.027778        -1  23.666667        -1 -4.583333e+00        -1  2.779431  2.779431      32.6
8         offset11y  42/1_Run_Means   c     2.687       0.034567     195     136    -1.959152  0.090949  0.077214    -452.564148    -218.907731  0.086357  0.100228  0.069438   1.760654e+00  0.0  0.114492 -4.666667       -1  -4.666667       -1 -4.666667       -1 -5.319444   8.330763      6.0      -0.005907  0.062315  0.071273  0.043660   5.058385e+00   0.0  0.080781 -2.250000        -1  -2.250000        -1 -2.250000e+00        -1 -2.861111  2.861111       6.0
17         FaIR_all   43/1_ERF_FaIR   c     3.284       0.005576     152     129 -2240.736482  0.074706  0.027281 -360758.573664 -277083.660570  0.085223  0.072395  0.061891  1.244607e-226  0.0  0.009128 -8.833333       -1  -9.666667       -1 -9.666667       -1 -7.451389   7.548934      8.2 -198166.842012  0.074089  0.065980  0.036114  9.513663e-245   0.0 -0.024583 -6.416667        -1  -7.250000        -1 -7.250000e+00        -1 -4.993056  4.993056       8.2
4.356926619
finished this run
starting computation for fut_NorESM_RCP45_VolcConst
max_runs33
Model number:
32




Methods/42_Temp_Alone/1_Run_Means/cent10y_method.py
Methods/42_Temp_Alone/1_Run_Means/cent20y_method.py
Methods/42_Temp_Alone/1_Run_Means/cent21y_method.py
Methods/42_Temp_Alone/1_Run_Means/cent30y_method.py
Methods/42_Temp_Alone/1_Run_Means/lag10y_method.py
Methods/42_Temp_Alone/1_Run_Means/lag5y_method.py
Methods/42_Temp_Alone/1_Run_Means/offset11y_method.py
Methods/42_Temp_Alone/1_Run_Means/raw1y_method.py
Methods/43_Forcing_Based/1_ERF_FaIR/FaIR_all_method.py
Methods/43_Forcing_Based/1_ERF_FaIR/FaIR_all_unB_method.py
Methods/43_Forcing_Based/1_ERF_FaIR/FaIR_anthro_method.py
Methods/43_Forcing_Based/1_ERF_FaIR/FaIR_anthro_unB_method.py
Methods/43_Forcing_Based/1_ERF_FaIR/FaIR_comb_unB_method.py
Methods/43_Forcing_Based/1_ERF_FaIR/FaIR_nonat_method.py
Methods/43_Forcing_Based/1_ERF_FaIR/FaIR_nonat_unB_method.py
evaluating 13 of 0.1C thresholds, starting at 1.1C
11
FaIR_anthro sampled, d llike: -0.1412559574574619
FaIR_anthro sampled, d llike: -58.459648148703025
FaIR_anthro_unB sampled, d llike: -0.04700827016820658
FaIR_anthro_unB sampled, d llike: -56.94242203349966
FaIR_nonat sampled, d llike: 0.05070880732522043
FaIR_nonat sampled, d llike: 0.14100676541636054
FaIR_nonat_unB sampled, d llike: 0.047720757560224536
FaIR_nonat_unB sampled, d llike: 0.08753479389585533
FaIR_all sampled, d llike: -11509.251606509175
FaIR_all sampled, d llike: 0.12844643499823827
FaIR_all_unB sampled, d llike: -0.788509681816327
FaIR_all_unB sampled, d llike: 0.03924929821573342
FaIR_comb_unB sampled, d llike: -0.05449742073807343
FaIR_comb_unB sampled, d llike: 0.09016713273920496
        method_name    method_class c/r  smooth_r  avg_unc.(1se)  #q<0.5  #q<0.1    log-likeli       RMS      bias        tlog-l       100log-l    100RMS     75RMS   100bias        l15       l20    bias50   Edyrs15    Edyrs20   Mdyrs15    Mdyrs20   Fdyrs15    Fdyrs20     EdyrsA    RMSyrsA  ncEdyrs     e100log-l   e100RMS    e75RMS  e100bias      el15       el20   ebias50  eEdyrs15   eEdyrs20  eMdyrs15   eMdyrs20  eFdyrs15   eFdyrs20    eEdyrsA   eRMSyrsA  nceEdyrs
8         offset11y  42/1_Run_Means   c     2.853       0.031865     151     109     -0.513171  0.080747  0.062874 -1.180293e+02     131.461529  0.037273  0.041206  0.022741   9.804608  4.451627  0.040172  0.250000  -1.500000  0.250000  -1.500000  0.250000  -1.500000  -0.814103   1.705164     13.0  7.959335e+01  0.045422  0.053049  0.004964  3.581091  12.353805  0.038950  2.500000  -0.666667  2.500000  -0.666667  2.500000  -0.666667   0.256410   0.256410      13.0
21    FaIR_comb_unB   43/1_ERF_FaIR   c     3.143       0.080793      66       0     -0.039449  0.131631 -0.084779 -6.154051e+00     130.693697  0.031480  0.029664 -0.005379   4.245249  4.329335 -0.025007 -0.833333   0.250000 -0.833333   0.250000 -0.833333   0.250000   0.038462   1.703440     13.0  1.294704e+02  0.031140  0.028760 -0.023157  4.206847   4.716105 -0.026229  1.416667   1.083333  1.416667   1.083333  1.416667   1.083333   1.108974   1.108974      13.0
15   FaIR_nonat_unB   43/1_ERF_FaIR   c     3.130       0.092453      70       0      0.378549  0.129569 -0.078979  6.056791e+01     119.435122  0.033320  0.029120  0.005396   3.730511  3.911761 -0.017296 -1.333333   0.333333 -1.333333   0.333333 -1.333333   0.333333  -0.448718   1.718738     14.0  1.209467e+02  0.026311  0.023801 -0.012381  3.764933   4.216283 -0.018519  0.916667   1.166667  0.916667   1.166667  0.916667   1.166667   0.621795   0.621795      14.0
19     FaIR_all_unB   43/1_ERF_FaIR   c     4.276       0.093481      63       2     -0.764712  0.143491 -0.081691 -1.223539e+02     116.888038  0.036223  0.033058  0.005550   3.617601  3.748283 -0.018151 -1.333333  -1.083333 -1.333333  -1.083333 -1.333333  -1.083333  -0.423077   2.103111     14.0  1.190583e+02  0.025926  0.022364 -0.012228  3.709170   3.879470 -0.019373  0.916667  -0.250000  0.916667  -0.250000  0.916667  -0.250000   0.647436   0.647436      14.0
11  FaIR_anthro_unB   43/1_ERF_FaIR   c     2.117       0.097417      69      46     -0.383899  0.148555 -0.090323 -6.142389e+01     110.911178  0.040201  0.035558  0.007280   3.298971  3.360001 -0.021788 -1.750000   0.500000 -1.750000   0.500000 -1.750000   0.500000  -0.564103   2.156534     13.0  1.132793e+02  0.029424  0.024801 -0.010497  3.440936   3.438340 -0.023010  0.500000   1.333333  0.500000   1.333333  0.500000   1.333333   0.506410   0.506410      13.0
2             raw1y  42/1_Run_Means   c    34.582       0.103492       0       0      0.944194  0.093449 -0.000814  2.171646e+02      95.454772  0.082218  0.075974  0.001978   4.015690  0.779368  0.000858 -1.375000   0.729167 -3.333333   6.583333 -3.333333  -3.416667  -0.009615   1.369306     33.2  9.273914e+01  0.085451  0.079868 -0.015800  3.454772   3.533733 -0.000364  0.875000   1.562500  2.833333   7.416667 -1.083333  -2.583333   1.060897   1.060897      33.2
9       FaIR_anthro   43/1_ERF_FaIR   c     1.858       0.097433     116      42     -0.669532  0.162497 -0.142641 -1.071251e+02      80.736302  0.096486  0.103817 -0.085702   3.106764  2.010656 -0.122358  2.250000   7.500000  2.250000   7.500000  2.250000   7.500000   5.333333   6.728876     14.0  6.868930e+01  0.107881  0.112916 -0.103480  2.185087   1.927706 -0.123580  4.500000   8.333333  4.500000   8.333333  4.500000   8.333333   6.403846   6.403846      14.0
13       FaIR_nonat   43/1_ERF_FaIR   c     2.851       0.115441      65       0      0.299033  0.155022 -0.141063  4.784523e+01      73.600710  0.103412  0.111469 -0.096073   2.694088  2.297316 -0.127253  3.333333   8.333333  3.333333   8.333333  3.333333   8.333333   6.019231   7.139221     13.0  6.412722e+01  0.116754  0.122483 -0.113851  1.966643   2.149560 -0.128475  5.583333   9.166667  5.583333   9.166667  5.583333   9.166667   7.089744   7.089744      13.0
1             lag5y  42/1_Run_Means   c     6.035       0.039132      84      40      0.835532  0.055159 -0.018798  1.921723e+02      57.648142  0.051541  0.052384 -0.032530  12.788732  7.154767 -0.022962  0.083333  -0.500000  0.083333  -0.500000  0.083333  -0.500000   1.932692   2.391251     15.0 -1.020099e+02  0.069393  0.069818 -0.050307  4.995286  10.974706 -0.024185  2.333333   0.333333  2.333333   0.333333  2.333333   0.333333   3.003205   3.003205      15.0
0            lag10y  42/1_Run_Means   c     2.984       0.032667     155      75     -0.092896  0.063732 -0.042338 -2.136612e+01    -199.879697  0.083249  0.084275 -0.077911   0.448207  3.371561 -0.061118  2.666667   2.750000  2.666667   2.750000  2.666667   2.750000   4.173077   4.434290     13.0 -4.583131e+02  0.105573  0.105551 -0.095688  0.007283   0.101250 -0.062341  4.916667   3.583333  4.916667   3.583333  4.916667   3.583333   5.243590   5.243590      13.0
17         FaIR_all   43/1_ERF_FaIR   c     3.837       0.005594     160     160 -12577.574294  0.183335 -0.165850 -2.012412e+06 -926233.608431  0.170791  0.180854 -0.165221   0.000000  0.000000 -0.199633  7.416667  13.750000  7.416667  14.500000  7.416667  13.000000  11.160256  13.118033     12.0 -1.128477e+06  0.185155  0.192323 -0.182998  0.000000   0.000000 -0.200855  9.666667  14.583333  9.666667  15.333333  9.666667  13.833333  12.333333  12.333333      12.0
4.437343865
finished this run
starting computation for fut_ESM1-2-LR_SSP245_constVolc
max_runs33
Model number:
32




Methods/42_Temp_Alone/1_Run_Means/cent10y_method.py
Methods/42_Temp_Alone/1_Run_Means/cent20y_method.py
Methods/42_Temp_Alone/1_Run_Means/cent21y_method.py
Methods/42_Temp_Alone/1_Run_Means/cent30y_method.py
Methods/42_Temp_Alone/1_Run_Means/lag10y_method.py
Methods/42_Temp_Alone/1_Run_Means/lag5y_method.py
Methods/42_Temp_Alone/1_Run_Means/offset11y_method.py
Methods/42_Temp_Alone/1_Run_Means/raw1y_method.py
Methods/43_Forcing_Based/1_ERF_FaIR/FaIR_all_method.py
Methods/43_Forcing_Based/1_ERF_FaIR/FaIR_all_unB_method.py
Methods/43_Forcing_Based/1_ERF_FaIR/FaIR_anthro_method.py
Methods/43_Forcing_Based/1_ERF_FaIR/FaIR_anthro_unB_method.py
Methods/43_Forcing_Based/1_ERF_FaIR/FaIR_comb_unB_method.py
Methods/43_Forcing_Based/1_ERF_FaIR/FaIR_nonat_method.py
Methods/43_Forcing_Based/1_ERF_FaIR/FaIR_nonat_unB_method.py
evaluating 13 of 0.1C thresholds, starting at 1.1C
11
FaIR_anthro sampled, d llike: 0.0029979202767858038
FaIR_anthro sampled, d llike: -1.5861585972487968
FaIR_anthro_unB sampled, d llike: -0.005189255499672196
FaIR_anthro_unB sampled, d llike: -1.5356542159446531
FaIR_nonat sampled, d llike: -0.05023534323101764
FaIR_nonat sampled, d llike: -0.03146676983783392
FaIR_nonat_unB sampled, d llike: -0.04492844503613558
FaIR_nonat_unB sampled, d llike: -0.030982535416259838
FaIR_all sampled, d llike: -1567.1962271960024
FaIR_all sampled, d llike: -0.0407641869207922
FaIR_all_unB sampled, d llike: -0.02747878526820058
FaIR_all_unB sampled, d llike: -0.038235301994741455
FaIR_comb_unB sampled, d llike: -0.03495919976306561
FaIR_comb_unB sampled, d llike: -0.0021505618719535047
        method_name    method_class c/r  smooth_r  avg_unc.(1se)  #q<0.5  #q<0.1   log-likeli       RMS      bias         tlog-l       100log-l    100RMS     75RMS   100bias        l15           l20    bias50   Edyrs15   Edyrs20   Mdyrs15    Mdyrs20   Fdyrs15    Fdyrs20    EdyrsA   RMSyrsA  ncEdyrs      e100log-l   e100RMS    e75RMS  e100bias      el15       el20   ebias50  eEdyrs15  eEdyrs20  eMdyrs15   eMdyrs20  eFdyrs15   eFdyrs20   eEdyrsA  eRMSyrsA  nceEdyrs
8         offset11y  42/1_Run_Means   c     2.811       0.036409     146      93    -0.281933  0.076818  0.057257     -65.126572     168.529844  0.037939  0.041678  0.018777  12.079537  8.917382e+00  0.036126 -0.250000  0.333333 -0.250000   0.333333 -0.250000   0.333333 -1.272436  2.358750     15.0     181.320372  0.031868  0.032549 -0.001358  8.450375   7.508623  0.005572 -1.000000  2.916667 -1.000000   2.916667 -1.000000   2.916667 -0.377976  0.377976      16.0
21    FaIR_comb_unB   43/1_ERF_FaIR   c     2.295       0.076134       0       0     1.503547  0.036732 -0.014203     236.056923     137.059835  0.032741  0.032633 -0.007915   4.837623  4.830023e+00 -0.025711  1.000000  0.583333  1.000000   0.583333  1.000000   0.583333  0.583333  1.777561     13.0     132.780816  0.043423  0.047260 -0.028050  5.048298   4.199125 -0.056265  0.250000  3.166667  0.250000   3.166667  0.250000   3.166667  1.916667  1.916667      14.0
15   FaIR_nonat_unB   43/1_ERF_FaIR   c     2.237       0.086330       0       0     1.368749  0.041550 -0.011214     220.368612     127.038667  0.033629  0.030917  0.002831   4.379160  4.006559e+00 -0.017589  0.250000  0.166667  0.250000   0.166667  0.250000   0.166667 -0.256410  1.779813     13.0     124.963714  0.040240  0.042809 -0.017303  4.369127   4.017462 -0.048144 -0.500000  2.750000 -0.500000   2.750000 -0.500000   2.750000  1.130952  1.130952      14.0
19     FaIR_all_unB   43/1_ERF_FaIR   c     3.663       0.089039       0       0     1.323225  0.047612 -0.001473     213.039225     124.507378  0.033378  0.029651 -0.001368   4.169173  3.945755e+00 -0.019218  0.500000  0.666667  0.500000   0.666667  0.500000   0.666667  0.269231  1.580801     14.0     122.086150  0.040622  0.042826 -0.021503  4.205131   3.943124 -0.049772 -0.250000  3.250000 -0.250000   3.250000 -0.250000   3.250000  1.589286  1.589286      15.0
9       FaIR_anthro   43/1_ERF_FaIR   c     1.733       0.087373       0       0     1.070504  0.066709 -0.020815     172.351197     119.970084  0.038753  0.033782  0.019032   4.013492  3.720184e+00 -0.001602 -0.833333 -1.416667 -0.833333  -1.416667 -0.833333  -1.416667 -0.903846  2.081538     13.0     120.598165  0.037550  0.037717 -0.001102  3.843431   4.322737 -0.032156 -1.583333  1.166667 -1.583333   1.166667 -1.583333   1.166667  0.464286  0.464286      14.0
11  FaIR_anthro_unB   43/1_ERF_FaIR   c     1.721       0.087371       0       0     1.052577  0.068272 -0.012465     169.464900     118.117685  0.043273  0.042277  0.033824   3.960729  3.345932e+00  0.030384 -1.000000 -3.666667 -1.000000  -3.666667 -1.000000  -3.666667 -1.865385  2.315292     13.0     122.855771  0.032258  0.030063  0.013689  3.753236   4.305516 -0.000170 -1.750000 -1.083333 -1.750000  -1.083333 -1.750000  -1.083333 -0.839286  0.839286      14.0
13       FaIR_nonat   43/1_ERF_FaIR   c     2.270       0.107764       0       0     1.168805  0.045578 -0.002402     188.177588     107.223556  0.038978  0.032088  0.021090   3.541115  3.132870e+00  0.001792 -0.500000 -1.666667 -0.500000  -1.666667 -0.500000  -1.666667 -1.032051  2.080511     13.0     109.030924  0.035541  0.034654  0.000956  3.369433   3.364705 -0.028763 -1.250000  0.916667 -1.250000   0.916667 -1.250000   0.916667  0.214286  0.214286      14.0
1             lag5y  42/1_Run_Means   c     5.386       0.045805      66      23     1.024151  0.061004 -0.022219     236.578940      80.323823  0.065584  0.069967 -0.034215   2.214343  7.912654e-01 -0.032871  5.833333  0.833333  5.833333   0.833333  5.833333   0.833333  2.394231  3.007403     16.0       3.732582  0.077592  0.079970 -0.054350  3.544937   0.011530 -0.063425  5.083333  3.416667  5.083333   3.416667  5.083333   3.416667  3.151786  3.151786      17.0
2             raw1y  42/1_Run_Means   c    28.310       0.120266       0       0     0.761467  0.110559 -0.001720     175.898969      58.275912  0.125907  0.126261  0.004096   2.985032  3.521223e+00 -0.009311  2.500000  2.687500  5.333333  17.000000 -0.833333 -12.916667 -0.209829  2.830011     45.3      55.910543  0.128512  0.128616 -0.016038  2.700585   3.345249 -0.039865  1.750000  5.270833  4.583333  19.583333 -1.583333 -10.333333  0.421825  0.421825      50.3
0            lag10y  42/1_Run_Means   c     2.894       0.037496     127      53     0.495653  0.068205 -0.047712     114.495850     -53.001794  0.088977  0.086550 -0.081888   0.074539  6.025576e-02 -0.066892  7.166667  3.250000  7.166667   3.250000  7.166667   3.250000  4.381410  4.556932     16.0    -162.553884  0.107770  0.102920 -0.102023  0.340236   0.000853 -0.097447  6.416667  5.833333  6.416667   5.833333  6.416667   5.833333  5.270833  5.270833      17.0
17         FaIR_all   43/1_ERF_FaIR   c     3.285       0.005561     152     125 -1714.290383  0.066841  0.024581 -276000.751610 -190769.181423  0.072617  0.051901  0.057127   0.000000  2.202795e-33  0.023543 -1.916667 -3.750000 -1.916667  -3.750000 -1.916667  -3.750000 -2.820513  3.403273     13.0 -120711.848996  0.059883  0.045702  0.036993  0.000000  24.191684 -0.007012 -2.666667 -1.166667 -2.666667  -1.166667 -2.666667  -1.166667 -1.654762  1.654762      14.0
4.775937498999999
finished this run
/oscar/data/deeps/private/bfoxkemp/jnickla1/Thorne_15_codefigurestats/Methods/43_Forcing_Based/1_ERF_FaIR/FaIR_all_unB_method.py:90: RuntimeWarning: Mean of empty slice
  return np.nanmean(samp_cur[year_idx-1850, :], axis = 1)
/users/jnickla1/.conda/envs/cleanpy/lib/python3.13/site-packages/numpy/lib/_nanfunctions_impl.py:2019: RuntimeWarning: Degrees of freedom <= 0 for slice.
  var = nanvar(a, axis=axis, dtype=dtype, out=out, ddof=ddof,
/oscar/data/deeps/private/bfoxkemp/jnickla1/Thorne_15_codefigurestats/Methods/43_Forcing_Based/1_ERF_FaIR/FaIR_all_unB_method.py:118: RuntimeWarning: Mean of empty slice
  cdist = np.nanmean(dist)
/oscar/data/deeps/private/bfoxkemp/jnickla1/Thorne_15_codefigurestats/Methods/43_Forcing_Based/1_ERF_FaIR/FaIR_comb_unB_method.py:153: RuntimeWarning: Mean of empty slice
  return np.nanmean(samp_cur[year_idx-1850, :], axis = 1)
/users/jnickla1/.conda/envs/cleanpy/lib/python3.13/site-packages/numpy/lib/_nanfunctions_impl.py:2019: RuntimeWarning: Degrees of freedom <= 0 for slice.
  var = nanvar(a, axis=axis, dtype=dtype, out=out, ddof=ddof,
/oscar/data/deeps/private/bfoxkemp/jnickla1/Thorne_15_codefigurestats/Methods/43_Forcing_Based/1_ERF_FaIR/FaIR_comb_unB_method.py:181: RuntimeWarning: Mean of empty slice
  cdist = np.nanmean(dist)
starting computation for fut_ESM1-2-LR_SSP370_constVolc
max_runs33
Model number:
32




Methods/42_Temp_Alone/1_Run_Means/cent10y_method.py
Methods/42_Temp_Alone/1_Run_Means/cent20y_method.py
Methods/42_Temp_Alone/1_Run_Means/cent21y_method.py
Methods/42_Temp_Alone/1_Run_Means/cent30y_method.py
Methods/42_Temp_Alone/1_Run_Means/lag10y_method.py
Methods/42_Temp_Alone/1_Run_Means/lag5y_method.py
Methods/42_Temp_Alone/1_Run_Means/offset11y_method.py
Methods/42_Temp_Alone/1_Run_Means/raw1y_method.py
Methods/43_Forcing_Based/1_ERF_FaIR/FaIR_all_method.py
Methods/43_Forcing_Based/1_ERF_FaIR/FaIR_all_unB_method.py
Methods/43_Forcing_Based/1_ERF_FaIR/FaIR_anthro_method.py
Methods/43_Forcing_Based/1_ERF_FaIR/FaIR_anthro_unB_method.py
Methods/43_Forcing_Based/1_ERF_FaIR/FaIR_comb_unB_method.py
Methods/43_Forcing_Based/1_ERF_FaIR/FaIR_nonat_method.py
Methods/43_Forcing_Based/1_ERF_FaIR/FaIR_nonat_unB_method.py
evaluating 23 of 0.1C thresholds, starting at 1.1C
11
FaIR_anthro sampled, d llike: -0.002498033139773481
FaIR_anthro sampled, d llike: -1.9767108122933708
FaIR_anthro_unB sampled, d llike: -0.004491879219052919
FaIR_anthro_unB sampled, d llike: -1.9686759682166777
FaIR_nonat sampled, d llike: -0.041199282829756934
FaIR_nonat sampled, d llike: -0.010679330783120222
FaIR_nonat_unB sampled, d llike: -0.04005405210385016
FaIR_nonat_unB sampled, d llike: -0.008986967222568087
FaIR_all sampled, d llike: -1530.3627164248899
FaIR_all sampled, d llike: -0.016779091453617445
FaIR_all_unB sampled, d llike: -0.031463423069942875
FaIR_all_unB sampled, d llike: -0.014988362576229042
FaIR_comb_unB sampled, d llike: -0.03797895628434289
FaIR_comb_unB sampled, d llike: -0.2220156713279798
        method_name    method_class c/r  smooth_r  avg_unc.(1se)  #q<0.5  #q<0.1   log-likeli       RMS      bias         tlog-l       100log-l    100RMS     75RMS   100bias           l15       l20    bias50   Edyrs15   Edyrs20   Mdyrs15   Mdyrs20   Fdyrs15   Fdyrs20    EdyrsA   RMSyrsA  ncEdyrs     e100log-l   e100RMS    e75RMS  e100bias          el15           el20   ebias50  eEdyrs15  eEdyrs20  eMdyrs15  eMdyrs20  eFdyrs15  eFdyrs20       eEdyrsA      eRMSyrsA  nceEdyrs
21    FaIR_comb_unB   43/1_ERF_FaIR   c     2.424       0.073859       0       0     1.479355  0.043490 -0.020602     232.258673     133.624966  0.044691  0.049415 -0.018321  3.548842e+00  1.846071 -0.015745  2.333333  2.416667  2.333333  2.416667  2.333333  2.416667  0.717391  1.531276       23    126.399280  0.053666  0.056873 -0.045377  2.698586e+00   2.427584e+00 -0.039534  3.083333  2.000000  3.083333  2.000000  3.083333  2.000000  1.565217e+00  1.565217e+00        23
15   FaIR_nonat_unB   43/1_ERF_FaIR   c     2.360       0.083934       0       0     1.383396  0.044398 -0.014123     222.726709     129.540900  0.039269  0.041225 -0.001710  3.728434e+00  2.736055  0.003830  1.583333  1.916667  1.583333  1.916667  1.583333  1.916667  0.094203  1.273807       23    128.010525  0.040033  0.040673 -0.028766  2.994804e+00   3.189954e+00 -0.019960  2.333333  1.500000  2.333333  1.500000  2.333333  1.500000  9.420290e-01  9.420290e-01        23
8         offset11y  42/1_Run_Means   c     2.833       0.038331     174     100    -0.455782  0.080214  0.036538    -105.285551     128.370865  0.052851  0.059575 -0.033817  5.011062e-02  3.169605 -0.060986  3.333333  2.000000  3.333333  2.000000  3.333333  2.000000  1.405797  1.806122       24     58.900531  0.072821  0.082793 -0.060873  6.758825e-03   4.944571e+00 -0.084775  4.083333  1.583333  4.083333  1.583333  4.083333  1.583333  2.253623e+00  2.253623e+00        24
11  FaIR_anthro_unB   43/1_ERF_FaIR   c     1.973       0.084696       0       0     1.089046  0.067256 -0.032047     175.336371     125.081235  0.039657  0.040518 -0.000452  3.846368e+00  2.841018 -0.002294  1.166667  2.083333  1.166667  2.083333  1.166667  2.083333  0.068841  1.411756       23    123.143843  0.038567  0.038503 -0.027508  3.280658e+00   3.182130e+00 -0.026083  1.916667  1.666667  1.916667  1.666667  1.916667  1.666667  9.166667e-01  9.166667e-01        23
19     FaIR_all_unB   43/1_ERF_FaIR   c     3.834       0.086769       0       0     1.319410  0.051997 -0.004248     212.425056     123.913690  0.043885  0.046758 -0.005549  3.270964e+00  2.512765  0.004389  1.833333  2.166667  1.833333  2.166667  1.833333  2.166667  0.362319  1.464557       23    121.868406  0.046345  0.048229 -0.032605  2.567530e+00   3.004564e+00 -0.019400  2.583333  1.750000  2.583333  1.750000  2.583333  1.750000  1.210145e+00  1.210145e+00        23
9       FaIR_anthro   43/1_ERF_FaIR   c     1.943       0.084692       0       0     1.048810  0.072009 -0.034669     168.858350     118.384367  0.052265  0.050615 -0.005044  4.044102e+00  2.561732 -0.036535  0.833333  2.250000  0.833333  2.250000  0.833333  2.250000  0.434783  1.846625       23    118.013098  0.052457  0.058738 -0.032100  3.463122e+00   2.948763e+00 -0.060325  1.583333  1.833333  1.583333  1.833333  1.583333  1.833333  1.282609e+00  1.282609e+00        23
13       FaIR_nonat   43/1_ERF_FaIR   c     2.331       0.104834       0       0     1.178300  0.051490 -0.017430     189.706247     108.821538  0.049958  0.047472 -0.004735  3.446879e+00  2.479790 -0.030204  1.333333  2.083333  1.333333  2.083333  1.333333  2.083333  0.387681  1.743431       23    108.687069  0.050703  0.056747 -0.031791  2.895635e+00   2.752883e+00 -0.053994  2.083333  1.666667  2.083333  1.666667  2.083333  1.666667  1.235507e+00  1.235507e+00        23
2             raw1y  42/1_Run_Means   c    30.270       0.118317       3       0     0.775377  0.109117 -0.004330     179.112039      60.804352  0.122672  0.129421 -0.002527  2.540417e+00  2.267188 -0.004630  1.833333 -2.111111  1.833333 -7.083333  1.833333 -7.083333 -0.110809  1.252585       55     57.663309  0.126074  0.132544 -0.029584  1.417734e+00   2.566107e+00 -0.028420  2.583333 -2.527778  2.583333 -7.500000  2.583333 -7.500000  7.370169e-01  7.370169e-01        55
1             lag5y  42/1_Run_Means   c     5.384       0.046429      84      25     0.669330  0.066119 -0.032309     154.615145      -1.639973  0.077147  0.083953 -0.059828  2.120846e-15  0.088608 -0.073183  3.583333  2.833333  3.583333  2.833333  3.583333  2.833333  1.992754  2.464359       24   -133.929712  0.099490  0.104683 -0.086885  1.468678e-15   3.730290e-01 -0.096973  4.333333  2.416667  4.333333  2.416667  4.333333  2.416667  2.840580e+00  2.840580e+00        24
0            lag10y  42/1_Run_Means   c     2.945       0.039182     142      97    -0.792612  0.094298 -0.066871    -183.093314    -350.590957  0.136677  0.150011 -0.130525  2.300839e-16  0.018085 -0.155748  5.750000  5.083333  5.750000  5.083333  5.750000  5.083333  4.601449  4.695498       23   -595.938821  0.162702  0.173889 -0.157581  4.999363e-19   5.912793e-02 -0.179538  6.500000  4.666667  6.500000  4.666667  6.500000  4.666667  5.449275e+00  5.449275e+00        23
17         FaIR_all   43/1_ERF_FaIR   c     3.398       0.005584     150     121 -1669.943123  0.065596  0.011560 -268860.842759 -185708.541148  0.070716  0.043364  0.034104  5.908941e+01  0.000000 -0.002742  0.166667  1.750000  0.166667  1.750000  0.166667  1.750000 -0.847826  2.471700       23 -92066.693253  0.053405  0.038546  0.007047  2.501974e-30  2.160171e-227 -0.026531  0.916667  1.333333  0.916667  1.333333  0.916667  1.333333  1.820176e-10  1.820176e-10        23
6.087554171
finished this run
All processes completed.
