/oscar/data/deeps/private/bfoxkemp/jnickla1/Thorne_15_codefigurestats/fut_evaluation_gen_ensemble.py:20: RuntimeWarning: Mean of empty slice
  return np.nanmean(standards_np,axis=0)
/oscar/data/deeps/private/bfoxkemp/jnickla1/Thorne_15_codefigurestats/fut_evaluation_gen_ensemble.py:20: RuntimeWarning: Mean of empty slice
  return np.nanmean(standards_np,axis=0)
/oscar/data/deeps/private/bfoxkemp/jnickla1/Thorne_15_codefigurestats/fut_evaluation_gen_ensemble.py:20: RuntimeWarning: Mean of empty slice
  return np.nanmean(standards_np,axis=0)
/oscar/data/deeps/private/bfoxkemp/jnickla1/Thorne_15_codefigurestats/fut_evaluation_gen_ensemble.py:20: RuntimeWarning: Mean of empty slice
  return np.nanmean(standards_np,axis=0)
/oscar/data/deeps/private/bfoxkemp/jnickla1/Thorne_15_codefigurestats/fut_evaluation_gen_ensemble.py:20: RuntimeWarning: Mean of empty slice
  return np.nanmean(standards_np,axis=0)
/oscar/data/deeps/private/bfoxkemp/jnickla1/Thorne_15_codefigurestats/Methods/43_Forcing_Based/1_ERF_FaIR/FaIR_all_method.py:53: RuntimeWarning: Mean of empty slice
  samp_mean =  np.nanmean(samp_cur, axis = 1)
/oscar/data/deeps/private/bfoxkemp/jnickla1/Thorne_15_codefigurestats/Methods/43_Forcing_Based/1_ERF_FaIR/FaIR_all_method.py:53: RuntimeWarning: Mean of empty slice
  samp_mean =  np.nanmean(samp_cur, axis = 1)
/oscar/data/deeps/private/bfoxkemp/jnickla1/Thorne_15_codefigurestats/Methods/43_Forcing_Based/1_ERF_FaIR/FaIR_all_unB_method.py:70: RuntimeWarning: Mean of empty slice
  samp_mean =  np.nanmean(samp_cur, axis = 1)
/oscar/data/deeps/private/bfoxkemp/jnickla1/Thorne_15_codefigurestats/Methods/43_Forcing_Based/1_ERF_FaIR/FaIR_all_unB_method.py:70: RuntimeWarning: Mean of empty slice
  samp_mean =  np.nanmean(samp_cur, axis = 1)
/oscar/data/deeps/private/bfoxkemp/jnickla1/Thorne_15_codefigurestats/Methods/43_Forcing_Based/1_ERF_FaIR/FaIR_anthro_method.py:53: RuntimeWarning: Mean of empty slice
  samp_mean =  np.nanmean(samp_cur, axis = 1)
/oscar/data/deeps/private/bfoxkemp/jnickla1/Thorne_15_codefigurestats/Methods/43_Forcing_Based/1_ERF_FaIR/FaIR_anthro_method.py:53: RuntimeWarning: Mean of empty slice
  samp_mean =  np.nanmean(samp_cur, axis = 1)
/oscar/data/deeps/private/bfoxkemp/jnickla1/Thorne_15_codefigurestats/Methods/43_Forcing_Based/1_ERF_FaIR/FaIR_anthro_unB_method.py:70: RuntimeWarning: Mean of empty slice
  samp_mean =  np.nanmean(samp_cur, axis = 1)
/oscar/data/deeps/private/bfoxkemp/jnickla1/Thorne_15_codefigurestats/Methods/43_Forcing_Based/1_ERF_FaIR/FaIR_anthro_unB_method.py:70: RuntimeWarning: Mean of empty slice
  samp_mean =  np.nanmean(samp_cur, axis = 1)
/oscar/data/deeps/private/bfoxkemp/jnickla1/Thorne_15_codefigurestats/Methods/43_Forcing_Based/1_ERF_FaIR/FaIR_comb_unB_method.py:70: RuntimeWarning: Mean of empty slice
  samp_mean =  np.nanmean(samp_cur, axis = 1)
/oscar/data/deeps/private/bfoxkemp/jnickla1/Thorne_15_codefigurestats/Methods/43_Forcing_Based/1_ERF_FaIR/FaIR_comb_unB_method.py:70: RuntimeWarning: Mean of empty slice
  samp_mean =  np.nanmean(samp_cur, axis = 1)
/oscar/data/deeps/private/bfoxkemp/jnickla1/Thorne_15_codefigurestats/Methods/43_Forcing_Based/1_ERF_FaIR/FaIR_comb_unB_method.py:127: RuntimeWarning: Mean of empty slice
  samp_meanAll =  np.nanmean(samp_curAll, axis = 1)
/oscar/data/deeps/private/bfoxkemp/jnickla1/Thorne_15_codefigurestats/Methods/43_Forcing_Based/1_ERF_FaIR/FaIR_comb_unB_method.py:127: RuntimeWarning: Mean of empty slice
  samp_meanAll =  np.nanmean(samp_curAll, axis = 1)
/oscar/data/deeps/private/bfoxkemp/jnickla1/Thorne_15_codefigurestats/Methods/43_Forcing_Based/1_ERF_FaIR/FaIR_nonat_method.py:53: RuntimeWarning: Mean of empty slice
  samp_mean =  np.nanmean(samp_cur, axis = 1)
/oscar/data/deeps/private/bfoxkemp/jnickla1/Thorne_15_codefigurestats/Methods/43_Forcing_Based/1_ERF_FaIR/FaIR_nonat_method.py:53: RuntimeWarning: Mean of empty slice
  samp_mean =  np.nanmean(samp_cur, axis = 1)
/oscar/data/deeps/private/bfoxkemp/jnickla1/Thorne_15_codefigurestats/Methods/43_Forcing_Based/1_ERF_FaIR/FaIR_nonat_unB_method.py:72: RuntimeWarning: Mean of empty slice
  samp_mean =  np.nanmean(samp_cur, axis = 1)
/oscar/data/deeps/private/bfoxkemp/jnickla1/Thorne_15_codefigurestats/Methods/43_Forcing_Based/1_ERF_FaIR/FaIR_nonat_unB_method.py:72: RuntimeWarning: Mean of empty slice
  samp_mean =  np.nanmean(samp_cur, axis = 1)
/oscar/data/deeps/private/bfoxkemp/jnickla1/Thorne_15_codefigurestats/Methods/43_Forcing_Based/1_ERF_FaIR/FaIR_all_method.py:68: RuntimeWarning: Mean of empty slice
  return np.nanmean(samp_cur[year_idx-1850, :], axis = 1)
/oscar/data/deeps/private/bfoxkemp/jnickla1/Thorne_15_codefigurestats/Methods/43_Forcing_Based/1_ERF_FaIR/FaIR_all_method.py:68: RuntimeWarning: Mean of empty slice
  return np.nanmean(samp_cur[year_idx-1850, :], axis = 1)
/users/jnickla1/.conda/envs/cleanpy/lib/python3.13/site-packages/numpy/lib/_nanfunctions_impl.py:2019: RuntimeWarning: Degrees of freedom <= 0 for slice.
  var = nanvar(a, axis=axis, dtype=dtype, out=out, ddof=ddof,
/oscar/data/deeps/private/bfoxkemp/jnickla1/Thorne_15_codefigurestats/Methods/43_Forcing_Based/1_ERF_FaIR/FaIR_all_unB_method.py:90: RuntimeWarning: Mean of empty slice
  return np.nanmean(samp_cur[year_idx-1850, :], axis = 1)
/users/jnickla1/.conda/envs/cleanpy/lib/python3.13/site-packages/numpy/lib/_nanfunctions_impl.py:2019: RuntimeWarning: Degrees of freedom <= 0 for slice.
  var = nanvar(a, axis=axis, dtype=dtype, out=out, ddof=ddof,
/oscar/data/deeps/private/bfoxkemp/jnickla1/Thorne_15_codefigurestats/Methods/43_Forcing_Based/1_ERF_FaIR/FaIR_all_unB_method.py:90: RuntimeWarning: Mean of empty slice
  return np.nanmean(samp_cur[year_idx-1850, :], axis = 1)
/oscar/data/deeps/private/bfoxkemp/jnickla1/Thorne_15_codefigurestats/Methods/43_Forcing_Based/1_ERF_FaIR/FaIR_anthro_method.py:67: RuntimeWarning: Mean of empty slice
  return np.nanmean(samp_cur[year_idx-1850, :], axis = 1)
/oscar/data/deeps/private/bfoxkemp/jnickla1/Thorne_15_codefigurestats/Methods/43_Forcing_Based/1_ERF_FaIR/FaIR_anthro_method.py:67: RuntimeWarning: Mean of empty slice
  return np.nanmean(samp_cur[year_idx-1850, :], axis = 1)
/oscar/data/deeps/private/bfoxkemp/jnickla1/Thorne_15_codefigurestats/Methods/43_Forcing_Based/1_ERF_FaIR/FaIR_anthro_unB_method.py:89: RuntimeWarning: Mean of empty slice
  return np.nanmean(samp_cur[year_idx-1850, :], axis = 1)
/oscar/data/deeps/private/bfoxkemp/jnickla1/Thorne_15_codefigurestats/Methods/43_Forcing_Based/1_ERF_FaIR/FaIR_anthro_unB_method.py:89: RuntimeWarning: Mean of empty slice
  return np.nanmean(samp_cur[year_idx-1850, :], axis = 1)
/oscar/data/deeps/private/bfoxkemp/jnickla1/Thorne_15_codefigurestats/Methods/43_Forcing_Based/1_ERF_FaIR/FaIR_comb_unB_method.py:153: RuntimeWarning: Mean of empty slice
  return np.nanmean(samp_cur[year_idx-1850, :], axis = 1)
/oscar/data/deeps/private/bfoxkemp/jnickla1/Thorne_15_codefigurestats/Methods/43_Forcing_Based/1_ERF_FaIR/FaIR_comb_unB_method.py:153: RuntimeWarning: Mean of empty slice
  return np.nanmean(samp_cur[year_idx-1850, :], axis = 1)
/oscar/data/deeps/private/bfoxkemp/jnickla1/Thorne_15_codefigurestats/Methods/43_Forcing_Based/1_ERF_FaIR/FaIR_nonat_method.py:68: RuntimeWarning: Mean of empty slice
  return np.nanmean(samp_cur[year_idx-1850, :], axis = 1)
/oscar/data/deeps/private/bfoxkemp/jnickla1/Thorne_15_codefigurestats/Methods/43_Forcing_Based/1_ERF_FaIR/FaIR_nonat_method.py:68: RuntimeWarning: Mean of empty slice
  return np.nanmean(samp_cur[year_idx-1850, :], axis = 1)
/oscar/data/deeps/private/bfoxkemp/jnickla1/Thorne_15_codefigurestats/Methods/43_Forcing_Based/1_ERF_FaIR/FaIR_nonat_unB_method.py:92: RuntimeWarning: Mean of empty slice
  return np.nanmean(samp_cur[year_idx-1850, :], axis = 1)
/oscar/data/deeps/private/bfoxkemp/jnickla1/Thorne_15_codefigurestats/Methods/43_Forcing_Based/1_ERF_FaIR/FaIR_nonat_unB_method.py:92: RuntimeWarning: Mean of empty slice
  return np.nanmean(samp_cur[year_idx-1850, :], axis = 1)
/oscar/data/deeps/private/bfoxkemp/jnickla1/Thorne_15_codefigurestats/Methods/43_Forcing_Based/1_ERF_FaIR/FaIR_anthro_method.py:67: RuntimeWarning: Mean of empty slice
  return np.nanmean(samp_cur[year_idx-1850, :], axis = 1)
/oscar/data/deeps/private/bfoxkemp/jnickla1/Thorne_15_codefigurestats/Methods/43_Forcing_Based/1_ERF_FaIR/FaIR_anthro_unB_method.py:89: RuntimeWarning: Mean of empty slice
  return np.nanmean(samp_cur[year_idx-1850, :], axis = 1)
/oscar/data/deeps/private/bfoxkemp/jnickla1/Thorne_15_codefigurestats/Methods/43_Forcing_Based/1_ERF_FaIR/FaIR_anthro_method.py:67: RuntimeWarning: Mean of empty slice
  return np.nanmean(samp_cur[year_idx-1850, :], axis = 1)
/oscar/data/deeps/private/bfoxkemp/jnickla1/Thorne_15_codefigurestats/Methods/43_Forcing_Based/1_ERF_FaIR/FaIR_anthro_unB_method.py:89: RuntimeWarning: Mean of empty slice
  return np.nanmean(samp_cur[year_idx-1850, :], axis = 1)
/oscar/data/deeps/private/bfoxkemp/jnickla1/Thorne_15_codefigurestats/Methods/43_Forcing_Based/1_ERF_FaIR/FaIR_nonat_method.py:68: RuntimeWarning: Mean of empty slice
  return np.nanmean(samp_cur[year_idx-1850, :], axis = 1)
/oscar/data/deeps/private/bfoxkemp/jnickla1/Thorne_15_codefigurestats/Methods/43_Forcing_Based/1_ERF_FaIR/FaIR_nonat_method.py:68: RuntimeWarning: Mean of empty slice
  return np.nanmean(samp_cur[year_idx-1850, :], axis = 1)
/oscar/data/deeps/private/bfoxkemp/jnickla1/Thorne_15_codefigurestats/Methods/43_Forcing_Based/1_ERF_FaIR/FaIR_nonat_unB_method.py:92: RuntimeWarning: Mean of empty slice
  return np.nanmean(samp_cur[year_idx-1850, :], axis = 1)
/oscar/data/deeps/private/bfoxkemp/jnickla1/Thorne_15_codefigurestats/Methods/43_Forcing_Based/1_ERF_FaIR/FaIR_all_method.py:68: RuntimeWarning: Mean of empty slice
  return np.nanmean(samp_cur[year_idx-1850, :], axis = 1)
/oscar/data/deeps/private/bfoxkemp/jnickla1/Thorne_15_codefigurestats/Methods/43_Forcing_Based/1_ERF_FaIR/FaIR_nonat_unB_method.py:92: RuntimeWarning: Mean of empty slice
  return np.nanmean(samp_cur[year_idx-1850, :], axis = 1)
/oscar/data/deeps/private/bfoxkemp/jnickla1/Thorne_15_codefigurestats/Methods/43_Forcing_Based/1_ERF_FaIR/FaIR_all_method.py:68: RuntimeWarning: Mean of empty slice
  return np.nanmean(samp_cur[year_idx-1850, :], axis = 1)
/oscar/data/deeps/private/bfoxkemp/jnickla1/Thorne_15_codefigurestats/Methods/43_Forcing_Based/1_ERF_FaIR/FaIR_all_unB_method.py:90: RuntimeWarning: Mean of empty slice
  return np.nanmean(samp_cur[year_idx-1850, :], axis = 1)
/oscar/data/deeps/private/bfoxkemp/jnickla1/Thorne_15_codefigurestats/Methods/43_Forcing_Based/1_ERF_FaIR/FaIR_all_unB_method.py:90: RuntimeWarning: Mean of empty slice
  return np.nanmean(samp_cur[year_idx-1850, :], axis = 1)
/oscar/data/deeps/private/bfoxkemp/jnickla1/Thorne_15_codefigurestats/Methods/43_Forcing_Based/1_ERF_FaIR/FaIR_comb_unB_method.py:153: RuntimeWarning: Mean of empty slice
  return np.nanmean(samp_cur[year_idx-1850, :], axis = 1)
/oscar/data/deeps/private/bfoxkemp/jnickla1/Thorne_15_codefigurestats/Methods/43_Forcing_Based/1_ERF_FaIR/FaIR_comb_unB_method.py:153: RuntimeWarning: Mean of empty slice
  return np.nanmean(samp_cur[year_idx-1850, :], axis = 1)
/oscar/data/deeps/private/bfoxkemp/jnickla1/Thorne_15_codefigurestats/Methods/43_Forcing_Based/1_ERF_FaIR/FaIR_anthro_method.py:67: RuntimeWarning: Mean of empty slice
  return np.nanmean(samp_cur[year_idx-1850, :], axis = 1)
/users/jnickla1/.conda/envs/cleanpy/lib/python3.13/site-packages/numpy/lib/_nanfunctions_impl.py:2019: RuntimeWarning: Degrees of freedom <= 0 for slice.
  var = nanvar(a, axis=axis, dtype=dtype, out=out, ddof=ddof,
/oscar/data/deeps/private/bfoxkemp/jnickla1/Thorne_15_codefigurestats/Methods/43_Forcing_Based/1_ERF_FaIR/FaIR_anthro_method.py:95: RuntimeWarning: Mean of empty slice
  cdist = np.nanmean(dist)
/oscar/data/deeps/private/bfoxkemp/jnickla1/Thorne_15_codefigurestats/Methods/43_Forcing_Based/1_ERF_FaIR/FaIR_anthro_method.py:67: RuntimeWarning: Mean of empty slice
  return np.nanmean(samp_cur[year_idx-1850, :], axis = 1)
/users/jnickla1/.conda/envs/cleanpy/lib/python3.13/site-packages/numpy/lib/_nanfunctions_impl.py:2019: RuntimeWarning: Degrees of freedom <= 0 for slice.
  var = nanvar(a, axis=axis, dtype=dtype, out=out, ddof=ddof,
/oscar/data/deeps/private/bfoxkemp/jnickla1/Thorne_15_codefigurestats/Methods/43_Forcing_Based/1_ERF_FaIR/FaIR_anthro_method.py:95: RuntimeWarning: Mean of empty slice
  cdist = np.nanmean(dist)
/oscar/data/deeps/private/bfoxkemp/jnickla1/Thorne_15_codefigurestats/Methods/43_Forcing_Based/1_ERF_FaIR/FaIR_all_method.py:53: RuntimeWarning: Mean of empty slice
  samp_mean =  np.nanmean(samp_cur, axis = 1)
/oscar/data/deeps/private/bfoxkemp/jnickla1/Thorne_15_codefigurestats/Methods/43_Forcing_Based/1_ERF_FaIR/FaIR_all_method.py:53: RuntimeWarning: Mean of empty slice
  samp_mean =  np.nanmean(samp_cur, axis = 1)
/oscar/data/deeps/private/bfoxkemp/jnickla1/Thorne_15_codefigurestats/Methods/43_Forcing_Based/1_ERF_FaIR/FaIR_all_method.py:53: RuntimeWarning: Mean of empty slice
  samp_mean =  np.nanmean(samp_cur, axis = 1)
/oscar/data/deeps/private/bfoxkemp/jnickla1/Thorne_15_codefigurestats/Methods/43_Forcing_Based/1_ERF_FaIR/FaIR_all_unB_method.py:70: RuntimeWarning: Mean of empty slice
  samp_mean =  np.nanmean(samp_cur, axis = 1)
/oscar/data/deeps/private/bfoxkemp/jnickla1/Thorne_15_codefigurestats/Methods/43_Forcing_Based/1_ERF_FaIR/FaIR_all_unB_method.py:70: RuntimeWarning: Mean of empty slice
  samp_mean =  np.nanmean(samp_cur, axis = 1)
/oscar/data/deeps/private/bfoxkemp/jnickla1/Thorne_15_codefigurestats/Methods/43_Forcing_Based/1_ERF_FaIR/FaIR_all_unB_method.py:70: RuntimeWarning: Mean of empty slice
  samp_mean =  np.nanmean(samp_cur, axis = 1)
/oscar/data/deeps/private/bfoxkemp/jnickla1/Thorne_15_codefigurestats/Methods/43_Forcing_Based/1_ERF_FaIR/FaIR_anthro_method.py:53: RuntimeWarning: Mean of empty slice
  samp_mean =  np.nanmean(samp_cur, axis = 1)
/oscar/data/deeps/private/bfoxkemp/jnickla1/Thorne_15_codefigurestats/Methods/43_Forcing_Based/1_ERF_FaIR/FaIR_anthro_method.py:53: RuntimeWarning: Mean of empty slice
  samp_mean =  np.nanmean(samp_cur, axis = 1)
/oscar/data/deeps/private/bfoxkemp/jnickla1/Thorne_15_codefigurestats/Methods/43_Forcing_Based/1_ERF_FaIR/FaIR_anthro_method.py:53: RuntimeWarning: Mean of empty slice
  samp_mean =  np.nanmean(samp_cur, axis = 1)
/oscar/data/deeps/private/bfoxkemp/jnickla1/Thorne_15_codefigurestats/Methods/43_Forcing_Based/1_ERF_FaIR/FaIR_anthro_unB_method.py:70: RuntimeWarning: Mean of empty slice
  samp_mean =  np.nanmean(samp_cur, axis = 1)
/oscar/data/deeps/private/bfoxkemp/jnickla1/Thorne_15_codefigurestats/Methods/43_Forcing_Based/1_ERF_FaIR/FaIR_anthro_unB_method.py:70: RuntimeWarning: Mean of empty slice
  samp_mean =  np.nanmean(samp_cur, axis = 1)
/oscar/data/deeps/private/bfoxkemp/jnickla1/Thorne_15_codefigurestats/Methods/43_Forcing_Based/1_ERF_FaIR/FaIR_anthro_unB_method.py:70: RuntimeWarning: Mean of empty slice
  samp_mean =  np.nanmean(samp_cur, axis = 1)
/oscar/data/deeps/private/bfoxkemp/jnickla1/Thorne_15_codefigurestats/Methods/43_Forcing_Based/1_ERF_FaIR/FaIR_comb_unB_method.py:70: RuntimeWarning: Mean of empty slice
  samp_mean =  np.nanmean(samp_cur, axis = 1)
/oscar/data/deeps/private/bfoxkemp/jnickla1/Thorne_15_codefigurestats/Methods/43_Forcing_Based/1_ERF_FaIR/FaIR_comb_unB_method.py:127: RuntimeWarning: Mean of empty slice
  samp_meanAll =  np.nanmean(samp_curAll, axis = 1)
/oscar/data/deeps/private/bfoxkemp/jnickla1/Thorne_15_codefigurestats/Methods/43_Forcing_Based/1_ERF_FaIR/FaIR_comb_unB_method.py:70: RuntimeWarning: Mean of empty slice
  samp_mean =  np.nanmean(samp_cur, axis = 1)
/oscar/data/deeps/private/bfoxkemp/jnickla1/Thorne_15_codefigurestats/Methods/43_Forcing_Based/1_ERF_FaIR/FaIR_comb_unB_method.py:70: RuntimeWarning: Mean of empty slice
  samp_mean =  np.nanmean(samp_cur, axis = 1)
/oscar/data/deeps/private/bfoxkemp/jnickla1/Thorne_15_codefigurestats/Methods/43_Forcing_Based/1_ERF_FaIR/FaIR_comb_unB_method.py:127: RuntimeWarning: Mean of empty slice
  samp_meanAll =  np.nanmean(samp_curAll, axis = 1)
/oscar/data/deeps/private/bfoxkemp/jnickla1/Thorne_15_codefigurestats/Methods/43_Forcing_Based/1_ERF_FaIR/FaIR_comb_unB_method.py:127: RuntimeWarning: Mean of empty slice
  samp_meanAll =  np.nanmean(samp_curAll, axis = 1)
/oscar/data/deeps/private/bfoxkemp/jnickla1/Thorne_15_codefigurestats/Methods/43_Forcing_Based/1_ERF_FaIR/FaIR_nonat_method.py:53: RuntimeWarning: Mean of empty slice
  samp_mean =  np.nanmean(samp_cur, axis = 1)
/oscar/data/deeps/private/bfoxkemp/jnickla1/Thorne_15_codefigurestats/Methods/43_Forcing_Based/1_ERF_FaIR/FaIR_nonat_method.py:53: RuntimeWarning: Mean of empty slice
  samp_mean =  np.nanmean(samp_cur, axis = 1)
/oscar/data/deeps/private/bfoxkemp/jnickla1/Thorne_15_codefigurestats/Methods/43_Forcing_Based/1_ERF_FaIR/FaIR_nonat_method.py:53: RuntimeWarning: Mean of empty slice
  samp_mean =  np.nanmean(samp_cur, axis = 1)
/oscar/data/deeps/private/bfoxkemp/jnickla1/Thorne_15_codefigurestats/Methods/43_Forcing_Based/1_ERF_FaIR/FaIR_nonat_unB_method.py:72: RuntimeWarning: Mean of empty slice
  samp_mean =  np.nanmean(samp_cur, axis = 1)
/oscar/data/deeps/private/bfoxkemp/jnickla1/Thorne_15_codefigurestats/Methods/43_Forcing_Based/1_ERF_FaIR/FaIR_nonat_unB_method.py:72: RuntimeWarning: Mean of empty slice
  samp_mean =  np.nanmean(samp_cur, axis = 1)
/oscar/data/deeps/private/bfoxkemp/jnickla1/Thorne_15_codefigurestats/Methods/43_Forcing_Based/1_ERF_FaIR/FaIR_nonat_unB_method.py:72: RuntimeWarning: Mean of empty slice
  samp_mean =  np.nanmean(samp_cur, axis = 1)
/oscar/data/deeps/private/bfoxkemp/jnickla1/Thorne_15_codefigurestats/Methods/43_Forcing_Based/1_ERF_FaIR/FaIR_all_method.py:68: RuntimeWarning: Mean of empty slice
  return np.nanmean(samp_cur[year_idx-1850, :], axis = 1)
/users/jnickla1/.conda/envs/cleanpy/lib/python3.13/site-packages/numpy/lib/_nanfunctions_impl.py:2019: RuntimeWarning: Degrees of freedom <= 0 for slice.
  var = nanvar(a, axis=axis, dtype=dtype, out=out, ddof=ddof,
/oscar/data/deeps/private/bfoxkemp/jnickla1/Thorne_15_codefigurestats/Methods/43_Forcing_Based/1_ERF_FaIR/FaIR_all_unB_method.py:90: RuntimeWarning: Mean of empty slice
  return np.nanmean(samp_cur[year_idx-1850, :], axis = 1)
/oscar/data/deeps/private/bfoxkemp/jnickla1/Thorne_15_codefigurestats/Methods/43_Forcing_Based/1_ERF_FaIR/FaIR_anthro_method.py:67: RuntimeWarning: Mean of empty slice
  return np.nanmean(samp_cur[year_idx-1850, :], axis = 1)
/oscar/data/deeps/private/bfoxkemp/jnickla1/Thorne_15_codefigurestats/Methods/43_Forcing_Based/1_ERF_FaIR/FaIR_anthro_unB_method.py:89: RuntimeWarning: Mean of empty slice
  return np.nanmean(samp_cur[year_idx-1850, :], axis = 1)
/oscar/data/deeps/private/bfoxkemp/jnickla1/Thorne_15_codefigurestats/Methods/43_Forcing_Based/1_ERF_FaIR/FaIR_all_method.py:68: RuntimeWarning: Mean of empty slice
  return np.nanmean(samp_cur[year_idx-1850, :], axis = 1)
/users/jnickla1/.conda/envs/cleanpy/lib/python3.13/site-packages/numpy/lib/_nanfunctions_impl.py:2019: RuntimeWarning: Degrees of freedom <= 0 for slice.
  var = nanvar(a, axis=axis, dtype=dtype, out=out, ddof=ddof,
/oscar/data/deeps/private/bfoxkemp/jnickla1/Thorne_15_codefigurestats/Methods/43_Forcing_Based/1_ERF_FaIR/FaIR_all_unB_method.py:90: RuntimeWarning: Mean of empty slice
  return np.nanmean(samp_cur[year_idx-1850, :], axis = 1)
/oscar/data/deeps/private/bfoxkemp/jnickla1/Thorne_15_codefigurestats/Methods/43_Forcing_Based/1_ERF_FaIR/FaIR_comb_unB_method.py:153: RuntimeWarning: Mean of empty slice
  return np.nanmean(samp_cur[year_idx-1850, :], axis = 1)
/oscar/data/deeps/private/bfoxkemp/jnickla1/Thorne_15_codefigurestats/Methods/43_Forcing_Based/1_ERF_FaIR/FaIR_all_method.py:68: RuntimeWarning: Mean of empty slice
  return np.nanmean(samp_cur[year_idx-1850, :], axis = 1)
/users/jnickla1/.conda/envs/cleanpy/lib/python3.13/site-packages/numpy/lib/_nanfunctions_impl.py:2019: RuntimeWarning: Degrees of freedom <= 0 for slice.
  var = nanvar(a, axis=axis, dtype=dtype, out=out, ddof=ddof,
/oscar/data/deeps/private/bfoxkemp/jnickla1/Thorne_15_codefigurestats/Methods/43_Forcing_Based/1_ERF_FaIR/FaIR_all_unB_method.py:90: RuntimeWarning: Mean of empty slice
  return np.nanmean(samp_cur[year_idx-1850, :], axis = 1)
/oscar/data/deeps/private/bfoxkemp/jnickla1/Thorne_15_codefigurestats/Methods/43_Forcing_Based/1_ERF_FaIR/FaIR_nonat_method.py:68: RuntimeWarning: Mean of empty slice
  return np.nanmean(samp_cur[year_idx-1850, :], axis = 1)
/oscar/data/deeps/private/bfoxkemp/jnickla1/Thorne_15_codefigurestats/Methods/43_Forcing_Based/1_ERF_FaIR/FaIR_anthro_method.py:67: RuntimeWarning: Mean of empty slice
  return np.nanmean(samp_cur[year_idx-1850, :], axis = 1)
/oscar/data/deeps/private/bfoxkemp/jnickla1/Thorne_15_codefigurestats/Methods/43_Forcing_Based/1_ERF_FaIR/FaIR_anthro_method.py:67: RuntimeWarning: Mean of empty slice
  return np.nanmean(samp_cur[year_idx-1850, :], axis = 1)
/oscar/data/deeps/private/bfoxkemp/jnickla1/Thorne_15_codefigurestats/Methods/43_Forcing_Based/1_ERF_FaIR/FaIR_nonat_unB_method.py:92: RuntimeWarning: Mean of empty slice
  return np.nanmean(samp_cur[year_idx-1850, :], axis = 1)
/oscar/data/deeps/private/bfoxkemp/jnickla1/Thorne_15_codefigurestats/Methods/43_Forcing_Based/1_ERF_FaIR/FaIR_anthro_unB_method.py:89: RuntimeWarning: Mean of empty slice
  return np.nanmean(samp_cur[year_idx-1850, :], axis = 1)
/oscar/data/deeps/private/bfoxkemp/jnickla1/Thorne_15_codefigurestats/Methods/43_Forcing_Based/1_ERF_FaIR/FaIR_anthro_unB_method.py:89: RuntimeWarning: Mean of empty slice
  return np.nanmean(samp_cur[year_idx-1850, :], axis = 1)
/oscar/data/deeps/private/bfoxkemp/jnickla1/Thorne_15_codefigurestats/Methods/43_Forcing_Based/1_ERF_FaIR/FaIR_comb_unB_method.py:153: RuntimeWarning: Mean of empty slice
  return np.nanmean(samp_cur[year_idx-1850, :], axis = 1)
/oscar/data/deeps/private/bfoxkemp/jnickla1/Thorne_15_codefigurestats/Methods/43_Forcing_Based/1_ERF_FaIR/FaIR_comb_unB_method.py:153: RuntimeWarning: Mean of empty slice
  return np.nanmean(samp_cur[year_idx-1850, :], axis = 1)
/oscar/data/deeps/private/bfoxkemp/jnickla1/Thorne_15_codefigurestats/Methods/43_Forcing_Based/1_ERF_FaIR/FaIR_anthro_method.py:67: RuntimeWarning: Mean of empty slice
  return np.nanmean(samp_cur[year_idx-1850, :], axis = 1)
/oscar/data/deeps/private/bfoxkemp/jnickla1/Thorne_15_codefigurestats/Methods/43_Forcing_Based/1_ERF_FaIR/FaIR_nonat_method.py:68: RuntimeWarning: Mean of empty slice
  return np.nanmean(samp_cur[year_idx-1850, :], axis = 1)
/oscar/data/deeps/private/bfoxkemp/jnickla1/Thorne_15_codefigurestats/Methods/43_Forcing_Based/1_ERF_FaIR/FaIR_anthro_unB_method.py:89: RuntimeWarning: Mean of empty slice
  return np.nanmean(samp_cur[year_idx-1850, :], axis = 1)
/oscar/data/deeps/private/bfoxkemp/jnickla1/Thorne_15_codefigurestats/Methods/43_Forcing_Based/1_ERF_FaIR/FaIR_nonat_method.py:68: RuntimeWarning: Mean of empty slice
  return np.nanmean(samp_cur[year_idx-1850, :], axis = 1)
/oscar/data/deeps/private/bfoxkemp/jnickla1/Thorne_15_codefigurestats/Methods/43_Forcing_Based/1_ERF_FaIR/FaIR_nonat_method.py:68: RuntimeWarning: Mean of empty slice
  return np.nanmean(samp_cur[year_idx-1850, :], axis = 1)
/oscar/data/deeps/private/bfoxkemp/jnickla1/Thorne_15_codefigurestats/Methods/43_Forcing_Based/1_ERF_FaIR/FaIR_nonat_unB_method.py:92: RuntimeWarning: Mean of empty slice
  return np.nanmean(samp_cur[year_idx-1850, :], axis = 1)
/oscar/data/deeps/private/bfoxkemp/jnickla1/Thorne_15_codefigurestats/Methods/43_Forcing_Based/1_ERF_FaIR/FaIR_nonat_unB_method.py:92: RuntimeWarning: Mean of empty slice
  return np.nanmean(samp_cur[year_idx-1850, :], axis = 1)
/oscar/data/deeps/private/bfoxkemp/jnickla1/Thorne_15_codefigurestats/Methods/43_Forcing_Based/1_ERF_FaIR/FaIR_all_method.py:68: RuntimeWarning: Mean of empty slice
  return np.nanmean(samp_cur[year_idx-1850, :], axis = 1)
/oscar/data/deeps/private/bfoxkemp/jnickla1/Thorne_15_codefigurestats/Methods/43_Forcing_Based/1_ERF_FaIR/FaIR_all_unB_method.py:90: RuntimeWarning: Mean of empty slice
  return np.nanmean(samp_cur[year_idx-1850, :], axis = 1)
/oscar/data/deeps/private/bfoxkemp/jnickla1/Thorne_15_codefigurestats/Methods/43_Forcing_Based/1_ERF_FaIR/FaIR_nonat_unB_method.py:92: RuntimeWarning: Mean of empty slice
  return np.nanmean(samp_cur[year_idx-1850, :], axis = 1)
/oscar/data/deeps/private/bfoxkemp/jnickla1/Thorne_15_codefigurestats/Methods/43_Forcing_Based/1_ERF_FaIR/FaIR_comb_unB_method.py:153: RuntimeWarning: Mean of empty slice
  return np.nanmean(samp_cur[year_idx-1850, :], axis = 1)
/oscar/data/deeps/private/bfoxkemp/jnickla1/Thorne_15_codefigurestats/Methods/43_Forcing_Based/1_ERF_FaIR/FaIR_anthro_method.py:67: RuntimeWarning: Mean of empty slice
  return np.nanmean(samp_cur[year_idx-1850, :], axis = 1)
/oscar/data/deeps/private/bfoxkemp/jnickla1/Thorne_15_codefigurestats/Methods/43_Forcing_Based/1_ERF_FaIR/FaIR_anthro_unB_method.py:89: RuntimeWarning: Mean of empty slice
  return np.nanmean(samp_cur[year_idx-1850, :], axis = 1)
/oscar/data/deeps/private/bfoxkemp/jnickla1/Thorne_15_codefigurestats/Methods/43_Forcing_Based/1_ERF_FaIR/FaIR_anthro_method.py:67: RuntimeWarning: Mean of empty slice
  return np.nanmean(samp_cur[year_idx-1850, :], axis = 1)
/oscar/data/deeps/private/bfoxkemp/jnickla1/Thorne_15_codefigurestats/Methods/43_Forcing_Based/1_ERF_FaIR/FaIR_nonat_method.py:68: RuntimeWarning: Mean of empty slice
  return np.nanmean(samp_cur[year_idx-1850, :], axis = 1)
/oscar/data/deeps/private/bfoxkemp/jnickla1/Thorne_15_codefigurestats/Methods/43_Forcing_Based/1_ERF_FaIR/FaIR_nonat_unB_method.py:92: RuntimeWarning: Mean of empty slice
  return np.nanmean(samp_cur[year_idx-1850, :], axis = 1)
/oscar/data/deeps/private/bfoxkemp/jnickla1/Thorne_15_codefigurestats/Methods/43_Forcing_Based/1_ERF_FaIR/FaIR_anthro_unB_method.py:89: RuntimeWarning: Mean of empty slice
  return np.nanmean(samp_cur[year_idx-1850, :], axis = 1)
/oscar/data/deeps/private/bfoxkemp/jnickla1/Thorne_15_codefigurestats/Methods/43_Forcing_Based/1_ERF_FaIR/FaIR_nonat_method.py:68: RuntimeWarning: Mean of empty slice
  return np.nanmean(samp_cur[year_idx-1850, :], axis = 1)
/oscar/data/deeps/private/bfoxkemp/jnickla1/Thorne_15_codefigurestats/Methods/43_Forcing_Based/1_ERF_FaIR/FaIR_nonat_unB_method.py:92: RuntimeWarning: Mean of empty slice
  return np.nanmean(samp_cur[year_idx-1850, :], axis = 1)
/oscar/data/deeps/private/bfoxkemp/jnickla1/Thorne_15_codefigurestats/Methods/43_Forcing_Based/1_ERF_FaIR/FaIR_all_method.py:68: RuntimeWarning: Mean of empty slice
  return np.nanmean(samp_cur[year_idx-1850, :], axis = 1)
/oscar/data/deeps/private/bfoxkemp/jnickla1/Thorne_15_codefigurestats/Methods/43_Forcing_Based/1_ERF_FaIR/FaIR_all_unB_method.py:90: RuntimeWarning: Mean of empty slice
  return np.nanmean(samp_cur[year_idx-1850, :], axis = 1)
/oscar/data/deeps/private/bfoxkemp/jnickla1/Thorne_15_codefigurestats/Methods/43_Forcing_Based/1_ERF_FaIR/FaIR_comb_unB_method.py:153: RuntimeWarning: Mean of empty slice
  return np.nanmean(samp_cur[year_idx-1850, :], axis = 1)
/oscar/data/deeps/private/bfoxkemp/jnickla1/Thorne_15_codefigurestats/Methods/43_Forcing_Based/1_ERF_FaIR/FaIR_all_method.py:68: RuntimeWarning: Mean of empty slice
  return np.nanmean(samp_cur[year_idx-1850, :], axis = 1)
/oscar/data/deeps/private/bfoxkemp/jnickla1/Thorne_15_codefigurestats/Methods/43_Forcing_Based/1_ERF_FaIR/FaIR_all_unB_method.py:90: RuntimeWarning: Mean of empty slice
  return np.nanmean(samp_cur[year_idx-1850, :], axis = 1)
/oscar/data/deeps/private/bfoxkemp/jnickla1/Thorne_15_codefigurestats/Methods/43_Forcing_Based/1_ERF_FaIR/FaIR_comb_unB_method.py:153: RuntimeWarning: Mean of empty slice
  return np.nanmean(samp_cur[year_idx-1850, :], axis = 1)
/oscar/data/deeps/private/bfoxkemp/jnickla1/Thorne_15_codefigurestats/Methods/43_Forcing_Based/1_ERF_FaIR/FaIR_anthro_unB_method.py:89: RuntimeWarning: Mean of empty slice
  return np.nanmean(samp_cur[year_idx-1850, :], axis = 1)
/users/jnickla1/.conda/envs/cleanpy/lib/python3.13/site-packages/numpy/lib/_nanfunctions_impl.py:2019: RuntimeWarning: Degrees of freedom <= 0 for slice.
  var = nanvar(a, axis=axis, dtype=dtype, out=out, ddof=ddof,
/oscar/data/deeps/private/bfoxkemp/jnickla1/Thorne_15_codefigurestats/Methods/43_Forcing_Based/1_ERF_FaIR/FaIR_anthro_unB_method.py:117: RuntimeWarning: Mean of empty slice
  cdist = np.nanmean(dist)
/oscar/data/deeps/private/bfoxkemp/jnickla1/Thorne_15_codefigurestats/Methods/43_Forcing_Based/1_ERF_FaIR/FaIR_anthro_unB_method.py:89: RuntimeWarning: Mean of empty slice
  return np.nanmean(samp_cur[year_idx-1850, :], axis = 1)
/users/jnickla1/.conda/envs/cleanpy/lib/python3.13/site-packages/numpy/lib/_nanfunctions_impl.py:2019: RuntimeWarning: Degrees of freedom <= 0 for slice.
  var = nanvar(a, axis=axis, dtype=dtype, out=out, ddof=ddof,
/oscar/data/deeps/private/bfoxkemp/jnickla1/Thorne_15_codefigurestats/Methods/43_Forcing_Based/1_ERF_FaIR/FaIR_anthro_unB_method.py:117: RuntimeWarning: Mean of empty slice
  cdist = np.nanmean(dist)
/oscar/data/deeps/private/bfoxkemp/jnickla1/Thorne_15_codefigurestats/Methods/43_Forcing_Based/1_ERF_FaIR/FaIR_anthro_method.py:67: RuntimeWarning: Mean of empty slice
  return np.nanmean(samp_cur[year_idx-1850, :], axis = 1)
/users/jnickla1/.conda/envs/cleanpy/lib/python3.13/site-packages/numpy/lib/_nanfunctions_impl.py:2019: RuntimeWarning: Degrees of freedom <= 0 for slice.
  var = nanvar(a, axis=axis, dtype=dtype, out=out, ddof=ddof,
/oscar/data/deeps/private/bfoxkemp/jnickla1/Thorne_15_codefigurestats/Methods/43_Forcing_Based/1_ERF_FaIR/FaIR_anthro_method.py:95: RuntimeWarning: Mean of empty slice
  cdist = np.nanmean(dist)
/oscar/data/deeps/private/bfoxkemp/jnickla1/Thorne_15_codefigurestats/Methods/43_Forcing_Based/1_ERF_FaIR/FaIR_anthro_method.py:67: RuntimeWarning: Mean of empty slice
  return np.nanmean(samp_cur[year_idx-1850, :], axis = 1)
/users/jnickla1/.conda/envs/cleanpy/lib/python3.13/site-packages/numpy/lib/_nanfunctions_impl.py:2019: RuntimeWarning: Degrees of freedom <= 0 for slice.
  var = nanvar(a, axis=axis, dtype=dtype, out=out, ddof=ddof,
/oscar/data/deeps/private/bfoxkemp/jnickla1/Thorne_15_codefigurestats/Methods/43_Forcing_Based/1_ERF_FaIR/FaIR_anthro_method.py:95: RuntimeWarning: Mean of empty slice
  cdist = np.nanmean(dist)
/oscar/data/deeps/private/bfoxkemp/jnickla1/Thorne_15_codefigurestats/Methods/43_Forcing_Based/1_ERF_FaIR/FaIR_anthro_method.py:67: RuntimeWarning: Mean of empty slice
  return np.nanmean(samp_cur[year_idx-1850, :], axis = 1)
/users/jnickla1/.conda/envs/cleanpy/lib/python3.13/site-packages/numpy/lib/_nanfunctions_impl.py:2019: RuntimeWarning: Degrees of freedom <= 0 for slice.
  var = nanvar(a, axis=axis, dtype=dtype, out=out, ddof=ddof,
/oscar/data/deeps/private/bfoxkemp/jnickla1/Thorne_15_codefigurestats/Methods/43_Forcing_Based/1_ERF_FaIR/FaIR_anthro_method.py:95: RuntimeWarning: Mean of empty slice
  cdist = np.nanmean(dist)
/oscar/data/deeps/private/bfoxkemp/jnickla1/Thorne_15_codefigurestats/Methods/43_Forcing_Based/1_ERF_FaIR/FaIR_anthro_unB_method.py:89: RuntimeWarning: Mean of empty slice
  return np.nanmean(samp_cur[year_idx-1850, :], axis = 1)
/users/jnickla1/.conda/envs/cleanpy/lib/python3.13/site-packages/numpy/lib/_nanfunctions_impl.py:2019: RuntimeWarning: Degrees of freedom <= 0 for slice.
  var = nanvar(a, axis=axis, dtype=dtype, out=out, ddof=ddof,
/oscar/data/deeps/private/bfoxkemp/jnickla1/Thorne_15_codefigurestats/Methods/43_Forcing_Based/1_ERF_FaIR/FaIR_anthro_unB_method.py:117: RuntimeWarning: Mean of empty slice
  cdist = np.nanmean(dist)
/oscar/data/deeps/private/bfoxkemp/jnickla1/Thorne_15_codefigurestats/Methods/43_Forcing_Based/1_ERF_FaIR/FaIR_nonat_method.py:68: RuntimeWarning: Mean of empty slice
  return np.nanmean(samp_cur[year_idx-1850, :], axis = 1)
/users/jnickla1/.conda/envs/cleanpy/lib/python3.13/site-packages/numpy/lib/_nanfunctions_impl.py:2019: RuntimeWarning: Degrees of freedom <= 0 for slice.
  var = nanvar(a, axis=axis, dtype=dtype, out=out, ddof=ddof,
/oscar/data/deeps/private/bfoxkemp/jnickla1/Thorne_15_codefigurestats/Methods/43_Forcing_Based/1_ERF_FaIR/FaIR_nonat_method.py:96: RuntimeWarning: Mean of empty slice
  cdist = np.nanmean(dist)
/oscar/data/deeps/private/bfoxkemp/jnickla1/Thorne_15_codefigurestats/Methods/43_Forcing_Based/1_ERF_FaIR/FaIR_nonat_method.py:68: RuntimeWarning: Mean of empty slice
  return np.nanmean(samp_cur[year_idx-1850, :], axis = 1)
/users/jnickla1/.conda/envs/cleanpy/lib/python3.13/site-packages/numpy/lib/_nanfunctions_impl.py:2019: RuntimeWarning: Degrees of freedom <= 0 for slice.
  var = nanvar(a, axis=axis, dtype=dtype, out=out, ddof=ddof,
/oscar/data/deeps/private/bfoxkemp/jnickla1/Thorne_15_codefigurestats/Methods/43_Forcing_Based/1_ERF_FaIR/FaIR_nonat_method.py:96: RuntimeWarning: Mean of empty slice
  cdist = np.nanmean(dist)
/oscar/data/deeps/private/bfoxkemp/jnickla1/Thorne_15_codefigurestats/Methods/43_Forcing_Based/1_ERF_FaIR/FaIR_anthro_unB_method.py:89: RuntimeWarning: Mean of empty slice
  return np.nanmean(samp_cur[year_idx-1850, :], axis = 1)
/users/jnickla1/.conda/envs/cleanpy/lib/python3.13/site-packages/numpy/lib/_nanfunctions_impl.py:2019: RuntimeWarning: Degrees of freedom <= 0 for slice.
  var = nanvar(a, axis=axis, dtype=dtype, out=out, ddof=ddof,
/oscar/data/deeps/private/bfoxkemp/jnickla1/Thorne_15_codefigurestats/Methods/43_Forcing_Based/1_ERF_FaIR/FaIR_anthro_unB_method.py:117: RuntimeWarning: Mean of empty slice
  cdist = np.nanmean(dist)
/oscar/data/deeps/private/bfoxkemp/jnickla1/Thorne_15_codefigurestats/fut_evaluation_script.py:427: RuntimeWarning: Mean of empty slice
  evalmean = np.nanmean(diffcross) #if crossing multiple times take the mean
/oscar/data/deeps/private/bfoxkemp/jnickla1/Thorne_15_codefigurestats/fut_evaluation_script.py:464: RuntimeWarning: Mean of empty slice
  evalmean = np.nanmean(diffcrossE) #if crossing multiple times take the mean
/oscar/data/deeps/private/bfoxkemp/jnickla1/Thorne_15_codefigurestats/Methods/43_Forcing_Based/1_ERF_FaIR/FaIR_anthro_unB_method.py:89: RuntimeWarning: Mean of empty slice
  return np.nanmean(samp_cur[year_idx-1850, :], axis = 1)
/users/jnickla1/.conda/envs/cleanpy/lib/python3.13/site-packages/numpy/lib/_nanfunctions_impl.py:2019: RuntimeWarning: Degrees of freedom <= 0 for slice.
  var = nanvar(a, axis=axis, dtype=dtype, out=out, ddof=ddof,
/oscar/data/deeps/private/bfoxkemp/jnickla1/Thorne_15_codefigurestats/Methods/43_Forcing_Based/1_ERF_FaIR/FaIR_anthro_unB_method.py:117: RuntimeWarning: Mean of empty slice
  cdist = np.nanmean(dist)
/oscar/data/deeps/private/bfoxkemp/jnickla1/Thorne_15_codefigurestats/Methods/43_Forcing_Based/1_ERF_FaIR/FaIR_nonat_method.py:68: RuntimeWarning: Mean of empty slice
  return np.nanmean(samp_cur[year_idx-1850, :], axis = 1)
/users/jnickla1/.conda/envs/cleanpy/lib/python3.13/site-packages/numpy/lib/_nanfunctions_impl.py:2019: RuntimeWarning: Degrees of freedom <= 0 for slice.
  var = nanvar(a, axis=axis, dtype=dtype, out=out, ddof=ddof,
/oscar/data/deeps/private/bfoxkemp/jnickla1/Thorne_15_codefigurestats/Methods/43_Forcing_Based/1_ERF_FaIR/FaIR_nonat_method.py:96: RuntimeWarning: Mean of empty slice
  cdist = np.nanmean(dist)
/oscar/data/deeps/private/bfoxkemp/jnickla1/Thorne_15_codefigurestats/Methods/43_Forcing_Based/1_ERF_FaIR/FaIR_nonat_unB_method.py:92: RuntimeWarning: Mean of empty slice
  return np.nanmean(samp_cur[year_idx-1850, :], axis = 1)
/users/jnickla1/.conda/envs/cleanpy/lib/python3.13/site-packages/numpy/lib/_nanfunctions_impl.py:2019: RuntimeWarning: Degrees of freedom <= 0 for slice.
  var = nanvar(a, axis=axis, dtype=dtype, out=out, ddof=ddof,
/oscar/data/deeps/private/bfoxkemp/jnickla1/Thorne_15_codefigurestats/Methods/43_Forcing_Based/1_ERF_FaIR/FaIR_nonat_unB_method.py:120: RuntimeWarning: Mean of empty slice
  cdist = np.nanmean(dist)
/oscar/data/deeps/private/bfoxkemp/jnickla1/Thorne_15_codefigurestats/Methods/43_Forcing_Based/1_ERF_FaIR/FaIR_nonat_unB_method.py:92: RuntimeWarning: Mean of empty slice
  return np.nanmean(samp_cur[year_idx-1850, :], axis = 1)
/users/jnickla1/.conda/envs/cleanpy/lib/python3.13/site-packages/numpy/lib/_nanfunctions_impl.py:2019: RuntimeWarning: Degrees of freedom <= 0 for slice.
  var = nanvar(a, axis=axis, dtype=dtype, out=out, ddof=ddof,
/oscar/data/deeps/private/bfoxkemp/jnickla1/Thorne_15_codefigurestats/Methods/43_Forcing_Based/1_ERF_FaIR/FaIR_nonat_unB_method.py:120: RuntimeWarning: Mean of empty slice
  cdist = np.nanmean(dist)
/oscar/data/deeps/private/bfoxkemp/jnickla1/Thorne_15_codefigurestats/Methods/43_Forcing_Based/1_ERF_FaIR/FaIR_nonat_method.py:68: RuntimeWarning: Mean of empty slice
  return np.nanmean(samp_cur[year_idx-1850, :], axis = 1)
/users/jnickla1/.conda/envs/cleanpy/lib/python3.13/site-packages/numpy/lib/_nanfunctions_impl.py:2019: RuntimeWarning: Degrees of freedom <= 0 for slice.
  var = nanvar(a, axis=axis, dtype=dtype, out=out, ddof=ddof,
/oscar/data/deeps/private/bfoxkemp/jnickla1/Thorne_15_codefigurestats/Methods/43_Forcing_Based/1_ERF_FaIR/FaIR_nonat_method.py:96: RuntimeWarning: Mean of empty slice
  cdist = np.nanmean(dist)
/oscar/data/deeps/private/bfoxkemp/jnickla1/Thorne_15_codefigurestats/Methods/43_Forcing_Based/1_ERF_FaIR/FaIR_nonat_unB_method.py:92: RuntimeWarning: Mean of empty slice
  return np.nanmean(samp_cur[year_idx-1850, :], axis = 1)
/users/jnickla1/.conda/envs/cleanpy/lib/python3.13/site-packages/numpy/lib/_nanfunctions_impl.py:2019: RuntimeWarning: Degrees of freedom <= 0 for slice.
  var = nanvar(a, axis=axis, dtype=dtype, out=out, ddof=ddof,
/oscar/data/deeps/private/bfoxkemp/jnickla1/Thorne_15_codefigurestats/Methods/43_Forcing_Based/1_ERF_FaIR/FaIR_nonat_unB_method.py:120: RuntimeWarning: Mean of empty slice
  cdist = np.nanmean(dist)
/oscar/data/deeps/private/bfoxkemp/jnickla1/Thorne_15_codefigurestats/fut_evaluation_script.py:427: RuntimeWarning: Mean of empty slice
  evalmean = np.nanmean(diffcross) #if crossing multiple times take the mean
/oscar/data/deeps/private/bfoxkemp/jnickla1/Thorne_15_codefigurestats/Methods/43_Forcing_Based/1_ERF_FaIR/FaIR_all_method.py:68: RuntimeWarning: Mean of empty slice
  return np.nanmean(samp_cur[year_idx-1850, :], axis = 1)
/users/jnickla1/.conda/envs/cleanpy/lib/python3.13/site-packages/numpy/lib/_nanfunctions_impl.py:2019: RuntimeWarning: Degrees of freedom <= 0 for slice.
  var = nanvar(a, axis=axis, dtype=dtype, out=out, ddof=ddof,
/oscar/data/deeps/private/bfoxkemp/jnickla1/Thorne_15_codefigurestats/Methods/43_Forcing_Based/1_ERF_FaIR/FaIR_all_method.py:96: RuntimeWarning: Mean of empty slice
  cdist = np.nanmean(dist)
/oscar/data/deeps/private/bfoxkemp/jnickla1/Thorne_15_codefigurestats/fut_evaluation_script.py:464: RuntimeWarning: Mean of empty slice
  evalmean = np.nanmean(diffcrossE) #if crossing multiple times take the mean
/oscar/data/deeps/private/bfoxkemp/jnickla1/Thorne_15_codefigurestats/Methods/43_Forcing_Based/1_ERF_FaIR/FaIR_all_method.py:68: RuntimeWarning: Mean of empty slice
  return np.nanmean(samp_cur[year_idx-1850, :], axis = 1)
/users/jnickla1/.conda/envs/cleanpy/lib/python3.13/site-packages/numpy/lib/_nanfunctions_impl.py:2019: RuntimeWarning: Degrees of freedom <= 0 for slice.
  var = nanvar(a, axis=axis, dtype=dtype, out=out, ddof=ddof,
/oscar/data/deeps/private/bfoxkemp/jnickla1/Thorne_15_codefigurestats/Methods/43_Forcing_Based/1_ERF_FaIR/FaIR_all_method.py:96: RuntimeWarning: Mean of empty slice
  cdist = np.nanmean(dist)
/oscar/data/deeps/private/bfoxkemp/jnickla1/Thorne_15_codefigurestats/Methods/43_Forcing_Based/1_ERF_FaIR/FaIR_nonat_method.py:68: RuntimeWarning: Mean of empty slice
  return np.nanmean(samp_cur[year_idx-1850, :], axis = 1)
/oscar/data/deeps/private/bfoxkemp/jnickla1/Thorne_15_codefigurestats/Methods/43_Forcing_Based/1_ERF_FaIR/FaIR_nonat_unB_method.py:92: RuntimeWarning: Mean of empty slice
  return np.nanmean(samp_cur[year_idx-1850, :], axis = 1)
/users/jnickla1/.conda/envs/cleanpy/lib/python3.13/site-packages/numpy/lib/_nanfunctions_impl.py:2019: RuntimeWarning: Degrees of freedom <= 0 for slice.
  var = nanvar(a, axis=axis, dtype=dtype, out=out, ddof=ddof,
/oscar/data/deeps/private/bfoxkemp/jnickla1/Thorne_15_codefigurestats/Methods/43_Forcing_Based/1_ERF_FaIR/FaIR_nonat_method.py:96: RuntimeWarning: Mean of empty slice
  cdist = np.nanmean(dist)
/users/jnickla1/.conda/envs/cleanpy/lib/python3.13/site-packages/numpy/lib/_nanfunctions_impl.py:2019: RuntimeWarning: Degrees of freedom <= 0 for slice.
  var = nanvar(a, axis=axis, dtype=dtype, out=out, ddof=ddof,
/oscar/data/deeps/private/bfoxkemp/jnickla1/Thorne_15_codefigurestats/Methods/43_Forcing_Based/1_ERF_FaIR/FaIR_nonat_unB_method.py:120: RuntimeWarning: Mean of empty slice
  cdist = np.nanmean(dist)
/oscar/data/deeps/private/bfoxkemp/jnickla1/Thorne_15_codefigurestats/Methods/43_Forcing_Based/1_ERF_FaIR/FaIR_all_method.py:68: RuntimeWarning: Mean of empty slice
  return np.nanmean(samp_cur[year_idx-1850, :], axis = 1)
/users/jnickla1/.conda/envs/cleanpy/lib/python3.13/site-packages/numpy/lib/_nanfunctions_impl.py:2019: RuntimeWarning: Degrees of freedom <= 0 for slice.
  var = nanvar(a, axis=axis, dtype=dtype, out=out, ddof=ddof,
/oscar/data/deeps/private/bfoxkemp/jnickla1/Thorne_15_codefigurestats/Methods/43_Forcing_Based/1_ERF_FaIR/FaIR_all_method.py:96: RuntimeWarning: Mean of empty slice
  cdist = np.nanmean(dist)
/oscar/data/deeps/private/bfoxkemp/jnickla1/Thorne_15_codefigurestats/fut_evaluation_script.py:427: RuntimeWarning: Mean of empty slice
  evalmean = np.nanmean(diffcross) #if crossing multiple times take the mean
/oscar/data/deeps/private/bfoxkemp/jnickla1/Thorne_15_codefigurestats/fut_evaluation_script.py:427: RuntimeWarning: Mean of empty slice
  evalmean = np.nanmean(diffcross) #if crossing multiple times take the mean
/oscar/data/deeps/private/bfoxkemp/jnickla1/Thorne_15_codefigurestats/fut_evaluation_script.py:464: RuntimeWarning: Mean of empty slice
  evalmean = np.nanmean(diffcrossE) #if crossing multiple times take the mean
/oscar/data/deeps/private/bfoxkemp/jnickla1/Thorne_15_codefigurestats/Methods/43_Forcing_Based/1_ERF_FaIR/FaIR_all_method.py:68: RuntimeWarning: Mean of empty slice
  return np.nanmean(samp_cur[year_idx-1850, :], axis = 1)
/users/jnickla1/.conda/envs/cleanpy/lib/python3.13/site-packages/numpy/lib/_nanfunctions_impl.py:2019: RuntimeWarning: Degrees of freedom <= 0 for slice.
  var = nanvar(a, axis=axis, dtype=dtype, out=out, ddof=ddof,
/oscar/data/deeps/private/bfoxkemp/jnickla1/Thorne_15_codefigurestats/Methods/43_Forcing_Based/1_ERF_FaIR/FaIR_all_method.py:96: RuntimeWarning: Mean of empty slice
  cdist = np.nanmean(dist)
/oscar/data/deeps/private/bfoxkemp/jnickla1/Thorne_15_codefigurestats/Methods/43_Forcing_Based/1_ERF_FaIR/FaIR_all_unB_method.py:90: RuntimeWarning: Mean of empty slice
  return np.nanmean(samp_cur[year_idx-1850, :], axis = 1)
/users/jnickla1/.conda/envs/cleanpy/lib/python3.13/site-packages/numpy/lib/_nanfunctions_impl.py:2019: RuntimeWarning: Degrees of freedom <= 0 for slice.
  var = nanvar(a, axis=axis, dtype=dtype, out=out, ddof=ddof,
/oscar/data/deeps/private/bfoxkemp/jnickla1/Thorne_15_codefigurestats/Methods/43_Forcing_Based/1_ERF_FaIR/FaIR_all_unB_method.py:118: RuntimeWarning: Mean of empty slice
  cdist = np.nanmean(dist)
/oscar/data/deeps/private/bfoxkemp/jnickla1/Thorne_15_codefigurestats/Methods/43_Forcing_Based/1_ERF_FaIR/FaIR_all_unB_method.py:90: RuntimeWarning: Mean of empty slice
  return np.nanmean(samp_cur[year_idx-1850, :], axis = 1)
/users/jnickla1/.conda/envs/cleanpy/lib/python3.13/site-packages/numpy/lib/_nanfunctions_impl.py:2019: RuntimeWarning: Degrees of freedom <= 0 for slice.
  var = nanvar(a, axis=axis, dtype=dtype, out=out, ddof=ddof,
/oscar/data/deeps/private/bfoxkemp/jnickla1/Thorne_15_codefigurestats/Methods/43_Forcing_Based/1_ERF_FaIR/FaIR_all_unB_method.py:118: RuntimeWarning: Mean of empty slice
  cdist = np.nanmean(dist)
/oscar/data/deeps/private/bfoxkemp/jnickla1/Thorne_15_codefigurestats/Methods/43_Forcing_Based/1_ERF_FaIR/FaIR_all_unB_method.py:90: RuntimeWarning: Mean of empty slice
  return np.nanmean(samp_cur[year_idx-1850, :], axis = 1)
/users/jnickla1/.conda/envs/cleanpy/lib/python3.13/site-packages/numpy/lib/_nanfunctions_impl.py:2019: RuntimeWarning: Degrees of freedom <= 0 for slice.
  var = nanvar(a, axis=axis, dtype=dtype, out=out, ddof=ddof,
/oscar/data/deeps/private/bfoxkemp/jnickla1/Thorne_15_codefigurestats/Methods/43_Forcing_Based/1_ERF_FaIR/FaIR_all_unB_method.py:118: RuntimeWarning: Mean of empty slice
  cdist = np.nanmean(dist)
/oscar/data/deeps/private/bfoxkemp/jnickla1/Thorne_15_codefigurestats/Methods/43_Forcing_Based/1_ERF_FaIR/FaIR_nonat_unB_method.py:92: RuntimeWarning: Mean of empty slice
  return np.nanmean(samp_cur[year_idx-1850, :], axis = 1)
/users/jnickla1/.conda/envs/cleanpy/lib/python3.13/site-packages/numpy/lib/_nanfunctions_impl.py:2019: RuntimeWarning: Degrees of freedom <= 0 for slice.
  var = nanvar(a, axis=axis, dtype=dtype, out=out, ddof=ddof,
/oscar/data/deeps/private/bfoxkemp/jnickla1/Thorne_15_codefigurestats/Methods/43_Forcing_Based/1_ERF_FaIR/FaIR_nonat_unB_method.py:120: RuntimeWarning: Mean of empty slice
  cdist = np.nanmean(dist)
/oscar/data/deeps/private/bfoxkemp/jnickla1/Thorne_15_codefigurestats/fut_evaluation_script.py:427: RuntimeWarning: Mean of empty slice
  evalmean = np.nanmean(diffcross) #if crossing multiple times take the mean
/oscar/data/deeps/private/bfoxkemp/jnickla1/Thorne_15_codefigurestats/fut_evaluation_script.py:464: RuntimeWarning: Mean of empty slice
  evalmean = np.nanmean(diffcrossE) #if crossing multiple times take the mean
/oscar/data/deeps/private/bfoxkemp/jnickla1/Thorne_15_codefigurestats/Methods/43_Forcing_Based/1_ERF_FaIR/FaIR_comb_unB_method.py:153: RuntimeWarning: Mean of empty slice
  return np.nanmean(samp_cur[year_idx-1850, :], axis = 1)
/users/jnickla1/.conda/envs/cleanpy/lib/python3.13/site-packages/numpy/lib/_nanfunctions_impl.py:2019: RuntimeWarning: Degrees of freedom <= 0 for slice.
  var = nanvar(a, axis=axis, dtype=dtype, out=out, ddof=ddof,
/oscar/data/deeps/private/bfoxkemp/jnickla1/Thorne_15_codefigurestats/Methods/43_Forcing_Based/1_ERF_FaIR/FaIR_comb_unB_method.py:181: RuntimeWarning: Mean of empty slice
  cdist = np.nanmean(dist)
/oscar/data/deeps/private/bfoxkemp/jnickla1/Thorne_15_codefigurestats/Methods/43_Forcing_Based/1_ERF_FaIR/FaIR_comb_unB_method.py:153: RuntimeWarning: Mean of empty slice
  return np.nanmean(samp_cur[year_idx-1850, :], axis = 1)
/users/jnickla1/.conda/envs/cleanpy/lib/python3.13/site-packages/numpy/lib/_nanfunctions_impl.py:2019: RuntimeWarning: Degrees of freedom <= 0 for slice.
  var = nanvar(a, axis=axis, dtype=dtype, out=out, ddof=ddof,
/oscar/data/deeps/private/bfoxkemp/jnickla1/Thorne_15_codefigurestats/Methods/43_Forcing_Based/1_ERF_FaIR/FaIR_comb_unB_method.py:181: RuntimeWarning: Mean of empty slice
  cdist = np.nanmean(dist)
/oscar/data/deeps/private/bfoxkemp/jnickla1/Thorne_15_codefigurestats/Methods/43_Forcing_Based/1_ERF_FaIR/FaIR_comb_unB_method.py:153: RuntimeWarning: Mean of empty slice
  return np.nanmean(samp_cur[year_idx-1850, :], axis = 1)
/users/jnickla1/.conda/envs/cleanpy/lib/python3.13/site-packages/numpy/lib/_nanfunctions_impl.py:2019: RuntimeWarning: Degrees of freedom <= 0 for slice.
  var = nanvar(a, axis=axis, dtype=dtype, out=out, ddof=ddof,
/oscar/data/deeps/private/bfoxkemp/jnickla1/Thorne_15_codefigurestats/Methods/43_Forcing_Based/1_ERF_FaIR/FaIR_comb_unB_method.py:181: RuntimeWarning: Mean of empty slice
  cdist = np.nanmean(dist)
/oscar/data/deeps/private/bfoxkemp/jnickla1/Thorne_15_codefigurestats/Methods/43_Forcing_Based/1_ERF_FaIR/FaIR_all_unB_method.py:90: RuntimeWarning: Mean of empty slice
  return np.nanmean(samp_cur[year_idx-1850, :], axis = 1)
/users/jnickla1/.conda/envs/cleanpy/lib/python3.13/site-packages/numpy/lib/_nanfunctions_impl.py:2019: RuntimeWarning: Degrees of freedom <= 0 for slice.
  var = nanvar(a, axis=axis, dtype=dtype, out=out, ddof=ddof,
/oscar/data/deeps/private/bfoxkemp/jnickla1/Thorne_15_codefigurestats/Methods/43_Forcing_Based/1_ERF_FaIR/FaIR_all_unB_method.py:118: RuntimeWarning: Mean of empty slice
  cdist = np.nanmean(dist)
/oscar/data/deeps/private/bfoxkemp/jnickla1/Thorne_15_codefigurestats/fut_evaluation_script.py:427: RuntimeWarning: Mean of empty slice
  evalmean = np.nanmean(diffcross) #if crossing multiple times take the mean
/oscar/data/deeps/private/bfoxkemp/jnickla1/Thorne_15_codefigurestats/fut_evaluation_script.py:464: RuntimeWarning: Mean of empty slice
  evalmean = np.nanmean(diffcrossE) #if crossing multiple times take the mean
starting computation for fut_ESM1-2-LR_SSP126_constVolc
max_runs13
Model number:
12




Methods/42_Temp_Alone/1_Run_Means/cent10y_method.py
Methods/42_Temp_Alone/1_Run_Means/cent20y_method.py
Methods/42_Temp_Alone/1_Run_Means/cent21y_method.py
Methods/42_Temp_Alone/1_Run_Means/cent30y_method.py
Methods/42_Temp_Alone/1_Run_Means/lag10y_method.py
Methods/42_Temp_Alone/1_Run_Means/lag5y_method.py
Methods/42_Temp_Alone/1_Run_Means/offset11y_method.py
Methods/42_Temp_Alone/1_Run_Means/raw1y_method.py
Methods/43_Forcing_Based/1_ERF_FaIR/FaIR_all_method.py
Methods/43_Forcing_Based/1_ERF_FaIR/FaIR_all_unB_method.py
Methods/43_Forcing_Based/1_ERF_FaIR/FaIR_anthro_method.py
Methods/43_Forcing_Based/1_ERF_FaIR/FaIR_anthro_unB_method.py
Methods/43_Forcing_Based/1_ERF_FaIR/FaIR_comb_unB_method.py
Methods/43_Forcing_Based/1_ERF_FaIR/FaIR_nonat_method.py
Methods/43_Forcing_Based/1_ERF_FaIR/FaIR_nonat_unB_method.py
evaluating 6 of 0.1°C thresholds, starting at 1.1°C
11
FaIR_anthro sampled, d llike: 0.0032769028571557612
FaIR_anthro sampled, d llike: -0.6554083007634811
FaIR_anthro_unB sampled, d llike: 0.011678847164868555
FaIR_anthro_unB sampled, d llike: -0.5599339531205293
FaIR_nonat sampled, d llike: -0.044231293334456856
FaIR_nonat sampled, d llike: -0.07323724183089464
FaIR_nonat_unB sampled, d llike: -0.0383529920445993
FaIR_nonat_unB sampled, d llike: -0.0578231207222939
FaIR_all sampled, d llike: -2534.722024880799
FaIR_all sampled, d llike: -0.07547061292275159
FaIR_all_unB sampled, d llike: -0.032335165409346
FaIR_all_unB sampled, d llike: -0.05156426302942707
FaIR_comb_unB sampled, d llike: -0.04070010374785782
FaIR_comb_unB sampled, d llike: 0.06606525400200147
        method_name    method_class c/r  smooth_r  avg_unc.(1se)  #q<0.5  #q<0.1   log-likeli       RMS      bias         tlog-l       100log-l    100RMS     75RMS   100bias        l15  l20    bias50    Edyrs15  Edyrs20    Mdyrs15  Mdyrs20    Fdyrs15  Fdyrs20    EdyrsA    RMSyrsA  ncEdyrs      e100log-l   e100RMS    e75RMS  e100bias          el15  el20   ebias50      eEdyrs15  eEdyrs20      eMdyrs15  eMdyrs20      eFdyrs15  eFdyrs20   eEdyrsA  eRMSyrsA  nceEdyrs
21    FaIR_comb_unB   43/1_ERF_FaIR   c     2.110       0.071684       0       0     1.324087  0.060522 -0.016817     207.881694     119.927679  0.062646  0.066305  0.001044   5.365666  0.0 -0.053475   0.750000       -1   0.750000       -1   0.750000       -1  1.361111  11.205054      5.0     114.281834  0.067559  0.055124  0.018198  4.563003e+00   0.0 -0.040600  3.416667e+00        -1  3.416667e+00        -1  3.416667e+00        -1  0.833333  0.833333       5.0
19     FaIR_all_unB   43/1_ERF_FaIR   c     3.677       0.084184       0       0     1.246336  0.063460 -0.005052     200.660088     114.790802  0.063182  0.064479  0.003128   4.392482  0.0 -0.052402   0.750000       -1   0.750000       -1   0.750000       -1  1.034722  11.399381      6.0     108.547036  0.071533  0.054119  0.020283  3.719541e+00   0.0 -0.039527  3.416667e+00        -1  3.416667e+00        -1  3.416667e+00        -1  0.506944  0.506944       6.0
9       FaIR_anthro   43/1_ERF_FaIR   c     1.695       0.083213      54       0     0.893887  0.088515 -0.024756     143.915749     114.159355  0.068107  0.069360  0.026571   4.231520  0.0 -0.023821 -12.083333       -1 -12.083333       -1 -12.083333       -1 -4.576389   8.413177      7.0     107.618997  0.075029  0.058857  0.043725  3.878853e+00   0.0 -0.010946 -9.416667e+00        -1 -9.416667e+00        -1 -9.416667e+00        -1 -5.284722  5.284722       7.0
15   FaIR_nonat_unB   43/1_ERF_FaIR   c     2.120       0.081318       0       0     1.201374  0.068454 -0.016405     193.421244     111.652856  0.068226  0.070752  0.005973   4.746200  0.0 -0.054489  -0.958333       -1  -1.833333       -1  -1.833333       -1  0.409722  11.629268      7.2     105.743982  0.073880  0.058954  0.023128  4.337275e+00   0.0 -0.041614  1.708333e+00        -1  2.583333e+00        -1  8.333333e-01        -1 -0.118056  0.118056       7.2
11  FaIR_anthro_unB   43/1_ERF_FaIR   c     1.720       0.083223       0       0     0.859962  0.090777 -0.038203     138.453844     107.516411  0.073261  0.077578  0.002726   4.041730  0.0 -0.064044   0.333333       -1   0.333333       -1   0.333333       -1  0.500000  11.774600      5.0     103.866588  0.077518  0.065523  0.019881  3.557305e+00   0.0 -0.051169  3.000000e+00        -1  3.000000e+00        -1  3.000000e+00        -1 -0.027778  0.027778       5.0
13       FaIR_nonat   43/1_ERF_FaIR   c     2.198       0.101497       0       0     1.090288  0.070272 -0.005369     175.536363     103.127049  0.068566  0.067932  0.028913   3.749921  0.0 -0.022557 -12.250000       -1 -12.250000       -1 -12.250000       -1 -4.305556   9.227701      8.0      96.896724  0.077684  0.057611  0.046067  3.583118e+00   0.0 -0.009682 -9.583333e+00        -1 -9.583333e+00        -1 -9.583333e+00        -1 -5.013889  5.013889       8.0
0            lag10y  42/1_Run_Means   c     3.368       0.038248      91      16     1.180509  0.059047 -0.029963     272.697575      76.310725  0.058468  0.047445 -0.033093   0.842083  0.0  0.005586   3.500000       -1   3.500000       -1   3.500000       -1  4.701389   5.127907      7.0     111.574860  0.052679  0.058559 -0.015939  4.883896e-01   0.0  0.018461  6.166667e+00        -1  6.166667e+00        -1  6.166667e+00        -1  3.993056  3.993056       7.0
2             raw1y  42/1_Run_Means   c    32.357       0.130200       2       0     0.684180  0.120554  0.000466     158.045559      68.889224  0.112641  0.120668  0.010255   3.179697  0.0  0.006902  -0.083333       -1 -12.166667       -1 -12.166667       -1  2.277282   3.307297     30.4      64.748832  0.118608  0.119583  0.027410  3.175630e+00   0.0  0.019777  2.583333e+00        -1  1.425000e+01        -1 -9.500000e+00        -1  1.568948  1.568948      30.4
1             lag5y  42/1_Run_Means   c     6.148       0.046938      92      25     0.454214  0.066154 -0.013164     104.923372      21.708465  0.057598  0.061777 -0.007935  19.680387  0.0  0.007494   6.916667       -1  14.000000       -1  -0.166667       -1  3.314815   4.156090     13.2      14.853562  0.061973  0.064008  0.009219  8.393558e-01   0.0  0.020369  9.583333e+00        -1  1.666667e+01        -1  2.500000e+00        -1  2.606481  2.606481      13.2
8         offset11y  42/1_Run_Means   c     3.144       0.037107     182     135    -2.277290  0.092452  0.076763    -526.054053    -244.326706  0.087480  0.099264  0.071876  10.023811  0.0  0.114833  -2.666667       -1  -2.666667       -1  -2.666667       -1 -4.083333   4.600221      6.0    -388.311438  0.102247  0.106602  0.089030  9.824473e+00   0.0  0.127708  1.521130e-10        -1  1.521130e-10        -1  1.521130e-10        -1 -4.791667  4.791667       6.0
17         FaIR_all   43/1_ERF_FaIR   c     3.004       0.005583     147     136 -2763.759508  0.086127  0.025244 -444965.280787 -359467.693642  0.098077  0.084875  0.065963   0.000000  0.0 -0.002405 -13.416667       -1 -13.416667       -1 -13.416667       -1 -7.277778  10.224222      8.0 -536402.086733  0.115192  0.076769  0.083117  1.805949e-42   0.0  0.010470 -1.075000e+01        -1 -1.075000e+01        -1 -1.075000e+01        -1 -7.986111  7.986111       8.0
4.796006885000001
finished this run
/oscar/data/deeps/private/bfoxkemp/jnickla1/Thorne_15_codefigurestats/Methods/43_Forcing_Based/1_ERF_FaIR/FaIR_all_method.py:68: RuntimeWarning: Mean of empty slice
  return np.nanmean(samp_cur[year_idx-1850, :], axis = 1)
/users/jnickla1/.conda/envs/cleanpy/lib/python3.13/site-packages/numpy/lib/_nanfunctions_impl.py:2019: RuntimeWarning: Degrees of freedom <= 0 for slice.
  var = nanvar(a, axis=axis, dtype=dtype, out=out, ddof=ddof,
/oscar/data/deeps/private/bfoxkemp/jnickla1/Thorne_15_codefigurestats/Methods/43_Forcing_Based/1_ERF_FaIR/FaIR_all_method.py:96: RuntimeWarning: Mean of empty slice
  cdist = np.nanmean(dist)
starting computation for fut_NorESM_RCP45_VolcConst
max_runs13
Model number:
12




Methods/42_Temp_Alone/1_Run_Means/cent10y_method.py
Methods/42_Temp_Alone/1_Run_Means/cent20y_method.py
Methods/42_Temp_Alone/1_Run_Means/cent21y_method.py
Methods/42_Temp_Alone/1_Run_Means/cent30y_method.py
Methods/42_Temp_Alone/1_Run_Means/lag10y_method.py
Methods/42_Temp_Alone/1_Run_Means/lag5y_method.py
Methods/42_Temp_Alone/1_Run_Means/offset11y_method.py
Methods/42_Temp_Alone/1_Run_Means/raw1y_method.py
Methods/43_Forcing_Based/1_ERF_FaIR/FaIR_all_method.py
Methods/43_Forcing_Based/1_ERF_FaIR/FaIR_all_unB_method.py
Methods/43_Forcing_Based/1_ERF_FaIR/FaIR_anthro_method.py
Methods/43_Forcing_Based/1_ERF_FaIR/FaIR_anthro_unB_method.py
Methods/43_Forcing_Based/1_ERF_FaIR/FaIR_comb_unB_method.py
Methods/43_Forcing_Based/1_ERF_FaIR/FaIR_nonat_method.py
Methods/43_Forcing_Based/1_ERF_FaIR/FaIR_nonat_unB_method.py
evaluating 13 of 0.1°C thresholds, starting at 1.1°C
11
FaIR_anthro sampled, d llike: 0.0996259960634257
FaIR_anthro sampled, d llike: -45.599196143615984
FaIR_anthro_unB sampled, d llike: 0.10375513657439006
FaIR_anthro_unB sampled, d llike: -49.335309490365994
FaIR_nonat sampled, d llike: 0.032886757478371664
FaIR_nonat sampled, d llike: 0.12704029057979785
FaIR_nonat_unB sampled, d llike: -0.031096855060761264
FaIR_nonat_unB sampled, d llike: 0.07809878500662795
FaIR_all sampled, d llike: -11322.00065436292
FaIR_all sampled, d llike: 0.12632355017541952
FaIR_all_unB sampled, d llike: -0.17759986105029535
FaIR_all_unB sampled, d llike: 0.05569278476354411
FaIR_comb_unB sampled, d llike: -0.17778466157022366
FaIR_comb_unB sampled, d llike: 0.19465013424496813
        method_name    method_class c/r  smooth_r  avg_unc.(1se)  #q<0.5  #q<0.1    log-likeli       RMS      bias        tlog-l      100log-l    100RMS     75RMS   100bias        l15        l20    bias50       Edyrs15    Edyrs20       Mdyrs15    Mdyrs20       Fdyrs15    Fdyrs20     EdyrsA    RMSyrsA  ncEdyrs     e100log-l   e100RMS    e75RMS  e100bias       el15      el20   ebias50  eEdyrs15   eEdyrs20  eMdyrs15   eMdyrs20  eFdyrs15   eFdyrs20    eEdyrsA   eRMSyrsA  nceEdyrs
8         offset11y  42/1_Run_Means   c     3.186       0.030942     170     113     -1.208673  0.082984  0.063820 -2.779948e+02  1.721999e+02  0.033715  0.037299  0.017289  12.389756   3.117492  0.040090  1.448370e-10  -1.583333  1.448370e-10  -1.583333  1.448370e-10  -1.583333  -1.044872   1.621998     13.0  1.028885e+02  0.050489  0.049158  0.015301  10.052369  4.566387  0.048750  0.666667  -1.333333  0.666667  -1.333333  0.666667  -1.333333  -1.153846   1.153846      13.0
21    FaIR_comb_unB   43/1_ERF_FaIR   c     4.183       0.080971      65       0     -0.093546  0.132293 -0.082962 -1.459312e+01  1.284098e+02  0.037173  0.039114 -0.005840   3.991123   4.461528 -0.030144 -2.416667e+00   0.333333 -2.416667e+00   0.333333 -2.416667e+00   0.333333   0.160256   2.012912     13.0  1.271408e+02  0.037487  0.031364 -0.007828   4.178137  4.433175 -0.021484 -1.750000   0.583333 -1.750000   0.583333 -1.750000   0.583333   0.051282   0.051282      13.0
15   FaIR_nonat_unB   43/1_ERF_FaIR   c     4.114       0.092521      56       0      0.284277  0.133347 -0.076696  4.548432e+01  1.172992e+02  0.038727  0.039347  0.005112   3.354156   3.912555 -0.022371 -4.500000e+00   0.166667 -4.500000e+00   0.166667 -4.500000e+00   0.166667  -0.506410   2.183245     13.0  1.170748e+02  0.038822  0.033431  0.003124   3.487099  3.911068 -0.013710 -3.833333   0.416667 -3.833333   0.416667 -3.833333   0.416667  -0.615385   0.615385      13.0
19     FaIR_all_unB   43/1_ERF_FaIR   c     5.447       0.093654      59       0     -0.008116  0.139198 -0.079255 -1.298505e+00  1.142083e+02  0.044210  0.044056  0.004754   3.317009   3.893987 -0.023768 -2.416667e+00  -1.000000 -2.416667e+00  -1.000000 -2.416667e+00  -1.000000  -0.384615   2.194837     14.0  1.154983e+02  0.039346  0.033924  0.002766   3.496824  3.905855 -0.015108 -1.750000  -0.750000 -1.750000  -0.750000 -1.750000  -0.750000  -0.493590   0.493590      14.0
11  FaIR_anthro_unB   43/1_ERF_FaIR   c     3.076       0.097222      60       0     -0.327902  0.154565 -0.091361 -5.246433e+01  1.106994e+02  0.040304  0.042008  0.006242   3.396494   3.535566 -0.023595 -3.750000e+00   0.333333 -3.750000e+00   0.333333 -3.750000e+00   0.333333  -0.435897   2.220726     13.0  1.096971e+02  0.040446  0.035061  0.004254   3.615130  3.514624 -0.014935 -3.083333   0.583333 -3.083333   0.583333 -3.083333   0.583333  -0.544872   0.544872      13.0
2             raw1y  42/1_Run_Means   c    37.275       0.100123       0       0      0.979844  0.088929  0.000042  2.253640e+02  9.474179e+01  0.083890  0.085832  0.003108   3.100001   4.304562  0.005889 -2.777778e-01  -0.354167  5.083333e+00   6.000000 -5.083333e+00  -5.583333   0.153739   1.742862     37.3  8.923611e+01  0.089750  0.089282  0.001121   3.597728  4.250026  0.014550  0.388889  -0.104167  5.750000   6.250000 -4.416667  -5.333333   0.044765   0.044765      37.3
1             lag5y  42/1_Run_Means   c     6.944       0.038117     110      22      0.909090  0.054462 -0.018097  2.090906e+02  8.800277e+01  0.049686  0.045018 -0.034780   3.631903  10.460851 -0.023958  1.833333e+00   1.250000  1.833333e+00   1.250000  1.833333e+00   1.250000   1.913462   2.322117     15.0 -7.468379e+00  0.062083  0.051333 -0.036768   2.093679  9.532831 -0.015298  2.500000   1.500000  2.500000   1.500000  2.500000   1.500000   1.804487   1.804487      15.0
9       FaIR_anthro   43/1_ERF_FaIR   c     2.800       0.097223      89       0     -0.533086  0.168112 -0.144230 -8.529382e+01  7.734630e+01  0.096930  0.101000 -0.087747   2.918764   2.045816 -0.119844  2.583333e+00   7.250000  2.583333e+00   7.250000  2.583333e+00   7.250000   5.250000   6.335990     13.0  7.350130e+01  0.098609  0.096925 -0.089734   2.683202  1.950711 -0.111184  3.250000   7.500000  3.250000   7.500000  3.250000   7.500000   5.141026   5.141026      13.0
13       FaIR_nonat   43/1_ERF_FaIR   c     3.734       0.115524      57       0      0.270508  0.157615 -0.139627  4.328122e+01  7.044874e+01  0.105075  0.107082 -0.098098   2.806716   2.252690 -0.124223  3.500000e+00   6.583333  3.500000e+00   6.583333  3.500000e+00   6.583333   5.759615   6.756812     14.0  6.796404e+01  0.107192  0.104007 -0.100086   2.555207  2.141700 -0.115563  4.166667   6.833333  4.166667   6.833333  4.166667   6.833333   5.650641   5.650641      14.0
0            lag10y  42/1_Run_Means   c     3.542       0.031715     152      93      0.263707  0.065010 -0.041449  6.065259e+01 -1.355060e+02  0.087557  0.078680 -0.082998   0.096823   1.386986 -0.061480  6.000000e+00   3.416667  6.000000e+00   3.416667  6.000000e+00   3.416667   4.102564   4.181001     13.0 -2.258328e+02  0.097511  0.083485 -0.084986   0.011563  0.848744 -0.052820  6.666667   3.666667  6.666667   3.666667  6.666667   3.666667   3.993590   3.993590      13.0
17         FaIR_all   43/1_ERF_FaIR   c     4.891       0.005586     160     160 -12362.646726  0.181483 -0.164909 -1.978023e+06 -1.011019e+06  0.173603  0.176334 -0.167902   0.000000   0.000000 -0.196668  7.750000e+00  15.083333  7.750000e+00  15.083333  7.750000e+00  15.083333  11.192308  13.097718     11.0 -1.059198e+06  0.174387  0.172873 -0.169889   0.000000  0.000000 -0.188007  8.416667  15.333333  8.416667  15.333333  8.416667  15.333333  11.262821  11.262821      11.0
4.932548435999999
finished this run
/oscar/data/deeps/private/bfoxkemp/jnickla1/Thorne_15_codefigurestats/Methods/43_Forcing_Based/1_ERF_FaIR/FaIR_comb_unB_method.py:153: RuntimeWarning: Mean of empty slice
  return np.nanmean(samp_cur[year_idx-1850, :], axis = 1)
/users/jnickla1/.conda/envs/cleanpy/lib/python3.13/site-packages/numpy/lib/_nanfunctions_impl.py:2019: RuntimeWarning: Degrees of freedom <= 0 for slice.
  var = nanvar(a, axis=axis, dtype=dtype, out=out, ddof=ddof,
/oscar/data/deeps/private/bfoxkemp/jnickla1/Thorne_15_codefigurestats/Methods/43_Forcing_Based/1_ERF_FaIR/FaIR_comb_unB_method.py:181: RuntimeWarning: Mean of empty slice
  cdist = np.nanmean(dist)
starting computation for fut_NorESM_RCP45_Volc
max_runs13
Model number:
12




Methods/42_Temp_Alone/1_Run_Means/cent10y_method.py
Methods/42_Temp_Alone/1_Run_Means/cent20y_method.py
Methods/42_Temp_Alone/1_Run_Means/cent21y_method.py
Methods/42_Temp_Alone/1_Run_Means/cent30y_method.py
Methods/42_Temp_Alone/1_Run_Means/lag10y_method.py
Methods/42_Temp_Alone/1_Run_Means/lag5y_method.py
Methods/42_Temp_Alone/1_Run_Means/offset11y_method.py
Methods/42_Temp_Alone/1_Run_Means/raw1y_method.py
Methods/43_Forcing_Based/1_ERF_FaIR/FaIR_all_method.py
Methods/43_Forcing_Based/1_ERF_FaIR/FaIR_all_unB_method.py
Methods/43_Forcing_Based/1_ERF_FaIR/FaIR_anthro_method.py
Methods/43_Forcing_Based/1_ERF_FaIR/FaIR_anthro_unB_method.py
Methods/43_Forcing_Based/1_ERF_FaIR/FaIR_comb_unB_method.py
Methods/43_Forcing_Based/1_ERF_FaIR/FaIR_nonat_method.py
Methods/43_Forcing_Based/1_ERF_FaIR/FaIR_nonat_unB_method.py
evaluating 14 of 0.1°C thresholds, starting at 1.1°C
11
FaIR_anthro sampled, d llike: -0.04300472824412449
FaIR_anthro sampled, d llike: -45.08207905885273
FaIR_anthro_unB sampled, d llike: -0.13078952568882452
FaIR_anthro_unB sampled, d llike: -45.047292686841935
FaIR_nonat sampled, d llike: 0.05537763918269675
FaIR_nonat sampled, d llike: 0.1386425328574613
FaIR_nonat_unB sampled, d llike: -0.07899451080766026
FaIR_nonat_unB sampled, d llike: 0.0898110521603444
FaIR_all sampled, d llike: -10257.02754411273
FaIR_all sampled, d llike: 0.0989546197873622
FaIR_all_unB sampled, d llike: -0.2898193264649672
FaIR_all_unB sampled, d llike: 0.02700293559310285
FaIR_comb_unB sampled, d llike: -0.18355504505518588
FaIR_comb_unB sampled, d llike: 0.17031800326808366
        method_name    method_class c/r  smooth_r  avg_unc.(1se)  #q<0.5  #q<0.1    log-likeli       RMS      bias        tlog-l       100log-l    100RMS     75RMS   100bias        l15       l20    bias50   Edyrs15   Edyrs20   Mdyrs15   Mdyrs20   Fdyrs15   Fdyrs20    EdyrsA    RMSyrsA  ncEdyrs      e100log-l   e100RMS    e75RMS  e100bias           el15           el20   ebias50  eEdyrs15  eEdyrs20  eMdyrs15  eMdyrs20  eFdyrs15  eFdyrs20   eEdyrsA  eRMSyrsA  nceEdyrs
21    FaIR_comb_unB   43/1_ERF_FaIR   c     4.248       0.081247      66       0     -0.100971  0.132520 -0.082205 -1.575150e+01     124.467417  0.042108  0.046082 -0.004905   3.733049  3.450187 -0.037838 -2.416667  3.250000 -2.416667  3.250000 -2.416667  3.250000  0.244048   2.520255     15.0     101.249935  0.077913  0.086138  0.060675   2.149788e+00   3.280162e+00  0.070379 -5.166667 -2.583333 -5.166667 -2.583333 -5.166667 -2.583333 -4.448718  4.448718      14.0
15   FaIR_nonat_unB   43/1_ERF_FaIR   c     4.052       0.092304      58       0      0.216347  0.134614 -0.082163  3.461557e+01     113.044948  0.048730  0.053819 -0.005100   3.505721  2.961771 -0.047606 -2.500000  3.750000 -2.500000  3.750000 -2.500000  3.750000  0.354167   2.872389     15.0      98.731648  0.074260  0.082367  0.060481   2.233743e+00   3.296400e+00  0.060611 -5.250000 -2.083333 -5.250000 -2.083333 -5.250000 -2.083333 -4.118590  4.118590      14.0
11  FaIR_anthro_unB   43/1_ERF_FaIR   c     3.078       0.097163      59      12     -0.529622  0.155526 -0.098383 -8.473959e+01     106.602777  0.049828  0.055743 -0.006663   3.334043  2.847549 -0.051598 -2.416667  4.000000 -2.416667  4.000000 -2.416667  4.000000  0.589286   3.079067     14.0      97.385386  0.072903  0.080371  0.058918   2.188241e+00   3.219414e+00  0.056620 -5.166667 -1.833333 -5.166667 -1.833333 -5.166667 -1.833333 -3.929487  3.929487      13.0
19     FaIR_all_unB   43/1_ERF_FaIR   c     6.806       0.094699      59       0     -0.137083  0.140935 -0.067882 -2.193322e+01     105.733178  0.056271  0.056403  0.024629   2.553288  3.359901 -0.004950 -3.833333  0.833333 -3.833333  0.833333 -3.833333  0.833333 -1.375000   3.047735     18.0      73.255835  0.109772  0.120816  0.090210   1.807381e+00   2.036655e+00  0.103268 -6.583333 -5.000000 -6.583333 -5.000000 -6.583333 -5.000000 -5.804487  5.804487      16.0
8         offset11y  42/1_Run_Means   c     2.912       0.031858     180     126     -1.505453  0.085266  0.063023 -3.462542e+02     103.446255  0.046086  0.052665  0.015364  11.736630  4.519264  0.039481  0.333333  2.000000  0.333333  2.000000  0.333333  2.000000 -0.809524   2.490060     14.0    -578.143213  0.113115  0.129302  0.080944   9.908381e-01   4.723181e-01  0.147699 -2.416667 -3.833333 -2.416667 -3.833333 -2.416667 -3.833333 -4.782051  4.782051      13.0
2             raw1y  42/1_Run_Means   c    34.689       0.104072       0       0      0.926410  0.093550 -0.001309  2.130743e+02      83.336505  0.095838  0.097926 -0.000232   4.053790  1.105832 -0.004691  3.458333  1.833333  6.833333  1.833333  0.083333  1.833333  1.347718   2.869857     35.2      51.358551  0.125167  0.135011  0.065348   2.512707e+00   3.174662e-01  0.103527  0.708333 -4.000000  4.083333 -4.000000 -2.666667 -4.000000 -3.123932  3.123932      31.2
9       FaIR_anthro   43/1_ERF_FaIR   c     2.764       0.097149     106       0     -0.708612  0.172884 -0.152650 -1.133780e+02      71.188953  0.112220  0.116121 -0.103083   2.976421  1.548602 -0.137096  2.416667  9.083333  2.416667  9.083333  2.416667  9.083333  5.803571   6.749081     15.0      94.346484  0.060694  0.028360 -0.037503   3.326259e+00   3.337269e+00 -0.028878 -0.333333  3.250000 -0.333333  3.250000 -0.333333  3.250000  1.198718  1.198718      13.0
13       FaIR_nonat   43/1_ERF_FaIR   c     3.654       0.115268      92       0      0.239551  0.162542 -0.146157  3.832823e+01      66.885194  0.118544  0.121452 -0.110046   2.744599  1.363474 -0.141773  2.416667  7.750000  2.416667  7.750000  2.416667  7.750000  5.866071   6.725641     15.0      87.617436  0.065707  0.032533 -0.044465   2.988098e+00   3.022822e+00 -0.033555 -0.333333  1.916667 -0.333333  1.916667 -0.333333  1.916667  1.333333  1.333333      13.0
1             lag5y  42/1_Run_Means   c     6.484       0.038161     132      49      0.352460  0.061966 -0.019273  8.106591e+01     -38.692068  0.068444  0.067867 -0.037674  10.810452  0.061176 -0.028905  1.250000  3.916667  1.250000  3.916667  1.250000  3.916667  2.547619   4.284842     17.0    -250.188491  0.086717  0.089372  0.027907   7.278997e+00   1.487376e-01  0.079313 -1.500000 -1.916667 -1.500000 -1.916667 -1.500000 -1.916667 -1.740385  1.740385      15.0
0            lag10y  42/1_Run_Means   c     3.134       0.032606     147      84     -0.120048  0.069057 -0.042206 -2.761102e+01    -222.490469  0.095050  0.088085 -0.084823   0.028002  0.000003 -0.062179  3.416667  5.333333  3.416667  5.333333  3.416667  5.333333  4.619048   4.899891     15.0    -109.832325  0.080947  0.060826 -0.019243   8.786519e+00   6.939840e+00  0.046039  0.666667 -0.500000  0.666667 -0.500000  0.666667 -0.500000  0.192308  0.192308      13.0
17         FaIR_all   43/1_ERF_FaIR   c     6.169       0.005595     160     160 -11183.084999  0.172133 -0.154043 -1.789294e+06 -834696.261046  0.156957  0.152286 -0.149071   0.000000  0.000000 -0.173080  5.083333  9.583333  5.083333  9.583333  5.083333  9.583333  8.869048  10.988450     14.0 -446687.698881  0.105825  0.064279 -0.083491  8.967303e-113  8.022769e-217 -0.064862  2.333333  3.750000  2.333333  3.750000  2.333333  3.750000  3.192308  3.192308      14.0
5.019460398
finished this run
starting computation for fut_ESM1-2-LR_SSP245_constVolc
max_runs13
Model number:
12




Methods/42_Temp_Alone/1_Run_Means/cent10y_method.py
Methods/42_Temp_Alone/1_Run_Means/cent20y_method.py
Methods/42_Temp_Alone/1_Run_Means/cent21y_method.py
Methods/42_Temp_Alone/1_Run_Means/cent30y_method.py
Methods/42_Temp_Alone/1_Run_Means/lag10y_method.py
Methods/42_Temp_Alone/1_Run_Means/lag5y_method.py
Methods/42_Temp_Alone/1_Run_Means/offset11y_method.py
Methods/42_Temp_Alone/1_Run_Means/raw1y_method.py
Methods/43_Forcing_Based/1_ERF_FaIR/FaIR_all_method.py
Methods/43_Forcing_Based/1_ERF_FaIR/FaIR_all_unB_method.py
Methods/43_Forcing_Based/1_ERF_FaIR/FaIR_anthro_method.py
Methods/43_Forcing_Based/1_ERF_FaIR/FaIR_anthro_unB_method.py
Methods/43_Forcing_Based/1_ERF_FaIR/FaIR_comb_unB_method.py
Methods/43_Forcing_Based/1_ERF_FaIR/FaIR_nonat_method.py
Methods/43_Forcing_Based/1_ERF_FaIR/FaIR_nonat_unB_method.py
evaluating 14 of 0.1°C thresholds, starting at 1.1°C
11
FaIR_anthro sampled, d llike: -0.007548971518288927
FaIR_anthro sampled, d llike: -0.7355454247955904
FaIR_anthro_unB sampled, d llike: -0.01423570550407105
FaIR_anthro_unB sampled, d llike: -0.7669573850707152
FaIR_nonat sampled, d llike: -0.0531388167552167
FaIR_nonat sampled, d llike: -0.03890242477475514
FaIR_nonat_unB sampled, d llike: -0.04330704622051673
FaIR_nonat_unB sampled, d llike: -0.042058310899015794
FaIR_all sampled, d llike: -1571.2340065775227
FaIR_all sampled, d llike: -0.04628959058134696
FaIR_all_unB sampled, d llike: -0.04247664055749456
FaIR_all_unB sampled, d llike: -0.037578201946532275
FaIR_comb_unB sampled, d llike: -0.04335467999800713
FaIR_comb_unB sampled, d llike: 0.0004736986404210164
        method_name    method_class c/r  smooth_r  avg_unc.(1se)  #q<0.5  #q<0.1   log-likeli       RMS      bias         tlog-l       100log-l    100RMS     75RMS   100bias        l15        l20    bias50       Edyrs15   Edyrs20       Mdyrs15   Mdyrs20       Fdyrs15   Fdyrs20    EdyrsA   RMSyrsA  ncEdyrs      e100log-l   e100RMS    e75RMS  e100bias       el15          el20   ebias50  eEdyrs15  eEdyrs20  eMdyrs15  eMdyrs20  eFdyrs15  eFdyrs20   eEdyrsA  eRMSyrsA  nceEdyrs
8         offset11y  42/1_Run_Means   c     3.009       0.036415     134      86    -0.597661  0.077628  0.057319    -138.059715     143.667632  0.035391  0.034044  0.022518  13.290776  13.774310  0.033152 -3.333333e-01 -0.833333 -3.333333e-01 -0.833333 -3.333333e-01 -0.833333 -1.250000  1.779792     14.0     -32.381480  0.065064  0.058732  0.057085   0.174120  4.193782e+00  0.053022 -3.500000 -2.000000 -3.500000 -2.000000 -3.500000 -2.000000 -3.113095  3.113095      14.0
1             lag5y  42/1_Run_Means   c     5.961       0.045863      68      11     0.979133  0.063044 -0.022298     226.179737     142.964830  0.047933  0.044220 -0.031120   3.056142   5.055913 -0.024192  2.666667e+00  1.083333  2.666667e+00  1.083333  2.666667e+00  1.083333  2.101190  2.397761     17.0     137.203666  0.042762  0.038286  0.003446   8.185051  8.518131e+00 -0.004322 -0.500000 -0.083333 -0.500000 -0.083333 -0.500000 -0.083333  0.238095  0.238095      17.0
21    FaIR_comb_unB   43/1_ERF_FaIR   c     2.378       0.075045       0       0     1.445824  0.045085 -0.021644     226.994312     138.033473  0.035086  0.036982 -0.007881   4.697165   3.829739 -0.040978 -1.666667e-01  2.583333 -1.666667e-01  2.583333 -1.666667e-01  2.583333  0.601190  2.484176     14.0     124.259344  0.054537  0.043289  0.026685   3.874036  4.838129e+00 -0.021108 -3.333333  1.416667 -3.333333  1.416667 -3.333333  1.416667 -1.261905  1.261905      14.0
15   FaIR_nonat_unB   43/1_ERF_FaIR   c     2.363       0.085151       0       0     1.305629  0.052768 -0.018192     210.206242     127.291433  0.037537  0.037229  0.002180   3.874074   4.139025 -0.033808 -6.666667e-01  1.500000 -6.666667e-01  1.500000 -6.666667e-01  1.500000  0.101190  2.542008     14.0     112.516175  0.062050  0.049724  0.036747   3.160766  4.370664e+00 -0.013938 -3.833333  0.333333 -3.833333  0.333333 -3.833333  0.333333 -1.761905  1.761905      14.0
19     FaIR_all_unB   43/1_ERF_FaIR   c     3.900       0.088048       0       0     1.313758  0.048680 -0.006917     211.515081     125.114250  0.033713  0.032369 -0.000628   3.985499   3.917026 -0.031988  1.430180e-10  2.000000  1.430180e-10  2.000000  1.430180e-10  2.000000  0.172619  2.037228     14.0     113.790054  0.058361  0.042860  0.033939   3.413962  4.165763e+00 -0.012118 -3.166667  0.833333 -3.166667  0.833333 -3.166667  0.833333 -1.690476  1.690476      14.0
9       FaIR_anthro   43/1_ERF_FaIR   c     2.014       0.087832       0       0     0.937998  0.077166 -0.030311     151.017719     121.012491  0.038776  0.036140  0.016330   3.655321   4.295752 -0.014999 -1.416667e+00  0.416667 -1.416667e+00  0.416667 -1.416667e+00  0.416667 -0.839286  2.079878     14.0     106.422898  0.068877  0.057625  0.050897   2.561023  3.965965e+00  0.004871 -4.583333 -0.750000 -4.583333 -0.750000 -4.583333 -0.750000 -2.702381  2.702381      14.0
11  FaIR_anthro_unB   43/1_ERF_FaIR   c     2.019       0.087864       0       0     0.924034  0.078329 -0.021548     148.769517     119.392880  0.042627  0.041197  0.031875   3.630379   4.355723  0.013203 -1.750000e+00 -0.416667 -1.750000e+00 -0.416667 -1.750000e+00 -0.416667 -1.773810  2.196227     14.0     101.079921  0.075950  0.068741  0.066442   2.333727  3.699502e+00  0.033073 -4.916667 -1.583333 -4.916667 -1.583333 -4.916667 -1.583333 -3.636905  3.636905      14.0
13       FaIR_nonat   43/1_ERF_FaIR   c     2.447       0.106284       0       0     1.128271  0.055838 -0.009992     181.651650     108.293669  0.040116  0.036154  0.020051   3.024141   3.803311 -0.012297 -1.250000e+00  0.916667 -1.250000e+00  0.916667 -1.250000e+00  0.916667 -0.940476  2.182861     14.0      95.092943  0.071981  0.058269  0.054618   2.586372  3.301111e+00  0.007573 -4.416667 -0.250000 -4.416667 -0.250000 -4.416667 -0.250000 -2.803571  2.803571      14.0
2             raw1y  42/1_Run_Means   c    31.348       0.122586       2       0     0.756662  0.112536 -0.001340     174.789012      85.771975  0.089126  0.082446  0.005672   3.142466   3.457168  0.006371 -5.555556e-02  2.291667  3.750000e+00  4.666667 -3.333333e+00 -0.083333  0.383433  1.678083     44.3      77.376556  0.101931  0.091601  0.040239   3.313022  9.310456e-01  0.026241 -3.222222  1.125000 -6.500000  3.500000 -6.500000 -1.250000 -1.479663  1.479663      44.3
0            lag10y  42/1_Run_Means   c     3.251       0.037431     158      72     0.668584  0.069463 -0.047676     154.442843     -41.944007  0.082562  0.078567 -0.078057   0.109410   0.020836 -0.068005  5.083333e+00  4.500000  5.083333e+00  4.500000  5.083333e+00  4.500000  4.470238  4.571467     14.0     110.093597  0.053961  0.056332 -0.043490  12.671640  3.368109e+00 -0.048135  1.916667  3.333333  1.916667  3.333333  1.916667  3.333333  2.607143  2.607143      14.0
17         FaIR_all   43/1_ERF_FaIR   c     3.367       0.005579     152     141 -1727.249189  0.071783  0.020901 -278087.119444 -196314.248811  0.075414  0.057212  0.058050   0.000000  42.411516  0.009669 -5.750000e+00 -0.250000 -5.750000e+00 -0.250000 -5.750000e+00 -0.250000 -3.250000  4.282323     14.0 -477360.772873  0.111825  0.083193  0.092617   0.000000  1.598571e-67  0.029539 -8.916667 -1.416667 -8.916667 -1.416667 -8.916667 -1.416667 -5.113095  5.113095      14.0
5.444476043
finished this run
/oscar/data/deeps/private/bfoxkemp/jnickla1/Thorne_15_codefigurestats/Methods/43_Forcing_Based/1_ERF_FaIR/FaIR_all_unB_method.py:90: RuntimeWarning: Mean of empty slice
  return np.nanmean(samp_cur[year_idx-1850, :], axis = 1)
/users/jnickla1/.conda/envs/cleanpy/lib/python3.13/site-packages/numpy/lib/_nanfunctions_impl.py:2019: RuntimeWarning: Degrees of freedom <= 0 for slice.
  var = nanvar(a, axis=axis, dtype=dtype, out=out, ddof=ddof,
/oscar/data/deeps/private/bfoxkemp/jnickla1/Thorne_15_codefigurestats/Methods/43_Forcing_Based/1_ERF_FaIR/FaIR_all_unB_method.py:118: RuntimeWarning: Mean of empty slice
  cdist = np.nanmean(dist)
/oscar/data/deeps/private/bfoxkemp/jnickla1/Thorne_15_codefigurestats/Methods/43_Forcing_Based/1_ERF_FaIR/FaIR_comb_unB_method.py:153: RuntimeWarning: Mean of empty slice
  return np.nanmean(samp_cur[year_idx-1850, :], axis = 1)
/users/jnickla1/.conda/envs/cleanpy/lib/python3.13/site-packages/numpy/lib/_nanfunctions_impl.py:2019: RuntimeWarning: Degrees of freedom <= 0 for slice.
  var = nanvar(a, axis=axis, dtype=dtype, out=out, ddof=ddof,
/oscar/data/deeps/private/bfoxkemp/jnickla1/Thorne_15_codefigurestats/Methods/43_Forcing_Based/1_ERF_FaIR/FaIR_comb_unB_method.py:181: RuntimeWarning: Mean of empty slice
  cdist = np.nanmean(dist)
starting computation for fut_ESM1-2-LR_SSP370_constVolc
max_runs13
Model number:
12




Methods/42_Temp_Alone/1_Run_Means/cent10y_method.py
Methods/42_Temp_Alone/1_Run_Means/cent20y_method.py
Methods/42_Temp_Alone/1_Run_Means/cent21y_method.py
Methods/42_Temp_Alone/1_Run_Means/cent30y_method.py
Methods/42_Temp_Alone/1_Run_Means/lag10y_method.py
Methods/42_Temp_Alone/1_Run_Means/lag5y_method.py
Methods/42_Temp_Alone/1_Run_Means/offset11y_method.py
Methods/42_Temp_Alone/1_Run_Means/raw1y_method.py
Methods/43_Forcing_Based/1_ERF_FaIR/FaIR_all_method.py
Methods/43_Forcing_Based/1_ERF_FaIR/FaIR_all_unB_method.py
Methods/43_Forcing_Based/1_ERF_FaIR/FaIR_anthro_method.py
Methods/43_Forcing_Based/1_ERF_FaIR/FaIR_anthro_unB_method.py
Methods/43_Forcing_Based/1_ERF_FaIR/FaIR_comb_unB_method.py
Methods/43_Forcing_Based/1_ERF_FaIR/FaIR_nonat_method.py
Methods/43_Forcing_Based/1_ERF_FaIR/FaIR_nonat_unB_method.py
evaluating 23 of 0.1°C thresholds, starting at 1.1°C
11
FaIR_anthro sampled, d llike: -0.003283487685333264
FaIR_anthro sampled, d llike: -0.683679736040813
FaIR_anthro_unB sampled, d llike: 0.002030916691342255
FaIR_anthro_unB sampled, d llike: -0.712645732870526
FaIR_nonat sampled, d llike: -0.04441028914760592
FaIR_nonat sampled, d llike: -0.012637849085080033
FaIR_nonat_unB sampled, d llike: -0.03827091109478209
FaIR_nonat_unB sampled, d llike: -0.019395551301816027
FaIR_all sampled, d llike: -1571.257225044593
FaIR_all sampled, d llike: -0.027551607705055048
FaIR_all_unB sampled, d llike: -0.038602844626651756
FaIR_all_unB sampled, d llike: -0.019216416371327982
FaIR_comb_unB sampled, d llike: -0.03698258100149654
FaIR_comb_unB sampled, d llike: -0.07954382172589955
        method_name    method_class c/r  smooth_r  avg_unc.(1se)  #q<0.5  #q<0.1   log-likeli       RMS      bias         tlog-l       100log-l    100RMS     75RMS   100bias        l15           l20    bias50   Edyrs15   Edyrs20   Mdyrs15   Mdyrs20   Fdyrs15   Fdyrs20    EdyrsA   RMSyrsA  ncEdyrs      e100log-l   e100RMS    e75RMS  e100bias       el15       el20   ebias50   eEdyrs15  eEdyrs20   eMdyrs15  eMdyrs20   eFdyrs15  eFdyrs20   eEdyrsA  eRMSyrsA  nceEdyrs
21    FaIR_comb_unB   43/1_ERF_FaIR   c     2.133       0.073147       0       0     1.383091  0.054422 -0.026610     217.145231     129.278750  0.052068  0.055342 -0.015836   4.767737  2.902079e+00 -0.047091 -3.916667  2.333333 -3.916667  2.333333 -3.916667  2.333333  0.644928  1.961588     23.0     108.106202  0.071850  0.054113  0.026947   4.286575   4.058223 -0.021732  -5.166667  1.416667  -5.166667  1.416667  -5.166667  1.416667 -0.724638  0.724638      23.0
8         offset11y  42/1_Run_Means   c     3.003       0.039880     161      89    -0.661650  0.081781  0.036099    -152.841117     128.886229  0.054156  0.061105 -0.031349  17.210001  8.100838e+00 -0.065751 -0.083333  1.416667 -0.083333  1.416667 -0.083333  1.416667  1.271739  1.846380     23.0      21.751955  0.068507  0.055323  0.011435  16.129980  11.760944 -0.040392  -1.333333  0.500000  -1.333333  0.500000  -1.333333  0.500000 -0.097826  0.097826      23.0
15   FaIR_nonat_unB   43/1_ERF_FaIR   c     2.246       0.082971       0       0     1.288887  0.057887 -0.019859     207.510875     125.615139  0.047941  0.046903 -0.000179   4.039695  3.775476e+00 -0.028807 -5.333333  1.666667 -5.333333  1.666667 -5.333333  1.666667 -0.014493  2.001660     23.0     101.567184  0.077332  0.054828  0.042604   3.555529   4.595641 -0.003449  -6.583333  0.750000  -6.583333  0.750000  -6.583333  0.750000 -1.384058  1.384058      23.0
19     FaIR_all_unB   43/1_ERF_FaIR   c     3.884       0.086030       0       0     1.291152  0.055677 -0.008160     207.875471     122.272479  0.048468  0.047318 -0.002323   4.302695  3.547700e+00 -0.025749 -1.250000  2.000000 -1.250000  2.000000 -1.250000  2.000000  0.304348  1.644049     23.0     102.765868  0.076263  0.052760  0.040460   3.922222   4.182912 -0.000390  -2.500000  1.083333  -2.500000  1.083333  -2.500000  1.083333 -1.065217  1.065217      23.0
11  FaIR_anthro_unB   43/1_ERF_FaIR   c     1.998       0.086169       0       0     0.931858  0.081739 -0.042149     150.029068     119.282155  0.051068  0.051931 -0.004262   4.229262  3.222781e+00 -0.039154 -5.666667  1.750000 -5.666667  1.750000 -5.666667  1.750000  0.210145  2.056127     23.0     101.677164  0.078014  0.057163  0.038521   3.317667   4.211148 -0.013795  -6.916667  0.833333  -6.916667  0.833333  -6.916667  0.833333 -1.159420  1.159420      23.0
9       FaIR_anthro   43/1_ERF_FaIR   c     1.967       0.086173       0       0     0.917259  0.082674 -0.047505     147.678634     117.307118  0.053691  0.056666 -0.013732   4.358037  3.010068e+00 -0.050406 -5.083333  2.083333 -5.083333  2.083333 -5.083333  2.083333  0.547101  2.105390     23.0     103.987091  0.075072  0.056890  0.029052   3.631571   3.887206 -0.025047  -6.333333  1.166667  -6.333333  1.166667  -6.333333  1.166667 -0.822464  0.822464      23.0
13       FaIR_nonat   43/1_ERF_FaIR   c     2.353       0.103600       0       0     1.126236  0.062014 -0.025865     181.324052     108.944634  0.052606  0.053217 -0.007370   3.449704  3.125518e+00 -0.043494 -5.250000  1.916667 -5.250000  1.916667 -5.250000  1.916667  0.253623  2.152125     23.0      94.703631  0.078648  0.055987  0.035414   3.317599   3.696996 -0.018136  -6.500000  1.000000  -6.500000  1.000000  -6.500000  1.000000 -1.115942  1.115942      23.0
2             raw1y  42/1_Run_Means   c    32.090       0.126300       2       0     0.719511  0.116570 -0.003559     166.207044      76.990997  0.101439  0.102708  0.000040   3.004774  1.165356e+00 -0.000876 -1.194444  1.472222 -9.916667  5.916667 -9.916667 -3.333333 -0.044082  1.279001     48.3      67.754390  0.114763  0.103569  0.042824   3.306258   2.832939  0.024482  -2.444444  0.555556 -11.166667  5.000000 -11.166667 -4.250000 -1.413647  1.413647      48.3
1             lag5y  42/1_Run_Means   c     6.196       0.047602     109      30     0.074994  0.074237 -0.032783      17.323601     -65.891306  0.078727  0.086151 -0.057737   0.000009  2.639872e+00 -0.077100  3.083333  3.666667  3.083333  3.666667  3.083333  3.666667  2.077899  2.467405     26.0      -6.974442  0.069971  0.071758 -0.014954   0.218235   2.867899 -0.051741   1.833333  2.750000   1.833333  2.750000   1.833333  2.750000  0.708333  0.708333      26.0
0            lag10y  42/1_Run_Means   c     3.298       0.040662     155      99    -0.854257  0.096577 -0.067301    -197.333270    -393.720120  0.135072  0.146913 -0.127872   0.000012  1.225959e-02 -0.160061  6.666667  5.916667  6.666667  5.916667  6.666667  5.916667  4.800725  4.971386     23.0    -148.828922  0.108031  0.125158 -0.085089   0.000181   0.017692 -0.134702   5.416667  5.000000   5.416667  5.000000   5.416667  5.000000  3.431159  3.431159      23.0
17         FaIR_all   43/1_ERF_FaIR   c     3.200       0.005571     150     142 -1718.650390  0.070667  0.007097 -276702.712862 -190729.030270  0.073036  0.055578  0.033853   0.000000  6.589325e-26 -0.016676 -9.250000  1.250000 -9.250000  1.250000 -9.250000  1.250000 -1.007246  2.930145     23.0 -537335.058217  0.114746  0.072238  0.076637   0.000000  17.124633  0.008683 -10.500000  0.333333 -10.500000  0.333333 -10.500000  0.333333 -2.376812  2.376812      23.0
6.7315132879999995
finished this run
All processes completed.
