/oscar/data/deeps/private/bfoxkemp/jnickla1/Thorne_15_codefigurestats/fut_evaluation_gen_ensemble.py:20: RuntimeWarning: Mean of empty slice
  return np.nanmean(standards_np,axis=0)
/oscar/data/deeps/private/bfoxkemp/jnickla1/Thorne_15_codefigurestats/fut_evaluation_gen_ensemble.py:20: RuntimeWarning: Mean of empty slice
  return np.nanmean(standards_np,axis=0)
/oscar/data/deeps/private/bfoxkemp/jnickla1/Thorne_15_codefigurestats/fut_evaluation_gen_ensemble.py:20: RuntimeWarning: Mean of empty slice
  return np.nanmean(standards_np,axis=0)
/oscar/data/deeps/private/bfoxkemp/jnickla1/Thorne_15_codefigurestats/fut_evaluation_gen_ensemble.py:20: RuntimeWarning: Mean of empty slice
  return np.nanmean(standards_np,axis=0)
/oscar/data/deeps/private/bfoxkemp/jnickla1/Thorne_15_codefigurestats/fut_evaluation_gen_ensemble.py:20: RuntimeWarning: Mean of empty slice
  return np.nanmean(standards_np,axis=0)
/oscar/data/deeps/private/bfoxkemp/jnickla1/Thorne_15_codefigurestats/Methods/43_Forcing_Based/1_ERF_FaIR/FaIR_all_method.py:53: RuntimeWarning: Mean of empty slice
  samp_mean =  np.nanmean(samp_cur, axis = 1)
/oscar/data/deeps/private/bfoxkemp/jnickla1/Thorne_15_codefigurestats/Methods/43_Forcing_Based/1_ERF_FaIR/FaIR_all_method.py:53: RuntimeWarning: Mean of empty slice
  samp_mean =  np.nanmean(samp_cur, axis = 1)
/oscar/data/deeps/private/bfoxkemp/jnickla1/Thorne_15_codefigurestats/Methods/43_Forcing_Based/1_ERF_FaIR/FaIR_all_unB_method.py:70: RuntimeWarning: Mean of empty slice
  samp_mean =  np.nanmean(samp_cur, axis = 1)
/oscar/data/deeps/private/bfoxkemp/jnickla1/Thorne_15_codefigurestats/Methods/43_Forcing_Based/1_ERF_FaIR/FaIR_all_unB_method.py:70: RuntimeWarning: Mean of empty slice
  samp_mean =  np.nanmean(samp_cur, axis = 1)
/oscar/data/deeps/private/bfoxkemp/jnickla1/Thorne_15_codefigurestats/Methods/43_Forcing_Based/1_ERF_FaIR/FaIR_anthro_method.py:53: RuntimeWarning: Mean of empty slice
  samp_mean =  np.nanmean(samp_cur, axis = 1)
/oscar/data/deeps/private/bfoxkemp/jnickla1/Thorne_15_codefigurestats/Methods/43_Forcing_Based/1_ERF_FaIR/FaIR_anthro_method.py:53: RuntimeWarning: Mean of empty slice
  samp_mean =  np.nanmean(samp_cur, axis = 1)
/oscar/data/deeps/private/bfoxkemp/jnickla1/Thorne_15_codefigurestats/Methods/43_Forcing_Based/1_ERF_FaIR/FaIR_anthro_unB_method.py:70: RuntimeWarning: Mean of empty slice
  samp_mean =  np.nanmean(samp_cur, axis = 1)
/oscar/data/deeps/private/bfoxkemp/jnickla1/Thorne_15_codefigurestats/Methods/43_Forcing_Based/1_ERF_FaIR/FaIR_anthro_unB_method.py:70: RuntimeWarning: Mean of empty slice
  samp_mean =  np.nanmean(samp_cur, axis = 1)
/oscar/data/deeps/private/bfoxkemp/jnickla1/Thorne_15_codefigurestats/Methods/43_Forcing_Based/1_ERF_FaIR/FaIR_comb_unB_method.py:70: RuntimeWarning: Mean of empty slice
  samp_mean =  np.nanmean(samp_cur, axis = 1)
/oscar/data/deeps/private/bfoxkemp/jnickla1/Thorne_15_codefigurestats/Methods/43_Forcing_Based/1_ERF_FaIR/FaIR_comb_unB_method.py:127: RuntimeWarning: Mean of empty slice
  samp_meanAll =  np.nanmean(samp_curAll, axis = 1)
/oscar/data/deeps/private/bfoxkemp/jnickla1/Thorne_15_codefigurestats/Methods/43_Forcing_Based/1_ERF_FaIR/FaIR_comb_unB_method.py:70: RuntimeWarning: Mean of empty slice
  samp_mean =  np.nanmean(samp_cur, axis = 1)
/oscar/data/deeps/private/bfoxkemp/jnickla1/Thorne_15_codefigurestats/Methods/43_Forcing_Based/1_ERF_FaIR/FaIR_comb_unB_method.py:127: RuntimeWarning: Mean of empty slice
  samp_meanAll =  np.nanmean(samp_curAll, axis = 1)
/oscar/data/deeps/private/bfoxkemp/jnickla1/Thorne_15_codefigurestats/Methods/43_Forcing_Based/1_ERF_FaIR/FaIR_nonat_method.py:53: RuntimeWarning: Mean of empty slice
  samp_mean =  np.nanmean(samp_cur, axis = 1)
/oscar/data/deeps/private/bfoxkemp/jnickla1/Thorne_15_codefigurestats/Methods/43_Forcing_Based/1_ERF_FaIR/FaIR_nonat_method.py:53: RuntimeWarning: Mean of empty slice
  samp_mean =  np.nanmean(samp_cur, axis = 1)
/oscar/data/deeps/private/bfoxkemp/jnickla1/Thorne_15_codefigurestats/Methods/43_Forcing_Based/1_ERF_FaIR/FaIR_nonat_unB_method.py:72: RuntimeWarning: Mean of empty slice
  samp_mean =  np.nanmean(samp_cur, axis = 1)
/oscar/data/deeps/private/bfoxkemp/jnickla1/Thorne_15_codefigurestats/Methods/43_Forcing_Based/1_ERF_FaIR/FaIR_nonat_unB_method.py:72: RuntimeWarning: Mean of empty slice
  samp_mean =  np.nanmean(samp_cur, axis = 1)
/oscar/data/deeps/private/bfoxkemp/jnickla1/Thorne_15_codefigurestats/Methods/43_Forcing_Based/1_ERF_FaIR/FaIR_all_method.py:68: RuntimeWarning: Mean of empty slice
  return np.nanmean(samp_cur[year_idx-1850, :], axis = 1)
/oscar/data/deeps/private/bfoxkemp/jnickla1/Thorne_15_codefigurestats/Methods/43_Forcing_Based/1_ERF_FaIR/FaIR_all_method.py:68: RuntimeWarning: Mean of empty slice
  return np.nanmean(samp_cur[year_idx-1850, :], axis = 1)
/users/jnickla1/.conda/envs/cleanpy/lib/python3.13/site-packages/numpy/lib/_nanfunctions_impl.py:2019: RuntimeWarning: Degrees of freedom <= 0 for slice.
  var = nanvar(a, axis=axis, dtype=dtype, out=out, ddof=ddof,
/oscar/data/deeps/private/bfoxkemp/jnickla1/Thorne_15_codefigurestats/Methods/43_Forcing_Based/1_ERF_FaIR/FaIR_all_unB_method.py:90: RuntimeWarning: Mean of empty slice
  return np.nanmean(samp_cur[year_idx-1850, :], axis = 1)
/users/jnickla1/.conda/envs/cleanpy/lib/python3.13/site-packages/numpy/lib/_nanfunctions_impl.py:2019: RuntimeWarning: Degrees of freedom <= 0 for slice.
  var = nanvar(a, axis=axis, dtype=dtype, out=out, ddof=ddof,
/oscar/data/deeps/private/bfoxkemp/jnickla1/Thorne_15_codefigurestats/Methods/43_Forcing_Based/1_ERF_FaIR/FaIR_all_unB_method.py:90: RuntimeWarning: Mean of empty slice
  return np.nanmean(samp_cur[year_idx-1850, :], axis = 1)
/oscar/data/deeps/private/bfoxkemp/jnickla1/Thorne_15_codefigurestats/Methods/43_Forcing_Based/1_ERF_FaIR/FaIR_anthro_method.py:67: RuntimeWarning: Mean of empty slice
  return np.nanmean(samp_cur[year_idx-1850, :], axis = 1)
/oscar/data/deeps/private/bfoxkemp/jnickla1/Thorne_15_codefigurestats/Methods/43_Forcing_Based/1_ERF_FaIR/FaIR_anthro_method.py:67: RuntimeWarning: Mean of empty slice
  return np.nanmean(samp_cur[year_idx-1850, :], axis = 1)
/oscar/data/deeps/private/bfoxkemp/jnickla1/Thorne_15_codefigurestats/Methods/43_Forcing_Based/1_ERF_FaIR/FaIR_anthro_unB_method.py:89: RuntimeWarning: Mean of empty slice
  return np.nanmean(samp_cur[year_idx-1850, :], axis = 1)
/oscar/data/deeps/private/bfoxkemp/jnickla1/Thorne_15_codefigurestats/Methods/43_Forcing_Based/1_ERF_FaIR/FaIR_anthro_unB_method.py:89: RuntimeWarning: Mean of empty slice
  return np.nanmean(samp_cur[year_idx-1850, :], axis = 1)
/oscar/data/deeps/private/bfoxkemp/jnickla1/Thorne_15_codefigurestats/Methods/43_Forcing_Based/1_ERF_FaIR/FaIR_comb_unB_method.py:153: RuntimeWarning: Mean of empty slice
  return np.nanmean(samp_cur[year_idx-1850, :], axis = 1)
/oscar/data/deeps/private/bfoxkemp/jnickla1/Thorne_15_codefigurestats/Methods/43_Forcing_Based/1_ERF_FaIR/FaIR_comb_unB_method.py:153: RuntimeWarning: Mean of empty slice
  return np.nanmean(samp_cur[year_idx-1850, :], axis = 1)
/oscar/data/deeps/private/bfoxkemp/jnickla1/Thorne_15_codefigurestats/Methods/43_Forcing_Based/1_ERF_FaIR/FaIR_nonat_method.py:68: RuntimeWarning: Mean of empty slice
  return np.nanmean(samp_cur[year_idx-1850, :], axis = 1)
/oscar/data/deeps/private/bfoxkemp/jnickla1/Thorne_15_codefigurestats/Methods/43_Forcing_Based/1_ERF_FaIR/FaIR_nonat_method.py:68: RuntimeWarning: Mean of empty slice
  return np.nanmean(samp_cur[year_idx-1850, :], axis = 1)
/oscar/data/deeps/private/bfoxkemp/jnickla1/Thorne_15_codefigurestats/Methods/43_Forcing_Based/1_ERF_FaIR/FaIR_nonat_unB_method.py:92: RuntimeWarning: Mean of empty slice
  return np.nanmean(samp_cur[year_idx-1850, :], axis = 1)
/oscar/data/deeps/private/bfoxkemp/jnickla1/Thorne_15_codefigurestats/Methods/43_Forcing_Based/1_ERF_FaIR/FaIR_nonat_unB_method.py:92: RuntimeWarning: Mean of empty slice
  return np.nanmean(samp_cur[year_idx-1850, :], axis = 1)
/oscar/data/deeps/private/bfoxkemp/jnickla1/Thorne_15_codefigurestats/Methods/43_Forcing_Based/1_ERF_FaIR/FaIR_anthro_method.py:67: RuntimeWarning: Mean of empty slice
  return np.nanmean(samp_cur[year_idx-1850, :], axis = 1)
/oscar/data/deeps/private/bfoxkemp/jnickla1/Thorne_15_codefigurestats/Methods/43_Forcing_Based/1_ERF_FaIR/FaIR_anthro_unB_method.py:89: RuntimeWarning: Mean of empty slice
  return np.nanmean(samp_cur[year_idx-1850, :], axis = 1)
/oscar/data/deeps/private/bfoxkemp/jnickla1/Thorne_15_codefigurestats/Methods/43_Forcing_Based/1_ERF_FaIR/FaIR_anthro_method.py:67: RuntimeWarning: Mean of empty slice
  return np.nanmean(samp_cur[year_idx-1850, :], axis = 1)
/oscar/data/deeps/private/bfoxkemp/jnickla1/Thorne_15_codefigurestats/Methods/43_Forcing_Based/1_ERF_FaIR/FaIR_anthro_unB_method.py:89: RuntimeWarning: Mean of empty slice
  return np.nanmean(samp_cur[year_idx-1850, :], axis = 1)
/oscar/data/deeps/private/bfoxkemp/jnickla1/Thorne_15_codefigurestats/Methods/43_Forcing_Based/1_ERF_FaIR/FaIR_nonat_method.py:68: RuntimeWarning: Mean of empty slice
  return np.nanmean(samp_cur[year_idx-1850, :], axis = 1)
/oscar/data/deeps/private/bfoxkemp/jnickla1/Thorne_15_codefigurestats/Methods/43_Forcing_Based/1_ERF_FaIR/FaIR_nonat_unB_method.py:92: RuntimeWarning: Mean of empty slice
  return np.nanmean(samp_cur[year_idx-1850, :], axis = 1)
/oscar/data/deeps/private/bfoxkemp/jnickla1/Thorne_15_codefigurestats/Methods/43_Forcing_Based/1_ERF_FaIR/FaIR_all_method.py:68: RuntimeWarning: Mean of empty slice
  return np.nanmean(samp_cur[year_idx-1850, :], axis = 1)
/oscar/data/deeps/private/bfoxkemp/jnickla1/Thorne_15_codefigurestats/Methods/43_Forcing_Based/1_ERF_FaIR/FaIR_all_unB_method.py:90: RuntimeWarning: Mean of empty slice
  return np.nanmean(samp_cur[year_idx-1850, :], axis = 1)
/oscar/data/deeps/private/bfoxkemp/jnickla1/Thorne_15_codefigurestats/Methods/43_Forcing_Based/1_ERF_FaIR/FaIR_nonat_method.py:68: RuntimeWarning: Mean of empty slice
  return np.nanmean(samp_cur[year_idx-1850, :], axis = 1)
/oscar/data/deeps/private/bfoxkemp/jnickla1/Thorne_15_codefigurestats/Methods/43_Forcing_Based/1_ERF_FaIR/FaIR_nonat_unB_method.py:92: RuntimeWarning: Mean of empty slice
  return np.nanmean(samp_cur[year_idx-1850, :], axis = 1)
/oscar/data/deeps/private/bfoxkemp/jnickla1/Thorne_15_codefigurestats/Methods/43_Forcing_Based/1_ERF_FaIR/FaIR_all_method.py:68: RuntimeWarning: Mean of empty slice
  return np.nanmean(samp_cur[year_idx-1850, :], axis = 1)
/oscar/data/deeps/private/bfoxkemp/jnickla1/Thorne_15_codefigurestats/Methods/43_Forcing_Based/1_ERF_FaIR/FaIR_all_unB_method.py:90: RuntimeWarning: Mean of empty slice
  return np.nanmean(samp_cur[year_idx-1850, :], axis = 1)
/oscar/data/deeps/private/bfoxkemp/jnickla1/Thorne_15_codefigurestats/Methods/43_Forcing_Based/1_ERF_FaIR/FaIR_comb_unB_method.py:153: RuntimeWarning: Mean of empty slice
  return np.nanmean(samp_cur[year_idx-1850, :], axis = 1)
/oscar/data/deeps/private/bfoxkemp/jnickla1/Thorne_15_codefigurestats/Methods/43_Forcing_Based/1_ERF_FaIR/FaIR_comb_unB_method.py:153: RuntimeWarning: Mean of empty slice
  return np.nanmean(samp_cur[year_idx-1850, :], axis = 1)
/oscar/data/deeps/private/bfoxkemp/jnickla1/Thorne_15_codefigurestats/Methods/43_Forcing_Based/1_ERF_FaIR/FaIR_anthro_method.py:67: RuntimeWarning: Mean of empty slice
  return np.nanmean(samp_cur[year_idx-1850, :], axis = 1)
/users/jnickla1/.conda/envs/cleanpy/lib/python3.13/site-packages/numpy/lib/_nanfunctions_impl.py:2019: RuntimeWarning: Degrees of freedom <= 0 for slice.
  var = nanvar(a, axis=axis, dtype=dtype, out=out, ddof=ddof,
/oscar/data/deeps/private/bfoxkemp/jnickla1/Thorne_15_codefigurestats/Methods/43_Forcing_Based/1_ERF_FaIR/FaIR_anthro_method.py:95: RuntimeWarning: Mean of empty slice
  cdist = np.nanmean(dist)
/oscar/data/deeps/private/bfoxkemp/jnickla1/Thorne_15_codefigurestats/Methods/43_Forcing_Based/1_ERF_FaIR/FaIR_anthro_method.py:67: RuntimeWarning: Mean of empty slice
  return np.nanmean(samp_cur[year_idx-1850, :], axis = 1)
/users/jnickla1/.conda/envs/cleanpy/lib/python3.13/site-packages/numpy/lib/_nanfunctions_impl.py:2019: RuntimeWarning: Degrees of freedom <= 0 for slice.
  var = nanvar(a, axis=axis, dtype=dtype, out=out, ddof=ddof,
/oscar/data/deeps/private/bfoxkemp/jnickla1/Thorne_15_codefigurestats/Methods/43_Forcing_Based/1_ERF_FaIR/FaIR_anthro_method.py:95: RuntimeWarning: Mean of empty slice
  cdist = np.nanmean(dist)
/oscar/data/deeps/private/bfoxkemp/jnickla1/Thorne_15_codefigurestats/Methods/43_Forcing_Based/1_ERF_FaIR/FaIR_all_method.py:53: RuntimeWarning: Mean of empty slice
  samp_mean =  np.nanmean(samp_cur, axis = 1)
/oscar/data/deeps/private/bfoxkemp/jnickla1/Thorne_15_codefigurestats/fut_evaluation_script.py:427: RuntimeWarning: Mean of empty slice
  evalmean = np.nanmean(diffcross) #if crossing multiple times take the mean
/oscar/data/deeps/private/bfoxkemp/jnickla1/Thorne_15_codefigurestats/Methods/43_Forcing_Based/1_ERF_FaIR/FaIR_all_unB_method.py:70: RuntimeWarning: Mean of empty slice
  samp_mean =  np.nanmean(samp_cur, axis = 1)
/oscar/data/deeps/private/bfoxkemp/jnickla1/Thorne_15_codefigurestats/Methods/43_Forcing_Based/1_ERF_FaIR/FaIR_all_method.py:53: RuntimeWarning: Mean of empty slice
  samp_mean =  np.nanmean(samp_cur, axis = 1)
/oscar/data/deeps/private/bfoxkemp/jnickla1/Thorne_15_codefigurestats/Methods/43_Forcing_Based/1_ERF_FaIR/FaIR_all_method.py:53: RuntimeWarning: Mean of empty slice
  samp_mean =  np.nanmean(samp_cur, axis = 1)
/oscar/data/deeps/private/bfoxkemp/jnickla1/Thorne_15_codefigurestats/Methods/43_Forcing_Based/1_ERF_FaIR/FaIR_anthro_method.py:53: RuntimeWarning: Mean of empty slice
  samp_mean =  np.nanmean(samp_cur, axis = 1)
/oscar/data/deeps/private/bfoxkemp/jnickla1/Thorne_15_codefigurestats/Methods/43_Forcing_Based/1_ERF_FaIR/FaIR_all_unB_method.py:70: RuntimeWarning: Mean of empty slice
  samp_mean =  np.nanmean(samp_cur, axis = 1)
/oscar/data/deeps/private/bfoxkemp/jnickla1/Thorne_15_codefigurestats/Methods/43_Forcing_Based/1_ERF_FaIR/FaIR_all_unB_method.py:70: RuntimeWarning: Mean of empty slice
  samp_mean =  np.nanmean(samp_cur, axis = 1)
/oscar/data/deeps/private/bfoxkemp/jnickla1/Thorne_15_codefigurestats/Methods/43_Forcing_Based/1_ERF_FaIR/FaIR_anthro_method.py:53: RuntimeWarning: Mean of empty slice
  samp_mean =  np.nanmean(samp_cur, axis = 1)
/oscar/data/deeps/private/bfoxkemp/jnickla1/Thorne_15_codefigurestats/Methods/43_Forcing_Based/1_ERF_FaIR/FaIR_anthro_unB_method.py:70: RuntimeWarning: Mean of empty slice
  samp_mean =  np.nanmean(samp_cur, axis = 1)
/oscar/data/deeps/private/bfoxkemp/jnickla1/Thorne_15_codefigurestats/Methods/43_Forcing_Based/1_ERF_FaIR/FaIR_anthro_method.py:53: RuntimeWarning: Mean of empty slice
  samp_mean =  np.nanmean(samp_cur, axis = 1)
/oscar/data/deeps/private/bfoxkemp/jnickla1/Thorne_15_codefigurestats/Methods/43_Forcing_Based/1_ERF_FaIR/FaIR_anthro_unB_method.py:70: RuntimeWarning: Mean of empty slice
  samp_mean =  np.nanmean(samp_cur, axis = 1)
/oscar/data/deeps/private/bfoxkemp/jnickla1/Thorne_15_codefigurestats/Methods/43_Forcing_Based/1_ERF_FaIR/FaIR_comb_unB_method.py:70: RuntimeWarning: Mean of empty slice
  samp_mean =  np.nanmean(samp_cur, axis = 1)
/oscar/data/deeps/private/bfoxkemp/jnickla1/Thorne_15_codefigurestats/Methods/43_Forcing_Based/1_ERF_FaIR/FaIR_anthro_unB_method.py:70: RuntimeWarning: Mean of empty slice
  samp_mean =  np.nanmean(samp_cur, axis = 1)
/oscar/data/deeps/private/bfoxkemp/jnickla1/Thorne_15_codefigurestats/Methods/43_Forcing_Based/1_ERF_FaIR/FaIR_comb_unB_method.py:127: RuntimeWarning: Mean of empty slice
  samp_meanAll =  np.nanmean(samp_curAll, axis = 1)
/oscar/data/deeps/private/bfoxkemp/jnickla1/Thorne_15_codefigurestats/fut_evaluation_script.py:464: RuntimeWarning: Mean of empty slice
  evalmean = np.nanmean(diffcrossE) #if crossing multiple times take the mean
/oscar/data/deeps/private/bfoxkemp/jnickla1/Thorne_15_codefigurestats/Methods/43_Forcing_Based/1_ERF_FaIR/FaIR_comb_unB_method.py:70: RuntimeWarning: Mean of empty slice
  samp_mean =  np.nanmean(samp_cur, axis = 1)
/oscar/data/deeps/private/bfoxkemp/jnickla1/Thorne_15_codefigurestats/Methods/43_Forcing_Based/1_ERF_FaIR/FaIR_comb_unB_method.py:127: RuntimeWarning: Mean of empty slice
  samp_meanAll =  np.nanmean(samp_curAll, axis = 1)
/oscar/data/deeps/private/bfoxkemp/jnickla1/Thorne_15_codefigurestats/Methods/43_Forcing_Based/1_ERF_FaIR/FaIR_comb_unB_method.py:70: RuntimeWarning: Mean of empty slice
  samp_mean =  np.nanmean(samp_cur, axis = 1)
/oscar/data/deeps/private/bfoxkemp/jnickla1/Thorne_15_codefigurestats/Methods/43_Forcing_Based/1_ERF_FaIR/FaIR_comb_unB_method.py:127: RuntimeWarning: Mean of empty slice
  samp_meanAll =  np.nanmean(samp_curAll, axis = 1)
/oscar/data/deeps/private/bfoxkemp/jnickla1/Thorne_15_codefigurestats/Methods/43_Forcing_Based/1_ERF_FaIR/FaIR_nonat_method.py:53: RuntimeWarning: Mean of empty slice
  samp_mean =  np.nanmean(samp_cur, axis = 1)
/oscar/data/deeps/private/bfoxkemp/jnickla1/Thorne_15_codefigurestats/Methods/43_Forcing_Based/1_ERF_FaIR/FaIR_nonat_method.py:53: RuntimeWarning: Mean of empty slice
  samp_mean =  np.nanmean(samp_cur, axis = 1)
/oscar/data/deeps/private/bfoxkemp/jnickla1/Thorne_15_codefigurestats/Methods/43_Forcing_Based/1_ERF_FaIR/FaIR_nonat_method.py:53: RuntimeWarning: Mean of empty slice
  samp_mean =  np.nanmean(samp_cur, axis = 1)
/oscar/data/deeps/private/bfoxkemp/jnickla1/Thorne_15_codefigurestats/Methods/43_Forcing_Based/1_ERF_FaIR/FaIR_nonat_unB_method.py:72: RuntimeWarning: Mean of empty slice
  samp_mean =  np.nanmean(samp_cur, axis = 1)
/oscar/data/deeps/private/bfoxkemp/jnickla1/Thorne_15_codefigurestats/Methods/43_Forcing_Based/1_ERF_FaIR/FaIR_nonat_unB_method.py:72: RuntimeWarning: Mean of empty slice
  samp_mean =  np.nanmean(samp_cur, axis = 1)
/oscar/data/deeps/private/bfoxkemp/jnickla1/Thorne_15_codefigurestats/Methods/43_Forcing_Based/1_ERF_FaIR/FaIR_nonat_unB_method.py:72: RuntimeWarning: Mean of empty slice
  samp_mean =  np.nanmean(samp_cur, axis = 1)
/oscar/data/deeps/private/bfoxkemp/jnickla1/Thorne_15_codefigurestats/Methods/43_Forcing_Based/1_ERF_FaIR/FaIR_all_method.py:68: RuntimeWarning: Mean of empty slice
  return np.nanmean(samp_cur[year_idx-1850, :], axis = 1)
/users/jnickla1/.conda/envs/cleanpy/lib/python3.13/site-packages/numpy/lib/_nanfunctions_impl.py:2019: RuntimeWarning: Degrees of freedom <= 0 for slice.
  var = nanvar(a, axis=axis, dtype=dtype, out=out, ddof=ddof,
/oscar/data/deeps/private/bfoxkemp/jnickla1/Thorne_15_codefigurestats/Methods/43_Forcing_Based/1_ERF_FaIR/FaIR_all_unB_method.py:90: RuntimeWarning: Mean of empty slice
  return np.nanmean(samp_cur[year_idx-1850, :], axis = 1)
/oscar/data/deeps/private/bfoxkemp/jnickla1/Thorne_15_codefigurestats/Methods/43_Forcing_Based/1_ERF_FaIR/FaIR_all_method.py:68: RuntimeWarning: Mean of empty slice
  return np.nanmean(samp_cur[year_idx-1850, :], axis = 1)
/users/jnickla1/.conda/envs/cleanpy/lib/python3.13/site-packages/numpy/lib/_nanfunctions_impl.py:2019: RuntimeWarning: Degrees of freedom <= 0 for slice.
  var = nanvar(a, axis=axis, dtype=dtype, out=out, ddof=ddof,
/oscar/data/deeps/private/bfoxkemp/jnickla1/Thorne_15_codefigurestats/Methods/43_Forcing_Based/1_ERF_FaIR/FaIR_all_unB_method.py:90: RuntimeWarning: Mean of empty slice
  return np.nanmean(samp_cur[year_idx-1850, :], axis = 1)
/oscar/data/deeps/private/bfoxkemp/jnickla1/Thorne_15_codefigurestats/Methods/43_Forcing_Based/1_ERF_FaIR/FaIR_anthro_method.py:67: RuntimeWarning: Mean of empty slice
  return np.nanmean(samp_cur[year_idx-1850, :], axis = 1)
/oscar/data/deeps/private/bfoxkemp/jnickla1/Thorne_15_codefigurestats/Methods/43_Forcing_Based/1_ERF_FaIR/FaIR_anthro_method.py:67: RuntimeWarning: Mean of empty slice
  return np.nanmean(samp_cur[year_idx-1850, :], axis = 1)
/oscar/data/deeps/private/bfoxkemp/jnickla1/Thorne_15_codefigurestats/Methods/43_Forcing_Based/1_ERF_FaIR/FaIR_anthro_unB_method.py:89: RuntimeWarning: Mean of empty slice
  return np.nanmean(samp_cur[year_idx-1850, :], axis = 1)
/oscar/data/deeps/private/bfoxkemp/jnickla1/Thorne_15_codefigurestats/Methods/43_Forcing_Based/1_ERF_FaIR/FaIR_comb_unB_method.py:153: RuntimeWarning: Mean of empty slice
  return np.nanmean(samp_cur[year_idx-1850, :], axis = 1)
/oscar/data/deeps/private/bfoxkemp/jnickla1/Thorne_15_codefigurestats/Methods/43_Forcing_Based/1_ERF_FaIR/FaIR_anthro_unB_method.py:89: RuntimeWarning: Mean of empty slice
  return np.nanmean(samp_cur[year_idx-1850, :], axis = 1)
/oscar/data/deeps/private/bfoxkemp/jnickla1/Thorne_15_codefigurestats/Methods/43_Forcing_Based/1_ERF_FaIR/FaIR_all_method.py:68: RuntimeWarning: Mean of empty slice
  return np.nanmean(samp_cur[year_idx-1850, :], axis = 1)
/users/jnickla1/.conda/envs/cleanpy/lib/python3.13/site-packages/numpy/lib/_nanfunctions_impl.py:2019: RuntimeWarning: Degrees of freedom <= 0 for slice.
  var = nanvar(a, axis=axis, dtype=dtype, out=out, ddof=ddof,
/oscar/data/deeps/private/bfoxkemp/jnickla1/Thorne_15_codefigurestats/Methods/43_Forcing_Based/1_ERF_FaIR/FaIR_all_unB_method.py:90: RuntimeWarning: Mean of empty slice
  return np.nanmean(samp_cur[year_idx-1850, :], axis = 1)
/oscar/data/deeps/private/bfoxkemp/jnickla1/Thorne_15_codefigurestats/Methods/43_Forcing_Based/1_ERF_FaIR/FaIR_anthro_method.py:67: RuntimeWarning: Mean of empty slice
  return np.nanmean(samp_cur[year_idx-1850, :], axis = 1)
/oscar/data/deeps/private/bfoxkemp/jnickla1/Thorne_15_codefigurestats/Methods/43_Forcing_Based/1_ERF_FaIR/FaIR_nonat_method.py:68: RuntimeWarning: Mean of empty slice
  return np.nanmean(samp_cur[year_idx-1850, :], axis = 1)
/oscar/data/deeps/private/bfoxkemp/jnickla1/Thorne_15_codefigurestats/Methods/43_Forcing_Based/1_ERF_FaIR/FaIR_comb_unB_method.py:153: RuntimeWarning: Mean of empty slice
  return np.nanmean(samp_cur[year_idx-1850, :], axis = 1)
/oscar/data/deeps/private/bfoxkemp/jnickla1/Thorne_15_codefigurestats/Methods/43_Forcing_Based/1_ERF_FaIR/FaIR_anthro_unB_method.py:89: RuntimeWarning: Mean of empty slice
  return np.nanmean(samp_cur[year_idx-1850, :], axis = 1)
/oscar/data/deeps/private/bfoxkemp/jnickla1/Thorne_15_codefigurestats/Methods/43_Forcing_Based/1_ERF_FaIR/FaIR_nonat_unB_method.py:92: RuntimeWarning: Mean of empty slice
  return np.nanmean(samp_cur[year_idx-1850, :], axis = 1)
/oscar/data/deeps/private/bfoxkemp/jnickla1/Thorne_15_codefigurestats/Methods/43_Forcing_Based/1_ERF_FaIR/FaIR_nonat_method.py:68: RuntimeWarning: Mean of empty slice
  return np.nanmean(samp_cur[year_idx-1850, :], axis = 1)
/oscar/data/deeps/private/bfoxkemp/jnickla1/Thorne_15_codefigurestats/Methods/43_Forcing_Based/1_ERF_FaIR/FaIR_comb_unB_method.py:153: RuntimeWarning: Mean of empty slice
  return np.nanmean(samp_cur[year_idx-1850, :], axis = 1)
/oscar/data/deeps/private/bfoxkemp/jnickla1/Thorne_15_codefigurestats/Methods/43_Forcing_Based/1_ERF_FaIR/FaIR_nonat_unB_method.py:92: RuntimeWarning: Mean of empty slice
  return np.nanmean(samp_cur[year_idx-1850, :], axis = 1)
/oscar/data/deeps/private/bfoxkemp/jnickla1/Thorne_15_codefigurestats/Methods/43_Forcing_Based/1_ERF_FaIR/FaIR_anthro_method.py:67: RuntimeWarning: Mean of empty slice
  return np.nanmean(samp_cur[year_idx-1850, :], axis = 1)
/oscar/data/deeps/private/bfoxkemp/jnickla1/Thorne_15_codefigurestats/Methods/43_Forcing_Based/1_ERF_FaIR/FaIR_anthro_unB_method.py:89: RuntimeWarning: Mean of empty slice
  return np.nanmean(samp_cur[year_idx-1850, :], axis = 1)
/oscar/data/deeps/private/bfoxkemp/jnickla1/Thorne_15_codefigurestats/Methods/43_Forcing_Based/1_ERF_FaIR/FaIR_nonat_method.py:68: RuntimeWarning: Mean of empty slice
  return np.nanmean(samp_cur[year_idx-1850, :], axis = 1)
/oscar/data/deeps/private/bfoxkemp/jnickla1/Thorne_15_codefigurestats/Methods/43_Forcing_Based/1_ERF_FaIR/FaIR_nonat_method.py:68: RuntimeWarning: Mean of empty slice
  return np.nanmean(samp_cur[year_idx-1850, :], axis = 1)
/oscar/data/deeps/private/bfoxkemp/jnickla1/Thorne_15_codefigurestats/Methods/43_Forcing_Based/1_ERF_FaIR/FaIR_nonat_unB_method.py:92: RuntimeWarning: Mean of empty slice
  return np.nanmean(samp_cur[year_idx-1850, :], axis = 1)
/oscar/data/deeps/private/bfoxkemp/jnickla1/Thorne_15_codefigurestats/Methods/43_Forcing_Based/1_ERF_FaIR/FaIR_nonat_unB_method.py:92: RuntimeWarning: Mean of empty slice
  return np.nanmean(samp_cur[year_idx-1850, :], axis = 1)
/oscar/data/deeps/private/bfoxkemp/jnickla1/Thorne_15_codefigurestats/Methods/43_Forcing_Based/1_ERF_FaIR/FaIR_all_method.py:68: RuntimeWarning: Mean of empty slice
  return np.nanmean(samp_cur[year_idx-1850, :], axis = 1)
/oscar/data/deeps/private/bfoxkemp/jnickla1/Thorne_15_codefigurestats/Methods/43_Forcing_Based/1_ERF_FaIR/FaIR_all_unB_method.py:90: RuntimeWarning: Mean of empty slice
  return np.nanmean(samp_cur[year_idx-1850, :], axis = 1)
/oscar/data/deeps/private/bfoxkemp/jnickla1/Thorne_15_codefigurestats/Methods/43_Forcing_Based/1_ERF_FaIR/FaIR_comb_unB_method.py:153: RuntimeWarning: Mean of empty slice
  return np.nanmean(samp_cur[year_idx-1850, :], axis = 1)
/oscar/data/deeps/private/bfoxkemp/jnickla1/Thorne_15_codefigurestats/Methods/43_Forcing_Based/1_ERF_FaIR/FaIR_anthro_method.py:67: RuntimeWarning: Mean of empty slice
  return np.nanmean(samp_cur[year_idx-1850, :], axis = 1)
/oscar/data/deeps/private/bfoxkemp/jnickla1/Thorne_15_codefigurestats/Methods/43_Forcing_Based/1_ERF_FaIR/FaIR_anthro_unB_method.py:89: RuntimeWarning: Mean of empty slice
  return np.nanmean(samp_cur[year_idx-1850, :], axis = 1)
/oscar/data/deeps/private/bfoxkemp/jnickla1/Thorne_15_codefigurestats/Methods/43_Forcing_Based/1_ERF_FaIR/FaIR_anthro_method.py:67: RuntimeWarning: Mean of empty slice
  return np.nanmean(samp_cur[year_idx-1850, :], axis = 1)
/oscar/data/deeps/private/bfoxkemp/jnickla1/Thorne_15_codefigurestats/Methods/43_Forcing_Based/1_ERF_FaIR/FaIR_nonat_method.py:68: RuntimeWarning: Mean of empty slice
  return np.nanmean(samp_cur[year_idx-1850, :], axis = 1)
/oscar/data/deeps/private/bfoxkemp/jnickla1/Thorne_15_codefigurestats/Methods/43_Forcing_Based/1_ERF_FaIR/FaIR_nonat_unB_method.py:92: RuntimeWarning: Mean of empty slice
  return np.nanmean(samp_cur[year_idx-1850, :], axis = 1)
/oscar/data/deeps/private/bfoxkemp/jnickla1/Thorne_15_codefigurestats/Methods/43_Forcing_Based/1_ERF_FaIR/FaIR_all_method.py:68: RuntimeWarning: Mean of empty slice
  return np.nanmean(samp_cur[year_idx-1850, :], axis = 1)
/oscar/data/deeps/private/bfoxkemp/jnickla1/Thorne_15_codefigurestats/Methods/43_Forcing_Based/1_ERF_FaIR/FaIR_all_unB_method.py:90: RuntimeWarning: Mean of empty slice
  return np.nanmean(samp_cur[year_idx-1850, :], axis = 1)
/oscar/data/deeps/private/bfoxkemp/jnickla1/Thorne_15_codefigurestats/Methods/43_Forcing_Based/1_ERF_FaIR/FaIR_anthro_unB_method.py:89: RuntimeWarning: Mean of empty slice
  return np.nanmean(samp_cur[year_idx-1850, :], axis = 1)
/oscar/data/deeps/private/bfoxkemp/jnickla1/Thorne_15_codefigurestats/Methods/43_Forcing_Based/1_ERF_FaIR/FaIR_nonat_method.py:68: RuntimeWarning: Mean of empty slice
  return np.nanmean(samp_cur[year_idx-1850, :], axis = 1)
/oscar/data/deeps/private/bfoxkemp/jnickla1/Thorne_15_codefigurestats/Methods/43_Forcing_Based/1_ERF_FaIR/FaIR_nonat_unB_method.py:92: RuntimeWarning: Mean of empty slice
  return np.nanmean(samp_cur[year_idx-1850, :], axis = 1)
/oscar/data/deeps/private/bfoxkemp/jnickla1/Thorne_15_codefigurestats/Methods/43_Forcing_Based/1_ERF_FaIR/FaIR_comb_unB_method.py:153: RuntimeWarning: Mean of empty slice
  return np.nanmean(samp_cur[year_idx-1850, :], axis = 1)
/oscar/data/deeps/private/bfoxkemp/jnickla1/Thorne_15_codefigurestats/Methods/43_Forcing_Based/1_ERF_FaIR/FaIR_all_method.py:68: RuntimeWarning: Mean of empty slice
  return np.nanmean(samp_cur[year_idx-1850, :], axis = 1)
/oscar/data/deeps/private/bfoxkemp/jnickla1/Thorne_15_codefigurestats/Methods/43_Forcing_Based/1_ERF_FaIR/FaIR_all_unB_method.py:90: RuntimeWarning: Mean of empty slice
  return np.nanmean(samp_cur[year_idx-1850, :], axis = 1)
/oscar/data/deeps/private/bfoxkemp/jnickla1/Thorne_15_codefigurestats/Methods/43_Forcing_Based/1_ERF_FaIR/FaIR_comb_unB_method.py:153: RuntimeWarning: Mean of empty slice
  return np.nanmean(samp_cur[year_idx-1850, :], axis = 1)
/oscar/data/deeps/private/bfoxkemp/jnickla1/Thorne_15_codefigurestats/Methods/43_Forcing_Based/1_ERF_FaIR/FaIR_anthro_method.py:67: RuntimeWarning: Mean of empty slice
  return np.nanmean(samp_cur[year_idx-1850, :], axis = 1)
/users/jnickla1/.conda/envs/cleanpy/lib/python3.13/site-packages/numpy/lib/_nanfunctions_impl.py:2019: RuntimeWarning: Degrees of freedom <= 0 for slice.
  var = nanvar(a, axis=axis, dtype=dtype, out=out, ddof=ddof,
/oscar/data/deeps/private/bfoxkemp/jnickla1/Thorne_15_codefigurestats/Methods/43_Forcing_Based/1_ERF_FaIR/FaIR_anthro_method.py:95: RuntimeWarning: Mean of empty slice
  cdist = np.nanmean(dist)
/oscar/data/deeps/private/bfoxkemp/jnickla1/Thorne_15_codefigurestats/Methods/43_Forcing_Based/1_ERF_FaIR/FaIR_anthro_method.py:67: RuntimeWarning: Mean of empty slice
  return np.nanmean(samp_cur[year_idx-1850, :], axis = 1)
/users/jnickla1/.conda/envs/cleanpy/lib/python3.13/site-packages/numpy/lib/_nanfunctions_impl.py:2019: RuntimeWarning: Degrees of freedom <= 0 for slice.
  var = nanvar(a, axis=axis, dtype=dtype, out=out, ddof=ddof,
/oscar/data/deeps/private/bfoxkemp/jnickla1/Thorne_15_codefigurestats/Methods/43_Forcing_Based/1_ERF_FaIR/FaIR_anthro_method.py:95: RuntimeWarning: Mean of empty slice
  cdist = np.nanmean(dist)
/oscar/data/deeps/private/bfoxkemp/jnickla1/Thorne_15_codefigurestats/Methods/43_Forcing_Based/1_ERF_FaIR/FaIR_anthro_unB_method.py:89: RuntimeWarning: Mean of empty slice
  return np.nanmean(samp_cur[year_idx-1850, :], axis = 1)
/users/jnickla1/.conda/envs/cleanpy/lib/python3.13/site-packages/numpy/lib/_nanfunctions_impl.py:2019: RuntimeWarning: Degrees of freedom <= 0 for slice.
  var = nanvar(a, axis=axis, dtype=dtype, out=out, ddof=ddof,
/oscar/data/deeps/private/bfoxkemp/jnickla1/Thorne_15_codefigurestats/Methods/43_Forcing_Based/1_ERF_FaIR/FaIR_anthro_unB_method.py:117: RuntimeWarning: Mean of empty slice
  cdist = np.nanmean(dist)
/oscar/data/deeps/private/bfoxkemp/jnickla1/Thorne_15_codefigurestats/Methods/43_Forcing_Based/1_ERF_FaIR/FaIR_anthro_unB_method.py:89: RuntimeWarning: Mean of empty slice
  return np.nanmean(samp_cur[year_idx-1850, :], axis = 1)
/users/jnickla1/.conda/envs/cleanpy/lib/python3.13/site-packages/numpy/lib/_nanfunctions_impl.py:2019: RuntimeWarning: Degrees of freedom <= 0 for slice.
  var = nanvar(a, axis=axis, dtype=dtype, out=out, ddof=ddof,
/oscar/data/deeps/private/bfoxkemp/jnickla1/Thorne_15_codefigurestats/Methods/43_Forcing_Based/1_ERF_FaIR/FaIR_anthro_unB_method.py:117: RuntimeWarning: Mean of empty slice
  cdist = np.nanmean(dist)
/oscar/data/deeps/private/bfoxkemp/jnickla1/Thorne_15_codefigurestats/Methods/43_Forcing_Based/1_ERF_FaIR/FaIR_anthro_method.py:67: RuntimeWarning: Mean of empty slice
  return np.nanmean(samp_cur[year_idx-1850, :], axis = 1)
/users/jnickla1/.conda/envs/cleanpy/lib/python3.13/site-packages/numpy/lib/_nanfunctions_impl.py:2019: RuntimeWarning: Degrees of freedom <= 0 for slice.
  var = nanvar(a, axis=axis, dtype=dtype, out=out, ddof=ddof,
/oscar/data/deeps/private/bfoxkemp/jnickla1/Thorne_15_codefigurestats/Methods/43_Forcing_Based/1_ERF_FaIR/FaIR_anthro_method.py:95: RuntimeWarning: Mean of empty slice
  cdist = np.nanmean(dist)
/oscar/data/deeps/private/bfoxkemp/jnickla1/Thorne_15_codefigurestats/Methods/43_Forcing_Based/1_ERF_FaIR/FaIR_anthro_unB_method.py:89: RuntimeWarning: Mean of empty slice
  return np.nanmean(samp_cur[year_idx-1850, :], axis = 1)
/users/jnickla1/.conda/envs/cleanpy/lib/python3.13/site-packages/numpy/lib/_nanfunctions_impl.py:2019: RuntimeWarning: Degrees of freedom <= 0 for slice.
  var = nanvar(a, axis=axis, dtype=dtype, out=out, ddof=ddof,
/oscar/data/deeps/private/bfoxkemp/jnickla1/Thorne_15_codefigurestats/Methods/43_Forcing_Based/1_ERF_FaIR/FaIR_anthro_unB_method.py:117: RuntimeWarning: Mean of empty slice
  cdist = np.nanmean(dist)
/oscar/data/deeps/private/bfoxkemp/jnickla1/Thorne_15_codefigurestats/Methods/43_Forcing_Based/1_ERF_FaIR/FaIR_nonat_method.py:68: RuntimeWarning: Mean of empty slice
  return np.nanmean(samp_cur[year_idx-1850, :], axis = 1)
/users/jnickla1/.conda/envs/cleanpy/lib/python3.13/site-packages/numpy/lib/_nanfunctions_impl.py:2019: RuntimeWarning: Degrees of freedom <= 0 for slice.
  var = nanvar(a, axis=axis, dtype=dtype, out=out, ddof=ddof,
/oscar/data/deeps/private/bfoxkemp/jnickla1/Thorne_15_codefigurestats/Methods/43_Forcing_Based/1_ERF_FaIR/FaIR_nonat_method.py:96: RuntimeWarning: Mean of empty slice
  cdist = np.nanmean(dist)
/oscar/data/deeps/private/bfoxkemp/jnickla1/Thorne_15_codefigurestats/Methods/43_Forcing_Based/1_ERF_FaIR/FaIR_anthro_unB_method.py:89: RuntimeWarning: Mean of empty slice
  return np.nanmean(samp_cur[year_idx-1850, :], axis = 1)
/users/jnickla1/.conda/envs/cleanpy/lib/python3.13/site-packages/numpy/lib/_nanfunctions_impl.py:2019: RuntimeWarning: Degrees of freedom <= 0 for slice.
  var = nanvar(a, axis=axis, dtype=dtype, out=out, ddof=ddof,
/oscar/data/deeps/private/bfoxkemp/jnickla1/Thorne_15_codefigurestats/Methods/43_Forcing_Based/1_ERF_FaIR/FaIR_anthro_unB_method.py:117: RuntimeWarning: Mean of empty slice
  cdist = np.nanmean(dist)
/oscar/data/deeps/private/bfoxkemp/jnickla1/Thorne_15_codefigurestats/Methods/43_Forcing_Based/1_ERF_FaIR/FaIR_nonat_method.py:68: RuntimeWarning: Mean of empty slice
  return np.nanmean(samp_cur[year_idx-1850, :], axis = 1)
/users/jnickla1/.conda/envs/cleanpy/lib/python3.13/site-packages/numpy/lib/_nanfunctions_impl.py:2019: RuntimeWarning: Degrees of freedom <= 0 for slice.
  var = nanvar(a, axis=axis, dtype=dtype, out=out, ddof=ddof,
/oscar/data/deeps/private/bfoxkemp/jnickla1/Thorne_15_codefigurestats/Methods/43_Forcing_Based/1_ERF_FaIR/FaIR_nonat_method.py:96: RuntimeWarning: Mean of empty slice
  cdist = np.nanmean(dist)
/oscar/data/deeps/private/bfoxkemp/jnickla1/Thorne_15_codefigurestats/fut_evaluation_script.py:427: RuntimeWarning: Mean of empty slice
  evalmean = np.nanmean(diffcross) #if crossing multiple times take the mean
/oscar/data/deeps/private/bfoxkemp/jnickla1/Thorne_15_codefigurestats/Methods/43_Forcing_Based/1_ERF_FaIR/FaIR_anthro_unB_method.py:89: RuntimeWarning: Mean of empty slice
  return np.nanmean(samp_cur[year_idx-1850, :], axis = 1)
/users/jnickla1/.conda/envs/cleanpy/lib/python3.13/site-packages/numpy/lib/_nanfunctions_impl.py:2019: RuntimeWarning: Degrees of freedom <= 0 for slice.
  var = nanvar(a, axis=axis, dtype=dtype, out=out, ddof=ddof,
/oscar/data/deeps/private/bfoxkemp/jnickla1/Thorne_15_codefigurestats/Methods/43_Forcing_Based/1_ERF_FaIR/FaIR_anthro_unB_method.py:117: RuntimeWarning: Mean of empty slice
  cdist = np.nanmean(dist)
/oscar/data/deeps/private/bfoxkemp/jnickla1/Thorne_15_codefigurestats/fut_evaluation_script.py:464: RuntimeWarning: Mean of empty slice
  evalmean = np.nanmean(diffcrossE) #if crossing multiple times take the mean
/oscar/data/deeps/private/bfoxkemp/jnickla1/Thorne_15_codefigurestats/Methods/43_Forcing_Based/1_ERF_FaIR/FaIR_nonat_method.py:68: RuntimeWarning: Mean of empty slice
  return np.nanmean(samp_cur[year_idx-1850, :], axis = 1)
/users/jnickla1/.conda/envs/cleanpy/lib/python3.13/site-packages/numpy/lib/_nanfunctions_impl.py:2019: RuntimeWarning: Degrees of freedom <= 0 for slice.
  var = nanvar(a, axis=axis, dtype=dtype, out=out, ddof=ddof,
/oscar/data/deeps/private/bfoxkemp/jnickla1/Thorne_15_codefigurestats/Methods/43_Forcing_Based/1_ERF_FaIR/FaIR_nonat_method.py:96: RuntimeWarning: Mean of empty slice
  cdist = np.nanmean(dist)
/oscar/data/deeps/private/bfoxkemp/jnickla1/Thorne_15_codefigurestats/Methods/43_Forcing_Based/1_ERF_FaIR/FaIR_nonat_unB_method.py:92: RuntimeWarning: Mean of empty slice
  return np.nanmean(samp_cur[year_idx-1850, :], axis = 1)
/users/jnickla1/.conda/envs/cleanpy/lib/python3.13/site-packages/numpy/lib/_nanfunctions_impl.py:2019: RuntimeWarning: Degrees of freedom <= 0 for slice.
  var = nanvar(a, axis=axis, dtype=dtype, out=out, ddof=ddof,
/oscar/data/deeps/private/bfoxkemp/jnickla1/Thorne_15_codefigurestats/Methods/43_Forcing_Based/1_ERF_FaIR/FaIR_nonat_unB_method.py:120: RuntimeWarning: Mean of empty slice
  cdist = np.nanmean(dist)
/oscar/data/deeps/private/bfoxkemp/jnickla1/Thorne_15_codefigurestats/Methods/43_Forcing_Based/1_ERF_FaIR/FaIR_nonat_method.py:68: RuntimeWarning: Mean of empty slice
  return np.nanmean(samp_cur[year_idx-1850, :], axis = 1)
/users/jnickla1/.conda/envs/cleanpy/lib/python3.13/site-packages/numpy/lib/_nanfunctions_impl.py:2019: RuntimeWarning: Degrees of freedom <= 0 for slice.
  var = nanvar(a, axis=axis, dtype=dtype, out=out, ddof=ddof,
/oscar/data/deeps/private/bfoxkemp/jnickla1/Thorne_15_codefigurestats/Methods/43_Forcing_Based/1_ERF_FaIR/FaIR_nonat_method.py:96: RuntimeWarning: Mean of empty slice
  cdist = np.nanmean(dist)
/oscar/data/deeps/private/bfoxkemp/jnickla1/Thorne_15_codefigurestats/Methods/43_Forcing_Based/1_ERF_FaIR/FaIR_nonat_unB_method.py:92: RuntimeWarning: Mean of empty slice
  return np.nanmean(samp_cur[year_idx-1850, :], axis = 1)
/users/jnickla1/.conda/envs/cleanpy/lib/python3.13/site-packages/numpy/lib/_nanfunctions_impl.py:2019: RuntimeWarning: Degrees of freedom <= 0 for slice.
  var = nanvar(a, axis=axis, dtype=dtype, out=out, ddof=ddof,
/oscar/data/deeps/private/bfoxkemp/jnickla1/Thorne_15_codefigurestats/Methods/43_Forcing_Based/1_ERF_FaIR/FaIR_nonat_unB_method.py:120: RuntimeWarning: Mean of empty slice
  cdist = np.nanmean(dist)
/oscar/data/deeps/private/bfoxkemp/jnickla1/Thorne_15_codefigurestats/Methods/43_Forcing_Based/1_ERF_FaIR/FaIR_nonat_unB_method.py:92: RuntimeWarning: Mean of empty slice
  return np.nanmean(samp_cur[year_idx-1850, :], axis = 1)
/users/jnickla1/.conda/envs/cleanpy/lib/python3.13/site-packages/numpy/lib/_nanfunctions_impl.py:2019: RuntimeWarning: Degrees of freedom <= 0 for slice.
  var = nanvar(a, axis=axis, dtype=dtype, out=out, ddof=ddof,
/oscar/data/deeps/private/bfoxkemp/jnickla1/Thorne_15_codefigurestats/Methods/43_Forcing_Based/1_ERF_FaIR/FaIR_nonat_unB_method.py:120: RuntimeWarning: Mean of empty slice
  cdist = np.nanmean(dist)
/oscar/data/deeps/private/bfoxkemp/jnickla1/Thorne_15_codefigurestats/Methods/43_Forcing_Based/1_ERF_FaIR/FaIR_all_method.py:68: RuntimeWarning: Mean of empty slice
  return np.nanmean(samp_cur[year_idx-1850, :], axis = 1)
/users/jnickla1/.conda/envs/cleanpy/lib/python3.13/site-packages/numpy/lib/_nanfunctions_impl.py:2019: RuntimeWarning: Degrees of freedom <= 0 for slice.
  var = nanvar(a, axis=axis, dtype=dtype, out=out, ddof=ddof,
/oscar/data/deeps/private/bfoxkemp/jnickla1/Thorne_15_codefigurestats/Methods/43_Forcing_Based/1_ERF_FaIR/FaIR_all_method.py:96: RuntimeWarning: Mean of empty slice
  cdist = np.nanmean(dist)
/oscar/data/deeps/private/bfoxkemp/jnickla1/Thorne_15_codefigurestats/Methods/43_Forcing_Based/1_ERF_FaIR/FaIR_nonat_unB_method.py:92: RuntimeWarning: Mean of empty slice
  return np.nanmean(samp_cur[year_idx-1850, :], axis = 1)
/users/jnickla1/.conda/envs/cleanpy/lib/python3.13/site-packages/numpy/lib/_nanfunctions_impl.py:2019: RuntimeWarning: Degrees of freedom <= 0 for slice.
  var = nanvar(a, axis=axis, dtype=dtype, out=out, ddof=ddof,
/oscar/data/deeps/private/bfoxkemp/jnickla1/Thorne_15_codefigurestats/Methods/43_Forcing_Based/1_ERF_FaIR/FaIR_nonat_unB_method.py:120: RuntimeWarning: Mean of empty slice
  cdist = np.nanmean(dist)
/oscar/data/deeps/private/bfoxkemp/jnickla1/Thorne_15_codefigurestats/Methods/43_Forcing_Based/1_ERF_FaIR/FaIR_all_method.py:68: RuntimeWarning: Mean of empty slice
  return np.nanmean(samp_cur[year_idx-1850, :], axis = 1)
/users/jnickla1/.conda/envs/cleanpy/lib/python3.13/site-packages/numpy/lib/_nanfunctions_impl.py:2019: RuntimeWarning: Degrees of freedom <= 0 for slice.
  var = nanvar(a, axis=axis, dtype=dtype, out=out, ddof=ddof,
/oscar/data/deeps/private/bfoxkemp/jnickla1/Thorne_15_codefigurestats/Methods/43_Forcing_Based/1_ERF_FaIR/FaIR_all_method.py:96: RuntimeWarning: Mean of empty slice
  cdist = np.nanmean(dist)
/oscar/data/deeps/private/bfoxkemp/jnickla1/Thorne_15_codefigurestats/Methods/43_Forcing_Based/1_ERF_FaIR/FaIR_nonat_method.py:68: RuntimeWarning: Mean of empty slice
  return np.nanmean(samp_cur[year_idx-1850, :], axis = 1)
/users/jnickla1/.conda/envs/cleanpy/lib/python3.13/site-packages/numpy/lib/_nanfunctions_impl.py:2019: RuntimeWarning: Degrees of freedom <= 0 for slice.
  var = nanvar(a, axis=axis, dtype=dtype, out=out, ddof=ddof,
/oscar/data/deeps/private/bfoxkemp/jnickla1/Thorne_15_codefigurestats/Methods/43_Forcing_Based/1_ERF_FaIR/FaIR_nonat_method.py:96: RuntimeWarning: Mean of empty slice
  cdist = np.nanmean(dist)
/oscar/data/deeps/private/bfoxkemp/jnickla1/Thorne_15_codefigurestats/Methods/43_Forcing_Based/1_ERF_FaIR/FaIR_all_method.py:68: RuntimeWarning: Mean of empty slice
  return np.nanmean(samp_cur[year_idx-1850, :], axis = 1)
/users/jnickla1/.conda/envs/cleanpy/lib/python3.13/site-packages/numpy/lib/_nanfunctions_impl.py:2019: RuntimeWarning: Degrees of freedom <= 0 for slice.
  var = nanvar(a, axis=axis, dtype=dtype, out=out, ddof=ddof,
/oscar/data/deeps/private/bfoxkemp/jnickla1/Thorne_15_codefigurestats/Methods/43_Forcing_Based/1_ERF_FaIR/FaIR_all_method.py:96: RuntimeWarning: Mean of empty slice
  cdist = np.nanmean(dist)
/oscar/data/deeps/private/bfoxkemp/jnickla1/Thorne_15_codefigurestats/fut_evaluation_script.py:427: RuntimeWarning: Mean of empty slice
  evalmean = np.nanmean(diffcross) #if crossing multiple times take the mean
/oscar/data/deeps/private/bfoxkemp/jnickla1/Thorne_15_codefigurestats/fut_evaluation_script.py:427: RuntimeWarning: Mean of empty slice
  evalmean = np.nanmean(diffcross) #if crossing multiple times take the mean
/oscar/data/deeps/private/bfoxkemp/jnickla1/Thorne_15_codefigurestats/fut_evaluation_script.py:464: RuntimeWarning: Mean of empty slice
  evalmean = np.nanmean(diffcrossE) #if crossing multiple times take the mean
/oscar/data/deeps/private/bfoxkemp/jnickla1/Thorne_15_codefigurestats/Methods/43_Forcing_Based/1_ERF_FaIR/FaIR_all_method.py:68: RuntimeWarning: Mean of empty slice
  return np.nanmean(samp_cur[year_idx-1850, :], axis = 1)
/users/jnickla1/.conda/envs/cleanpy/lib/python3.13/site-packages/numpy/lib/_nanfunctions_impl.py:2019: RuntimeWarning: Degrees of freedom <= 0 for slice.
  var = nanvar(a, axis=axis, dtype=dtype, out=out, ddof=ddof,
/oscar/data/deeps/private/bfoxkemp/jnickla1/Thorne_15_codefigurestats/Methods/43_Forcing_Based/1_ERF_FaIR/FaIR_all_method.py:96: RuntimeWarning: Mean of empty slice
  cdist = np.nanmean(dist)
/oscar/data/deeps/private/bfoxkemp/jnickla1/Thorne_15_codefigurestats/fut_evaluation_script.py:464: RuntimeWarning: Mean of empty slice
  evalmean = np.nanmean(diffcrossE) #if crossing multiple times take the mean
/oscar/data/deeps/private/bfoxkemp/jnickla1/Thorne_15_codefigurestats/Methods/43_Forcing_Based/1_ERF_FaIR/FaIR_all_unB_method.py:90: RuntimeWarning: Mean of empty slice
  return np.nanmean(samp_cur[year_idx-1850, :], axis = 1)
/users/jnickla1/.conda/envs/cleanpy/lib/python3.13/site-packages/numpy/lib/_nanfunctions_impl.py:2019: RuntimeWarning: Degrees of freedom <= 0 for slice.
  var = nanvar(a, axis=axis, dtype=dtype, out=out, ddof=ddof,
/oscar/data/deeps/private/bfoxkemp/jnickla1/Thorne_15_codefigurestats/Methods/43_Forcing_Based/1_ERF_FaIR/FaIR_all_unB_method.py:118: RuntimeWarning: Mean of empty slice
  cdist = np.nanmean(dist)
/oscar/data/deeps/private/bfoxkemp/jnickla1/Thorne_15_codefigurestats/Methods/43_Forcing_Based/1_ERF_FaIR/FaIR_all_unB_method.py:90: RuntimeWarning: Mean of empty slice
  return np.nanmean(samp_cur[year_idx-1850, :], axis = 1)
/users/jnickla1/.conda/envs/cleanpy/lib/python3.13/site-packages/numpy/lib/_nanfunctions_impl.py:2019: RuntimeWarning: Degrees of freedom <= 0 for slice.
  var = nanvar(a, axis=axis, dtype=dtype, out=out, ddof=ddof,
/oscar/data/deeps/private/bfoxkemp/jnickla1/Thorne_15_codefigurestats/Methods/43_Forcing_Based/1_ERF_FaIR/FaIR_all_unB_method.py:118: RuntimeWarning: Mean of empty slice
  cdist = np.nanmean(dist)
/oscar/data/deeps/private/bfoxkemp/jnickla1/Thorne_15_codefigurestats/Methods/43_Forcing_Based/1_ERF_FaIR/FaIR_all_unB_method.py:90: RuntimeWarning: Mean of empty slice
  return np.nanmean(samp_cur[year_idx-1850, :], axis = 1)
/users/jnickla1/.conda/envs/cleanpy/lib/python3.13/site-packages/numpy/lib/_nanfunctions_impl.py:2019: RuntimeWarning: Degrees of freedom <= 0 for slice.
  var = nanvar(a, axis=axis, dtype=dtype, out=out, ddof=ddof,
/oscar/data/deeps/private/bfoxkemp/jnickla1/Thorne_15_codefigurestats/Methods/43_Forcing_Based/1_ERF_FaIR/FaIR_all_unB_method.py:118: RuntimeWarning: Mean of empty slice
  cdist = np.nanmean(dist)
/oscar/data/deeps/private/bfoxkemp/jnickla1/Thorne_15_codefigurestats/Methods/43_Forcing_Based/1_ERF_FaIR/FaIR_nonat_unB_method.py:92: RuntimeWarning: Mean of empty slice
  return np.nanmean(samp_cur[year_idx-1850, :], axis = 1)
/users/jnickla1/.conda/envs/cleanpy/lib/python3.13/site-packages/numpy/lib/_nanfunctions_impl.py:2019: RuntimeWarning: Degrees of freedom <= 0 for slice.
  var = nanvar(a, axis=axis, dtype=dtype, out=out, ddof=ddof,
/oscar/data/deeps/private/bfoxkemp/jnickla1/Thorne_15_codefigurestats/Methods/43_Forcing_Based/1_ERF_FaIR/FaIR_nonat_unB_method.py:120: RuntimeWarning: Mean of empty slice
  cdist = np.nanmean(dist)
/oscar/data/deeps/private/bfoxkemp/jnickla1/Thorne_15_codefigurestats/Methods/43_Forcing_Based/1_ERF_FaIR/FaIR_comb_unB_method.py:153: RuntimeWarning: Mean of empty slice
  return np.nanmean(samp_cur[year_idx-1850, :], axis = 1)
/users/jnickla1/.conda/envs/cleanpy/lib/python3.13/site-packages/numpy/lib/_nanfunctions_impl.py:2019: RuntimeWarning: Degrees of freedom <= 0 for slice.
  var = nanvar(a, axis=axis, dtype=dtype, out=out, ddof=ddof,
/oscar/data/deeps/private/bfoxkemp/jnickla1/Thorne_15_codefigurestats/Methods/43_Forcing_Based/1_ERF_FaIR/FaIR_comb_unB_method.py:181: RuntimeWarning: Mean of empty slice
  cdist = np.nanmean(dist)
/oscar/data/deeps/private/bfoxkemp/jnickla1/Thorne_15_codefigurestats/Methods/43_Forcing_Based/1_ERF_FaIR/FaIR_all_unB_method.py:90: RuntimeWarning: Mean of empty slice
  return np.nanmean(samp_cur[year_idx-1850, :], axis = 1)
/users/jnickla1/.conda/envs/cleanpy/lib/python3.13/site-packages/numpy/lib/_nanfunctions_impl.py:2019: RuntimeWarning: Degrees of freedom <= 0 for slice.
  var = nanvar(a, axis=axis, dtype=dtype, out=out, ddof=ddof,
/oscar/data/deeps/private/bfoxkemp/jnickla1/Thorne_15_codefigurestats/Methods/43_Forcing_Based/1_ERF_FaIR/FaIR_all_unB_method.py:118: RuntimeWarning: Mean of empty slice
  cdist = np.nanmean(dist)
/oscar/data/deeps/private/bfoxkemp/jnickla1/Thorne_15_codefigurestats/Methods/43_Forcing_Based/1_ERF_FaIR/FaIR_comb_unB_method.py:153: RuntimeWarning: Mean of empty slice
  return np.nanmean(samp_cur[year_idx-1850, :], axis = 1)
/users/jnickla1/.conda/envs/cleanpy/lib/python3.13/site-packages/numpy/lib/_nanfunctions_impl.py:2019: RuntimeWarning: Degrees of freedom <= 0 for slice.
  var = nanvar(a, axis=axis, dtype=dtype, out=out, ddof=ddof,
/oscar/data/deeps/private/bfoxkemp/jnickla1/Thorne_15_codefigurestats/Methods/43_Forcing_Based/1_ERF_FaIR/FaIR_comb_unB_method.py:181: RuntimeWarning: Mean of empty slice
  cdist = np.nanmean(dist)
/oscar/data/deeps/private/bfoxkemp/jnickla1/Thorne_15_codefigurestats/Methods/43_Forcing_Based/1_ERF_FaIR/FaIR_comb_unB_method.py:153: RuntimeWarning: Mean of empty slice
  return np.nanmean(samp_cur[year_idx-1850, :], axis = 1)
/users/jnickla1/.conda/envs/cleanpy/lib/python3.13/site-packages/numpy/lib/_nanfunctions_impl.py:2019: RuntimeWarning: Degrees of freedom <= 0 for slice.
  var = nanvar(a, axis=axis, dtype=dtype, out=out, ddof=ddof,
/oscar/data/deeps/private/bfoxkemp/jnickla1/Thorne_15_codefigurestats/Methods/43_Forcing_Based/1_ERF_FaIR/FaIR_comb_unB_method.py:181: RuntimeWarning: Mean of empty slice
  cdist = np.nanmean(dist)
starting computation for fut_ESM1-2-LR_SSP126_constVolc
max_runs34
Model number:
33




Methods/42_Temp_Alone/1_Run_Means/cent10y_method.py
Methods/42_Temp_Alone/1_Run_Means/cent20y_method.py
Methods/42_Temp_Alone/1_Run_Means/cent21y_method.py
Methods/42_Temp_Alone/1_Run_Means/cent30y_method.py
Methods/42_Temp_Alone/1_Run_Means/lag10y_method.py
Methods/42_Temp_Alone/1_Run_Means/lag5y_method.py
Methods/42_Temp_Alone/1_Run_Means/offset11y_method.py
Methods/42_Temp_Alone/1_Run_Means/raw1y_method.py
Methods/43_Forcing_Based/1_ERF_FaIR/FaIR_all_method.py
Methods/43_Forcing_Based/1_ERF_FaIR/FaIR_all_unB_method.py
Methods/43_Forcing_Based/1_ERF_FaIR/FaIR_anthro_method.py
Methods/43_Forcing_Based/1_ERF_FaIR/FaIR_anthro_unB_method.py
Methods/43_Forcing_Based/1_ERF_FaIR/FaIR_comb_unB_method.py
Methods/43_Forcing_Based/1_ERF_FaIR/FaIR_nonat_method.py
Methods/43_Forcing_Based/1_ERF_FaIR/FaIR_nonat_unB_method.py
evaluating 6 of 0.1°C thresholds, starting at 1.1°C
11
FaIR_anthro sampled, d llike: -0.008993237433404522
FaIR_anthro sampled, d llike: -2.473263121167911
FaIR_anthro_unB sampled, d llike: 0.03485355237188781
FaIR_anthro_unB sampled, d llike: -4.194753085235421
FaIR_nonat sampled, d llike: -0.04123979222423557
FaIR_nonat sampled, d llike: -0.07502838302059966
FaIR_nonat_unB sampled, d llike: -0.04363050777003541
FaIR_nonat_unB sampled, d llike: -0.06512103607085096
FaIR_all sampled, d llike: -1847.2702044859589
FaIR_all sampled, d llike: -0.073138791780191
FaIR_all_unB sampled, d llike: -0.025675752265911678
FaIR_all_unB sampled, d llike: -0.05470921671045226
FaIR_comb_unB sampled, d llike: -0.03502397233943011
FaIR_comb_unB sampled, d llike: 0.10833776806127743
        method_name    method_class c/r  smooth_r  avg_unc.(1se)  #q<0.5  #q<0.1   log-likeli       RMS      bias         tlog-l       100log-l    100RMS     75RMS   100bias       l15  l20    bias50   Edyrs15  Edyrs20    Mdyrs15  Mdyrs20   Fdyrs15  Fdyrs20    EdyrsA   RMSyrsA  ncEdyrs      e100log-l   e100RMS    e75RMS  e100bias       el15  el20   ebias50   eEdyrs15  eEdyrs20   eMdyrs15  eMdyrs20   eFdyrs15  eFdyrs20    eEdyrsA   eRMSyrsA  nceEdyrs
21    FaIR_comb_unB   43/1_ERF_FaIR   c     2.219       0.073130       0       0     1.590011  0.027067 -0.011885     249.631666     148.574740  0.020595  0.020276 -0.001069  4.584775  0.0 -0.001758 -1.916667       -1  -1.916667       -1 -1.916667       -1  0.208333  1.674634      6.0     128.770111  0.058364  0.063868  0.046540   3.485376   0.0  0.029002  -8.666667        -1  -8.666667        -1  -8.666667        -1  -2.965278   2.965278       7.0
15   FaIR_nonat_unB   43/1_ERF_FaIR   c     2.136       0.083036       0       0     1.440780  0.033609 -0.014482     231.965584     136.377939  0.025121  0.026671 -0.001189  4.214390  0.0 -0.011589 -2.500000       -1  -2.500000       -1 -2.500000       -1 -0.231481  1.839985      8.0     120.507957  0.061738  0.066502  0.046420   3.387994   0.0  0.019171  -9.250000        -1  -9.250000        -1  -9.250000        -1  -5.020833   5.020833       9.0
19     FaIR_all_unB   43/1_ERF_FaIR   c     3.735       0.085835       0       0     1.380353  0.043882 -0.001361     222.236800     134.511782  0.021660  0.021836 -0.000073  4.040539  0.0 -0.004301 -1.750000       -1  -1.750000       -1 -1.750000       -1 -0.229167  1.435838      7.0     120.927832  0.059816  0.063204  0.047535   3.670539   0.0  0.026459  -8.500000        -1  -8.500000        -1  -8.500000        -1  -3.288194   3.288194       9.0
9       FaIR_anthro   43/1_ERF_FaIR   c     1.592       0.083427       0       0     1.112492  0.065217 -0.021426     179.111254     126.962610  0.042404  0.041400  0.020638  3.514476  0.0 -0.009030 -5.583333       -1  -5.583333       -1 -5.583333       -1 -2.513889  3.060539      6.0     102.462766  0.085528  0.084930  0.068246   2.789123   0.0  0.021730 -12.333333        -1 -12.333333        -1 -12.333333        -1  -4.718750   4.718750       9.0
11  FaIR_anthro_unB   43/1_ERF_FaIR   c     1.592       0.083421      28       0     0.923882  0.078181 -0.048123     148.745082     126.081984  0.037565  0.041786 -0.006062  3.972710  0.0 -0.035766 -3.500000       -1  -3.500000       -1 -3.500000       -1  0.861111  5.865980      7.0     116.819726  0.066233  0.067754  0.041547   3.414071   0.0 -0.005006 -10.250000        -1 -10.250000        -1 -10.250000        -1  -5.027778   5.027778       7.0
13       FaIR_nonat   43/1_ERF_FaIR   c     2.041       0.103661       0       0     1.206605  0.046117 -0.002301     194.263458     112.485410  0.045867  0.043384  0.023298  3.112368  0.0 -0.009776 -6.166667       -1  -6.166667       -1 -6.166667       -1 -2.902778  3.463935      6.0      92.203113  0.089167  0.087096  0.070906   2.535033   0.0  0.020984 -12.916667        -1 -12.916667        -1 -12.916667        -1  -6.326389   6.326389       7.0
2             raw1y  42/1_Run_Means   c    28.495       0.117081       3       0     0.793524  0.108223 -0.000933     183.304117      82.185434  0.096711  0.102363  0.002816  3.624104  0.0 -0.000839  3.583333       -1  18.833333       -1 -7.750000       -1  1.741898  3.518631     24.5      69.475683  0.112696  0.120523  0.050425   2.595313   0.0  0.029921   0.541667        -1  19.083333        -1 -14.500000        -1  -2.311343   2.311343      25.6
1             lag5y  42/1_Run_Means   c     5.505       0.044301      47      25     1.046464  0.053663 -0.013617     241.733080      65.960168  0.045859  0.047326 -0.010616  7.005318  0.0  0.007626  2.083333       -1   2.083333       -1  2.083333       -1  3.673611  5.212193      8.0     -17.805744  0.062808  0.068203  0.036992   6.409139   0.0  0.038386  -4.666667        -1  -4.666667        -1  -4.666667        -1  -1.113426   1.113426       9.0
0            lag10y  42/1_Run_Means   c     2.622       0.035662      95      28     0.863777  0.054560 -0.030074     199.532443      14.827573  0.057088  0.044073 -0.035174  5.426047  0.0  0.008849  4.291667       -1   6.000000       -1  2.583333       -1  6.138889  6.949512      8.2      80.397036  0.045783  0.046786  0.012434  13.181063   0.0  0.039609  -2.458333        -1  -4.166667        -1  -4.166667        -1   0.250000   0.250000       8.2
8         offset11y  42/1_Run_Means   c     2.644       0.034548     178     131    -1.672850  0.090399  0.076564    -386.428340    -192.399818  0.084617  0.098096  0.069815  6.017909  0.0  0.118133 -1.833333       -1  -1.833333       -1 -1.833333       -1 -1.375000  1.893886      7.0    -664.148138  0.125892  0.142303  0.117423   0.000982   0.0  0.148893  -8.583333        -1  -8.583333        -1  -8.583333        -1  -7.263889   7.263889       7.0
17         FaIR_all   43/1_ERF_FaIR   c     3.064       0.005550     153     138 -2017.835034  0.071920  0.026494 -324871.440497 -243032.923336  0.081109  0.063231  0.060430  0.000000  0.0  0.011049 -7.833333       -1  -7.833333       -1 -7.833333       -1 -5.979167  6.081454      7.0 -641903.588062  0.126931  0.112437  0.108039   0.000000   0.0  0.041809 -14.583333        -1 -14.583333        -1 -14.583333        -1 -11.868056  11.868056       7.0
4.403188383
finished this run
starting computation for fut_NorESM_RCP45_VolcConst
max_runs34
Model number:
33




Methods/42_Temp_Alone/1_Run_Means/cent10y_method.py
Methods/42_Temp_Alone/1_Run_Means/cent20y_method.py
Methods/42_Temp_Alone/1_Run_Means/cent21y_method.py
Methods/42_Temp_Alone/1_Run_Means/cent30y_method.py
Methods/42_Temp_Alone/1_Run_Means/lag10y_method.py
Methods/42_Temp_Alone/1_Run_Means/lag5y_method.py
Methods/42_Temp_Alone/1_Run_Means/offset11y_method.py
Methods/42_Temp_Alone/1_Run_Means/raw1y_method.py
Methods/43_Forcing_Based/1_ERF_FaIR/FaIR_all_method.py
Methods/43_Forcing_Based/1_ERF_FaIR/FaIR_all_unB_method.py
Methods/43_Forcing_Based/1_ERF_FaIR/FaIR_anthro_method.py
Methods/43_Forcing_Based/1_ERF_FaIR/FaIR_anthro_unB_method.py
Methods/43_Forcing_Based/1_ERF_FaIR/FaIR_comb_unB_method.py
Methods/43_Forcing_Based/1_ERF_FaIR/FaIR_nonat_method.py
Methods/43_Forcing_Based/1_ERF_FaIR/FaIR_nonat_unB_method.py
evaluating 13 of 0.1°C thresholds, starting at 1.1°C
11
FaIR_anthro sampled, d llike: -0.2667880965976698
FaIR_anthro sampled, d llike: -40.35275068088105
FaIR_anthro_unB sampled, d llike: -0.01805168310830041
FaIR_anthro_unB sampled, d llike: -5.932440568776315
FaIR_nonat sampled, d llike: 0.03372767090602358
FaIR_nonat sampled, d llike: 0.14881891977788594
FaIR_nonat_unB sampled, d llike: 0.01255195816211474
FaIR_nonat_unB sampled, d llike: 0.08806612537911598
FaIR_all sampled, d llike: -13450.2645945967
FaIR_all sampled, d llike: 0.12002264424654263
FaIR_all_unB sampled, d llike: -0.7847155188005548
FaIR_all_unB sampled, d llike: 0.061168227592219744
FaIR_comb_unB sampled, d llike: -0.07558893184997267
FaIR_comb_unB sampled, d llike: 0.11451275758367857
        method_name    method_class c/r  smooth_r  avg_unc.(1se)  #q<0.5  #q<0.1    log-likeli       RMS      bias        tlog-l      100log-l    100RMS     75RMS   100bias       l15       l20    bias50   Edyrs15    Edyrs20   Mdyrs15    Mdyrs20   Fdyrs15    Fdyrs20     EdyrsA    RMSyrsA  ncEdyrs     e100log-l   e100RMS    e75RMS  e100bias       el15      el20   ebias50  eEdyrs15   eEdyrs20  eMdyrs15   eMdyrs20  eFdyrs15   eFdyrs20    eEdyrsA   eRMSyrsA  nceEdyrs
8         offset11y  42/1_Run_Means   c     2.766       0.032754     163     107     -1.305231  0.084555  0.064116 -3.002032e+02  1.472439e+02  0.043460  0.047679  0.024220  9.829735  7.511024  0.046376  2.083333  -2.583333  2.083333  -2.583333  2.083333  -2.583333  -1.006410   2.470661     13.0  9.074179e+01  0.056348  0.060410  0.036461  10.387771  7.743603  0.060230  2.000000  -2.583333  2.000000  -2.583333  2.000000  -2.583333  -1.429487   1.429487      13.0
21    FaIR_comb_unB   43/1_ERF_FaIR   c     3.152       0.079012      66       0     -0.073445  0.131223 -0.093140 -1.145749e+01  1.215158e+02  0.052883  0.056499 -0.024051  3.878560  4.505906 -0.054343  1.583333   1.916667  1.583333   1.916667  1.583333   1.916667   1.358974   3.743656     13.0  1.279000e+02  0.038875  0.039068 -0.011810   3.909367  4.502145 -0.040489  1.500000   1.916667  1.500000   1.916667  1.500000   1.916667   0.935897   0.935897      13.0
15   FaIR_nonat_unB   43/1_ERF_FaIR   c     2.983       0.090270      70       0      0.312412  0.130138 -0.092856  4.998588e+01  1.107454e+02  0.058703  0.063881 -0.023474  3.615194  3.682316 -0.064534  1.583333   2.500000  1.583333   2.500000  1.583333   2.500000   1.461538   4.246919     13.0  1.156044e+02  0.046631  0.047060 -0.011233   3.627070  3.672810 -0.050680  1.500000   2.500000  1.500000   2.500000  1.500000   2.500000   1.038462   1.038462      13.0
11  FaIR_anthro_unB   43/1_ERF_FaIR   c     2.205       0.095428      24       0      0.824861  0.090438 -0.064179  1.319777e+02  1.086790e+02  0.049506  0.050272 -0.021890  3.483524  3.495705 -0.046483  1.500000   1.500000  1.500000   1.500000  1.500000   1.500000   0.756410   2.630768     13.0  1.124789e+02  0.034986  0.033426 -0.009649   3.498312  3.490063 -0.032629  1.416667   1.500000  1.416667   1.500000  1.416667   1.500000   0.333333   0.333333      13.0
19     FaIR_all_unB   43/1_ERF_FaIR   c     4.274       0.091410      61       3     -0.756083  0.143834 -0.095256 -1.209732e+02  1.083656e+02  0.061327  0.067596 -0.023562  3.554283  3.741786 -0.065805  1.666667   2.000000  1.666667   2.000000  1.666667   2.000000   1.942308   5.477372     13.0  1.131936e+02  0.049089  0.050756 -0.011322   3.575959  3.731235 -0.051951  1.583333   2.000000  1.583333   2.000000  1.583333   2.000000   1.519231   1.519231      13.0
2             raw1y  42/1_Run_Means   c    31.333       0.107547       0       0      0.888966  0.096943 -0.001127  2.044621e+02  7.689576e+01  0.102839  0.101033  0.000879  1.203396  2.925773 -0.003618 -1.708333  -2.208333 -5.833333  -6.583333 -5.833333  -6.583333  -0.380876   2.589573     37.2  7.488706e+01  0.104950  0.103476  0.013119   1.237502  2.907968  0.010236 -1.791667  -2.208333 -5.916667  -6.583333 -5.916667  -6.583333  -0.803953   0.803953      37.2
9       FaIR_anthro   43/1_ERF_FaIR   c     2.204       0.095449     143      31     -0.875091  0.170861 -0.158540 -1.400145e+02  5.558934e+01  0.124455  0.129394 -0.116262  1.908367  1.783392 -0.140827  4.916667   9.416667  4.916667   9.416667  4.916667   9.416667   7.653846   9.690565     12.0  6.905800e+01  0.109320  0.115687 -0.104021   1.941164  1.773368 -0.126974  4.833333   9.416667  4.833333   9.416667  4.833333   9.416667   7.294872   7.294872      12.0
13       FaIR_nonat   43/1_ERF_FaIR   c     2.629       0.112721     145       0      0.136657  0.164762 -0.156858  2.186516e+01  5.375809e+01  0.133337  0.138260 -0.127046  1.630685  1.947077 -0.146867  5.500000   9.250000  5.500000   9.250000  5.500000   9.250000   7.522436   8.560657     14.0  6.420185e+01  0.118647  0.125081 -0.114805   1.660959  1.933086 -0.133014  5.416667   9.250000  5.416667   9.250000  5.416667   9.250000   7.099359   7.099359      14.0
1             lag5y  42/1_Run_Means   c     6.427       0.039756      98      28      0.543421  0.061148 -0.018673  1.249869e+02  1.295821e+01  0.063371  0.058801 -0.032612  0.000012  0.160667 -0.025625  3.750000   4.333333  3.750000   4.333333  3.750000   4.333333   1.965812   2.577255     18.0  3.075498e+01  0.060695  0.056973 -0.020371   0.000016  0.147390 -0.011772  3.666667   4.333333  3.666667   4.333333  3.666667   4.333333   1.542735   1.542735      18.0
0            lag10y  42/1_Run_Means   c     3.106       0.033574     148      83      0.357715  0.066720 -0.041196  8.227454e+01 -7.362982e+01  0.084064  0.083490 -0.076337  0.000838  0.702052 -0.056092  5.833333   6.333333  5.833333   6.333333  5.833333   6.333333   4.506410   4.735132     14.0 -1.487696e+01  0.077173  0.079500 -0.064097   0.001086  0.660246 -0.042238  5.750000   6.333333  5.750000   6.333333  5.750000   6.333333   4.083333   4.083333      14.0
17         FaIR_all   43/1_ERF_FaIR   c     3.592       0.005581     160     160 -14714.117031  0.195528 -0.177743 -2.354259e+06 -1.323657e+06  0.201019  0.207564 -0.196326  0.000000  0.000000 -0.219129  8.833333  15.416667  8.833333  15.416667  8.833333  15.416667  12.878205  14.339426     12.0 -1.127996e+06  0.186878  0.194963 -0.184085   0.000000  0.000000 -0.205275  8.750000  15.416667  8.750000  15.416667  8.750000  15.416667  12.673077  12.673077      12.0
4.385423212
finished this run
/oscar/data/deeps/private/bfoxkemp/jnickla1/Thorne_15_codefigurestats/Methods/43_Forcing_Based/1_ERF_FaIR/FaIR_all_method.py:68: RuntimeWarning: Mean of empty slice
  return np.nanmean(samp_cur[year_idx-1850, :], axis = 1)
/users/jnickla1/.conda/envs/cleanpy/lib/python3.13/site-packages/numpy/lib/_nanfunctions_impl.py:2019: RuntimeWarning: Degrees of freedom <= 0 for slice.
  var = nanvar(a, axis=axis, dtype=dtype, out=out, ddof=ddof,
/oscar/data/deeps/private/bfoxkemp/jnickla1/Thorne_15_codefigurestats/Methods/43_Forcing_Based/1_ERF_FaIR/FaIR_all_method.py:96: RuntimeWarning: Mean of empty slice
  cdist = np.nanmean(dist)
/oscar/data/deeps/private/bfoxkemp/jnickla1/Thorne_15_codefigurestats/Methods/43_Forcing_Based/1_ERF_FaIR/FaIR_comb_unB_method.py:153: RuntimeWarning: Mean of empty slice
  return np.nanmean(samp_cur[year_idx-1850, :], axis = 1)
/users/jnickla1/.conda/envs/cleanpy/lib/python3.13/site-packages/numpy/lib/_nanfunctions_impl.py:2019: RuntimeWarning: Degrees of freedom <= 0 for slice.
  var = nanvar(a, axis=axis, dtype=dtype, out=out, ddof=ddof,
/oscar/data/deeps/private/bfoxkemp/jnickla1/Thorne_15_codefigurestats/Methods/43_Forcing_Based/1_ERF_FaIR/FaIR_comb_unB_method.py:181: RuntimeWarning: Mean of empty slice
  cdist = np.nanmean(dist)
starting computation for fut_NorESM_RCP45_Volc
max_runs34
Model number:
33




Methods/42_Temp_Alone/1_Run_Means/cent10y_method.py
Methods/42_Temp_Alone/1_Run_Means/cent20y_method.py
Methods/42_Temp_Alone/1_Run_Means/cent21y_method.py
Methods/42_Temp_Alone/1_Run_Means/cent30y_method.py
Methods/42_Temp_Alone/1_Run_Means/lag10y_method.py
Methods/42_Temp_Alone/1_Run_Means/lag5y_method.py
Methods/42_Temp_Alone/1_Run_Means/offset11y_method.py
Methods/42_Temp_Alone/1_Run_Means/raw1y_method.py
Methods/43_Forcing_Based/1_ERF_FaIR/FaIR_all_method.py
Methods/43_Forcing_Based/1_ERF_FaIR/FaIR_all_unB_method.py
Methods/43_Forcing_Based/1_ERF_FaIR/FaIR_anthro_method.py
Methods/43_Forcing_Based/1_ERF_FaIR/FaIR_anthro_unB_method.py
Methods/43_Forcing_Based/1_ERF_FaIR/FaIR_comb_unB_method.py
Methods/43_Forcing_Based/1_ERF_FaIR/FaIR_nonat_method.py
Methods/43_Forcing_Based/1_ERF_FaIR/FaIR_nonat_unB_method.py
evaluating 13 of 0.1°C thresholds, starting at 1.1°C
11
FaIR_anthro sampled, d llike: -0.24943510934842938
FaIR_anthro sampled, d llike: -40.51162247373956
FaIR_anthro_unB sampled, d llike: -0.021841119095120987
FaIR_anthro_unB sampled, d llike: -5.595597160069648
FaIR_nonat sampled, d llike: 0.05099713707009988
FaIR_nonat sampled, d llike: 0.15750950934241092
FaIR_nonat_unB sampled, d llike: 0.0009029069074826812
FaIR_nonat_unB sampled, d llike: 0.10809612534083304
FaIR_all sampled, d llike: -11761.239215820025
FaIR_all sampled, d llike: 0.10237012308541149
FaIR_all_unB sampled, d llike: -0.6324019039804359
FaIR_all_unB sampled, d llike: 0.019849128760334483
FaIR_comb_unB sampled, d llike: -0.11088878879491532
FaIR_comb_unB sampled, d llike: 0.19016133255389456
        method_name    method_class c/r  smooth_r  avg_unc.(1se)  #q<0.5  #q<0.1    log-likeli       RMS      bias        tlog-l      100log-l    100RMS     75RMS   100bias       l15        l20    bias50   Edyrs15    Edyrs20   Mdyrs15    Mdyrs20   Fdyrs15    Fdyrs20     EdyrsA    RMSyrsA  ncEdyrs      e100log-l   e100RMS    e75RMS  e100bias          el15      el20   ebias50  eEdyrs15  eEdyrs20   eMdyrs15   eMdyrs20   eFdyrs15   eFdyrs20   eEdyrsA  eRMSyrsA  nceEdyrs
21    FaIR_comb_unB   43/1_ERF_FaIR   c     4.350       0.078170      68       0     -0.031093  0.128492 -0.087324 -4.850480e+00  1.243604e+02  0.048784  0.055203 -0.016080  3.992347   4.367854 -0.053933 -2.583333   2.416667 -2.583333   2.416667 -2.583333   2.416667   1.334936   4.128079     17.0     108.001474  0.069657  0.075714  0.026698  2.090751e+00  4.395577 -0.028973 -6.000000  0.416667  -6.000000   0.416667  -6.000000   0.416667 -1.553205  1.553205      18.0
15   FaIR_nonat_unB   43/1_ERF_FaIR   c     3.280       0.089140      73      24      0.342294  0.128635 -0.093551  5.476705e+01  1.113252e+02  0.059820  0.069824 -0.026676  3.880353   3.336157 -0.077708 -1.916667   4.833333 -1.916667   4.833333 -1.916667   4.833333   2.250000   4.959505     13.0     101.566599  0.071444  0.076102  0.016102  2.372728e+00  3.547146 -0.052748 -5.333333  2.833333  -5.333333   2.833333  -5.333333   2.833333 -0.858974  0.858974      13.0
11  FaIR_anthro_unB   43/1_ERF_FaIR   c     2.271       0.094597      20       0      0.842119  0.089221 -0.068614  1.347390e+02  1.078999e+02  0.049456  0.046116 -0.030651  3.338892   3.600084 -0.044127 -0.500000   2.833333 -0.500000   2.833333 -0.500000   2.833333   1.897436   3.396045     13.0     107.840407  0.051980  0.055739  0.012127  2.499835e+00  3.795752 -0.019168 -3.916667  0.833333  -3.916667   0.833333  -3.916667   0.833333 -1.211538  1.211538      13.0
19     FaIR_all_unB   43/1_ERF_FaIR   c     8.788       0.091576      64       2     -0.565006  0.144075 -0.079213 -9.040096e+01  1.041112e+02  0.067777  0.076217  0.002786  2.992569   3.682148 -0.044287 -4.000000  -0.333333 -4.000000  -0.333333 -4.000000  -0.333333   0.816239   5.571718     16.0      83.600214  0.096840  0.104335  0.045564  1.526352e+00  3.325554 -0.019327 -7.416667 -2.333333  -7.416667  -2.333333  -7.416667  -2.333333 -2.292735  2.292735      16.0
8         offset11y  42/1_Run_Means   c     2.860       0.034335     194     114     -1.514534  0.086884  0.065229 -3.483429e+02  9.942643e+01  0.053871  0.059113  0.027318  9.030818  12.175464  0.049181 -1.291667   0.750000 -2.000000   0.750000 -2.000000   0.750000  -0.791667   2.126131     15.2     -20.737398  0.078772  0.086569  0.070096  3.126078e-02  7.131270  0.074141 -4.708333 -1.250000  -5.416667  -1.250000  -5.416667  -1.250000 -3.900641  3.900641      15.2
2             raw1y  42/1_Run_Means   c    32.159       0.112088       4       0      0.836385  0.102042  0.002254  1.923685e+02  6.627109e+01  0.114732  0.115833  0.009772  3.829690   3.794338  0.013699 -0.583333  -2.027778 -7.500000 -14.916667 -7.500000 -14.916667   0.662927   2.737546     44.5      56.542169  0.124542  0.123858  0.052550  3.402905e+00  0.598168  0.038659 -4.000000 -4.027778 -10.916667 -16.916667 -10.916667 -16.916667 -2.162927  2.162927      45.5
13       FaIR_nonat   43/1_ERF_FaIR   c     2.826       0.111299     137       0      0.156184  0.164415 -0.157523  2.498938e+01  5.270670e+01  0.135723  0.132641 -0.130263  2.406345   1.679859 -0.147332  4.500000  10.833333  4.500000  10.833333  4.500000  10.833333   8.894231  10.665020     13.0      76.689425  0.100220  0.099509 -0.087485  3.002147e+00  1.923803 -0.122372  1.083333  8.833333   1.083333   8.833333   1.083333   8.833333  6.099359  6.099359      13.0
9       FaIR_anthro   43/1_ERF_FaIR   c     2.271       0.094603     140       0     -0.877251  0.172708 -0.163035 -1.403601e+02  4.678804e+01  0.130989  0.123866 -0.125112  2.712245   1.483088 -0.138643  4.166667   9.666667  4.166667  10.250000  4.166667   9.083333   7.903846   9.252772     14.0      79.499670  0.096618  0.092045 -0.082334  3.430009e+00  2.254230 -0.113683  0.750000  7.666667   0.750000   8.250000   0.750000   7.083333  4.794872  4.794872      14.0
1             lag5y  42/1_Run_Means   c     6.308       0.042732     126      43      0.569351  0.065171 -0.016769  1.309507e+02  1.953221e+01  0.072759  0.073934 -0.027493  5.630761   1.335103 -0.019007  3.833333   1.666667  3.833333   1.666667  3.833333   1.666667   2.900641   3.981209     17.0      92.191656  0.063711  0.069747  0.015285  7.911843e+00  6.572778  0.005952  0.416667 -0.333333   0.416667  -0.333333   0.416667  -0.333333 -0.208333  0.208333      17.0
0            lag10y  42/1_Run_Means   c     2.972       0.035327     139      66      0.155520  0.068521 -0.040090  3.576967e+01 -1.176753e+02  0.087343  0.078153 -0.073258  1.844345   0.000490 -0.054567  6.166667   3.416667  6.166667   3.416667  6.166667   3.416667   4.862179   5.206538     14.0     108.566333  0.048694  0.042553 -0.030479  1.060163e+01  2.617440 -0.029608  2.750000  1.416667   2.750000   1.416667   2.750000   1.416667  1.753205  1.753205      14.0
17         FaIR_all   43/1_ERF_FaIR   c     8.098       0.005593     160     160 -12852.321694  0.182502 -0.161846 -2.056371e+06 -1.070261e+06  0.179789  0.175103 -0.169960  0.000000   0.000000 -0.194873  5.666667  10.833333  5.666667  10.833333  5.666667  10.833333  10.708333  12.927606     13.0 -673240.767843  0.147141  0.146215 -0.127182  2.041370e-67  0.000000 -0.169914  2.250000  8.833333   2.250000   8.833333   2.250000   8.833333  8.137821  8.137821      13.0
4.517681701
finished this run
starting computation for fut_ESM1-2-LR_SSP245_constVolc
max_runs34
Model number:
33




Methods/42_Temp_Alone/1_Run_Means/cent10y_method.py
Methods/42_Temp_Alone/1_Run_Means/cent20y_method.py
Methods/42_Temp_Alone/1_Run_Means/cent21y_method.py
Methods/42_Temp_Alone/1_Run_Means/cent30y_method.py
Methods/42_Temp_Alone/1_Run_Means/lag10y_method.py
Methods/42_Temp_Alone/1_Run_Means/lag5y_method.py
Methods/42_Temp_Alone/1_Run_Means/offset11y_method.py
Methods/42_Temp_Alone/1_Run_Means/raw1y_method.py
Methods/43_Forcing_Based/1_ERF_FaIR/FaIR_all_method.py
Methods/43_Forcing_Based/1_ERF_FaIR/FaIR_all_unB_method.py
Methods/43_Forcing_Based/1_ERF_FaIR/FaIR_anthro_method.py
Methods/43_Forcing_Based/1_ERF_FaIR/FaIR_anthro_unB_method.py
Methods/43_Forcing_Based/1_ERF_FaIR/FaIR_comb_unB_method.py
Methods/43_Forcing_Based/1_ERF_FaIR/FaIR_nonat_method.py
Methods/43_Forcing_Based/1_ERF_FaIR/FaIR_nonat_unB_method.py
evaluating 14 of 0.1°C thresholds, starting at 1.1°C
11
FaIR_anthro sampled, d llike: -0.026226779902610353
FaIR_anthro sampled, d llike: -4.107931116957328
FaIR_anthro_unB sampled, d llike: -0.04045665354463224
FaIR_anthro_unB sampled, d llike: -4.354194073933156
FaIR_nonat sampled, d llike: -0.05805728117067144
FaIR_nonat sampled, d llike: -0.03927696737289532
FaIR_nonat_unB sampled, d llike: -0.05763606707656277
FaIR_nonat_unB sampled, d llike: -0.03633728350817389
FaIR_all sampled, d llike: -1707.5017079515364
FaIR_all sampled, d llike: -0.045241131837498116
FaIR_all_unB sampled, d llike: -0.04741131051514147
FaIR_all_unB sampled, d llike: -0.03550190504381667
FaIR_comb_unB sampled, d llike: -0.054242072439215416
FaIR_comb_unB sampled, d llike: -0.0951035313122291
        method_name    method_class c/r  smooth_r  avg_unc.(1se)  #q<0.5  #q<0.1   log-likeli       RMS      bias         tlog-l       100log-l    100RMS     75RMS   100bias        l15            l20    bias50   Edyrs15   Edyrs20   Mdyrs15    Mdyrs20   Fdyrs15   Fdyrs20    EdyrsA   RMSyrsA  ncEdyrs      e100log-l   e100RMS    e75RMS  e100bias      el15       el20   ebias50  eEdyrs15  eEdyrs20  eMdyrs15   eMdyrs20  eFdyrs15   eFdyrs20   eEdyrsA  eRMSyrsA  nceEdyrs
8         offset11y  42/1_Run_Means   c     2.304       0.036446     137      80    -0.101490  0.076547  0.058551     -23.444240     170.584282  0.035915  0.039843  0.024090  11.350583   4.997786e+00  0.043571 -1.583333 -1.333333 -1.583333  -1.333333 -1.583333 -1.333333 -1.267857  2.300254     14.0      66.607383  0.059766  0.057576  0.054310  4.187282   0.069546  0.055067 -2.916667 -3.833333 -2.916667  -3.833333 -2.916667  -3.833333 -2.958333  2.958333      14.0
21    FaIR_comb_unB   43/1_ERF_FaIR   c     2.159       0.075995       0       0     1.510917  0.032987 -0.007415     237.214000     136.694021  0.031406  0.033702  0.007140   4.246241   4.142366e+00  0.021417 -1.333333  0.166667 -1.333333   0.166667 -1.333333  0.166667 -0.613095  1.747021     15.0     131.195199  0.042903  0.042005  0.037359  4.642499   3.883575  0.032914 -2.666667 -2.333333 -2.666667  -2.333333 -2.666667  -2.333333 -2.303571  2.303571      15.0
15   FaIR_nonat_unB   43/1_ERF_FaIR   c     1.997       0.086200       0       0     1.389659  0.035172 -0.009793     223.735037     128.187295  0.028257  0.030143  0.007431   3.801465   3.753956e+00  0.012326 -2.083333  0.166667 -2.083333   0.166667 -2.083333  0.166667 -0.422619  1.492873     14.0     120.987213  0.045556  0.043024  0.037651  3.955007   3.434624  0.023822 -3.416667 -2.333333 -3.416667  -2.333333 -3.416667  -2.333333 -2.113095  2.113095      14.0
19     FaIR_all_unB   43/1_ERF_FaIR   c     3.405       0.088999       0       0     1.307108  0.047861  0.002764     210.444373     123.748855  0.031670  0.033346  0.007915   3.790545   3.733392e+00  0.018997 -1.083333  0.083333 -1.083333   0.083333 -1.083333  0.083333 -0.428571  1.700548     15.0     119.425282  0.045209  0.041149  0.038135  3.790854   3.391055  0.030494 -2.416667 -2.416667 -2.416667  -2.416667 -2.416667  -2.416667 -2.119048  2.119048      15.0
9       FaIR_anthro   43/1_ERF_FaIR   c     1.466       0.087706       0       0     1.072796  0.063605 -0.020763     172.720128     119.376036  0.038702  0.037320  0.021798   3.203081   3.679372e+00  0.003453 -3.500000  0.166667 -3.500000   0.166667 -3.500000  0.166667 -0.738095  2.374217     14.0     105.487708  0.067248  0.057789  0.052017  2.807538   3.730196  0.014949 -4.833333 -2.333333 -4.833333  -2.333333 -4.833333  -2.333333 -2.428571  2.428571      14.0
11  FaIR_anthro_unB   43/1_ERF_FaIR   c     1.456       0.087712       0       0     1.148697  0.060174 -0.002982     184.940182     114.083924  0.050859  0.047664  0.039579   2.908716   3.769576e+00  0.021254 -4.583333 -0.666667 -4.583333  -0.666667 -4.583333 -0.666667 -2.041667  2.828866     15.0      94.838523  0.081770  0.071237  0.069799  2.387651   3.331685  0.032750 -5.916667 -3.166667 -5.916667  -3.166667 -5.916667  -3.166667 -3.732143  3.732143      15.0
13       FaIR_nonat   43/1_ERF_FaIR   c     1.956       0.107605       0       0     1.168564  0.043693 -0.000960     188.138728     106.019545  0.041237  0.037644  0.025908   2.893759   3.122437e+00  0.006677 -4.166667 -0.083333 -4.166667  -0.083333 -4.166667 -0.083333 -1.196429  2.276192     14.0      94.740666  0.070842  0.058789  0.056127  2.969488   2.848732  0.018173 -5.500000 -2.583333 -5.500000  -2.583333 -5.500000  -2.583333 -2.886905  2.886905      14.0
1             lag5y  42/1_Run_Means   c     4.989       0.046630      40       9     1.120136  0.054031 -0.022041     258.751471      82.978560  0.046944  0.048259 -0.032001   2.226124   6.688175e+00 -0.021497  2.500000 -0.333333  2.500000  -0.333333  2.500000 -0.333333  2.098214  2.502751     17.0     158.595804  0.043256  0.044707 -0.001782  4.453783   5.650083 -0.010001  1.166667 -2.833333  1.166667  -2.833333  1.166667  -2.833333  0.407738  0.407738      17.0
2             raw1y  42/1_Run_Means   c    25.366       0.121930       4       0     0.745115  0.113269 -0.002376     172.121673      71.290567  0.110410  0.121047 -0.000848   2.585624   8.791182e-01  0.002016 -1.694444  5.083333 -4.416667  20.583333 -4.416667 -7.500000 -0.403571  3.001698     47.3      67.965712  0.114674  0.124050  0.029371  3.268748   2.506767  0.013512 -3.027778  2.583333 -5.750000  18.083333 -5.750000 -10.000000 -2.094048  2.094048      47.3
0            lag10y  42/1_Run_Means   c     2.477       0.037500     140      57     0.349428  0.065879 -0.046570      80.717861    -103.987010  0.081974  0.080563 -0.077049   0.452137   6.578513e+00 -0.058525  4.666667  3.041667  4.666667   4.333333  4.666667  1.750000  4.580357  4.625630     15.0      95.060823  0.054818  0.059074 -0.046830  2.237510  10.299180 -0.047029  3.333333  0.541667  3.333333   1.833333  3.333333  -0.750000  2.889881  2.889881      15.0
17         FaIR_all   43/1_ERF_FaIR   c     2.916       0.005581     152     133 -1870.207432  0.070475  0.027713 -301103.396490 -215763.243976  0.078116  0.059777  0.063550   0.000000  5.920254e-116  0.028944 -5.750000 -1.583333 -5.750000  -1.583333 -5.750000 -1.583333 -3.327381  4.136618     14.0 -469082.383047  0.110688  0.084969  0.093769  0.000000   0.000000  0.040440 -7.083333 -4.083333 -7.083333  -4.083333 -7.083333  -4.083333 -5.017857  5.017857      14.0
4.847906378
finished this run
/oscar/data/deeps/private/bfoxkemp/jnickla1/Thorne_15_codefigurestats/Methods/43_Forcing_Based/1_ERF_FaIR/FaIR_all_unB_method.py:90: RuntimeWarning: Mean of empty slice
  return np.nanmean(samp_cur[year_idx-1850, :], axis = 1)
/users/jnickla1/.conda/envs/cleanpy/lib/python3.13/site-packages/numpy/lib/_nanfunctions_impl.py:2019: RuntimeWarning: Degrees of freedom <= 0 for slice.
  var = nanvar(a, axis=axis, dtype=dtype, out=out, ddof=ddof,
/oscar/data/deeps/private/bfoxkemp/jnickla1/Thorne_15_codefigurestats/Methods/43_Forcing_Based/1_ERF_FaIR/FaIR_all_unB_method.py:118: RuntimeWarning: Mean of empty slice
  cdist = np.nanmean(dist)
/oscar/data/deeps/private/bfoxkemp/jnickla1/Thorne_15_codefigurestats/Methods/43_Forcing_Based/1_ERF_FaIR/FaIR_comb_unB_method.py:153: RuntimeWarning: Mean of empty slice
  return np.nanmean(samp_cur[year_idx-1850, :], axis = 1)
/users/jnickla1/.conda/envs/cleanpy/lib/python3.13/site-packages/numpy/lib/_nanfunctions_impl.py:2019: RuntimeWarning: Degrees of freedom <= 0 for slice.
  var = nanvar(a, axis=axis, dtype=dtype, out=out, ddof=ddof,
/oscar/data/deeps/private/bfoxkemp/jnickla1/Thorne_15_codefigurestats/Methods/43_Forcing_Based/1_ERF_FaIR/FaIR_comb_unB_method.py:181: RuntimeWarning: Mean of empty slice
  cdist = np.nanmean(dist)
starting computation for fut_ESM1-2-LR_SSP370_constVolc
max_runs34
Model number:
33




Methods/42_Temp_Alone/1_Run_Means/cent10y_method.py
Methods/42_Temp_Alone/1_Run_Means/cent20y_method.py
Methods/42_Temp_Alone/1_Run_Means/cent21y_method.py
Methods/42_Temp_Alone/1_Run_Means/cent30y_method.py
Methods/42_Temp_Alone/1_Run_Means/lag10y_method.py
Methods/42_Temp_Alone/1_Run_Means/lag5y_method.py
Methods/42_Temp_Alone/1_Run_Means/offset11y_method.py
Methods/42_Temp_Alone/1_Run_Means/raw1y_method.py
Methods/43_Forcing_Based/1_ERF_FaIR/FaIR_all_method.py
Methods/43_Forcing_Based/1_ERF_FaIR/FaIR_all_unB_method.py
Methods/43_Forcing_Based/1_ERF_FaIR/FaIR_anthro_method.py
Methods/43_Forcing_Based/1_ERF_FaIR/FaIR_anthro_unB_method.py
Methods/43_Forcing_Based/1_ERF_FaIR/FaIR_comb_unB_method.py
Methods/43_Forcing_Based/1_ERF_FaIR/FaIR_nonat_method.py
Methods/43_Forcing_Based/1_ERF_FaIR/FaIR_nonat_unB_method.py
evaluating 24 of 0.1°C thresholds, starting at 1.1°C
11
FaIR_anthro sampled, d llike: -0.022349346035081652
FaIR_anthro sampled, d llike: -3.103893396901246
FaIR_anthro_unB sampled, d llike: -0.02686138288013118
FaIR_anthro_unB sampled, d llike: -3.0800248291229586
FaIR_nonat sampled, d llike: -0.05234945678759684
FaIR_nonat sampled, d llike: 0.0023564484609127634
FaIR_nonat_unB sampled, d llike: -0.057549717975815984
FaIR_nonat_unB sampled, d llike: -0.007201905110446605
FaIR_all sampled, d llike: -1519.9799629154734
FaIR_all sampled, d llike: -0.007778009395198238
FaIR_all_unB sampled, d llike: -0.040072055545354646
FaIR_all_unB sampled, d llike: -0.006032338063281406
FaIR_comb_unB sampled, d llike: -0.04827159440890516
FaIR_comb_unB sampled, d llike: -0.5478849184485902
        method_name    method_class c/r  smooth_r  avg_unc.(1se)  #q<0.5  #q<0.1   log-likeli       RMS      bias         tlog-l       100log-l    100RMS     75RMS   100bias            l15       l20    bias50   Edyrs15   Edyrs20   Mdyrs15   Mdyrs20   Fdyrs15   Fdyrs20    EdyrsA   RMSyrsA  ncEdyrs      e100log-l   e100RMS    e75RMS  e100bias      el15      el20   ebias50  eEdyrs15  eEdyrs20   eMdyrs15  eMdyrs20   eFdyrs15  eFdyrs20   eEdyrsA  eRMSyrsA  nceEdyrs
21    FaIR_comb_unB   43/1_ERF_FaIR   c     2.575       0.073838       0       0     1.552851  0.030885 -0.011758     243.797597     142.682932  0.028412  0.030682 -0.000868   5.031321e+00  5.863190 -0.016963 -0.250000 -0.250000 -0.250000 -0.250000 -0.250000 -0.250000  0.093750  0.872185     24.0     118.012698  0.063800  0.063725  0.029766  2.624673  4.956507 -0.010608 -3.833333  1.333333  -3.833333  1.333333  -3.833333  1.333333 -0.826087  0.826087      23.0
15   FaIR_nonat_unB   43/1_ERF_FaIR   c     2.454       0.083767       0       0     1.411872  0.036020 -0.013939     227.311373     131.955938  0.030447  0.033060 -0.000223   4.365869e+00  5.436788 -0.023555 -0.333333 -0.166667 -0.333333 -0.166667 -0.333333 -0.166667  0.138889  0.976281     24.0     110.587749  0.067445  0.065631  0.030411  2.518042  4.605655 -0.017199 -3.916667  1.416667  -3.916667  1.416667  -3.916667  1.416667 -0.793478  0.793478      23.0
19     FaIR_all_unB   43/1_ERF_FaIR   c     3.988       0.086798       0       0     1.343236  0.046839 -0.001004     216.261054     128.620535  0.030791  0.031655  0.000592   4.076005e+00  5.159407 -0.017314  0.500000  0.166667  0.500000  0.166667  0.500000  0.166667  0.114583  0.954249     24.0     109.749468  0.067415  0.064843  0.031226  2.813374  4.570234 -0.010958 -3.083333  1.750000  -3.083333  1.750000  -3.083333  1.750000 -0.804348  0.804348      23.0
8         offset11y  42/1_Run_Means   c     2.879       0.039394     156      85    -0.293384  0.081199  0.036505     -67.771757     126.256765  0.056147  0.064393 -0.031873   5.111149e+00  1.679822 -0.078869  1.000000  3.250000  1.000000  3.250000  1.000000  3.250000  1.347222  1.829700     24.0      58.638153  0.073767  0.075286 -0.001240  1.125896  1.071114 -0.072514 -2.583333  4.833333  -2.583333  4.833333  -2.583333  4.833333  0.376812  0.376812      23.0
11  FaIR_anthro_unB   43/1_ERF_FaIR   c     1.862       0.084895       0       0     1.123296  0.065097 -0.032769     180.850679     117.810694  0.053363  0.057290 -0.006994   4.069365e+00  5.126813 -0.062292 -1.916667  0.083333 -1.916667  0.083333 -1.916667  0.083333  0.496528  1.726948     24.0      96.075628  0.084231  0.077501  0.023640  2.597083  3.764660 -0.055936 -5.500000  1.666667  -5.500000  1.666667  -5.500000  1.666667 -0.489130  0.489130      23.0
9       FaIR_anthro   43/1_ERF_FaIR   c     1.894       0.084915       0       0     1.047368  0.070636 -0.042633     168.626196     115.632340  0.055532  0.062011 -0.016815   4.099507e+00  4.886686 -0.072139 -0.666667  0.500000 -0.666667  0.500000 -0.666667  0.500000  0.864583  1.736805     24.0      97.968702  0.082037  0.078593  0.013819  2.887614  3.530829 -0.065783 -4.250000  2.083333  -4.250000  2.083333  -4.250000  2.083333 -0.112319  0.112319      23.0
13       FaIR_nonat   43/1_ERF_FaIR   c     2.404       0.104613       0       0     1.176296  0.049833 -0.020433     189.383581     107.548573  0.052339  0.056274 -0.008816   3.496460e+00  4.211154 -0.062578 -1.333333  0.500000 -1.333333  0.500000 -1.333333  0.500000  0.586806  1.648249     24.0      91.088840  0.083470  0.077047  0.021818  2.352602  3.589507 -0.056222 -4.916667  2.083333  -4.916667  2.083333  -4.916667  2.083333 -0.387681  0.387681      23.0
2             raw1y  42/1_Run_Means   c    28.717       0.122577       0       0     0.740544  0.113760 -0.003396     171.065616      70.303158  0.111683  0.113683 -0.003437   2.716122e+00  2.244706 -0.002195 -0.777778 -0.083333 -6.916667 -4.083333 -6.916667 -4.083333 -0.206134  1.321476     57.3      60.157064  0.124255  0.123485  0.027197  3.045286  0.629252  0.004161 -4.361111  1.500000 -10.500000  4.666667 -10.500000 -2.500000 -1.117271  1.117271      56.3
1             lag5y  42/1_Run_Means   c     5.759       0.047823      82      30     0.571566  0.066732 -0.032841     132.031637     -43.741275  0.078085  0.085196 -0.059415   9.082118e-04  0.586408 -0.082026  3.833333  3.916667  3.833333  3.916667  3.833333  3.916667  2.196181  2.695388     26.0      42.095305  0.080020  0.089976 -0.028782  7.334977  0.879006 -0.075670  0.250000  5.500000   0.250000  5.500000   0.250000  5.500000  1.306159  1.306159      25.0
0            lag10y  42/1_Run_Means   c     2.951       0.040222     154     101    -0.624785  0.094514 -0.066742    -144.325221    -329.030091  0.135567  0.148196 -0.128255   9.735021e-02  0.000225 -0.170866  5.666667  5.000000  5.666667  5.000000  5.666667  5.000000  4.583333  4.648402     24.0    -187.684972  0.121480  0.140640 -0.097621  4.097950  0.000418 -0.164510  2.083333  6.583333   2.083333  6.583333   2.083333  6.583333  3.630435  3.630435      23.0
17         FaIR_all   43/1_ERF_FaIR   c     3.402       0.005569     154     141 -1665.384237  0.067139  0.010360 -268126.862086 -187698.031288  0.073525  0.057393  0.031836  2.226902e-296  0.000014 -0.036495 -5.833333 -0.250000 -5.833333 -0.250000 -5.833333 -0.250000 -0.888889  2.686989     24.0 -506495.005961  0.113113  0.087024  0.062470  0.000000  2.499236 -0.030140 -9.416667  1.333333  -9.416667  1.333333  -9.416667  1.333333 -1.891304  1.891304      23.0
6.283350315
finished this run
All processes completed.
