/oscar/data/deeps/private/bfoxkemp/jnickla1/Thorne_15_codefigurestats/fut_evaluation_gen_ensemble.py:20: RuntimeWarning: Mean of empty slice
  return np.nanmean(standards_np,axis=0)
/oscar/data/deeps/private/bfoxkemp/jnickla1/Thorne_15_codefigurestats/fut_evaluation_gen_ensemble.py:20: RuntimeWarning: Mean of empty slice
  return np.nanmean(standards_np,axis=0)
/oscar/data/deeps/private/bfoxkemp/jnickla1/Thorne_15_codefigurestats/fut_evaluation_gen_ensemble.py:20: RuntimeWarning: Mean of empty slice
  return np.nanmean(standards_np,axis=0)
/oscar/data/deeps/private/bfoxkemp/jnickla1/Thorne_15_codefigurestats/fut_evaluation_gen_ensemble.py:20: RuntimeWarning: Mean of empty slice
  return np.nanmean(standards_np,axis=0)
/oscar/data/deeps/private/bfoxkemp/jnickla1/Thorne_15_codefigurestats/fut_evaluation_gen_ensemble.py:20: RuntimeWarning: Mean of empty slice
  return np.nanmean(standards_np,axis=0)
/oscar/data/deeps/private/bfoxkemp/jnickla1/Thorne_15_codefigurestats/Methods/43_Forcing_Based/1_ERF_FaIR/FaIR_all_method.py:53: RuntimeWarning: Mean of empty slice
  samp_mean =  np.nanmean(samp_cur, axis = 1)
/oscar/data/deeps/private/bfoxkemp/jnickla1/Thorne_15_codefigurestats/Methods/43_Forcing_Based/1_ERF_FaIR/FaIR_all_method.py:53: RuntimeWarning: Mean of empty slice
  samp_mean =  np.nanmean(samp_cur, axis = 1)
/oscar/data/deeps/private/bfoxkemp/jnickla1/Thorne_15_codefigurestats/Methods/43_Forcing_Based/1_ERF_FaIR/FaIR_all_unB_method.py:70: RuntimeWarning: Mean of empty slice
  samp_mean =  np.nanmean(samp_cur, axis = 1)
/oscar/data/deeps/private/bfoxkemp/jnickla1/Thorne_15_codefigurestats/Methods/43_Forcing_Based/1_ERF_FaIR/FaIR_all_unB_method.py:70: RuntimeWarning: Mean of empty slice
  samp_mean =  np.nanmean(samp_cur, axis = 1)
/oscar/data/deeps/private/bfoxkemp/jnickla1/Thorne_15_codefigurestats/Methods/43_Forcing_Based/1_ERF_FaIR/FaIR_anthro_method.py:53: RuntimeWarning: Mean of empty slice
  samp_mean =  np.nanmean(samp_cur, axis = 1)
/oscar/data/deeps/private/bfoxkemp/jnickla1/Thorne_15_codefigurestats/Methods/43_Forcing_Based/1_ERF_FaIR/FaIR_anthro_method.py:53: RuntimeWarning: Mean of empty slice
  samp_mean =  np.nanmean(samp_cur, axis = 1)
/oscar/data/deeps/private/bfoxkemp/jnickla1/Thorne_15_codefigurestats/Methods/43_Forcing_Based/1_ERF_FaIR/FaIR_anthro_unB_method.py:70: RuntimeWarning: Mean of empty slice
  samp_mean =  np.nanmean(samp_cur, axis = 1)
/oscar/data/deeps/private/bfoxkemp/jnickla1/Thorne_15_codefigurestats/Methods/43_Forcing_Based/1_ERF_FaIR/FaIR_anthro_unB_method.py:70: RuntimeWarning: Mean of empty slice
  samp_mean =  np.nanmean(samp_cur, axis = 1)
/oscar/data/deeps/private/bfoxkemp/jnickla1/Thorne_15_codefigurestats/Methods/43_Forcing_Based/1_ERF_FaIR/FaIR_comb_unB_method.py:70: RuntimeWarning: Mean of empty slice
  samp_mean =  np.nanmean(samp_cur, axis = 1)
/oscar/data/deeps/private/bfoxkemp/jnickla1/Thorne_15_codefigurestats/Methods/43_Forcing_Based/1_ERF_FaIR/FaIR_comb_unB_method.py:127: RuntimeWarning: Mean of empty slice
  samp_meanAll =  np.nanmean(samp_curAll, axis = 1)
/oscar/data/deeps/private/bfoxkemp/jnickla1/Thorne_15_codefigurestats/Methods/43_Forcing_Based/1_ERF_FaIR/FaIR_comb_unB_method.py:70: RuntimeWarning: Mean of empty slice
  samp_mean =  np.nanmean(samp_cur, axis = 1)
/oscar/data/deeps/private/bfoxkemp/jnickla1/Thorne_15_codefigurestats/Methods/43_Forcing_Based/1_ERF_FaIR/FaIR_comb_unB_method.py:127: RuntimeWarning: Mean of empty slice
  samp_meanAll =  np.nanmean(samp_curAll, axis = 1)
/oscar/data/deeps/private/bfoxkemp/jnickla1/Thorne_15_codefigurestats/Methods/43_Forcing_Based/1_ERF_FaIR/FaIR_nonat_method.py:53: RuntimeWarning: Mean of empty slice
  samp_mean =  np.nanmean(samp_cur, axis = 1)
/oscar/data/deeps/private/bfoxkemp/jnickla1/Thorne_15_codefigurestats/Methods/43_Forcing_Based/1_ERF_FaIR/FaIR_nonat_method.py:53: RuntimeWarning: Mean of empty slice
  samp_mean =  np.nanmean(samp_cur, axis = 1)
/oscar/data/deeps/private/bfoxkemp/jnickla1/Thorne_15_codefigurestats/Methods/43_Forcing_Based/1_ERF_FaIR/FaIR_nonat_unB_method.py:72: RuntimeWarning: Mean of empty slice
  samp_mean =  np.nanmean(samp_cur, axis = 1)
/oscar/data/deeps/private/bfoxkemp/jnickla1/Thorne_15_codefigurestats/Methods/43_Forcing_Based/1_ERF_FaIR/FaIR_nonat_unB_method.py:72: RuntimeWarning: Mean of empty slice
  samp_mean =  np.nanmean(samp_cur, axis = 1)
/oscar/data/deeps/private/bfoxkemp/jnickla1/Thorne_15_codefigurestats/Methods/43_Forcing_Based/1_ERF_FaIR/FaIR_all_method.py:68: RuntimeWarning: Mean of empty slice
  return np.nanmean(samp_cur[year_idx-1850, :], axis = 1)
/users/jnickla1/.conda/envs/cleanpy/lib/python3.13/site-packages/numpy/lib/_nanfunctions_impl.py:2019: RuntimeWarning: Degrees of freedom <= 0 for slice.
  var = nanvar(a, axis=axis, dtype=dtype, out=out, ddof=ddof,
/oscar/data/deeps/private/bfoxkemp/jnickla1/Thorne_15_codefigurestats/Methods/43_Forcing_Based/1_ERF_FaIR/FaIR_all_unB_method.py:90: RuntimeWarning: Mean of empty slice
  return np.nanmean(samp_cur[year_idx-1850, :], axis = 1)
/oscar/data/deeps/private/bfoxkemp/jnickla1/Thorne_15_codefigurestats/Methods/43_Forcing_Based/1_ERF_FaIR/FaIR_all_method.py:68: RuntimeWarning: Mean of empty slice
  return np.nanmean(samp_cur[year_idx-1850, :], axis = 1)
/users/jnickla1/.conda/envs/cleanpy/lib/python3.13/site-packages/numpy/lib/_nanfunctions_impl.py:2019: RuntimeWarning: Degrees of freedom <= 0 for slice.
  var = nanvar(a, axis=axis, dtype=dtype, out=out, ddof=ddof,
/oscar/data/deeps/private/bfoxkemp/jnickla1/Thorne_15_codefigurestats/Methods/43_Forcing_Based/1_ERF_FaIR/FaIR_all_unB_method.py:90: RuntimeWarning: Mean of empty slice
  return np.nanmean(samp_cur[year_idx-1850, :], axis = 1)
/oscar/data/deeps/private/bfoxkemp/jnickla1/Thorne_15_codefigurestats/Methods/43_Forcing_Based/1_ERF_FaIR/FaIR_anthro_method.py:67: RuntimeWarning: Mean of empty slice
  return np.nanmean(samp_cur[year_idx-1850, :], axis = 1)
/oscar/data/deeps/private/bfoxkemp/jnickla1/Thorne_15_codefigurestats/Methods/43_Forcing_Based/1_ERF_FaIR/FaIR_anthro_unB_method.py:89: RuntimeWarning: Mean of empty slice
  return np.nanmean(samp_cur[year_idx-1850, :], axis = 1)
/oscar/data/deeps/private/bfoxkemp/jnickla1/Thorne_15_codefigurestats/Methods/43_Forcing_Based/1_ERF_FaIR/FaIR_anthro_method.py:67: RuntimeWarning: Mean of empty slice
  return np.nanmean(samp_cur[year_idx-1850, :], axis = 1)
/oscar/data/deeps/private/bfoxkemp/jnickla1/Thorne_15_codefigurestats/Methods/43_Forcing_Based/1_ERF_FaIR/FaIR_anthro_unB_method.py:89: RuntimeWarning: Mean of empty slice
  return np.nanmean(samp_cur[year_idx-1850, :], axis = 1)
/oscar/data/deeps/private/bfoxkemp/jnickla1/Thorne_15_codefigurestats/Methods/43_Forcing_Based/1_ERF_FaIR/FaIR_comb_unB_method.py:153: RuntimeWarning: Mean of empty slice
  return np.nanmean(samp_cur[year_idx-1850, :], axis = 1)
/oscar/data/deeps/private/bfoxkemp/jnickla1/Thorne_15_codefigurestats/Methods/43_Forcing_Based/1_ERF_FaIR/FaIR_comb_unB_method.py:153: RuntimeWarning: Mean of empty slice
  return np.nanmean(samp_cur[year_idx-1850, :], axis = 1)
/oscar/data/deeps/private/bfoxkemp/jnickla1/Thorne_15_codefigurestats/Methods/43_Forcing_Based/1_ERF_FaIR/FaIR_nonat_method.py:68: RuntimeWarning: Mean of empty slice
  return np.nanmean(samp_cur[year_idx-1850, :], axis = 1)
/oscar/data/deeps/private/bfoxkemp/jnickla1/Thorne_15_codefigurestats/Methods/43_Forcing_Based/1_ERF_FaIR/FaIR_nonat_method.py:68: RuntimeWarning: Mean of empty slice
  return np.nanmean(samp_cur[year_idx-1850, :], axis = 1)
/oscar/data/deeps/private/bfoxkemp/jnickla1/Thorne_15_codefigurestats/Methods/43_Forcing_Based/1_ERF_FaIR/FaIR_nonat_unB_method.py:92: RuntimeWarning: Mean of empty slice
  return np.nanmean(samp_cur[year_idx-1850, :], axis = 1)
/oscar/data/deeps/private/bfoxkemp/jnickla1/Thorne_15_codefigurestats/Methods/43_Forcing_Based/1_ERF_FaIR/FaIR_nonat_unB_method.py:92: RuntimeWarning: Mean of empty slice
  return np.nanmean(samp_cur[year_idx-1850, :], axis = 1)
/oscar/data/deeps/private/bfoxkemp/jnickla1/Thorne_15_codefigurestats/Methods/43_Forcing_Based/1_ERF_FaIR/FaIR_anthro_method.py:67: RuntimeWarning: Mean of empty slice
  return np.nanmean(samp_cur[year_idx-1850, :], axis = 1)
/oscar/data/deeps/private/bfoxkemp/jnickla1/Thorne_15_codefigurestats/Methods/43_Forcing_Based/1_ERF_FaIR/FaIR_anthro_unB_method.py:89: RuntimeWarning: Mean of empty slice
  return np.nanmean(samp_cur[year_idx-1850, :], axis = 1)
/oscar/data/deeps/private/bfoxkemp/jnickla1/Thorne_15_codefigurestats/Methods/43_Forcing_Based/1_ERF_FaIR/FaIR_anthro_method.py:67: RuntimeWarning: Mean of empty slice
  return np.nanmean(samp_cur[year_idx-1850, :], axis = 1)
/oscar/data/deeps/private/bfoxkemp/jnickla1/Thorne_15_codefigurestats/Methods/43_Forcing_Based/1_ERF_FaIR/FaIR_nonat_method.py:68: RuntimeWarning: Mean of empty slice
  return np.nanmean(samp_cur[year_idx-1850, :], axis = 1)
/oscar/data/deeps/private/bfoxkemp/jnickla1/Thorne_15_codefigurestats/Methods/43_Forcing_Based/1_ERF_FaIR/FaIR_nonat_unB_method.py:92: RuntimeWarning: Mean of empty slice
  return np.nanmean(samp_cur[year_idx-1850, :], axis = 1)
/oscar/data/deeps/private/bfoxkemp/jnickla1/Thorne_15_codefigurestats/Methods/43_Forcing_Based/1_ERF_FaIR/FaIR_all_method.py:68: RuntimeWarning: Mean of empty slice
  return np.nanmean(samp_cur[year_idx-1850, :], axis = 1)
/oscar/data/deeps/private/bfoxkemp/jnickla1/Thorne_15_codefigurestats/Methods/43_Forcing_Based/1_ERF_FaIR/FaIR_anthro_unB_method.py:89: RuntimeWarning: Mean of empty slice
  return np.nanmean(samp_cur[year_idx-1850, :], axis = 1)
/oscar/data/deeps/private/bfoxkemp/jnickla1/Thorne_15_codefigurestats/Methods/43_Forcing_Based/1_ERF_FaIR/FaIR_nonat_method.py:68: RuntimeWarning: Mean of empty slice
  return np.nanmean(samp_cur[year_idx-1850, :], axis = 1)
/oscar/data/deeps/private/bfoxkemp/jnickla1/Thorne_15_codefigurestats/Methods/43_Forcing_Based/1_ERF_FaIR/FaIR_nonat_unB_method.py:92: RuntimeWarning: Mean of empty slice
  return np.nanmean(samp_cur[year_idx-1850, :], axis = 1)
/oscar/data/deeps/private/bfoxkemp/jnickla1/Thorne_15_codefigurestats/Methods/43_Forcing_Based/1_ERF_FaIR/FaIR_all_method.py:68: RuntimeWarning: Mean of empty slice
  return np.nanmean(samp_cur[year_idx-1850, :], axis = 1)
/oscar/data/deeps/private/bfoxkemp/jnickla1/Thorne_15_codefigurestats/Methods/43_Forcing_Based/1_ERF_FaIR/FaIR_all_unB_method.py:90: RuntimeWarning: Mean of empty slice
  return np.nanmean(samp_cur[year_idx-1850, :], axis = 1)
/oscar/data/deeps/private/bfoxkemp/jnickla1/Thorne_15_codefigurestats/Methods/43_Forcing_Based/1_ERF_FaIR/FaIR_comb_unB_method.py:153: RuntimeWarning: Mean of empty slice
  return np.nanmean(samp_cur[year_idx-1850, :], axis = 1)
/oscar/data/deeps/private/bfoxkemp/jnickla1/Thorne_15_codefigurestats/Methods/43_Forcing_Based/1_ERF_FaIR/FaIR_all_unB_method.py:90: RuntimeWarning: Mean of empty slice
  return np.nanmean(samp_cur[year_idx-1850, :], axis = 1)
/oscar/data/deeps/private/bfoxkemp/jnickla1/Thorne_15_codefigurestats/Methods/43_Forcing_Based/1_ERF_FaIR/FaIR_comb_unB_method.py:153: RuntimeWarning: Mean of empty slice
  return np.nanmean(samp_cur[year_idx-1850, :], axis = 1)
/oscar/data/deeps/private/bfoxkemp/jnickla1/Thorne_15_codefigurestats/Methods/43_Forcing_Based/1_ERF_FaIR/FaIR_anthro_method.py:67: RuntimeWarning: Mean of empty slice
  return np.nanmean(samp_cur[year_idx-1850, :], axis = 1)
/users/jnickla1/.conda/envs/cleanpy/lib/python3.13/site-packages/numpy/lib/_nanfunctions_impl.py:2019: RuntimeWarning: Degrees of freedom <= 0 for slice.
  var = nanvar(a, axis=axis, dtype=dtype, out=out, ddof=ddof,
/oscar/data/deeps/private/bfoxkemp/jnickla1/Thorne_15_codefigurestats/Methods/43_Forcing_Based/1_ERF_FaIR/FaIR_anthro_method.py:95: RuntimeWarning: Mean of empty slice
  cdist = np.nanmean(dist)
/oscar/data/deeps/private/bfoxkemp/jnickla1/Thorne_15_codefigurestats/Methods/43_Forcing_Based/1_ERF_FaIR/FaIR_anthro_method.py:67: RuntimeWarning: Mean of empty slice
  return np.nanmean(samp_cur[year_idx-1850, :], axis = 1)
/users/jnickla1/.conda/envs/cleanpy/lib/python3.13/site-packages/numpy/lib/_nanfunctions_impl.py:2019: RuntimeWarning: Degrees of freedom <= 0 for slice.
  var = nanvar(a, axis=axis, dtype=dtype, out=out, ddof=ddof,
/oscar/data/deeps/private/bfoxkemp/jnickla1/Thorne_15_codefigurestats/Methods/43_Forcing_Based/1_ERF_FaIR/FaIR_anthro_method.py:95: RuntimeWarning: Mean of empty slice
  cdist = np.nanmean(dist)
/oscar/data/deeps/private/bfoxkemp/jnickla1/Thorne_15_codefigurestats/fut_evaluation_script.py:427: RuntimeWarning: Mean of empty slice
  evalmean = np.nanmean(diffcross) #if crossing multiple times take the mean
/oscar/data/deeps/private/bfoxkemp/jnickla1/Thorne_15_codefigurestats/Methods/43_Forcing_Based/1_ERF_FaIR/FaIR_all_method.py:53: RuntimeWarning: Mean of empty slice
  samp_mean =  np.nanmean(samp_cur, axis = 1)
/oscar/data/deeps/private/bfoxkemp/jnickla1/Thorne_15_codefigurestats/Methods/43_Forcing_Based/1_ERF_FaIR/FaIR_all_unB_method.py:70: RuntimeWarning: Mean of empty slice
  samp_mean =  np.nanmean(samp_cur, axis = 1)
/oscar/data/deeps/private/bfoxkemp/jnickla1/Thorne_15_codefigurestats/Methods/43_Forcing_Based/1_ERF_FaIR/FaIR_anthro_method.py:53: RuntimeWarning: Mean of empty slice
  samp_mean =  np.nanmean(samp_cur, axis = 1)
/oscar/data/deeps/private/bfoxkemp/jnickla1/Thorne_15_codefigurestats/Methods/43_Forcing_Based/1_ERF_FaIR/FaIR_anthro_unB_method.py:70: RuntimeWarning: Mean of empty slice
  samp_mean =  np.nanmean(samp_cur, axis = 1)
/oscar/data/deeps/private/bfoxkemp/jnickla1/Thorne_15_codefigurestats/Methods/43_Forcing_Based/1_ERF_FaIR/FaIR_all_method.py:53: RuntimeWarning: Mean of empty slice
  samp_mean =  np.nanmean(samp_cur, axis = 1)
/oscar/data/deeps/private/bfoxkemp/jnickla1/Thorne_15_codefigurestats/Methods/43_Forcing_Based/1_ERF_FaIR/FaIR_comb_unB_method.py:70: RuntimeWarning: Mean of empty slice
  samp_mean =  np.nanmean(samp_cur, axis = 1)
/oscar/data/deeps/private/bfoxkemp/jnickla1/Thorne_15_codefigurestats/Methods/43_Forcing_Based/1_ERF_FaIR/FaIR_comb_unB_method.py:127: RuntimeWarning: Mean of empty slice
  samp_meanAll =  np.nanmean(samp_curAll, axis = 1)
/oscar/data/deeps/private/bfoxkemp/jnickla1/Thorne_15_codefigurestats/Methods/43_Forcing_Based/1_ERF_FaIR/FaIR_all_unB_method.py:70: RuntimeWarning: Mean of empty slice
  samp_mean =  np.nanmean(samp_cur, axis = 1)
/oscar/data/deeps/private/bfoxkemp/jnickla1/Thorne_15_codefigurestats/Methods/43_Forcing_Based/1_ERF_FaIR/FaIR_nonat_method.py:53: RuntimeWarning: Mean of empty slice
  samp_mean =  np.nanmean(samp_cur, axis = 1)
/oscar/data/deeps/private/bfoxkemp/jnickla1/Thorne_15_codefigurestats/Methods/43_Forcing_Based/1_ERF_FaIR/FaIR_anthro_method.py:53: RuntimeWarning: Mean of empty slice
  samp_mean =  np.nanmean(samp_cur, axis = 1)
/oscar/data/deeps/private/bfoxkemp/jnickla1/Thorne_15_codefigurestats/Methods/43_Forcing_Based/1_ERF_FaIR/FaIR_nonat_unB_method.py:72: RuntimeWarning: Mean of empty slice
  samp_mean =  np.nanmean(samp_cur, axis = 1)
/oscar/data/deeps/private/bfoxkemp/jnickla1/Thorne_15_codefigurestats/Methods/43_Forcing_Based/1_ERF_FaIR/FaIR_all_method.py:53: RuntimeWarning: Mean of empty slice
  samp_mean =  np.nanmean(samp_cur, axis = 1)
/oscar/data/deeps/private/bfoxkemp/jnickla1/Thorne_15_codefigurestats/Methods/43_Forcing_Based/1_ERF_FaIR/FaIR_anthro_unB_method.py:70: RuntimeWarning: Mean of empty slice
  samp_mean =  np.nanmean(samp_cur, axis = 1)
/oscar/data/deeps/private/bfoxkemp/jnickla1/Thorne_15_codefigurestats/Methods/43_Forcing_Based/1_ERF_FaIR/FaIR_all_unB_method.py:70: RuntimeWarning: Mean of empty slice
  samp_mean =  np.nanmean(samp_cur, axis = 1)
/oscar/data/deeps/private/bfoxkemp/jnickla1/Thorne_15_codefigurestats/Methods/43_Forcing_Based/1_ERF_FaIR/FaIR_all_method.py:68: RuntimeWarning: Mean of empty slice
  return np.nanmean(samp_cur[year_idx-1850, :], axis = 1)
/oscar/data/deeps/private/bfoxkemp/jnickla1/Thorne_15_codefigurestats/Methods/43_Forcing_Based/1_ERF_FaIR/FaIR_anthro_unB_method.py:89: RuntimeWarning: Mean of empty slice
  return np.nanmean(samp_cur[year_idx-1850, :], axis = 1)
/users/jnickla1/.conda/envs/cleanpy/lib/python3.13/site-packages/numpy/lib/_nanfunctions_impl.py:2019: RuntimeWarning: Degrees of freedom <= 0 for slice.
  var = nanvar(a, axis=axis, dtype=dtype, out=out, ddof=ddof,
/oscar/data/deeps/private/bfoxkemp/jnickla1/Thorne_15_codefigurestats/Methods/43_Forcing_Based/1_ERF_FaIR/FaIR_all_unB_method.py:90: RuntimeWarning: Mean of empty slice
  return np.nanmean(samp_cur[year_idx-1850, :], axis = 1)
/users/jnickla1/.conda/envs/cleanpy/lib/python3.13/site-packages/numpy/lib/_nanfunctions_impl.py:2019: RuntimeWarning: Degrees of freedom <= 0 for slice.
  var = nanvar(a, axis=axis, dtype=dtype, out=out, ddof=ddof,
/oscar/data/deeps/private/bfoxkemp/jnickla1/Thorne_15_codefigurestats/Methods/43_Forcing_Based/1_ERF_FaIR/FaIR_anthro_unB_method.py:117: RuntimeWarning: Mean of empty slice
  cdist = np.nanmean(dist)
/oscar/data/deeps/private/bfoxkemp/jnickla1/Thorne_15_codefigurestats/Methods/43_Forcing_Based/1_ERF_FaIR/FaIR_anthro_method.py:67: RuntimeWarning: Mean of empty slice
  return np.nanmean(samp_cur[year_idx-1850, :], axis = 1)
/oscar/data/deeps/private/bfoxkemp/jnickla1/Thorne_15_codefigurestats/Methods/43_Forcing_Based/1_ERF_FaIR/FaIR_comb_unB_method.py:70: RuntimeWarning: Mean of empty slice
  samp_mean =  np.nanmean(samp_cur, axis = 1)
/oscar/data/deeps/private/bfoxkemp/jnickla1/Thorne_15_codefigurestats/Methods/43_Forcing_Based/1_ERF_FaIR/FaIR_anthro_unB_method.py:89: RuntimeWarning: Mean of empty slice
  return np.nanmean(samp_cur[year_idx-1850, :], axis = 1)
/oscar/data/deeps/private/bfoxkemp/jnickla1/Thorne_15_codefigurestats/Methods/43_Forcing_Based/1_ERF_FaIR/FaIR_comb_unB_method.py:127: RuntimeWarning: Mean of empty slice
  samp_meanAll =  np.nanmean(samp_curAll, axis = 1)
/oscar/data/deeps/private/bfoxkemp/jnickla1/Thorne_15_codefigurestats/Methods/43_Forcing_Based/1_ERF_FaIR/FaIR_anthro_unB_method.py:89: RuntimeWarning: Mean of empty slice
  return np.nanmean(samp_cur[year_idx-1850, :], axis = 1)
/users/jnickla1/.conda/envs/cleanpy/lib/python3.13/site-packages/numpy/lib/_nanfunctions_impl.py:2019: RuntimeWarning: Degrees of freedom <= 0 for slice.
  var = nanvar(a, axis=axis, dtype=dtype, out=out, ddof=ddof,
/oscar/data/deeps/private/bfoxkemp/jnickla1/Thorne_15_codefigurestats/Methods/43_Forcing_Based/1_ERF_FaIR/FaIR_anthro_unB_method.py:117: RuntimeWarning: Mean of empty slice
  cdist = np.nanmean(dist)
/oscar/data/deeps/private/bfoxkemp/jnickla1/Thorne_15_codefigurestats/Methods/43_Forcing_Based/1_ERF_FaIR/FaIR_anthro_method.py:53: RuntimeWarning: Mean of empty slice
  samp_mean =  np.nanmean(samp_cur, axis = 1)
/oscar/data/deeps/private/bfoxkemp/jnickla1/Thorne_15_codefigurestats/Methods/43_Forcing_Based/1_ERF_FaIR/FaIR_comb_unB_method.py:153: RuntimeWarning: Mean of empty slice
  return np.nanmean(samp_cur[year_idx-1850, :], axis = 1)
/oscar/data/deeps/private/bfoxkemp/jnickla1/Thorne_15_codefigurestats/Methods/43_Forcing_Based/1_ERF_FaIR/FaIR_nonat_method.py:68: RuntimeWarning: Mean of empty slice
  return np.nanmean(samp_cur[year_idx-1850, :], axis = 1)
/oscar/data/deeps/private/bfoxkemp/jnickla1/Thorne_15_codefigurestats/Methods/43_Forcing_Based/1_ERF_FaIR/FaIR_nonat_unB_method.py:92: RuntimeWarning: Mean of empty slice
  return np.nanmean(samp_cur[year_idx-1850, :], axis = 1)
/oscar/data/deeps/private/bfoxkemp/jnickla1/Thorne_15_codefigurestats/Methods/43_Forcing_Based/1_ERF_FaIR/FaIR_anthro_unB_method.py:70: RuntimeWarning: Mean of empty slice
  samp_mean =  np.nanmean(samp_cur, axis = 1)
/oscar/data/deeps/private/bfoxkemp/jnickla1/Thorne_15_codefigurestats/Methods/43_Forcing_Based/1_ERF_FaIR/FaIR_anthro_method.py:67: RuntimeWarning: Mean of empty slice
  return np.nanmean(samp_cur[year_idx-1850, :], axis = 1)
/oscar/data/deeps/private/bfoxkemp/jnickla1/Thorne_15_codefigurestats/Methods/43_Forcing_Based/1_ERF_FaIR/FaIR_nonat_method.py:53: RuntimeWarning: Mean of empty slice
  samp_mean =  np.nanmean(samp_cur, axis = 1)
/oscar/data/deeps/private/bfoxkemp/jnickla1/Thorne_15_codefigurestats/Methods/43_Forcing_Based/1_ERF_FaIR/FaIR_anthro_unB_method.py:89: RuntimeWarning: Mean of empty slice
  return np.nanmean(samp_cur[year_idx-1850, :], axis = 1)
/oscar/data/deeps/private/bfoxkemp/jnickla1/Thorne_15_codefigurestats/Methods/43_Forcing_Based/1_ERF_FaIR/FaIR_nonat_method.py:68: RuntimeWarning: Mean of empty slice
  return np.nanmean(samp_cur[year_idx-1850, :], axis = 1)
/oscar/data/deeps/private/bfoxkemp/jnickla1/Thorne_15_codefigurestats/Methods/43_Forcing_Based/1_ERF_FaIR/FaIR_nonat_unB_method.py:92: RuntimeWarning: Mean of empty slice
  return np.nanmean(samp_cur[year_idx-1850, :], axis = 1)
/oscar/data/deeps/private/bfoxkemp/jnickla1/Thorne_15_codefigurestats/Methods/43_Forcing_Based/1_ERF_FaIR/FaIR_all_method.py:68: RuntimeWarning: Mean of empty slice
  return np.nanmean(samp_cur[year_idx-1850, :], axis = 1)
/oscar/data/deeps/private/bfoxkemp/jnickla1/Thorne_15_codefigurestats/Methods/43_Forcing_Based/1_ERF_FaIR/FaIR_all_unB_method.py:90: RuntimeWarning: Mean of empty slice
  return np.nanmean(samp_cur[year_idx-1850, :], axis = 1)
/oscar/data/deeps/private/bfoxkemp/jnickla1/Thorne_15_codefigurestats/Methods/43_Forcing_Based/1_ERF_FaIR/FaIR_comb_unB_method.py:153: RuntimeWarning: Mean of empty slice
  return np.nanmean(samp_cur[year_idx-1850, :], axis = 1)
/oscar/data/deeps/private/bfoxkemp/jnickla1/Thorne_15_codefigurestats/Methods/43_Forcing_Based/1_ERF_FaIR/FaIR_comb_unB_method.py:70: RuntimeWarning: Mean of empty slice
  samp_mean =  np.nanmean(samp_cur, axis = 1)
/oscar/data/deeps/private/bfoxkemp/jnickla1/Thorne_15_codefigurestats/Methods/43_Forcing_Based/1_ERF_FaIR/FaIR_comb_unB_method.py:127: RuntimeWarning: Mean of empty slice
  samp_meanAll =  np.nanmean(samp_curAll, axis = 1)
/oscar/data/deeps/private/bfoxkemp/jnickla1/Thorne_15_codefigurestats/Methods/43_Forcing_Based/1_ERF_FaIR/FaIR_nonat_unB_method.py:72: RuntimeWarning: Mean of empty slice
  samp_mean =  np.nanmean(samp_cur, axis = 1)
/oscar/data/deeps/private/bfoxkemp/jnickla1/Thorne_15_codefigurestats/Methods/43_Forcing_Based/1_ERF_FaIR/FaIR_all_method.py:68: RuntimeWarning: Mean of empty slice
  return np.nanmean(samp_cur[year_idx-1850, :], axis = 1)
/users/jnickla1/.conda/envs/cleanpy/lib/python3.13/site-packages/numpy/lib/_nanfunctions_impl.py:2019: RuntimeWarning: Degrees of freedom <= 0 for slice.
  var = nanvar(a, axis=axis, dtype=dtype, out=out, ddof=ddof,
/oscar/data/deeps/private/bfoxkemp/jnickla1/Thorne_15_codefigurestats/Methods/43_Forcing_Based/1_ERF_FaIR/FaIR_all_unB_method.py:90: RuntimeWarning: Mean of empty slice
  return np.nanmean(samp_cur[year_idx-1850, :], axis = 1)
/oscar/data/deeps/private/bfoxkemp/jnickla1/Thorne_15_codefigurestats/Methods/43_Forcing_Based/1_ERF_FaIR/FaIR_nonat_method.py:53: RuntimeWarning: Mean of empty slice
  samp_mean =  np.nanmean(samp_cur, axis = 1)
/oscar/data/deeps/private/bfoxkemp/jnickla1/Thorne_15_codefigurestats/Methods/43_Forcing_Based/1_ERF_FaIR/FaIR_anthro_method.py:67: RuntimeWarning: Mean of empty slice
  return np.nanmean(samp_cur[year_idx-1850, :], axis = 1)
/oscar/data/deeps/private/bfoxkemp/jnickla1/Thorne_15_codefigurestats/Methods/43_Forcing_Based/1_ERF_FaIR/FaIR_anthro_unB_method.py:89: RuntimeWarning: Mean of empty slice
  return np.nanmean(samp_cur[year_idx-1850, :], axis = 1)
/oscar/data/deeps/private/bfoxkemp/jnickla1/Thorne_15_codefigurestats/Methods/43_Forcing_Based/1_ERF_FaIR/FaIR_comb_unB_method.py:153: RuntimeWarning: Mean of empty slice
  return np.nanmean(samp_cur[year_idx-1850, :], axis = 1)
/oscar/data/deeps/private/bfoxkemp/jnickla1/Thorne_15_codefigurestats/Methods/43_Forcing_Based/1_ERF_FaIR/FaIR_nonat_unB_method.py:72: RuntimeWarning: Mean of empty slice
  samp_mean =  np.nanmean(samp_cur, axis = 1)
/oscar/data/deeps/private/bfoxkemp/jnickla1/Thorne_15_codefigurestats/Methods/43_Forcing_Based/1_ERF_FaIR/FaIR_nonat_method.py:68: RuntimeWarning: Mean of empty slice
  return np.nanmean(samp_cur[year_idx-1850, :], axis = 1)
/oscar/data/deeps/private/bfoxkemp/jnickla1/Thorne_15_codefigurestats/Methods/43_Forcing_Based/1_ERF_FaIR/FaIR_anthro_method.py:67: RuntimeWarning: Mean of empty slice
  return np.nanmean(samp_cur[year_idx-1850, :], axis = 1)
/oscar/data/deeps/private/bfoxkemp/jnickla1/Thorne_15_codefigurestats/Methods/43_Forcing_Based/1_ERF_FaIR/FaIR_nonat_unB_method.py:92: RuntimeWarning: Mean of empty slice
  return np.nanmean(samp_cur[year_idx-1850, :], axis = 1)
/users/jnickla1/.conda/envs/cleanpy/lib/python3.13/site-packages/numpy/lib/_nanfunctions_impl.py:2019: RuntimeWarning: Degrees of freedom <= 0 for slice.
  var = nanvar(a, axis=axis, dtype=dtype, out=out, ddof=ddof,
/oscar/data/deeps/private/bfoxkemp/jnickla1/Thorne_15_codefigurestats/Methods/43_Forcing_Based/1_ERF_FaIR/FaIR_anthro_method.py:95: RuntimeWarning: Mean of empty slice
  cdist = np.nanmean(dist)
/oscar/data/deeps/private/bfoxkemp/jnickla1/Thorne_15_codefigurestats/Methods/43_Forcing_Based/1_ERF_FaIR/FaIR_all_method.py:68: RuntimeWarning: Mean of empty slice
  return np.nanmean(samp_cur[year_idx-1850, :], axis = 1)
/oscar/data/deeps/private/bfoxkemp/jnickla1/Thorne_15_codefigurestats/Methods/43_Forcing_Based/1_ERF_FaIR/FaIR_anthro_method.py:67: RuntimeWarning: Mean of empty slice
  return np.nanmean(samp_cur[year_idx-1850, :], axis = 1)
/users/jnickla1/.conda/envs/cleanpy/lib/python3.13/site-packages/numpy/lib/_nanfunctions_impl.py:2019: RuntimeWarning: Degrees of freedom <= 0 for slice.
  var = nanvar(a, axis=axis, dtype=dtype, out=out, ddof=ddof,
/oscar/data/deeps/private/bfoxkemp/jnickla1/Thorne_15_codefigurestats/Methods/43_Forcing_Based/1_ERF_FaIR/FaIR_all_unB_method.py:90: RuntimeWarning: Mean of empty slice
  return np.nanmean(samp_cur[year_idx-1850, :], axis = 1)
/oscar/data/deeps/private/bfoxkemp/jnickla1/Thorne_15_codefigurestats/Methods/43_Forcing_Based/1_ERF_FaIR/FaIR_anthro_method.py:67: RuntimeWarning: Mean of empty slice
  return np.nanmean(samp_cur[year_idx-1850, :], axis = 1)
/oscar/data/deeps/private/bfoxkemp/jnickla1/Thorne_15_codefigurestats/Methods/43_Forcing_Based/1_ERF_FaIR/FaIR_anthro_unB_method.py:89: RuntimeWarning: Mean of empty slice
  return np.nanmean(samp_cur[year_idx-1850, :], axis = 1)
/oscar/data/deeps/private/bfoxkemp/jnickla1/Thorne_15_codefigurestats/Methods/43_Forcing_Based/1_ERF_FaIR/FaIR_nonat_method.py:68: RuntimeWarning: Mean of empty slice
  return np.nanmean(samp_cur[year_idx-1850, :], axis = 1)
/oscar/data/deeps/private/bfoxkemp/jnickla1/Thorne_15_codefigurestats/Methods/43_Forcing_Based/1_ERF_FaIR/FaIR_nonat_unB_method.py:92: RuntimeWarning: Mean of empty slice
  return np.nanmean(samp_cur[year_idx-1850, :], axis = 1)
/oscar/data/deeps/private/bfoxkemp/jnickla1/Thorne_15_codefigurestats/Methods/43_Forcing_Based/1_ERF_FaIR/FaIR_all_method.py:68: RuntimeWarning: Mean of empty slice
  return np.nanmean(samp_cur[year_idx-1850, :], axis = 1)
/oscar/data/deeps/private/bfoxkemp/jnickla1/Thorne_15_codefigurestats/Methods/43_Forcing_Based/1_ERF_FaIR/FaIR_all_unB_method.py:90: RuntimeWarning: Mean of empty slice
  return np.nanmean(samp_cur[year_idx-1850, :], axis = 1)
/oscar/data/deeps/private/bfoxkemp/jnickla1/Thorne_15_codefigurestats/Methods/43_Forcing_Based/1_ERF_FaIR/FaIR_anthro_unB_method.py:89: RuntimeWarning: Mean of empty slice
  return np.nanmean(samp_cur[year_idx-1850, :], axis = 1)
/oscar/data/deeps/private/bfoxkemp/jnickla1/Thorne_15_codefigurestats/Methods/43_Forcing_Based/1_ERF_FaIR/FaIR_comb_unB_method.py:153: RuntimeWarning: Mean of empty slice
  return np.nanmean(samp_cur[year_idx-1850, :], axis = 1)
/oscar/data/deeps/private/bfoxkemp/jnickla1/Thorne_15_codefigurestats/Methods/43_Forcing_Based/1_ERF_FaIR/FaIR_comb_unB_method.py:153: RuntimeWarning: Mean of empty slice
  return np.nanmean(samp_cur[year_idx-1850, :], axis = 1)
/oscar/data/deeps/private/bfoxkemp/jnickla1/Thorne_15_codefigurestats/Methods/43_Forcing_Based/1_ERF_FaIR/FaIR_nonat_method.py:68: RuntimeWarning: Mean of empty slice
  return np.nanmean(samp_cur[year_idx-1850, :], axis = 1)
/oscar/data/deeps/private/bfoxkemp/jnickla1/Thorne_15_codefigurestats/Methods/43_Forcing_Based/1_ERF_FaIR/FaIR_nonat_unB_method.py:92: RuntimeWarning: Mean of empty slice
  return np.nanmean(samp_cur[year_idx-1850, :], axis = 1)
/oscar/data/deeps/private/bfoxkemp/jnickla1/Thorne_15_codefigurestats/Methods/43_Forcing_Based/1_ERF_FaIR/FaIR_anthro_method.py:67: RuntimeWarning: Mean of empty slice
  return np.nanmean(samp_cur[year_idx-1850, :], axis = 1)
/oscar/data/deeps/private/bfoxkemp/jnickla1/Thorne_15_codefigurestats/Methods/43_Forcing_Based/1_ERF_FaIR/FaIR_anthro_unB_method.py:89: RuntimeWarning: Mean of empty slice
  return np.nanmean(samp_cur[year_idx-1850, :], axis = 1)
/oscar/data/deeps/private/bfoxkemp/jnickla1/Thorne_15_codefigurestats/Methods/43_Forcing_Based/1_ERF_FaIR/FaIR_nonat_method.py:68: RuntimeWarning: Mean of empty slice
  return np.nanmean(samp_cur[year_idx-1850, :], axis = 1)
/oscar/data/deeps/private/bfoxkemp/jnickla1/Thorne_15_codefigurestats/Methods/43_Forcing_Based/1_ERF_FaIR/FaIR_nonat_unB_method.py:92: RuntimeWarning: Mean of empty slice
  return np.nanmean(samp_cur[year_idx-1850, :], axis = 1)
/oscar/data/deeps/private/bfoxkemp/jnickla1/Thorne_15_codefigurestats/Methods/43_Forcing_Based/1_ERF_FaIR/FaIR_all_method.py:68: RuntimeWarning: Mean of empty slice
  return np.nanmean(samp_cur[year_idx-1850, :], axis = 1)
/oscar/data/deeps/private/bfoxkemp/jnickla1/Thorne_15_codefigurestats/Methods/43_Forcing_Based/1_ERF_FaIR/FaIR_all_unB_method.py:90: RuntimeWarning: Mean of empty slice
  return np.nanmean(samp_cur[year_idx-1850, :], axis = 1)
/oscar/data/deeps/private/bfoxkemp/jnickla1/Thorne_15_codefigurestats/Methods/43_Forcing_Based/1_ERF_FaIR/FaIR_comb_unB_method.py:153: RuntimeWarning: Mean of empty slice
  return np.nanmean(samp_cur[year_idx-1850, :], axis = 1)
/oscar/data/deeps/private/bfoxkemp/jnickla1/Thorne_15_codefigurestats/Methods/43_Forcing_Based/1_ERF_FaIR/FaIR_anthro_method.py:67: RuntimeWarning: Mean of empty slice
  return np.nanmean(samp_cur[year_idx-1850, :], axis = 1)
/users/jnickla1/.conda/envs/cleanpy/lib/python3.13/site-packages/numpy/lib/_nanfunctions_impl.py:2019: RuntimeWarning: Degrees of freedom <= 0 for slice.
  var = nanvar(a, axis=axis, dtype=dtype, out=out, ddof=ddof,
/oscar/data/deeps/private/bfoxkemp/jnickla1/Thorne_15_codefigurestats/Methods/43_Forcing_Based/1_ERF_FaIR/FaIR_anthro_method.py:95: RuntimeWarning: Mean of empty slice
  cdist = np.nanmean(dist)
/oscar/data/deeps/private/bfoxkemp/jnickla1/Thorne_15_codefigurestats/Methods/43_Forcing_Based/1_ERF_FaIR/FaIR_anthro_method.py:67: RuntimeWarning: Mean of empty slice
  return np.nanmean(samp_cur[year_idx-1850, :], axis = 1)
/users/jnickla1/.conda/envs/cleanpy/lib/python3.13/site-packages/numpy/lib/_nanfunctions_impl.py:2019: RuntimeWarning: Degrees of freedom <= 0 for slice.
  var = nanvar(a, axis=axis, dtype=dtype, out=out, ddof=ddof,
/oscar/data/deeps/private/bfoxkemp/jnickla1/Thorne_15_codefigurestats/Methods/43_Forcing_Based/1_ERF_FaIR/FaIR_anthro_method.py:95: RuntimeWarning: Mean of empty slice
  cdist = np.nanmean(dist)
/oscar/data/deeps/private/bfoxkemp/jnickla1/Thorne_15_codefigurestats/Methods/43_Forcing_Based/1_ERF_FaIR/FaIR_nonat_method.py:68: RuntimeWarning: Mean of empty slice
  return np.nanmean(samp_cur[year_idx-1850, :], axis = 1)
/users/jnickla1/.conda/envs/cleanpy/lib/python3.13/site-packages/numpy/lib/_nanfunctions_impl.py:2019: RuntimeWarning: Degrees of freedom <= 0 for slice.
  var = nanvar(a, axis=axis, dtype=dtype, out=out, ddof=ddof,
/oscar/data/deeps/private/bfoxkemp/jnickla1/Thorne_15_codefigurestats/Methods/43_Forcing_Based/1_ERF_FaIR/FaIR_nonat_method.py:96: RuntimeWarning: Mean of empty slice
  cdist = np.nanmean(dist)
/oscar/data/deeps/private/bfoxkemp/jnickla1/Thorne_15_codefigurestats/Methods/43_Forcing_Based/1_ERF_FaIR/FaIR_anthro_unB_method.py:89: RuntimeWarning: Mean of empty slice
  return np.nanmean(samp_cur[year_idx-1850, :], axis = 1)
/users/jnickla1/.conda/envs/cleanpy/lib/python3.13/site-packages/numpy/lib/_nanfunctions_impl.py:2019: RuntimeWarning: Degrees of freedom <= 0 for slice.
  var = nanvar(a, axis=axis, dtype=dtype, out=out, ddof=ddof,
/oscar/data/deeps/private/bfoxkemp/jnickla1/Thorne_15_codefigurestats/Methods/43_Forcing_Based/1_ERF_FaIR/FaIR_anthro_unB_method.py:117: RuntimeWarning: Mean of empty slice
  cdist = np.nanmean(dist)
/oscar/data/deeps/private/bfoxkemp/jnickla1/Thorne_15_codefigurestats/Methods/43_Forcing_Based/1_ERF_FaIR/FaIR_nonat_method.py:68: RuntimeWarning: Mean of empty slice
  return np.nanmean(samp_cur[year_idx-1850, :], axis = 1)
/users/jnickla1/.conda/envs/cleanpy/lib/python3.13/site-packages/numpy/lib/_nanfunctions_impl.py:2019: RuntimeWarning: Degrees of freedom <= 0 for slice.
  var = nanvar(a, axis=axis, dtype=dtype, out=out, ddof=ddof,
/oscar/data/deeps/private/bfoxkemp/jnickla1/Thorne_15_codefigurestats/Methods/43_Forcing_Based/1_ERF_FaIR/FaIR_nonat_method.py:96: RuntimeWarning: Mean of empty slice
  cdist = np.nanmean(dist)
/oscar/data/deeps/private/bfoxkemp/jnickla1/Thorne_15_codefigurestats/fut_evaluation_script.py:427: RuntimeWarning: Mean of empty slice
  evalmean = np.nanmean(diffcross) #if crossing multiple times take the mean
/oscar/data/deeps/private/bfoxkemp/jnickla1/Thorne_15_codefigurestats/Methods/43_Forcing_Based/1_ERF_FaIR/FaIR_anthro_unB_method.py:89: RuntimeWarning: Mean of empty slice
  return np.nanmean(samp_cur[year_idx-1850, :], axis = 1)
/users/jnickla1/.conda/envs/cleanpy/lib/python3.13/site-packages/numpy/lib/_nanfunctions_impl.py:2019: RuntimeWarning: Degrees of freedom <= 0 for slice.
  var = nanvar(a, axis=axis, dtype=dtype, out=out, ddof=ddof,
/oscar/data/deeps/private/bfoxkemp/jnickla1/Thorne_15_codefigurestats/Methods/43_Forcing_Based/1_ERF_FaIR/FaIR_anthro_unB_method.py:117: RuntimeWarning: Mean of empty slice
  cdist = np.nanmean(dist)
/oscar/data/deeps/private/bfoxkemp/jnickla1/Thorne_15_codefigurestats/Methods/43_Forcing_Based/1_ERF_FaIR/FaIR_nonat_method.py:68: RuntimeWarning: Mean of empty slice
  return np.nanmean(samp_cur[year_idx-1850, :], axis = 1)
/users/jnickla1/.conda/envs/cleanpy/lib/python3.13/site-packages/numpy/lib/_nanfunctions_impl.py:2019: RuntimeWarning: Degrees of freedom <= 0 for slice.
  var = nanvar(a, axis=axis, dtype=dtype, out=out, ddof=ddof,
/oscar/data/deeps/private/bfoxkemp/jnickla1/Thorne_15_codefigurestats/Methods/43_Forcing_Based/1_ERF_FaIR/FaIR_nonat_method.py:96: RuntimeWarning: Mean of empty slice
  cdist = np.nanmean(dist)
/oscar/data/deeps/private/bfoxkemp/jnickla1/Thorne_15_codefigurestats/Methods/43_Forcing_Based/1_ERF_FaIR/FaIR_nonat_unB_method.py:92: RuntimeWarning: Mean of empty slice
  return np.nanmean(samp_cur[year_idx-1850, :], axis = 1)
/users/jnickla1/.conda/envs/cleanpy/lib/python3.13/site-packages/numpy/lib/_nanfunctions_impl.py:2019: RuntimeWarning: Degrees of freedom <= 0 for slice.
  var = nanvar(a, axis=axis, dtype=dtype, out=out, ddof=ddof,
/oscar/data/deeps/private/bfoxkemp/jnickla1/Thorne_15_codefigurestats/Methods/43_Forcing_Based/1_ERF_FaIR/FaIR_nonat_unB_method.py:120: RuntimeWarning: Mean of empty slice
  cdist = np.nanmean(dist)
/oscar/data/deeps/private/bfoxkemp/jnickla1/Thorne_15_codefigurestats/Methods/43_Forcing_Based/1_ERF_FaIR/FaIR_anthro_unB_method.py:89: RuntimeWarning: Mean of empty slice
  return np.nanmean(samp_cur[year_idx-1850, :], axis = 1)
/users/jnickla1/.conda/envs/cleanpy/lib/python3.13/site-packages/numpy/lib/_nanfunctions_impl.py:2019: RuntimeWarning: Degrees of freedom <= 0 for slice.
  var = nanvar(a, axis=axis, dtype=dtype, out=out, ddof=ddof,
/oscar/data/deeps/private/bfoxkemp/jnickla1/Thorne_15_codefigurestats/Methods/43_Forcing_Based/1_ERF_FaIR/FaIR_anthro_unB_method.py:117: RuntimeWarning: Mean of empty slice
  cdist = np.nanmean(dist)
/oscar/data/deeps/private/bfoxkemp/jnickla1/Thorne_15_codefigurestats/Methods/43_Forcing_Based/1_ERF_FaIR/FaIR_nonat_unB_method.py:92: RuntimeWarning: Mean of empty slice
  return np.nanmean(samp_cur[year_idx-1850, :], axis = 1)
/users/jnickla1/.conda/envs/cleanpy/lib/python3.13/site-packages/numpy/lib/_nanfunctions_impl.py:2019: RuntimeWarning: Degrees of freedom <= 0 for slice.
  var = nanvar(a, axis=axis, dtype=dtype, out=out, ddof=ddof,
/oscar/data/deeps/private/bfoxkemp/jnickla1/Thorne_15_codefigurestats/Methods/43_Forcing_Based/1_ERF_FaIR/FaIR_nonat_unB_method.py:120: RuntimeWarning: Mean of empty slice
  cdist = np.nanmean(dist)
/oscar/data/deeps/private/bfoxkemp/jnickla1/Thorne_15_codefigurestats/Methods/43_Forcing_Based/1_ERF_FaIR/FaIR_nonat_method.py:68: RuntimeWarning: Mean of empty slice
  return np.nanmean(samp_cur[year_idx-1850, :], axis = 1)
/users/jnickla1/.conda/envs/cleanpy/lib/python3.13/site-packages/numpy/lib/_nanfunctions_impl.py:2019: RuntimeWarning: Degrees of freedom <= 0 for slice.
  var = nanvar(a, axis=axis, dtype=dtype, out=out, ddof=ddof,
/oscar/data/deeps/private/bfoxkemp/jnickla1/Thorne_15_codefigurestats/Methods/43_Forcing_Based/1_ERF_FaIR/FaIR_nonat_method.py:96: RuntimeWarning: Mean of empty slice
  cdist = np.nanmean(dist)
/oscar/data/deeps/private/bfoxkemp/jnickla1/Thorne_15_codefigurestats/Methods/43_Forcing_Based/1_ERF_FaIR/FaIR_nonat_unB_method.py:92: RuntimeWarning: Mean of empty slice
  return np.nanmean(samp_cur[year_idx-1850, :], axis = 1)
/users/jnickla1/.conda/envs/cleanpy/lib/python3.13/site-packages/numpy/lib/_nanfunctions_impl.py:2019: RuntimeWarning: Degrees of freedom <= 0 for slice.
  var = nanvar(a, axis=axis, dtype=dtype, out=out, ddof=ddof,
/oscar/data/deeps/private/bfoxkemp/jnickla1/Thorne_15_codefigurestats/Methods/43_Forcing_Based/1_ERF_FaIR/FaIR_nonat_unB_method.py:120: RuntimeWarning: Mean of empty slice
  cdist = np.nanmean(dist)
/oscar/data/deeps/private/bfoxkemp/jnickla1/Thorne_15_codefigurestats/Methods/43_Forcing_Based/1_ERF_FaIR/FaIR_all_method.py:68: RuntimeWarning: Mean of empty slice
  return np.nanmean(samp_cur[year_idx-1850, :], axis = 1)
/users/jnickla1/.conda/envs/cleanpy/lib/python3.13/site-packages/numpy/lib/_nanfunctions_impl.py:2019: RuntimeWarning: Degrees of freedom <= 0 for slice.
  var = nanvar(a, axis=axis, dtype=dtype, out=out, ddof=ddof,
/oscar/data/deeps/private/bfoxkemp/jnickla1/Thorne_15_codefigurestats/Methods/43_Forcing_Based/1_ERF_FaIR/FaIR_all_method.py:96: RuntimeWarning: Mean of empty slice
  cdist = np.nanmean(dist)
/oscar/data/deeps/private/bfoxkemp/jnickla1/Thorne_15_codefigurestats/Methods/43_Forcing_Based/1_ERF_FaIR/FaIR_all_method.py:68: RuntimeWarning: Mean of empty slice
  return np.nanmean(samp_cur[year_idx-1850, :], axis = 1)
/users/jnickla1/.conda/envs/cleanpy/lib/python3.13/site-packages/numpy/lib/_nanfunctions_impl.py:2019: RuntimeWarning: Degrees of freedom <= 0 for slice.
  var = nanvar(a, axis=axis, dtype=dtype, out=out, ddof=ddof,
/oscar/data/deeps/private/bfoxkemp/jnickla1/Thorne_15_codefigurestats/Methods/43_Forcing_Based/1_ERF_FaIR/FaIR_all_method.py:96: RuntimeWarning: Mean of empty slice
  cdist = np.nanmean(dist)
/oscar/data/deeps/private/bfoxkemp/jnickla1/Thorne_15_codefigurestats/Methods/43_Forcing_Based/1_ERF_FaIR/FaIR_all_method.py:68: RuntimeWarning: Mean of empty slice
  return np.nanmean(samp_cur[year_idx-1850, :], axis = 1)
/users/jnickla1/.conda/envs/cleanpy/lib/python3.13/site-packages/numpy/lib/_nanfunctions_impl.py:2019: RuntimeWarning: Degrees of freedom <= 0 for slice.
  var = nanvar(a, axis=axis, dtype=dtype, out=out, ddof=ddof,
/oscar/data/deeps/private/bfoxkemp/jnickla1/Thorne_15_codefigurestats/Methods/43_Forcing_Based/1_ERF_FaIR/FaIR_all_method.py:96: RuntimeWarning: Mean of empty slice
  cdist = np.nanmean(dist)
/oscar/data/deeps/private/bfoxkemp/jnickla1/Thorne_15_codefigurestats/Methods/43_Forcing_Based/1_ERF_FaIR/FaIR_nonat_method.py:68: RuntimeWarning: Mean of empty slice
  return np.nanmean(samp_cur[year_idx-1850, :], axis = 1)
/users/jnickla1/.conda/envs/cleanpy/lib/python3.13/site-packages/numpy/lib/_nanfunctions_impl.py:2019: RuntimeWarning: Degrees of freedom <= 0 for slice.
  var = nanvar(a, axis=axis, dtype=dtype, out=out, ddof=ddof,
/oscar/data/deeps/private/bfoxkemp/jnickla1/Thorne_15_codefigurestats/Methods/43_Forcing_Based/1_ERF_FaIR/FaIR_nonat_method.py:96: RuntimeWarning: Mean of empty slice
  cdist = np.nanmean(dist)
/oscar/data/deeps/private/bfoxkemp/jnickla1/Thorne_15_codefigurestats/fut_evaluation_script.py:427: RuntimeWarning: Mean of empty slice
  evalmean = np.nanmean(diffcross) #if crossing multiple times take the mean
/oscar/data/deeps/private/bfoxkemp/jnickla1/Thorne_15_codefigurestats/Methods/43_Forcing_Based/1_ERF_FaIR/FaIR_nonat_unB_method.py:92: RuntimeWarning: Mean of empty slice
  return np.nanmean(samp_cur[year_idx-1850, :], axis = 1)
/users/jnickla1/.conda/envs/cleanpy/lib/python3.13/site-packages/numpy/lib/_nanfunctions_impl.py:2019: RuntimeWarning: Degrees of freedom <= 0 for slice.
  var = nanvar(a, axis=axis, dtype=dtype, out=out, ddof=ddof,
/oscar/data/deeps/private/bfoxkemp/jnickla1/Thorne_15_codefigurestats/Methods/43_Forcing_Based/1_ERF_FaIR/FaIR_nonat_unB_method.py:120: RuntimeWarning: Mean of empty slice
  cdist = np.nanmean(dist)
/oscar/data/deeps/private/bfoxkemp/jnickla1/Thorne_15_codefigurestats/fut_evaluation_script.py:427: RuntimeWarning: Mean of empty slice
  evalmean = np.nanmean(diffcross) #if crossing multiple times take the mean
/oscar/data/deeps/private/bfoxkemp/jnickla1/Thorne_15_codefigurestats/fut_evaluation_script.py:464: RuntimeWarning: Mean of empty slice
  evalmean = np.nanmean(diffcrossE) #if crossing multiple times take the mean
/oscar/data/deeps/private/bfoxkemp/jnickla1/Thorne_15_codefigurestats/fut_evaluation_script.py:464: RuntimeWarning: Mean of empty slice
  evalmean = np.nanmean(diffcrossE) #if crossing multiple times take the mean
/oscar/data/deeps/private/bfoxkemp/jnickla1/Thorne_15_codefigurestats/Methods/43_Forcing_Based/1_ERF_FaIR/FaIR_all_unB_method.py:90: RuntimeWarning: Mean of empty slice
  return np.nanmean(samp_cur[year_idx-1850, :], axis = 1)
/users/jnickla1/.conda/envs/cleanpy/lib/python3.13/site-packages/numpy/lib/_nanfunctions_impl.py:2019: RuntimeWarning: Degrees of freedom <= 0 for slice.
  var = nanvar(a, axis=axis, dtype=dtype, out=out, ddof=ddof,
/oscar/data/deeps/private/bfoxkemp/jnickla1/Thorne_15_codefigurestats/Methods/43_Forcing_Based/1_ERF_FaIR/FaIR_all_unB_method.py:118: RuntimeWarning: Mean of empty slice
  cdist = np.nanmean(dist)
/oscar/data/deeps/private/bfoxkemp/jnickla1/Thorne_15_codefigurestats/Methods/43_Forcing_Based/1_ERF_FaIR/FaIR_all_unB_method.py:90: RuntimeWarning: Mean of empty slice
  return np.nanmean(samp_cur[year_idx-1850, :], axis = 1)
/users/jnickla1/.conda/envs/cleanpy/lib/python3.13/site-packages/numpy/lib/_nanfunctions_impl.py:2019: RuntimeWarning: Degrees of freedom <= 0 for slice.
  var = nanvar(a, axis=axis, dtype=dtype, out=out, ddof=ddof,
/oscar/data/deeps/private/bfoxkemp/jnickla1/Thorne_15_codefigurestats/Methods/43_Forcing_Based/1_ERF_FaIR/FaIR_all_unB_method.py:118: RuntimeWarning: Mean of empty slice
  cdist = np.nanmean(dist)
/oscar/data/deeps/private/bfoxkemp/jnickla1/Thorne_15_codefigurestats/Methods/43_Forcing_Based/1_ERF_FaIR/FaIR_all_unB_method.py:90: RuntimeWarning: Mean of empty slice
  return np.nanmean(samp_cur[year_idx-1850, :], axis = 1)
/users/jnickla1/.conda/envs/cleanpy/lib/python3.13/site-packages/numpy/lib/_nanfunctions_impl.py:2019: RuntimeWarning: Degrees of freedom <= 0 for slice.
  var = nanvar(a, axis=axis, dtype=dtype, out=out, ddof=ddof,
/oscar/data/deeps/private/bfoxkemp/jnickla1/Thorne_15_codefigurestats/Methods/43_Forcing_Based/1_ERF_FaIR/FaIR_all_unB_method.py:118: RuntimeWarning: Mean of empty slice
  cdist = np.nanmean(dist)
/oscar/data/deeps/private/bfoxkemp/jnickla1/Thorne_15_codefigurestats/Methods/43_Forcing_Based/1_ERF_FaIR/FaIR_all_method.py:68: RuntimeWarning: Mean of empty slice
  return np.nanmean(samp_cur[year_idx-1850, :], axis = 1)
/users/jnickla1/.conda/envs/cleanpy/lib/python3.13/site-packages/numpy/lib/_nanfunctions_impl.py:2019: RuntimeWarning: Degrees of freedom <= 0 for slice.
  var = nanvar(a, axis=axis, dtype=dtype, out=out, ddof=ddof,
/oscar/data/deeps/private/bfoxkemp/jnickla1/Thorne_15_codefigurestats/Methods/43_Forcing_Based/1_ERF_FaIR/FaIR_all_method.py:96: RuntimeWarning: Mean of empty slice
  cdist = np.nanmean(dist)
/oscar/data/deeps/private/bfoxkemp/jnickla1/Thorne_15_codefigurestats/fut_evaluation_script.py:427: RuntimeWarning: Mean of empty slice
  evalmean = np.nanmean(diffcross) #if crossing multiple times take the mean
/oscar/data/deeps/private/bfoxkemp/jnickla1/Thorne_15_codefigurestats/Methods/43_Forcing_Based/1_ERF_FaIR/FaIR_nonat_unB_method.py:92: RuntimeWarning: Mean of empty slice
  return np.nanmean(samp_cur[year_idx-1850, :], axis = 1)
/users/jnickla1/.conda/envs/cleanpy/lib/python3.13/site-packages/numpy/lib/_nanfunctions_impl.py:2019: RuntimeWarning: Degrees of freedom <= 0 for slice.
  var = nanvar(a, axis=axis, dtype=dtype, out=out, ddof=ddof,
/oscar/data/deeps/private/bfoxkemp/jnickla1/Thorne_15_codefigurestats/Methods/43_Forcing_Based/1_ERF_FaIR/FaIR_nonat_unB_method.py:120: RuntimeWarning: Mean of empty slice
  cdist = np.nanmean(dist)
/oscar/data/deeps/private/bfoxkemp/jnickla1/Thorne_15_codefigurestats/Methods/43_Forcing_Based/1_ERF_FaIR/FaIR_comb_unB_method.py:153: RuntimeWarning: Mean of empty slice
  return np.nanmean(samp_cur[year_idx-1850, :], axis = 1)
/users/jnickla1/.conda/envs/cleanpy/lib/python3.13/site-packages/numpy/lib/_nanfunctions_impl.py:2019: RuntimeWarning: Degrees of freedom <= 0 for slice.
  var = nanvar(a, axis=axis, dtype=dtype, out=out, ddof=ddof,
/oscar/data/deeps/private/bfoxkemp/jnickla1/Thorne_15_codefigurestats/Methods/43_Forcing_Based/1_ERF_FaIR/FaIR_comb_unB_method.py:181: RuntimeWarning: Mean of empty slice
  cdist = np.nanmean(dist)
/oscar/data/deeps/private/bfoxkemp/jnickla1/Thorne_15_codefigurestats/Methods/43_Forcing_Based/1_ERF_FaIR/FaIR_comb_unB_method.py:153: RuntimeWarning: Mean of empty slice
  return np.nanmean(samp_cur[year_idx-1850, :], axis = 1)
/users/jnickla1/.conda/envs/cleanpy/lib/python3.13/site-packages/numpy/lib/_nanfunctions_impl.py:2019: RuntimeWarning: Degrees of freedom <= 0 for slice.
  var = nanvar(a, axis=axis, dtype=dtype, out=out, ddof=ddof,
/oscar/data/deeps/private/bfoxkemp/jnickla1/Thorne_15_codefigurestats/Methods/43_Forcing_Based/1_ERF_FaIR/FaIR_comb_unB_method.py:181: RuntimeWarning: Mean of empty slice
  cdist = np.nanmean(dist)
/oscar/data/deeps/private/bfoxkemp/jnickla1/Thorne_15_codefigurestats/Methods/43_Forcing_Based/1_ERF_FaIR/FaIR_comb_unB_method.py:153: RuntimeWarning: Mean of empty slice
  return np.nanmean(samp_cur[year_idx-1850, :], axis = 1)
/users/jnickla1/.conda/envs/cleanpy/lib/python3.13/site-packages/numpy/lib/_nanfunctions_impl.py:2019: RuntimeWarning: Degrees of freedom <= 0 for slice.
  var = nanvar(a, axis=axis, dtype=dtype, out=out, ddof=ddof,
/oscar/data/deeps/private/bfoxkemp/jnickla1/Thorne_15_codefigurestats/Methods/43_Forcing_Based/1_ERF_FaIR/FaIR_comb_unB_method.py:181: RuntimeWarning: Mean of empty slice
  cdist = np.nanmean(dist)
/oscar/data/deeps/private/bfoxkemp/jnickla1/Thorne_15_codefigurestats/Methods/43_Forcing_Based/1_ERF_FaIR/FaIR_all_unB_method.py:90: RuntimeWarning: Mean of empty slice
  return np.nanmean(samp_cur[year_idx-1850, :], axis = 1)
/users/jnickla1/.conda/envs/cleanpy/lib/python3.13/site-packages/numpy/lib/_nanfunctions_impl.py:2019: RuntimeWarning: Degrees of freedom <= 0 for slice.
  var = nanvar(a, axis=axis, dtype=dtype, out=out, ddof=ddof,
/oscar/data/deeps/private/bfoxkemp/jnickla1/Thorne_15_codefigurestats/Methods/43_Forcing_Based/1_ERF_FaIR/FaIR_all_unB_method.py:118: RuntimeWarning: Mean of empty slice
  cdist = np.nanmean(dist)
starting computation for fut_ESM1-2-LR_SSP126_constVolc
max_runs10
Model number:
9




Methods/42_Temp_Alone/1_Run_Means/cent10y_method.py
Methods/42_Temp_Alone/1_Run_Means/cent20y_method.py
Methods/42_Temp_Alone/1_Run_Means/cent21y_method.py
Methods/42_Temp_Alone/1_Run_Means/cent30y_method.py
Methods/42_Temp_Alone/1_Run_Means/lag10y_method.py
Methods/42_Temp_Alone/1_Run_Means/lag5y_method.py
Methods/42_Temp_Alone/1_Run_Means/offset11y_method.py
Methods/42_Temp_Alone/1_Run_Means/raw1y_method.py
Methods/43_Forcing_Based/1_ERF_FaIR/FaIR_all_method.py
Methods/43_Forcing_Based/1_ERF_FaIR/FaIR_all_unB_method.py
Methods/43_Forcing_Based/1_ERF_FaIR/FaIR_anthro_method.py
Methods/43_Forcing_Based/1_ERF_FaIR/FaIR_anthro_unB_method.py
Methods/43_Forcing_Based/1_ERF_FaIR/FaIR_comb_unB_method.py
Methods/43_Forcing_Based/1_ERF_FaIR/FaIR_nonat_method.py
Methods/43_Forcing_Based/1_ERF_FaIR/FaIR_nonat_unB_method.py
evaluating 6 of 0.1°C thresholds, starting at 1.1°C
11
FaIR_anthro sampled, d llike: 0.049066257852600326
FaIR_anthro sampled, d llike: -4.015921825613966
FaIR_anthro_unB sampled, d llike: 0.049557842014286035
FaIR_anthro_unB sampled, d llike: -4.124376556131647
FaIR_nonat sampled, d llike: -0.03591594623493877
FaIR_nonat sampled, d llike: -0.04750714399981526
FaIR_nonat_unB sampled, d llike: -0.03124714331002343
FaIR_nonat_unB sampled, d llike: -0.041776497222628106
FaIR_all sampled, d llike: -1949.5726457297596
FaIR_all sampled, d llike: -0.08012195573155068
FaIR_all_unB sampled, d llike: -0.030681029787599012
FaIR_all_unB sampled, d llike: -0.05393391480401677
FaIR_comb_unB sampled, d llike: -0.031460227935018015
FaIR_comb_unB sampled, d llike: 0.14338555919972718
        method_name    method_class c/r  smooth_r  avg_unc.(1se)  #q<0.5  #q<0.1   log-likeli       RMS      bias         tlog-l       100log-l    100RMS     75RMS   100bias            l15  l20    bias50   Edyrs15  Edyrs20    Mdyrs15  Mdyrs20   Fdyrs15  Fdyrs20    EdyrsA   RMSyrsA  ncEdyrs      e100log-l   e100RMS    e75RMS  e100bias           el15  el20   ebias50  eEdyrs15  eEdyrs20   eMdyrs15  eMdyrs20  eFdyrs15  eFdyrs20   eEdyrsA  eRMSyrsA  nceEdyrs
21    FaIR_comb_unB   43/1_ERF_FaIR   c     2.012       0.071200       0       0     1.460174  0.048536 -0.008959     229.247261     137.664752  0.043381  0.042634  0.003976   4.876822e+00  0.0 -0.014756  2.166667       -1   2.166667       -1  2.166667       -1 -0.597222  5.324972      8.0     144.008908  0.035692  0.033391  0.014531   4.923690e+00   0.0  0.003390  0.666667        -1   0.666667        -1  0.666667        -1 -0.538194  0.538194       9.0
15   FaIR_nonat_unB   43/1_ERF_FaIR   c     1.937       0.080930       0       0     1.310996  0.057344 -0.009247     211.070369     127.482820  0.047620  0.045775  0.009639   4.519062e+00  0.0 -0.015524  0.208333       -1   1.500000       -1 -1.083333       -1 -1.576389  5.123955     10.2     131.758254  0.041501  0.038246  0.020194   4.308526e+00   0.0  0.002623 -1.291667        -1  -2.583333        -1 -2.583333        -1 -2.256944  2.256944      10.2
11  FaIR_anthro_unB   43/1_ERF_FaIR   c     1.579       0.081768      39       0     0.911735  0.083029 -0.032889     146.789356     123.636576  0.049328  0.049910  0.004587   3.848339e+00  0.0 -0.026148  2.333333       -1   2.333333       -1  2.333333       -1 -0.236111  6.767724      8.0     128.372453  0.041271  0.039930  0.015142   3.866875e+00   0.0 -0.008002  0.833333        -1   0.833333        -1  0.833333        -1 -0.916667  0.916667       8.0
19     FaIR_all_unB   43/1_ERF_FaIR   c     3.389       0.083419       0       0     1.292048  0.057775 -0.004799     208.019667     123.483323  0.048651  0.048442 -0.005225   3.568527e+00  0.0 -0.034565  5.083333       -1   5.083333       -1  5.083333       -1  1.680556  7.728540      6.0     129.912965  0.037924  0.034132  0.005331   3.739948e+00   0.0 -0.016418  3.583333        -1   3.583333        -1  3.583333        -1  1.000000  1.000000       6.0
9       FaIR_anthro   43/1_ERF_FaIR   c     1.642       0.081790      47       0     0.896487  0.084933 -0.023811     144.334342     121.351058  0.054817  0.054175  0.020635   4.144051e+00  0.0 -0.014190 -2.750000       -1  -2.750000       -1 -2.750000       -1 -2.993056  5.745696      7.0     125.330611  0.050857  0.048562  0.031190   4.013871e+00   0.0  0.003957 -4.250000        -1  -4.250000        -1 -4.250000        -1 -3.673611  3.673611       7.0
13       FaIR_nonat   43/1_ERF_FaIR   c     1.945       0.100999       0       0     1.143200  0.062759 -0.003711     184.055235     109.808024  0.054731  0.051786  0.022492   3.724128e+00  0.0 -0.011308 -3.916667       -1  -3.916667       -1 -3.916667       -1 -3.284722  5.631966      8.0     111.723047  0.051599  0.047093  0.033047   3.428929e+00   0.0  0.006838 -5.416667        -1  -5.416667        -1 -5.416667        -1 -3.965278  3.965278       8.0
2             raw1y  42/1_Run_Means   c    31.187       0.121364       0       0     0.751976  0.111834 -0.000327     173.706420      67.989954  0.114643  0.120514  0.004028   3.438794e+00  0.0 -0.005806  4.527778       -1  19.500000       -1 -6.166667       -1  2.154101  2.992291     30.6      67.151596  0.115682  0.122698  0.014583   2.775740e+00   0.0  0.012340  3.027778        -1  18.000000        -1 -7.666667        -1  1.473545  1.473545      30.6
0            lag10y  42/1_Run_Means   c     3.397       0.037134     111      25     1.118071  0.056068 -0.027952     258.274361      53.160035  0.061120  0.048428 -0.033805   1.054356e+00  0.0  0.012770  6.250000       -1   6.250000       -1  6.250000       -1  4.888889  5.211943      7.0      58.295228  0.060755  0.051604 -0.023250   6.961560e+00   0.0  0.030917  4.750000        -1   4.750000        -1  4.750000        -1  4.208333  4.208333       7.0
1             lag5y  42/1_Run_Means   c     6.002       0.046797      68      27     0.592833  0.056368 -0.012601     136.944391       6.419491  0.059892  0.061923 -0.010678   6.648491e+00  0.0  0.007495  5.833333       -1  14.500000       -1 -2.666667       -1  3.657407  4.568551     13.3      32.184750  0.060200  0.063942 -0.000123   8.318280e+00   0.0  0.025642  4.333333        -1  13.000000        -1 -4.166667        -1  2.976852  2.976852      13.3
8         offset11y  42/1_Run_Means   c     2.766       0.035931     196     120    -1.355884  0.093991  0.078954    -313.209104    -128.100816  0.089522  0.103090  0.071057   8.673393e+00  0.0  0.122325 -2.750000       -1  -2.750000       -1 -2.750000       -1 -2.611111  3.455739      6.0    -191.673536  0.100902  0.116239  0.081613   2.018879e+00   0.0  0.140471 -4.250000        -1  -4.250000        -1 -4.250000        -1 -3.291667  3.291667       6.0
17         FaIR_all   43/1_ERF_FaIR   c     2.945       0.005545     152     140 -2131.231481  0.078930  0.025225 -343128.268373 -252562.664997  0.083611  0.070113  0.058892  3.594275e-143  0.0  0.009778 -6.666667       -1  -6.666667       -1 -6.666667       -1 -7.270833  7.885190      7.0 -263316.457276  0.085318  0.070379  0.069447  5.082405e-126   0.0  0.027925 -8.166667        -1  -8.166667        -1 -8.166667        -1 -7.951389  7.951389       7.0
4.762639329
finished this run
starting computation for fut_NorESM_RCP45_VolcConst
max_runs10
Model number:
9




Methods/42_Temp_Alone/1_Run_Means/cent10y_method.py
Methods/42_Temp_Alone/1_Run_Means/cent20y_method.py
Methods/42_Temp_Alone/1_Run_Means/cent21y_method.py
Methods/42_Temp_Alone/1_Run_Means/cent30y_method.py
Methods/42_Temp_Alone/1_Run_Means/lag10y_method.py
Methods/42_Temp_Alone/1_Run_Means/lag5y_method.py
Methods/42_Temp_Alone/1_Run_Means/offset11y_method.py
Methods/42_Temp_Alone/1_Run_Means/raw1y_method.py
Methods/43_Forcing_Based/1_ERF_FaIR/FaIR_all_method.py
Methods/43_Forcing_Based/1_ERF_FaIR/FaIR_all_unB_method.py
Methods/43_Forcing_Based/1_ERF_FaIR/FaIR_anthro_method.py
Methods/43_Forcing_Based/1_ERF_FaIR/FaIR_anthro_unB_method.py
Methods/43_Forcing_Based/1_ERF_FaIR/FaIR_comb_unB_method.py
Methods/43_Forcing_Based/1_ERF_FaIR/FaIR_nonat_method.py
Methods/43_Forcing_Based/1_ERF_FaIR/FaIR_nonat_unB_method.py
evaluating 13 of 0.1°C thresholds, starting at 1.1°C
11
FaIR_anthro sampled, d llike: -0.6661737280040854
FaIR_anthro sampled, d llike: -86.74469295891504
FaIR_anthro_unB sampled, d llike: -0.48607286410635187
FaIR_anthro_unB sampled, d llike: -91.00425795376734
FaIR_nonat sampled, d llike: 0.07753540893421655
FaIR_nonat sampled, d llike: 0.1930955517384727
FaIR_nonat_unB sampled, d llike: 0.017910188094332383
FaIR_nonat_unB sampled, d llike: 0.11064971687415293
FaIR_all sampled, d llike: -15403.157674441987
FaIR_all sampled, d llike: 0.16390524477622248
FaIR_all_unB sampled, d llike: -0.896251877854808
FaIR_all_unB sampled, d llike: 0.08942303317422379
FaIR_comb_unB sampled, d llike: -0.1047175275418567
FaIR_comb_unB sampled, d llike: 0.18261461303778614
        method_name    method_class c/r  smooth_r  avg_unc.(1se)  #q<0.5  #q<0.1    log-likeli       RMS      bias        tlog-l      100log-l    100RMS     75RMS   100bias       l15       l20    bias50   Edyrs15       Edyrs20   Mdyrs15       Mdyrs20   Fdyrs15       Fdyrs20     EdyrsA    RMSyrsA  ncEdyrs     e100log-l   e100RMS    e75RMS  e100bias      el15      el20   ebias50   eEdyrs15   eEdyrs20   eMdyrs15   eMdyrs20   eFdyrs15   eFdyrs20    eEdyrsA   eRMSyrsA  nceEdyrs
8         offset11y  42/1_Run_Means   c     2.632       0.032477     191     106     -0.413971  0.081065  0.062568 -9.521325e+01  1.640182e+02  0.034419  0.035902  0.019708  8.942965  9.039828  0.041171  0.916667 -3.000000e+00  0.916667 -3.000000e+00  0.916667 -3.000000e+00  -1.493590   2.608029     13.0  1.228143e+02  0.041586  0.043815  0.015202  1.543129  6.795010  0.042839   2.416667  -3.333333   2.416667  -3.333333   2.416667  -3.333333  -1.083333   1.083333      13.0
21    FaIR_comb_unB   43/1_ERF_FaIR   c     2.865       0.079998      69       0     -0.597113  0.152464 -0.104106 -9.314959e+01  1.210196e+02  0.055005  0.056908 -0.018192  4.774992  4.573317 -0.052725 -0.500000  1.416667e+00 -0.500000  1.416667e+00 -0.500000  1.416667e+00   1.012821   3.808728     13.0  1.263804e+02  0.046772  0.049398 -0.022697  4.547137  4.685486 -0.051058   1.000000   1.083333   1.000000   1.083333   1.000000   1.083333   1.423077   1.423077      13.0
15   FaIR_nonat_unB   43/1_ERF_FaIR   c     2.906       0.091614      70       0     -0.053063  0.151921 -0.100598 -8.490071e+00  1.126555e+02  0.055465  0.055425 -0.010537  3.994587  3.998550 -0.051050 -0.750000  1.583333e+00 -0.750000  1.583333e+00 -0.750000  1.583333e+00   0.564103   3.630356     13.0  1.168616e+02  0.046877  0.047426 -0.015043  3.811111  4.092698 -0.049383   0.750000   1.250000   0.750000   1.250000   0.750000   1.250000   0.974359   0.974359      13.0
1             lag5y  42/1_Run_Means   c     5.921       0.040140      84      25      0.935683  0.056309 -0.019314  2.152070e+02  1.110364e+02  0.045260  0.047388 -0.033413  1.602103  4.994647 -0.026190  1.166667  2.333333e+00  1.166667  2.333333e+00  1.166667  2.333333e+00   2.157051   2.492108     15.0  7.490671e+01  0.055466  0.058924 -0.037918  0.017933  6.336205 -0.024523   2.666667   2.000000   2.666667   2.000000   2.666667   2.000000   2.567308   2.567308      15.0
19     FaIR_all_unB   43/1_ERF_FaIR   c     3.934       0.092565      71      23     -1.243651  0.161852 -0.098893 -1.989841e+02  1.109339e+02  0.055286  0.054642 -0.002653  3.971803  4.004310 -0.039010 -0.916667  1.664375e-10 -0.916667  1.664375e-10 -0.916667  1.664375e-10   0.230769   3.719893     13.0  1.150869e+02  0.045399  0.045295 -0.007158  3.814683  3.971728 -0.037343   0.583333  -0.333333   0.583333  -0.333333   0.583333  -0.333333   0.641026   0.641026      13.0
11  FaIR_anthro_unB   43/1_ERF_FaIR   c     2.318       0.096645      72      50     -1.371677  0.171370 -0.113225 -2.194684e+02  1.053655e+02  0.061313  0.061245 -0.010685  3.474317  3.492002 -0.057751 -1.083333  1.833333e+00 -1.083333  1.833333e+00 -1.083333  1.833333e+00   0.794872   4.257848     13.0  1.078029e+02  0.051909  0.052331 -0.015190  3.622297  3.530188 -0.056084   0.416667   1.500000   0.416667   1.500000   0.416667   1.500000   1.205128   1.205128      13.0
2             raw1y  42/1_Run_Means   c    33.497       0.105876       0       0      0.913988  0.096056 -0.000605  2.102172e+02  9.801826e+01  0.078015  0.081061  0.003318  3.698313  2.542538  0.001604 -3.875000 -5.833333e-01 -6.416667  7.000000e+00 -6.416667 -6.833333e+00  -0.689316   2.061637     41.2  9.548813e+01  0.081372  0.083901 -0.001187  4.091661  2.718245  0.003271  -2.375000  -0.916667  -4.916667  -7.166667  -4.916667  -7.166667  -0.279060   0.279060      41.2
13       FaIR_nonat   43/1_ERF_FaIR   c     2.503       0.114377     145       0     -0.080034  0.184582 -0.173036 -1.280543e+01  5.016684e+01  0.136756  0.140617 -0.130366  2.214227  1.606663 -0.149937  5.500000  1.041667e+01  5.500000  1.041667e+01  5.500000  1.041667e+01   7.897436   9.007772     13.0  4.943659e+01  0.138177  0.143239 -0.134871  1.456853  1.718346 -0.148270   7.000000  10.083333   7.000000  10.083333   7.000000  10.083333   8.307692   8.307692      13.0
9       FaIR_anthro   43/1_ERF_FaIR   c     1.943       0.096644     145      50     -1.901008  0.191468 -0.175223 -3.041612e+02  4.900724e+01  0.129313  0.132332 -0.120902  2.499997  1.562899 -0.144893  5.166667  1.025000e+01  5.166667  1.025000e+01  5.166667  1.025000e+01   7.198718   8.509767     13.0  4.889956e+01  0.129837  0.134109 -0.125408  1.519537  1.656290 -0.143226   6.666667   9.916667   6.666667   9.916667   6.666667   9.916667   7.608974   7.608974      13.0
0            lag10y  42/1_Run_Means   c     2.977       0.033345     155      84      0.113484  0.064665 -0.042801  2.610130e+01 -1.835378e+02  0.085113  0.084781 -0.080805  0.047656  0.436928 -0.061295  4.750000  3.750000e+00  4.750000  3.750000e+00  4.750000  3.750000e+00   4.673077   4.791987     13.0 -2.306569e+02  0.093472  0.094595 -0.085310  0.000180  0.853353 -0.059627   6.250000   3.416667   6.250000   3.416667   6.250000   3.416667   5.083333   5.083333      13.0
17         FaIR_all   43/1_ERF_FaIR   c     3.366       0.005574     160     160 -16812.972048  0.211238 -0.197656 -2.690076e+06 -1.417202e+06  0.204880  0.210613 -0.199515  0.000000  0.000000 -0.222150  8.916667  1.875000e+01  8.916667  1.875000e+01  8.916667  1.875000e+01  13.198718  14.887667     11.0 -1.450140e+06  0.207067  0.213867 -0.204021  0.000000  0.000000 -0.220483  10.416667  18.416667  10.416667  18.416667  10.416667  18.416667  13.551282  13.551282      11.0
4.767469200000001
finished this run
/oscar/data/deeps/private/bfoxkemp/jnickla1/Thorne_15_codefigurestats/Methods/43_Forcing_Based/1_ERF_FaIR/FaIR_all_method.py:68: RuntimeWarning: Mean of empty slice
  return np.nanmean(samp_cur[year_idx-1850, :], axis = 1)
/users/jnickla1/.conda/envs/cleanpy/lib/python3.13/site-packages/numpy/lib/_nanfunctions_impl.py:2019: RuntimeWarning: Degrees of freedom <= 0 for slice.
  var = nanvar(a, axis=axis, dtype=dtype, out=out, ddof=ddof,
/oscar/data/deeps/private/bfoxkemp/jnickla1/Thorne_15_codefigurestats/Methods/43_Forcing_Based/1_ERF_FaIR/FaIR_all_method.py:96: RuntimeWarning: Mean of empty slice
  cdist = np.nanmean(dist)
starting computation for fut_NorESM_RCP45_Volc
max_runs10
Model number:
9




Methods/42_Temp_Alone/1_Run_Means/cent10y_method.py
Methods/42_Temp_Alone/1_Run_Means/cent20y_method.py
Methods/42_Temp_Alone/1_Run_Means/cent21y_method.py
Methods/42_Temp_Alone/1_Run_Means/cent30y_method.py
Methods/42_Temp_Alone/1_Run_Means/lag10y_method.py
Methods/42_Temp_Alone/1_Run_Means/lag5y_method.py
Methods/42_Temp_Alone/1_Run_Means/offset11y_method.py
Methods/42_Temp_Alone/1_Run_Means/raw1y_method.py
Methods/43_Forcing_Based/1_ERF_FaIR/FaIR_all_method.py
Methods/43_Forcing_Based/1_ERF_FaIR/FaIR_all_unB_method.py
Methods/43_Forcing_Based/1_ERF_FaIR/FaIR_anthro_method.py
Methods/43_Forcing_Based/1_ERF_FaIR/FaIR_anthro_unB_method.py
Methods/43_Forcing_Based/1_ERF_FaIR/FaIR_comb_unB_method.py
Methods/43_Forcing_Based/1_ERF_FaIR/FaIR_nonat_method.py
Methods/43_Forcing_Based/1_ERF_FaIR/FaIR_nonat_unB_method.py
evaluating 14 of 0.1°C thresholds, starting at 1.1°C
11
FaIR_anthro sampled, d llike: -0.27186976361231396
FaIR_anthro sampled, d llike: -74.63271915267671
FaIR_anthro_unB sampled, d llike: -0.4772408104628372
FaIR_anthro_unB sampled, d llike: -76.60465882892277
FaIR_nonat sampled, d llike: 0.11804016562095668
FaIR_nonat sampled, d llike: 0.15881682127712327
FaIR_nonat_unB sampled, d llike: 0.010049789534587808
FaIR_nonat_unB sampled, d llike: 0.09006055490628606
FaIR_all sampled, d llike: -22911.755104848722
FaIR_all sampled, d llike: 0.04689731781355655
FaIR_all_unB sampled, d llike: -1.2216792866980382
FaIR_all_unB sampled, d llike: 0.10100699489718512
FaIR_comb_unB sampled, d llike: -0.30306135128907685
FaIR_comb_unB sampled, d llike: 0.12463603646760735
        method_name    method_class c/r  smooth_r  avg_unc.(1se)  #q<0.5  #q<0.1    log-likeli       RMS      bias        tlog-l      100log-l    100RMS     75RMS   100bias       l15       l20    bias50    Edyrs15       Edyrs20    Mdyrs15    Mdyrs20   Fdyrs15    Fdyrs20     EdyrsA    RMSyrsA  ncEdyrs     e100log-l   e100RMS    e75RMS  e100bias      el15      el20   ebias50      eEdyrs15   eEdyrs20      eMdyrs15   eMdyrs20      eFdyrs15   eFdyrs20    eEdyrsA   eRMSyrsA  nceEdyrs
21    FaIR_comb_unB   43/1_ERF_FaIR   c     3.957       0.077370      91       0     -0.875091  0.156478 -0.109905 -1.365143e+02  1.033665e+02  0.073978  0.076701 -0.029062  4.090848  3.051167 -0.061660   0.833333  4.916667e+00   0.833333   4.916667  0.833333   4.916667   1.895833   3.842009     16.0  5.931787e+01  0.100848  0.074550 -0.057597  3.584451  2.696059 -0.024932 -7.500000e-01   4.583333 -7.500000e-01   4.583333 -7.500000e-01   4.583333   2.253205   2.253205      15.0
15   FaIR_nonat_unB   43/1_ERF_FaIR   c     2.278       0.089248      83       0     -0.109967  0.155877 -0.097564 -1.759468e+01  1.011089e+02  0.072658  0.082606 -0.005820  3.400099  3.192833 -0.030313   1.583333  3.500000e+00   1.583333   3.500000  1.583333   3.500000   0.535714   4.166786     14.0  8.757393e+01  0.084661  0.065467 -0.034355  3.482598  3.194236  0.006416  1.446097e-10   3.166667  1.446097e-10   3.166667  1.446097e-10   3.166667   1.346154   1.346154      13.0
11  FaIR_anthro_unB   43/1_ERF_FaIR   c     1.829       0.095150      82      42     -1.335891  0.173721 -0.110213 -2.137426e+02  9.718128e+01  0.073575  0.082910 -0.006198  3.100516  3.044320 -0.034639   1.916667  4.083333e+00   1.916667   4.083333  1.916667   4.083333   0.589286   4.189521     14.0  8.498923e+01  0.080862  0.060188 -0.034733  3.101639  3.143990  0.002090  3.333333e-01   3.750000  3.333333e-01   3.750000  3.333333e-01   3.750000   1.346154   1.346154      13.0
9       FaIR_anthro   43/1_ERF_FaIR   c     1.768       0.095146     115      47     -1.524175  0.196161 -0.164458 -2.438679e+02  4.686842e+01  0.141994  0.164624 -0.102621  1.994122  0.746938 -0.183551   4.916667  9.500000e+00   4.916667   9.500000  4.916667   9.500000   8.267857  11.172329     14.0  3.490913e+01  0.138297  0.134884 -0.131156  2.477927  0.490687 -0.146822  3.333333e+00   9.166667  3.333333e+00   9.166667  3.333333e+00   9.166667   7.596154   7.596154      14.0
13       FaIR_nonat   43/1_ERF_FaIR   c     2.186       0.111440     114       0     -0.093335  0.188704 -0.162747 -1.493362e+01  4.510613e+01  0.146518  0.168867 -0.112741  1.762209  1.012883 -0.187053   5.083333  9.583333e+00   5.083333   9.583333  5.083333   9.583333   8.404762  11.098763     14.0  3.436945e+01  0.148926  0.142820 -0.141276  2.464164  0.750280 -0.150325  3.500000e+00   9.250000  3.500000e+00   9.250000  3.500000e+00   9.250000   7.743590   7.743590      14.0
2             raw1y  42/1_Run_Means   c    32.074       0.138195       4       2      0.598532  0.130074 -0.000294  1.376625e+02  3.295866e+01  0.160373  0.145724  0.003989  0.610965  2.456038  0.019119   5.416667  1.673470e-10  16.833333   1.166667 -3.000000  -1.166667   1.482143   5.906949     36.3 -7.428698e-01  0.196721  0.181426 -0.024546  1.227493  2.526437  0.055848  3.833333e+00  -0.333333  1.525000e+01  -1.500000 -4.583333e+00  -1.500000   2.251603   2.251603      32.3
19     FaIR_all_unB   43/1_ERF_FaIR   c     8.065       0.089703     121      17     -2.081066  0.195869 -0.117901 -3.329705e+02 -5.014071e+01  0.158878  0.134447 -0.037372  3.318397  3.070686 -0.080039   6.750000  4.833333e+00  15.083333   4.833333 -1.583333   4.833333   5.717262   9.726958     21.2 -2.186172e+02  0.179874  0.147938 -0.065907  2.478786  2.808515 -0.043310  5.166667e+00   4.500000  1.350000e+01   4.500000 -3.166667e+00   4.500000   3.926282   3.926282      20.2
1             lag5y  42/1_Run_Means   c     5.965       0.044330     116      58     -0.105408  0.090087 -0.019057 -2.424375e+01 -1.273262e+02  0.121248  0.111620 -0.032880  4.006716  9.236029 -0.035363   9.041667  2.000000e+00  19.166667   2.000000 -1.083333   2.000000   1.896825   4.497902     21.2 -4.858271e+02  0.174656  0.157228 -0.061415  0.068266  3.476187  0.001365  7.458333e+00   1.666667  1.758333e+01   1.666667 -2.666667e+00   1.666667   2.603632   2.603632      19.2
0            lag10y  42/1_Run_Means   c     2.845       0.039214     132      46      0.296832  0.083083 -0.042743  6.827141e+01 -1.422608e+02  0.119283  0.118837 -0.080780  1.775974  0.256014 -0.092270  11.666667  4.583333e+00  20.833333   4.583333  2.500000   4.583333   4.755952   5.406079     16.2 -3.246992e+02  0.177738  0.156093 -0.109315  5.271146  0.119397 -0.055541  1.008333e+01   4.250000  1.925000e+01   4.250000  9.166667e-01   4.250000   5.064103   5.064103      15.2
8         offset11y  42/1_Run_Means   c     2.651       0.038370     197     138     -2.020581  0.096211  0.062441 -4.647335e+02 -2.056095e+02  0.089718  0.090638  0.019259  6.311571  4.349233  0.007646   0.333333  1.166667e+00   0.333333   1.166667  0.333333   1.166667  -0.779762   4.205474     15.0 -5.728300e+02  0.137182  0.137581 -0.009276  4.825072  6.846639  0.044375 -1.250000e+00   0.833333 -1.250000e+00   0.833333 -1.250000e+00   0.833333   0.576923   0.576923      14.0
17         FaIR_all   43/1_ERF_FaIR   c     7.292       0.005588     160     160 -25046.788377  0.255447 -0.219777 -4.007486e+06 -2.767866e+06  0.281306  0.262497 -0.239516  0.000000  0.000000 -0.239619  13.375000  1.100000e+01  18.833333  11.000000  7.916667  11.000000  13.242063  14.901600     15.2 -3.927539e+06  0.322470  0.271299 -0.268051  0.000000  0.000000 -0.202890  1.179167e+01  10.666667  1.725000e+01  10.666667  6.333333e+00  10.666667  13.831197  13.831197      16.2
4.940423681
finished this run
/oscar/data/deeps/private/bfoxkemp/jnickla1/Thorne_15_codefigurestats/Methods/43_Forcing_Based/1_ERF_FaIR/FaIR_comb_unB_method.py:153: RuntimeWarning: Mean of empty slice
  return np.nanmean(samp_cur[year_idx-1850, :], axis = 1)
/users/jnickla1/.conda/envs/cleanpy/lib/python3.13/site-packages/numpy/lib/_nanfunctions_impl.py:2019: RuntimeWarning: Degrees of freedom <= 0 for slice.
  var = nanvar(a, axis=axis, dtype=dtype, out=out, ddof=ddof,
/oscar/data/deeps/private/bfoxkemp/jnickla1/Thorne_15_codefigurestats/Methods/43_Forcing_Based/1_ERF_FaIR/FaIR_comb_unB_method.py:181: RuntimeWarning: Mean of empty slice
  cdist = np.nanmean(dist)
starting computation for fut_ESM1-2-LR_SSP245_constVolc
max_runs10
Model number:
9




Methods/42_Temp_Alone/1_Run_Means/cent10y_method.py
Methods/42_Temp_Alone/1_Run_Means/cent20y_method.py
Methods/42_Temp_Alone/1_Run_Means/cent21y_method.py
Methods/42_Temp_Alone/1_Run_Means/cent30y_method.py
Methods/42_Temp_Alone/1_Run_Means/lag10y_method.py
Methods/42_Temp_Alone/1_Run_Means/lag5y_method.py
Methods/42_Temp_Alone/1_Run_Means/offset11y_method.py
Methods/42_Temp_Alone/1_Run_Means/raw1y_method.py
Methods/43_Forcing_Based/1_ERF_FaIR/FaIR_all_method.py
Methods/43_Forcing_Based/1_ERF_FaIR/FaIR_all_unB_method.py
Methods/43_Forcing_Based/1_ERF_FaIR/FaIR_anthro_method.py
Methods/43_Forcing_Based/1_ERF_FaIR/FaIR_anthro_unB_method.py
Methods/43_Forcing_Based/1_ERF_FaIR/FaIR_comb_unB_method.py
Methods/43_Forcing_Based/1_ERF_FaIR/FaIR_nonat_method.py
Methods/43_Forcing_Based/1_ERF_FaIR/FaIR_nonat_unB_method.py
evaluating 14 of 0.1°C thresholds, starting at 1.1°C
11
FaIR_anthro sampled, d llike: 0.047581544646286056
FaIR_anthro sampled, d llike: -4.767428502286728
FaIR_anthro_unB sampled, d llike: 0.04923497637827712
FaIR_anthro_unB sampled, d llike: -3.7447838626465115
FaIR_nonat sampled, d llike: -0.05293189823523736
FaIR_nonat sampled, d llike: -0.03760504613847615
FaIR_nonat_unB sampled, d llike: -0.04522192733812336
FaIR_nonat_unB sampled, d llike: -0.04056359082743599
FaIR_all sampled, d llike: -1545.6005448713042
FaIR_all sampled, d llike: -0.05155009630668794
FaIR_all_unB sampled, d llike: -0.02933822757310911
FaIR_all_unB sampled, d llike: -0.04195655789268726
FaIR_comb_unB sampled, d llike: -0.03957759257718241
FaIR_comb_unB sampled, d llike: -0.030193297340397635
        method_name    method_class c/r  smooth_r  avg_unc.(1se)  #q<0.5  #q<0.1   log-likeli       RMS      bias         tlog-l       100log-l    100RMS     75RMS   100bias       l15        l20    bias50   Edyrs15       Edyrs20   Mdyrs15       Mdyrs20   Fdyrs15       Fdyrs20    EdyrsA   RMSyrsA  ncEdyrs      e100log-l   e100RMS    e75RMS  e100bias      el15       el20   ebias50  eEdyrs15  eEdyrs20  eMdyrs15  eMdyrs20  eFdyrs15  eFdyrs20   eEdyrsA  eRMSyrsA  nceEdyrs
8         offset11y  42/1_Run_Means   c     2.827       0.036781     159      94    -0.165146  0.079634  0.059115     -38.148621     146.959667  0.041068  0.042727  0.020698  8.441769   7.276205  0.035084 -0.833333 -1.083333e+00 -0.833333 -1.083333e+00 -0.833333 -1.083333e+00 -1.696429  2.972343     14.0     128.012675  0.047688  0.051351  0.022176  7.735993   4.736908  0.046294 -0.166667 -1.833333 -0.166667 -1.833333 -0.166667 -1.833333 -1.625000  1.625000      14.0
21    FaIR_comb_unB   43/1_ERF_FaIR   c     2.527       0.073462       0       0     1.456704  0.045426 -0.008792     228.702531     137.268657  0.037718  0.035220  0.004197  4.537429   4.461237 -0.019249 -1.583333  2.000000e+00 -1.583333  2.000000e+00 -1.583333  2.000000e+00 -0.404762  2.047065     14.0     140.637384  0.029471  0.024655  0.005675  5.087237   4.444416 -0.008039 -0.916667  1.250000 -0.916667  1.250000 -0.916667  1.250000 -0.333333  0.333333      14.0
15   FaIR_nonat_unB   43/1_ERF_FaIR   c     2.467       0.083374       0       0     1.297349  0.054685 -0.005927     208.873230     125.596584  0.042266  0.037545  0.015294  3.556469   4.297532 -0.010502 -2.416667  1.416667e+00 -2.416667  1.416667e+00 -2.416667  1.416667e+00 -0.988095  2.330994     14.0     128.115921  0.034669  0.027116  0.016772  4.318434   3.780093  0.000708 -1.750000  0.666667 -1.750000  0.666667 -1.750000  0.666667 -0.916667  0.916667      14.0
19     FaIR_all_unB   43/1_ERF_FaIR   c     3.974       0.086183       0       0     1.291318  0.055308 -0.005649     207.902148     123.339561  0.043454  0.042680 -0.006470  4.024317   3.919432 -0.041409 -1.083333  3.250000e+00 -1.083333  3.250000e+00 -1.083333  3.250000e+00  0.452381  2.612119     16.0     126.005680  0.036424  0.032928 -0.004992  4.326951   3.469231 -0.030199 -0.416667  2.500000 -0.416667  2.500000 -0.416667  2.500000  0.523810  0.523810      16.0
11  FaIR_anthro_unB   43/1_ERF_FaIR   c     1.718       0.085597      38       0     0.892060  0.081242 -0.029013     143.621726     120.053035  0.044497  0.040654  0.011503  3.779475   3.676498 -0.020436 -2.833333  1.750000e+00 -2.833333  1.750000e+00 -2.833333  1.750000e+00 -0.714286  2.554175     14.0     122.153853  0.035793  0.028766  0.012981  3.700341   3.801154 -0.009226 -2.166667  1.000000 -2.166667  1.000000 -2.166667  1.000000 -0.642857  0.642857      14.0
9       FaIR_anthro   43/1_ERF_FaIR   c     1.745       0.085620      38       0     0.884208  0.081943 -0.029423     142.357442     119.442149  0.046661  0.042740  0.010805  3.680958   3.665397 -0.025830 -3.083333  1.833333e+00 -3.083333  1.833333e+00 -3.083333  1.833333e+00 -0.529762  2.997436     14.0     121.652810  0.038022  0.030533  0.012283  3.715393   3.801026 -0.014620 -2.416667  1.083333 -2.416667  1.083333 -2.416667  1.083333 -0.458333  0.458333      14.0
1             lag5y  42/1_Run_Means   c     5.959       0.047831      57      21     1.041666  0.056221 -0.022096     240.624945     110.100045  0.059540  0.064250 -0.034780  5.529344   9.256740 -0.024755 -0.333333 -5.000000e-01 -2.416667 -5.000000e-01 -2.416667 -5.000000e-01  1.994048  2.638758     20.2     101.337421  0.062977  0.068878 -0.033302  6.705569   9.422966 -0.013545  0.333333 -1.250000  2.416667 -1.250000 -1.750000 -1.250000  2.065476  2.065476      20.2
13       FaIR_nonat   43/1_ERF_FaIR   c     2.561       0.104061       0       0     1.127593  0.058412 -0.007760     181.542418     108.147849  0.045893  0.040437  0.015047  3.016649   3.484539 -0.019238 -2.583333  1.666667e+00 -2.583333  1.666667e+00 -2.583333  1.666667e+00 -0.940476  2.555922     14.0     109.752328  0.038271  0.028905  0.016525  3.511682   3.012353 -0.008028 -1.916667  0.916667 -1.916667  0.916667 -1.916667  0.916667 -0.869048  0.869048      14.0
2             raw1y  42/1_Run_Means   c    31.806       0.120248       0       0     0.761381  0.110838 -0.002905     175.879122      69.990717  0.112160  0.119839 -0.002515  1.854343   3.066505  0.002694 -0.055556 -1.200000e+00 -5.666667 -6.916667e+00 -5.666667 -6.916667e+00 -0.384226  1.947850     53.3      70.067137  0.112065  0.119728 -0.001037  2.937079   3.188189  0.013904  0.611111 -1.950000  5.750000 -7.666667 -5.000000 -7.666667 -0.312798  0.312798      53.3
0            lag10y  42/1_Run_Means   c     3.260       0.037918     159      52     0.599705  0.068556 -0.046152     138.531862     -66.582464  0.087672  0.088636 -0.080006  1.240631   3.530836 -0.066049  2.166667  1.916667e+00  2.166667  1.916667e+00  2.166667  1.916667e+00  4.336310  4.713795     15.0     -70.683462  0.089602  0.092940 -0.078528  2.089207   6.965697 -0.054839  2.833333  1.166667  2.833333  1.166667  2.833333  1.166667  4.407738  4.407738      15.0
17         FaIR_all   43/1_ERF_FaIR   c     3.405       0.005575     148     135 -1700.096254  0.073158  0.021018 -273715.496839 -180800.237625  0.073691  0.055836  0.051662  0.000000  87.992126  0.002882 -4.666667  1.659828e-10 -4.666667  1.659828e-10 -4.666667  1.659828e-10 -3.089286  4.361800     15.0 -170797.865297  0.070355  0.047071  0.053140  0.000000  78.687306  0.014092 -4.000000 -0.750000 -4.000000 -0.750000 -4.000000 -0.750000 -3.017857  3.017857      15.0
5.520361034
finished this run
/oscar/data/deeps/private/bfoxkemp/jnickla1/Thorne_15_codefigurestats/Methods/43_Forcing_Based/1_ERF_FaIR/FaIR_all_unB_method.py:90: RuntimeWarning: Mean of empty slice
  return np.nanmean(samp_cur[year_idx-1850, :], axis = 1)
/users/jnickla1/.conda/envs/cleanpy/lib/python3.13/site-packages/numpy/lib/_nanfunctions_impl.py:2019: RuntimeWarning: Degrees of freedom <= 0 for slice.
  var = nanvar(a, axis=axis, dtype=dtype, out=out, ddof=ddof,
/oscar/data/deeps/private/bfoxkemp/jnickla1/Thorne_15_codefigurestats/Methods/43_Forcing_Based/1_ERF_FaIR/FaIR_all_unB_method.py:118: RuntimeWarning: Mean of empty slice
  cdist = np.nanmean(dist)
/oscar/data/deeps/private/bfoxkemp/jnickla1/Thorne_15_codefigurestats/Methods/43_Forcing_Based/1_ERF_FaIR/FaIR_comb_unB_method.py:153: RuntimeWarning: Mean of empty slice
  return np.nanmean(samp_cur[year_idx-1850, :], axis = 1)
/users/jnickla1/.conda/envs/cleanpy/lib/python3.13/site-packages/numpy/lib/_nanfunctions_impl.py:2019: RuntimeWarning: Degrees of freedom <= 0 for slice.
  var = nanvar(a, axis=axis, dtype=dtype, out=out, ddof=ddof,
/oscar/data/deeps/private/bfoxkemp/jnickla1/Thorne_15_codefigurestats/Methods/43_Forcing_Based/1_ERF_FaIR/FaIR_comb_unB_method.py:181: RuntimeWarning: Mean of empty slice
  cdist = np.nanmean(dist)
starting computation for fut_ESM1-2-LR_SSP370_constVolc
max_runs10
Model number:
9




Methods/42_Temp_Alone/1_Run_Means/cent10y_method.py
Methods/42_Temp_Alone/1_Run_Means/cent20y_method.py
Methods/42_Temp_Alone/1_Run_Means/cent21y_method.py
Methods/42_Temp_Alone/1_Run_Means/cent30y_method.py
Methods/42_Temp_Alone/1_Run_Means/lag10y_method.py
Methods/42_Temp_Alone/1_Run_Means/lag5y_method.py
Methods/42_Temp_Alone/1_Run_Means/offset11y_method.py
Methods/42_Temp_Alone/1_Run_Means/raw1y_method.py
Methods/43_Forcing_Based/1_ERF_FaIR/FaIR_all_method.py
Methods/43_Forcing_Based/1_ERF_FaIR/FaIR_all_unB_method.py
Methods/43_Forcing_Based/1_ERF_FaIR/FaIR_anthro_method.py
Methods/43_Forcing_Based/1_ERF_FaIR/FaIR_anthro_unB_method.py
Methods/43_Forcing_Based/1_ERF_FaIR/FaIR_comb_unB_method.py
Methods/43_Forcing_Based/1_ERF_FaIR/FaIR_nonat_method.py
Methods/43_Forcing_Based/1_ERF_FaIR/FaIR_nonat_unB_method.py
evaluating 23 of 0.1°C thresholds, starting at 1.1°C
11
FaIR_anthro sampled, d llike: 0.04810830813242328
FaIR_anthro sampled, d llike: -3.969952040437449
FaIR_anthro_unB sampled, d llike: 0.04361705945800687
FaIR_anthro_unB sampled, d llike: -3.687996894442862
FaIR_nonat sampled, d llike: -0.05109392030133253
FaIR_nonat sampled, d llike: -0.0214735143737671
FaIR_nonat_unB sampled, d llike: -0.03664638241404439
FaIR_nonat_unB sampled, d llike: -0.03952593912863411
FaIR_all sampled, d llike: -1366.7150223225183
FaIR_all sampled, d llike: -0.03374265601969251
FaIR_all_unB sampled, d llike: -0.0384432810042179
FaIR_all_unB sampled, d llike: -0.02851822077982691
FaIR_comb_unB sampled, d llike: -0.04153712034368606
FaIR_comb_unB sampled, d llike: -1.0206148552822636
        method_name    method_class c/r  smooth_r  avg_unc.(1se)  #q<0.5  #q<0.1   log-likeli       RMS      bias         tlog-l       100log-l    100RMS     75RMS   100bias        l15            l20    bias50   Edyrs15   Edyrs20   Mdyrs15   Mdyrs20   Fdyrs15   Fdyrs20    EdyrsA   RMSyrsA  ncEdyrs      e100log-l   e100RMS    e75RMS  e100bias       el15      el20   ebias50  eEdyrs15  eEdyrs20  eMdyrs15  eMdyrs20  eFdyrs15  eFdyrs20   eEdyrsA  eRMSyrsA  nceEdyrs
8         offset11y  42/1_Run_Means   c     2.825       0.040016     166      88    -0.149209  0.081895  0.038519     -34.467298     150.640990  0.051122  0.058419 -0.031586  18.239368   3.820457e+00 -0.048680 -0.416667  1.166667 -0.416667  1.166667 -0.416667  1.166667  1.130435  1.726813     24.0     142.946497  0.045982  0.048898 -0.008400  21.415251  5.911790 -0.021998 -0.166667 -0.250000 -0.166667 -0.250000 -0.166667 -0.250000  0.260870  0.260870      24.0
21    FaIR_comb_unB   43/1_ERF_FaIR   c     2.051       0.072299       0       0     1.424542  0.050669 -0.007902     223.653025     132.428383  0.047392  0.051914  0.005811   4.698188   3.232030e+00  0.007669 -2.083333  1.750000 -2.083333  1.750000 -2.083333  1.750000 -0.239130  1.728211     23.0     132.742412  0.047854  0.047913  0.028998   4.898948  5.466859  0.034351 -1.833333  0.333333 -1.833333  0.333333 -1.833333  0.333333 -1.108696  1.108696      23.0
15   FaIR_nonat_unB   43/1_ERF_FaIR   c     1.944       0.082056       0       0     1.285722  0.059210 -0.002120     207.001298     123.029121  0.051521  0.054898  0.022272   3.846627   3.541474e+00  0.026313 -3.500000  1.166667 -3.500000  1.166667 -3.500000  1.166667 -0.858696  1.975621     23.0     116.817478  0.060006  0.060380  0.045458   4.072385  4.716012  0.052995 -3.250000 -0.250000 -3.250000 -0.250000 -3.250000 -0.250000 -1.728261  1.728261      23.0
19     FaIR_all_unB   43/1_ERF_FaIR   c     3.331       0.084817       0       0     1.271595  0.058423 -0.005034     204.726716     120.210033  0.049977  0.054020 -0.005653   4.364896   2.847950e+00 -0.014612 -0.916667  2.166667 -0.916667  2.166667 -0.916667  2.166667  0.242754  1.815875     24.0     123.711691  0.045422  0.042293  0.017534   4.416359  4.475691  0.012070 -0.666667  0.750000 -0.666667  0.750000 -0.666667  0.750000 -0.626812  0.626812      24.0
11  FaIR_anthro_unB   43/1_ERF_FaIR   c     1.715       0.084422      39       0     0.889777  0.083125 -0.025724     143.254095     120.169433  0.049629  0.052731  0.017239   3.513856   3.321867e+00  0.014864 -4.083333  1.500000 -4.083333  1.500000 -4.083333  1.500000 -0.637681  1.969575     23.0     117.327756  0.055311  0.054350  0.040425   3.761305  4.190121  0.041546 -3.833333  0.083333 -3.833333  0.083333 -3.833333  0.083333 -1.507246  1.507246      23.0
9       FaIR_anthro   43/1_ERF_FaIR   c     1.716       0.084354      39       0     0.869212  0.084945 -0.044894     139.943074     117.013781  0.054788  0.060548 -0.016639   4.211027   2.175719e+00 -0.043507 -2.583333  2.416667 -2.583333  2.416667 -2.583333  2.416667  0.634058  2.071998     24.0     123.557180  0.046201  0.043520  0.006547   4.326346  3.737688 -0.016825 -2.333333  1.000000 -2.333333  1.000000 -2.333333  1.000000 -0.235507  0.235507      24.0
13       FaIR_nonat   43/1_ERF_FaIR   c     1.990       0.102417       0       0     1.129007  0.061176 -0.022395     181.770074     107.671058  0.051426  0.055682 -0.010541   3.606929   2.399882e+00 -0.032782 -1.833333  2.250000 -1.833333  2.250000 -1.833333  2.250000  0.452899  1.895122     24.0     110.803392  0.046727  0.042595  0.012645   3.671133  3.716738 -0.006100 -1.583333  0.833333 -1.583333  0.833333 -1.583333  0.833333 -0.416667  0.416667      24.0
2             raw1y  42/1_Run_Means   c    29.878       0.124017       0       0     0.721968  0.115177 -0.004165     166.774574      61.539692  0.122756  0.132559 -0.005716   2.843363   1.908260e+00 -0.012153  4.388889 -2.666667  7.750000 -4.750000  0.083333 -4.750000 -0.076993  1.832350     57.3      55.867758  0.129498  0.141199  0.017471   2.726665  0.998672  0.014529  4.638889 -4.083333  8.000000 -6.166667  0.333333 -6.166667 -0.946558  0.946558      57.3
1             lag5y  42/1_Run_Means   c     5.586       0.049679      68      31     0.651785  0.067251 -0.031903     150.562243      20.037342  0.083679  0.090524 -0.059676   0.000222   9.446238e+00 -0.069739  1.666667 -0.583333  1.666667 -0.583333  1.666667 -0.583333  2.155797  2.689357     27.0      59.182983  0.074788  0.082741 -0.036490   0.000043  4.116644 -0.043057  1.916667 -2.000000  1.916667 -2.000000  1.916667 -2.000000  1.286232  1.286232      27.0
0            lag10y  42/1_Run_Means   c     2.995       0.040992     170      96    -0.233575  0.093540 -0.065069     -53.955853    -259.070178  0.134039  0.145264 -0.128028   0.000153   5.707006e-01 -0.142638  5.750000  2.666667  5.750000  2.666667  5.750000  2.666667  4.648551  4.758510     23.0    -104.867492  0.114499  0.124941 -0.104841   0.000022  3.070390 -0.115956  6.000000  1.250000  6.000000  1.250000  6.000000  1.250000  3.778986  3.778986      23.0
17         FaIR_all   43/1_ERF_FaIR   c     2.928       0.005601     151     139 -1501.876590  0.069428  0.008999 -241802.130931 -150459.306703  0.067022  0.055275  0.030207   0.000000  1.922787e-163 -0.004096 -6.750000  0.833333 -6.750000  0.833333 -6.750000  0.833333 -0.894928  2.764455     23.0 -208256.398060  0.076368  0.057976  0.053393   0.000000  3.232224  0.022586 -6.500000 -0.583333 -6.500000 -0.583333 -6.500000 -0.583333 -1.764493  1.764493      23.0
6.776409983000001
finished this run
All processes completed.
