/oscar/data/deeps/private/bfoxkemp/jnickla1/Thorne_15_codefigurestats/fut_evaluation_gen_ensemble.py:20: RuntimeWarning: Mean of empty slice
  return np.nanmean(standards_np,axis=0)
/oscar/data/deeps/private/bfoxkemp/jnickla1/Thorne_15_codefigurestats/fut_evaluation_gen_ensemble.py:20: RuntimeWarning: Mean of empty slice
  return np.nanmean(standards_np,axis=0)
/oscar/data/deeps/private/bfoxkemp/jnickla1/Thorne_15_codefigurestats/fut_evaluation_gen_ensemble.py:20: RuntimeWarning: Mean of empty slice
  return np.nanmean(standards_np,axis=0)
/oscar/data/deeps/private/bfoxkemp/jnickla1/Thorne_15_codefigurestats/fut_evaluation_gen_ensemble.py:20: RuntimeWarning: Mean of empty slice
  return np.nanmean(standards_np,axis=0)
/oscar/data/deeps/private/bfoxkemp/jnickla1/Thorne_15_codefigurestats/fut_evaluation_gen_ensemble.py:20: RuntimeWarning: Mean of empty slice
  return np.nanmean(standards_np,axis=0)
/oscar/data/deeps/private/bfoxkemp/jnickla1/Thorne_15_codefigurestats/Methods/43_Forcing_Based/1_ERF_FaIR/FaIR_all_method.py:53: RuntimeWarning: Mean of empty slice
  samp_mean =  np.nanmean(samp_cur, axis = 1)
/oscar/data/deeps/private/bfoxkemp/jnickla1/Thorne_15_codefigurestats/Methods/43_Forcing_Based/1_ERF_FaIR/FaIR_all_unB_method.py:70: RuntimeWarning: Mean of empty slice
  samp_mean =  np.nanmean(samp_cur, axis = 1)
/oscar/data/deeps/private/bfoxkemp/jnickla1/Thorne_15_codefigurestats/Methods/43_Forcing_Based/1_ERF_FaIR/FaIR_all_method.py:53: RuntimeWarning: Mean of empty slice
  samp_mean =  np.nanmean(samp_cur, axis = 1)
/oscar/data/deeps/private/bfoxkemp/jnickla1/Thorne_15_codefigurestats/Methods/43_Forcing_Based/1_ERF_FaIR/FaIR_all_unB_method.py:70: RuntimeWarning: Mean of empty slice
  samp_mean =  np.nanmean(samp_cur, axis = 1)
/oscar/data/deeps/private/bfoxkemp/jnickla1/Thorne_15_codefigurestats/Methods/43_Forcing_Based/1_ERF_FaIR/FaIR_anthro_method.py:53: RuntimeWarning: Mean of empty slice
  samp_mean =  np.nanmean(samp_cur, axis = 1)
/oscar/data/deeps/private/bfoxkemp/jnickla1/Thorne_15_codefigurestats/Methods/43_Forcing_Based/1_ERF_FaIR/FaIR_anthro_unB_method.py:70: RuntimeWarning: Mean of empty slice
  samp_mean =  np.nanmean(samp_cur, axis = 1)
/oscar/data/deeps/private/bfoxkemp/jnickla1/Thorne_15_codefigurestats/Methods/43_Forcing_Based/1_ERF_FaIR/FaIR_anthro_method.py:53: RuntimeWarning: Mean of empty slice
  samp_mean =  np.nanmean(samp_cur, axis = 1)
/oscar/data/deeps/private/bfoxkemp/jnickla1/Thorne_15_codefigurestats/Methods/43_Forcing_Based/1_ERF_FaIR/FaIR_anthro_unB_method.py:70: RuntimeWarning: Mean of empty slice
  samp_mean =  np.nanmean(samp_cur, axis = 1)
/oscar/data/deeps/private/bfoxkemp/jnickla1/Thorne_15_codefigurestats/Methods/43_Forcing_Based/1_ERF_FaIR/FaIR_comb_unB_method.py:70: RuntimeWarning: Mean of empty slice
  samp_mean =  np.nanmean(samp_cur, axis = 1)
/oscar/data/deeps/private/bfoxkemp/jnickla1/Thorne_15_codefigurestats/Methods/43_Forcing_Based/1_ERF_FaIR/FaIR_comb_unB_method.py:126: RuntimeWarning: Mean of empty slice
  samp_meanAll =  np.nanmean(samp_curAll, axis = 1)
/oscar/data/deeps/private/bfoxkemp/jnickla1/Thorne_15_codefigurestats/Methods/43_Forcing_Based/1_ERF_FaIR/FaIR_comb_unB_method.py:70: RuntimeWarning: Mean of empty slice
  samp_mean =  np.nanmean(samp_cur, axis = 1)
/oscar/data/deeps/private/bfoxkemp/jnickla1/Thorne_15_codefigurestats/Methods/43_Forcing_Based/1_ERF_FaIR/FaIR_comb_unB_method.py:126: RuntimeWarning: Mean of empty slice
  samp_meanAll =  np.nanmean(samp_curAll, axis = 1)
/oscar/data/deeps/private/bfoxkemp/jnickla1/Thorne_15_codefigurestats/Methods/43_Forcing_Based/1_ERF_FaIR/FaIR_nonat_method.py:53: RuntimeWarning: Mean of empty slice
  samp_mean =  np.nanmean(samp_cur, axis = 1)
/oscar/data/deeps/private/bfoxkemp/jnickla1/Thorne_15_codefigurestats/Methods/43_Forcing_Based/1_ERF_FaIR/FaIR_nonat_method.py:53: RuntimeWarning: Mean of empty slice
  samp_mean =  np.nanmean(samp_cur, axis = 1)
/oscar/data/deeps/private/bfoxkemp/jnickla1/Thorne_15_codefigurestats/Methods/43_Forcing_Based/1_ERF_FaIR/FaIR_nonat_unB_method.py:72: RuntimeWarning: Mean of empty slice
  samp_mean =  np.nanmean(samp_cur, axis = 1)
/oscar/data/deeps/private/bfoxkemp/jnickla1/Thorne_15_codefigurestats/Methods/43_Forcing_Based/1_ERF_FaIR/FaIR_all_method.py:68: RuntimeWarning: Mean of empty slice
  return np.nanmean(samp_cur[year_idx-1850, :], axis = 1)
/oscar/data/deeps/private/bfoxkemp/jnickla1/Thorne_15_codefigurestats/Methods/43_Forcing_Based/1_ERF_FaIR/FaIR_nonat_unB_method.py:72: RuntimeWarning: Mean of empty slice
  samp_mean =  np.nanmean(samp_cur, axis = 1)
/users/jnickla1/.conda/envs/cleanpy/lib/python3.13/site-packages/numpy/lib/_nanfunctions_impl.py:2019: RuntimeWarning: Degrees of freedom <= 0 for slice.
  var = nanvar(a, axis=axis, dtype=dtype, out=out, ddof=ddof,
/oscar/data/deeps/private/bfoxkemp/jnickla1/Thorne_15_codefigurestats/Methods/43_Forcing_Based/1_ERF_FaIR/FaIR_all_unB_method.py:90: RuntimeWarning: Mean of empty slice
  return np.nanmean(samp_cur[year_idx-1850, :], axis = 1)
/oscar/data/deeps/private/bfoxkemp/jnickla1/Thorne_15_codefigurestats/Methods/43_Forcing_Based/1_ERF_FaIR/FaIR_anthro_method.py:67: RuntimeWarning: Mean of empty slice
  return np.nanmean(samp_cur[year_idx-1850, :], axis = 1)
/oscar/data/deeps/private/bfoxkemp/jnickla1/Thorne_15_codefigurestats/Methods/43_Forcing_Based/1_ERF_FaIR/FaIR_anthro_unB_method.py:89: RuntimeWarning: Mean of empty slice
  return np.nanmean(samp_cur[year_idx-1850, :], axis = 1)
/oscar/data/deeps/private/bfoxkemp/jnickla1/Thorne_15_codefigurestats/Methods/43_Forcing_Based/1_ERF_FaIR/FaIR_all_method.py:68: RuntimeWarning: Mean of empty slice
  return np.nanmean(samp_cur[year_idx-1850, :], axis = 1)
/users/jnickla1/.conda/envs/cleanpy/lib/python3.13/site-packages/numpy/lib/_nanfunctions_impl.py:2019: RuntimeWarning: Degrees of freedom <= 0 for slice.
  var = nanvar(a, axis=axis, dtype=dtype, out=out, ddof=ddof,
/oscar/data/deeps/private/bfoxkemp/jnickla1/Thorne_15_codefigurestats/Methods/43_Forcing_Based/1_ERF_FaIR/FaIR_all_unB_method.py:90: RuntimeWarning: Mean of empty slice
  return np.nanmean(samp_cur[year_idx-1850, :], axis = 1)
/oscar/data/deeps/private/bfoxkemp/jnickla1/Thorne_15_codefigurestats/Methods/43_Forcing_Based/1_ERF_FaIR/FaIR_comb_unB_method.py:152: RuntimeWarning: Mean of empty slice
  return np.nanmean(samp_cur[year_idx-1850, :], axis = 1)
/oscar/data/deeps/private/bfoxkemp/jnickla1/Thorne_15_codefigurestats/Methods/43_Forcing_Based/1_ERF_FaIR/FaIR_nonat_method.py:68: RuntimeWarning: Mean of empty slice
  return np.nanmean(samp_cur[year_idx-1850, :], axis = 1)
/oscar/data/deeps/private/bfoxkemp/jnickla1/Thorne_15_codefigurestats/Methods/43_Forcing_Based/1_ERF_FaIR/FaIR_anthro_method.py:67: RuntimeWarning: Mean of empty slice
  return np.nanmean(samp_cur[year_idx-1850, :], axis = 1)
/oscar/data/deeps/private/bfoxkemp/jnickla1/Thorne_15_codefigurestats/Methods/43_Forcing_Based/1_ERF_FaIR/FaIR_nonat_unB_method.py:92: RuntimeWarning: Mean of empty slice
  return np.nanmean(samp_cur[year_idx-1850, :], axis = 1)
/oscar/data/deeps/private/bfoxkemp/jnickla1/Thorne_15_codefigurestats/Methods/43_Forcing_Based/1_ERF_FaIR/FaIR_anthro_unB_method.py:89: RuntimeWarning: Mean of empty slice
  return np.nanmean(samp_cur[year_idx-1850, :], axis = 1)
/oscar/data/deeps/private/bfoxkemp/jnickla1/Thorne_15_codefigurestats/Methods/43_Forcing_Based/1_ERF_FaIR/FaIR_comb_unB_method.py:152: RuntimeWarning: Mean of empty slice
  return np.nanmean(samp_cur[year_idx-1850, :], axis = 1)
/oscar/data/deeps/private/bfoxkemp/jnickla1/Thorne_15_codefigurestats/Methods/43_Forcing_Based/1_ERF_FaIR/FaIR_nonat_method.py:68: RuntimeWarning: Mean of empty slice
  return np.nanmean(samp_cur[year_idx-1850, :], axis = 1)
/oscar/data/deeps/private/bfoxkemp/jnickla1/Thorne_15_codefigurestats/Methods/43_Forcing_Based/1_ERF_FaIR/FaIR_nonat_unB_method.py:92: RuntimeWarning: Mean of empty slice
  return np.nanmean(samp_cur[year_idx-1850, :], axis = 1)
/oscar/data/deeps/private/bfoxkemp/jnickla1/Thorne_15_codefigurestats/Methods/43_Forcing_Based/1_ERF_FaIR/FaIR_anthro_method.py:67: RuntimeWarning: Mean of empty slice
  return np.nanmean(samp_cur[year_idx-1850, :], axis = 1)
/oscar/data/deeps/private/bfoxkemp/jnickla1/Thorne_15_codefigurestats/Methods/43_Forcing_Based/1_ERF_FaIR/FaIR_anthro_unB_method.py:89: RuntimeWarning: Mean of empty slice
  return np.nanmean(samp_cur[year_idx-1850, :], axis = 1)
/oscar/data/deeps/private/bfoxkemp/jnickla1/Thorne_15_codefigurestats/Methods/43_Forcing_Based/1_ERF_FaIR/FaIR_nonat_method.py:68: RuntimeWarning: Mean of empty slice
  return np.nanmean(samp_cur[year_idx-1850, :], axis = 1)
/oscar/data/deeps/private/bfoxkemp/jnickla1/Thorne_15_codefigurestats/Methods/43_Forcing_Based/1_ERF_FaIR/FaIR_nonat_unB_method.py:92: RuntimeWarning: Mean of empty slice
  return np.nanmean(samp_cur[year_idx-1850, :], axis = 1)
/oscar/data/deeps/private/bfoxkemp/jnickla1/Thorne_15_codefigurestats/Methods/43_Forcing_Based/1_ERF_FaIR/FaIR_all_method.py:68: RuntimeWarning: Mean of empty slice
  return np.nanmean(samp_cur[year_idx-1850, :], axis = 1)
/oscar/data/deeps/private/bfoxkemp/jnickla1/Thorne_15_codefigurestats/Methods/43_Forcing_Based/1_ERF_FaIR/FaIR_all_unB_method.py:90: RuntimeWarning: Mean of empty slice
  return np.nanmean(samp_cur[year_idx-1850, :], axis = 1)
/oscar/data/deeps/private/bfoxkemp/jnickla1/Thorne_15_codefigurestats/Methods/43_Forcing_Based/1_ERF_FaIR/FaIR_comb_unB_method.py:152: RuntimeWarning: Mean of empty slice
  return np.nanmean(samp_cur[year_idx-1850, :], axis = 1)
/oscar/data/deeps/private/bfoxkemp/jnickla1/Thorne_15_codefigurestats/Methods/43_Forcing_Based/1_ERF_FaIR/FaIR_anthro_method.py:67: RuntimeWarning: Mean of empty slice
  return np.nanmean(samp_cur[year_idx-1850, :], axis = 1)
/oscar/data/deeps/private/bfoxkemp/jnickla1/Thorne_15_codefigurestats/Methods/43_Forcing_Based/1_ERF_FaIR/FaIR_anthro_unB_method.py:89: RuntimeWarning: Mean of empty slice
  return np.nanmean(samp_cur[year_idx-1850, :], axis = 1)
/oscar/data/deeps/private/bfoxkemp/jnickla1/Thorne_15_codefigurestats/Methods/43_Forcing_Based/1_ERF_FaIR/FaIR_nonat_method.py:68: RuntimeWarning: Mean of empty slice
  return np.nanmean(samp_cur[year_idx-1850, :], axis = 1)
/oscar/data/deeps/private/bfoxkemp/jnickla1/Thorne_15_codefigurestats/Methods/43_Forcing_Based/1_ERF_FaIR/FaIR_nonat_unB_method.py:92: RuntimeWarning: Mean of empty slice
  return np.nanmean(samp_cur[year_idx-1850, :], axis = 1)
/oscar/data/deeps/private/bfoxkemp/jnickla1/Thorne_15_codefigurestats/Methods/43_Forcing_Based/1_ERF_FaIR/FaIR_all_method.py:68: RuntimeWarning: Mean of empty slice
  return np.nanmean(samp_cur[year_idx-1850, :], axis = 1)
/oscar/data/deeps/private/bfoxkemp/jnickla1/Thorne_15_codefigurestats/Methods/43_Forcing_Based/1_ERF_FaIR/FaIR_all_unB_method.py:90: RuntimeWarning: Mean of empty slice
  return np.nanmean(samp_cur[year_idx-1850, :], axis = 1)
/oscar/data/deeps/private/bfoxkemp/jnickla1/Thorne_15_codefigurestats/Methods/43_Forcing_Based/1_ERF_FaIR/FaIR_comb_unB_method.py:152: RuntimeWarning: Mean of empty slice
  return np.nanmean(samp_cur[year_idx-1850, :], axis = 1)
/oscar/data/deeps/private/bfoxkemp/jnickla1/Thorne_15_codefigurestats/Methods/43_Forcing_Based/1_ERF_FaIR/FaIR_anthro_method.py:67: RuntimeWarning: Mean of empty slice
  return np.nanmean(samp_cur[year_idx-1850, :], axis = 1)
/users/jnickla1/.conda/envs/cleanpy/lib/python3.13/site-packages/numpy/lib/_nanfunctions_impl.py:2019: RuntimeWarning: Degrees of freedom <= 0 for slice.
  var = nanvar(a, axis=axis, dtype=dtype, out=out, ddof=ddof,
/oscar/data/deeps/private/bfoxkemp/jnickla1/Thorne_15_codefigurestats/Methods/43_Forcing_Based/1_ERF_FaIR/FaIR_anthro_method.py:95: RuntimeWarning: Mean of empty slice
  cdist = np.nanmean(dist)
/oscar/data/deeps/private/bfoxkemp/jnickla1/Thorne_15_codefigurestats/Methods/43_Forcing_Based/1_ERF_FaIR/FaIR_anthro_method.py:67: RuntimeWarning: Mean of empty slice
  return np.nanmean(samp_cur[year_idx-1850, :], axis = 1)
/users/jnickla1/.conda/envs/cleanpy/lib/python3.13/site-packages/numpy/lib/_nanfunctions_impl.py:2019: RuntimeWarning: Degrees of freedom <= 0 for slice.
  var = nanvar(a, axis=axis, dtype=dtype, out=out, ddof=ddof,
/oscar/data/deeps/private/bfoxkemp/jnickla1/Thorne_15_codefigurestats/Methods/43_Forcing_Based/1_ERF_FaIR/FaIR_anthro_method.py:95: RuntimeWarning: Mean of empty slice
  cdist = np.nanmean(dist)
/oscar/data/deeps/private/bfoxkemp/jnickla1/Thorne_15_codefigurestats/Methods/43_Forcing_Based/1_ERF_FaIR/FaIR_all_method.py:53: RuntimeWarning: Mean of empty slice
  samp_mean =  np.nanmean(samp_cur, axis = 1)
/oscar/data/deeps/private/bfoxkemp/jnickla1/Thorne_15_codefigurestats/Methods/43_Forcing_Based/1_ERF_FaIR/FaIR_all_method.py:53: RuntimeWarning: Mean of empty slice
  samp_mean =  np.nanmean(samp_cur, axis = 1)
/oscar/data/deeps/private/bfoxkemp/jnickla1/Thorne_15_codefigurestats/Methods/43_Forcing_Based/1_ERF_FaIR/FaIR_all_unB_method.py:70: RuntimeWarning: Mean of empty slice
  samp_mean =  np.nanmean(samp_cur, axis = 1)
/oscar/data/deeps/private/bfoxkemp/jnickla1/Thorne_15_codefigurestats/Methods/43_Forcing_Based/1_ERF_FaIR/FaIR_all_unB_method.py:70: RuntimeWarning: Mean of empty slice
  samp_mean =  np.nanmean(samp_cur, axis = 1)
/oscar/data/deeps/private/bfoxkemp/jnickla1/Thorne_15_codefigurestats/Methods/43_Forcing_Based/1_ERF_FaIR/FaIR_all_method.py:53: RuntimeWarning: Mean of empty slice
  samp_mean =  np.nanmean(samp_cur, axis = 1)
/oscar/data/deeps/private/bfoxkemp/jnickla1/Thorne_15_codefigurestats/Methods/43_Forcing_Based/1_ERF_FaIR/FaIR_anthro_method.py:53: RuntimeWarning: Mean of empty slice
  samp_mean =  np.nanmean(samp_cur, axis = 1)
/oscar/data/deeps/private/bfoxkemp/jnickla1/Thorne_15_codefigurestats/Methods/43_Forcing_Based/1_ERF_FaIR/FaIR_anthro_method.py:53: RuntimeWarning: Mean of empty slice
  samp_mean =  np.nanmean(samp_cur, axis = 1)
/oscar/data/deeps/private/bfoxkemp/jnickla1/Thorne_15_codefigurestats/Methods/43_Forcing_Based/1_ERF_FaIR/FaIR_all_unB_method.py:70: RuntimeWarning: Mean of empty slice
  samp_mean =  np.nanmean(samp_cur, axis = 1)
/oscar/data/deeps/private/bfoxkemp/jnickla1/Thorne_15_codefigurestats/Methods/43_Forcing_Based/1_ERF_FaIR/FaIR_anthro_unB_method.py:70: RuntimeWarning: Mean of empty slice
  samp_mean =  np.nanmean(samp_cur, axis = 1)
/oscar/data/deeps/private/bfoxkemp/jnickla1/Thorne_15_codefigurestats/Methods/43_Forcing_Based/1_ERF_FaIR/FaIR_anthro_unB_method.py:70: RuntimeWarning: Mean of empty slice
  samp_mean =  np.nanmean(samp_cur, axis = 1)
/oscar/data/deeps/private/bfoxkemp/jnickla1/Thorne_15_codefigurestats/Methods/43_Forcing_Based/1_ERF_FaIR/FaIR_comb_unB_method.py:70: RuntimeWarning: Mean of empty slice
  samp_mean =  np.nanmean(samp_cur, axis = 1)
/oscar/data/deeps/private/bfoxkemp/jnickla1/Thorne_15_codefigurestats/Methods/43_Forcing_Based/1_ERF_FaIR/FaIR_anthro_method.py:53: RuntimeWarning: Mean of empty slice
  samp_mean =  np.nanmean(samp_cur, axis = 1)
/oscar/data/deeps/private/bfoxkemp/jnickla1/Thorne_15_codefigurestats/Methods/43_Forcing_Based/1_ERF_FaIR/FaIR_comb_unB_method.py:70: RuntimeWarning: Mean of empty slice
  samp_mean =  np.nanmean(samp_cur, axis = 1)
/oscar/data/deeps/private/bfoxkemp/jnickla1/Thorne_15_codefigurestats/Methods/43_Forcing_Based/1_ERF_FaIR/FaIR_comb_unB_method.py:126: RuntimeWarning: Mean of empty slice
  samp_meanAll =  np.nanmean(samp_curAll, axis = 1)
/oscar/data/deeps/private/bfoxkemp/jnickla1/Thorne_15_codefigurestats/Methods/43_Forcing_Based/1_ERF_FaIR/FaIR_comb_unB_method.py:126: RuntimeWarning: Mean of empty slice
  samp_meanAll =  np.nanmean(samp_curAll, axis = 1)
/oscar/data/deeps/private/bfoxkemp/jnickla1/Thorne_15_codefigurestats/Methods/43_Forcing_Based/1_ERF_FaIR/FaIR_anthro_unB_method.py:89: RuntimeWarning: Mean of empty slice
  return np.nanmean(samp_cur[year_idx-1850, :], axis = 1)
/users/jnickla1/.conda/envs/cleanpy/lib/python3.13/site-packages/numpy/lib/_nanfunctions_impl.py:2019: RuntimeWarning: Degrees of freedom <= 0 for slice.
  var = nanvar(a, axis=axis, dtype=dtype, out=out, ddof=ddof,
/oscar/data/deeps/private/bfoxkemp/jnickla1/Thorne_15_codefigurestats/Methods/43_Forcing_Based/1_ERF_FaIR/FaIR_anthro_unB_method.py:117: RuntimeWarning: Mean of empty slice
  cdist = np.nanmean(dist)
/oscar/data/deeps/private/bfoxkemp/jnickla1/Thorne_15_codefigurestats/Methods/43_Forcing_Based/1_ERF_FaIR/FaIR_anthro_unB_method.py:89: RuntimeWarning: Mean of empty slice
  return np.nanmean(samp_cur[year_idx-1850, :], axis = 1)
/oscar/data/deeps/private/bfoxkemp/jnickla1/Thorne_15_codefigurestats/Methods/43_Forcing_Based/1_ERF_FaIR/FaIR_anthro_unB_method.py:70: RuntimeWarning: Mean of empty slice
  samp_mean =  np.nanmean(samp_cur, axis = 1)
/users/jnickla1/.conda/envs/cleanpy/lib/python3.13/site-packages/numpy/lib/_nanfunctions_impl.py:2019: RuntimeWarning: Degrees of freedom <= 0 for slice.
  var = nanvar(a, axis=axis, dtype=dtype, out=out, ddof=ddof,
/oscar/data/deeps/private/bfoxkemp/jnickla1/Thorne_15_codefigurestats/Methods/43_Forcing_Based/1_ERF_FaIR/FaIR_anthro_unB_method.py:117: RuntimeWarning: Mean of empty slice
  cdist = np.nanmean(dist)
/oscar/data/deeps/private/bfoxkemp/jnickla1/Thorne_15_codefigurestats/Methods/43_Forcing_Based/1_ERF_FaIR/FaIR_nonat_method.py:53: RuntimeWarning: Mean of empty slice
  samp_mean =  np.nanmean(samp_cur, axis = 1)
/oscar/data/deeps/private/bfoxkemp/jnickla1/Thorne_15_codefigurestats/Methods/43_Forcing_Based/1_ERF_FaIR/FaIR_nonat_method.py:53: RuntimeWarning: Mean of empty slice
  samp_mean =  np.nanmean(samp_cur, axis = 1)
/oscar/data/deeps/private/bfoxkemp/jnickla1/Thorne_15_codefigurestats/Methods/43_Forcing_Based/1_ERF_FaIR/FaIR_comb_unB_method.py:70: RuntimeWarning: Mean of empty slice
  samp_mean =  np.nanmean(samp_cur, axis = 1)
/oscar/data/deeps/private/bfoxkemp/jnickla1/Thorne_15_codefigurestats/Methods/43_Forcing_Based/1_ERF_FaIR/FaIR_comb_unB_method.py:126: RuntimeWarning: Mean of empty slice
  samp_meanAll =  np.nanmean(samp_curAll, axis = 1)
/oscar/data/deeps/private/bfoxkemp/jnickla1/Thorne_15_codefigurestats/Methods/43_Forcing_Based/1_ERF_FaIR/FaIR_nonat_unB_method.py:72: RuntimeWarning: Mean of empty slice
  samp_mean =  np.nanmean(samp_cur, axis = 1)
/oscar/data/deeps/private/bfoxkemp/jnickla1/Thorne_15_codefigurestats/Methods/43_Forcing_Based/1_ERF_FaIR/FaIR_nonat_unB_method.py:72: RuntimeWarning: Mean of empty slice
  samp_mean =  np.nanmean(samp_cur, axis = 1)
/oscar/data/deeps/private/bfoxkemp/jnickla1/Thorne_15_codefigurestats/Methods/43_Forcing_Based/1_ERF_FaIR/FaIR_all_method.py:68: RuntimeWarning: Mean of empty slice
  return np.nanmean(samp_cur[year_idx-1850, :], axis = 1)
/users/jnickla1/.conda/envs/cleanpy/lib/python3.13/site-packages/numpy/lib/_nanfunctions_impl.py:2019: RuntimeWarning: Degrees of freedom <= 0 for slice.
  var = nanvar(a, axis=axis, dtype=dtype, out=out, ddof=ddof,
/oscar/data/deeps/private/bfoxkemp/jnickla1/Thorne_15_codefigurestats/Methods/43_Forcing_Based/1_ERF_FaIR/FaIR_all_unB_method.py:90: RuntimeWarning: Mean of empty slice
  return np.nanmean(samp_cur[year_idx-1850, :], axis = 1)
/oscar/data/deeps/private/bfoxkemp/jnickla1/Thorne_15_codefigurestats/Methods/43_Forcing_Based/1_ERF_FaIR/FaIR_anthro_method.py:67: RuntimeWarning: Mean of empty slice
  return np.nanmean(samp_cur[year_idx-1850, :], axis = 1)
/oscar/data/deeps/private/bfoxkemp/jnickla1/Thorne_15_codefigurestats/Methods/43_Forcing_Based/1_ERF_FaIR/FaIR_all_method.py:68: RuntimeWarning: Mean of empty slice
  return np.nanmean(samp_cur[year_idx-1850, :], axis = 1)
/users/jnickla1/.conda/envs/cleanpy/lib/python3.13/site-packages/numpy/lib/_nanfunctions_impl.py:2019: RuntimeWarning: Degrees of freedom <= 0 for slice.
  var = nanvar(a, axis=axis, dtype=dtype, out=out, ddof=ddof,
/oscar/data/deeps/private/bfoxkemp/jnickla1/Thorne_15_codefigurestats/Methods/43_Forcing_Based/1_ERF_FaIR/FaIR_all_unB_method.py:90: RuntimeWarning: Mean of empty slice
  return np.nanmean(samp_cur[year_idx-1850, :], axis = 1)
/oscar/data/deeps/private/bfoxkemp/jnickla1/Thorne_15_codefigurestats/Methods/43_Forcing_Based/1_ERF_FaIR/FaIR_anthro_unB_method.py:89: RuntimeWarning: Mean of empty slice
  return np.nanmean(samp_cur[year_idx-1850, :], axis = 1)
/oscar/data/deeps/private/bfoxkemp/jnickla1/Thorne_15_codefigurestats/Methods/43_Forcing_Based/1_ERF_FaIR/FaIR_nonat_method.py:53: RuntimeWarning: Mean of empty slice
  samp_mean =  np.nanmean(samp_cur, axis = 1)
/oscar/data/deeps/private/bfoxkemp/jnickla1/Thorne_15_codefigurestats/Methods/43_Forcing_Based/1_ERF_FaIR/FaIR_anthro_method.py:67: RuntimeWarning: Mean of empty slice
  return np.nanmean(samp_cur[year_idx-1850, :], axis = 1)
/oscar/data/deeps/private/bfoxkemp/jnickla1/Thorne_15_codefigurestats/Methods/43_Forcing_Based/1_ERF_FaIR/FaIR_comb_unB_method.py:152: RuntimeWarning: Mean of empty slice
  return np.nanmean(samp_cur[year_idx-1850, :], axis = 1)
/oscar/data/deeps/private/bfoxkemp/jnickla1/Thorne_15_codefigurestats/Methods/43_Forcing_Based/1_ERF_FaIR/FaIR_nonat_method.py:68: RuntimeWarning: Mean of empty slice
  return np.nanmean(samp_cur[year_idx-1850, :], axis = 1)
/oscar/data/deeps/private/bfoxkemp/jnickla1/Thorne_15_codefigurestats/Methods/43_Forcing_Based/1_ERF_FaIR/FaIR_anthro_unB_method.py:89: RuntimeWarning: Mean of empty slice
  return np.nanmean(samp_cur[year_idx-1850, :], axis = 1)
/oscar/data/deeps/private/bfoxkemp/jnickla1/Thorne_15_codefigurestats/Methods/43_Forcing_Based/1_ERF_FaIR/FaIR_nonat_unB_method.py:92: RuntimeWarning: Mean of empty slice
  return np.nanmean(samp_cur[year_idx-1850, :], axis = 1)
/oscar/data/deeps/private/bfoxkemp/jnickla1/Thorne_15_codefigurestats/Methods/43_Forcing_Based/1_ERF_FaIR/FaIR_comb_unB_method.py:152: RuntimeWarning: Mean of empty slice
  return np.nanmean(samp_cur[year_idx-1850, :], axis = 1)
/oscar/data/deeps/private/bfoxkemp/jnickla1/Thorne_15_codefigurestats/Methods/43_Forcing_Based/1_ERF_FaIR/FaIR_nonat_method.py:68: RuntimeWarning: Mean of empty slice
  return np.nanmean(samp_cur[year_idx-1850, :], axis = 1)
/oscar/data/deeps/private/bfoxkemp/jnickla1/Thorne_15_codefigurestats/Methods/43_Forcing_Based/1_ERF_FaIR/FaIR_nonat_unB_method.py:72: RuntimeWarning: Mean of empty slice
  samp_mean =  np.nanmean(samp_cur, axis = 1)
/oscar/data/deeps/private/bfoxkemp/jnickla1/Thorne_15_codefigurestats/Methods/43_Forcing_Based/1_ERF_FaIR/FaIR_anthro_method.py:67: RuntimeWarning: Mean of empty slice
  return np.nanmean(samp_cur[year_idx-1850, :], axis = 1)
/oscar/data/deeps/private/bfoxkemp/jnickla1/Thorne_15_codefigurestats/Methods/43_Forcing_Based/1_ERF_FaIR/FaIR_nonat_unB_method.py:92: RuntimeWarning: Mean of empty slice
  return np.nanmean(samp_cur[year_idx-1850, :], axis = 1)
/oscar/data/deeps/private/bfoxkemp/jnickla1/Thorne_15_codefigurestats/Methods/43_Forcing_Based/1_ERF_FaIR/FaIR_anthro_unB_method.py:89: RuntimeWarning: Mean of empty slice
  return np.nanmean(samp_cur[year_idx-1850, :], axis = 1)
/oscar/data/deeps/private/bfoxkemp/jnickla1/Thorne_15_codefigurestats/Methods/43_Forcing_Based/1_ERF_FaIR/FaIR_nonat_method.py:68: RuntimeWarning: Mean of empty slice
  return np.nanmean(samp_cur[year_idx-1850, :], axis = 1)
/oscar/data/deeps/private/bfoxkemp/jnickla1/Thorne_15_codefigurestats/Methods/43_Forcing_Based/1_ERF_FaIR/FaIR_nonat_unB_method.py:92: RuntimeWarning: Mean of empty slice
  return np.nanmean(samp_cur[year_idx-1850, :], axis = 1)
/oscar/data/deeps/private/bfoxkemp/jnickla1/Thorne_15_codefigurestats/Methods/43_Forcing_Based/1_ERF_FaIR/FaIR_all_method.py:68: RuntimeWarning: Mean of empty slice
  return np.nanmean(samp_cur[year_idx-1850, :], axis = 1)
/oscar/data/deeps/private/bfoxkemp/jnickla1/Thorne_15_codefigurestats/Methods/43_Forcing_Based/1_ERF_FaIR/FaIR_all_unB_method.py:90: RuntimeWarning: Mean of empty slice
  return np.nanmean(samp_cur[year_idx-1850, :], axis = 1)
/oscar/data/deeps/private/bfoxkemp/jnickla1/Thorne_15_codefigurestats/Methods/43_Forcing_Based/1_ERF_FaIR/FaIR_anthro_method.py:67: RuntimeWarning: Mean of empty slice
  return np.nanmean(samp_cur[year_idx-1850, :], axis = 1)
/oscar/data/deeps/private/bfoxkemp/jnickla1/Thorne_15_codefigurestats/Methods/43_Forcing_Based/1_ERF_FaIR/FaIR_comb_unB_method.py:152: RuntimeWarning: Mean of empty slice
  return np.nanmean(samp_cur[year_idx-1850, :], axis = 1)
/oscar/data/deeps/private/bfoxkemp/jnickla1/Thorne_15_codefigurestats/Methods/43_Forcing_Based/1_ERF_FaIR/FaIR_all_method.py:68: RuntimeWarning: Mean of empty slice
  return np.nanmean(samp_cur[year_idx-1850, :], axis = 1)
/oscar/data/deeps/private/bfoxkemp/jnickla1/Thorne_15_codefigurestats/Methods/43_Forcing_Based/1_ERF_FaIR/FaIR_anthro_unB_method.py:89: RuntimeWarning: Mean of empty slice
  return np.nanmean(samp_cur[year_idx-1850, :], axis = 1)
/oscar/data/deeps/private/bfoxkemp/jnickla1/Thorne_15_codefigurestats/Methods/43_Forcing_Based/1_ERF_FaIR/FaIR_nonat_method.py:68: RuntimeWarning: Mean of empty slice
  return np.nanmean(samp_cur[year_idx-1850, :], axis = 1)
/users/jnickla1/.conda/envs/cleanpy/lib/python3.13/site-packages/numpy/lib/_nanfunctions_impl.py:2019: RuntimeWarning: Degrees of freedom <= 0 for slice.
  var = nanvar(a, axis=axis, dtype=dtype, out=out, ddof=ddof,
/oscar/data/deeps/private/bfoxkemp/jnickla1/Thorne_15_codefigurestats/Methods/43_Forcing_Based/1_ERF_FaIR/FaIR_all_unB_method.py:90: RuntimeWarning: Mean of empty slice
  return np.nanmean(samp_cur[year_idx-1850, :], axis = 1)
/oscar/data/deeps/private/bfoxkemp/jnickla1/Thorne_15_codefigurestats/Methods/43_Forcing_Based/1_ERF_FaIR/FaIR_nonat_unB_method.py:92: RuntimeWarning: Mean of empty slice
  return np.nanmean(samp_cur[year_idx-1850, :], axis = 1)
/oscar/data/deeps/private/bfoxkemp/jnickla1/Thorne_15_codefigurestats/fut_evaluation_script.py:464: RuntimeWarning: Mean of empty slice
  evalmean = np.nanmean(diffcrossE) #if crossing multiple times take the mean
/oscar/data/deeps/private/bfoxkemp/jnickla1/Thorne_15_codefigurestats/Methods/43_Forcing_Based/1_ERF_FaIR/FaIR_all_method.py:68: RuntimeWarning: Mean of empty slice
  return np.nanmean(samp_cur[year_idx-1850, :], axis = 1)
/oscar/data/deeps/private/bfoxkemp/jnickla1/Thorne_15_codefigurestats/Methods/43_Forcing_Based/1_ERF_FaIR/FaIR_all_unB_method.py:90: RuntimeWarning: Mean of empty slice
  return np.nanmean(samp_cur[year_idx-1850, :], axis = 1)
/oscar/data/deeps/private/bfoxkemp/jnickla1/Thorne_15_codefigurestats/Methods/43_Forcing_Based/1_ERF_FaIR/FaIR_anthro_method.py:67: RuntimeWarning: Mean of empty slice
  return np.nanmean(samp_cur[year_idx-1850, :], axis = 1)
/oscar/data/deeps/private/bfoxkemp/jnickla1/Thorne_15_codefigurestats/Methods/43_Forcing_Based/1_ERF_FaIR/FaIR_comb_unB_method.py:152: RuntimeWarning: Mean of empty slice
  return np.nanmean(samp_cur[year_idx-1850, :], axis = 1)
/oscar/data/deeps/private/bfoxkemp/jnickla1/Thorne_15_codefigurestats/Methods/43_Forcing_Based/1_ERF_FaIR/FaIR_anthro_unB_method.py:89: RuntimeWarning: Mean of empty slice
  return np.nanmean(samp_cur[year_idx-1850, :], axis = 1)
/oscar/data/deeps/private/bfoxkemp/jnickla1/Thorne_15_codefigurestats/Methods/43_Forcing_Based/1_ERF_FaIR/FaIR_comb_unB_method.py:152: RuntimeWarning: Mean of empty slice
  return np.nanmean(samp_cur[year_idx-1850, :], axis = 1)
/oscar/data/deeps/private/bfoxkemp/jnickla1/Thorne_15_codefigurestats/Methods/43_Forcing_Based/1_ERF_FaIR/FaIR_nonat_method.py:68: RuntimeWarning: Mean of empty slice
  return np.nanmean(samp_cur[year_idx-1850, :], axis = 1)
/oscar/data/deeps/private/bfoxkemp/jnickla1/Thorne_15_codefigurestats/Methods/43_Forcing_Based/1_ERF_FaIR/FaIR_nonat_unB_method.py:92: RuntimeWarning: Mean of empty slice
  return np.nanmean(samp_cur[year_idx-1850, :], axis = 1)
/oscar/data/deeps/private/bfoxkemp/jnickla1/Thorne_15_codefigurestats/Methods/43_Forcing_Based/1_ERF_FaIR/FaIR_anthro_method.py:67: RuntimeWarning: Mean of empty slice
  return np.nanmean(samp_cur[year_idx-1850, :], axis = 1)
/oscar/data/deeps/private/bfoxkemp/jnickla1/Thorne_15_codefigurestats/Methods/43_Forcing_Based/1_ERF_FaIR/FaIR_anthro_unB_method.py:89: RuntimeWarning: Mean of empty slice
  return np.nanmean(samp_cur[year_idx-1850, :], axis = 1)
/oscar/data/deeps/private/bfoxkemp/jnickla1/Thorne_15_codefigurestats/Methods/43_Forcing_Based/1_ERF_FaIR/FaIR_nonat_method.py:68: RuntimeWarning: Mean of empty slice
  return np.nanmean(samp_cur[year_idx-1850, :], axis = 1)
/oscar/data/deeps/private/bfoxkemp/jnickla1/Thorne_15_codefigurestats/Methods/43_Forcing_Based/1_ERF_FaIR/FaIR_nonat_unB_method.py:92: RuntimeWarning: Mean of empty slice
  return np.nanmean(samp_cur[year_idx-1850, :], axis = 1)
/oscar/data/deeps/private/bfoxkemp/jnickla1/Thorne_15_codefigurestats/Methods/43_Forcing_Based/1_ERF_FaIR/FaIR_anthro_method.py:67: RuntimeWarning: Mean of empty slice
  return np.nanmean(samp_cur[year_idx-1850, :], axis = 1)
/oscar/data/deeps/private/bfoxkemp/jnickla1/Thorne_15_codefigurestats/Methods/43_Forcing_Based/1_ERF_FaIR/FaIR_all_method.py:68: RuntimeWarning: Mean of empty slice
  return np.nanmean(samp_cur[year_idx-1850, :], axis = 1)
/oscar/data/deeps/private/bfoxkemp/jnickla1/Thorne_15_codefigurestats/Methods/43_Forcing_Based/1_ERF_FaIR/FaIR_all_unB_method.py:90: RuntimeWarning: Mean of empty slice
  return np.nanmean(samp_cur[year_idx-1850, :], axis = 1)
/oscar/data/deeps/private/bfoxkemp/jnickla1/Thorne_15_codefigurestats/Methods/43_Forcing_Based/1_ERF_FaIR/FaIR_comb_unB_method.py:152: RuntimeWarning: Mean of empty slice
  return np.nanmean(samp_cur[year_idx-1850, :], axis = 1)
/users/jnickla1/.conda/envs/cleanpy/lib/python3.13/site-packages/numpy/lib/_nanfunctions_impl.py:2019: RuntimeWarning: Degrees of freedom <= 0 for slice.
  var = nanvar(a, axis=axis, dtype=dtype, out=out, ddof=ddof,
/oscar/data/deeps/private/bfoxkemp/jnickla1/Thorne_15_codefigurestats/Methods/43_Forcing_Based/1_ERF_FaIR/FaIR_anthro_method.py:95: RuntimeWarning: Mean of empty slice
  cdist = np.nanmean(dist)
/oscar/data/deeps/private/bfoxkemp/jnickla1/Thorne_15_codefigurestats/Methods/43_Forcing_Based/1_ERF_FaIR/FaIR_anthro_method.py:67: RuntimeWarning: Mean of empty slice
  return np.nanmean(samp_cur[year_idx-1850, :], axis = 1)
/users/jnickla1/.conda/envs/cleanpy/lib/python3.13/site-packages/numpy/lib/_nanfunctions_impl.py:2019: RuntimeWarning: Degrees of freedom <= 0 for slice.
  var = nanvar(a, axis=axis, dtype=dtype, out=out, ddof=ddof,
/oscar/data/deeps/private/bfoxkemp/jnickla1/Thorne_15_codefigurestats/Methods/43_Forcing_Based/1_ERF_FaIR/FaIR_anthro_method.py:95: RuntimeWarning: Mean of empty slice
  cdist = np.nanmean(dist)
/oscar/data/deeps/private/bfoxkemp/jnickla1/Thorne_15_codefigurestats/Methods/43_Forcing_Based/1_ERF_FaIR/FaIR_anthro_method.py:67: RuntimeWarning: Mean of empty slice
  return np.nanmean(samp_cur[year_idx-1850, :], axis = 1)
/users/jnickla1/.conda/envs/cleanpy/lib/python3.13/site-packages/numpy/lib/_nanfunctions_impl.py:2019: RuntimeWarning: Degrees of freedom <= 0 for slice.
  var = nanvar(a, axis=axis, dtype=dtype, out=out, ddof=ddof,
/oscar/data/deeps/private/bfoxkemp/jnickla1/Thorne_15_codefigurestats/Methods/43_Forcing_Based/1_ERF_FaIR/FaIR_anthro_method.py:95: RuntimeWarning: Mean of empty slice
  cdist = np.nanmean(dist)
/oscar/data/deeps/private/bfoxkemp/jnickla1/Thorne_15_codefigurestats/fut_evaluation_script.py:427: RuntimeWarning: Mean of empty slice
  evalmean = np.nanmean(diffcross) #if crossing multiple times take the mean
/oscar/data/deeps/private/bfoxkemp/jnickla1/Thorne_15_codefigurestats/fut_evaluation_script.py:464: RuntimeWarning: Mean of empty slice
  evalmean = np.nanmean(diffcrossE) #if crossing multiple times take the mean
/oscar/data/deeps/private/bfoxkemp/jnickla1/Thorne_15_codefigurestats/Methods/43_Forcing_Based/1_ERF_FaIR/FaIR_nonat_method.py:68: RuntimeWarning: Mean of empty slice
  return np.nanmean(samp_cur[year_idx-1850, :], axis = 1)
/users/jnickla1/.conda/envs/cleanpy/lib/python3.13/site-packages/numpy/lib/_nanfunctions_impl.py:2019: RuntimeWarning: Degrees of freedom <= 0 for slice.
  var = nanvar(a, axis=axis, dtype=dtype, out=out, ddof=ddof,
/oscar/data/deeps/private/bfoxkemp/jnickla1/Thorne_15_codefigurestats/Methods/43_Forcing_Based/1_ERF_FaIR/FaIR_nonat_method.py:96: RuntimeWarning: Mean of empty slice
  cdist = np.nanmean(dist)
/oscar/data/deeps/private/bfoxkemp/jnickla1/Thorne_15_codefigurestats/Methods/43_Forcing_Based/1_ERF_FaIR/FaIR_nonat_method.py:68: RuntimeWarning: Mean of empty slice
  return np.nanmean(samp_cur[year_idx-1850, :], axis = 1)
/users/jnickla1/.conda/envs/cleanpy/lib/python3.13/site-packages/numpy/lib/_nanfunctions_impl.py:2019: RuntimeWarning: Degrees of freedom <= 0 for slice.
  var = nanvar(a, axis=axis, dtype=dtype, out=out, ddof=ddof,
/oscar/data/deeps/private/bfoxkemp/jnickla1/Thorne_15_codefigurestats/Methods/43_Forcing_Based/1_ERF_FaIR/FaIR_nonat_method.py:96: RuntimeWarning: Mean of empty slice
  cdist = np.nanmean(dist)
/oscar/data/deeps/private/bfoxkemp/jnickla1/Thorne_15_codefigurestats/Methods/43_Forcing_Based/1_ERF_FaIR/FaIR_anthro_unB_method.py:89: RuntimeWarning: Mean of empty slice
  return np.nanmean(samp_cur[year_idx-1850, :], axis = 1)
/users/jnickla1/.conda/envs/cleanpy/lib/python3.13/site-packages/numpy/lib/_nanfunctions_impl.py:2019: RuntimeWarning: Degrees of freedom <= 0 for slice.
  var = nanvar(a, axis=axis, dtype=dtype, out=out, ddof=ddof,
/oscar/data/deeps/private/bfoxkemp/jnickla1/Thorne_15_codefigurestats/Methods/43_Forcing_Based/1_ERF_FaIR/FaIR_anthro_unB_method.py:117: RuntimeWarning: Mean of empty slice
  cdist = np.nanmean(dist)
/oscar/data/deeps/private/bfoxkemp/jnickla1/Thorne_15_codefigurestats/Methods/43_Forcing_Based/1_ERF_FaIR/FaIR_anthro_unB_method.py:89: RuntimeWarning: Mean of empty slice
  return np.nanmean(samp_cur[year_idx-1850, :], axis = 1)
/users/jnickla1/.conda/envs/cleanpy/lib/python3.13/site-packages/numpy/lib/_nanfunctions_impl.py:2019: RuntimeWarning: Degrees of freedom <= 0 for slice.
  var = nanvar(a, axis=axis, dtype=dtype, out=out, ddof=ddof,
/oscar/data/deeps/private/bfoxkemp/jnickla1/Thorne_15_codefigurestats/Methods/43_Forcing_Based/1_ERF_FaIR/FaIR_anthro_unB_method.py:117: RuntimeWarning: Mean of empty slice
  cdist = np.nanmean(dist)
/oscar/data/deeps/private/bfoxkemp/jnickla1/Thorne_15_codefigurestats/fut_evaluation_script.py:427: RuntimeWarning: Mean of empty slice
  evalmean = np.nanmean(diffcross) #if crossing multiple times take the mean
/oscar/data/deeps/private/bfoxkemp/jnickla1/Thorne_15_codefigurestats/fut_evaluation_script.py:464: RuntimeWarning: Mean of empty slice
  evalmean = np.nanmean(diffcrossE) #if crossing multiple times take the mean
/oscar/data/deeps/private/bfoxkemp/jnickla1/Thorne_15_codefigurestats/Methods/43_Forcing_Based/1_ERF_FaIR/FaIR_nonat_unB_method.py:92: RuntimeWarning: Mean of empty slice
  return np.nanmean(samp_cur[year_idx-1850, :], axis = 1)
/oscar/data/deeps/private/bfoxkemp/jnickla1/Thorne_15_codefigurestats/Methods/43_Forcing_Based/1_ERF_FaIR/FaIR_anthro_unB_method.py:89: RuntimeWarning: Mean of empty slice
  return np.nanmean(samp_cur[year_idx-1850, :], axis = 1)
/users/jnickla1/.conda/envs/cleanpy/lib/python3.13/site-packages/numpy/lib/_nanfunctions_impl.py:2019: RuntimeWarning: Degrees of freedom <= 0 for slice.
  var = nanvar(a, axis=axis, dtype=dtype, out=out, ddof=ddof,
/oscar/data/deeps/private/bfoxkemp/jnickla1/Thorne_15_codefigurestats/Methods/43_Forcing_Based/1_ERF_FaIR/FaIR_nonat_unB_method.py:120: RuntimeWarning: Mean of empty slice
  cdist = np.nanmean(dist)
/users/jnickla1/.conda/envs/cleanpy/lib/python3.13/site-packages/numpy/lib/_nanfunctions_impl.py:2019: RuntimeWarning: Degrees of freedom <= 0 for slice.
  var = nanvar(a, axis=axis, dtype=dtype, out=out, ddof=ddof,
/oscar/data/deeps/private/bfoxkemp/jnickla1/Thorne_15_codefigurestats/Methods/43_Forcing_Based/1_ERF_FaIR/FaIR_anthro_unB_method.py:117: RuntimeWarning: Mean of empty slice
  cdist = np.nanmean(dist)
/oscar/data/deeps/private/bfoxkemp/jnickla1/Thorne_15_codefigurestats/Methods/43_Forcing_Based/1_ERF_FaIR/FaIR_nonat_unB_method.py:92: RuntimeWarning: Mean of empty slice
  return np.nanmean(samp_cur[year_idx-1850, :], axis = 1)
/users/jnickla1/.conda/envs/cleanpy/lib/python3.13/site-packages/numpy/lib/_nanfunctions_impl.py:2019: RuntimeWarning: Degrees of freedom <= 0 for slice.
  var = nanvar(a, axis=axis, dtype=dtype, out=out, ddof=ddof,
/oscar/data/deeps/private/bfoxkemp/jnickla1/Thorne_15_codefigurestats/Methods/43_Forcing_Based/1_ERF_FaIR/FaIR_nonat_unB_method.py:120: RuntimeWarning: Mean of empty slice
  cdist = np.nanmean(dist)
/oscar/data/deeps/private/bfoxkemp/jnickla1/Thorne_15_codefigurestats/Methods/43_Forcing_Based/1_ERF_FaIR/FaIR_nonat_method.py:68: RuntimeWarning: Mean of empty slice
  return np.nanmean(samp_cur[year_idx-1850, :], axis = 1)
/users/jnickla1/.conda/envs/cleanpy/lib/python3.13/site-packages/numpy/lib/_nanfunctions_impl.py:2019: RuntimeWarning: Degrees of freedom <= 0 for slice.
  var = nanvar(a, axis=axis, dtype=dtype, out=out, ddof=ddof,
/oscar/data/deeps/private/bfoxkemp/jnickla1/Thorne_15_codefigurestats/Methods/43_Forcing_Based/1_ERF_FaIR/FaIR_nonat_method.py:96: RuntimeWarning: Mean of empty slice
  cdist = np.nanmean(dist)
/oscar/data/deeps/private/bfoxkemp/jnickla1/Thorne_15_codefigurestats/Methods/43_Forcing_Based/1_ERF_FaIR/FaIR_nonat_method.py:68: RuntimeWarning: Mean of empty slice
  return np.nanmean(samp_cur[year_idx-1850, :], axis = 1)
/users/jnickla1/.conda/envs/cleanpy/lib/python3.13/site-packages/numpy/lib/_nanfunctions_impl.py:2019: RuntimeWarning: Degrees of freedom <= 0 for slice.
  var = nanvar(a, axis=axis, dtype=dtype, out=out, ddof=ddof,
/oscar/data/deeps/private/bfoxkemp/jnickla1/Thorne_15_codefigurestats/Methods/43_Forcing_Based/1_ERF_FaIR/FaIR_nonat_method.py:96: RuntimeWarning: Mean of empty slice
  cdist = np.nanmean(dist)
/oscar/data/deeps/private/bfoxkemp/jnickla1/Thorne_15_codefigurestats/fut_evaluation_script.py:427: RuntimeWarning: Mean of empty slice
  evalmean = np.nanmean(diffcross) #if crossing multiple times take the mean
/oscar/data/deeps/private/bfoxkemp/jnickla1/Thorne_15_codefigurestats/fut_evaluation_script.py:464: RuntimeWarning: Mean of empty slice
  evalmean = np.nanmean(diffcrossE) #if crossing multiple times take the mean
/oscar/data/deeps/private/bfoxkemp/jnickla1/Thorne_15_codefigurestats/Methods/43_Forcing_Based/1_ERF_FaIR/FaIR_all_method.py:68: RuntimeWarning: Mean of empty slice
  return np.nanmean(samp_cur[year_idx-1850, :], axis = 1)
/users/jnickla1/.conda/envs/cleanpy/lib/python3.13/site-packages/numpy/lib/_nanfunctions_impl.py:2019: RuntimeWarning: Degrees of freedom <= 0 for slice.
  var = nanvar(a, axis=axis, dtype=dtype, out=out, ddof=ddof,
/oscar/data/deeps/private/bfoxkemp/jnickla1/Thorne_15_codefigurestats/Methods/43_Forcing_Based/1_ERF_FaIR/FaIR_all_method.py:96: RuntimeWarning: Mean of empty slice
  cdist = np.nanmean(dist)
/oscar/data/deeps/private/bfoxkemp/jnickla1/Thorne_15_codefigurestats/Methods/43_Forcing_Based/1_ERF_FaIR/FaIR_all_method.py:68: RuntimeWarning: Mean of empty slice
  return np.nanmean(samp_cur[year_idx-1850, :], axis = 1)
/users/jnickla1/.conda/envs/cleanpy/lib/python3.13/site-packages/numpy/lib/_nanfunctions_impl.py:2019: RuntimeWarning: Degrees of freedom <= 0 for slice.
  var = nanvar(a, axis=axis, dtype=dtype, out=out, ddof=ddof,
/oscar/data/deeps/private/bfoxkemp/jnickla1/Thorne_15_codefigurestats/Methods/43_Forcing_Based/1_ERF_FaIR/FaIR_all_method.py:96: RuntimeWarning: Mean of empty slice
  cdist = np.nanmean(dist)
/oscar/data/deeps/private/bfoxkemp/jnickla1/Thorne_15_codefigurestats/Methods/43_Forcing_Based/1_ERF_FaIR/FaIR_nonat_unB_method.py:92: RuntimeWarning: Mean of empty slice
  return np.nanmean(samp_cur[year_idx-1850, :], axis = 1)
/users/jnickla1/.conda/envs/cleanpy/lib/python3.13/site-packages/numpy/lib/_nanfunctions_impl.py:2019: RuntimeWarning: Degrees of freedom <= 0 for slice.
  var = nanvar(a, axis=axis, dtype=dtype, out=out, ddof=ddof,
/oscar/data/deeps/private/bfoxkemp/jnickla1/Thorne_15_codefigurestats/Methods/43_Forcing_Based/1_ERF_FaIR/FaIR_nonat_unB_method.py:120: RuntimeWarning: Mean of empty slice
  cdist = np.nanmean(dist)
/oscar/data/deeps/private/bfoxkemp/jnickla1/Thorne_15_codefigurestats/fut_evaluation_script.py:427: RuntimeWarning: Mean of empty slice
  evalmean = np.nanmean(diffcross) #if crossing multiple times take the mean
/oscar/data/deeps/private/bfoxkemp/jnickla1/Thorne_15_codefigurestats/Methods/43_Forcing_Based/1_ERF_FaIR/FaIR_nonat_unB_method.py:92: RuntimeWarning: Mean of empty slice
  return np.nanmean(samp_cur[year_idx-1850, :], axis = 1)
/oscar/data/deeps/private/bfoxkemp/jnickla1/Thorne_15_codefigurestats/Methods/43_Forcing_Based/1_ERF_FaIR/FaIR_nonat_method.py:68: RuntimeWarning: Mean of empty slice
  return np.nanmean(samp_cur[year_idx-1850, :], axis = 1)
/users/jnickla1/.conda/envs/cleanpy/lib/python3.13/site-packages/numpy/lib/_nanfunctions_impl.py:2019: RuntimeWarning: Degrees of freedom <= 0 for slice.
  var = nanvar(a, axis=axis, dtype=dtype, out=out, ddof=ddof,
/users/jnickla1/.conda/envs/cleanpy/lib/python3.13/site-packages/numpy/lib/_nanfunctions_impl.py:2019: RuntimeWarning: Degrees of freedom <= 0 for slice.
  var = nanvar(a, axis=axis, dtype=dtype, out=out, ddof=ddof,
/oscar/data/deeps/private/bfoxkemp/jnickla1/Thorne_15_codefigurestats/Methods/43_Forcing_Based/1_ERF_FaIR/FaIR_nonat_unB_method.py:120: RuntimeWarning: Mean of empty slice
  cdist = np.nanmean(dist)
/oscar/data/deeps/private/bfoxkemp/jnickla1/Thorne_15_codefigurestats/Methods/43_Forcing_Based/1_ERF_FaIR/FaIR_nonat_method.py:96: RuntimeWarning: Mean of empty slice
  cdist = np.nanmean(dist)
/oscar/data/deeps/private/bfoxkemp/jnickla1/Thorne_15_codefigurestats/fut_evaluation_script.py:464: RuntimeWarning: Mean of empty slice
  evalmean = np.nanmean(diffcrossE) #if crossing multiple times take the mean
/oscar/data/deeps/private/bfoxkemp/jnickla1/Thorne_15_codefigurestats/fut_evaluation_script.py:427: RuntimeWarning: Mean of empty slice
  evalmean = np.nanmean(diffcross) #if crossing multiple times take the mean
/oscar/data/deeps/private/bfoxkemp/jnickla1/Thorne_15_codefigurestats/fut_evaluation_script.py:427: RuntimeWarning: Mean of empty slice
  evalmean = np.nanmean(diffcross) #if crossing multiple times take the mean
/oscar/data/deeps/private/bfoxkemp/jnickla1/Thorne_15_codefigurestats/fut_evaluation_script.py:464: RuntimeWarning: Mean of empty slice
  evalmean = np.nanmean(diffcrossE) #if crossing multiple times take the mean
/oscar/data/deeps/private/bfoxkemp/jnickla1/Thorne_15_codefigurestats/Methods/43_Forcing_Based/1_ERF_FaIR/FaIR_all_method.py:68: RuntimeWarning: Mean of empty slice
  return np.nanmean(samp_cur[year_idx-1850, :], axis = 1)
/users/jnickla1/.conda/envs/cleanpy/lib/python3.13/site-packages/numpy/lib/_nanfunctions_impl.py:2019: RuntimeWarning: Degrees of freedom <= 0 for slice.
  var = nanvar(a, axis=axis, dtype=dtype, out=out, ddof=ddof,
/oscar/data/deeps/private/bfoxkemp/jnickla1/Thorne_15_codefigurestats/Methods/43_Forcing_Based/1_ERF_FaIR/FaIR_all_method.py:96: RuntimeWarning: Mean of empty slice
  cdist = np.nanmean(dist)
/oscar/data/deeps/private/bfoxkemp/jnickla1/Thorne_15_codefigurestats/fut_evaluation_script.py:464: RuntimeWarning: Mean of empty slice
  evalmean = np.nanmean(diffcrossE) #if crossing multiple times take the mean
/oscar/data/deeps/private/bfoxkemp/jnickla1/Thorne_15_codefigurestats/Methods/43_Forcing_Based/1_ERF_FaIR/FaIR_all_unB_method.py:90: RuntimeWarning: Mean of empty slice
  return np.nanmean(samp_cur[year_idx-1850, :], axis = 1)
/users/jnickla1/.conda/envs/cleanpy/lib/python3.13/site-packages/numpy/lib/_nanfunctions_impl.py:2019: RuntimeWarning: Degrees of freedom <= 0 for slice.
  var = nanvar(a, axis=axis, dtype=dtype, out=out, ddof=ddof,
/oscar/data/deeps/private/bfoxkemp/jnickla1/Thorne_15_codefigurestats/Methods/43_Forcing_Based/1_ERF_FaIR/FaIR_all_unB_method.py:118: RuntimeWarning: Mean of empty slice
  cdist = np.nanmean(dist)
/oscar/data/deeps/private/bfoxkemp/jnickla1/Thorne_15_codefigurestats/Methods/43_Forcing_Based/1_ERF_FaIR/FaIR_all_unB_method.py:90: RuntimeWarning: Mean of empty slice
  return np.nanmean(samp_cur[year_idx-1850, :], axis = 1)
/users/jnickla1/.conda/envs/cleanpy/lib/python3.13/site-packages/numpy/lib/_nanfunctions_impl.py:2019: RuntimeWarning: Degrees of freedom <= 0 for slice.
  var = nanvar(a, axis=axis, dtype=dtype, out=out, ddof=ddof,
/oscar/data/deeps/private/bfoxkemp/jnickla1/Thorne_15_codefigurestats/Methods/43_Forcing_Based/1_ERF_FaIR/FaIR_all_unB_method.py:118: RuntimeWarning: Mean of empty slice
  cdist = np.nanmean(dist)
/oscar/data/deeps/private/bfoxkemp/jnickla1/Thorne_15_codefigurestats/fut_evaluation_script.py:427: RuntimeWarning: Mean of empty slice
  evalmean = np.nanmean(diffcross) #if crossing multiple times take the mean
/oscar/data/deeps/private/bfoxkemp/jnickla1/Thorne_15_codefigurestats/Methods/43_Forcing_Based/1_ERF_FaIR/FaIR_all_method.py:68: RuntimeWarning: Mean of empty slice
  return np.nanmean(samp_cur[year_idx-1850, :], axis = 1)
/users/jnickla1/.conda/envs/cleanpy/lib/python3.13/site-packages/numpy/lib/_nanfunctions_impl.py:2019: RuntimeWarning: Degrees of freedom <= 0 for slice.
  var = nanvar(a, axis=axis, dtype=dtype, out=out, ddof=ddof,
/oscar/data/deeps/private/bfoxkemp/jnickla1/Thorne_15_codefigurestats/Methods/43_Forcing_Based/1_ERF_FaIR/FaIR_all_method.py:96: RuntimeWarning: Mean of empty slice
  cdist = np.nanmean(dist)
/oscar/data/deeps/private/bfoxkemp/jnickla1/Thorne_15_codefigurestats/fut_evaluation_script.py:464: RuntimeWarning: Mean of empty slice
  evalmean = np.nanmean(diffcrossE) #if crossing multiple times take the mean
/oscar/data/deeps/private/bfoxkemp/jnickla1/Thorne_15_codefigurestats/Methods/43_Forcing_Based/1_ERF_FaIR/FaIR_nonat_unB_method.py:92: RuntimeWarning: Mean of empty slice
  return np.nanmean(samp_cur[year_idx-1850, :], axis = 1)
/users/jnickla1/.conda/envs/cleanpy/lib/python3.13/site-packages/numpy/lib/_nanfunctions_impl.py:2019: RuntimeWarning: Degrees of freedom <= 0 for slice.
  var = nanvar(a, axis=axis, dtype=dtype, out=out, ddof=ddof,
/oscar/data/deeps/private/bfoxkemp/jnickla1/Thorne_15_codefigurestats/Methods/43_Forcing_Based/1_ERF_FaIR/FaIR_nonat_unB_method.py:120: RuntimeWarning: Mean of empty slice
  cdist = np.nanmean(dist)
/oscar/data/deeps/private/bfoxkemp/jnickla1/Thorne_15_codefigurestats/Methods/43_Forcing_Based/1_ERF_FaIR/FaIR_all_unB_method.py:90: RuntimeWarning: Mean of empty slice
  return np.nanmean(samp_cur[year_idx-1850, :], axis = 1)
/users/jnickla1/.conda/envs/cleanpy/lib/python3.13/site-packages/numpy/lib/_nanfunctions_impl.py:2019: RuntimeWarning: Degrees of freedom <= 0 for slice.
  var = nanvar(a, axis=axis, dtype=dtype, out=out, ddof=ddof,
/oscar/data/deeps/private/bfoxkemp/jnickla1/Thorne_15_codefigurestats/Methods/43_Forcing_Based/1_ERF_FaIR/FaIR_all_unB_method.py:118: RuntimeWarning: Mean of empty slice
  cdist = np.nanmean(dist)
/oscar/data/deeps/private/bfoxkemp/jnickla1/Thorne_15_codefigurestats/Methods/43_Forcing_Based/1_ERF_FaIR/FaIR_comb_unB_method.py:152: RuntimeWarning: Mean of empty slice
  return np.nanmean(samp_cur[year_idx-1850, :], axis = 1)
/users/jnickla1/.conda/envs/cleanpy/lib/python3.13/site-packages/numpy/lib/_nanfunctions_impl.py:2019: RuntimeWarning: Degrees of freedom <= 0 for slice.
  var = nanvar(a, axis=axis, dtype=dtype, out=out, ddof=ddof,
/oscar/data/deeps/private/bfoxkemp/jnickla1/Thorne_15_codefigurestats/Methods/43_Forcing_Based/1_ERF_FaIR/FaIR_comb_unB_method.py:180: RuntimeWarning: Mean of empty slice
  cdist = np.nanmean(dist)
/oscar/data/deeps/private/bfoxkemp/jnickla1/Thorne_15_codefigurestats/Methods/43_Forcing_Based/1_ERF_FaIR/FaIR_comb_unB_method.py:152: RuntimeWarning: Mean of empty slice
  return np.nanmean(samp_cur[year_idx-1850, :], axis = 1)
/users/jnickla1/.conda/envs/cleanpy/lib/python3.13/site-packages/numpy/lib/_nanfunctions_impl.py:2019: RuntimeWarning: Degrees of freedom <= 0 for slice.
  var = nanvar(a, axis=axis, dtype=dtype, out=out, ddof=ddof,
/oscar/data/deeps/private/bfoxkemp/jnickla1/Thorne_15_codefigurestats/Methods/43_Forcing_Based/1_ERF_FaIR/FaIR_comb_unB_method.py:180: RuntimeWarning: Mean of empty slice
  cdist = np.nanmean(dist)
/oscar/data/deeps/private/bfoxkemp/jnickla1/Thorne_15_codefigurestats/fut_evaluation_script.py:427: RuntimeWarning: Mean of empty slice
  evalmean = np.nanmean(diffcross) #if crossing multiple times take the mean
/oscar/data/deeps/private/bfoxkemp/jnickla1/Thorne_15_codefigurestats/fut_evaluation_script.py:464: RuntimeWarning: Mean of empty slice
  evalmean = np.nanmean(diffcrossE) #if crossing multiple times take the mean
/oscar/data/deeps/private/bfoxkemp/jnickla1/Thorne_15_codefigurestats/Methods/43_Forcing_Based/1_ERF_FaIR/FaIR_all_unB_method.py:90: RuntimeWarning: Mean of empty slice
  return np.nanmean(samp_cur[year_idx-1850, :], axis = 1)
/users/jnickla1/.conda/envs/cleanpy/lib/python3.13/site-packages/numpy/lib/_nanfunctions_impl.py:2019: RuntimeWarning: Degrees of freedom <= 0 for slice.
  var = nanvar(a, axis=axis, dtype=dtype, out=out, ddof=ddof,
/oscar/data/deeps/private/bfoxkemp/jnickla1/Thorne_15_codefigurestats/Methods/43_Forcing_Based/1_ERF_FaIR/FaIR_all_unB_method.py:118: RuntimeWarning: Mean of empty slice
  cdist = np.nanmean(dist)
/oscar/data/deeps/private/bfoxkemp/jnickla1/Thorne_15_codefigurestats/Methods/43_Forcing_Based/1_ERF_FaIR/FaIR_comb_unB_method.py:152: RuntimeWarning: Mean of empty slice
  return np.nanmean(samp_cur[year_idx-1850, :], axis = 1)
/users/jnickla1/.conda/envs/cleanpy/lib/python3.13/site-packages/numpy/lib/_nanfunctions_impl.py:2019: RuntimeWarning: Degrees of freedom <= 0 for slice.
  var = nanvar(a, axis=axis, dtype=dtype, out=out, ddof=ddof,
/oscar/data/deeps/private/bfoxkemp/jnickla1/Thorne_15_codefigurestats/Methods/43_Forcing_Based/1_ERF_FaIR/FaIR_comb_unB_method.py:180: RuntimeWarning: Mean of empty slice
  cdist = np.nanmean(dist)
/oscar/data/deeps/private/bfoxkemp/jnickla1/Thorne_15_codefigurestats/fut_evaluation_script.py:427: RuntimeWarning: Mean of empty slice
  evalmean = np.nanmean(diffcross) #if crossing multiple times take the mean
/oscar/data/deeps/private/bfoxkemp/jnickla1/Thorne_15_codefigurestats/fut_evaluation_script.py:464: RuntimeWarning: Mean of empty slice
  evalmean = np.nanmean(diffcrossE) #if crossing multiple times take the mean
starting computation for fut_NorESM_RCP45_VolcConst
max_runs4
Model number:
3




Methods/42_Temp_Alone/1_Run_Means/cent10y_method.py
Methods/42_Temp_Alone/1_Run_Means/cent20y_method.py
Methods/42_Temp_Alone/1_Run_Means/cent21y_method.py
Methods/42_Temp_Alone/1_Run_Means/cent30y_method.py
Methods/42_Temp_Alone/1_Run_Means/lag10y_method.py
Methods/42_Temp_Alone/1_Run_Means/lag5y_method.py
Methods/42_Temp_Alone/1_Run_Means/offset11y_method.py
Methods/42_Temp_Alone/1_Run_Means/raw1y_method.py
Methods/43_Forcing_Based/1_ERF_FaIR/FaIR_all_method.py
Methods/43_Forcing_Based/1_ERF_FaIR/FaIR_all_unB_method.py
Methods/43_Forcing_Based/1_ERF_FaIR/FaIR_anthro_method.py
Methods/43_Forcing_Based/1_ERF_FaIR/FaIR_anthro_unB_method.py
Methods/43_Forcing_Based/1_ERF_FaIR/FaIR_comb_unB_method.py
Methods/43_Forcing_Based/1_ERF_FaIR/FaIR_nonat_method.py
Methods/43_Forcing_Based/1_ERF_FaIR/FaIR_nonat_unB_method.py
evaluating 13 of 0.1C thresholds, starting at 1.1C
11
FaIR_anthro sampled, d llike: -0.1907252753718971
FaIR_anthro sampled, d llike: -64.79847952671372
FaIR_anthro_unB sampled, d llike: -0.02248378369533499
FaIR_anthro_unB sampled, d llike: -7.0100703270792994
FaIR_nonat sampled, d llike: 0.043436081918354214
FaIR_nonat sampled, d llike: 0.13720260776039897
FaIR_nonat_unB sampled, d llike: -0.015027191530161854
FaIR_nonat_unB sampled, d llike: -0.03512327910783897
FaIR_all sampled, d llike: -11453.929231586184
FaIR_all sampled, d llike: 0.11396302765673655
FaIR_all_unB sampled, d llike: -0.016937612461821683
FaIR_all_unB sampled, d llike: -0.03636408206412933
FaIR_comb_unB sampled, d llike: -0.02664569307527298
FaIR_comb_unB sampled, d llike: -0.026914246910746342
        method_name    method_class c/r  smooth_r  avg_unc.(1se)  #q<0.5  #q<0.1    log-likeli       RMS      bias        tlog-l       100log-l    100RMS     75RMS   100bias       l15        l20    bias50   Edyrs15    Edyrs20   Mdyrs15    Mdyrs20   Fdyrs15    Fdyrs20     EdyrsA    RMSyrsA  ncEdyrs     e100log-l   e100RMS    e75RMS  e100bias      el15       el20   ebias50  eEdyrs15   eEdyrs20  eMdyrs15   eMdyrs20  eFdyrs15   eFdyrs20    eEdyrsA   eRMSyrsA  nceEdyrs
21    FaIR_comb_unB   43/1_ERF_FaIR   c     2.475       0.081097       0       0      1.374337  0.048953 -0.006526  2.143965e+02     130.100182  0.031122  0.031159  0.021150  3.768316   3.802117  0.006977 -1.166667  -2.916667 -1.166667  -2.916667 -1.166667  -2.916667  -1.105769   1.734401     15.0  1.303361e+02  0.032290  0.035261  0.005876  3.527461   3.887827 -0.016981 -2.083333  -1.166667 -2.083333  -1.166667 -2.083333  -1.166667  -0.355769   0.355769      15.0
15   FaIR_nonat_unB   43/1_ERF_FaIR   c     2.547       0.092660       0       0      1.196915  0.063795 -0.022137  1.915064e+02     119.968445  0.030911  0.030108  0.020034  3.486551   3.612655  0.003775 -1.083333  -2.666667 -1.083333  -2.666667 -1.083333  -2.666667  -1.233974   1.621545     14.0  1.195354e+02  0.033667  0.036136  0.004760  3.253133   3.613495 -0.020184 -2.000000  -0.916667 -2.000000  -0.916667 -2.000000  -0.916667  -0.483974   0.483974      14.0
19     FaIR_all_unB   43/1_ERF_FaIR   c     3.506       0.093780       0       0      1.179892  0.063722  0.006969  1.887827e+02     115.773347  0.038803  0.039016  0.021515  3.299604   3.426769  0.002289 -0.833333  -3.666667 -0.833333  -3.666667 -0.833333  -3.666667  -0.980769   2.498397     14.0  1.160071e+02  0.039762  0.043072  0.006241  3.154026   3.402591 -0.021669 -1.750000  -1.916667 -1.750000  -1.916667 -1.750000  -1.916667  -0.230769   0.230769      14.0
8         offset11y  42/1_Run_Means   c     2.743       0.031848     183     126     -0.633039  0.081813  0.062800 -1.455990e+02     112.252842  0.040801  0.041267  0.021586  8.809161   7.797552  0.043223 -1.333333  -2.583333 -1.333333  -2.583333 -1.333333  -2.583333  -1.442308   3.284823     13.0  1.519093e+02  0.032443  0.031175  0.006312  1.961491  10.830686  0.019265 -2.250000  -0.833333 -2.250000  -0.833333 -2.250000  -0.833333  -0.692308   0.692308      13.0
11  FaIR_anthro_unB   43/1_ERF_FaIR   c     2.068       0.097747      14       0      0.842083  0.085513 -0.036831  1.347333e+02     110.837519  0.036050  0.033980  0.022853  3.174027   3.341316  0.001959 -1.416667  -2.833333 -1.416667  -2.833333 -1.416667  -2.833333  -1.339744   1.950373     13.0  1.111901e+02  0.039580  0.041177  0.007579  3.017645   3.402476 -0.022000 -2.333333  -1.083333 -2.333333  -1.083333 -2.333333  -1.083333  -0.589744   0.589744      13.0
2             raw1y  42/1_Run_Means   c    34.665       0.106121       0       0      0.914092  0.096013 -0.000779  2.102412e+02      91.089542  0.086846  0.089661  0.003648  3.916206   1.126593 -0.003075  2.750000  -0.333333  5.583333  -3.833333 -0.083333  -3.833333   0.979594   1.865346     35.2  9.013365e+01  0.088006  0.090108 -0.011626  4.053772   3.398424 -0.027034  1.833333   1.416667  4.666667   4.916667 -1.000000  -2.083333   1.729594   1.729594      35.2
9       FaIR_anthro   43/1_ERF_FaIR   c     2.068       0.097764      79      42     -0.738419  0.162425 -0.142902 -1.181470e+02      84.469726  0.087764  0.092647 -0.083208  2.613467   2.558650 -0.104162  4.250000   7.666667  4.250000   7.666667  4.250000   7.666667   5.467949   6.613773     13.0  6.933919e+01  0.105886  0.107845 -0.098482  3.001441   2.361078 -0.128121  3.333333   9.416667  3.333333   9.416667  3.333333   9.416667   6.217949   6.217949      13.0
13       FaIR_nonat   43/1_ERF_FaIR   c     2.509       0.115675      62       0      0.290920  0.154652 -0.140807  4.654713e+01      76.305973  0.096484  0.100843 -0.093566  2.561904   2.433284 -0.109833  4.750000   7.916667  4.750000   7.916667  4.750000   7.916667   5.964744   6.886025     14.0  6.551423e+01  0.113836  0.115109 -0.108840  2.746692   2.419188 -0.133791  3.833333   9.666667  3.833333   9.666667  3.833333   9.666667   6.714744   6.714744      14.0
1             lag5y  42/1_Run_Means   c     6.468       0.038998     105      40      0.417176  0.060291 -0.019206  9.595041e+01      13.094004  0.061639  0.057992 -0.033269  0.687418  10.737964 -0.028523  3.916667   2.083333  5.166667   5.583333  2.666667  -1.416667   1.516026   2.360448     16.2 -6.242421e+01  0.070780  0.065019 -0.048543  3.549613   9.076877 -0.052482  3.000000   3.833333  4.250000   7.333333  1.750000   0.333333   2.266026   2.266026      16.2
0            lag10y  42/1_Run_Means   c     3.108       0.032643     156      68     -0.822187  0.065793 -0.042619 -1.891030e+02    -298.734045  0.087111  0.077328 -0.079418  0.000745   1.781582 -0.060630  7.000000   5.916667  7.000000   5.916667  7.000000   5.916667   4.455128   4.661112     14.0 -4.676842e+02  0.100592  0.087945 -0.094692  0.010546   0.602791 -0.084588  6.083333   7.666667  6.083333   7.666667  6.083333   7.666667   5.205128   5.205128      14.0
17         FaIR_all   43/1_ERF_FaIR   c     3.476       0.005572     160     160 -12497.762942  0.180965 -0.165456 -1.999642e+06 -902855.387251  0.166079  0.171575 -0.162904  0.000000   0.000000 -0.182165  8.250000  14.541667  8.250000  15.416667  8.250000  13.666667  11.612179  13.594227     12.0 -1.113808e+06  0.182461  0.184728 -0.178178  0.000000   0.000000 -0.206123  7.333333  16.291667  7.333333  17.166667  7.333333  15.416667  12.009615  12.009615      12.0
4.912615381
finished this run
starting computation for fut_NorESM_RCP45_Volc
max_runs4
Model number:
3




Methods/42_Temp_Alone/1_Run_Means/cent10y_method.py
Methods/42_Temp_Alone/1_Run_Means/cent20y_method.py
Methods/42_Temp_Alone/1_Run_Means/cent21y_method.py
Methods/42_Temp_Alone/1_Run_Means/cent30y_method.py
Methods/42_Temp_Alone/1_Run_Means/lag10y_method.py
Methods/42_Temp_Alone/1_Run_Means/lag5y_method.py
Methods/42_Temp_Alone/1_Run_Means/offset11y_method.py
Methods/42_Temp_Alone/1_Run_Means/raw1y_method.py
Methods/43_Forcing_Based/1_ERF_FaIR/FaIR_all_method.py
Methods/43_Forcing_Based/1_ERF_FaIR/FaIR_all_unB_method.py
Methods/43_Forcing_Based/1_ERF_FaIR/FaIR_anthro_method.py
Methods/43_Forcing_Based/1_ERF_FaIR/FaIR_anthro_unB_method.py
Methods/43_Forcing_Based/1_ERF_FaIR/FaIR_comb_unB_method.py
Methods/43_Forcing_Based/1_ERF_FaIR/FaIR_nonat_method.py
Methods/43_Forcing_Based/1_ERF_FaIR/FaIR_nonat_unB_method.py
evaluating 13 of 0.1C thresholds, starting at 1.1C
11
FaIR_anthro sampled, d llike: 0.020856455829461495
FaIR_anthro sampled, d llike: -51.879023945497124
FaIR_anthro_unB sampled, d llike: 0.008613782774534173
FaIR_anthro_unB sampled, d llike: -6.235892493292232
FaIR_nonat sampled, d llike: 0.09879290012079082
FaIR_nonat sampled, d llike: 0.14889547325147046
FaIR_nonat_unB sampled, d llike: 0.00626208193189659
FaIR_nonat_unB sampled, d llike: 0.008346290831894754
FaIR_all sampled, d llike: -17516.494476461325
FaIR_all sampled, d llike: -0.018714614741064173
FaIR_all_unB sampled, d llike: -0.15371681400670112
FaIR_all_unB sampled, d llike: -0.06828903042093437
FaIR_comb_unB sampled, d llike: 0.0059094235660028804
FaIR_comb_unB sampled, d llike: -0.4537261190735944
        method_name    method_class c/r  smooth_r  avg_unc.(1se)  #q<0.5  #q<0.1    log-likeli       RMS      bias        tlog-l      100log-l    100RMS     75RMS   100bias        l15        l20    bias50    Edyrs15       Edyrs20    Mdyrs15       Mdyrs20    Fdyrs15       Fdyrs20     EdyrsA    RMSyrsA  ncEdyrs     e100log-l   e100RMS    e75RMS  e100bias          el15      el20   ebias50   eEdyrs15   eEdyrs20   eMdyrs15   eMdyrs20   eFdyrs15      eFdyrs20    eEdyrsA   eRMSyrsA  nceEdyrs
21    FaIR_comb_unB   43/1_ERF_FaIR   c     3.653       0.077458       3       0      1.094711  0.084839 -0.015122  1.707750e+02  8.665610e+01  0.096288  0.110727  0.005887   1.689239   4.346051 -0.070506 -10.416667  3.625000e+00 -16.250000  5.583333e+00 -16.250000  1.666667e+00   0.120726   4.934833     17.2  8.524576e+01  0.094496  0.105095 -0.035173  1.465918e+00  2.510122 -0.079560   0.416667   6.708333   6.250000   8.666667  -5.416667  4.750000e+00   2.864316   2.864316      17.2
15   FaIR_nonat_unB   43/1_ERF_FaIR   c     2.386       0.089092       0       0      0.897350  0.102911 -0.022560  1.435760e+02  7.282869e+01  0.111245  0.128426  0.019176   1.229223   3.546758 -0.069635 -15.000000  2.666667e+00 -15.000000  2.666667e+00 -15.000000  2.666667e+00  -0.980769   6.809174     13.0  9.719340e+01  0.078685  0.085830 -0.021884  2.602097e+00  2.081286 -0.078689  -4.166667   5.750000  -4.166667   5.750000  -4.166667  5.750000e+00   1.762821   1.762821      13.0
11  FaIR_anthro_unB   43/1_ERF_FaIR   c     1.881       0.094281      54       0      0.601586  0.120123 -0.039466  9.625369e+01  7.141161e+01  0.117675  0.135734  0.017921   1.344888   3.058246 -0.075299 -15.583333  3.083333e+00 -15.583333  3.083333e+00 -15.583333  3.083333e+00  -1.025641   7.090908     13.0  9.422507e+01  0.079465  0.086493 -0.023139  2.696577e+00  2.122034 -0.084353  -4.750000   6.166667  -4.750000   6.166667  -4.750000  6.166667e+00   1.717949   1.717949      13.0
8         offset11y  42/1_Run_Means   c     2.710       0.036396     156     119     -0.830402  0.087305  0.062064 -1.909925e+02  6.730859e+01  0.063522  0.073398  0.019920   1.804961  10.430894  0.020892  -5.541667 -5.000000e-01 -12.500000 -5.000000e-01 -12.500000 -5.000000e-01  -0.628205   1.831365     15.2 -1.176743e+02  0.119432  0.137210 -0.021139  4.941818e+00  0.475728  0.011837   5.291667   2.583333  12.250000   2.583333  -1.666667  2.583333e+00   2.115385   2.115385      15.2
13       FaIR_nonat   43/1_ERF_FaIR   c     2.432       0.111220     130       0      0.104251  0.174728 -0.141216  1.668017e+01  4.468313e+01  0.144664  0.155171 -0.094446   3.264528   1.232669 -0.183271  -1.666667  1.008333e+01  -1.666667  1.008333e+01  -1.666667  1.008333e+01   6.025641   8.953345     13.0  3.374861e+01  0.155166  0.174073 -0.135505  2.971534e+00  0.351058 -0.192325   9.166667  13.166667   9.166667  13.166667   9.166667  1.316667e+01   8.769231   8.769231      13.0
2             raw1y  42/1_Run_Means   c    33.120       0.128727       2       2      0.680353  0.119965  0.001533  1.564813e+02  4.389033e+01  0.143988  0.161085  0.009772   2.575102   3.276637  0.014591  -8.166667  9.444444e-01 -14.583333  5.833333e+00 -14.583333 -3.083333e+00   0.106838   5.429639     40.2  8.739290e+00  0.179750  0.204675 -0.031288  2.858516e+00  3.239760  0.005537   2.666667   4.027778   9.083333   8.916667  -3.750000  1.673470e-10   2.850427   2.850427      40.2
9       FaIR_anthro   43/1_ERF_FaIR   c     1.904       0.094220     139      52     -0.862039  0.184484 -0.145493 -1.379263e+02  3.671588e+01  0.145944  0.157129 -0.088144   3.690788   1.205974 -0.181372  -3.916667  9.916667e+00  -3.916667  9.916667e+00  -3.916667  9.916667e+00   5.660256   9.266675     13.0  2.992174e+01  0.149914  0.167536 -0.129204  3.242330e+00  0.352860 -0.190427   6.916667  13.000000   6.916667  13.000000   6.916667  1.300000e+01   8.403846   8.403846      13.0
19     FaIR_all_unB   43/1_ERF_FaIR   c     7.758       0.089770      12       0      0.590981  0.127820 -0.013450  9.455703e+01  2.078339e+01  0.153086  0.177301 -0.015562   2.617693   3.970612 -0.074068  -9.583333  3.750000e+00 -17.666667  7.083333e+00 -17.666667  4.166667e-01   3.003205   6.762818     21.2 -8.826324e+01  0.181816  0.208736 -0.056622  1.125203e-13  3.244016 -0.083122   1.250000   6.833333   9.333333  10.166667  -6.833333  3.500000e+00   5.746795   5.746795      21.2
1             lag5y  42/1_Run_Means   c     6.248       0.043119      91      48      0.108156  0.076552 -0.018309  2.487586e+01 -5.406966e+01  0.097164  0.107161 -0.030762  14.127796   9.118129 -0.024505  -5.916667  1.696208e-10 -11.750000  1.696208e-10 -11.750000  1.696208e-10   1.642094   4.305189     20.2 -3.997549e+02  0.156326  0.181076 -0.071822  1.125762e+01  0.022401 -0.033559   4.916667   3.083333  10.750000   3.083333  -0.916667  3.083333e+00   4.385684   4.385684      20.2
0            lag10y  42/1_Run_Means   c     3.109       0.037247     151      63     -0.164622  0.073415 -0.043010 -3.786302e+01 -1.394697e+02  0.101242  0.103146 -0.080201   0.375033   0.434439 -0.077660   2.916667  2.500000e+00   2.916667  2.500000e+00   2.916667  2.500000e+00   4.397436   5.403782     15.0 -3.540776e+02  0.170750  0.195438 -0.121261  1.712476e+00  0.000003 -0.086715  13.750000   5.583333  13.750000   5.583333  13.750000  5.583333e+00   7.141026   7.141026      15.0
17         FaIR_all   43/1_ERF_FaIR   c     7.668       0.005584     160     160 -19223.801677  0.229359 -0.186049 -3.075808e+06 -2.015998e+06  0.251391  0.280265 -0.199989   0.000000   0.000000 -0.258508   2.500000  1.550000e+01   2.500000  1.550000e+01   2.500000  1.550000e+01  12.457265  13.910910     20.0 -2.870426e+06  0.296583  0.339985 -0.241049  0.000000e+00  0.000000 -0.267563  13.333333  18.583333  13.333333  18.583333  13.333333  1.858333e+01  14.604701  14.604701      18.0
4.955488393
finished this run
/oscar/data/deeps/private/bfoxkemp/jnickla1/Thorne_15_codefigurestats/Methods/43_Forcing_Based/1_ERF_FaIR/FaIR_all_method.py:68: RuntimeWarning: Mean of empty slice
  return np.nanmean(samp_cur[year_idx-1850, :], axis = 1)
/users/jnickla1/.conda/envs/cleanpy/lib/python3.13/site-packages/numpy/lib/_nanfunctions_impl.py:2019: RuntimeWarning: Degrees of freedom <= 0 for slice.
  var = nanvar(a, axis=axis, dtype=dtype, out=out, ddof=ddof,
/oscar/data/deeps/private/bfoxkemp/jnickla1/Thorne_15_codefigurestats/Methods/43_Forcing_Based/1_ERF_FaIR/FaIR_all_method.py:96: RuntimeWarning: Mean of empty slice
  cdist = np.nanmean(dist)
starting computation for fut_ESM1-2-LR_SSP126_constVolc
max_runs4
Model number:
3




Methods/42_Temp_Alone/1_Run_Means/cent10y_method.py
Methods/42_Temp_Alone/1_Run_Means/cent20y_method.py
Methods/42_Temp_Alone/1_Run_Means/cent21y_method.py
Methods/42_Temp_Alone/1_Run_Means/cent30y_method.py
Methods/42_Temp_Alone/1_Run_Means/lag10y_method.py
Methods/42_Temp_Alone/1_Run_Means/lag5y_method.py
Methods/42_Temp_Alone/1_Run_Means/offset11y_method.py
Methods/42_Temp_Alone/1_Run_Means/raw1y_method.py
Methods/43_Forcing_Based/1_ERF_FaIR/FaIR_all_method.py
Methods/43_Forcing_Based/1_ERF_FaIR/FaIR_all_unB_method.py
Methods/43_Forcing_Based/1_ERF_FaIR/FaIR_anthro_method.py
Methods/43_Forcing_Based/1_ERF_FaIR/FaIR_anthro_unB_method.py
Methods/43_Forcing_Based/1_ERF_FaIR/FaIR_comb_unB_method.py
Methods/43_Forcing_Based/1_ERF_FaIR/FaIR_nonat_method.py
Methods/43_Forcing_Based/1_ERF_FaIR/FaIR_nonat_unB_method.py
evaluating 6 of 0.1C thresholds, starting at 1.1C
11
FaIR_anthro sampled, d llike: 0.00468596471196947
FaIR_anthro sampled, d llike: -1.784168841514348
FaIR_anthro_unB sampled, d llike: 0.015033457603703004
FaIR_anthro_unB sampled, d llike: -1.604837556439195
FaIR_nonat sampled, d llike: -0.03471657297844444
FaIR_nonat sampled, d llike: -0.06186064249555001
FaIR_nonat_unB sampled, d llike: -0.02331108870113341
FaIR_nonat_unB sampled, d llike: -0.058094450347107696
FaIR_all sampled, d llike: -2197.8510100655103
FaIR_all sampled, d llike: -0.06286507266813857
FaIR_all_unB sampled, d llike: -0.014976208191148421
FaIR_all_unB sampled, d llike: -0.05704251576443642
FaIR_comb_unB sampled, d llike: -0.025314583355618314
FaIR_comb_unB sampled, d llike: 0.10771083014919555
        method_name    method_class c/r  smooth_r  avg_unc.(1se)  #q<0.5  #q<0.1   log-likeli       RMS      bias         tlog-l       100log-l    100RMS     75RMS   100bias            l15  l20    bias50    Edyrs15  Edyrs20    Mdyrs15  Mdyrs20    Fdyrs15  Fdyrs20    EdyrsA    RMSyrsA  ncEdyrs      e100log-l   e100RMS    e75RMS  e100bias       el15  el20   ebias50   eEdyrs15  eEdyrs20   eMdyrs15  eMdyrs20   eFdyrs15  eFdyrs20    eEdyrsA   eRMSyrsA  nceEdyrs
1             lag5y  42/1_Run_Means   c     6.070       0.045457      92      28     0.976219  0.064513 -0.012775     225.506608     124.831956  0.047048  0.045701 -0.010523   7.013774e+00  0.0  0.001870  -1.604167       -1 -10.166667       -1 -10.166667       -1  1.440972   2.169753      9.4    -239.428445  0.090917  0.090283 -0.066713   2.075054   0.0 -0.044616  11.729167        -1  22.083333        -1   3.166667        -1   9.204861   9.204861       9.4
21    FaIR_comb_unB   43/1_ERF_FaIR   c     2.209       0.071140       0       0     1.373899  0.058804  0.003625     215.702212     119.801799  0.065836  0.066148  0.024959   5.593869e+00  0.0 -0.021222  -2.958333       -1  -5.083333       -1  -5.083333       -1 -0.784722  11.749569      6.2     121.440926  0.058438  0.064417 -0.031230   4.249338   0.0 -0.067708  10.375000        -1  12.500000        -1   8.250000        -1   4.590278   4.590278       6.2
15   FaIR_nonat_unB   43/1_ERF_FaIR   c     2.142       0.080721       0       0     1.279899  0.062773  0.002363     206.063668     116.328482  0.065462  0.065800  0.023407   5.000772e+00  0.0 -0.021735  -2.875000       -1  -5.166667       -1  -5.166667       -1 -0.715278  11.716622      6.2     115.090879  0.059605  0.064862 -0.032783   4.095843   0.0 -0.068221  10.458333        -1  12.750000        -1   8.166667        -1   4.659722   4.659722       6.2
11  FaIR_anthro_unB   43/1_ERF_FaIR   c     1.548       0.081246       0       0     1.008557  0.081661 -0.012734     162.377615     112.989731  0.070897  0.071427  0.027463   4.884564e+00  0.0 -0.022355  -3.083333       -1  -5.250000       -1  -5.250000       -1 -0.902778  11.835729      6.2     112.634043  0.060443  0.065640 -0.028726   3.583426   0.0 -0.068840  10.250000        -1  12.416667        -1   8.083333        -1   4.472222   4.472222       6.2
9       FaIR_anthro   43/1_ERF_FaIR   c     1.566       0.081206       0       0     1.033959  0.080845 -0.005264     166.467336     111.084851  0.074109  0.073849  0.034950   4.801807e+00  0.0 -0.014867  -5.833333       -1  -5.833333       -1  -5.833333       -1 -2.055556  12.471820      6.0     115.680447  0.057249  0.061473 -0.021240   3.698591   0.0 -0.061353   7.500000        -1   7.500000        -1   7.500000        -1   3.319444   3.319444       6.0
19     FaIR_all_unB   43/1_ERF_FaIR   c     3.636       0.083500       0       0     1.203476  0.071464  0.005672     193.759585     107.917373  0.075455  0.070677  0.029228   4.773589e+00  0.0 -0.030799   4.750000       -1  15.000000       -1  -4.916667       -1 -0.041667  12.148817      8.4     107.950260  0.065624  0.072044 -0.026961   3.701387   0.0 -0.077285  14.666667        -1  22.083333        -1   8.416667        -1   4.763889   4.763889       7.3
13       FaIR_nonat   43/1_ERF_FaIR   c     2.171       0.100779       0       0     1.137141  0.065121  0.005167     183.079729     104.487315  0.067525  0.067308  0.028645   3.993947e+00  0.0 -0.016520  -3.333333       -1  -5.500000       -1  -5.500000       -1 -0.916667  11.808170      6.2     105.292312  0.056914  0.061577 -0.027545   3.357214   0.0 -0.063006  10.000000        -1  12.166667        -1   7.833333        -1   4.458333   4.458333       6.2
2             raw1y  42/1_Run_Means   c    31.403       0.121407       2       0     0.762505  0.112083 -0.000422     176.138753      82.217571  0.095239  0.095780  0.008532   3.324582e+00  0.0  0.002727   0.406250       -1  14.916667       -1 -14.083333       -1  2.599653   3.188894     26.8      69.108472  0.113229  0.115872 -0.047658   1.524465   0.0 -0.043759  11.666667        -1  22.083333        -1  -0.750000        -1   7.725694   7.725694      24.7
0            lag10y  42/1_Run_Means   c     3.003       0.036791     137      30     0.828854  0.062019 -0.027906     191.465334      50.260651  0.066652  0.052302 -0.035810   1.160608e+01  0.0  0.004685   7.916667       -1   7.916667       -1   7.916667       -1  5.263889   5.768589      7.0    -455.583137  0.115841  0.104047 -0.091999   0.021830   0.0 -0.041801  21.250000        -1  21.250000        -1  21.250000        -1  13.027778  13.027778       7.0
8         offset11y  42/1_Run_Means   c     2.624       0.035685     189     143    -2.091887  0.097624  0.078897    -483.225969    -228.264656  0.091416  0.102715  0.068653   3.947143e-02  0.0  0.114459 -12.833333       -1 -12.833333       -1 -12.833333       -1 -6.125000   8.004845      8.0     -19.320141  0.074472  0.078103  0.012463  11.866614   0.0  0.067973   0.500000        -1   0.500000        -1   0.500000        -1   1.638889   1.638889       8.0
17         FaIR_all   43/1_ERF_FaIR   c     3.190       0.005586     158     145 -2400.683320  0.080920  0.036055 -386510.014501 -317512.603401  0.093614  0.083039  0.062682  2.010468e-113  0.0  0.002647 -11.666667       -1 -11.666667       -1 -11.666667       -1 -4.722222  14.336159      5.0 -111444.468011  0.060153  0.056111  0.006492  67.936822   0.0 -0.043839   1.666667        -1   1.666667        -1   1.666667        -1   0.652778   0.652778       5.0
5.094689100999999
finished this run
/oscar/data/deeps/private/bfoxkemp/jnickla1/Thorne_15_codefigurestats/Methods/43_Forcing_Based/1_ERF_FaIR/FaIR_comb_unB_method.py:152: RuntimeWarning: Mean of empty slice
  return np.nanmean(samp_cur[year_idx-1850, :], axis = 1)
/users/jnickla1/.conda/envs/cleanpy/lib/python3.13/site-packages/numpy/lib/_nanfunctions_impl.py:2019: RuntimeWarning: Degrees of freedom <= 0 for slice.
  var = nanvar(a, axis=axis, dtype=dtype, out=out, ddof=ddof,
/oscar/data/deeps/private/bfoxkemp/jnickla1/Thorne_15_codefigurestats/Methods/43_Forcing_Based/1_ERF_FaIR/FaIR_comb_unB_method.py:180: RuntimeWarning: Mean of empty slice
  cdist = np.nanmean(dist)
starting computation for fut_ESM1-2-LR_SSP245_constVolc
max_runs4
Model number:
3




Methods/42_Temp_Alone/1_Run_Means/cent10y_method.py
Methods/42_Temp_Alone/1_Run_Means/cent20y_method.py
Methods/42_Temp_Alone/1_Run_Means/cent21y_method.py
Methods/42_Temp_Alone/1_Run_Means/cent30y_method.py
Methods/42_Temp_Alone/1_Run_Means/lag10y_method.py
Methods/42_Temp_Alone/1_Run_Means/lag5y_method.py
Methods/42_Temp_Alone/1_Run_Means/offset11y_method.py
Methods/42_Temp_Alone/1_Run_Means/raw1y_method.py
Methods/43_Forcing_Based/1_ERF_FaIR/FaIR_all_method.py
Methods/43_Forcing_Based/1_ERF_FaIR/FaIR_all_unB_method.py
Methods/43_Forcing_Based/1_ERF_FaIR/FaIR_anthro_method.py
Methods/43_Forcing_Based/1_ERF_FaIR/FaIR_anthro_unB_method.py
Methods/43_Forcing_Based/1_ERF_FaIR/FaIR_comb_unB_method.py
Methods/43_Forcing_Based/1_ERF_FaIR/FaIR_nonat_method.py
Methods/43_Forcing_Based/1_ERF_FaIR/FaIR_nonat_unB_method.py
evaluating 13 of 0.1C thresholds, starting at 1.1C
11
FaIR_anthro sampled, d llike: -0.02428235002912338
FaIR_anthro sampled, d llike: -1.9195930321730401
FaIR_anthro_unB sampled, d llike: -0.021676503075511944
FaIR_anthro_unB sampled, d llike: -1.7953583616235083
FaIR_nonat sampled, d llike: -0.05000125340183015
FaIR_nonat sampled, d llike: -0.0550189987173717
FaIR_nonat_unB sampled, d llike: -0.043692442589764235
FaIR_nonat_unB sampled, d llike: -0.05717599407217522
FaIR_all sampled, d llike: -1530.1818175485214
FaIR_all sampled, d llike: -0.04094226013158986
FaIR_all_unB sampled, d llike: -0.03114465680727152
FaIR_all_unB sampled, d llike: -0.04325578535807506
FaIR_comb_unB sampled, d llike: -0.04580856724851534
FaIR_comb_unB sampled, d llike: -0.01554878794103598
        method_name    method_class c/r  smooth_r  avg_unc.(1se)  #q<0.5  #q<0.1   log-likeli       RMS      bias         tlog-l       100log-l    100RMS     75RMS   100bias       l15        l20    bias50   Edyrs15   Edyrs20   Mdyrs15    Mdyrs20   Fdyrs15    Fdyrs20    EdyrsA   RMSyrsA  ncEdyrs     e100log-l   e100RMS    e75RMS  e100bias          el15       el20   ebias50  eEdyrs15      eEdyrs20  eMdyrs15      eMdyrs20  eFdyrs15      eFdyrs20   eEdyrsA  eRMSyrsA  nceEdyrs
8         offset11y  42/1_Run_Means   c     2.745       0.038187     151      90    -0.477900  0.083517  0.058724    -110.394838     144.566475  0.043246  0.043662  0.017446  9.138668   4.896803  0.039638 -0.750000 -2.083333 -0.750000  -2.083333 -0.750000  -2.083333 -1.176282  2.359995     14.0    111.876127  0.052016  0.046093 -0.018910  5.291334e+00   5.348357  0.014721  2.416667 -2.000000e+00  2.416667 -2.000000e+00  2.416667 -2.000000e+00  0.372024  0.372024      15.0
21    FaIR_comb_unB   43/1_ERF_FaIR   c     2.362       0.073705       0       0     1.442936  0.046898 -0.001241     226.540924     130.230162  0.047817  0.046379  0.013541  4.213339   4.529322 -0.019300 -2.333333  1.500000 -2.333333   1.500000 -2.333333   1.500000 -0.756410  2.742901     13.0    134.205730  0.043406  0.044923 -0.022814  4.900075e+00   4.458436 -0.044216  0.833333  1.583333e+00  0.833333  1.583333e+00  0.833333  1.583333e+00  1.410714  1.410714      14.0
15   FaIR_nonat_unB   43/1_ERF_FaIR   c     2.423       0.083626       0       0     1.318973  0.052364 -0.003915     212.354650     123.690209  0.045928  0.044605  0.012259  3.832734   4.005311 -0.016760 -2.083333  1.333333 -2.083333   1.333333 -2.083333   1.333333 -0.865385  2.648879     14.0    125.232555  0.043431  0.042976 -0.024096  4.213463e+00   3.957499 -0.041677  1.083333  1.416667e+00  1.083333  1.416667e+00  1.083333  1.416667e+00  1.327381  1.327381      15.0
19     FaIR_all_unB   43/1_ERF_FaIR   c     3.766       0.086465       0       0     1.251652  0.061009 -0.001143     201.515902     116.485732  0.055932  0.048706  0.018314  3.636288   3.987823 -0.024387 -2.500000  1.583333 -2.500000   1.583333 -2.500000   1.583333 -0.820513  2.902806     13.0    120.654160  0.047937  0.049048 -0.018041  4.097799e+00   3.929525 -0.049304  0.666667  1.666667e+00  0.666667  1.666667e+00  0.666667  1.666667e+00  1.577381  1.577381      14.0
11  FaIR_anthro_unB   43/1_ERF_FaIR   c     1.807       0.086483       0       0     1.036518  0.070950 -0.017780     166.879421     116.087626  0.049946  0.047878  0.015931  3.921729   3.922253 -0.018499 -2.500000  1.500000 -2.500000   1.500000 -2.500000   1.500000 -0.871795  2.757662     13.0    116.972480  0.043792  0.043873 -0.020424  3.542393e+00   3.833691 -0.043415  0.666667  1.583333e+00  0.666667  1.583333e+00  0.666667  1.583333e+00  1.482143  1.482143      14.0
9       FaIR_anthro   43/1_ERF_FaIR   c     1.808       0.086462       0       0     1.054958  0.070027 -0.013657     169.848194     115.392986  0.051443  0.048713  0.020048  3.863810   3.977383 -0.014429 -2.750000  1.416667 -2.750000   1.416667 -2.750000   1.416667 -1.038462  2.835406     13.0    117.547276  0.042065  0.041398 -0.016308  3.587994e+00   3.898222 -0.039346  0.416667  1.500000e+00  0.416667  1.500000e+00  0.416667  1.500000e+00  1.181548  1.181548      15.0
13       FaIR_nonat   43/1_ERF_FaIR   c     2.472       0.104362       0       0     1.152432  0.054631 -0.000830     185.541514     106.965333  0.047686  0.045643  0.017768  3.192236   3.342938 -0.011236 -2.333333  1.083333 -2.333333   1.083333 -2.333333   1.083333 -1.134615  2.745723     13.0    108.945562  0.040620  0.039371 -0.018587  3.384283e+00   3.313296 -0.036152  0.833333  1.166667e+00  0.833333  1.166667e+00  0.833333  1.166667e+00  0.982143  0.982143      14.0
2             raw1y  42/1_Run_Means   c    31.073       0.128588       0       0     0.690120  0.120011 -0.000569     159.417647      65.831983  0.117223  0.115100  0.008158  2.565709   0.958931  0.010634  1.062500 -0.083333  6.416667 -10.083333 -3.666667 -10.083333 -0.012821  2.635686     39.4     61.655981  0.122872  0.122830 -0.028197  3.243360e+00   1.012101 -0.014282  4.229167  1.672561e-10  9.583333 -1.000000e+01 -0.500000 -1.000000e+01  1.688095  1.688095      44.4
1             lag5y  42/1_Run_Means   c     5.937       0.047011      97      34     0.664552  0.070133 -0.021245     153.511606      52.836954  0.064301  0.060147 -0.032024  4.195431   6.987271 -0.015728  2.666667  4.625000  2.666667   8.583333  2.666667   0.666667  1.807692  2.477516     19.0   -143.758582  0.092413  0.087675 -0.068380  9.274912e-02   6.811973 -0.040644  5.833333  4.708333e+00  5.833333  8.666667e+00  5.833333  7.500000e-01  3.363095  3.363095      20.0
0            lag10y  42/1_Run_Means   c     2.957       0.039227     162      38     0.205090  0.073340 -0.046366      47.375681     -93.829002  0.091282  0.085817 -0.082670  0.068387   2.722661 -0.061582  4.750000  2.666667  4.750000   2.666667  4.750000   2.666667  4.467949  4.778815     13.0   -415.877958  0.128483  0.121710 -0.119025  2.274284e-02   2.400823 -0.086498  7.916667  2.750000e+00  7.916667  2.750000e+00  7.916667  2.750000e+00  7.672619  7.672619      13.0
17         FaIR_all   43/1_ERF_FaIR   c     3.403       0.005552     154     147 -1677.022981  0.069559  0.031221 -270000.699911 -197365.260705  0.075351  0.061548  0.053709  0.000000  84.350690  0.010984 -5.083333 -0.083333 -5.083333  -0.083333 -5.083333  -0.083333 -2.858974  4.128155     13.0 -68889.171217  0.047691  0.036255  0.017354  8.052386e-84  85.547597 -0.013933 -1.916667  1.673470e-10 -1.916667  1.673470e-10 -1.916667  1.673470e-10 -0.833333  0.833333      14.0
5.55399919
finished this run
/oscar/data/deeps/private/bfoxkemp/jnickla1/Thorne_15_codefigurestats/Methods/43_Forcing_Based/1_ERF_FaIR/FaIR_all_unB_method.py:90: RuntimeWarning: Mean of empty slice
  return np.nanmean(samp_cur[year_idx-1850, :], axis = 1)
/users/jnickla1/.conda/envs/cleanpy/lib/python3.13/site-packages/numpy/lib/_nanfunctions_impl.py:2019: RuntimeWarning: Degrees of freedom <= 0 for slice.
  var = nanvar(a, axis=axis, dtype=dtype, out=out, ddof=ddof,
/oscar/data/deeps/private/bfoxkemp/jnickla1/Thorne_15_codefigurestats/Methods/43_Forcing_Based/1_ERF_FaIR/FaIR_all_unB_method.py:118: RuntimeWarning: Mean of empty slice
  cdist = np.nanmean(dist)
/oscar/data/deeps/private/bfoxkemp/jnickla1/Thorne_15_codefigurestats/Methods/43_Forcing_Based/1_ERF_FaIR/FaIR_comb_unB_method.py:152: RuntimeWarning: Mean of empty slice
  return np.nanmean(samp_cur[year_idx-1850, :], axis = 1)
/users/jnickla1/.conda/envs/cleanpy/lib/python3.13/site-packages/numpy/lib/_nanfunctions_impl.py:2019: RuntimeWarning: Degrees of freedom <= 0 for slice.
  var = nanvar(a, axis=axis, dtype=dtype, out=out, ddof=ddof,
/oscar/data/deeps/private/bfoxkemp/jnickla1/Thorne_15_codefigurestats/Methods/43_Forcing_Based/1_ERF_FaIR/FaIR_comb_unB_method.py:180: RuntimeWarning: Mean of empty slice
  cdist = np.nanmean(dist)
starting computation for fut_ESM1-2-LR_SSP370_constVolc
max_runs4
Model number:
3




Methods/42_Temp_Alone/1_Run_Means/cent10y_method.py
Methods/42_Temp_Alone/1_Run_Means/cent20y_method.py
Methods/42_Temp_Alone/1_Run_Means/cent21y_method.py
Methods/42_Temp_Alone/1_Run_Means/cent30y_method.py
Methods/42_Temp_Alone/1_Run_Means/lag10y_method.py
Methods/42_Temp_Alone/1_Run_Means/lag5y_method.py
Methods/42_Temp_Alone/1_Run_Means/offset11y_method.py
Methods/42_Temp_Alone/1_Run_Means/raw1y_method.py
Methods/43_Forcing_Based/1_ERF_FaIR/FaIR_all_method.py
Methods/43_Forcing_Based/1_ERF_FaIR/FaIR_all_unB_method.py
Methods/43_Forcing_Based/1_ERF_FaIR/FaIR_anthro_method.py
Methods/43_Forcing_Based/1_ERF_FaIR/FaIR_anthro_unB_method.py
Methods/43_Forcing_Based/1_ERF_FaIR/FaIR_comb_unB_method.py
Methods/43_Forcing_Based/1_ERF_FaIR/FaIR_nonat_method.py
Methods/43_Forcing_Based/1_ERF_FaIR/FaIR_nonat_unB_method.py
evaluating 24 of 0.1C thresholds, starting at 1.1C
11
FaIR_anthro sampled, d llike: -0.016144661074647404
FaIR_anthro sampled, d llike: -1.3716238507133292
FaIR_anthro_unB sampled, d llike: -0.024408969944661463
FaIR_anthro_unB sampled, d llike: -4.139173353090809
FaIR_nonat sampled, d llike: -0.04921237520036015
FaIR_nonat sampled, d llike: -0.02536821045578841
FaIR_nonat_unB sampled, d llike: -0.03632858603377609
FaIR_nonat_unB sampled, d llike: -0.03501045515396228
FaIR_all sampled, d llike: -1164.9921330743355
FaIR_all sampled, d llike: -0.01775776479639779
FaIR_all_unB sampled, d llike: -0.01994291731026454
FaIR_all_unB sampled, d llike: -0.0152315966619887
FaIR_comb_unB sampled, d llike: -0.03172230891021344
FaIR_comb_unB sampled, d llike: -0.15723675036541407
        method_name    method_class c/r  smooth_r  avg_unc.(1se)  #q<0.5  #q<0.1   log-likeli       RMS      bias         tlog-l       100log-l    100RMS     75RMS   100bias           l15        l20    bias50   Edyrs15       Edyrs20   Mdyrs15       Mdyrs20   Fdyrs15       Fdyrs20    EdyrsA   RMSyrsA  ncEdyrs     e100log-l   e100RMS    e75RMS  e100bias           el15          el20   ebias50  eEdyrs15  eEdyrs20  eMdyrs15  eMdyrs20  eFdyrs15  eFdyrs20   eEdyrsA  eRMSyrsA  nceEdyrs
21    FaIR_comb_unB   43/1_ERF_FaIR   c     2.156       0.072739       0       0     1.452494  0.048777  0.017195     228.041504     129.111269  0.053306  0.046733  0.020573  4.537992e+00   5.142038 -0.005920 -1.583333  2.500000e-01 -1.583333  2.500000e-01 -1.583333  2.500000e-01 -0.527778  1.876697     24.0    132.218207  0.049757  0.048874  0.004726   4.570102e+00  5.516364e+00 -0.034439 -2.583333 -0.416667 -2.583333 -0.416667 -2.583333 -0.416667 -0.192029  0.192029      23.0
8         offset11y  42/1_Run_Means   c     2.749       0.040388     161      88    -0.547926  0.086974  0.036123    -126.570880     128.390433  0.058021  0.063382 -0.039926  7.709637e+00  12.218386 -0.064919  0.666667  3.333333e-01  0.666667  3.333333e-01  0.666667  3.333333e-01  1.447917  1.842229     24.0     60.877003  0.078156  0.082496 -0.055772   1.032287e+01  1.089449e+01 -0.093438 -0.333333 -0.333333 -0.333333 -0.333333 -0.333333 -0.333333  1.862319  1.862319      23.0
15   FaIR_nonat_unB   43/1_ERF_FaIR   c     2.061       0.082534       0       0     1.352003  0.050866  0.013392     217.672540     125.067505  0.048525  0.044279  0.019686  4.135767e+00   4.784409  0.000827 -1.250000  8.333333e-02 -1.250000  8.333333e-02 -1.250000  8.333333e-02 -0.572917  1.764244     24.0    127.554368  0.045585  0.044602  0.003839   4.614211e+00  4.643799e+00 -0.027692 -2.250000 -0.583333 -2.250000 -0.583333 -2.250000 -0.583333 -0.221014  0.221014      23.0
9       FaIR_anthro   43/1_ERF_FaIR   c     1.672       0.084791       0       0     1.097530  0.068354 -0.027173     176.702318     121.287554  0.047003  0.048300 -0.003886  3.953699e+00   3.943629 -0.028739 -0.250000  1.583333e+00 -0.250000  1.583333e+00 -0.250000  1.583333e+00  0.260417  1.712647     24.0    118.826203  0.052736  0.056173 -0.019732   4.089915e+00  4.302579e+00 -0.057258 -1.250000  0.916667 -1.250000  0.916667 -1.250000  0.916667  0.615942  0.615942      23.0
11  FaIR_anthro_unB   43/1_ERF_FaIR   c     1.672       0.084789       0       0     1.203783  0.062764  0.000694     193.809017     119.291751  0.052624  0.046518  0.024018  3.802834e+00   4.283762 -0.000816 -1.750000  1.666667e-01 -1.750000  1.666667e-01 -1.750000  1.666667e-01 -0.659722  1.861681     24.0    121.359605  0.049567  0.048170  0.008171   3.855918e+00  4.470326e+00 -0.029336 -2.750000 -0.500000 -2.750000 -0.500000 -2.750000 -0.500000 -0.318841  0.318841      23.0
19     FaIR_all_unB   43/1_ERF_FaIR   c     3.497       0.085434       0       0     1.280362  0.060272  0.014212     206.138238     116.895899  0.059722  0.047612  0.025163  4.051031e+00   4.455505 -0.005835 -1.083333  1.582521e-10 -1.083333  1.582521e-10 -1.083333  1.582521e-10 -0.569444  2.015708     24.0    120.936752  0.053831  0.050001  0.009317   4.540691e+00  4.653983e+00 -0.034355 -2.083333 -0.666667 -2.083333 -0.666667 -2.083333 -0.666667 -0.221014  0.221014      23.0
13       FaIR_nonat   43/1_ERF_FaIR   c     2.131       0.102980       0       0     1.176408  0.052894 -0.014054     189.401621     110.720243  0.044682  0.046571 -0.005293  3.487809e+00   3.555495 -0.024173 -0.166667  1.416667e+00 -0.166667  1.416667e+00 -0.166667  1.416667e+00  0.218750  1.655081     24.0    109.405536  0.050123  0.052868 -0.021139   3.871286e+00  3.943528e+00 -0.052692 -1.166667  0.750000 -1.166667  0.750000 -1.166667  0.750000  0.579710  0.579710      23.0
2             raw1y  42/1_Run_Means   c    30.643       0.127146       0       0     0.704993  0.118316 -0.002515     162.853282      69.134619  0.112764  0.114737  0.003219  2.565177e+00   1.444054  0.000527 -1.694444  3.291667e+00 -7.500000  7.583333e+00 -7.500000 -1.000000e+00 -0.184606  1.590988     53.3     66.682640  0.116165  0.119914 -0.012627   3.124314e+00  2.517778e+00 -0.027993 -2.694444  2.625000 -8.500000  6.916667 -8.500000 -1.666667  0.195048  0.195048      51.3
1             lag5y  42/1_Run_Means   c     6.040       0.047850     107      36     0.316482  0.077174 -0.032296      73.107319     -27.567333  0.082263  0.083118 -0.060076  9.933454e-01   2.977725 -0.071424  5.500000  1.333333e+00  5.500000  1.333333e+00  5.500000  1.333333e+00  1.996528  2.493771     28.0    -92.290362  0.098357  0.097983 -0.075922   2.724735e+00  6.244735e+00 -0.099943  4.500000  0.666667  4.500000  0.666667  4.500000  0.666667  2.485507  2.485507      27.0
0            lag10y  42/1_Run_Means   c     2.970       0.041148     179     105    -0.855246  0.099758 -0.067042    -197.561736    -338.766418  0.141211  0.150781 -0.135154  3.605289e-01   0.041652 -0.158114  6.500000  4.416667e+00  6.500000  4.416667e+00  6.500000  4.416667e+00  4.593750  4.695749     24.0   -472.608847  0.160443  0.166804 -0.151000   8.165305e-01  4.722721e-01 -0.186634  5.500000  3.750000  5.500000  3.750000  5.500000  3.750000  5.014493  5.014493      23.0
17         FaIR_all   43/1_ERF_FaIR   c     3.073       0.005590     155     139 -1279.184435  0.062478  0.019787 -205948.693956 -140430.013310  0.063884  0.049325  0.033852  3.052926e-82  35.986025  0.002851 -1.583333  1.582521e-10 -1.583333  1.582521e-10 -1.583333  1.582521e-10 -0.906250  2.187070     24.0 -97228.762574  0.055997  0.049573  0.018006  9.055722e-205  7.269937e-89 -0.025668 -2.583333 -0.666667 -2.583333 -0.666667 -2.583333 -0.666667 -0.572464  0.572464      23.0
6.855322124
finished this run
All processes completed.
