/oscar/data/deeps/private/bfoxkemp/jnickla1/Thorne_15_codefigurestats/fut_evaluation_gen_ensemble.py:20: RuntimeWarning: Mean of empty slice
  return np.nanmean(standards_np,axis=0)
/oscar/data/deeps/private/bfoxkemp/jnickla1/Thorne_15_codefigurestats/fut_evaluation_gen_ensemble.py:20: RuntimeWarning: Mean of empty slice
  return np.nanmean(standards_np,axis=0)
/oscar/data/deeps/private/bfoxkemp/jnickla1/Thorne_15_codefigurestats/fut_evaluation_gen_ensemble.py:20: RuntimeWarning: Mean of empty slice
  return np.nanmean(standards_np,axis=0)
/oscar/data/deeps/private/bfoxkemp/jnickla1/Thorne_15_codefigurestats/fut_evaluation_gen_ensemble.py:20: RuntimeWarning: Mean of empty slice
  return np.nanmean(standards_np,axis=0)
/oscar/data/deeps/private/bfoxkemp/jnickla1/Thorne_15_codefigurestats/fut_evaluation_gen_ensemble.py:20: RuntimeWarning: Mean of empty slice
  return np.nanmean(standards_np,axis=0)
/oscar/data/deeps/private/bfoxkemp/jnickla1/Thorne_15_codefigurestats/Methods/43_Forcing_Based/1_ERF_FaIR/FaIR_all_method.py:53: RuntimeWarning: Mean of empty slice
  samp_mean =  np.nanmean(samp_cur, axis = 1)
/oscar/data/deeps/private/bfoxkemp/jnickla1/Thorne_15_codefigurestats/Methods/43_Forcing_Based/1_ERF_FaIR/FaIR_all_unB_method.py:70: RuntimeWarning: Mean of empty slice
  samp_mean =  np.nanmean(samp_cur, axis = 1)
/oscar/data/deeps/private/bfoxkemp/jnickla1/Thorne_15_codefigurestats/Methods/43_Forcing_Based/1_ERF_FaIR/FaIR_all_method.py:53: RuntimeWarning: Mean of empty slice
  samp_mean =  np.nanmean(samp_cur, axis = 1)
/oscar/data/deeps/private/bfoxkemp/jnickla1/Thorne_15_codefigurestats/Methods/43_Forcing_Based/1_ERF_FaIR/FaIR_anthro_method.py:53: RuntimeWarning: Mean of empty slice
  samp_mean =  np.nanmean(samp_cur, axis = 1)
/oscar/data/deeps/private/bfoxkemp/jnickla1/Thorne_15_codefigurestats/Methods/43_Forcing_Based/1_ERF_FaIR/FaIR_all_unB_method.py:70: RuntimeWarning: Mean of empty slice
  samp_mean =  np.nanmean(samp_cur, axis = 1)
/oscar/data/deeps/private/bfoxkemp/jnickla1/Thorne_15_codefigurestats/Methods/43_Forcing_Based/1_ERF_FaIR/FaIR_anthro_unB_method.py:70: RuntimeWarning: Mean of empty slice
  samp_mean =  np.nanmean(samp_cur, axis = 1)
/oscar/data/deeps/private/bfoxkemp/jnickla1/Thorne_15_codefigurestats/Methods/43_Forcing_Based/1_ERF_FaIR/FaIR_anthro_method.py:53: RuntimeWarning: Mean of empty slice
  samp_mean =  np.nanmean(samp_cur, axis = 1)
/oscar/data/deeps/private/bfoxkemp/jnickla1/Thorne_15_codefigurestats/Methods/43_Forcing_Based/1_ERF_FaIR/FaIR_comb_unB_method.py:70: RuntimeWarning: Mean of empty slice
  samp_mean =  np.nanmean(samp_cur, axis = 1)
/oscar/data/deeps/private/bfoxkemp/jnickla1/Thorne_15_codefigurestats/Methods/43_Forcing_Based/1_ERF_FaIR/FaIR_comb_unB_method.py:126: RuntimeWarning: Mean of empty slice
  samp_meanAll =  np.nanmean(samp_curAll, axis = 1)
/oscar/data/deeps/private/bfoxkemp/jnickla1/Thorne_15_codefigurestats/Methods/43_Forcing_Based/1_ERF_FaIR/FaIR_anthro_unB_method.py:70: RuntimeWarning: Mean of empty slice
  samp_mean =  np.nanmean(samp_cur, axis = 1)
/oscar/data/deeps/private/bfoxkemp/jnickla1/Thorne_15_codefigurestats/Methods/43_Forcing_Based/1_ERF_FaIR/FaIR_comb_unB_method.py:70: RuntimeWarning: Mean of empty slice
  samp_mean =  np.nanmean(samp_cur, axis = 1)
/oscar/data/deeps/private/bfoxkemp/jnickla1/Thorne_15_codefigurestats/Methods/43_Forcing_Based/1_ERF_FaIR/FaIR_comb_unB_method.py:126: RuntimeWarning: Mean of empty slice
  samp_meanAll =  np.nanmean(samp_curAll, axis = 1)
/oscar/data/deeps/private/bfoxkemp/jnickla1/Thorne_15_codefigurestats/Methods/43_Forcing_Based/1_ERF_FaIR/FaIR_nonat_method.py:53: RuntimeWarning: Mean of empty slice
  samp_mean =  np.nanmean(samp_cur, axis = 1)
/oscar/data/deeps/private/bfoxkemp/jnickla1/Thorne_15_codefigurestats/Methods/43_Forcing_Based/1_ERF_FaIR/FaIR_nonat_unB_method.py:72: RuntimeWarning: Mean of empty slice
  samp_mean =  np.nanmean(samp_cur, axis = 1)
/oscar/data/deeps/private/bfoxkemp/jnickla1/Thorne_15_codefigurestats/Methods/43_Forcing_Based/1_ERF_FaIR/FaIR_nonat_method.py:53: RuntimeWarning: Mean of empty slice
  samp_mean =  np.nanmean(samp_cur, axis = 1)
/oscar/data/deeps/private/bfoxkemp/jnickla1/Thorne_15_codefigurestats/Methods/43_Forcing_Based/1_ERF_FaIR/FaIR_all_method.py:68: RuntimeWarning: Mean of empty slice
  return np.nanmean(samp_cur[year_idx-1850, :], axis = 1)
/users/jnickla1/.conda/envs/cleanpy/lib/python3.13/site-packages/numpy/lib/_nanfunctions_impl.py:2019: RuntimeWarning: Degrees of freedom <= 0 for slice.
  var = nanvar(a, axis=axis, dtype=dtype, out=out, ddof=ddof,
/oscar/data/deeps/private/bfoxkemp/jnickla1/Thorne_15_codefigurestats/Methods/43_Forcing_Based/1_ERF_FaIR/FaIR_all_unB_method.py:90: RuntimeWarning: Mean of empty slice
  return np.nanmean(samp_cur[year_idx-1850, :], axis = 1)
/oscar/data/deeps/private/bfoxkemp/jnickla1/Thorne_15_codefigurestats/Methods/43_Forcing_Based/1_ERF_FaIR/FaIR_nonat_unB_method.py:72: RuntimeWarning: Mean of empty slice
  samp_mean =  np.nanmean(samp_cur, axis = 1)
/oscar/data/deeps/private/bfoxkemp/jnickla1/Thorne_15_codefigurestats/Methods/43_Forcing_Based/1_ERF_FaIR/FaIR_anthro_method.py:67: RuntimeWarning: Mean of empty slice
  return np.nanmean(samp_cur[year_idx-1850, :], axis = 1)
/oscar/data/deeps/private/bfoxkemp/jnickla1/Thorne_15_codefigurestats/Methods/43_Forcing_Based/1_ERF_FaIR/FaIR_anthro_unB_method.py:89: RuntimeWarning: Mean of empty slice
  return np.nanmean(samp_cur[year_idx-1850, :], axis = 1)
/oscar/data/deeps/private/bfoxkemp/jnickla1/Thorne_15_codefigurestats/Methods/43_Forcing_Based/1_ERF_FaIR/FaIR_comb_unB_method.py:152: RuntimeWarning: Mean of empty slice
  return np.nanmean(samp_cur[year_idx-1850, :], axis = 1)
/oscar/data/deeps/private/bfoxkemp/jnickla1/Thorne_15_codefigurestats/Methods/43_Forcing_Based/1_ERF_FaIR/FaIR_all_method.py:68: RuntimeWarning: Mean of empty slice
  return np.nanmean(samp_cur[year_idx-1850, :], axis = 1)
/users/jnickla1/.conda/envs/cleanpy/lib/python3.13/site-packages/numpy/lib/_nanfunctions_impl.py:2019: RuntimeWarning: Degrees of freedom <= 0 for slice.
  var = nanvar(a, axis=axis, dtype=dtype, out=out, ddof=ddof,
/oscar/data/deeps/private/bfoxkemp/jnickla1/Thorne_15_codefigurestats/Methods/43_Forcing_Based/1_ERF_FaIR/FaIR_all_unB_method.py:90: RuntimeWarning: Mean of empty slice
  return np.nanmean(samp_cur[year_idx-1850, :], axis = 1)
/oscar/data/deeps/private/bfoxkemp/jnickla1/Thorne_15_codefigurestats/Methods/43_Forcing_Based/1_ERF_FaIR/FaIR_nonat_method.py:68: RuntimeWarning: Mean of empty slice
  return np.nanmean(samp_cur[year_idx-1850, :], axis = 1)
/oscar/data/deeps/private/bfoxkemp/jnickla1/Thorne_15_codefigurestats/Methods/43_Forcing_Based/1_ERF_FaIR/FaIR_anthro_method.py:67: RuntimeWarning: Mean of empty slice
  return np.nanmean(samp_cur[year_idx-1850, :], axis = 1)
/oscar/data/deeps/private/bfoxkemp/jnickla1/Thorne_15_codefigurestats/Methods/43_Forcing_Based/1_ERF_FaIR/FaIR_nonat_unB_method.py:92: RuntimeWarning: Mean of empty slice
  return np.nanmean(samp_cur[year_idx-1850, :], axis = 1)
/oscar/data/deeps/private/bfoxkemp/jnickla1/Thorne_15_codefigurestats/Methods/43_Forcing_Based/1_ERF_FaIR/FaIR_anthro_unB_method.py:89: RuntimeWarning: Mean of empty slice
  return np.nanmean(samp_cur[year_idx-1850, :], axis = 1)
/oscar/data/deeps/private/bfoxkemp/jnickla1/Thorne_15_codefigurestats/Methods/43_Forcing_Based/1_ERF_FaIR/FaIR_comb_unB_method.py:152: RuntimeWarning: Mean of empty slice
  return np.nanmean(samp_cur[year_idx-1850, :], axis = 1)
/oscar/data/deeps/private/bfoxkemp/jnickla1/Thorne_15_codefigurestats/Methods/43_Forcing_Based/1_ERF_FaIR/FaIR_nonat_method.py:68: RuntimeWarning: Mean of empty slice
  return np.nanmean(samp_cur[year_idx-1850, :], axis = 1)
/oscar/data/deeps/private/bfoxkemp/jnickla1/Thorne_15_codefigurestats/Methods/43_Forcing_Based/1_ERF_FaIR/FaIR_anthro_method.py:67: RuntimeWarning: Mean of empty slice
  return np.nanmean(samp_cur[year_idx-1850, :], axis = 1)
/oscar/data/deeps/private/bfoxkemp/jnickla1/Thorne_15_codefigurestats/Methods/43_Forcing_Based/1_ERF_FaIR/FaIR_anthro_unB_method.py:89: RuntimeWarning: Mean of empty slice
  return np.nanmean(samp_cur[year_idx-1850, :], axis = 1)
/oscar/data/deeps/private/bfoxkemp/jnickla1/Thorne_15_codefigurestats/Methods/43_Forcing_Based/1_ERF_FaIR/FaIR_nonat_unB_method.py:92: RuntimeWarning: Mean of empty slice
  return np.nanmean(samp_cur[year_idx-1850, :], axis = 1)
/oscar/data/deeps/private/bfoxkemp/jnickla1/Thorne_15_codefigurestats/Methods/43_Forcing_Based/1_ERF_FaIR/FaIR_nonat_method.py:68: RuntimeWarning: Mean of empty slice
  return np.nanmean(samp_cur[year_idx-1850, :], axis = 1)
/oscar/data/deeps/private/bfoxkemp/jnickla1/Thorne_15_codefigurestats/Methods/43_Forcing_Based/1_ERF_FaIR/FaIR_nonat_unB_method.py:92: RuntimeWarning: Mean of empty slice
  return np.nanmean(samp_cur[year_idx-1850, :], axis = 1)
/oscar/data/deeps/private/bfoxkemp/jnickla1/Thorne_15_codefigurestats/Methods/43_Forcing_Based/1_ERF_FaIR/FaIR_all_method.py:68: RuntimeWarning: Mean of empty slice
  return np.nanmean(samp_cur[year_idx-1850, :], axis = 1)
/oscar/data/deeps/private/bfoxkemp/jnickla1/Thorne_15_codefigurestats/Methods/43_Forcing_Based/1_ERF_FaIR/FaIR_all_unB_method.py:90: RuntimeWarning: Mean of empty slice
  return np.nanmean(samp_cur[year_idx-1850, :], axis = 1)
/oscar/data/deeps/private/bfoxkemp/jnickla1/Thorne_15_codefigurestats/Methods/43_Forcing_Based/1_ERF_FaIR/FaIR_comb_unB_method.py:152: RuntimeWarning: Mean of empty slice
  return np.nanmean(samp_cur[year_idx-1850, :], axis = 1)
/oscar/data/deeps/private/bfoxkemp/jnickla1/Thorne_15_codefigurestats/Methods/43_Forcing_Based/1_ERF_FaIR/FaIR_anthro_method.py:67: RuntimeWarning: Mean of empty slice
  return np.nanmean(samp_cur[year_idx-1850, :], axis = 1)
/oscar/data/deeps/private/bfoxkemp/jnickla1/Thorne_15_codefigurestats/Methods/43_Forcing_Based/1_ERF_FaIR/FaIR_anthro_unB_method.py:89: RuntimeWarning: Mean of empty slice
  return np.nanmean(samp_cur[year_idx-1850, :], axis = 1)
/oscar/data/deeps/private/bfoxkemp/jnickla1/Thorne_15_codefigurestats/Methods/43_Forcing_Based/1_ERF_FaIR/FaIR_nonat_method.py:68: RuntimeWarning: Mean of empty slice
  return np.nanmean(samp_cur[year_idx-1850, :], axis = 1)
/oscar/data/deeps/private/bfoxkemp/jnickla1/Thorne_15_codefigurestats/Methods/43_Forcing_Based/1_ERF_FaIR/FaIR_nonat_unB_method.py:92: RuntimeWarning: Mean of empty slice
  return np.nanmean(samp_cur[year_idx-1850, :], axis = 1)
/oscar/data/deeps/private/bfoxkemp/jnickla1/Thorne_15_codefigurestats/Methods/43_Forcing_Based/1_ERF_FaIR/FaIR_all_method.py:68: RuntimeWarning: Mean of empty slice
  return np.nanmean(samp_cur[year_idx-1850, :], axis = 1)
/oscar/data/deeps/private/bfoxkemp/jnickla1/Thorne_15_codefigurestats/Methods/43_Forcing_Based/1_ERF_FaIR/FaIR_all_unB_method.py:90: RuntimeWarning: Mean of empty slice
  return np.nanmean(samp_cur[year_idx-1850, :], axis = 1)
/oscar/data/deeps/private/bfoxkemp/jnickla1/Thorne_15_codefigurestats/Methods/43_Forcing_Based/1_ERF_FaIR/FaIR_comb_unB_method.py:152: RuntimeWarning: Mean of empty slice
  return np.nanmean(samp_cur[year_idx-1850, :], axis = 1)
/oscar/data/deeps/private/bfoxkemp/jnickla1/Thorne_15_codefigurestats/Methods/43_Forcing_Based/1_ERF_FaIR/FaIR_anthro_method.py:67: RuntimeWarning: Mean of empty slice
  return np.nanmean(samp_cur[year_idx-1850, :], axis = 1)
/users/jnickla1/.conda/envs/cleanpy/lib/python3.13/site-packages/numpy/lib/_nanfunctions_impl.py:2019: RuntimeWarning: Degrees of freedom <= 0 for slice.
  var = nanvar(a, axis=axis, dtype=dtype, out=out, ddof=ddof,
/oscar/data/deeps/private/bfoxkemp/jnickla1/Thorne_15_codefigurestats/Methods/43_Forcing_Based/1_ERF_FaIR/FaIR_anthro_method.py:95: RuntimeWarning: Mean of empty slice
  cdist = np.nanmean(dist)
/oscar/data/deeps/private/bfoxkemp/jnickla1/Thorne_15_codefigurestats/Methods/43_Forcing_Based/1_ERF_FaIR/FaIR_anthro_method.py:67: RuntimeWarning: Mean of empty slice
  return np.nanmean(samp_cur[year_idx-1850, :], axis = 1)
/users/jnickla1/.conda/envs/cleanpy/lib/python3.13/site-packages/numpy/lib/_nanfunctions_impl.py:2019: RuntimeWarning: Degrees of freedom <= 0 for slice.
  var = nanvar(a, axis=axis, dtype=dtype, out=out, ddof=ddof,
/oscar/data/deeps/private/bfoxkemp/jnickla1/Thorne_15_codefigurestats/Methods/43_Forcing_Based/1_ERF_FaIR/FaIR_anthro_method.py:95: RuntimeWarning: Mean of empty slice
  cdist = np.nanmean(dist)
/oscar/data/deeps/private/bfoxkemp/jnickla1/Thorne_15_codefigurestats/Methods/43_Forcing_Based/1_ERF_FaIR/FaIR_anthro_unB_method.py:89: RuntimeWarning: Mean of empty slice
  return np.nanmean(samp_cur[year_idx-1850, :], axis = 1)
/users/jnickla1/.conda/envs/cleanpy/lib/python3.13/site-packages/numpy/lib/_nanfunctions_impl.py:2019: RuntimeWarning: Degrees of freedom <= 0 for slice.
  var = nanvar(a, axis=axis, dtype=dtype, out=out, ddof=ddof,
/oscar/data/deeps/private/bfoxkemp/jnickla1/Thorne_15_codefigurestats/Methods/43_Forcing_Based/1_ERF_FaIR/FaIR_anthro_unB_method.py:117: RuntimeWarning: Mean of empty slice
  cdist = np.nanmean(dist)
/oscar/data/deeps/private/bfoxkemp/jnickla1/Thorne_15_codefigurestats/Methods/43_Forcing_Based/1_ERF_FaIR/FaIR_anthro_unB_method.py:89: RuntimeWarning: Mean of empty slice
  return np.nanmean(samp_cur[year_idx-1850, :], axis = 1)
/users/jnickla1/.conda/envs/cleanpy/lib/python3.13/site-packages/numpy/lib/_nanfunctions_impl.py:2019: RuntimeWarning: Degrees of freedom <= 0 for slice.
  var = nanvar(a, axis=axis, dtype=dtype, out=out, ddof=ddof,
/oscar/data/deeps/private/bfoxkemp/jnickla1/Thorne_15_codefigurestats/Methods/43_Forcing_Based/1_ERF_FaIR/FaIR_anthro_unB_method.py:117: RuntimeWarning: Mean of empty slice
  cdist = np.nanmean(dist)
/oscar/data/deeps/private/bfoxkemp/jnickla1/Thorne_15_codefigurestats/Methods/43_Forcing_Based/1_ERF_FaIR/FaIR_all_method.py:53: RuntimeWarning: Mean of empty slice
  samp_mean =  np.nanmean(samp_cur, axis = 1)
/oscar/data/deeps/private/bfoxkemp/jnickla1/Thorne_15_codefigurestats/Methods/43_Forcing_Based/1_ERF_FaIR/FaIR_all_method.py:53: RuntimeWarning: Mean of empty slice
  samp_mean =  np.nanmean(samp_cur, axis = 1)
/oscar/data/deeps/private/bfoxkemp/jnickla1/Thorne_15_codefigurestats/Methods/43_Forcing_Based/1_ERF_FaIR/FaIR_all_unB_method.py:70: RuntimeWarning: Mean of empty slice
  samp_mean =  np.nanmean(samp_cur, axis = 1)
/oscar/data/deeps/private/bfoxkemp/jnickla1/Thorne_15_codefigurestats/Methods/43_Forcing_Based/1_ERF_FaIR/FaIR_all_unB_method.py:70: RuntimeWarning: Mean of empty slice
  samp_mean =  np.nanmean(samp_cur, axis = 1)
/oscar/data/deeps/private/bfoxkemp/jnickla1/Thorne_15_codefigurestats/Methods/43_Forcing_Based/1_ERF_FaIR/FaIR_anthro_method.py:53: RuntimeWarning: Mean of empty slice
  samp_mean =  np.nanmean(samp_cur, axis = 1)
/oscar/data/deeps/private/bfoxkemp/jnickla1/Thorne_15_codefigurestats/Methods/43_Forcing_Based/1_ERF_FaIR/FaIR_all_method.py:53: RuntimeWarning: Mean of empty slice
  samp_mean =  np.nanmean(samp_cur, axis = 1)
/oscar/data/deeps/private/bfoxkemp/jnickla1/Thorne_15_codefigurestats/Methods/43_Forcing_Based/1_ERF_FaIR/FaIR_anthro_method.py:53: RuntimeWarning: Mean of empty slice
  samp_mean =  np.nanmean(samp_cur, axis = 1)
/oscar/data/deeps/private/bfoxkemp/jnickla1/Thorne_15_codefigurestats/Methods/43_Forcing_Based/1_ERF_FaIR/FaIR_all_unB_method.py:70: RuntimeWarning: Mean of empty slice
  samp_mean =  np.nanmean(samp_cur, axis = 1)
/oscar/data/deeps/private/bfoxkemp/jnickla1/Thorne_15_codefigurestats/Methods/43_Forcing_Based/1_ERF_FaIR/FaIR_anthro_unB_method.py:70: RuntimeWarning: Mean of empty slice
  samp_mean =  np.nanmean(samp_cur, axis = 1)
/oscar/data/deeps/private/bfoxkemp/jnickla1/Thorne_15_codefigurestats/Methods/43_Forcing_Based/1_ERF_FaIR/FaIR_anthro_unB_method.py:70: RuntimeWarning: Mean of empty slice
  samp_mean =  np.nanmean(samp_cur, axis = 1)
/oscar/data/deeps/private/bfoxkemp/jnickla1/Thorne_15_codefigurestats/Methods/43_Forcing_Based/1_ERF_FaIR/FaIR_anthro_method.py:53: RuntimeWarning: Mean of empty slice
  samp_mean =  np.nanmean(samp_cur, axis = 1)
/oscar/data/deeps/private/bfoxkemp/jnickla1/Thorne_15_codefigurestats/Methods/43_Forcing_Based/1_ERF_FaIR/FaIR_comb_unB_method.py:70: RuntimeWarning: Mean of empty slice
  samp_mean =  np.nanmean(samp_cur, axis = 1)
/oscar/data/deeps/private/bfoxkemp/jnickla1/Thorne_15_codefigurestats/Methods/43_Forcing_Based/1_ERF_FaIR/FaIR_comb_unB_method.py:126: RuntimeWarning: Mean of empty slice
  samp_meanAll =  np.nanmean(samp_curAll, axis = 1)
/oscar/data/deeps/private/bfoxkemp/jnickla1/Thorne_15_codefigurestats/Methods/43_Forcing_Based/1_ERF_FaIR/FaIR_comb_unB_method.py:70: RuntimeWarning: Mean of empty slice
  samp_mean =  np.nanmean(samp_cur, axis = 1)
/oscar/data/deeps/private/bfoxkemp/jnickla1/Thorne_15_codefigurestats/Methods/43_Forcing_Based/1_ERF_FaIR/FaIR_anthro_unB_method.py:70: RuntimeWarning: Mean of empty slice
  samp_mean =  np.nanmean(samp_cur, axis = 1)
/oscar/data/deeps/private/bfoxkemp/jnickla1/Thorne_15_codefigurestats/Methods/43_Forcing_Based/1_ERF_FaIR/FaIR_comb_unB_method.py:126: RuntimeWarning: Mean of empty slice
  samp_meanAll =  np.nanmean(samp_curAll, axis = 1)
/oscar/data/deeps/private/bfoxkemp/jnickla1/Thorne_15_codefigurestats/Methods/43_Forcing_Based/1_ERF_FaIR/FaIR_nonat_method.py:53: RuntimeWarning: Mean of empty slice
  samp_mean =  np.nanmean(samp_cur, axis = 1)
/oscar/data/deeps/private/bfoxkemp/jnickla1/Thorne_15_codefigurestats/Methods/43_Forcing_Based/1_ERF_FaIR/FaIR_comb_unB_method.py:70: RuntimeWarning: Mean of empty slice
  samp_mean =  np.nanmean(samp_cur, axis = 1)
/oscar/data/deeps/private/bfoxkemp/jnickla1/Thorne_15_codefigurestats/Methods/43_Forcing_Based/1_ERF_FaIR/FaIR_comb_unB_method.py:126: RuntimeWarning: Mean of empty slice
  samp_meanAll =  np.nanmean(samp_curAll, axis = 1)
/oscar/data/deeps/private/bfoxkemp/jnickla1/Thorne_15_codefigurestats/Methods/43_Forcing_Based/1_ERF_FaIR/FaIR_nonat_method.py:53: RuntimeWarning: Mean of empty slice
  samp_mean =  np.nanmean(samp_cur, axis = 1)
/oscar/data/deeps/private/bfoxkemp/jnickla1/Thorne_15_codefigurestats/Methods/43_Forcing_Based/1_ERF_FaIR/FaIR_nonat_unB_method.py:72: RuntimeWarning: Mean of empty slice
  samp_mean =  np.nanmean(samp_cur, axis = 1)
/oscar/data/deeps/private/bfoxkemp/jnickla1/Thorne_15_codefigurestats/Methods/43_Forcing_Based/1_ERF_FaIR/FaIR_nonat_method.py:53: RuntimeWarning: Mean of empty slice
  samp_mean =  np.nanmean(samp_cur, axis = 1)
/oscar/data/deeps/private/bfoxkemp/jnickla1/Thorne_15_codefigurestats/Methods/43_Forcing_Based/1_ERF_FaIR/FaIR_nonat_unB_method.py:72: RuntimeWarning: Mean of empty slice
  samp_mean =  np.nanmean(samp_cur, axis = 1)
/oscar/data/deeps/private/bfoxkemp/jnickla1/Thorne_15_codefigurestats/Methods/43_Forcing_Based/1_ERF_FaIR/FaIR_all_method.py:68: RuntimeWarning: Mean of empty slice
  return np.nanmean(samp_cur[year_idx-1850, :], axis = 1)
/users/jnickla1/.conda/envs/cleanpy/lib/python3.13/site-packages/numpy/lib/_nanfunctions_impl.py:2019: RuntimeWarning: Degrees of freedom <= 0 for slice.
  var = nanvar(a, axis=axis, dtype=dtype, out=out, ddof=ddof,
/oscar/data/deeps/private/bfoxkemp/jnickla1/Thorne_15_codefigurestats/Methods/43_Forcing_Based/1_ERF_FaIR/FaIR_all_unB_method.py:90: RuntimeWarning: Mean of empty slice
  return np.nanmean(samp_cur[year_idx-1850, :], axis = 1)
/oscar/data/deeps/private/bfoxkemp/jnickla1/Thorne_15_codefigurestats/Methods/43_Forcing_Based/1_ERF_FaIR/FaIR_anthro_method.py:67: RuntimeWarning: Mean of empty slice
  return np.nanmean(samp_cur[year_idx-1850, :], axis = 1)
/oscar/data/deeps/private/bfoxkemp/jnickla1/Thorne_15_codefigurestats/Methods/43_Forcing_Based/1_ERF_FaIR/FaIR_nonat_unB_method.py:72: RuntimeWarning: Mean of empty slice
  samp_mean =  np.nanmean(samp_cur, axis = 1)
/oscar/data/deeps/private/bfoxkemp/jnickla1/Thorne_15_codefigurestats/Methods/43_Forcing_Based/1_ERF_FaIR/FaIR_all_method.py:68: RuntimeWarning: Mean of empty slice
  return np.nanmean(samp_cur[year_idx-1850, :], axis = 1)
/users/jnickla1/.conda/envs/cleanpy/lib/python3.13/site-packages/numpy/lib/_nanfunctions_impl.py:2019: RuntimeWarning: Degrees of freedom <= 0 for slice.
  var = nanvar(a, axis=axis, dtype=dtype, out=out, ddof=ddof,
/oscar/data/deeps/private/bfoxkemp/jnickla1/Thorne_15_codefigurestats/Methods/43_Forcing_Based/1_ERF_FaIR/FaIR_all_unB_method.py:90: RuntimeWarning: Mean of empty slice
  return np.nanmean(samp_cur[year_idx-1850, :], axis = 1)
/oscar/data/deeps/private/bfoxkemp/jnickla1/Thorne_15_codefigurestats/Methods/43_Forcing_Based/1_ERF_FaIR/FaIR_anthro_unB_method.py:89: RuntimeWarning: Mean of empty slice
  return np.nanmean(samp_cur[year_idx-1850, :], axis = 1)
/oscar/data/deeps/private/bfoxkemp/jnickla1/Thorne_15_codefigurestats/Methods/43_Forcing_Based/1_ERF_FaIR/FaIR_anthro_method.py:67: RuntimeWarning: Mean of empty slice
  return np.nanmean(samp_cur[year_idx-1850, :], axis = 1)
/oscar/data/deeps/private/bfoxkemp/jnickla1/Thorne_15_codefigurestats/Methods/43_Forcing_Based/1_ERF_FaIR/FaIR_comb_unB_method.py:152: RuntimeWarning: Mean of empty slice
  return np.nanmean(samp_cur[year_idx-1850, :], axis = 1)
/oscar/data/deeps/private/bfoxkemp/jnickla1/Thorne_15_codefigurestats/Methods/43_Forcing_Based/1_ERF_FaIR/FaIR_all_method.py:68: RuntimeWarning: Mean of empty slice
  return np.nanmean(samp_cur[year_idx-1850, :], axis = 1)
/users/jnickla1/.conda/envs/cleanpy/lib/python3.13/site-packages/numpy/lib/_nanfunctions_impl.py:2019: RuntimeWarning: Degrees of freedom <= 0 for slice.
  var = nanvar(a, axis=axis, dtype=dtype, out=out, ddof=ddof,
/oscar/data/deeps/private/bfoxkemp/jnickla1/Thorne_15_codefigurestats/Methods/43_Forcing_Based/1_ERF_FaIR/FaIR_all_unB_method.py:90: RuntimeWarning: Mean of empty slice
  return np.nanmean(samp_cur[year_idx-1850, :], axis = 1)
/oscar/data/deeps/private/bfoxkemp/jnickla1/Thorne_15_codefigurestats/Methods/43_Forcing_Based/1_ERF_FaIR/FaIR_anthro_unB_method.py:89: RuntimeWarning: Mean of empty slice
  return np.nanmean(samp_cur[year_idx-1850, :], axis = 1)
/oscar/data/deeps/private/bfoxkemp/jnickla1/Thorne_15_codefigurestats/Methods/43_Forcing_Based/1_ERF_FaIR/FaIR_nonat_method.py:68: RuntimeWarning: Mean of empty slice
  return np.nanmean(samp_cur[year_idx-1850, :], axis = 1)
/oscar/data/deeps/private/bfoxkemp/jnickla1/Thorne_15_codefigurestats/Methods/43_Forcing_Based/1_ERF_FaIR/FaIR_anthro_method.py:67: RuntimeWarning: Mean of empty slice
  return np.nanmean(samp_cur[year_idx-1850, :], axis = 1)
/oscar/data/deeps/private/bfoxkemp/jnickla1/Thorne_15_codefigurestats/Methods/43_Forcing_Based/1_ERF_FaIR/FaIR_comb_unB_method.py:152: RuntimeWarning: Mean of empty slice
  return np.nanmean(samp_cur[year_idx-1850, :], axis = 1)
/oscar/data/deeps/private/bfoxkemp/jnickla1/Thorne_15_codefigurestats/Methods/43_Forcing_Based/1_ERF_FaIR/FaIR_anthro_unB_method.py:89: RuntimeWarning: Mean of empty slice
  return np.nanmean(samp_cur[year_idx-1850, :], axis = 1)
/oscar/data/deeps/private/bfoxkemp/jnickla1/Thorne_15_codefigurestats/Methods/43_Forcing_Based/1_ERF_FaIR/FaIR_nonat_method.py:68: RuntimeWarning: Mean of empty slice
  return np.nanmean(samp_cur[year_idx-1850, :], axis = 1)
/oscar/data/deeps/private/bfoxkemp/jnickla1/Thorne_15_codefigurestats/Methods/43_Forcing_Based/1_ERF_FaIR/FaIR_nonat_unB_method.py:92: RuntimeWarning: Mean of empty slice
  return np.nanmean(samp_cur[year_idx-1850, :], axis = 1)
/oscar/data/deeps/private/bfoxkemp/jnickla1/Thorne_15_codefigurestats/Methods/43_Forcing_Based/1_ERF_FaIR/FaIR_comb_unB_method.py:152: RuntimeWarning: Mean of empty slice
  return np.nanmean(samp_cur[year_idx-1850, :], axis = 1)
/oscar/data/deeps/private/bfoxkemp/jnickla1/Thorne_15_codefigurestats/Methods/43_Forcing_Based/1_ERF_FaIR/FaIR_nonat_unB_method.py:92: RuntimeWarning: Mean of empty slice
  return np.nanmean(samp_cur[year_idx-1850, :], axis = 1)
/oscar/data/deeps/private/bfoxkemp/jnickla1/Thorne_15_codefigurestats/Methods/43_Forcing_Based/1_ERF_FaIR/FaIR_nonat_method.py:68: RuntimeWarning: Mean of empty slice
  return np.nanmean(samp_cur[year_idx-1850, :], axis = 1)
/oscar/data/deeps/private/bfoxkemp/jnickla1/Thorne_15_codefigurestats/Methods/43_Forcing_Based/1_ERF_FaIR/FaIR_anthro_method.py:67: RuntimeWarning: Mean of empty slice
  return np.nanmean(samp_cur[year_idx-1850, :], axis = 1)
/oscar/data/deeps/private/bfoxkemp/jnickla1/Thorne_15_codefigurestats/Methods/43_Forcing_Based/1_ERF_FaIR/FaIR_anthro_unB_method.py:89: RuntimeWarning: Mean of empty slice
  return np.nanmean(samp_cur[year_idx-1850, :], axis = 1)
/oscar/data/deeps/private/bfoxkemp/jnickla1/Thorne_15_codefigurestats/Methods/43_Forcing_Based/1_ERF_FaIR/FaIR_nonat_unB_method.py:92: RuntimeWarning: Mean of empty slice
  return np.nanmean(samp_cur[year_idx-1850, :], axis = 1)
/oscar/data/deeps/private/bfoxkemp/jnickla1/Thorne_15_codefigurestats/Methods/43_Forcing_Based/1_ERF_FaIR/FaIR_nonat_method.py:68: RuntimeWarning: Mean of empty slice
  return np.nanmean(samp_cur[year_idx-1850, :], axis = 1)
/oscar/data/deeps/private/bfoxkemp/jnickla1/Thorne_15_codefigurestats/Methods/43_Forcing_Based/1_ERF_FaIR/FaIR_anthro_method.py:67: RuntimeWarning: Mean of empty slice
  return np.nanmean(samp_cur[year_idx-1850, :], axis = 1)
/oscar/data/deeps/private/bfoxkemp/jnickla1/Thorne_15_codefigurestats/Methods/43_Forcing_Based/1_ERF_FaIR/FaIR_nonat_unB_method.py:92: RuntimeWarning: Mean of empty slice
  return np.nanmean(samp_cur[year_idx-1850, :], axis = 1)
/oscar/data/deeps/private/bfoxkemp/jnickla1/Thorne_15_codefigurestats/Methods/43_Forcing_Based/1_ERF_FaIR/FaIR_all_method.py:68: RuntimeWarning: Mean of empty slice
  return np.nanmean(samp_cur[year_idx-1850, :], axis = 1)
/oscar/data/deeps/private/bfoxkemp/jnickla1/Thorne_15_codefigurestats/Methods/43_Forcing_Based/1_ERF_FaIR/FaIR_all_unB_method.py:90: RuntimeWarning: Mean of empty slice
  return np.nanmean(samp_cur[year_idx-1850, :], axis = 1)
/oscar/data/deeps/private/bfoxkemp/jnickla1/Thorne_15_codefigurestats/Methods/43_Forcing_Based/1_ERF_FaIR/FaIR_anthro_unB_method.py:89: RuntimeWarning: Mean of empty slice
  return np.nanmean(samp_cur[year_idx-1850, :], axis = 1)
/oscar/data/deeps/private/bfoxkemp/jnickla1/Thorne_15_codefigurestats/Methods/43_Forcing_Based/1_ERF_FaIR/FaIR_nonat_method.py:68: RuntimeWarning: Mean of empty slice
  return np.nanmean(samp_cur[year_idx-1850, :], axis = 1)
/oscar/data/deeps/private/bfoxkemp/jnickla1/Thorne_15_codefigurestats/Methods/43_Forcing_Based/1_ERF_FaIR/FaIR_anthro_method.py:67: RuntimeWarning: Mean of empty slice
  return np.nanmean(samp_cur[year_idx-1850, :], axis = 1)
/oscar/data/deeps/private/bfoxkemp/jnickla1/Thorne_15_codefigurestats/Methods/43_Forcing_Based/1_ERF_FaIR/FaIR_anthro_unB_method.py:89: RuntimeWarning: Mean of empty slice
  return np.nanmean(samp_cur[year_idx-1850, :], axis = 1)
/oscar/data/deeps/private/bfoxkemp/jnickla1/Thorne_15_codefigurestats/Methods/43_Forcing_Based/1_ERF_FaIR/FaIR_comb_unB_method.py:152: RuntimeWarning: Mean of empty slice
  return np.nanmean(samp_cur[year_idx-1850, :], axis = 1)
/oscar/data/deeps/private/bfoxkemp/jnickla1/Thorne_15_codefigurestats/Methods/43_Forcing_Based/1_ERF_FaIR/FaIR_nonat_unB_method.py:92: RuntimeWarning: Mean of empty slice
  return np.nanmean(samp_cur[year_idx-1850, :], axis = 1)
/oscar/data/deeps/private/bfoxkemp/jnickla1/Thorne_15_codefigurestats/Methods/43_Forcing_Based/1_ERF_FaIR/FaIR_all_method.py:68: RuntimeWarning: Mean of empty slice
  return np.nanmean(samp_cur[year_idx-1850, :], axis = 1)
/oscar/data/deeps/private/bfoxkemp/jnickla1/Thorne_15_codefigurestats/Methods/43_Forcing_Based/1_ERF_FaIR/FaIR_nonat_method.py:68: RuntimeWarning: Mean of empty slice
  return np.nanmean(samp_cur[year_idx-1850, :], axis = 1)
/oscar/data/deeps/private/bfoxkemp/jnickla1/Thorne_15_codefigurestats/Methods/43_Forcing_Based/1_ERF_FaIR/FaIR_nonat_unB_method.py:92: RuntimeWarning: Mean of empty slice
  return np.nanmean(samp_cur[year_idx-1850, :], axis = 1)
/oscar/data/deeps/private/bfoxkemp/jnickla1/Thorne_15_codefigurestats/Methods/43_Forcing_Based/1_ERF_FaIR/FaIR_all_method.py:68: RuntimeWarning: Mean of empty slice
  return np.nanmean(samp_cur[year_idx-1850, :], axis = 1)
/oscar/data/deeps/private/bfoxkemp/jnickla1/Thorne_15_codefigurestats/Methods/43_Forcing_Based/1_ERF_FaIR/FaIR_all_unB_method.py:90: RuntimeWarning: Mean of empty slice
  return np.nanmean(samp_cur[year_idx-1850, :], axis = 1)
/oscar/data/deeps/private/bfoxkemp/jnickla1/Thorne_15_codefigurestats/Methods/43_Forcing_Based/1_ERF_FaIR/FaIR_comb_unB_method.py:152: RuntimeWarning: Mean of empty slice
  return np.nanmean(samp_cur[year_idx-1850, :], axis = 1)
/oscar/data/deeps/private/bfoxkemp/jnickla1/Thorne_15_codefigurestats/Methods/43_Forcing_Based/1_ERF_FaIR/FaIR_all_unB_method.py:90: RuntimeWarning: Mean of empty slice
  return np.nanmean(samp_cur[year_idx-1850, :], axis = 1)
/oscar/data/deeps/private/bfoxkemp/jnickla1/Thorne_15_codefigurestats/Methods/43_Forcing_Based/1_ERF_FaIR/FaIR_comb_unB_method.py:152: RuntimeWarning: Mean of empty slice
  return np.nanmean(samp_cur[year_idx-1850, :], axis = 1)
/oscar/data/deeps/private/bfoxkemp/jnickla1/Thorne_15_codefigurestats/Methods/43_Forcing_Based/1_ERF_FaIR/FaIR_anthro_method.py:67: RuntimeWarning: Mean of empty slice
  return np.nanmean(samp_cur[year_idx-1850, :], axis = 1)
/users/jnickla1/.conda/envs/cleanpy/lib/python3.13/site-packages/numpy/lib/_nanfunctions_impl.py:2019: RuntimeWarning: Degrees of freedom <= 0 for slice.
  var = nanvar(a, axis=axis, dtype=dtype, out=out, ddof=ddof,
/oscar/data/deeps/private/bfoxkemp/jnickla1/Thorne_15_codefigurestats/Methods/43_Forcing_Based/1_ERF_FaIR/FaIR_anthro_method.py:95: RuntimeWarning: Mean of empty slice
  cdist = np.nanmean(dist)
/oscar/data/deeps/private/bfoxkemp/jnickla1/Thorne_15_codefigurestats/Methods/43_Forcing_Based/1_ERF_FaIR/FaIR_nonat_method.py:68: RuntimeWarning: Mean of empty slice
  return np.nanmean(samp_cur[year_idx-1850, :], axis = 1)
/oscar/data/deeps/private/bfoxkemp/jnickla1/Thorne_15_codefigurestats/Methods/43_Forcing_Based/1_ERF_FaIR/FaIR_anthro_method.py:67: RuntimeWarning: Mean of empty slice
  return np.nanmean(samp_cur[year_idx-1850, :], axis = 1)
/users/jnickla1/.conda/envs/cleanpy/lib/python3.13/site-packages/numpy/lib/_nanfunctions_impl.py:2019: RuntimeWarning: Degrees of freedom <= 0 for slice.
  var = nanvar(a, axis=axis, dtype=dtype, out=out, ddof=ddof,
/oscar/data/deeps/private/bfoxkemp/jnickla1/Thorne_15_codefigurestats/Methods/43_Forcing_Based/1_ERF_FaIR/FaIR_nonat_method.py:96: RuntimeWarning: Mean of empty slice
  cdist = np.nanmean(dist)
/users/jnickla1/.conda/envs/cleanpy/lib/python3.13/site-packages/numpy/lib/_nanfunctions_impl.py:2019: RuntimeWarning: Degrees of freedom <= 0 for slice.
  var = nanvar(a, axis=axis, dtype=dtype, out=out, ddof=ddof,
/oscar/data/deeps/private/bfoxkemp/jnickla1/Thorne_15_codefigurestats/Methods/43_Forcing_Based/1_ERF_FaIR/FaIR_anthro_method.py:95: RuntimeWarning: Mean of empty slice
  cdist = np.nanmean(dist)
/oscar/data/deeps/private/bfoxkemp/jnickla1/Thorne_15_codefigurestats/Methods/43_Forcing_Based/1_ERF_FaIR/FaIR_anthro_method.py:67: RuntimeWarning: Mean of empty slice
  return np.nanmean(samp_cur[year_idx-1850, :], axis = 1)
/users/jnickla1/.conda/envs/cleanpy/lib/python3.13/site-packages/numpy/lib/_nanfunctions_impl.py:2019: RuntimeWarning: Degrees of freedom <= 0 for slice.
  var = nanvar(a, axis=axis, dtype=dtype, out=out, ddof=ddof,
/oscar/data/deeps/private/bfoxkemp/jnickla1/Thorne_15_codefigurestats/Methods/43_Forcing_Based/1_ERF_FaIR/FaIR_anthro_method.py:95: RuntimeWarning: Mean of empty slice
  cdist = np.nanmean(dist)
/oscar/data/deeps/private/bfoxkemp/jnickla1/Thorne_15_codefigurestats/Methods/43_Forcing_Based/1_ERF_FaIR/FaIR_nonat_method.py:68: RuntimeWarning: Mean of empty slice
  return np.nanmean(samp_cur[year_idx-1850, :], axis = 1)
/users/jnickla1/.conda/envs/cleanpy/lib/python3.13/site-packages/numpy/lib/_nanfunctions_impl.py:2019: RuntimeWarning: Degrees of freedom <= 0 for slice.
  var = nanvar(a, axis=axis, dtype=dtype, out=out, ddof=ddof,
/oscar/data/deeps/private/bfoxkemp/jnickla1/Thorne_15_codefigurestats/Methods/43_Forcing_Based/1_ERF_FaIR/FaIR_nonat_method.py:96: RuntimeWarning: Mean of empty slice
  cdist = np.nanmean(dist)
/oscar/data/deeps/private/bfoxkemp/jnickla1/Thorne_15_codefigurestats/Methods/43_Forcing_Based/1_ERF_FaIR/FaIR_anthro_unB_method.py:89: RuntimeWarning: Mean of empty slice
  return np.nanmean(samp_cur[year_idx-1850, :], axis = 1)
/users/jnickla1/.conda/envs/cleanpy/lib/python3.13/site-packages/numpy/lib/_nanfunctions_impl.py:2019: RuntimeWarning: Degrees of freedom <= 0 for slice.
  var = nanvar(a, axis=axis, dtype=dtype, out=out, ddof=ddof,
/oscar/data/deeps/private/bfoxkemp/jnickla1/Thorne_15_codefigurestats/Methods/43_Forcing_Based/1_ERF_FaIR/FaIR_anthro_unB_method.py:117: RuntimeWarning: Mean of empty slice
  cdist = np.nanmean(dist)
/oscar/data/deeps/private/bfoxkemp/jnickla1/Thorne_15_codefigurestats/Methods/43_Forcing_Based/1_ERF_FaIR/FaIR_nonat_unB_method.py:92: RuntimeWarning: Mean of empty slice
  return np.nanmean(samp_cur[year_idx-1850, :], axis = 1)
/users/jnickla1/.conda/envs/cleanpy/lib/python3.13/site-packages/numpy/lib/_nanfunctions_impl.py:2019: RuntimeWarning: Degrees of freedom <= 0 for slice.
  var = nanvar(a, axis=axis, dtype=dtype, out=out, ddof=ddof,
/oscar/data/deeps/private/bfoxkemp/jnickla1/Thorne_15_codefigurestats/Methods/43_Forcing_Based/1_ERF_FaIR/FaIR_nonat_unB_method.py:120: RuntimeWarning: Mean of empty slice
  cdist = np.nanmean(dist)
/oscar/data/deeps/private/bfoxkemp/jnickla1/Thorne_15_codefigurestats/Methods/43_Forcing_Based/1_ERF_FaIR/FaIR_nonat_unB_method.py:92: RuntimeWarning: Mean of empty slice
  return np.nanmean(samp_cur[year_idx-1850, :], axis = 1)
/users/jnickla1/.conda/envs/cleanpy/lib/python3.13/site-packages/numpy/lib/_nanfunctions_impl.py:2019: RuntimeWarning: Degrees of freedom <= 0 for slice.
  var = nanvar(a, axis=axis, dtype=dtype, out=out, ddof=ddof,
/oscar/data/deeps/private/bfoxkemp/jnickla1/Thorne_15_codefigurestats/Methods/43_Forcing_Based/1_ERF_FaIR/FaIR_nonat_unB_method.py:120: RuntimeWarning: Mean of empty slice
  cdist = np.nanmean(dist)
/oscar/data/deeps/private/bfoxkemp/jnickla1/Thorne_15_codefigurestats/Methods/43_Forcing_Based/1_ERF_FaIR/FaIR_anthro_unB_method.py:89: RuntimeWarning: Mean of empty slice
  return np.nanmean(samp_cur[year_idx-1850, :], axis = 1)
/users/jnickla1/.conda/envs/cleanpy/lib/python3.13/site-packages/numpy/lib/_nanfunctions_impl.py:2019: RuntimeWarning: Degrees of freedom <= 0 for slice.
  var = nanvar(a, axis=axis, dtype=dtype, out=out, ddof=ddof,
/oscar/data/deeps/private/bfoxkemp/jnickla1/Thorne_15_codefigurestats/Methods/43_Forcing_Based/1_ERF_FaIR/FaIR_anthro_unB_method.py:117: RuntimeWarning: Mean of empty slice
  cdist = np.nanmean(dist)
/oscar/data/deeps/private/bfoxkemp/jnickla1/Thorne_15_codefigurestats/Methods/43_Forcing_Based/1_ERF_FaIR/FaIR_anthro_unB_method.py:89: RuntimeWarning: Mean of empty slice
  return np.nanmean(samp_cur[year_idx-1850, :], axis = 1)
/users/jnickla1/.conda/envs/cleanpy/lib/python3.13/site-packages/numpy/lib/_nanfunctions_impl.py:2019: RuntimeWarning: Degrees of freedom <= 0 for slice.
  var = nanvar(a, axis=axis, dtype=dtype, out=out, ddof=ddof,
/oscar/data/deeps/private/bfoxkemp/jnickla1/Thorne_15_codefigurestats/Methods/43_Forcing_Based/1_ERF_FaIR/FaIR_anthro_unB_method.py:117: RuntimeWarning: Mean of empty slice
  cdist = np.nanmean(dist)
/oscar/data/deeps/private/bfoxkemp/jnickla1/Thorne_15_codefigurestats/Methods/43_Forcing_Based/1_ERF_FaIR/FaIR_nonat_method.py:68: RuntimeWarning: Mean of empty slice
  return np.nanmean(samp_cur[year_idx-1850, :], axis = 1)
/users/jnickla1/.conda/envs/cleanpy/lib/python3.13/site-packages/numpy/lib/_nanfunctions_impl.py:2019: RuntimeWarning: Degrees of freedom <= 0 for slice.
  var = nanvar(a, axis=axis, dtype=dtype, out=out, ddof=ddof,
/oscar/data/deeps/private/bfoxkemp/jnickla1/Thorne_15_codefigurestats/Methods/43_Forcing_Based/1_ERF_FaIR/FaIR_nonat_method.py:96: RuntimeWarning: Mean of empty slice
  cdist = np.nanmean(dist)
/oscar/data/deeps/private/bfoxkemp/jnickla1/Thorne_15_codefigurestats/Methods/43_Forcing_Based/1_ERF_FaIR/FaIR_all_method.py:68: RuntimeWarning: Mean of empty slice
  return np.nanmean(samp_cur[year_idx-1850, :], axis = 1)
/users/jnickla1/.conda/envs/cleanpy/lib/python3.13/site-packages/numpy/lib/_nanfunctions_impl.py:2019: RuntimeWarning: Degrees of freedom <= 0 for slice.
  var = nanvar(a, axis=axis, dtype=dtype, out=out, ddof=ddof,
/oscar/data/deeps/private/bfoxkemp/jnickla1/Thorne_15_codefigurestats/Methods/43_Forcing_Based/1_ERF_FaIR/FaIR_all_method.py:96: RuntimeWarning: Mean of empty slice
  cdist = np.nanmean(dist)
/oscar/data/deeps/private/bfoxkemp/jnickla1/Thorne_15_codefigurestats/Methods/43_Forcing_Based/1_ERF_FaIR/FaIR_all_method.py:68: RuntimeWarning: Mean of empty slice
  return np.nanmean(samp_cur[year_idx-1850, :], axis = 1)
/users/jnickla1/.conda/envs/cleanpy/lib/python3.13/site-packages/numpy/lib/_nanfunctions_impl.py:2019: RuntimeWarning: Degrees of freedom <= 0 for slice.
  var = nanvar(a, axis=axis, dtype=dtype, out=out, ddof=ddof,
/oscar/data/deeps/private/bfoxkemp/jnickla1/Thorne_15_codefigurestats/Methods/43_Forcing_Based/1_ERF_FaIR/FaIR_all_method.py:96: RuntimeWarning: Mean of empty slice
  cdist = np.nanmean(dist)
/oscar/data/deeps/private/bfoxkemp/jnickla1/Thorne_15_codefigurestats/Methods/43_Forcing_Based/1_ERF_FaIR/FaIR_nonat_method.py:68: RuntimeWarning: Mean of empty slice
  return np.nanmean(samp_cur[year_idx-1850, :], axis = 1)
/users/jnickla1/.conda/envs/cleanpy/lib/python3.13/site-packages/numpy/lib/_nanfunctions_impl.py:2019: RuntimeWarning: Degrees of freedom <= 0 for slice.
  var = nanvar(a, axis=axis, dtype=dtype, out=out, ddof=ddof,
/oscar/data/deeps/private/bfoxkemp/jnickla1/Thorne_15_codefigurestats/Methods/43_Forcing_Based/1_ERF_FaIR/FaIR_nonat_method.py:96: RuntimeWarning: Mean of empty slice
  cdist = np.nanmean(dist)
/oscar/data/deeps/private/bfoxkemp/jnickla1/Thorne_15_codefigurestats/Methods/43_Forcing_Based/1_ERF_FaIR/FaIR_nonat_unB_method.py:92: RuntimeWarning: Mean of empty slice
  return np.nanmean(samp_cur[year_idx-1850, :], axis = 1)
/users/jnickla1/.conda/envs/cleanpy/lib/python3.13/site-packages/numpy/lib/_nanfunctions_impl.py:2019: RuntimeWarning: Degrees of freedom <= 0 for slice.
  var = nanvar(a, axis=axis, dtype=dtype, out=out, ddof=ddof,
/oscar/data/deeps/private/bfoxkemp/jnickla1/Thorne_15_codefigurestats/Methods/43_Forcing_Based/1_ERF_FaIR/FaIR_nonat_unB_method.py:120: RuntimeWarning: Mean of empty slice
  cdist = np.nanmean(dist)
/oscar/data/deeps/private/bfoxkemp/jnickla1/Thorne_15_codefigurestats/fut_evaluation_script.py:427: RuntimeWarning: Mean of empty slice
  evalmean = np.nanmean(diffcross) #if crossing multiple times take the mean
/oscar/data/deeps/private/bfoxkemp/jnickla1/Thorne_15_codefigurestats/fut_evaluation_script.py:427: RuntimeWarning: Mean of empty slice
  evalmean = np.nanmean(diffcross) #if crossing multiple times take the mean
/oscar/data/deeps/private/bfoxkemp/jnickla1/Thorne_15_codefigurestats/fut_evaluation_script.py:464: RuntimeWarning: Mean of empty slice
  evalmean = np.nanmean(diffcrossE) #if crossing multiple times take the mean
/oscar/data/deeps/private/bfoxkemp/jnickla1/Thorne_15_codefigurestats/fut_evaluation_script.py:464: RuntimeWarning: Mean of empty slice
  evalmean = np.nanmean(diffcrossE) #if crossing multiple times take the mean
/oscar/data/deeps/private/bfoxkemp/jnickla1/Thorne_15_codefigurestats/Methods/43_Forcing_Based/1_ERF_FaIR/FaIR_nonat_unB_method.py:92: RuntimeWarning: Mean of empty slice
  return np.nanmean(samp_cur[year_idx-1850, :], axis = 1)
/users/jnickla1/.conda/envs/cleanpy/lib/python3.13/site-packages/numpy/lib/_nanfunctions_impl.py:2019: RuntimeWarning: Degrees of freedom <= 0 for slice.
  var = nanvar(a, axis=axis, dtype=dtype, out=out, ddof=ddof,
/oscar/data/deeps/private/bfoxkemp/jnickla1/Thorne_15_codefigurestats/Methods/43_Forcing_Based/1_ERF_FaIR/FaIR_nonat_unB_method.py:120: RuntimeWarning: Mean of empty slice
  cdist = np.nanmean(dist)
/oscar/data/deeps/private/bfoxkemp/jnickla1/Thorne_15_codefigurestats/Methods/43_Forcing_Based/1_ERF_FaIR/FaIR_nonat_method.py:68: RuntimeWarning: Mean of empty slice
  return np.nanmean(samp_cur[year_idx-1850, :], axis = 1)
/users/jnickla1/.conda/envs/cleanpy/lib/python3.13/site-packages/numpy/lib/_nanfunctions_impl.py:2019: RuntimeWarning: Degrees of freedom <= 0 for slice.
  var = nanvar(a, axis=axis, dtype=dtype, out=out, ddof=ddof,
/oscar/data/deeps/private/bfoxkemp/jnickla1/Thorne_15_codefigurestats/Methods/43_Forcing_Based/1_ERF_FaIR/FaIR_nonat_method.py:96: RuntimeWarning: Mean of empty slice
  cdist = np.nanmean(dist)
/oscar/data/deeps/private/bfoxkemp/jnickla1/Thorne_15_codefigurestats/Methods/43_Forcing_Based/1_ERF_FaIR/FaIR_all_unB_method.py:90: RuntimeWarning: Mean of empty slice
  return np.nanmean(samp_cur[year_idx-1850, :], axis = 1)
/users/jnickla1/.conda/envs/cleanpy/lib/python3.13/site-packages/numpy/lib/_nanfunctions_impl.py:2019: RuntimeWarning: Degrees of freedom <= 0 for slice.
  var = nanvar(a, axis=axis, dtype=dtype, out=out, ddof=ddof,
/oscar/data/deeps/private/bfoxkemp/jnickla1/Thorne_15_codefigurestats/Methods/43_Forcing_Based/1_ERF_FaIR/FaIR_all_unB_method.py:118: RuntimeWarning: Mean of empty slice
  cdist = np.nanmean(dist)
/oscar/data/deeps/private/bfoxkemp/jnickla1/Thorne_15_codefigurestats/Methods/43_Forcing_Based/1_ERF_FaIR/FaIR_all_unB_method.py:90: RuntimeWarning: Mean of empty slice
  return np.nanmean(samp_cur[year_idx-1850, :], axis = 1)
/users/jnickla1/.conda/envs/cleanpy/lib/python3.13/site-packages/numpy/lib/_nanfunctions_impl.py:2019: RuntimeWarning: Degrees of freedom <= 0 for slice.
  var = nanvar(a, axis=axis, dtype=dtype, out=out, ddof=ddof,
/oscar/data/deeps/private/bfoxkemp/jnickla1/Thorne_15_codefigurestats/Methods/43_Forcing_Based/1_ERF_FaIR/FaIR_all_unB_method.py:118: RuntimeWarning: Mean of empty slice
  cdist = np.nanmean(dist)
/oscar/data/deeps/private/bfoxkemp/jnickla1/Thorne_15_codefigurestats/Methods/43_Forcing_Based/1_ERF_FaIR/FaIR_all_method.py:68: RuntimeWarning: Mean of empty slice
  return np.nanmean(samp_cur[year_idx-1850, :], axis = 1)
/users/jnickla1/.conda/envs/cleanpy/lib/python3.13/site-packages/numpy/lib/_nanfunctions_impl.py:2019: RuntimeWarning: Degrees of freedom <= 0 for slice.
  var = nanvar(a, axis=axis, dtype=dtype, out=out, ddof=ddof,
/oscar/data/deeps/private/bfoxkemp/jnickla1/Thorne_15_codefigurestats/Methods/43_Forcing_Based/1_ERF_FaIR/FaIR_all_method.py:96: RuntimeWarning: Mean of empty slice
  cdist = np.nanmean(dist)
/oscar/data/deeps/private/bfoxkemp/jnickla1/Thorne_15_codefigurestats/Methods/43_Forcing_Based/1_ERF_FaIR/FaIR_all_method.py:68: RuntimeWarning: Mean of empty slice
  return np.nanmean(samp_cur[year_idx-1850, :], axis = 1)
/users/jnickla1/.conda/envs/cleanpy/lib/python3.13/site-packages/numpy/lib/_nanfunctions_impl.py:2019: RuntimeWarning: Degrees of freedom <= 0 for slice.
  var = nanvar(a, axis=axis, dtype=dtype, out=out, ddof=ddof,
/oscar/data/deeps/private/bfoxkemp/jnickla1/Thorne_15_codefigurestats/Methods/43_Forcing_Based/1_ERF_FaIR/FaIR_all_method.py:96: RuntimeWarning: Mean of empty slice
  cdist = np.nanmean(dist)
/oscar/data/deeps/private/bfoxkemp/jnickla1/Thorne_15_codefigurestats/Methods/43_Forcing_Based/1_ERF_FaIR/FaIR_comb_unB_method.py:152: RuntimeWarning: Mean of empty slice
  return np.nanmean(samp_cur[year_idx-1850, :], axis = 1)
/users/jnickla1/.conda/envs/cleanpy/lib/python3.13/site-packages/numpy/lib/_nanfunctions_impl.py:2019: RuntimeWarning: Degrees of freedom <= 0 for slice.
  var = nanvar(a, axis=axis, dtype=dtype, out=out, ddof=ddof,
/oscar/data/deeps/private/bfoxkemp/jnickla1/Thorne_15_codefigurestats/Methods/43_Forcing_Based/1_ERF_FaIR/FaIR_comb_unB_method.py:180: RuntimeWarning: Mean of empty slice
  cdist = np.nanmean(dist)
/oscar/data/deeps/private/bfoxkemp/jnickla1/Thorne_15_codefigurestats/Methods/43_Forcing_Based/1_ERF_FaIR/FaIR_comb_unB_method.py:152: RuntimeWarning: Mean of empty slice
  return np.nanmean(samp_cur[year_idx-1850, :], axis = 1)
/users/jnickla1/.conda/envs/cleanpy/lib/python3.13/site-packages/numpy/lib/_nanfunctions_impl.py:2019: RuntimeWarning: Degrees of freedom <= 0 for slice.
  var = nanvar(a, axis=axis, dtype=dtype, out=out, ddof=ddof,
/oscar/data/deeps/private/bfoxkemp/jnickla1/Thorne_15_codefigurestats/Methods/43_Forcing_Based/1_ERF_FaIR/FaIR_comb_unB_method.py:180: RuntimeWarning: Mean of empty slice
  cdist = np.nanmean(dist)
/oscar/data/deeps/private/bfoxkemp/jnickla1/Thorne_15_codefigurestats/Methods/43_Forcing_Based/1_ERF_FaIR/FaIR_all_unB_method.py:90: RuntimeWarning: Mean of empty slice
  return np.nanmean(samp_cur[year_idx-1850, :], axis = 1)
/users/jnickla1/.conda/envs/cleanpy/lib/python3.13/site-packages/numpy/lib/_nanfunctions_impl.py:2019: RuntimeWarning: Degrees of freedom <= 0 for slice.
  var = nanvar(a, axis=axis, dtype=dtype, out=out, ddof=ddof,
/oscar/data/deeps/private/bfoxkemp/jnickla1/Thorne_15_codefigurestats/Methods/43_Forcing_Based/1_ERF_FaIR/FaIR_all_unB_method.py:118: RuntimeWarning: Mean of empty slice
  cdist = np.nanmean(dist)
/oscar/data/deeps/private/bfoxkemp/jnickla1/Thorne_15_codefigurestats/Methods/43_Forcing_Based/1_ERF_FaIR/FaIR_nonat_unB_method.py:92: RuntimeWarning: Mean of empty slice
  return np.nanmean(samp_cur[year_idx-1850, :], axis = 1)
/users/jnickla1/.conda/envs/cleanpy/lib/python3.13/site-packages/numpy/lib/_nanfunctions_impl.py:2019: RuntimeWarning: Degrees of freedom <= 0 for slice.
  var = nanvar(a, axis=axis, dtype=dtype, out=out, ddof=ddof,
/oscar/data/deeps/private/bfoxkemp/jnickla1/Thorne_15_codefigurestats/Methods/43_Forcing_Based/1_ERF_FaIR/FaIR_nonat_unB_method.py:120: RuntimeWarning: Mean of empty slice
  cdist = np.nanmean(dist)
/oscar/data/deeps/private/bfoxkemp/jnickla1/Thorne_15_codefigurestats/Methods/43_Forcing_Based/1_ERF_FaIR/FaIR_comb_unB_method.py:152: RuntimeWarning: Mean of empty slice
  return np.nanmean(samp_cur[year_idx-1850, :], axis = 1)
/users/jnickla1/.conda/envs/cleanpy/lib/python3.13/site-packages/numpy/lib/_nanfunctions_impl.py:2019: RuntimeWarning: Degrees of freedom <= 0 for slice.
  var = nanvar(a, axis=axis, dtype=dtype, out=out, ddof=ddof,
/oscar/data/deeps/private/bfoxkemp/jnickla1/Thorne_15_codefigurestats/Methods/43_Forcing_Based/1_ERF_FaIR/FaIR_comb_unB_method.py:180: RuntimeWarning: Mean of empty slice
  cdist = np.nanmean(dist)
starting computation for fut_NorESM_RCP45_VolcConst
max_runs24
Model number:
23




Methods/42_Temp_Alone/1_Run_Means/cent10y_method.py
Methods/42_Temp_Alone/1_Run_Means/cent20y_method.py
Methods/42_Temp_Alone/1_Run_Means/cent21y_method.py
Methods/42_Temp_Alone/1_Run_Means/cent30y_method.py
Methods/42_Temp_Alone/1_Run_Means/lag10y_method.py
Methods/42_Temp_Alone/1_Run_Means/lag5y_method.py
Methods/42_Temp_Alone/1_Run_Means/offset11y_method.py
Methods/42_Temp_Alone/1_Run_Means/raw1y_method.py
Methods/43_Forcing_Based/1_ERF_FaIR/FaIR_all_method.py
Methods/43_Forcing_Based/1_ERF_FaIR/FaIR_all_unB_method.py
Methods/43_Forcing_Based/1_ERF_FaIR/FaIR_anthro_method.py
Methods/43_Forcing_Based/1_ERF_FaIR/FaIR_anthro_unB_method.py
Methods/43_Forcing_Based/1_ERF_FaIR/FaIR_comb_unB_method.py
Methods/43_Forcing_Based/1_ERF_FaIR/FaIR_nonat_method.py
Methods/43_Forcing_Based/1_ERF_FaIR/FaIR_nonat_unB_method.py
evaluating 13 of 0.1°C thresholds, starting at 1.1°C
11
FaIR_anthro sampled, d llike: 0.07832543033209571
FaIR_anthro sampled, d llike: -23.656519859440305
FaIR_anthro_unB sampled, d llike: -0.02442376304067373
FaIR_anthro_unB sampled, d llike: -1.0708835445422187
FaIR_nonat sampled, d llike: 0.0220249378265982
FaIR_nonat sampled, d llike: 0.05245376038469718
FaIR_nonat_unB sampled, d llike: -0.026516954618949207
FaIR_nonat_unB sampled, d llike: -0.051936352728261914
FaIR_all sampled, d llike: -7738.606941948277
FaIR_all sampled, d llike: 0.07610844899597831
FaIR_all_unB sampled, d llike: -0.009037181264905936
FaIR_all_unB sampled, d llike: -0.05147308890687341
FaIR_comb_unB sampled, d llike: -0.025830612771045258
FaIR_comb_unB sampled, d llike: 0.0340717398162903
        method_name    method_class c/r  smooth_r  avg_unc.(1se)  #q<0.5  #q<0.1   log-likeli       RMS      bias        tlog-l       100log-l    100RMS     75RMS   100bias       l15       l20    bias50   Edyrs15    Edyrs20   Mdyrs15    Mdyrs20   Fdyrs15    Fdyrs20    EdyrsA    RMSyrsA  ncEdyrs      e100log-l   e100RMS    e75RMS  e100bias      el15      el20   ebias50  eEdyrs15   eEdyrs20  eMdyrs15   eMdyrs20  eFdyrs15   eFdyrs20    eEdyrsA   eRMSyrsA  nceEdyrs
21    FaIR_comb_unB   43/1_ERF_FaIR   c     2.928       0.081483       0       0     1.241086  0.066518  0.032675  1.936094e+02     105.818874  0.069757  0.071543  0.062328  2.159745  3.750605  0.038281 -4.750000  -2.916667 -4.750000  -2.916667 -4.750000  -2.916667 -3.987179   4.412855     13.0     116.286069  0.056394  0.055267  0.035096  2.155577  4.339297 -0.006049 -4.833333   0.416667 -4.833333   0.416667 -4.833333   0.416667  -2.262821   2.262821      13.0
2             raw1y  42/1_Run_Means   c    32.573       0.098992       3       0     0.992611  0.087883  0.000465  2.283005e+02     105.054434  0.072170  0.072145  0.003419  2.659605  3.486601  0.008465 -0.388889  -0.333333  4.750000  -5.500000 -3.833333  -5.500000 -0.190278   2.538051     34.3      96.778644  0.081849  0.085656 -0.023814  2.654256  3.992418 -0.035865 -0.472222   3.000000  4.666667   7.750000 -3.916667  -2.166667   1.534081   1.534081      34.3
9       FaIR_anthro   43/1_ERF_FaIR   c     2.357       0.097932      57       0     0.115940  0.137093 -0.107637  1.855048e+01     103.216598  0.058039  0.059684 -0.045448  3.243487  2.655671 -0.071993 -0.083333   5.666667 -0.083333   5.666667 -0.083333   5.666667  2.955128   4.476613     14.0      84.868441  0.087905  0.094630 -0.072681  3.243936  1.762919 -0.116323 -0.166667   9.000000 -0.166667   9.000000 -0.166667   9.000000   4.679487   4.679487      14.0
15   FaIR_nonat_unB   43/1_ERF_FaIR   c     2.960       0.093209       0       0     1.153158  0.071721  0.017811  1.845053e+02     100.455719  0.069083  0.069958  0.061225  2.149194  3.573746  0.035652 -4.750000  -2.083333 -4.750000  -2.083333 -4.750000  -2.083333 -3.910256   4.379927     13.0     108.317911  0.057724  0.056148  0.033992  2.146131  3.728718 -0.008678 -4.833333   1.250000 -4.833333   1.250000 -4.833333   1.250000  -2.185897   2.185897      13.0
19     FaIR_all_unB   43/1_ERF_FaIR   c     3.974       0.093975       0       0     1.028703  0.082781  0.047156  1.645925e+02      98.100285  0.072903  0.073116  0.062553  2.067153  3.361293  0.033521 -4.333333  -3.500000 -4.333333  -3.500000 -4.333333  -3.500000 -3.900641   4.323599     14.0     106.600465  0.060241  0.057556  0.035321  2.063995  3.593104 -0.010808 -4.416667  -0.166667 -4.416667  -0.166667 -4.416667  -0.166667  -2.176282   2.176282      14.0
11  FaIR_anthro_unB   43/1_ERF_FaIR   c     2.348       0.097981       0       0     0.989622  0.084923 -0.001574  1.583395e+02      96.052422  0.070529  0.072404  0.060618  2.071787  3.186378  0.034098 -4.500000  -2.666667 -4.500000  -2.666667 -4.500000  -2.666667 -3.865385   4.373275     13.0     102.153538  0.059633  0.058569  0.033386  2.068483  3.507926 -0.010231 -4.583333   0.666667 -4.583333   0.666667 -4.583333   0.666667  -2.141026   2.141026      13.0
13       FaIR_nonat   43/1_ERF_FaIR   c     2.923       0.116288       0       0     0.635200  0.123883 -0.100777  1.016319e+02      93.075625  0.061404  0.064196 -0.052384  2.930308  2.577482 -0.077987  0.250000   5.833333  0.250000   5.833333  0.250000   5.833333  3.442308   4.597647     14.0      79.854627  0.092279  0.100466 -0.079616  2.931006  1.899556 -0.122316  0.166667   9.166667  0.166667   9.166667  0.166667   9.166667   5.166667   5.166667      14.0
8         offset11y  42/1_Run_Means   c     2.632       0.030072     176     113    -1.657174  0.083661  0.064859 -3.811499e+02      39.537977  0.044447  0.049711  0.025622  3.404597  3.448679  0.042960 -1.416667  -2.166667 -1.416667  -2.166667 -1.416667  -2.166667 -1.314103   2.852593     13.0     102.425610  0.039667  0.045094 -0.001611  3.382417  7.537989 -0.001370 -1.500000   1.166667 -1.500000   1.166667 -1.500000   1.166667   0.410256   0.410256      13.0
1             lag5y  42/1_Run_Means   c     6.487       0.036445     124      35     0.431189  0.056267 -0.017655  9.917354e+01     -13.342342  0.050641  0.047256 -0.029819  5.130114  0.110270 -0.020695 -1.000000   4.000000 -1.000000   4.000000 -1.000000   4.000000  1.497863   2.168159     17.0    -308.034133  0.075529  0.080143 -0.057052  5.114269  0.090862 -0.065025 -1.083333   7.333333 -1.083333   7.333333 -1.083333   7.333333   3.222222   3.222222      17.0
0            lag10y  42/1_Run_Means   c     3.081       0.030755     151      90    -0.071974  0.064627 -0.040491 -1.655411e+01    -199.259371  0.083083  0.075369 -0.075045  6.986696  0.021868 -0.058438  2.333333   5.500000  2.333333   5.500000  2.333333   5.500000  4.509615   4.680682     14.0    -640.279322  0.109959  0.110673 -0.102278  7.012859  0.000415 -0.102768  2.250000   8.833333  2.250000   8.833333  2.250000   8.833333   6.233974   6.233974      14.0
17         FaIR_all   43/1_ERF_FaIR   c     3.986       0.005561     157     153 -8448.445984  0.148577 -0.125805 -1.351751e+06 -512968.928590  0.127501  0.131165 -0.121877  0.000000  0.000000 -0.150930  3.833333  12.000000  3.833333  12.000000  3.833333  12.000000  9.301282  11.764721     11.0 -793306.214506  0.156894  0.166426 -0.149109  0.000000  0.000000 -0.195260  3.750000  15.333333  3.750000  15.333333  3.750000  15.333333  10.570513  10.570513      11.0
4.732171527
finished this run
starting computation for fut_NorESM_RCP45_Volc
max_runs24
Model number:
23




Methods/42_Temp_Alone/1_Run_Means/cent10y_method.py
Methods/42_Temp_Alone/1_Run_Means/cent20y_method.py
Methods/42_Temp_Alone/1_Run_Means/cent21y_method.py
Methods/42_Temp_Alone/1_Run_Means/cent30y_method.py
Methods/42_Temp_Alone/1_Run_Means/lag10y_method.py
Methods/42_Temp_Alone/1_Run_Means/lag5y_method.py
Methods/42_Temp_Alone/1_Run_Means/offset11y_method.py
Methods/42_Temp_Alone/1_Run_Means/raw1y_method.py
Methods/43_Forcing_Based/1_ERF_FaIR/FaIR_all_method.py
Methods/43_Forcing_Based/1_ERF_FaIR/FaIR_all_unB_method.py
Methods/43_Forcing_Based/1_ERF_FaIR/FaIR_anthro_method.py
Methods/43_Forcing_Based/1_ERF_FaIR/FaIR_anthro_unB_method.py
Methods/43_Forcing_Based/1_ERF_FaIR/FaIR_comb_unB_method.py
Methods/43_Forcing_Based/1_ERF_FaIR/FaIR_nonat_method.py
Methods/43_Forcing_Based/1_ERF_FaIR/FaIR_nonat_unB_method.py
evaluating 13 of 0.1°C thresholds, starting at 1.1°C
11
FaIR_anthro sampled, d llike: 0.10409576942057619
FaIR_anthro sampled, d llike: -24.34016603083767
FaIR_anthro_unB sampled, d llike: -0.027674737630470236
FaIR_anthro_unB sampled, d llike: -1.4798360844404381
FaIR_nonat sampled, d llike: 0.030028094116382076
FaIR_nonat sampled, d llike: 0.06631684639552121
FaIR_nonat_unB sampled, d llike: -0.033142600754732854
FaIR_nonat_unB sampled, d llike: -0.05920770371456974
FaIR_all sampled, d llike: -7218.880549890441
FaIR_all sampled, d llike: 0.05410549053745706
FaIR_all_unB sampled, d llike: -0.008041565481118229
FaIR_all_unB sampled, d llike: -0.0573753841344663
FaIR_comb_unB sampled, d llike: -0.026162166312826418
FaIR_comb_unB sampled, d llike: -0.07794468871134508
        method_name    method_class c/r  smooth_r  avg_unc.(1se)  #q<0.5  #q<0.1   log-likeli       RMS      bias        tlog-l       100log-l    100RMS     75RMS   100bias       l15       l20    bias50       Edyrs15   Edyrs20       Mdyrs15    Mdyrs20       Fdyrs15   Fdyrs20    EdyrsA   RMSyrsA  ncEdyrs      e100log-l   e100RMS    e75RMS  e100bias           el15           el20   ebias50  eEdyrs15  eEdyrs20  eMdyrs15   eMdyrs20  eFdyrs15  eFdyrs20   eEdyrsA  eRMSyrsA  nceEdyrs
21    FaIR_comb_unB   43/1_ERF_FaIR   c     3.816       0.081270       0       0     1.214634  0.069391  0.035976  1.894828e+02     100.519505  0.075457  0.074120  0.067064  3.127226  3.435058  0.055569 -3.416667e+00 -3.833333 -3.416667e+00  -3.833333 -3.416667e+00 -3.833333 -3.628205  3.980723     15.0      94.204951  0.084277  0.090706  0.073938   2.532228e+00   2.450075e+00  0.062435 -4.166667 -6.250000 -4.166667  -6.250000 -4.166667 -6.250000 -4.326923  4.326923      15.0
15   FaIR_nonat_unB   43/1_ERF_FaIR   c     3.215       0.092545       0       0     1.146755  0.071496  0.015711  1.834809e+02      99.119838  0.069317  0.061163  0.056577  2.994563  3.242939  0.038253 -3.166667e+00 -2.583333 -3.166667e+00  -2.583333 -3.166667e+00 -2.583333 -3.141026  3.631239     14.0      97.905114  0.073147  0.074559  0.063451   2.573362e+00   2.844667e+00  0.045119 -3.916667 -5.000000 -3.916667  -5.000000 -3.916667 -5.000000 -3.839744  3.839744      14.0
9       FaIR_anthro   43/1_ERF_FaIR   c     2.535       0.097923      64       0     0.153212  0.138514 -0.109712  2.451393e+01      98.016776  0.066771  0.065369 -0.050221  2.825897  2.622133 -0.068799  1.666667e+00  5.416667  1.666667e+00   5.416667  1.666667e+00  5.416667  2.929487  4.162498     13.0     100.168356  0.058924  0.057676 -0.043346   2.899738e+00   3.586061e+00 -0.061933  0.916667  3.000000  0.916667   3.000000  0.916667  3.000000  2.230769  2.230769      13.0
11  FaIR_anthro_unB   43/1_ERF_FaIR   c     2.576       0.097892       0       0     0.984350  0.084609 -0.003624  1.574960e+02      95.132724  0.071095  0.063032  0.055838  2.913358  3.236478  0.037258 -3.583333e+00 -2.000000 -3.583333e+00  -2.000000 -3.583333e+00 -2.000000 -3.121795  3.657988     13.0      95.228208  0.074348  0.076309  0.062712   2.759606e+00   2.682813e+00  0.044123 -4.333333 -4.416667 -4.333333  -4.416667 -4.333333 -4.416667 -3.820513  3.820513      13.0
13       FaIR_nonat   43/1_ERF_FaIR   c     3.203       0.115543      18       0     0.630825  0.125607 -0.102792  1.009320e+02      90.007862  0.069640  0.072148 -0.056979  2.720783  2.355068 -0.075292  2.250000e+00  7.083333  2.250000e+00   7.083333  2.250000e+00  7.083333  3.410256  4.445179     13.0      91.777247  0.061922  0.063495 -0.050105   3.009089e+00   2.980792e+00 -0.068426  1.500000  4.666667  1.500000   4.666667  1.500000  4.666667  2.711538  2.711538      13.0
2             raw1y  42/1_Run_Means   c    33.185       0.106809       3       0     0.898824  0.096011  0.002562  2.067294e+02      83.929476  0.095123  0.085562  0.008852  3.154677  3.761490  0.018210 -1.375000e+00 -2.444444 -3.833333e+00  -5.666667 -3.833333e+00 -5.666667  0.068803  3.695120     39.2      74.315085  0.105457  0.095345  0.015726   2.983737e+00   1.611468e+00  0.025075 -2.125000 -4.861111 -4.583333  -8.083333 -4.583333 -8.083333 -0.629915  0.629915      39.2
19     FaIR_all_unB   43/1_ERF_FaIR   c     6.770       0.094558       0       0     0.912899  0.096192  0.059819  1.460638e+02      78.719248  0.099269  0.100731  0.084110  2.537801  2.491048  0.074087 -4.083333e+00 -6.166667 -4.083333e+00  -6.166667 -4.083333e+00 -6.166667 -3.013889  4.642548     19.0      69.528692  0.113435  0.120507  0.090984   1.968232e+00   1.561900e+00  0.080953 -4.833333 -8.583333 -4.833333  -8.583333 -4.833333 -8.583333 -3.712607  3.712607      19.0
8         offset11y  42/1_Run_Means   c     2.757       0.033254     173     127    -1.594725  0.087030  0.064467 -3.667868e+02      53.885894  0.058701  0.060641  0.024694  8.273088  5.143325  0.055305  1.439275e-10 -2.833333  1.439275e-10  -2.833333  1.439275e-10 -2.833333 -0.823718  2.519502     14.0      29.440787  0.066249  0.071686  0.031568   8.433914e+00   2.461238e-01  0.062170 -0.750000 -5.250000 -0.750000  -5.250000 -0.750000 -5.250000 -1.522436  1.522436      14.0
1             lag5y  42/1_Run_Means   c     6.527       0.040645     111      33     0.685121  0.062835 -0.016245  1.575777e+02      45.166211  0.067517  0.058437 -0.026143  4.292297  7.916112 -0.006792 -1.250000e+00  2.666667 -1.250000e+00   2.666667 -1.250000e+00  2.666667  3.602564  4.991205     17.0      19.009852  0.074401  0.062431 -0.019269   3.834871e+00   1.149647e+01  0.000074 -2.000000  0.250000 -2.000000   0.250000 -2.000000  0.250000  2.141026  2.141026      16.0
0            lag10y  42/1_Run_Means   c     2.985       0.034141     147      85     0.237389  0.069439 -0.040679  5.459943e+01    -127.725572  0.092374  0.091749 -0.075450  1.665922  3.484881 -0.046312  3.000000e+00  3.166667  3.000000e+00   3.166667  3.000000e+00  3.166667  4.897436  5.225370     13.0    -110.884068  0.091060  0.086114 -0.068576   2.062562e+00   1.230949e+01 -0.039446  2.250000  0.750000  2.250000   0.750000  2.250000  0.750000  4.198718  4.198718      13.0
17         FaIR_all   43/1_ERF_FaIR   c     6.715       0.005567     157     152 -7863.422748  0.140662 -0.113006 -1.258148e+06 -426832.042514  0.113278  0.103403 -0.100252  0.000000  0.000000 -0.110294  3.083333e+00  8.722222  3.083333e+00  13.916667  3.083333e+00  5.166667  7.033120  9.668390     16.0 -448636.905389  0.115364  0.101043 -0.093378  4.524105e-308  1.742364e-100 -0.103428  2.333333  6.305556  2.333333  11.500000  2.333333  2.750000  6.033120  6.033120      15.0
4.748034341
finished this run
/oscar/data/deeps/private/bfoxkemp/jnickla1/Thorne_15_codefigurestats/Methods/43_Forcing_Based/1_ERF_FaIR/FaIR_all_unB_method.py:90: RuntimeWarning: Mean of empty slice
  return np.nanmean(samp_cur[year_idx-1850, :], axis = 1)
/users/jnickla1/.conda/envs/cleanpy/lib/python3.13/site-packages/numpy/lib/_nanfunctions_impl.py:2019: RuntimeWarning: Degrees of freedom <= 0 for slice.
  var = nanvar(a, axis=axis, dtype=dtype, out=out, ddof=ddof,
/oscar/data/deeps/private/bfoxkemp/jnickla1/Thorne_15_codefigurestats/Methods/43_Forcing_Based/1_ERF_FaIR/FaIR_all_unB_method.py:118: RuntimeWarning: Mean of empty slice
  cdist = np.nanmean(dist)
/oscar/data/deeps/private/bfoxkemp/jnickla1/Thorne_15_codefigurestats/Methods/43_Forcing_Based/1_ERF_FaIR/FaIR_all_method.py:68: RuntimeWarning: Mean of empty slice
  return np.nanmean(samp_cur[year_idx-1850, :], axis = 1)
/users/jnickla1/.conda/envs/cleanpy/lib/python3.13/site-packages/numpy/lib/_nanfunctions_impl.py:2019: RuntimeWarning: Degrees of freedom <= 0 for slice.
  var = nanvar(a, axis=axis, dtype=dtype, out=out, ddof=ddof,
/oscar/data/deeps/private/bfoxkemp/jnickla1/Thorne_15_codefigurestats/Methods/43_Forcing_Based/1_ERF_FaIR/FaIR_all_method.py:96: RuntimeWarning: Mean of empty slice
  cdist = np.nanmean(dist)
starting computation for fut_ESM1-2-LR_SSP126_constVolc
max_runs24
Model number:
23




Methods/42_Temp_Alone/1_Run_Means/cent10y_method.py
Methods/42_Temp_Alone/1_Run_Means/cent20y_method.py
Methods/42_Temp_Alone/1_Run_Means/cent21y_method.py
Methods/42_Temp_Alone/1_Run_Means/cent30y_method.py
Methods/42_Temp_Alone/1_Run_Means/lag10y_method.py
Methods/42_Temp_Alone/1_Run_Means/lag5y_method.py
Methods/42_Temp_Alone/1_Run_Means/offset11y_method.py
Methods/42_Temp_Alone/1_Run_Means/raw1y_method.py
Methods/43_Forcing_Based/1_ERF_FaIR/FaIR_all_method.py
Methods/43_Forcing_Based/1_ERF_FaIR/FaIR_all_unB_method.py
Methods/43_Forcing_Based/1_ERF_FaIR/FaIR_anthro_method.py
Methods/43_Forcing_Based/1_ERF_FaIR/FaIR_anthro_unB_method.py
Methods/43_Forcing_Based/1_ERF_FaIR/FaIR_comb_unB_method.py
Methods/43_Forcing_Based/1_ERF_FaIR/FaIR_nonat_method.py
Methods/43_Forcing_Based/1_ERF_FaIR/FaIR_nonat_unB_method.py
evaluating 6 of 0.1°C thresholds, starting at 1.1°C
11
FaIR_anthro sampled, d llike: 0.034222395825894036
FaIR_anthro sampled, d llike: -1.0440819403524797
FaIR_anthro_unB sampled, d llike: 0.047782241251082436
FaIR_anthro_unB sampled, d llike: -1.4318634112987985
FaIR_nonat sampled, d llike: -0.025923822136414643
FaIR_nonat sampled, d llike: -0.03918530298824918
FaIR_nonat_unB sampled, d llike: -0.01179815651288707
FaIR_nonat_unB sampled, d llike: -0.03394284926583091
FaIR_all sampled, d llike: -1863.2709971538086
FaIR_all sampled, d llike: -0.06308838390317084
FaIR_all_unB sampled, d llike: -0.0030502956598077446
FaIR_all_unB sampled, d llike: -0.038256899139523015
FaIR_comb_unB sampled, d llike: 0.00013853972930144565
FaIR_comb_unB sampled, d llike: 0.10202045283054934
        method_name    method_class c/r  smooth_r  avg_unc.(1se)  #q<0.5  #q<0.1   log-likeli       RMS      bias         tlog-l       100log-l    100RMS     75RMS   100bias            l15  l20    bias50    Edyrs15  Edyrs20    Mdyrs15  Mdyrs20    Fdyrs15  Fdyrs20    EdyrsA   RMSyrsA  ncEdyrs      e100log-l   e100RMS    e75RMS  e100bias           el15  el20   ebias50   eEdyrs15  eEdyrs20   eMdyrs15  eMdyrs20   eFdyrs15  eFdyrs20   eEdyrsA  eRMSyrsA  nceEdyrs
21    FaIR_comb_unB   43/1_ERF_FaIR   c     1.884       0.070092       0       0     1.327808  0.063044 -0.008509     208.465803     122.950351  0.062226  0.063472  0.010821   4.931439e+00  0.0 -0.041846  -2.166667       -1  -2.166667       -1  -2.166667       -1 -1.263889  7.517341      6.0     132.285232  0.051410  0.050952  0.020588   4.867785e+00   0.0 -0.016576  -2.666667        -1  -2.666667        -1  -2.666667        -1  0.111111  0.111111       6.0
15   FaIR_nonat_unB   43/1_ERF_FaIR   c     1.915       0.079662       0       0     1.248107  0.065774 -0.007826     200.945233     118.855304  0.061800  0.063354  0.008716   4.533282e+00  0.0 -0.042778  -2.166667       -1  -2.166667       -1  -2.166667       -1 -1.194444  7.433501      6.0     125.911661  0.051072  0.051363  0.018483   4.497051e+00   0.0 -0.017508  -2.666667        -1  -2.666667        -1  -2.666667        -1  0.180556  0.180556       6.0
11  FaIR_anthro_unB   43/1_ERF_FaIR   c     1.499       0.081392       0       0     1.058540  0.078996 -0.024621     170.424864     114.907592  0.063928  0.066301  0.007907   4.111977e+00  0.0 -0.045200  -2.000000       -1  -2.000000       -1  -2.000000       -1 -1.180556  7.591342      6.0     123.107966  0.051437  0.051882  0.017674   4.065724e+00   0.0 -0.019930  -2.500000        -1  -2.500000        -1  -2.500000        -1  0.194444  0.194444       6.0
9       FaIR_anthro   43/1_ERF_FaIR   c     1.477       0.081367       0       0     1.085577  0.077046 -0.017199     174.777843     114.545263  0.065275  0.066316  0.015331   4.039086e+00  0.0 -0.037758  -2.250000       -1  -2.250000       -1  -2.250000       -1 -1.472222  7.583639      6.0     121.443585  0.054439  0.053807  0.025098   3.955062e+00   0.0 -0.012487  -2.750000        -1  -2.750000        -1  -2.750000        -1 -0.097222  0.097222       6.0
19     FaIR_all_unB   43/1_ERF_FaIR   c     2.946       0.082391       0       0     1.163061  0.074980 -0.003250     187.252849     108.476529  0.073015  0.069340  0.016552   4.227746e+00  0.0 -0.050283  -2.083333       -1  -2.083333       -1  -2.083333       -1 -1.902778  8.218867      6.0     116.840411  0.062706  0.055553  0.026319   4.243650e+00   0.0 -0.025013  -2.583333        -1  -2.583333        -1  -2.583333        -1 -0.527778  0.527778       6.0
13       FaIR_nonat   43/1_ERF_FaIR   c     1.963       0.099433       0       0     1.126336  0.067263 -0.005765     181.340052     106.884004  0.062730  0.063300  0.013916   3.583908e+00  0.0 -0.037562  -2.250000       -1  -2.250000       -1  -2.250000       -1 -1.486111  7.535948      6.0     110.974276  0.053168  0.052683  0.023682   3.554690e+00   0.0 -0.012292  -2.750000        -1  -2.750000        -1  -2.750000        -1 -0.111111  0.111111       6.0
2             raw1y  42/1_Run_Means   c    24.603       0.131567       0       0     0.663342  0.122936  0.000441     153.232111      66.595360  0.115773  0.111581  0.009998   3.189165e+00  0.0  0.004532   3.739583       -1  19.500000       -1 -12.666667       -1  0.342593  3.000735     31.8      59.283142  0.126115  0.126637  0.019764   3.196952e+00   0.0  0.029802   3.239583        -1  19.000000        -1 -13.166667        -1  1.172206  1.172206      30.8
1             lag5y  42/1_Run_Means   c     4.846       0.047819      89      35     0.549563  0.071460 -0.014024     126.948943      63.041946  0.058244  0.054487 -0.012287   5.141062e+00  0.0 -0.006172   8.972222       -1  18.250000       -1  -0.666667       -1  1.127315  6.271939     10.3     -34.708089  0.076213  0.081017 -0.002520   4.154259e+00   0.0  0.019099   8.472222        -1  17.750000        -1  -1.166667        -1  2.502315  2.502315      10.3
0            lag10y  42/1_Run_Means   c     2.510       0.039237     112      36     0.922106  0.063938 -0.031031     213.006436      61.603929  0.062822  0.053718 -0.038859   7.581056e+00  0.0 -0.010437  11.208333       -1  20.750000       -1   1.666667       -1  5.381944  6.128188      7.2     -62.052768  0.081212  0.080681 -0.029093   8.355640e+00   0.0  0.014833  10.708333        -1  20.250000        -1   1.166667        -1  6.756944  6.756944       7.2
8         offset11y  42/1_Run_Means   c     2.268       0.038026     186     121    -1.346655  0.094676  0.075395    -311.077279     -66.477474  0.082864  0.094542  0.065371   2.407177e+00  0.0  0.098277  -3.416667       -1  -3.416667       -1  -3.416667       -1 -3.594907  4.884431      9.0    -224.776071  0.107562  0.124155  0.075137   1.801642e+00   0.0  0.123547  -3.916667        -1  -3.916667        -1  -3.916667        -1 -2.219907  2.219907       9.0
17         FaIR_all   43/1_ERF_FaIR   c     2.608       0.005575     156     149 -2043.348477  0.083751  0.030025 -328979.104826 -268868.692187  0.086925  0.074403  0.050020  1.026684e-224  0.0 -0.016803  -8.500000       -1  -8.500000       -1  -8.500000       -1 -6.462963  7.256525      8.0 -240949.721112  0.082547  0.068806  0.059786  1.037538e-322   0.0  0.008468  -9.000000        -1  -9.000000        -1  -9.000000        -1 -5.087963  5.087963       8.0
5.095196595
finished this run
/oscar/data/deeps/private/bfoxkemp/jnickla1/Thorne_15_codefigurestats/Methods/43_Forcing_Based/1_ERF_FaIR/FaIR_comb_unB_method.py:152: RuntimeWarning: Mean of empty slice
  return np.nanmean(samp_cur[year_idx-1850, :], axis = 1)
/users/jnickla1/.conda/envs/cleanpy/lib/python3.13/site-packages/numpy/lib/_nanfunctions_impl.py:2019: RuntimeWarning: Degrees of freedom <= 0 for slice.
  var = nanvar(a, axis=axis, dtype=dtype, out=out, ddof=ddof,
/oscar/data/deeps/private/bfoxkemp/jnickla1/Thorne_15_codefigurestats/Methods/43_Forcing_Based/1_ERF_FaIR/FaIR_comb_unB_method.py:180: RuntimeWarning: Mean of empty slice
  cdist = np.nanmean(dist)
starting computation for fut_ESM1-2-LR_SSP245_constVolc
max_runs24
Model number:
23




Methods/42_Temp_Alone/1_Run_Means/cent10y_method.py
Methods/42_Temp_Alone/1_Run_Means/cent20y_method.py
Methods/42_Temp_Alone/1_Run_Means/cent21y_method.py
Methods/42_Temp_Alone/1_Run_Means/cent30y_method.py
Methods/42_Temp_Alone/1_Run_Means/lag10y_method.py
Methods/42_Temp_Alone/1_Run_Means/lag5y_method.py
Methods/42_Temp_Alone/1_Run_Means/offset11y_method.py
Methods/42_Temp_Alone/1_Run_Means/raw1y_method.py
Methods/43_Forcing_Based/1_ERF_FaIR/FaIR_all_method.py
Methods/43_Forcing_Based/1_ERF_FaIR/FaIR_all_unB_method.py
Methods/43_Forcing_Based/1_ERF_FaIR/FaIR_anthro_method.py
Methods/43_Forcing_Based/1_ERF_FaIR/FaIR_anthro_unB_method.py
Methods/43_Forcing_Based/1_ERF_FaIR/FaIR_comb_unB_method.py
Methods/43_Forcing_Based/1_ERF_FaIR/FaIR_nonat_method.py
Methods/43_Forcing_Based/1_ERF_FaIR/FaIR_nonat_unB_method.py
evaluating 14 of 0.1°C thresholds, starting at 1.1°C
11
FaIR_anthro sampled, d llike: 0.023697508695316616
FaIR_anthro sampled, d llike: -1.4765121418915679
FaIR_anthro_unB sampled, d llike: 0.027048903110743927
FaIR_anthro_unB sampled, d llike: -1.7329418594663133
FaIR_nonat sampled, d llike: -0.039343075909615166
FaIR_nonat sampled, d llike: -0.03716126644745499
FaIR_nonat_unB sampled, d llike: -0.02429141757129938
FaIR_nonat_unB sampled, d llike: -0.03324375655832634
FaIR_all sampled, d llike: -1221.7255378567536
FaIR_all sampled, d llike: -0.05300504521878824
FaIR_all_unB sampled, d llike: -0.02268122655414495
FaIR_all_unB sampled, d llike: -0.039427309033499336
FaIR_comb_unB sampled, d llike: -0.02450153277985323
FaIR_comb_unB sampled, d llike: -0.005919295421432713
        method_name    method_class c/r  smooth_r  avg_unc.(1se)  #q<0.5  #q<0.1   log-likeli       RMS      bias         tlog-l       100log-l    100RMS     75RMS   100bias            l15            l20    bias50   Edyrs15   Edyrs20   Mdyrs15   Mdyrs20   Fdyrs15   Fdyrs20    EdyrsA   RMSyrsA  ncEdyrs      e100log-l   e100RMS    e75RMS  e100bias       el15           el20   ebias50  eEdyrs15  eEdyrs20  eMdyrs15  eMdyrs20  eFdyrs15  eFdyrs20   eEdyrsA  eRMSyrsA  nceEdyrs
8         offset11y  42/1_Run_Means   c     2.314       0.038160     150      68    -0.311788  0.082187  0.056120     -72.022977     172.576829  0.035493  0.037708  0.016441   6.959331e+00   9.108639e+00  0.030126  1.166667 -1.333333  1.166667 -1.333333  1.166667 -1.333333 -0.663690  1.811456     15.0      37.804709  0.071235  0.080192  0.051939  13.370051   1.430837e+01  0.080214 -0.416667 -0.416667 -0.416667 -0.416667 -0.416667 -0.416667 -2.943452  2.943452      15.0
21    FaIR_comb_unB   43/1_ERF_FaIR   c     1.945       0.073211       0       0     1.403840  0.051859 -0.011670     220.402886     134.230416  0.042512  0.040201  0.003466   4.875513e+00   4.426821e+00 -0.024865 -1.000000 -1.666667 -1.000000 -1.666667 -1.000000 -1.666667 -0.113095  2.698011     14.0     130.960991  0.046402  0.043144  0.038964   4.595370   4.900022e+00  0.025223 -2.583333 -0.750000 -2.583333 -0.750000 -2.583333 -0.750000 -2.392857  2.392857      14.0
15   FaIR_nonat_unB   43/1_ERF_FaIR   c     1.929       0.083142       0       0     1.300361  0.055971 -0.012330     209.358089     126.715184  0.040630  0.038852  0.001867   4.075818e+00   3.866174e+00 -0.022959 -0.666667 -1.583333 -0.666667 -1.583333 -0.666667 -1.583333 -0.130952  2.517006     14.0     123.149274  0.045531  0.044039  0.037364   4.410747   4.234171e+00  0.027129 -2.250000 -0.666667 -2.250000 -0.666667 -2.250000 -0.666667 -2.410714  2.410714      14.0
11  FaIR_anthro_unB   43/1_ERF_FaIR   c     1.599       0.086326       0       0     1.122018  0.068964 -0.027548     180.644964     119.583678  0.042580  0.041840  0.000727   4.000548e+00   3.648854e+00 -0.025966 -1.083333 -2.250000 -1.083333 -2.250000 -1.083333 -2.250000 -0.077381  2.700951     14.0     118.042806  0.044766  0.042783  0.036224   3.944953   4.025011e+00  0.024122 -2.666667 -1.333333 -2.666667 -1.333333 -2.666667 -1.333333 -2.357143  2.357143      14.0
9       FaIR_anthro   43/1_ERF_FaIR   c     1.603       0.086278       0       0     1.140157  0.067455 -0.023445     183.565314     119.401848  0.042842  0.041046  0.004832   3.877507e+00   3.596217e+00 -0.021857 -1.250000 -2.500000 -1.250000 -2.500000 -1.250000 -2.500000 -0.250000  2.713502     14.0     116.678757  0.048133  0.046196  0.040330   3.946786   4.000719e+00  0.028231 -2.833333 -1.583333 -2.833333 -1.583333 -2.833333 -1.583333 -2.529762  2.529762      14.0
19     FaIR_all_unB   43/1_ERF_FaIR   c     3.162       0.085981       0       0     1.213299  0.064922 -0.008401     195.341202     119.380820  0.051525  0.043720  0.009932   3.849329e+00   3.824247e+00 -0.029198 -0.750000 -1.750000 -0.750000 -1.750000 -0.750000 -1.750000 -0.309524  3.048386     14.0     116.544778  0.054976  0.044671  0.045430   4.061619   4.080487e+00  0.020889 -2.333333 -0.833333 -2.333333 -0.833333 -2.333333 -0.833333 -2.589286  2.589286      14.0
13       FaIR_nonat   43/1_ERF_FaIR   c     1.980       0.103818       0       0     1.143080  0.057256 -0.009912     184.035837     109.392411  0.041309  0.038174  0.007405   3.304315e+00   3.071641e+00 -0.017527 -1.083333 -2.083333 -1.083333 -2.083333 -1.083333 -2.083333 -0.482143  2.532624     14.0     105.467584  0.050186  0.048812  0.042903   3.550849   3.387069e+00  0.032561 -2.666667 -1.166667 -2.666667 -1.166667 -2.666667 -1.166667 -2.761905  2.761905      14.0
2             raw1y  42/1_Run_Means   c    26.141       0.131541       0       0     0.664319  0.122814 -0.000626     153.457765      66.820370  0.115445  0.110481  0.007289   3.190405e+00   2.250561e+00 -0.000603  2.000000  3.083333  5.666667  8.833333 -1.000000 -2.666667 -0.538690  2.535992     43.3      61.603185  0.122929  0.122504  0.042787   3.196943   3.010782e+00  0.049485  0.416667  4.000000  4.083333  9.750000 -2.583333 -1.750000 -2.818452  2.818452      43.3
1             lag5y  42/1_Run_Means   c     5.049       0.046583     109      48     0.284969  0.075329 -0.022356      65.827835       1.920837  0.069528  0.068203 -0.033438   5.706065e-01   1.189752e+01 -0.033447  2.500000 -0.083333  2.500000 -0.083333  2.500000 -0.083333  1.904762  2.859777     19.0      24.773016  0.066344  0.067315  0.002060   4.555833   6.523693e+00  0.016640  0.916667  0.833333  0.916667  0.833333  0.916667  0.833333 -0.375000  0.375000      19.0
0            lag10y  42/1_Run_Means   c     2.718       0.039148     147      68    -0.063743  0.075873 -0.048715     -14.724518    -166.127024  0.090455  0.091073 -0.083751   1.255542e-03   1.088190e+00 -0.072684  6.083333  2.833333  6.083333  2.833333  6.083333  2.833333  4.720238  5.127105     14.0     -13.512415  0.069808  0.065133 -0.048253   0.022467   4.048423e-02 -0.022597  4.500000  3.750000  4.500000  3.750000  4.500000  3.750000  2.440476  2.440476      14.0
17         FaIR_all   43/1_ERF_FaIR   c     2.846       0.005583     151     141 -1346.141214  0.073326  0.026713 -216728.735375 -155628.842617  0.067882  0.049761  0.045320  1.476756e-258  2.178375e-317  0.006237 -2.416667 -4.000000 -2.416667 -4.000000 -2.416667 -4.000000 -2.238095  3.682999     14.0 -240299.015574  0.086538  0.075905  0.080818   0.000000  2.608172e-272  0.056324 -4.000000 -3.083333 -4.000000 -3.083333 -4.000000 -3.083333 -4.517857  4.517857      14.0
5.663167613
finished this run
/oscar/data/deeps/private/bfoxkemp/jnickla1/Thorne_15_codefigurestats/Methods/43_Forcing_Based/1_ERF_FaIR/FaIR_all_unB_method.py:90: RuntimeWarning: Mean of empty slice
  return np.nanmean(samp_cur[year_idx-1850, :], axis = 1)
/users/jnickla1/.conda/envs/cleanpy/lib/python3.13/site-packages/numpy/lib/_nanfunctions_impl.py:2019: RuntimeWarning: Degrees of freedom <= 0 for slice.
  var = nanvar(a, axis=axis, dtype=dtype, out=out, ddof=ddof,
/oscar/data/deeps/private/bfoxkemp/jnickla1/Thorne_15_codefigurestats/Methods/43_Forcing_Based/1_ERF_FaIR/FaIR_all_unB_method.py:118: RuntimeWarning: Mean of empty slice
  cdist = np.nanmean(dist)
/oscar/data/deeps/private/bfoxkemp/jnickla1/Thorne_15_codefigurestats/Methods/43_Forcing_Based/1_ERF_FaIR/FaIR_comb_unB_method.py:152: RuntimeWarning: Mean of empty slice
  return np.nanmean(samp_cur[year_idx-1850, :], axis = 1)
/users/jnickla1/.conda/envs/cleanpy/lib/python3.13/site-packages/numpy/lib/_nanfunctions_impl.py:2019: RuntimeWarning: Degrees of freedom <= 0 for slice.
  var = nanvar(a, axis=axis, dtype=dtype, out=out, ddof=ddof,
/oscar/data/deeps/private/bfoxkemp/jnickla1/Thorne_15_codefigurestats/Methods/43_Forcing_Based/1_ERF_FaIR/FaIR_comb_unB_method.py:180: RuntimeWarning: Mean of empty slice
  cdist = np.nanmean(dist)
starting computation for fut_ESM1-2-LR_SSP370_constVolc
max_runs24
Model number:
23




Methods/42_Temp_Alone/1_Run_Means/cent10y_method.py
Methods/42_Temp_Alone/1_Run_Means/cent20y_method.py
Methods/42_Temp_Alone/1_Run_Means/cent21y_method.py
Methods/42_Temp_Alone/1_Run_Means/cent30y_method.py
Methods/42_Temp_Alone/1_Run_Means/lag10y_method.py
Methods/42_Temp_Alone/1_Run_Means/lag5y_method.py
Methods/42_Temp_Alone/1_Run_Means/offset11y_method.py
Methods/42_Temp_Alone/1_Run_Means/raw1y_method.py
Methods/43_Forcing_Based/1_ERF_FaIR/FaIR_all_method.py
Methods/43_Forcing_Based/1_ERF_FaIR/FaIR_all_unB_method.py
Methods/43_Forcing_Based/1_ERF_FaIR/FaIR_anthro_method.py
Methods/43_Forcing_Based/1_ERF_FaIR/FaIR_anthro_unB_method.py
Methods/43_Forcing_Based/1_ERF_FaIR/FaIR_comb_unB_method.py
Methods/43_Forcing_Based/1_ERF_FaIR/FaIR_nonat_method.py
Methods/43_Forcing_Based/1_ERF_FaIR/FaIR_nonat_unB_method.py
evaluating 24 of 0.1°C thresholds, starting at 1.1°C
11
FaIR_anthro sampled, d llike: 0.01874131067391005
FaIR_anthro sampled, d llike: -1.2140551742879784
FaIR_anthro_unB sampled, d llike: -0.000617541271928923
FaIR_anthro_unB sampled, d llike: -0.3909297163386852
FaIR_nonat sampled, d llike: -0.04148776609281701
FaIR_nonat sampled, d llike: -0.013771047298080541
FaIR_nonat_unB sampled, d llike: -0.036385146516910494
FaIR_nonat_unB sampled, d llike: -0.03358320320668451
FaIR_all sampled, d llike: -1028.3460469776398
FaIR_all sampled, d llike: -0.026504322489640852
FaIR_all_unB sampled, d llike: -0.017375722064156385
FaIR_all_unB sampled, d llike: -0.018955258429635302
FaIR_comb_unB sampled, d llike: -0.03040889697787863
FaIR_comb_unB sampled, d llike: -0.2787478382019074
        method_name    method_class c/r  smooth_r  avg_unc.(1se)  #q<0.5  #q<0.1   log-likeli       RMS      bias         tlog-l       100log-l    100RMS     75RMS   100bias            l15       l20    bias50   Edyrs15       Edyrs20   Mdyrs15       Mdyrs20   Fdyrs15       Fdyrs20    EdyrsA   RMSyrsA  ncEdyrs      e100log-l   e100RMS    e75RMS  e100bias      el15          el20   ebias50  eEdyrs15      eEdyrs20  eMdyrs15      eMdyrs20  eFdyrs15      eFdyrs20   eEdyrsA  eRMSyrsA  nceEdyrs
21    FaIR_comb_unB   43/1_ERF_FaIR   c     1.998       0.071448       0       0     1.436851  0.050604  0.010119     225.585584     133.678416  0.048189  0.039681  0.015201   4.248855e+00  5.679624 -0.022539 -3.250000 -8.333333e-02 -3.250000 -8.333333e-02 -3.250000 -8.333333e-02 -0.420139  1.816606     24.0     120.664594  0.062474  0.050805  0.038455  2.844625  5.615454e+00 -0.006721 -5.083333 -2.500000e-01 -5.083333 -2.500000e-01 -5.083333 -2.500000e-01 -1.275362  1.275362      23.0
15   FaIR_nonat_unB   43/1_ERF_FaIR   c     1.987       0.081243       0       0     1.338612  0.052872  0.008180     215.516505     129.129721  0.042028  0.036144  0.013742   3.916123e+00  5.207297 -0.015455 -3.000000  1.582521e-10 -3.000000  1.582521e-10 -3.000000  1.582521e-10 -0.421875  1.614572     25.0     120.190955  0.057089  0.048837  0.036996  3.339648  5.188909e+00  0.000363 -4.833333 -1.666667e-01 -4.833333 -1.666667e-01 -4.833333 -1.666667e-01 -1.269928  1.269928      24.0
11  FaIR_anthro_unB   43/1_ERF_FaIR   c     1.507       0.084503       0       0     1.240526  0.059268 -0.006094     199.724677     124.388413  0.043892  0.037735  0.013530   3.650890e+00  4.588029 -0.019477 -3.083333  1.666667e-01 -3.083333  1.666667e-01 -3.083333  1.666667e-01 -0.329861  1.641212     24.0     117.637833  0.058875  0.049987  0.036784  3.245413  4.655447e+00 -0.003659 -4.916667  1.591616e-10 -4.916667  1.591616e-10 -4.916667  1.591616e-10 -1.177536  1.177536      23.0
8         offset11y  42/1_Run_Means   c     2.414       0.041419     142      86    -0.521804  0.085271  0.036311    -120.536679     124.063126  0.050700  0.057283 -0.033843   8.006061e+00  8.678102 -0.063926  0.916667  6.666667e-01  0.916667  6.666667e-01  0.916667  6.666667e-01  1.293403  1.743477     25.0     141.512165  0.044380  0.046353 -0.010589  9.114480  9.005925e+00 -0.048108 -0.916667  5.000000e-01 -0.916667  5.000000e-01 -0.916667  5.000000e-01  0.436594  0.436594      24.0
9       FaIR_anthro   43/1_ERF_FaIR   c     1.508       0.084517       4       0     1.139432  0.068080 -0.034030     183.448588     121.776800  0.044182  0.047424 -0.014386   3.844584e+00  4.003497 -0.047417 -2.333333  9.166667e-01 -2.333333  9.166667e-01 -2.333333  9.166667e-01  0.572917  1.628113     24.0     123.087514  0.046838  0.044314  0.008868  3.850188  4.099962e+00 -0.031599 -4.166667  7.500000e-01 -4.166667  7.500000e-01 -4.166667  7.500000e-01 -0.264493  0.264493      23.0
19     FaIR_all_unB   43/1_ERF_FaIR   c     3.171       0.084056       0       0     1.261866  0.063126  0.009960     203.160364     120.119620  0.055374  0.040877  0.020837   3.871902e+00  4.897894 -0.021320 -3.333333 -8.333333e-02 -3.333333 -8.333333e-02 -3.333333 -8.333333e-02 -0.520833  1.986500     24.0     110.812896  0.069288  0.052028  0.044091  3.382906  4.884380e+00 -0.005502 -5.166667 -2.500000e-01 -5.166667 -2.500000e-01 -5.166667 -2.500000e-01 -1.376812  1.376812      23.0
13       FaIR_nonat   43/1_ERF_FaIR   c     2.053       0.101411       0       0     1.165105  0.057040 -0.019943     187.581966     113.208300  0.041279  0.043432 -0.011235   3.515882e+00  3.914446 -0.040427 -2.333333  6.666667e-01 -2.333333  6.666667e-01 -2.333333  6.666667e-01  0.416667  1.518787     24.0     112.067124  0.045112  0.041810  0.012019  3.592852  3.979932e+00 -0.024608 -4.166667  5.000000e-01 -4.166667  5.000000e-01 -4.166667  5.000000e-01 -0.420290  0.420290      23.0
2             raw1y  42/1_Run_Means   c    26.646       0.132896       0       0     0.649987  0.124538 -0.003191     150.147072      63.557194  0.120042  0.108151  0.000778   1.360682e+00  2.681336 -0.005418 -2.361111 -1.555556e+00 -6.333333 -5.000000e+00 -6.333333 -5.000000e+00 -0.320602  1.375549     53.3      63.533755  0.120074  0.112026  0.024032  2.670835  2.623528e+00  0.010400 -4.194444 -1.722222e+00 -8.166667 -5.166667e+00 -8.166667 -5.166667e+00 -1.149758  1.149758      51.3
1             lag5y  42/1_Run_Means   c     5.212       0.048250     125      48     0.170181  0.080770 -0.031541      39.311820     -24.595177  0.083605  0.079356 -0.056753   5.305776e+00  4.939245 -0.070763  4.250000  2.000000e+00  4.250000  2.000000e+00  4.250000  2.000000e+00  1.958333  2.405867     25.0      35.978774  0.068902  0.064758 -0.033499  4.595589  5.219421e+00 -0.054945  2.416667  1.833333e+00  2.416667  1.833333e+00  2.416667  1.833333e+00  1.065217  1.065217      24.0
0            lag10y  42/1_Run_Means   c     2.737       0.042244     175     107    -0.855339  0.098601 -0.066805    -197.583316    -348.985823  0.135088  0.146424 -0.129671   1.043252e+00  0.356354 -0.156994  5.000000  3.750000e+00  5.000000  3.750000e+00  5.000000  3.750000e+00  4.458333  4.563277     24.0    -202.054364  0.114834  0.125183 -0.106417  1.758895  4.743331e-01 -0.141176  3.166667  3.583333e+00  3.166667  3.583333e+00  3.166667  3.583333e+00  3.615942  3.615942      23.0
17         FaIR_all   43/1_ERF_FaIR   c     2.795       0.005575     153     140 -1132.199851  0.068703  0.018435 -182284.176079 -121838.703097  0.059136  0.041494  0.029447  5.195286e-305  0.000016 -0.012709 -3.750000 -4.166667e-01 -3.750000 -4.166667e-01 -3.750000 -4.166667e-01 -0.736111  2.084583     24.0 -205040.993308  0.075049  0.056375  0.052701  0.000000  2.142792e-19  0.003110 -5.583333 -5.833333e-01 -5.583333 -5.833333e-01 -5.583333 -5.833333e-01 -1.583333  1.583333      23.0
6.951405052
finished this run
All processes completed.
