/oscar/data/deeps/private/bfoxkemp/jnickla1/Thorne_15_codefigurestats/fut_evaluation_gen_ensemble.py:20: RuntimeWarning: Mean of empty slice
  return np.nanmean(standards_np,axis=0)
/oscar/data/deeps/private/bfoxkemp/jnickla1/Thorne_15_codefigurestats/fut_evaluation_gen_ensemble.py:20: RuntimeWarning: Mean of empty slice
  return np.nanmean(standards_np,axis=0)
/oscar/data/deeps/private/bfoxkemp/jnickla1/Thorne_15_codefigurestats/fut_evaluation_gen_ensemble.py:20: RuntimeWarning: Mean of empty slice
  return np.nanmean(standards_np,axis=0)
/oscar/data/deeps/private/bfoxkemp/jnickla1/Thorne_15_codefigurestats/fut_evaluation_gen_ensemble.py:20: RuntimeWarning: Mean of empty slice
  return np.nanmean(standards_np,axis=0)
/oscar/data/deeps/private/bfoxkemp/jnickla1/Thorne_15_codefigurestats/fut_evaluation_gen_ensemble.py:20: RuntimeWarning: Mean of empty slice
  return np.nanmean(standards_np,axis=0)
/oscar/data/deeps/private/bfoxkemp/jnickla1/Thorne_15_codefigurestats/Methods/43_Forcing_Based/1_ERF_FaIR/FaIR_all_method.py:53: RuntimeWarning: Mean of empty slice
  samp_mean =  np.nanmean(samp_cur, axis = 1)
/oscar/data/deeps/private/bfoxkemp/jnickla1/Thorne_15_codefigurestats/Methods/43_Forcing_Based/1_ERF_FaIR/FaIR_all_method.py:53: RuntimeWarning: Mean of empty slice
  samp_mean =  np.nanmean(samp_cur, axis = 1)
/oscar/data/deeps/private/bfoxkemp/jnickla1/Thorne_15_codefigurestats/Methods/43_Forcing_Based/1_ERF_FaIR/FaIR_all_unB_method.py:70: RuntimeWarning: Mean of empty slice
  samp_mean =  np.nanmean(samp_cur, axis = 1)
/oscar/data/deeps/private/bfoxkemp/jnickla1/Thorne_15_codefigurestats/Methods/43_Forcing_Based/1_ERF_FaIR/FaIR_all_unB_method.py:70: RuntimeWarning: Mean of empty slice
  samp_mean =  np.nanmean(samp_cur, axis = 1)
/oscar/data/deeps/private/bfoxkemp/jnickla1/Thorne_15_codefigurestats/Methods/43_Forcing_Based/1_ERF_FaIR/FaIR_anthro_method.py:53: RuntimeWarning: Mean of empty slice
  samp_mean =  np.nanmean(samp_cur, axis = 1)
/oscar/data/deeps/private/bfoxkemp/jnickla1/Thorne_15_codefigurestats/Methods/43_Forcing_Based/1_ERF_FaIR/FaIR_anthro_method.py:53: RuntimeWarning: Mean of empty slice
  samp_mean =  np.nanmean(samp_cur, axis = 1)
/oscar/data/deeps/private/bfoxkemp/jnickla1/Thorne_15_codefigurestats/Methods/43_Forcing_Based/1_ERF_FaIR/FaIR_anthro_unB_method.py:70: RuntimeWarning: Mean of empty slice
  samp_mean =  np.nanmean(samp_cur, axis = 1)
/oscar/data/deeps/private/bfoxkemp/jnickla1/Thorne_15_codefigurestats/Methods/43_Forcing_Based/1_ERF_FaIR/FaIR_anthro_unB_method.py:70: RuntimeWarning: Mean of empty slice
  samp_mean =  np.nanmean(samp_cur, axis = 1)
/oscar/data/deeps/private/bfoxkemp/jnickla1/Thorne_15_codefigurestats/Methods/43_Forcing_Based/1_ERF_FaIR/FaIR_comb_unB_method.py:70: RuntimeWarning: Mean of empty slice
  samp_mean =  np.nanmean(samp_cur, axis = 1)
/oscar/data/deeps/private/bfoxkemp/jnickla1/Thorne_15_codefigurestats/Methods/43_Forcing_Based/1_ERF_FaIR/FaIR_comb_unB_method.py:70: RuntimeWarning: Mean of empty slice
  samp_mean =  np.nanmean(samp_cur, axis = 1)
/oscar/data/deeps/private/bfoxkemp/jnickla1/Thorne_15_codefigurestats/Methods/43_Forcing_Based/1_ERF_FaIR/FaIR_comb_unB_method.py:127: RuntimeWarning: Mean of empty slice
  samp_meanAll =  np.nanmean(samp_curAll, axis = 1)
/oscar/data/deeps/private/bfoxkemp/jnickla1/Thorne_15_codefigurestats/Methods/43_Forcing_Based/1_ERF_FaIR/FaIR_comb_unB_method.py:127: RuntimeWarning: Mean of empty slice
  samp_meanAll =  np.nanmean(samp_curAll, axis = 1)
/oscar/data/deeps/private/bfoxkemp/jnickla1/Thorne_15_codefigurestats/Methods/43_Forcing_Based/1_ERF_FaIR/FaIR_nonat_method.py:53: RuntimeWarning: Mean of empty slice
  samp_mean =  np.nanmean(samp_cur, axis = 1)
/oscar/data/deeps/private/bfoxkemp/jnickla1/Thorne_15_codefigurestats/Methods/43_Forcing_Based/1_ERF_FaIR/FaIR_nonat_method.py:53: RuntimeWarning: Mean of empty slice
  samp_mean =  np.nanmean(samp_cur, axis = 1)
/oscar/data/deeps/private/bfoxkemp/jnickla1/Thorne_15_codefigurestats/Methods/43_Forcing_Based/1_ERF_FaIR/FaIR_nonat_unB_method.py:72: RuntimeWarning: Mean of empty slice
  samp_mean =  np.nanmean(samp_cur, axis = 1)
/oscar/data/deeps/private/bfoxkemp/jnickla1/Thorne_15_codefigurestats/Methods/43_Forcing_Based/1_ERF_FaIR/FaIR_nonat_unB_method.py:72: RuntimeWarning: Mean of empty slice
  samp_mean =  np.nanmean(samp_cur, axis = 1)
/oscar/data/deeps/private/bfoxkemp/jnickla1/Thorne_15_codefigurestats/Methods/43_Forcing_Based/1_ERF_FaIR/FaIR_all_method.py:68: RuntimeWarning: Mean of empty slice
  return np.nanmean(samp_cur[year_idx-1850, :], axis = 1)
/oscar/data/deeps/private/bfoxkemp/jnickla1/Thorne_15_codefigurestats/Methods/43_Forcing_Based/1_ERF_FaIR/FaIR_all_method.py:68: RuntimeWarning: Mean of empty slice
  return np.nanmean(samp_cur[year_idx-1850, :], axis = 1)
/users/jnickla1/.conda/envs/cleanpy/lib/python3.13/site-packages/numpy/lib/_nanfunctions_impl.py:2019: RuntimeWarning: Degrees of freedom <= 0 for slice.
  var = nanvar(a, axis=axis, dtype=dtype, out=out, ddof=ddof,
/oscar/data/deeps/private/bfoxkemp/jnickla1/Thorne_15_codefigurestats/Methods/43_Forcing_Based/1_ERF_FaIR/FaIR_all_unB_method.py:90: RuntimeWarning: Mean of empty slice
  return np.nanmean(samp_cur[year_idx-1850, :], axis = 1)
/users/jnickla1/.conda/envs/cleanpy/lib/python3.13/site-packages/numpy/lib/_nanfunctions_impl.py:2019: RuntimeWarning: Degrees of freedom <= 0 for slice.
  var = nanvar(a, axis=axis, dtype=dtype, out=out, ddof=ddof,
/oscar/data/deeps/private/bfoxkemp/jnickla1/Thorne_15_codefigurestats/Methods/43_Forcing_Based/1_ERF_FaIR/FaIR_all_unB_method.py:90: RuntimeWarning: Mean of empty slice
  return np.nanmean(samp_cur[year_idx-1850, :], axis = 1)
/oscar/data/deeps/private/bfoxkemp/jnickla1/Thorne_15_codefigurestats/Methods/43_Forcing_Based/1_ERF_FaIR/FaIR_anthro_method.py:67: RuntimeWarning: Mean of empty slice
  return np.nanmean(samp_cur[year_idx-1850, :], axis = 1)
/oscar/data/deeps/private/bfoxkemp/jnickla1/Thorne_15_codefigurestats/Methods/43_Forcing_Based/1_ERF_FaIR/FaIR_anthro_method.py:67: RuntimeWarning: Mean of empty slice
  return np.nanmean(samp_cur[year_idx-1850, :], axis = 1)
/oscar/data/deeps/private/bfoxkemp/jnickla1/Thorne_15_codefigurestats/Methods/43_Forcing_Based/1_ERF_FaIR/FaIR_anthro_unB_method.py:89: RuntimeWarning: Mean of empty slice
  return np.nanmean(samp_cur[year_idx-1850, :], axis = 1)
/oscar/data/deeps/private/bfoxkemp/jnickla1/Thorne_15_codefigurestats/Methods/43_Forcing_Based/1_ERF_FaIR/FaIR_comb_unB_method.py:153: RuntimeWarning: Mean of empty slice
  return np.nanmean(samp_cur[year_idx-1850, :], axis = 1)
/oscar/data/deeps/private/bfoxkemp/jnickla1/Thorne_15_codefigurestats/Methods/43_Forcing_Based/1_ERF_FaIR/FaIR_anthro_unB_method.py:89: RuntimeWarning: Mean of empty slice
  return np.nanmean(samp_cur[year_idx-1850, :], axis = 1)
/oscar/data/deeps/private/bfoxkemp/jnickla1/Thorne_15_codefigurestats/Methods/43_Forcing_Based/1_ERF_FaIR/FaIR_comb_unB_method.py:153: RuntimeWarning: Mean of empty slice
  return np.nanmean(samp_cur[year_idx-1850, :], axis = 1)
/oscar/data/deeps/private/bfoxkemp/jnickla1/Thorne_15_codefigurestats/Methods/43_Forcing_Based/1_ERF_FaIR/FaIR_nonat_method.py:68: RuntimeWarning: Mean of empty slice
  return np.nanmean(samp_cur[year_idx-1850, :], axis = 1)
/oscar/data/deeps/private/bfoxkemp/jnickla1/Thorne_15_codefigurestats/Methods/43_Forcing_Based/1_ERF_FaIR/FaIR_nonat_method.py:68: RuntimeWarning: Mean of empty slice
  return np.nanmean(samp_cur[year_idx-1850, :], axis = 1)
/oscar/data/deeps/private/bfoxkemp/jnickla1/Thorne_15_codefigurestats/Methods/43_Forcing_Based/1_ERF_FaIR/FaIR_nonat_unB_method.py:92: RuntimeWarning: Mean of empty slice
  return np.nanmean(samp_cur[year_idx-1850, :], axis = 1)
/oscar/data/deeps/private/bfoxkemp/jnickla1/Thorne_15_codefigurestats/Methods/43_Forcing_Based/1_ERF_FaIR/FaIR_nonat_unB_method.py:92: RuntimeWarning: Mean of empty slice
  return np.nanmean(samp_cur[year_idx-1850, :], axis = 1)
/oscar/data/deeps/private/bfoxkemp/jnickla1/Thorne_15_codefigurestats/Methods/43_Forcing_Based/1_ERF_FaIR/FaIR_anthro_method.py:67: RuntimeWarning: Mean of empty slice
  return np.nanmean(samp_cur[year_idx-1850, :], axis = 1)
/oscar/data/deeps/private/bfoxkemp/jnickla1/Thorne_15_codefigurestats/Methods/43_Forcing_Based/1_ERF_FaIR/FaIR_anthro_unB_method.py:89: RuntimeWarning: Mean of empty slice
  return np.nanmean(samp_cur[year_idx-1850, :], axis = 1)
/oscar/data/deeps/private/bfoxkemp/jnickla1/Thorne_15_codefigurestats/Methods/43_Forcing_Based/1_ERF_FaIR/FaIR_anthro_method.py:67: RuntimeWarning: Mean of empty slice
  return np.nanmean(samp_cur[year_idx-1850, :], axis = 1)
/oscar/data/deeps/private/bfoxkemp/jnickla1/Thorne_15_codefigurestats/Methods/43_Forcing_Based/1_ERF_FaIR/FaIR_anthro_unB_method.py:89: RuntimeWarning: Mean of empty slice
  return np.nanmean(samp_cur[year_idx-1850, :], axis = 1)
/oscar/data/deeps/private/bfoxkemp/jnickla1/Thorne_15_codefigurestats/Methods/43_Forcing_Based/1_ERF_FaIR/FaIR_nonat_method.py:68: RuntimeWarning: Mean of empty slice
  return np.nanmean(samp_cur[year_idx-1850, :], axis = 1)
/oscar/data/deeps/private/bfoxkemp/jnickla1/Thorne_15_codefigurestats/Methods/43_Forcing_Based/1_ERF_FaIR/FaIR_nonat_unB_method.py:92: RuntimeWarning: Mean of empty slice
  return np.nanmean(samp_cur[year_idx-1850, :], axis = 1)
/oscar/data/deeps/private/bfoxkemp/jnickla1/Thorne_15_codefigurestats/Methods/43_Forcing_Based/1_ERF_FaIR/FaIR_all_method.py:68: RuntimeWarning: Mean of empty slice
  return np.nanmean(samp_cur[year_idx-1850, :], axis = 1)
/oscar/data/deeps/private/bfoxkemp/jnickla1/Thorne_15_codefigurestats/Methods/43_Forcing_Based/1_ERF_FaIR/FaIR_all_unB_method.py:90: RuntimeWarning: Mean of empty slice
  return np.nanmean(samp_cur[year_idx-1850, :], axis = 1)
/oscar/data/deeps/private/bfoxkemp/jnickla1/Thorne_15_codefigurestats/Methods/43_Forcing_Based/1_ERF_FaIR/FaIR_nonat_method.py:68: RuntimeWarning: Mean of empty slice
  return np.nanmean(samp_cur[year_idx-1850, :], axis = 1)
/oscar/data/deeps/private/bfoxkemp/jnickla1/Thorne_15_codefigurestats/Methods/43_Forcing_Based/1_ERF_FaIR/FaIR_nonat_unB_method.py:92: RuntimeWarning: Mean of empty slice
  return np.nanmean(samp_cur[year_idx-1850, :], axis = 1)
/oscar/data/deeps/private/bfoxkemp/jnickla1/Thorne_15_codefigurestats/Methods/43_Forcing_Based/1_ERF_FaIR/FaIR_all_method.py:68: RuntimeWarning: Mean of empty slice
  return np.nanmean(samp_cur[year_idx-1850, :], axis = 1)
/oscar/data/deeps/private/bfoxkemp/jnickla1/Thorne_15_codefigurestats/Methods/43_Forcing_Based/1_ERF_FaIR/FaIR_all_unB_method.py:90: RuntimeWarning: Mean of empty slice
  return np.nanmean(samp_cur[year_idx-1850, :], axis = 1)
/oscar/data/deeps/private/bfoxkemp/jnickla1/Thorne_15_codefigurestats/Methods/43_Forcing_Based/1_ERF_FaIR/FaIR_comb_unB_method.py:153: RuntimeWarning: Mean of empty slice
  return np.nanmean(samp_cur[year_idx-1850, :], axis = 1)
/oscar/data/deeps/private/bfoxkemp/jnickla1/Thorne_15_codefigurestats/Methods/43_Forcing_Based/1_ERF_FaIR/FaIR_comb_unB_method.py:153: RuntimeWarning: Mean of empty slice
  return np.nanmean(samp_cur[year_idx-1850, :], axis = 1)
/oscar/data/deeps/private/bfoxkemp/jnickla1/Thorne_15_codefigurestats/Methods/43_Forcing_Based/1_ERF_FaIR/FaIR_anthro_method.py:67: RuntimeWarning: Mean of empty slice
  return np.nanmean(samp_cur[year_idx-1850, :], axis = 1)
/oscar/data/deeps/private/bfoxkemp/jnickla1/Thorne_15_codefigurestats/Methods/43_Forcing_Based/1_ERF_FaIR/FaIR_anthro_method.py:67: RuntimeWarning: Mean of empty slice
  return np.nanmean(samp_cur[year_idx-1850, :], axis = 1)
/users/jnickla1/.conda/envs/cleanpy/lib/python3.13/site-packages/numpy/lib/_nanfunctions_impl.py:2019: RuntimeWarning: Degrees of freedom <= 0 for slice.
  var = nanvar(a, axis=axis, dtype=dtype, out=out, ddof=ddof,
/oscar/data/deeps/private/bfoxkemp/jnickla1/Thorne_15_codefigurestats/Methods/43_Forcing_Based/1_ERF_FaIR/FaIR_anthro_method.py:95: RuntimeWarning: Mean of empty slice
  cdist = np.nanmean(dist)
/users/jnickla1/.conda/envs/cleanpy/lib/python3.13/site-packages/numpy/lib/_nanfunctions_impl.py:2019: RuntimeWarning: Degrees of freedom <= 0 for slice.
  var = nanvar(a, axis=axis, dtype=dtype, out=out, ddof=ddof,
/oscar/data/deeps/private/bfoxkemp/jnickla1/Thorne_15_codefigurestats/Methods/43_Forcing_Based/1_ERF_FaIR/FaIR_anthro_method.py:95: RuntimeWarning: Mean of empty slice
  cdist = np.nanmean(dist)
/oscar/data/deeps/private/bfoxkemp/jnickla1/Thorne_15_codefigurestats/Methods/43_Forcing_Based/1_ERF_FaIR/FaIR_all_method.py:53: RuntimeWarning: Mean of empty slice
  samp_mean =  np.nanmean(samp_cur, axis = 1)
/oscar/data/deeps/private/bfoxkemp/jnickla1/Thorne_15_codefigurestats/Methods/43_Forcing_Based/1_ERF_FaIR/FaIR_all_method.py:53: RuntimeWarning: Mean of empty slice
  samp_mean =  np.nanmean(samp_cur, axis = 1)
/oscar/data/deeps/private/bfoxkemp/jnickla1/Thorne_15_codefigurestats/Methods/43_Forcing_Based/1_ERF_FaIR/FaIR_all_unB_method.py:70: RuntimeWarning: Mean of empty slice
  samp_mean =  np.nanmean(samp_cur, axis = 1)
/oscar/data/deeps/private/bfoxkemp/jnickla1/Thorne_15_codefigurestats/Methods/43_Forcing_Based/1_ERF_FaIR/FaIR_all_unB_method.py:70: RuntimeWarning: Mean of empty slice
  samp_mean =  np.nanmean(samp_cur, axis = 1)
/oscar/data/deeps/private/bfoxkemp/jnickla1/Thorne_15_codefigurestats/fut_evaluation_script.py:427: RuntimeWarning: Mean of empty slice
  evalmean = np.nanmean(diffcross) #if crossing multiple times take the mean
/oscar/data/deeps/private/bfoxkemp/jnickla1/Thorne_15_codefigurestats/Methods/43_Forcing_Based/1_ERF_FaIR/FaIR_anthro_method.py:53: RuntimeWarning: Mean of empty slice
  samp_mean =  np.nanmean(samp_cur, axis = 1)
/oscar/data/deeps/private/bfoxkemp/jnickla1/Thorne_15_codefigurestats/Methods/43_Forcing_Based/1_ERF_FaIR/FaIR_all_method.py:53: RuntimeWarning: Mean of empty slice
  samp_mean =  np.nanmean(samp_cur, axis = 1)
/oscar/data/deeps/private/bfoxkemp/jnickla1/Thorne_15_codefigurestats/fut_evaluation_script.py:427: RuntimeWarning: Mean of empty slice
  evalmean = np.nanmean(diffcross) #if crossing multiple times take the mean
/oscar/data/deeps/private/bfoxkemp/jnickla1/Thorne_15_codefigurestats/Methods/43_Forcing_Based/1_ERF_FaIR/FaIR_anthro_method.py:53: RuntimeWarning: Mean of empty slice
  samp_mean =  np.nanmean(samp_cur, axis = 1)
/oscar/data/deeps/private/bfoxkemp/jnickla1/Thorne_15_codefigurestats/Methods/43_Forcing_Based/1_ERF_FaIR/FaIR_anthro_unB_method.py:70: RuntimeWarning: Mean of empty slice
  samp_mean =  np.nanmean(samp_cur, axis = 1)
/oscar/data/deeps/private/bfoxkemp/jnickla1/Thorne_15_codefigurestats/Methods/43_Forcing_Based/1_ERF_FaIR/FaIR_all_unB_method.py:70: RuntimeWarning: Mean of empty slice
  samp_mean =  np.nanmean(samp_cur, axis = 1)
/oscar/data/deeps/private/bfoxkemp/jnickla1/Thorne_15_codefigurestats/Methods/43_Forcing_Based/1_ERF_FaIR/FaIR_anthro_unB_method.py:70: RuntimeWarning: Mean of empty slice
  samp_mean =  np.nanmean(samp_cur, axis = 1)
/oscar/data/deeps/private/bfoxkemp/jnickla1/Thorne_15_codefigurestats/Methods/43_Forcing_Based/1_ERF_FaIR/FaIR_comb_unB_method.py:70: RuntimeWarning: Mean of empty slice
  samp_mean =  np.nanmean(samp_cur, axis = 1)
/oscar/data/deeps/private/bfoxkemp/jnickla1/Thorne_15_codefigurestats/Methods/43_Forcing_Based/1_ERF_FaIR/FaIR_anthro_method.py:53: RuntimeWarning: Mean of empty slice
  samp_mean =  np.nanmean(samp_cur, axis = 1)
/oscar/data/deeps/private/bfoxkemp/jnickla1/Thorne_15_codefigurestats/Methods/43_Forcing_Based/1_ERF_FaIR/FaIR_comb_unB_method.py:127: RuntimeWarning: Mean of empty slice
  samp_meanAll =  np.nanmean(samp_curAll, axis = 1)
/oscar/data/deeps/private/bfoxkemp/jnickla1/Thorne_15_codefigurestats/Methods/43_Forcing_Based/1_ERF_FaIR/FaIR_comb_unB_method.py:70: RuntimeWarning: Mean of empty slice
  samp_mean =  np.nanmean(samp_cur, axis = 1)
/oscar/data/deeps/private/bfoxkemp/jnickla1/Thorne_15_codefigurestats/Methods/43_Forcing_Based/1_ERF_FaIR/FaIR_anthro_unB_method.py:70: RuntimeWarning: Mean of empty slice
  samp_mean =  np.nanmean(samp_cur, axis = 1)
/oscar/data/deeps/private/bfoxkemp/jnickla1/Thorne_15_codefigurestats/Methods/43_Forcing_Based/1_ERF_FaIR/FaIR_comb_unB_method.py:127: RuntimeWarning: Mean of empty slice
  samp_meanAll =  np.nanmean(samp_curAll, axis = 1)
/oscar/data/deeps/private/bfoxkemp/jnickla1/Thorne_15_codefigurestats/Methods/43_Forcing_Based/1_ERF_FaIR/FaIR_nonat_method.py:53: RuntimeWarning: Mean of empty slice
  samp_mean =  np.nanmean(samp_cur, axis = 1)
/oscar/data/deeps/private/bfoxkemp/jnickla1/Thorne_15_codefigurestats/Methods/43_Forcing_Based/1_ERF_FaIR/FaIR_comb_unB_method.py:70: RuntimeWarning: Mean of empty slice
  samp_mean =  np.nanmean(samp_cur, axis = 1)
/oscar/data/deeps/private/bfoxkemp/jnickla1/Thorne_15_codefigurestats/Methods/43_Forcing_Based/1_ERF_FaIR/FaIR_nonat_unB_method.py:72: RuntimeWarning: Mean of empty slice
  samp_mean =  np.nanmean(samp_cur, axis = 1)
/oscar/data/deeps/private/bfoxkemp/jnickla1/Thorne_15_codefigurestats/Methods/43_Forcing_Based/1_ERF_FaIR/FaIR_comb_unB_method.py:127: RuntimeWarning: Mean of empty slice
  samp_meanAll =  np.nanmean(samp_curAll, axis = 1)
/oscar/data/deeps/private/bfoxkemp/jnickla1/Thorne_15_codefigurestats/fut_evaluation_script.py:464: RuntimeWarning: Mean of empty slice
  evalmean = np.nanmean(diffcrossE) #if crossing multiple times take the mean
/oscar/data/deeps/private/bfoxkemp/jnickla1/Thorne_15_codefigurestats/Methods/43_Forcing_Based/1_ERF_FaIR/FaIR_nonat_method.py:53: RuntimeWarning: Mean of empty slice
  samp_mean =  np.nanmean(samp_cur, axis = 1)
/oscar/data/deeps/private/bfoxkemp/jnickla1/Thorne_15_codefigurestats/Methods/43_Forcing_Based/1_ERF_FaIR/FaIR_all_method.py:68: RuntimeWarning: Mean of empty slice
  return np.nanmean(samp_cur[year_idx-1850, :], axis = 1)
/users/jnickla1/.conda/envs/cleanpy/lib/python3.13/site-packages/numpy/lib/_nanfunctions_impl.py:2019: RuntimeWarning: Degrees of freedom <= 0 for slice.
  var = nanvar(a, axis=axis, dtype=dtype, out=out, ddof=ddof,
/oscar/data/deeps/private/bfoxkemp/jnickla1/Thorne_15_codefigurestats/Methods/43_Forcing_Based/1_ERF_FaIR/FaIR_all_unB_method.py:90: RuntimeWarning: Mean of empty slice
  return np.nanmean(samp_cur[year_idx-1850, :], axis = 1)
/oscar/data/deeps/private/bfoxkemp/jnickla1/Thorne_15_codefigurestats/Methods/43_Forcing_Based/1_ERF_FaIR/FaIR_anthro_method.py:67: RuntimeWarning: Mean of empty slice
  return np.nanmean(samp_cur[year_idx-1850, :], axis = 1)
/oscar/data/deeps/private/bfoxkemp/jnickla1/Thorne_15_codefigurestats/Methods/43_Forcing_Based/1_ERF_FaIR/FaIR_nonat_unB_method.py:72: RuntimeWarning: Mean of empty slice
  samp_mean =  np.nanmean(samp_cur, axis = 1)
/oscar/data/deeps/private/bfoxkemp/jnickla1/Thorne_15_codefigurestats/Methods/43_Forcing_Based/1_ERF_FaIR/FaIR_nonat_method.py:53: RuntimeWarning: Mean of empty slice
  samp_mean =  np.nanmean(samp_cur, axis = 1)
/oscar/data/deeps/private/bfoxkemp/jnickla1/Thorne_15_codefigurestats/Methods/43_Forcing_Based/1_ERF_FaIR/FaIR_anthro_unB_method.py:89: RuntimeWarning: Mean of empty slice
  return np.nanmean(samp_cur[year_idx-1850, :], axis = 1)
/oscar/data/deeps/private/bfoxkemp/jnickla1/Thorne_15_codefigurestats/Methods/43_Forcing_Based/1_ERF_FaIR/FaIR_comb_unB_method.py:153: RuntimeWarning: Mean of empty slice
  return np.nanmean(samp_cur[year_idx-1850, :], axis = 1)
/oscar/data/deeps/private/bfoxkemp/jnickla1/Thorne_15_codefigurestats/Methods/43_Forcing_Based/1_ERF_FaIR/FaIR_nonat_method.py:68: RuntimeWarning: Mean of empty slice
  return np.nanmean(samp_cur[year_idx-1850, :], axis = 1)
/oscar/data/deeps/private/bfoxkemp/jnickla1/Thorne_15_codefigurestats/Methods/43_Forcing_Based/1_ERF_FaIR/FaIR_nonat_unB_method.py:92: RuntimeWarning: Mean of empty slice
  return np.nanmean(samp_cur[year_idx-1850, :], axis = 1)
/oscar/data/deeps/private/bfoxkemp/jnickla1/Thorne_15_codefigurestats/Methods/43_Forcing_Based/1_ERF_FaIR/FaIR_all_method.py:68: RuntimeWarning: Mean of empty slice
  return np.nanmean(samp_cur[year_idx-1850, :], axis = 1)
/oscar/data/deeps/private/bfoxkemp/jnickla1/Thorne_15_codefigurestats/Methods/43_Forcing_Based/1_ERF_FaIR/FaIR_nonat_unB_method.py:72: RuntimeWarning: Mean of empty slice
  samp_mean =  np.nanmean(samp_cur, axis = 1)
/users/jnickla1/.conda/envs/cleanpy/lib/python3.13/site-packages/numpy/lib/_nanfunctions_impl.py:2019: RuntimeWarning: Degrees of freedom <= 0 for slice.
  var = nanvar(a, axis=axis, dtype=dtype, out=out, ddof=ddof,
/oscar/data/deeps/private/bfoxkemp/jnickla1/Thorne_15_codefigurestats/Methods/43_Forcing_Based/1_ERF_FaIR/FaIR_all_unB_method.py:90: RuntimeWarning: Mean of empty slice
  return np.nanmean(samp_cur[year_idx-1850, :], axis = 1)
/oscar/data/deeps/private/bfoxkemp/jnickla1/Thorne_15_codefigurestats/Methods/43_Forcing_Based/1_ERF_FaIR/FaIR_anthro_method.py:67: RuntimeWarning: Mean of empty slice
  return np.nanmean(samp_cur[year_idx-1850, :], axis = 1)
/oscar/data/deeps/private/bfoxkemp/jnickla1/Thorne_15_codefigurestats/Methods/43_Forcing_Based/1_ERF_FaIR/FaIR_anthro_method.py:67: RuntimeWarning: Mean of empty slice
  return np.nanmean(samp_cur[year_idx-1850, :], axis = 1)
/oscar/data/deeps/private/bfoxkemp/jnickla1/Thorne_15_codefigurestats/Methods/43_Forcing_Based/1_ERF_FaIR/FaIR_anthro_unB_method.py:89: RuntimeWarning: Mean of empty slice
  return np.nanmean(samp_cur[year_idx-1850, :], axis = 1)
/oscar/data/deeps/private/bfoxkemp/jnickla1/Thorne_15_codefigurestats/Methods/43_Forcing_Based/1_ERF_FaIR/FaIR_nonat_method.py:68: RuntimeWarning: Mean of empty slice
  return np.nanmean(samp_cur[year_idx-1850, :], axis = 1)
/oscar/data/deeps/private/bfoxkemp/jnickla1/Thorne_15_codefigurestats/Methods/43_Forcing_Based/1_ERF_FaIR/FaIR_nonat_unB_method.py:92: RuntimeWarning: Mean of empty slice
  return np.nanmean(samp_cur[year_idx-1850, :], axis = 1)
/oscar/data/deeps/private/bfoxkemp/jnickla1/Thorne_15_codefigurestats/Methods/43_Forcing_Based/1_ERF_FaIR/FaIR_all_method.py:68: RuntimeWarning: Mean of empty slice
  return np.nanmean(samp_cur[year_idx-1850, :], axis = 1)
/oscar/data/deeps/private/bfoxkemp/jnickla1/Thorne_15_codefigurestats/Methods/43_Forcing_Based/1_ERF_FaIR/FaIR_anthro_unB_method.py:89: RuntimeWarning: Mean of empty slice
  return np.nanmean(samp_cur[year_idx-1850, :], axis = 1)
/oscar/data/deeps/private/bfoxkemp/jnickla1/Thorne_15_codefigurestats/Methods/43_Forcing_Based/1_ERF_FaIR/FaIR_all_method.py:68: RuntimeWarning: Mean of empty slice
  return np.nanmean(samp_cur[year_idx-1850, :], axis = 1)
/oscar/data/deeps/private/bfoxkemp/jnickla1/Thorne_15_codefigurestats/Methods/43_Forcing_Based/1_ERF_FaIR/FaIR_all_unB_method.py:90: RuntimeWarning: Mean of empty slice
  return np.nanmean(samp_cur[year_idx-1850, :], axis = 1)
/oscar/data/deeps/private/bfoxkemp/jnickla1/Thorne_15_codefigurestats/Methods/43_Forcing_Based/1_ERF_FaIR/FaIR_comb_unB_method.py:153: RuntimeWarning: Mean of empty slice
  return np.nanmean(samp_cur[year_idx-1850, :], axis = 1)
/users/jnickla1/.conda/envs/cleanpy/lib/python3.13/site-packages/numpy/lib/_nanfunctions_impl.py:2019: RuntimeWarning: Degrees of freedom <= 0 for slice.
  var = nanvar(a, axis=axis, dtype=dtype, out=out, ddof=ddof,
/oscar/data/deeps/private/bfoxkemp/jnickla1/Thorne_15_codefigurestats/Methods/43_Forcing_Based/1_ERF_FaIR/FaIR_all_unB_method.py:90: RuntimeWarning: Mean of empty slice
  return np.nanmean(samp_cur[year_idx-1850, :], axis = 1)
/oscar/data/deeps/private/bfoxkemp/jnickla1/Thorne_15_codefigurestats/Methods/43_Forcing_Based/1_ERF_FaIR/FaIR_comb_unB_method.py:153: RuntimeWarning: Mean of empty slice
  return np.nanmean(samp_cur[year_idx-1850, :], axis = 1)
/oscar/data/deeps/private/bfoxkemp/jnickla1/Thorne_15_codefigurestats/Methods/43_Forcing_Based/1_ERF_FaIR/FaIR_anthro_method.py:67: RuntimeWarning: Mean of empty slice
  return np.nanmean(samp_cur[year_idx-1850, :], axis = 1)
/oscar/data/deeps/private/bfoxkemp/jnickla1/Thorne_15_codefigurestats/Methods/43_Forcing_Based/1_ERF_FaIR/FaIR_nonat_method.py:68: RuntimeWarning: Mean of empty slice
  return np.nanmean(samp_cur[year_idx-1850, :], axis = 1)
/oscar/data/deeps/private/bfoxkemp/jnickla1/Thorne_15_codefigurestats/Methods/43_Forcing_Based/1_ERF_FaIR/FaIR_anthro_unB_method.py:89: RuntimeWarning: Mean of empty slice
  return np.nanmean(samp_cur[year_idx-1850, :], axis = 1)
/oscar/data/deeps/private/bfoxkemp/jnickla1/Thorne_15_codefigurestats/Methods/43_Forcing_Based/1_ERF_FaIR/FaIR_comb_unB_method.py:153: RuntimeWarning: Mean of empty slice
  return np.nanmean(samp_cur[year_idx-1850, :], axis = 1)
/oscar/data/deeps/private/bfoxkemp/jnickla1/Thorne_15_codefigurestats/Methods/43_Forcing_Based/1_ERF_FaIR/FaIR_nonat_unB_method.py:92: RuntimeWarning: Mean of empty slice
  return np.nanmean(samp_cur[year_idx-1850, :], axis = 1)
/oscar/data/deeps/private/bfoxkemp/jnickla1/Thorne_15_codefigurestats/Methods/43_Forcing_Based/1_ERF_FaIR/FaIR_nonat_method.py:68: RuntimeWarning: Mean of empty slice
  return np.nanmean(samp_cur[year_idx-1850, :], axis = 1)
/oscar/data/deeps/private/bfoxkemp/jnickla1/Thorne_15_codefigurestats/Methods/43_Forcing_Based/1_ERF_FaIR/FaIR_anthro_method.py:67: RuntimeWarning: Mean of empty slice
  return np.nanmean(samp_cur[year_idx-1850, :], axis = 1)
/oscar/data/deeps/private/bfoxkemp/jnickla1/Thorne_15_codefigurestats/Methods/43_Forcing_Based/1_ERF_FaIR/FaIR_anthro_unB_method.py:89: RuntimeWarning: Mean of empty slice
  return np.nanmean(samp_cur[year_idx-1850, :], axis = 1)
/oscar/data/deeps/private/bfoxkemp/jnickla1/Thorne_15_codefigurestats/Methods/43_Forcing_Based/1_ERF_FaIR/FaIR_nonat_unB_method.py:92: RuntimeWarning: Mean of empty slice
  return np.nanmean(samp_cur[year_idx-1850, :], axis = 1)
/oscar/data/deeps/private/bfoxkemp/jnickla1/Thorne_15_codefigurestats/Methods/43_Forcing_Based/1_ERF_FaIR/FaIR_nonat_method.py:68: RuntimeWarning: Mean of empty slice
  return np.nanmean(samp_cur[year_idx-1850, :], axis = 1)
/oscar/data/deeps/private/bfoxkemp/jnickla1/Thorne_15_codefigurestats/Methods/43_Forcing_Based/1_ERF_FaIR/FaIR_nonat_unB_method.py:92: RuntimeWarning: Mean of empty slice
  return np.nanmean(samp_cur[year_idx-1850, :], axis = 1)
/oscar/data/deeps/private/bfoxkemp/jnickla1/Thorne_15_codefigurestats/Methods/43_Forcing_Based/1_ERF_FaIR/FaIR_all_method.py:68: RuntimeWarning: Mean of empty slice
  return np.nanmean(samp_cur[year_idx-1850, :], axis = 1)
/oscar/data/deeps/private/bfoxkemp/jnickla1/Thorne_15_codefigurestats/Methods/43_Forcing_Based/1_ERF_FaIR/FaIR_all_unB_method.py:90: RuntimeWarning: Mean of empty slice
  return np.nanmean(samp_cur[year_idx-1850, :], axis = 1)
/oscar/data/deeps/private/bfoxkemp/jnickla1/Thorne_15_codefigurestats/Methods/43_Forcing_Based/1_ERF_FaIR/FaIR_comb_unB_method.py:153: RuntimeWarning: Mean of empty slice
  return np.nanmean(samp_cur[year_idx-1850, :], axis = 1)
/oscar/data/deeps/private/bfoxkemp/jnickla1/Thorne_15_codefigurestats/Methods/43_Forcing_Based/1_ERF_FaIR/FaIR_anthro_method.py:67: RuntimeWarning: Mean of empty slice
  return np.nanmean(samp_cur[year_idx-1850, :], axis = 1)
/oscar/data/deeps/private/bfoxkemp/jnickla1/Thorne_15_codefigurestats/Methods/43_Forcing_Based/1_ERF_FaIR/FaIR_anthro_unB_method.py:89: RuntimeWarning: Mean of empty slice
  return np.nanmean(samp_cur[year_idx-1850, :], axis = 1)
/oscar/data/deeps/private/bfoxkemp/jnickla1/Thorne_15_codefigurestats/Methods/43_Forcing_Based/1_ERF_FaIR/FaIR_nonat_method.py:68: RuntimeWarning: Mean of empty slice
  return np.nanmean(samp_cur[year_idx-1850, :], axis = 1)
/oscar/data/deeps/private/bfoxkemp/jnickla1/Thorne_15_codefigurestats/Methods/43_Forcing_Based/1_ERF_FaIR/FaIR_nonat_unB_method.py:92: RuntimeWarning: Mean of empty slice
  return np.nanmean(samp_cur[year_idx-1850, :], axis = 1)
/oscar/data/deeps/private/bfoxkemp/jnickla1/Thorne_15_codefigurestats/Methods/43_Forcing_Based/1_ERF_FaIR/FaIR_all_method.py:68: RuntimeWarning: Mean of empty slice
  return np.nanmean(samp_cur[year_idx-1850, :], axis = 1)
/oscar/data/deeps/private/bfoxkemp/jnickla1/Thorne_15_codefigurestats/Methods/43_Forcing_Based/1_ERF_FaIR/FaIR_all_unB_method.py:90: RuntimeWarning: Mean of empty slice
  return np.nanmean(samp_cur[year_idx-1850, :], axis = 1)
/oscar/data/deeps/private/bfoxkemp/jnickla1/Thorne_15_codefigurestats/Methods/43_Forcing_Based/1_ERF_FaIR/FaIR_comb_unB_method.py:153: RuntimeWarning: Mean of empty slice
  return np.nanmean(samp_cur[year_idx-1850, :], axis = 1)
/oscar/data/deeps/private/bfoxkemp/jnickla1/Thorne_15_codefigurestats/Methods/43_Forcing_Based/1_ERF_FaIR/FaIR_anthro_method.py:67: RuntimeWarning: Mean of empty slice
  return np.nanmean(samp_cur[year_idx-1850, :], axis = 1)
/users/jnickla1/.conda/envs/cleanpy/lib/python3.13/site-packages/numpy/lib/_nanfunctions_impl.py:2019: RuntimeWarning: Degrees of freedom <= 0 for slice.
  var = nanvar(a, axis=axis, dtype=dtype, out=out, ddof=ddof,
/oscar/data/deeps/private/bfoxkemp/jnickla1/Thorne_15_codefigurestats/Methods/43_Forcing_Based/1_ERF_FaIR/FaIR_anthro_method.py:95: RuntimeWarning: Mean of empty slice
  cdist = np.nanmean(dist)
/oscar/data/deeps/private/bfoxkemp/jnickla1/Thorne_15_codefigurestats/Methods/43_Forcing_Based/1_ERF_FaIR/FaIR_anthro_method.py:67: RuntimeWarning: Mean of empty slice
  return np.nanmean(samp_cur[year_idx-1850, :], axis = 1)
/users/jnickla1/.conda/envs/cleanpy/lib/python3.13/site-packages/numpy/lib/_nanfunctions_impl.py:2019: RuntimeWarning: Degrees of freedom <= 0 for slice.
  var = nanvar(a, axis=axis, dtype=dtype, out=out, ddof=ddof,
/oscar/data/deeps/private/bfoxkemp/jnickla1/Thorne_15_codefigurestats/Methods/43_Forcing_Based/1_ERF_FaIR/FaIR_anthro_method.py:95: RuntimeWarning: Mean of empty slice
  cdist = np.nanmean(dist)
/oscar/data/deeps/private/bfoxkemp/jnickla1/Thorne_15_codefigurestats/Methods/43_Forcing_Based/1_ERF_FaIR/FaIR_anthro_unB_method.py:89: RuntimeWarning: Mean of empty slice
  return np.nanmean(samp_cur[year_idx-1850, :], axis = 1)
/users/jnickla1/.conda/envs/cleanpy/lib/python3.13/site-packages/numpy/lib/_nanfunctions_impl.py:2019: RuntimeWarning: Degrees of freedom <= 0 for slice.
  var = nanvar(a, axis=axis, dtype=dtype, out=out, ddof=ddof,
/oscar/data/deeps/private/bfoxkemp/jnickla1/Thorne_15_codefigurestats/Methods/43_Forcing_Based/1_ERF_FaIR/FaIR_anthro_unB_method.py:117: RuntimeWarning: Mean of empty slice
  cdist = np.nanmean(dist)
/oscar/data/deeps/private/bfoxkemp/jnickla1/Thorne_15_codefigurestats/Methods/43_Forcing_Based/1_ERF_FaIR/FaIR_anthro_method.py:67: RuntimeWarning: Mean of empty slice
  return np.nanmean(samp_cur[year_idx-1850, :], axis = 1)
/users/jnickla1/.conda/envs/cleanpy/lib/python3.13/site-packages/numpy/lib/_nanfunctions_impl.py:2019: RuntimeWarning: Degrees of freedom <= 0 for slice.
  var = nanvar(a, axis=axis, dtype=dtype, out=out, ddof=ddof,
/oscar/data/deeps/private/bfoxkemp/jnickla1/Thorne_15_codefigurestats/Methods/43_Forcing_Based/1_ERF_FaIR/FaIR_anthro_method.py:95: RuntimeWarning: Mean of empty slice
  cdist = np.nanmean(dist)
/oscar/data/deeps/private/bfoxkemp/jnickla1/Thorne_15_codefigurestats/Methods/43_Forcing_Based/1_ERF_FaIR/FaIR_anthro_unB_method.py:89: RuntimeWarning: Mean of empty slice
  return np.nanmean(samp_cur[year_idx-1850, :], axis = 1)
/users/jnickla1/.conda/envs/cleanpy/lib/python3.13/site-packages/numpy/lib/_nanfunctions_impl.py:2019: RuntimeWarning: Degrees of freedom <= 0 for slice.
  var = nanvar(a, axis=axis, dtype=dtype, out=out, ddof=ddof,
/oscar/data/deeps/private/bfoxkemp/jnickla1/Thorne_15_codefigurestats/Methods/43_Forcing_Based/1_ERF_FaIR/FaIR_anthro_unB_method.py:117: RuntimeWarning: Mean of empty slice
  cdist = np.nanmean(dist)
/oscar/data/deeps/private/bfoxkemp/jnickla1/Thorne_15_codefigurestats/fut_evaluation_script.py:427: RuntimeWarning: Mean of empty slice
  evalmean = np.nanmean(diffcross) #if crossing multiple times take the mean
/oscar/data/deeps/private/bfoxkemp/jnickla1/Thorne_15_codefigurestats/fut_evaluation_script.py:464: RuntimeWarning: Mean of empty slice
  evalmean = np.nanmean(diffcrossE) #if crossing multiple times take the mean
/oscar/data/deeps/private/bfoxkemp/jnickla1/Thorne_15_codefigurestats/fut_evaluation_script.py:427: RuntimeWarning: Mean of empty slice
  evalmean = np.nanmean(diffcross) #if crossing multiple times take the mean
/oscar/data/deeps/private/bfoxkemp/jnickla1/Thorne_15_codefigurestats/fut_evaluation_script.py:427: RuntimeWarning: Mean of empty slice
  evalmean = np.nanmean(diffcross) #if crossing multiple times take the mean
/oscar/data/deeps/private/bfoxkemp/jnickla1/Thorne_15_codefigurestats/fut_evaluation_script.py:464: RuntimeWarning: Mean of empty slice
  evalmean = np.nanmean(diffcrossE) #if crossing multiple times take the mean
/oscar/data/deeps/private/bfoxkemp/jnickla1/Thorne_15_codefigurestats/Methods/43_Forcing_Based/1_ERF_FaIR/FaIR_anthro_unB_method.py:89: RuntimeWarning: Mean of empty slice
  return np.nanmean(samp_cur[year_idx-1850, :], axis = 1)
/users/jnickla1/.conda/envs/cleanpy/lib/python3.13/site-packages/numpy/lib/_nanfunctions_impl.py:2019: RuntimeWarning: Degrees of freedom <= 0 for slice.
  var = nanvar(a, axis=axis, dtype=dtype, out=out, ddof=ddof,
/oscar/data/deeps/private/bfoxkemp/jnickla1/Thorne_15_codefigurestats/Methods/43_Forcing_Based/1_ERF_FaIR/FaIR_anthro_unB_method.py:117: RuntimeWarning: Mean of empty slice
  cdist = np.nanmean(dist)
/oscar/data/deeps/private/bfoxkemp/jnickla1/Thorne_15_codefigurestats/Methods/43_Forcing_Based/1_ERF_FaIR/FaIR_anthro_unB_method.py:89: RuntimeWarning: Mean of empty slice
  return np.nanmean(samp_cur[year_idx-1850, :], axis = 1)
/users/jnickla1/.conda/envs/cleanpy/lib/python3.13/site-packages/numpy/lib/_nanfunctions_impl.py:2019: RuntimeWarning: Degrees of freedom <= 0 for slice.
  var = nanvar(a, axis=axis, dtype=dtype, out=out, ddof=ddof,
/oscar/data/deeps/private/bfoxkemp/jnickla1/Thorne_15_codefigurestats/Methods/43_Forcing_Based/1_ERF_FaIR/FaIR_anthro_unB_method.py:117: RuntimeWarning: Mean of empty slice
  cdist = np.nanmean(dist)
/oscar/data/deeps/private/bfoxkemp/jnickla1/Thorne_15_codefigurestats/Methods/43_Forcing_Based/1_ERF_FaIR/FaIR_nonat_method.py:68: RuntimeWarning: Mean of empty slice
  return np.nanmean(samp_cur[year_idx-1850, :], axis = 1)
/users/jnickla1/.conda/envs/cleanpy/lib/python3.13/site-packages/numpy/lib/_nanfunctions_impl.py:2019: RuntimeWarning: Degrees of freedom <= 0 for slice.
  var = nanvar(a, axis=axis, dtype=dtype, out=out, ddof=ddof,
/oscar/data/deeps/private/bfoxkemp/jnickla1/Thorne_15_codefigurestats/Methods/43_Forcing_Based/1_ERF_FaIR/FaIR_nonat_method.py:96: RuntimeWarning: Mean of empty slice
  cdist = np.nanmean(dist)
/oscar/data/deeps/private/bfoxkemp/jnickla1/Thorne_15_codefigurestats/Methods/43_Forcing_Based/1_ERF_FaIR/FaIR_nonat_method.py:68: RuntimeWarning: Mean of empty slice
  return np.nanmean(samp_cur[year_idx-1850, :], axis = 1)
/users/jnickla1/.conda/envs/cleanpy/lib/python3.13/site-packages/numpy/lib/_nanfunctions_impl.py:2019: RuntimeWarning: Degrees of freedom <= 0 for slice.
  var = nanvar(a, axis=axis, dtype=dtype, out=out, ddof=ddof,
/oscar/data/deeps/private/bfoxkemp/jnickla1/Thorne_15_codefigurestats/Methods/43_Forcing_Based/1_ERF_FaIR/FaIR_nonat_method.py:96: RuntimeWarning: Mean of empty slice
  cdist = np.nanmean(dist)
/oscar/data/deeps/private/bfoxkemp/jnickla1/Thorne_15_codefigurestats/fut_evaluation_script.py:427: RuntimeWarning: Mean of empty slice
  evalmean = np.nanmean(diffcross) #if crossing multiple times take the mean
/oscar/data/deeps/private/bfoxkemp/jnickla1/Thorne_15_codefigurestats/fut_evaluation_script.py:464: RuntimeWarning: Mean of empty slice
  evalmean = np.nanmean(diffcrossE) #if crossing multiple times take the mean
/oscar/data/deeps/private/bfoxkemp/jnickla1/Thorne_15_codefigurestats/Methods/43_Forcing_Based/1_ERF_FaIR/FaIR_anthro_unB_method.py:89: RuntimeWarning: Mean of empty slice
  return np.nanmean(samp_cur[year_idx-1850, :], axis = 1)
/users/jnickla1/.conda/envs/cleanpy/lib/python3.13/site-packages/numpy/lib/_nanfunctions_impl.py:2019: RuntimeWarning: Degrees of freedom <= 0 for slice.
  var = nanvar(a, axis=axis, dtype=dtype, out=out, ddof=ddof,
/oscar/data/deeps/private/bfoxkemp/jnickla1/Thorne_15_codefigurestats/Methods/43_Forcing_Based/1_ERF_FaIR/FaIR_anthro_unB_method.py:117: RuntimeWarning: Mean of empty slice
  cdist = np.nanmean(dist)
/oscar/data/deeps/private/bfoxkemp/jnickla1/Thorne_15_codefigurestats/fut_evaluation_script.py:427: RuntimeWarning: Mean of empty slice
  evalmean = np.nanmean(diffcross) #if crossing multiple times take the mean
/oscar/data/deeps/private/bfoxkemp/jnickla1/Thorne_15_codefigurestats/Methods/43_Forcing_Based/1_ERF_FaIR/FaIR_nonat_method.py:68: RuntimeWarning: Mean of empty slice
  return np.nanmean(samp_cur[year_idx-1850, :], axis = 1)
/users/jnickla1/.conda/envs/cleanpy/lib/python3.13/site-packages/numpy/lib/_nanfunctions_impl.py:2019: RuntimeWarning: Degrees of freedom <= 0 for slice.
  var = nanvar(a, axis=axis, dtype=dtype, out=out, ddof=ddof,
/oscar/data/deeps/private/bfoxkemp/jnickla1/Thorne_15_codefigurestats/Methods/43_Forcing_Based/1_ERF_FaIR/FaIR_nonat_method.py:96: RuntimeWarning: Mean of empty slice
  cdist = np.nanmean(dist)
/oscar/data/deeps/private/bfoxkemp/jnickla1/Thorne_15_codefigurestats/fut_evaluation_script.py:427: RuntimeWarning: Mean of empty slice
  evalmean = np.nanmean(diffcross) #if crossing multiple times take the mean
/oscar/data/deeps/private/bfoxkemp/jnickla1/Thorne_15_codefigurestats/fut_evaluation_script.py:464: RuntimeWarning: Mean of empty slice
  evalmean = np.nanmean(diffcrossE) #if crossing multiple times take the mean
/oscar/data/deeps/private/bfoxkemp/jnickla1/Thorne_15_codefigurestats/Methods/43_Forcing_Based/1_ERF_FaIR/FaIR_nonat_method.py:68: RuntimeWarning: Mean of empty slice
  return np.nanmean(samp_cur[year_idx-1850, :], axis = 1)
/users/jnickla1/.conda/envs/cleanpy/lib/python3.13/site-packages/numpy/lib/_nanfunctions_impl.py:2019: RuntimeWarning: Degrees of freedom <= 0 for slice.
  var = nanvar(a, axis=axis, dtype=dtype, out=out, ddof=ddof,
/oscar/data/deeps/private/bfoxkemp/jnickla1/Thorne_15_codefigurestats/Methods/43_Forcing_Based/1_ERF_FaIR/FaIR_nonat_method.py:96: RuntimeWarning: Mean of empty slice
  cdist = np.nanmean(dist)
/oscar/data/deeps/private/bfoxkemp/jnickla1/Thorne_15_codefigurestats/Methods/43_Forcing_Based/1_ERF_FaIR/FaIR_nonat_unB_method.py:92: RuntimeWarning: Mean of empty slice
  return np.nanmean(samp_cur[year_idx-1850, :], axis = 1)
/users/jnickla1/.conda/envs/cleanpy/lib/python3.13/site-packages/numpy/lib/_nanfunctions_impl.py:2019: RuntimeWarning: Degrees of freedom <= 0 for slice.
  var = nanvar(a, axis=axis, dtype=dtype, out=out, ddof=ddof,
/oscar/data/deeps/private/bfoxkemp/jnickla1/Thorne_15_codefigurestats/Methods/43_Forcing_Based/1_ERF_FaIR/FaIR_nonat_unB_method.py:120: RuntimeWarning: Mean of empty slice
  cdist = np.nanmean(dist)
/oscar/data/deeps/private/bfoxkemp/jnickla1/Thorne_15_codefigurestats/Methods/43_Forcing_Based/1_ERF_FaIR/FaIR_nonat_unB_method.py:92: RuntimeWarning: Mean of empty slice
  return np.nanmean(samp_cur[year_idx-1850, :], axis = 1)
/users/jnickla1/.conda/envs/cleanpy/lib/python3.13/site-packages/numpy/lib/_nanfunctions_impl.py:2019: RuntimeWarning: Degrees of freedom <= 0 for slice.
  var = nanvar(a, axis=axis, dtype=dtype, out=out, ddof=ddof,
/oscar/data/deeps/private/bfoxkemp/jnickla1/Thorne_15_codefigurestats/Methods/43_Forcing_Based/1_ERF_FaIR/FaIR_nonat_unB_method.py:120: RuntimeWarning: Mean of empty slice
  cdist = np.nanmean(dist)
/oscar/data/deeps/private/bfoxkemp/jnickla1/Thorne_15_codefigurestats/Methods/43_Forcing_Based/1_ERF_FaIR/FaIR_nonat_unB_method.py:92: RuntimeWarning: Mean of empty slice
  return np.nanmean(samp_cur[year_idx-1850, :], axis = 1)
/users/jnickla1/.conda/envs/cleanpy/lib/python3.13/site-packages/numpy/lib/_nanfunctions_impl.py:2019: RuntimeWarning: Degrees of freedom <= 0 for slice.
  var = nanvar(a, axis=axis, dtype=dtype, out=out, ddof=ddof,
/oscar/data/deeps/private/bfoxkemp/jnickla1/Thorne_15_codefigurestats/Methods/43_Forcing_Based/1_ERF_FaIR/FaIR_nonat_unB_method.py:120: RuntimeWarning: Mean of empty slice
  cdist = np.nanmean(dist)
/oscar/data/deeps/private/bfoxkemp/jnickla1/Thorne_15_codefigurestats/fut_evaluation_script.py:427: RuntimeWarning: Mean of empty slice
  evalmean = np.nanmean(diffcross) #if crossing multiple times take the mean
/oscar/data/deeps/private/bfoxkemp/jnickla1/Thorne_15_codefigurestats/fut_evaluation_script.py:427: RuntimeWarning: Mean of empty slice
  evalmean = np.nanmean(diffcross) #if crossing multiple times take the mean
/oscar/data/deeps/private/bfoxkemp/jnickla1/Thorne_15_codefigurestats/fut_evaluation_script.py:464: RuntimeWarning: Mean of empty slice
  evalmean = np.nanmean(diffcrossE) #if crossing multiple times take the mean
/oscar/data/deeps/private/bfoxkemp/jnickla1/Thorne_15_codefigurestats/Methods/43_Forcing_Based/1_ERF_FaIR/FaIR_nonat_unB_method.py:92: RuntimeWarning: Mean of empty slice
  return np.nanmean(samp_cur[year_idx-1850, :], axis = 1)
/users/jnickla1/.conda/envs/cleanpy/lib/python3.13/site-packages/numpy/lib/_nanfunctions_impl.py:2019: RuntimeWarning: Degrees of freedom <= 0 for slice.
  var = nanvar(a, axis=axis, dtype=dtype, out=out, ddof=ddof,
/oscar/data/deeps/private/bfoxkemp/jnickla1/Thorne_15_codefigurestats/Methods/43_Forcing_Based/1_ERF_FaIR/FaIR_nonat_unB_method.py:120: RuntimeWarning: Mean of empty slice
  cdist = np.nanmean(dist)
/oscar/data/deeps/private/bfoxkemp/jnickla1/Thorne_15_codefigurestats/Methods/43_Forcing_Based/1_ERF_FaIR/FaIR_nonat_method.py:68: RuntimeWarning: Mean of empty slice
  return np.nanmean(samp_cur[year_idx-1850, :], axis = 1)
/oscar/data/deeps/private/bfoxkemp/jnickla1/Thorne_15_codefigurestats/Methods/43_Forcing_Based/1_ERF_FaIR/FaIR_all_method.py:68: RuntimeWarning: Mean of empty slice
  return np.nanmean(samp_cur[year_idx-1850, :], axis = 1)
/users/jnickla1/.conda/envs/cleanpy/lib/python3.13/site-packages/numpy/lib/_nanfunctions_impl.py:2019: RuntimeWarning: Degrees of freedom <= 0 for slice.
  var = nanvar(a, axis=axis, dtype=dtype, out=out, ddof=ddof,
/oscar/data/deeps/private/bfoxkemp/jnickla1/Thorne_15_codefigurestats/Methods/43_Forcing_Based/1_ERF_FaIR/FaIR_all_method.py:96: RuntimeWarning: Mean of empty slice
  cdist = np.nanmean(dist)
/users/jnickla1/.conda/envs/cleanpy/lib/python3.13/site-packages/numpy/lib/_nanfunctions_impl.py:2019: RuntimeWarning: Degrees of freedom <= 0 for slice.
  var = nanvar(a, axis=axis, dtype=dtype, out=out, ddof=ddof,
/oscar/data/deeps/private/bfoxkemp/jnickla1/Thorne_15_codefigurestats/Methods/43_Forcing_Based/1_ERF_FaIR/FaIR_nonat_method.py:96: RuntimeWarning: Mean of empty slice
  cdist = np.nanmean(dist)
/oscar/data/deeps/private/bfoxkemp/jnickla1/Thorne_15_codefigurestats/Methods/43_Forcing_Based/1_ERF_FaIR/FaIR_all_method.py:68: RuntimeWarning: Mean of empty slice
  return np.nanmean(samp_cur[year_idx-1850, :], axis = 1)
/users/jnickla1/.conda/envs/cleanpy/lib/python3.13/site-packages/numpy/lib/_nanfunctions_impl.py:2019: RuntimeWarning: Degrees of freedom <= 0 for slice.
  var = nanvar(a, axis=axis, dtype=dtype, out=out, ddof=ddof,
/oscar/data/deeps/private/bfoxkemp/jnickla1/Thorne_15_codefigurestats/Methods/43_Forcing_Based/1_ERF_FaIR/FaIR_all_method.py:96: RuntimeWarning: Mean of empty slice
  cdist = np.nanmean(dist)
/oscar/data/deeps/private/bfoxkemp/jnickla1/Thorne_15_codefigurestats/Methods/43_Forcing_Based/1_ERF_FaIR/FaIR_all_method.py:68: RuntimeWarning: Mean of empty slice
  return np.nanmean(samp_cur[year_idx-1850, :], axis = 1)
/users/jnickla1/.conda/envs/cleanpy/lib/python3.13/site-packages/numpy/lib/_nanfunctions_impl.py:2019: RuntimeWarning: Degrees of freedom <= 0 for slice.
  var = nanvar(a, axis=axis, dtype=dtype, out=out, ddof=ddof,
/oscar/data/deeps/private/bfoxkemp/jnickla1/Thorne_15_codefigurestats/Methods/43_Forcing_Based/1_ERF_FaIR/FaIR_all_method.py:96: RuntimeWarning: Mean of empty slice
  cdist = np.nanmean(dist)
/oscar/data/deeps/private/bfoxkemp/jnickla1/Thorne_15_codefigurestats/fut_evaluation_script.py:427: RuntimeWarning: Mean of empty slice
  evalmean = np.nanmean(diffcross) #if crossing multiple times take the mean
/oscar/data/deeps/private/bfoxkemp/jnickla1/Thorne_15_codefigurestats/fut_evaluation_script.py:427: RuntimeWarning: Mean of empty slice
  evalmean = np.nanmean(diffcross) #if crossing multiple times take the mean
/oscar/data/deeps/private/bfoxkemp/jnickla1/Thorne_15_codefigurestats/fut_evaluation_script.py:464: RuntimeWarning: Mean of empty slice
  evalmean = np.nanmean(diffcrossE) #if crossing multiple times take the mean
/oscar/data/deeps/private/bfoxkemp/jnickla1/Thorne_15_codefigurestats/Methods/43_Forcing_Based/1_ERF_FaIR/FaIR_all_method.py:68: RuntimeWarning: Mean of empty slice
  return np.nanmean(samp_cur[year_idx-1850, :], axis = 1)
/users/jnickla1/.conda/envs/cleanpy/lib/python3.13/site-packages/numpy/lib/_nanfunctions_impl.py:2019: RuntimeWarning: Degrees of freedom <= 0 for slice.
  var = nanvar(a, axis=axis, dtype=dtype, out=out, ddof=ddof,
/oscar/data/deeps/private/bfoxkemp/jnickla1/Thorne_15_codefigurestats/Methods/43_Forcing_Based/1_ERF_FaIR/FaIR_all_method.py:96: RuntimeWarning: Mean of empty slice
  cdist = np.nanmean(dist)
/oscar/data/deeps/private/bfoxkemp/jnickla1/Thorne_15_codefigurestats/fut_evaluation_script.py:464: RuntimeWarning: Mean of empty slice
  evalmean = np.nanmean(diffcrossE) #if crossing multiple times take the mean
/oscar/data/deeps/private/bfoxkemp/jnickla1/Thorne_15_codefigurestats/Methods/43_Forcing_Based/1_ERF_FaIR/FaIR_all_unB_method.py:90: RuntimeWarning: Mean of empty slice
  return np.nanmean(samp_cur[year_idx-1850, :], axis = 1)
/users/jnickla1/.conda/envs/cleanpy/lib/python3.13/site-packages/numpy/lib/_nanfunctions_impl.py:2019: RuntimeWarning: Degrees of freedom <= 0 for slice.
  var = nanvar(a, axis=axis, dtype=dtype, out=out, ddof=ddof,
/oscar/data/deeps/private/bfoxkemp/jnickla1/Thorne_15_codefigurestats/Methods/43_Forcing_Based/1_ERF_FaIR/FaIR_all_unB_method.py:118: RuntimeWarning: Mean of empty slice
  cdist = np.nanmean(dist)
/oscar/data/deeps/private/bfoxkemp/jnickla1/Thorne_15_codefigurestats/Methods/43_Forcing_Based/1_ERF_FaIR/FaIR_all_unB_method.py:90: RuntimeWarning: Mean of empty slice
  return np.nanmean(samp_cur[year_idx-1850, :], axis = 1)
/users/jnickla1/.conda/envs/cleanpy/lib/python3.13/site-packages/numpy/lib/_nanfunctions_impl.py:2019: RuntimeWarning: Degrees of freedom <= 0 for slice.
  var = nanvar(a, axis=axis, dtype=dtype, out=out, ddof=ddof,
/oscar/data/deeps/private/bfoxkemp/jnickla1/Thorne_15_codefigurestats/Methods/43_Forcing_Based/1_ERF_FaIR/FaIR_all_unB_method.py:118: RuntimeWarning: Mean of empty slice
  cdist = np.nanmean(dist)
/oscar/data/deeps/private/bfoxkemp/jnickla1/Thorne_15_codefigurestats/fut_evaluation_script.py:427: RuntimeWarning: Mean of empty slice
  evalmean = np.nanmean(diffcross) #if crossing multiple times take the mean
/oscar/data/deeps/private/bfoxkemp/jnickla1/Thorne_15_codefigurestats/Methods/43_Forcing_Based/1_ERF_FaIR/FaIR_all_unB_method.py:90: RuntimeWarning: Mean of empty slice
  return np.nanmean(samp_cur[year_idx-1850, :], axis = 1)
/users/jnickla1/.conda/envs/cleanpy/lib/python3.13/site-packages/numpy/lib/_nanfunctions_impl.py:2019: RuntimeWarning: Degrees of freedom <= 0 for slice.
  var = nanvar(a, axis=axis, dtype=dtype, out=out, ddof=ddof,
/oscar/data/deeps/private/bfoxkemp/jnickla1/Thorne_15_codefigurestats/Methods/43_Forcing_Based/1_ERF_FaIR/FaIR_all_unB_method.py:118: RuntimeWarning: Mean of empty slice
  cdist = np.nanmean(dist)
/oscar/data/deeps/private/bfoxkemp/jnickla1/Thorne_15_codefigurestats/Methods/43_Forcing_Based/1_ERF_FaIR/FaIR_nonat_unB_method.py:92: RuntimeWarning: Mean of empty slice
  return np.nanmean(samp_cur[year_idx-1850, :], axis = 1)
/users/jnickla1/.conda/envs/cleanpy/lib/python3.13/site-packages/numpy/lib/_nanfunctions_impl.py:2019: RuntimeWarning: Degrees of freedom <= 0 for slice.
  var = nanvar(a, axis=axis, dtype=dtype, out=out, ddof=ddof,
/oscar/data/deeps/private/bfoxkemp/jnickla1/Thorne_15_codefigurestats/Methods/43_Forcing_Based/1_ERF_FaIR/FaIR_nonat_unB_method.py:120: RuntimeWarning: Mean of empty slice
  cdist = np.nanmean(dist)
/oscar/data/deeps/private/bfoxkemp/jnickla1/Thorne_15_codefigurestats/fut_evaluation_script.py:464: RuntimeWarning: Mean of empty slice
  evalmean = np.nanmean(diffcrossE) #if crossing multiple times take the mean
/oscar/data/deeps/private/bfoxkemp/jnickla1/Thorne_15_codefigurestats/fut_evaluation_script.py:427: RuntimeWarning: Mean of empty slice
  evalmean = np.nanmean(diffcross) #if crossing multiple times take the mean
/oscar/data/deeps/private/bfoxkemp/jnickla1/Thorne_15_codefigurestats/Methods/43_Forcing_Based/1_ERF_FaIR/FaIR_comb_unB_method.py:153: RuntimeWarning: Mean of empty slice
  return np.nanmean(samp_cur[year_idx-1850, :], axis = 1)
/users/jnickla1/.conda/envs/cleanpy/lib/python3.13/site-packages/numpy/lib/_nanfunctions_impl.py:2019: RuntimeWarning: Degrees of freedom <= 0 for slice.
  var = nanvar(a, axis=axis, dtype=dtype, out=out, ddof=ddof,
/oscar/data/deeps/private/bfoxkemp/jnickla1/Thorne_15_codefigurestats/Methods/43_Forcing_Based/1_ERF_FaIR/FaIR_comb_unB_method.py:181: RuntimeWarning: Mean of empty slice
  cdist = np.nanmean(dist)
/oscar/data/deeps/private/bfoxkemp/jnickla1/Thorne_15_codefigurestats/fut_evaluation_script.py:427: RuntimeWarning: Mean of empty slice
  evalmean = np.nanmean(diffcross) #if crossing multiple times take the mean
/oscar/data/deeps/private/bfoxkemp/jnickla1/Thorne_15_codefigurestats/fut_evaluation_script.py:464: RuntimeWarning: Mean of empty slice
  evalmean = np.nanmean(diffcrossE) #if crossing multiple times take the mean
/oscar/data/deeps/private/bfoxkemp/jnickla1/Thorne_15_codefigurestats/fut_evaluation_script.py:427: RuntimeWarning: Mean of empty slice
  evalmean = np.nanmean(diffcross) #if crossing multiple times take the mean
/oscar/data/deeps/private/bfoxkemp/jnickla1/Thorne_15_codefigurestats/Methods/43_Forcing_Based/1_ERF_FaIR/FaIR_all_unB_method.py:90: RuntimeWarning: Mean of empty slice
  return np.nanmean(samp_cur[year_idx-1850, :], axis = 1)
/users/jnickla1/.conda/envs/cleanpy/lib/python3.13/site-packages/numpy/lib/_nanfunctions_impl.py:2019: RuntimeWarning: Degrees of freedom <= 0 for slice.
  var = nanvar(a, axis=axis, dtype=dtype, out=out, ddof=ddof,
/oscar/data/deeps/private/bfoxkemp/jnickla1/Thorne_15_codefigurestats/Methods/43_Forcing_Based/1_ERF_FaIR/FaIR_all_unB_method.py:118: RuntimeWarning: Mean of empty slice
  cdist = np.nanmean(dist)
/oscar/data/deeps/private/bfoxkemp/jnickla1/Thorne_15_codefigurestats/fut_evaluation_script.py:464: RuntimeWarning: Mean of empty slice
  evalmean = np.nanmean(diffcrossE) #if crossing multiple times take the mean
/oscar/data/deeps/private/bfoxkemp/jnickla1/Thorne_15_codefigurestats/Methods/43_Forcing_Based/1_ERF_FaIR/FaIR_comb_unB_method.py:153: RuntimeWarning: Mean of empty slice
  return np.nanmean(samp_cur[year_idx-1850, :], axis = 1)
/users/jnickla1/.conda/envs/cleanpy/lib/python3.13/site-packages/numpy/lib/_nanfunctions_impl.py:2019: RuntimeWarning: Degrees of freedom <= 0 for slice.
  var = nanvar(a, axis=axis, dtype=dtype, out=out, ddof=ddof,
/oscar/data/deeps/private/bfoxkemp/jnickla1/Thorne_15_codefigurestats/Methods/43_Forcing_Based/1_ERF_FaIR/FaIR_comb_unB_method.py:181: RuntimeWarning: Mean of empty slice
  cdist = np.nanmean(dist)
/oscar/data/deeps/private/bfoxkemp/jnickla1/Thorne_15_codefigurestats/Methods/43_Forcing_Based/1_ERF_FaIR/FaIR_comb_unB_method.py:153: RuntimeWarning: Mean of empty slice
  return np.nanmean(samp_cur[year_idx-1850, :], axis = 1)
/users/jnickla1/.conda/envs/cleanpy/lib/python3.13/site-packages/numpy/lib/_nanfunctions_impl.py:2019: RuntimeWarning: Degrees of freedom <= 0 for slice.
  var = nanvar(a, axis=axis, dtype=dtype, out=out, ddof=ddof,
/oscar/data/deeps/private/bfoxkemp/jnickla1/Thorne_15_codefigurestats/Methods/43_Forcing_Based/1_ERF_FaIR/FaIR_comb_unB_method.py:181: RuntimeWarning: Mean of empty slice
  cdist = np.nanmean(dist)
starting computation for fut_ESM1-2-LR_SSP126_constVolc
max_runs37
Model number:
36




Methods/42_Temp_Alone/1_Run_Means/cent10y_method.py
Methods/42_Temp_Alone/1_Run_Means/cent20y_method.py
Methods/42_Temp_Alone/1_Run_Means/cent21y_method.py
Methods/42_Temp_Alone/1_Run_Means/cent30y_method.py
Methods/42_Temp_Alone/1_Run_Means/lag10y_method.py
Methods/42_Temp_Alone/1_Run_Means/lag5y_method.py
Methods/42_Temp_Alone/1_Run_Means/offset11y_method.py
Methods/42_Temp_Alone/1_Run_Means/raw1y_method.py
Methods/43_Forcing_Based/1_ERF_FaIR/FaIR_all_method.py
Methods/43_Forcing_Based/1_ERF_FaIR/FaIR_all_unB_method.py
Methods/43_Forcing_Based/1_ERF_FaIR/FaIR_anthro_method.py
Methods/43_Forcing_Based/1_ERF_FaIR/FaIR_anthro_unB_method.py
Methods/43_Forcing_Based/1_ERF_FaIR/FaIR_comb_unB_method.py
Methods/43_Forcing_Based/1_ERF_FaIR/FaIR_nonat_method.py
Methods/43_Forcing_Based/1_ERF_FaIR/FaIR_nonat_unB_method.py
evaluating 6 of 0.1C thresholds, starting at 1.1C
11
FaIR_anthro sampled, d llike: 0.009448818776592205
FaIR_anthro sampled, d llike: -2.9817715979645376
FaIR_anthro_unB sampled, d llike: 0.007021806336381942
FaIR_anthro_unB sampled, d llike: -3.1457005283394315
FaIR_nonat sampled, d llike: -0.028986410353955883
FaIR_nonat sampled, d llike: -0.059805674730771474
FaIR_nonat_unB sampled, d llike: -0.011249847369817045
FaIR_nonat_unB sampled, d llike: -0.05052839324843039
FaIR_all sampled, d llike: -2438.0614302713834
FaIR_all sampled, d llike: -0.04538840957131629
FaIR_all_unB sampled, d llike: -0.01693395120776864
FaIR_all_unB sampled, d llike: -0.048646659475851006
FaIR_comb_unB sampled, d llike: -0.012191489100975783
FaIR_comb_unB sampled, d llike: 0.07445816844830688
        method_name    method_class c/r  smooth_r  avg_unc.(1se)  #q<0.5  #q<0.1   log-likeli       RMS      bias         tlog-l       100log-l    100RMS     75RMS   100bias            l15  l20    bias50   Edyrs15  Edyrs20    Mdyrs15  Mdyrs20   Fdyrs15  Fdyrs20    EdyrsA    RMSyrsA  ncEdyrs      e100log-l   e100RMS    e75RMS  e100bias       el15  el20   ebias50   eEdyrs15  eEdyrs20   eMdyrs15  eMdyrs20   eFdyrs15  eFdyrs20   eEdyrsA  eRMSyrsA  nceEdyrs
21    FaIR_comb_unB   43/1_ERF_FaIR   c     1.936       0.070850       0       0     1.291901  0.065039 -0.012433     202.828485     110.365503  0.071955  0.078816 -0.005850   5.155221e+00  0.0 -0.075342  7.250000       -1   7.250000       -1  7.250000       -1  1.750000  11.808170      5.0     120.787316  0.059418  0.065665 -0.023834   4.083418   0.0 -0.067898  14.833333        -1  14.833333        -1  14.833333        -1  4.930556  4.930556       5.0
9       FaIR_anthro   43/1_ERF_FaIR   c     1.466       0.082037       0       0     1.015017  0.083185 -0.013659     163.417750     108.430329  0.075262  0.077976  0.023006   4.216047e+00  0.0 -0.044421 -2.666667       -1  -2.666667       -1 -2.666667       -1 -1.375000  12.413544      5.0     120.826119  0.053606  0.052433  0.005022   4.025071   0.0 -0.036977   4.916667        -1   4.916667        -1   4.916667        -1  1.805556  1.805556       5.0
19     FaIR_all_unB   43/1_ERF_FaIR   c     3.255       0.083153       0       0     1.178991  0.071227 -0.001841     189.817610     105.094107  0.073468  0.078639 -0.005549   4.474335e+00  0.0 -0.077841  7.416667       -1   7.416667       -1  7.416667       -1  1.680556  11.826338      5.0     111.323117  0.063444  0.068648 -0.023533   3.146215   0.0 -0.070396  15.000000        -1  15.000000        -1  15.000000        -1  4.861111  4.861111       5.0
13       FaIR_nonat   43/1_ERF_FaIR   c     1.878       0.100328       0       0     1.106156  0.070641 -0.003094     178.091080     101.249512  0.071179  0.073416  0.020072   3.998695e+00  0.0 -0.043302 -2.833333       -1  -2.833333       -1 -2.833333       -1 -1.111111  12.229669      5.0     109.217587  0.050949  0.049886  0.002088   3.546717   0.0 -0.035857   4.750000        -1   4.750000        -1   4.750000        -1  2.069444  2.069444       5.0
15   FaIR_nonat_unB   43/1_ERF_FaIR   c     1.825       0.080353       0       0     1.170791  0.073220 -0.013970     188.497302     101.148999  0.079241  0.085791 -0.004393   4.886579e+00  0.0 -0.082115  7.000000       -1   7.000000       -1  7.000000       -1  0.888889  12.243763      5.0     112.011431  0.064673  0.070149 -0.022377   3.788630   0.0 -0.074670  14.583333        -1  14.583333        -1  14.583333        -1  4.069444  4.069444       5.0
11  FaIR_anthro_unB   43/1_ERF_FaIR   c     1.428       0.082023       0       0     0.957968  0.086014 -0.028769     154.232901      99.352423  0.080731  0.087987 -0.003729   4.056137e+00  0.0 -0.083037  8.000000       -1   8.833333       -1  7.166667       -1  0.916667  12.459657      6.2     110.845583  0.065362  0.071256 -0.021713   3.502869   0.0 -0.075593  15.583333        -1  16.416667        -1  14.750000        -1  4.097222  4.097222       6.2
0            lag10y  42/1_Run_Means   c     2.919       0.038038     101      27     1.089743  0.057677 -0.030535     251.730543      80.042105  0.055949  0.042406 -0.039700   7.647411e+00  0.0 -0.014397  7.750000       -1   9.500000       -1  6.000000       -1  4.347222   4.847083      8.2    -131.693365  0.085936  0.085407 -0.057684   0.003097   0.0 -0.006952  15.333333        -1  17.083333        -1  13.583333        -1  8.402778  8.402778       8.2
2             raw1y  42/1_Run_Means   c    29.528       0.126496       0       0     0.717034  0.117476 -0.000961     165.634928      74.178054  0.105609  0.103553  0.004103   5.780656e-01  0.0 -0.005229  5.714286       -1  18.500000       -1 -7.916667       -1  2.405026   3.520690     37.7      70.875729  0.110402  0.111782 -0.013881   3.284402   0.0  0.002215  11.166667        -1  23.083333        -1  -0.333333        -1  5.391138  5.391138      34.6
1             lag5y  42/1_Run_Means   c     5.776       0.047535      83      24     0.903772  0.064738 -0.013865     208.771406      67.971652  0.051429  0.047754 -0.014262   5.226571e+00  0.0 -0.009119  2.500000       -1   6.500000       -1 -1.500000       -1  2.841667   5.132499     12.2     -43.026553  0.070380  0.075415 -0.032246   0.785419   0.0 -0.001675  10.083333        -1  14.083333        -1   6.083333        -1  5.773148  5.773148      10.2
8         offset11y  42/1_Run_Means   c     2.602       0.036776     194     126    -1.165904  0.090947  0.076209    -269.323737     -50.392319  0.076669  0.086540  0.064703   1.077943e+00  0.0  0.094134 -7.166667       -1  -7.166667       -1 -7.166667       -1 -4.402778   5.574724      6.0    -147.214149  0.080642  0.092646  0.046719   9.826457   0.0  0.101579   0.416667        -1   0.416667        -1   0.416667        -1 -0.347222  0.347222       6.0
17         FaIR_all   43/1_ERF_FaIR   c     2.796       0.005556     155     144 -2660.620766  0.084625  0.031068 -428359.943304 -339831.151764  0.095669  0.085921  0.055001  2.865880e-117  0.0 -0.023414 -7.000000       -1  -7.000000       -1 -7.000000       -1 -6.180556  10.028374      6.0 -195008.071217  0.073401  0.055211  0.037017  96.754579   0.0 -0.015969   0.583333        -1   0.583333        -1   0.583333        -1 -2.125000  2.125000       6.0
4.586837783
finished this run
/oscar/data/deeps/private/bfoxkemp/jnickla1/Thorne_15_codefigurestats/Methods/43_Forcing_Based/1_ERF_FaIR/FaIR_all_method.py:68: RuntimeWarning: Mean of empty slice
  return np.nanmean(samp_cur[year_idx-1850, :], axis = 1)
/users/jnickla1/.conda/envs/cleanpy/lib/python3.13/site-packages/numpy/lib/_nanfunctions_impl.py:2019: RuntimeWarning: Degrees of freedom <= 0 for slice.
  var = nanvar(a, axis=axis, dtype=dtype, out=out, ddof=ddof,
/oscar/data/deeps/private/bfoxkemp/jnickla1/Thorne_15_codefigurestats/Methods/43_Forcing_Based/1_ERF_FaIR/FaIR_all_method.py:96: RuntimeWarning: Mean of empty slice
  cdist = np.nanmean(dist)
/oscar/data/deeps/private/bfoxkemp/jnickla1/Thorne_15_codefigurestats/fut_evaluation_script.py:427: RuntimeWarning: Mean of empty slice
  evalmean = np.nanmean(diffcross) #if crossing multiple times take the mean
/oscar/data/deeps/private/bfoxkemp/jnickla1/Thorne_15_codefigurestats/Methods/43_Forcing_Based/1_ERF_FaIR/FaIR_comb_unB_method.py:153: RuntimeWarning: Mean of empty slice
  return np.nanmean(samp_cur[year_idx-1850, :], axis = 1)
/users/jnickla1/.conda/envs/cleanpy/lib/python3.13/site-packages/numpy/lib/_nanfunctions_impl.py:2019: RuntimeWarning: Degrees of freedom <= 0 for slice.
  var = nanvar(a, axis=axis, dtype=dtype, out=out, ddof=ddof,
/oscar/data/deeps/private/bfoxkemp/jnickla1/Thorne_15_codefigurestats/Methods/43_Forcing_Based/1_ERF_FaIR/FaIR_comb_unB_method.py:181: RuntimeWarning: Mean of empty slice
  cdist = np.nanmean(dist)
starting computation for fut_NorESM_RCP45_VolcConst
max_runs37
Model number:
36




Methods/42_Temp_Alone/1_Run_Means/cent10y_method.py
Methods/42_Temp_Alone/1_Run_Means/cent20y_method.py
Methods/42_Temp_Alone/1_Run_Means/cent21y_method.py
Methods/42_Temp_Alone/1_Run_Means/cent30y_method.py
Methods/42_Temp_Alone/1_Run_Means/lag10y_method.py
Methods/42_Temp_Alone/1_Run_Means/lag5y_method.py
Methods/42_Temp_Alone/1_Run_Means/offset11y_method.py
Methods/42_Temp_Alone/1_Run_Means/raw1y_method.py
Methods/43_Forcing_Based/1_ERF_FaIR/FaIR_all_method.py
Methods/43_Forcing_Based/1_ERF_FaIR/FaIR_all_unB_method.py
Methods/43_Forcing_Based/1_ERF_FaIR/FaIR_anthro_method.py
Methods/43_Forcing_Based/1_ERF_FaIR/FaIR_anthro_unB_method.py
Methods/43_Forcing_Based/1_ERF_FaIR/FaIR_comb_unB_method.py
Methods/43_Forcing_Based/1_ERF_FaIR/FaIR_nonat_method.py
Methods/43_Forcing_Based/1_ERF_FaIR/FaIR_nonat_unB_method.py
evaluating 13 of 0.1C thresholds, starting at 1.1C
11
FaIR_anthro sampled, d llike: -1.4531900039335546
FaIR_anthro sampled, d llike: -77.935791735799
FaIR_anthro_unB sampled, d llike: -1.3903874629046495
FaIR_anthro_unB sampled, d llike: -74.30634995307877
FaIR_nonat sampled, d llike: 0.00015161329927548817
FaIR_nonat sampled, d llike: 0.16392489480701156
FaIR_nonat_unB sampled, d llike: -0.15823329519233853
FaIR_nonat_unB sampled, d llike: 0.13117447903353036
FaIR_all sampled, d llike: -16270.418272384966
FaIR_all sampled, d llike: 0.1414242846882554
FaIR_all_unB sampled, d llike: -0.6043694555933248
FaIR_all_unB sampled, d llike: 0.08945465846896833
FaIR_comb_unB sampled, d llike: -0.46507750938197656
FaIR_comb_unB sampled, d llike: 0.17614225364395708
        method_name    method_class c/r  smooth_r  avg_unc.(1se)  #q<0.5  #q<0.1    log-likeli       RMS      bias        tlog-l      100log-l    100RMS     75RMS   100bias        l15        l20    bias50   Edyrs15    Edyrs20   Mdyrs15    Mdyrs20   Fdyrs15    Fdyrs20     EdyrsA    RMSyrsA  ncEdyrs     e100log-l   e100RMS    e75RMS  e100bias       el15      el20   ebias50   eEdyrs15   eEdyrs20   eMdyrs15   eMdyrs20   eFdyrs15   eFdyrs20    eEdyrsA   eRMSyrsA  nceEdyrs
8         offset11y  42/1_Run_Means   c     2.896       0.032940     167     126     -0.500706  0.081715  0.064132 -1.151624e+02  1.390291e+02  0.037620  0.042381  0.021967  10.917710  12.252353  0.041390 -1.250000   0.666667 -1.250000   0.666667 -1.250000   0.666667  -1.051282   2.137876     13.0 -5.152737e+01  0.067539  0.073394  0.053444  12.094213  6.159354  0.085496  -1.083333  -2.666667  -1.083333  -2.666667  -1.083333  -2.666667  -2.923077   2.923077      13.0
21    FaIR_comb_unB   43/1_ERF_FaIR   c     3.516       0.079136      92      59     -1.389911  0.165202 -0.127035 -2.168262e+02  1.081048e+02  0.076536  0.087212 -0.046796   4.212162   2.248722 -0.104421 -1.916667   5.416667 -1.916667   5.416667 -1.916667   5.416667   3.467949   7.075788     13.0  1.209733e+02  0.053677  0.055967 -0.015320   4.213444  3.937728 -0.060315  -1.750000   2.083333  -1.750000   2.083333  -1.750000   2.083333   1.596154   1.596154      13.0
15   FaIR_nonat_unB   43/1_ERF_FaIR   c     3.395       0.090535      91       0     -0.591418  0.166117 -0.125169 -9.462680e+01  9.977647e+01  0.081147  0.093006 -0.044138   3.609048   2.251162 -0.111421 -2.083333   6.250000 -2.083333   6.250000 -2.083333   6.250000   3.551282   7.382629     13.0  1.094367e+02  0.060384  0.061493 -0.012661   3.613090  3.636889 -0.067315  -1.916667   2.916667  -1.916667   2.916667  -1.916667   2.916667   1.679487   1.679487      13.0
19     FaIR_all_unB   43/1_ERF_FaIR   c     4.665       0.091656      88      47     -1.169829  0.172006 -0.127349 -1.871726e+02  9.856144e+01  0.082380  0.094577 -0.043857   3.610611   2.756202 -0.111404 -1.666667   4.916667 -1.666667   4.916667 -1.666667   4.916667   4.115385   8.903207     12.0  1.074292e+02  0.062661  0.064945 -0.012380   3.617869  3.456409 -0.067298  -1.500000   1.583333  -1.500000   1.583333  -1.500000   1.583333   2.544872   2.544872      12.0
11  FaIR_anthro_unB   43/1_ERF_FaIR   c     2.661       0.095698      90      46     -2.580724  0.187600 -0.138950 -4.129158e+02  9.366484e+01  0.086687  0.099263 -0.044655   3.281379   1.893034 -0.118719 -2.333333   6.500000 -2.333333   6.500000 -2.333333   6.500000   4.147436   8.999555     12.0  1.023218e+02  0.065832  0.068034 -0.013179   3.324151  3.184034 -0.074613  -2.166667   3.166667  -2.166667   3.166667  -2.166667   3.166667   2.576923   2.576923      12.0
2             raw1y  42/1_Run_Means   c    37.981       0.107929       0       0      0.896190  0.098569 -0.000527  2.061237e+02  8.716704e+01  0.091194  0.095931  0.002956   4.002422   3.394487 -0.005027  1.291667  -0.625000  4.916667  -9.166667 -2.333333  -9.166667   0.435363   1.290559     35.2  8.206699e+01  0.097164  0.100872  0.034432   4.001339  0.535090  0.039079   1.458333  -3.958333   5.083333 -12.500000  -2.166667 -12.500000  -1.436432   1.436432      35.2
13       FaIR_nonat   43/1_ERF_FaIR   c     2.891       0.113052     152       0     -0.462399  0.199531 -0.189180 -7.398391e+01  3.550323e+01  0.152620  0.152084 -0.147775   2.495558   0.980648 -0.169007  5.916667  11.083333  5.916667  12.333333  5.916667   9.833333   8.705128   9.775361     14.0  6.133082e+01  0.119998  0.119258 -0.116298   2.447661  2.193851 -0.124901   6.083333   7.750000   6.083333   9.000000   6.083333   6.500000   6.833333   6.833333      14.0
9       FaIR_anthro   43/1_ERF_FaIR   c     2.112       0.095671     145      52     -3.047833  0.207060 -0.192123 -4.876533e+02  3.059553e+01  0.145457  0.143965 -0.139167   2.625676   0.889498 -0.164149  4.666667  12.333333  4.666667  12.333333  4.666667  12.333333   8.897436  10.820209     12.0  6.169179e+01  0.112400  0.110330 -0.107690   2.556690  2.052947 -0.120043   4.833333   9.000000   4.833333   9.000000   4.833333   9.000000   7.326923   7.326923      12.0
1             lag5y  42/1_Run_Means   c     6.712       0.040930     109      25      0.859915  0.057232 -0.019167  1.977805e+02  2.313550e+01  0.060462  0.065193 -0.032762   5.708523   0.207772 -0.027580  0.916667   2.666667  0.916667   2.666667  0.916667   2.666667   1.842949   2.456975     17.0  1.140810e+02  0.052013  0.058954 -0.001285   5.149671  4.746353  0.016526   1.083333  -0.666667   1.083333  -0.666667   1.083333  -0.666667  -0.028846   0.028846      17.0
0            lag10y  42/1_Run_Means   c     3.395       0.033899     117      77      0.225123  0.062931 -0.041395  5.177826e+01 -1.318096e+02  0.084033  0.080958 -0.078588   0.139449   0.039414 -0.060990  4.750000   6.250000  4.750000   6.250000  4.750000   6.250000   4.541667   4.755802     14.0  4.019261e+01  0.062065  0.062674 -0.047111   0.091488  2.833158 -0.016884   4.916667   2.916667   4.916667   2.916667   4.916667   2.916667   2.669872   2.669872      14.0
17         FaIR_all   43/1_ERF_FaIR   c     3.779       0.005607     160     160 -17765.805082  0.220047 -0.209824 -2.842529e+06 -1.656020e+06  0.219983  0.220862 -0.216660   0.000000   0.000000 -0.240757  9.833333  16.666667  9.833333  16.666667  9.833333  16.666667  13.352564  14.756517     12.0 -1.189386e+06  0.187591  0.188805 -0.185183   0.000000  0.000000 -0.196650  10.000000  13.333333  10.000000  13.333333  10.000000  13.333333  12.230769  12.230769      12.0
4.857742402
finished this run
starting computation for fut_NorESM_RCP45_Volc
max_runs37
Model number:
36




Methods/42_Temp_Alone/1_Run_Means/cent10y_method.py
Methods/42_Temp_Alone/1_Run_Means/cent20y_method.py
Methods/42_Temp_Alone/1_Run_Means/cent21y_method.py
Methods/42_Temp_Alone/1_Run_Means/cent30y_method.py
Methods/42_Temp_Alone/1_Run_Means/lag10y_method.py
Methods/42_Temp_Alone/1_Run_Means/lag5y_method.py
Methods/42_Temp_Alone/1_Run_Means/offset11y_method.py
Methods/42_Temp_Alone/1_Run_Means/raw1y_method.py
Methods/43_Forcing_Based/1_ERF_FaIR/FaIR_all_method.py
Methods/43_Forcing_Based/1_ERF_FaIR/FaIR_all_unB_method.py
Methods/43_Forcing_Based/1_ERF_FaIR/FaIR_anthro_method.py
Methods/43_Forcing_Based/1_ERF_FaIR/FaIR_anthro_unB_method.py
Methods/43_Forcing_Based/1_ERF_FaIR/FaIR_comb_unB_method.py
Methods/43_Forcing_Based/1_ERF_FaIR/FaIR_nonat_method.py
Methods/43_Forcing_Based/1_ERF_FaIR/FaIR_nonat_unB_method.py
evaluating 14 of 0.1C thresholds, starting at 1.1C
11
FaIR_anthro sampled, d llike: -1.0397319643370446
FaIR_anthro sampled, d llike: -75.43587039853985
FaIR_anthro_unB sampled, d llike: -0.9692106530894058
FaIR_anthro_unB sampled, d llike: -75.87539089646421
FaIR_nonat sampled, d llike: 0.029408513121717883
FaIR_nonat sampled, d llike: 0.18544344743490604
FaIR_nonat_unB sampled, d llike: -0.18576497766084732
FaIR_nonat_unB sampled, d llike: 0.16373845502819706
FaIR_all sampled, d llike: -14077.349399915862
FaIR_all sampled, d llike: 0.09805408064265753
FaIR_all_unB sampled, d llike: -0.5046684824800605
FaIR_all_unB sampled, d llike: 0.05342097874726759
FaIR_comb_unB sampled, d llike: -0.39443153410377474
FaIR_comb_unB sampled, d llike: 0.2266568589112875
        method_name    method_class c/r  smooth_r  avg_unc.(1se)  #q<0.5  #q<0.1    log-likeli       RMS      bias        tlog-l      100log-l    100RMS     75RMS   100bias       l15       l20    bias50   Edyrs15       Edyrs20   Mdyrs15       Mdyrs20   Fdyrs15       Fdyrs20     EdyrsA    RMSyrsA  ncEdyrs      e100log-l   e100RMS    e75RMS  e100bias      el15       el20   ebias50  eEdyrs15  eEdyrs20  eMdyrs15   eMdyrs20  eFdyrs15   eFdyrs20   eEdyrsA  eRMSyrsA  nceEdyrs
19     FaIR_all_unB   43/1_ERF_FaIR   c     6.619       0.092203      78      44     -0.976815  0.167104 -0.113108 -1.562904e+02  1.048776e+02  0.066286  0.065917 -0.019577  3.381653  3.504527 -0.057804 -0.750000  1.646185e-10 -0.750000  1.646185e-10 -0.750000  1.646185e-10   2.714286   7.548652     15.0     104.842551  0.058877  0.045302  0.036511  3.383698   3.161690  0.019443 -1.166667 -3.416667 -1.166667  -3.416667 -1.166667  -3.416667 -1.256410  1.256410      16.0
21    FaIR_comb_unB   43/1_ERF_FaIR   c     3.898       0.078927      98      53     -1.369643  0.167613 -0.124604 -2.136643e+02  9.582334e+01  0.087333  0.094443 -0.043603  4.284198  3.564482 -0.098117 -0.250000  3.083333e+00 -0.250000  3.083333e+00 -0.250000  3.083333e+00   3.818452   8.485464     14.0     121.812035  0.048845  0.040242  0.012485  4.241142   4.741035 -0.020870 -0.666667 -0.333333 -0.666667  -0.333333 -0.666667  -0.333333 -0.810897  0.810897      14.0
2             raw1y  42/1_Run_Means   c    39.860       0.109130       0       0      0.886890  0.099340  0.002076  2.039848e+02  8.526983e+01  0.093306  0.093844  0.009456  1.761259  1.829617  0.018086 -1.916667 -1.958333e+00 -2.916667 -1.091667e+01 -2.916667 -1.091667e+01   0.808333   2.468518     45.2      52.051210  0.127390  0.131336  0.065545  1.474726   3.340841  0.095334 -2.333333 -5.375000 -3.333333 -14.333333 -3.333333 -14.333333 -1.349359  1.349359      42.2
15   FaIR_nonat_unB   43/1_ERF_FaIR   c     3.373       0.090028     110       0     -0.786798  0.175219 -0.129686 -1.258876e+02  7.403092e+01  0.110696  0.122253 -0.053000  3.647919  3.175565 -0.133571 -0.250000  7.000000e+00 -0.250000  7.000000e+00 -0.250000  7.000000e+00   4.589286   9.576162     14.0     103.989211  0.067386  0.061864  0.003088  3.658027   3.845825 -0.056324 -0.666667  3.583333 -0.666667   3.583333 -0.666667   3.583333  0.019231  0.019231      14.0
11  FaIR_anthro_unB   43/1_ERF_FaIR   c     2.731       0.095634     103      54     -2.305348  0.195920 -0.142206 -3.688558e+02  7.215017e+01  0.114736  0.125799 -0.050820  3.599079  3.113629 -0.137105 -0.500000  6.916667e+00 -0.500000  6.916667e+00 -0.500000  6.916667e+00   4.791667  10.018955     13.0      98.544168  0.072568  0.067494  0.005268  3.665815   3.458483 -0.059857 -0.916667  3.500000 -0.916667   3.500000 -0.916667   3.500000  0.237179  0.237179      13.0
1             lag5y  42/1_Run_Means   c     7.251       0.042343     112      32      0.878074  0.059166 -0.016972  2.019571e+02  2.639040e+01  0.065192  0.070063 -0.027304  6.624839  8.744094 -0.010332  0.583333  1.208333e+00  0.583333  4.500000e+00  0.583333 -2.083333e+00   1.547619   2.670616     16.0    -110.018798  0.086943  0.094272  0.028784  7.659863   4.065067  0.066916  0.166667 -2.208333  0.166667  -5.500000  0.166667  -5.500000 -0.336538  0.336538      15.0
13       FaIR_nonat   43/1_ERF_FaIR   c     2.863       0.112435     143       0     -0.529013  0.206403 -0.193668 -8.464208e+01  2.376814e+01  0.168590  0.174711 -0.156631  1.942241  2.043134 -0.181212  6.750000  1.216667e+01  6.750000  1.216667e+01  6.750000  1.216667e+01   9.529762  11.138491     13.0      70.768995  0.107023  0.105605 -0.100543  2.134108   2.309057 -0.103965  6.333333  8.750000  6.333333   8.750000  6.333333   8.750000  5.730769  5.730769      14.0
9       FaIR_anthro   43/1_ERF_FaIR   c     2.274       0.095644     142      74     -2.725627  0.212882 -0.195374 -4.361003e+02  1.895521e+01  0.159657  0.164095 -0.145338  2.045575  2.053039 -0.173242  5.000000  1.183333e+01  5.000000  1.183333e+01  5.000000  1.183333e+01   8.875000  10.761552     13.0      76.719553  0.097246  0.093906 -0.089250  2.208183   2.607377 -0.095995  4.583333  8.416667  4.583333   8.416667  4.583333   8.416667  5.006410  5.006410      14.0
8         offset11y  42/1_Run_Means   c     3.209       0.033983     191     133     -1.312145  0.087510  0.064758 -3.017933e+02 -4.802138e+01  0.062688  0.064795  0.023414  4.138534  0.748059  0.054632  1.000000 -5.000000e+00  1.000000 -5.000000e+00  1.000000 -5.000000e+00  -0.976190   3.092490     14.0    -472.717547  0.110719  0.121266  0.079502  5.552442   0.003201  0.131879  0.583333 -8.416667  0.583333  -8.416667  0.583333  -8.416667 -3.628205  3.628205      13.0
0            lag10y  42/1_Run_Means   c     3.487       0.034957     108      62      0.088268  0.068717 -0.040531  2.030156e+01 -1.651061e+02  0.095119  0.099221 -0.076532  0.065328  3.799728 -0.046925  3.000000  6.833333e+00  3.000000  6.833333e+00  3.000000  6.833333e+00   4.285714   4.702878     14.0     -69.628405  0.079824  0.086155 -0.020444  0.159116  15.069094  0.030323  2.583333  3.416667  2.583333   3.416667  2.583333   3.416667  1.519231  1.519231      13.0
17         FaIR_all   43/1_ERF_FaIR   c     5.962       0.005585     160     160 -15388.997214  0.207965 -0.195764 -2.462240e+06 -1.296563e+06  0.199118  0.198320 -0.192371  0.000000  0.000000 -0.200283  7.666667  1.241667e+01  7.666667  1.241667e+01  7.666667  1.241667e+01  11.931548  13.424747     14.0 -669060.321713  0.143593  0.131602 -0.136283  0.000000   0.000000 -0.123035  7.250000  9.000000  7.250000   9.000000  7.250000   9.000000  8.669872  8.669872      14.0
4.943740873
finished this run
starting computation for fut_ESM1-2-LR_SSP245_constVolc
max_runs37
Model number:
36




Methods/42_Temp_Alone/1_Run_Means/cent10y_method.py
Methods/42_Temp_Alone/1_Run_Means/cent20y_method.py
Methods/42_Temp_Alone/1_Run_Means/cent21y_method.py
Methods/42_Temp_Alone/1_Run_Means/cent30y_method.py
Methods/42_Temp_Alone/1_Run_Means/lag10y_method.py
Methods/42_Temp_Alone/1_Run_Means/lag5y_method.py
Methods/42_Temp_Alone/1_Run_Means/offset11y_method.py
Methods/42_Temp_Alone/1_Run_Means/raw1y_method.py
Methods/43_Forcing_Based/1_ERF_FaIR/FaIR_all_method.py
Methods/43_Forcing_Based/1_ERF_FaIR/FaIR_all_unB_method.py
Methods/43_Forcing_Based/1_ERF_FaIR/FaIR_anthro_method.py
Methods/43_Forcing_Based/1_ERF_FaIR/FaIR_anthro_unB_method.py
Methods/43_Forcing_Based/1_ERF_FaIR/FaIR_comb_unB_method.py
Methods/43_Forcing_Based/1_ERF_FaIR/FaIR_nonat_method.py
Methods/43_Forcing_Based/1_ERF_FaIR/FaIR_nonat_unB_method.py
evaluating 13 of 0.1C thresholds, starting at 1.1C
11
FaIR_anthro sampled, d llike: -0.008259211614922268
FaIR_anthro sampled, d llike: -2.6319957631547095
FaIR_anthro_unB sampled, d llike: -0.01477329696181573
FaIR_anthro_unB sampled, d llike: -2.896601516199479
FaIR_nonat sampled, d llike: -0.040036899252010594
FaIR_nonat sampled, d llike: -0.04492856120301658
FaIR_nonat_unB sampled, d llike: -0.034831978283965004
FaIR_nonat_unB sampled, d llike: -0.038233022717680365
FaIR_all sampled, d llike: -1433.5144058924006
FaIR_all sampled, d llike: -0.04239544459192168
FaIR_all_unB sampled, d llike: -0.035126355860030545
FaIR_all_unB sampled, d llike: -0.03331725452550072
FaIR_comb_unB sampled, d llike: -0.041030167908337134
FaIR_comb_unB sampled, d llike: -0.020206458046317044
        method_name    method_class c/r  smooth_r  avg_unc.(1se)  #q<0.5  #q<0.1   log-likeli       RMS      bias         tlog-l       100log-l    100RMS     75RMS   100bias        l15           l20    bias50   Edyrs15   Edyrs20   Mdyrs15   Mdyrs20   Fdyrs15   Fdyrs20    EdyrsA   RMSyrsA  ncEdyrs      e100log-l   e100RMS    e75RMS  e100bias       el15           el20   ebias50  eEdyrs15  eEdyrs20  eMdyrs15  eMdyrs20  eFdyrs15  eFdyrs20   eEdyrsA  eRMSyrsA  nceEdyrs
8         offset11y  42/1_Run_Means   c     2.588       0.038282     152      74    -0.199096  0.081088  0.059182     -45.991066     172.940352  0.039659  0.043002  0.021481   7.089490  9.597399e+00  0.037490 -1.750000 -0.166667 -1.750000 -0.166667 -1.750000 -0.166667 -0.826923  2.024292     14.0      99.966929  0.059178  0.066406  0.044624   1.517390   5.775678e+00  0.062702 -3.166667 -1.250000 -3.166667 -1.250000 -3.166667 -1.250000 -2.827381  2.827381      16.0
21    FaIR_comb_unB   43/1_ERF_FaIR   c     2.024       0.074202       0       0     1.485503  0.040429 -0.009640     233.223989     139.507843  0.027905  0.029923 -0.001467   3.786154  4.430005e+00 -0.011327 -1.833333  0.916667 -1.833333  0.916667 -1.833333  0.916667  0.166667  1.257881     13.0     134.632247  0.038128  0.039265  0.021676   3.372419   4.283127e+00  0.013885 -3.250000 -0.166667 -3.250000 -0.166667 -3.250000 -0.166667 -1.708333  1.708333      14.0
15   FaIR_nonat_unB   43/1_ERF_FaIR   c     1.970       0.084010       0       0     1.354820  0.047548 -0.010440     218.126056     129.588468  0.029503  0.032019  0.001249   3.513089  4.268790e+00 -0.016590 -2.750000  0.833333 -2.750000  0.833333 -2.750000  0.833333  0.064103  1.457738     13.0     124.059772  0.042168  0.042649  0.024392   3.036411   3.855844e+00  0.008623 -4.166667 -0.250000 -4.166667 -0.250000 -4.166667 -0.250000 -1.681548  1.681548      15.0
19     FaIR_all_unB   43/1_ERF_FaIR   c     3.287       0.087005       0       0     1.316121  0.049595  0.002569     211.895501     126.560967  0.028463  0.030108  0.001662   3.418598  4.211912e+00 -0.011124 -1.500000  0.750000 -1.500000  0.750000 -1.500000  0.750000  0.102564  1.250214     13.0     122.512174  0.040262  0.040110  0.024806   3.035158   3.686396e+00  0.014088 -2.916667 -0.333333 -2.916667 -0.333333 -2.916667 -0.333333 -1.750000  1.750000      14.0
9       FaIR_anthro   43/1_ERF_FaIR   c     1.620       0.087698       0       0     1.102974  0.066253 -0.015758     177.578838     120.854937  0.036509  0.037012  0.018757   2.976830  4.158015e+00 -0.006401 -3.750000  0.083333 -3.750000  0.083333 -3.750000  0.083333 -1.044872  1.899589     13.0     112.218117  0.055080  0.055544  0.041900   2.283832   3.879992e+00  0.018811 -5.166667 -1.000000 -5.166667 -1.000000 -5.166667 -1.000000 -2.785714  2.785714      14.0
11  FaIR_anthro_unB   43/1_ERF_FaIR   c     1.671       0.087663       0       0     1.061709  0.070969 -0.005659     170.935162     114.604791  0.049770  0.056763  0.036627   2.893801  3.708431e+00  0.043905 -3.666667 -1.250000 -3.666667 -1.250000 -3.666667 -1.250000 -1.750000  2.314600     13.0     103.292566  0.071303  0.079173  0.059771   2.175629   3.134550e+00  0.069117 -5.083333 -2.333333 -5.083333 -2.333333 -5.083333 -2.333333 -3.880952  3.880952      14.0
13       FaIR_nonat   43/1_ERF_FaIR   c     2.017       0.104837       0       0     1.161405  0.053283 -0.002788     186.986152     108.921308  0.037052  0.037372  0.019772   2.707120  3.530151e+00 -0.003966 -4.166667  0.250000 -4.166667  0.250000 -4.166667  0.250000 -1.160256  1.996659     13.0     102.523272  0.055897  0.056199  0.042915   2.439620   2.887359e+00  0.021246 -5.583333 -0.833333 -5.583333 -0.833333 -5.583333 -0.833333 -2.836310  2.836310      15.0
2             raw1y  42/1_Run_Means   c    29.702       0.130533       0       0     0.679730  0.121658 -0.000913     157.017716      65.859443  0.117014  0.118288  0.004224   3.168873  2.835243e+00  0.001314 -2.805556  2.291667 -6.333333  9.083333 -6.333333 -3.416667  1.090812  3.159994     42.3      63.219304  0.120746  0.121561  0.027367   2.568255   5.556196e-01  0.026526 -4.222222  1.208333 -7.750000  8.000000 -7.750000 -4.500000 -0.943056  0.943056      47.3
1             lag5y  42/1_Run_Means   c     5.697       0.048233      91      30     0.655842  0.069630 -0.020964     151.499595      10.699841  0.065677  0.065106 -0.032283  13.329634  1.470917e+01 -0.029061 -2.583333 -0.083333 -2.583333 -0.083333 -2.583333 -0.083333  1.962607  2.722361     19.0      61.669243  0.058114  0.054552 -0.009139  13.865935   3.224261e+00 -0.003849 -4.000000 -1.166667 -4.000000 -1.166667 -4.000000 -1.166667  0.209325  0.209325      20.0
0            lag10y  42/1_Run_Means   c     2.984       0.039391     143      49     0.157117  0.070662 -0.045906      36.293963    -135.394475  0.085795  0.079145 -0.078721   4.017868  7.447030e-01 -0.064575  2.333333  2.083333  2.333333  2.083333  2.333333  2.083333  4.176282  4.432136     14.0      -0.268897  0.068298  0.057384 -0.055577   7.921642   5.189830e+00 -0.039362  0.916667  1.000000  0.916667  1.000000  0.916667  1.000000  2.514881  2.514881      15.0
17         FaIR_all   43/1_ERF_FaIR   c     2.763       0.005617     154     140 -1576.123257  0.068808  0.032420 -253755.844417 -165890.221281  0.069928  0.057829  0.057305   0.000000  8.439903e-32  0.019187 -5.500000 -1.000000 -5.500000 -1.000000 -5.500000 -1.000000 -2.820513  3.465489     13.0 -280992.648964  0.090640  0.082904  0.080449   0.000000  3.739960e-208  0.044400 -6.916667 -2.083333 -6.916667 -2.083333 -6.916667 -2.083333 -4.488095  4.488095      14.0
5.267894089
finished this run
/oscar/data/deeps/private/bfoxkemp/jnickla1/Thorne_15_codefigurestats/Methods/43_Forcing_Based/1_ERF_FaIR/FaIR_all_unB_method.py:90: RuntimeWarning: Mean of empty slice
  return np.nanmean(samp_cur[year_idx-1850, :], axis = 1)
/users/jnickla1/.conda/envs/cleanpy/lib/python3.13/site-packages/numpy/lib/_nanfunctions_impl.py:2019: RuntimeWarning: Degrees of freedom <= 0 for slice.
  var = nanvar(a, axis=axis, dtype=dtype, out=out, ddof=ddof,
/oscar/data/deeps/private/bfoxkemp/jnickla1/Thorne_15_codefigurestats/Methods/43_Forcing_Based/1_ERF_FaIR/FaIR_all_unB_method.py:118: RuntimeWarning: Mean of empty slice
  cdist = np.nanmean(dist)
/oscar/data/deeps/private/bfoxkemp/jnickla1/Thorne_15_codefigurestats/Methods/43_Forcing_Based/1_ERF_FaIR/FaIR_comb_unB_method.py:153: RuntimeWarning: Mean of empty slice
  return np.nanmean(samp_cur[year_idx-1850, :], axis = 1)
/users/jnickla1/.conda/envs/cleanpy/lib/python3.13/site-packages/numpy/lib/_nanfunctions_impl.py:2019: RuntimeWarning: Degrees of freedom <= 0 for slice.
  var = nanvar(a, axis=axis, dtype=dtype, out=out, ddof=ddof,
/oscar/data/deeps/private/bfoxkemp/jnickla1/Thorne_15_codefigurestats/Methods/43_Forcing_Based/1_ERF_FaIR/FaIR_comb_unB_method.py:181: RuntimeWarning: Mean of empty slice
  cdist = np.nanmean(dist)
starting computation for fut_ESM1-2-LR_SSP370_constVolc
max_runs37
Model number:
36




Methods/42_Temp_Alone/1_Run_Means/cent10y_method.py
Methods/42_Temp_Alone/1_Run_Means/cent20y_method.py
Methods/42_Temp_Alone/1_Run_Means/cent21y_method.py
Methods/42_Temp_Alone/1_Run_Means/cent30y_method.py
Methods/42_Temp_Alone/1_Run_Means/lag10y_method.py
Methods/42_Temp_Alone/1_Run_Means/lag5y_method.py
Methods/42_Temp_Alone/1_Run_Means/offset11y_method.py
Methods/42_Temp_Alone/1_Run_Means/raw1y_method.py
Methods/43_Forcing_Based/1_ERF_FaIR/FaIR_all_method.py
Methods/43_Forcing_Based/1_ERF_FaIR/FaIR_all_unB_method.py
Methods/43_Forcing_Based/1_ERF_FaIR/FaIR_anthro_method.py
Methods/43_Forcing_Based/1_ERF_FaIR/FaIR_anthro_unB_method.py
Methods/43_Forcing_Based/1_ERF_FaIR/FaIR_comb_unB_method.py
Methods/43_Forcing_Based/1_ERF_FaIR/FaIR_nonat_method.py
Methods/43_Forcing_Based/1_ERF_FaIR/FaIR_nonat_unB_method.py
evaluating 24 of 0.1C thresholds, starting at 1.1C
11
FaIR_anthro sampled, d llike: -0.011184602052140002
FaIR_anthro sampled, d llike: -2.364993159482648
FaIR_anthro_unB sampled, d llike: -0.014868170116160595
FaIR_anthro_unB sampled, d llike: -2.5977070181668838
FaIR_nonat sampled, d llike: -0.03841897298889796
FaIR_nonat sampled, d llike: -0.014909018912747207
FaIR_nonat_unB sampled, d llike: -0.03943858243466036
FaIR_nonat_unB sampled, d llike: -0.02321840504070316
FaIR_all sampled, d llike: -1538.6927266966857
FaIR_all sampled, d llike: -0.015516084114956863
FaIR_all_unB sampled, d llike: -0.03635557256475597
FaIR_all_unB sampled, d llike: -0.011572399713741133
FaIR_comb_unB sampled, d llike: -0.040870189928221556
FaIR_comb_unB sampled, d llike: -0.40460576689484384
        method_name    method_class c/r  smooth_r  avg_unc.(1se)  #q<0.5  #q<0.1   log-likeli       RMS      bias         tlog-l       100log-l    100RMS     75RMS   100bias           l15        l20    bias50   Edyrs15   Edyrs20   Mdyrs15   Mdyrs20   Fdyrs15   Fdyrs20    EdyrsA   RMSyrsA  ncEdyrs      e100log-l   e100RMS    e75RMS  e100bias           el15          el20   ebias50  eEdyrs15  eEdyrs20  eMdyrs15  eMdyrs20  eFdyrs15  eFdyrs20   eEdyrsA  eRMSyrsA  nceEdyrs
21    FaIR_comb_unB   43/1_ERF_FaIR   c     2.118       0.072511       0       0     1.449048  0.047330 -0.016488     227.500505     135.031581  0.041771  0.046886 -0.012802  4.772380e+00   5.037712 -0.025872  1.333333  0.750000  1.333333  0.750000  1.333333  0.750000  0.520833  1.406829     24.0     134.987303  0.042685  0.047838  0.002562   4.915426e+00  4.134581e+00  0.014301  0.916667  1.666667  0.916667  1.666667  0.916667  1.666667 -0.014493  0.014493      23.0
15   FaIR_nonat_unB   43/1_ERF_FaIR   c     2.089       0.082088       0       0     1.332331  0.052615 -0.015955     214.505224     127.133604  0.041096  0.044534 -0.007857  4.175596e+00   4.598852 -0.026002 -0.833333  0.666667 -0.833333  0.666667 -0.833333  0.666667  0.274306  1.448678     24.0     128.121404  0.040905  0.045163  0.007508   4.277073e+00  3.996630e+00  0.014171 -1.250000  1.583333 -1.250000  1.583333 -1.250000  1.583333 -0.282609  0.282609      23.0
19     FaIR_all_unB   43/1_ERF_FaIR   c     3.543       0.085066       0       0     1.294388  0.055153 -0.003363     208.396427     123.586009  0.042438  0.046843 -0.008247  3.863253e+00   4.352771 -0.020281  1.583333  0.833333  1.583333  0.833333  1.583333  0.833333  0.392361  1.471862     24.0     122.568417  0.046288  0.051985  0.007117   4.019498e+00  3.714443e+00  0.019892  1.166667  1.750000  1.166667  1.750000  1.166667  1.750000 -0.137681  0.137681      23.0
11  FaIR_anthro_unB   43/1_ERF_FaIR   c     1.614       0.085159       0       0     1.097184  0.068754 -0.030434     176.646560     121.756993  0.042287  0.045778 -0.006677  3.700790e+00   4.513389 -0.026582 -1.166667  0.583333 -1.166667  0.583333 -1.166667  0.583333  0.263889  1.482928     24.0     125.167233  0.041106  0.045260  0.008688   3.795781e+00  3.493716e+00  0.013591 -1.583333  1.500000 -1.583333  1.500000 -1.583333  1.500000 -0.289855  0.289855      23.0
9       FaIR_anthro   43/1_ERF_FaIR   c     1.604       0.085133       0       0     1.028977  0.076814 -0.036033     165.665243     110.333495  0.062151  0.065600 -0.016543  3.773756e+00   4.085918 -0.066963 -1.750000  1.000000 -1.750000  1.000000 -1.750000  1.000000  0.750000  2.067999     24.0     121.429353  0.043057  0.043756 -0.001178   3.842746e+00  3.024859e+00 -0.026790 -2.166667  1.916667 -2.166667  1.916667 -2.166667  1.916667  0.141304  0.141304      23.0
13       FaIR_nonat   43/1_ERF_FaIR   c     2.106       0.102531       0       0     1.130179  0.062898 -0.023682     181.958761     105.209697  0.056976  0.060396 -0.016421  3.387251e+00   3.522725 -0.059902 -1.583333  1.083333 -1.583333  1.083333 -1.583333  1.083333  0.684028  1.944320     24.0     110.656985  0.040414  0.041724 -0.001056   3.434149e+00  3.244062e+00 -0.019730 -2.000000  2.000000 -2.000000  2.000000 -2.000000  2.000000  0.086957  0.086957      23.0
8         offset11y  42/1_Run_Means   c     2.472       0.040419     158      87    -0.495861  0.085804  0.036571    -114.543808     104.387610  0.059756  0.068004 -0.035915  8.411674e+00   9.233998 -0.073235  2.416667  1.166667  2.416667  1.166667  2.416667  1.166667  1.513889  1.884697     24.0     142.846435  0.046232  0.052255 -0.020551   9.056211e+00  5.229678e+00 -0.033062  2.000000  2.083333  2.000000  2.083333  2.000000  2.083333  0.865942  0.865942      23.0
2             raw1y  42/1_Run_Means   c    28.027       0.128798       0       0     0.692981  0.120175 -0.001802     160.078657      68.762965  0.113057  0.122008  0.001967  3.178755e+00   2.888749  0.002272 -1.333333 -2.055556 -4.750000 -5.416667 -4.750000 -5.416667  0.406250  1.816425     48.3      62.730696  0.121451  0.132279  0.017332   3.235289e+00  3.248450e+00  0.042444 -1.750000 -1.138889 -5.166667 -4.500000 -5.166667 -4.500000 -0.175725  0.175725      46.3
1             lag5y  42/1_Run_Means   c     5.530       0.048221     118      40     0.131018  0.076840 -0.030829      30.265101    -110.534653  0.083631  0.092180 -0.057324  1.188095e+01   0.350598 -0.074140  1.875000  2.166667  4.500000  2.166667 -0.750000  2.166667  1.901042  2.417340     27.2     -14.036804  0.078240  0.083342 -0.041960   1.269847e+01  2.145587e+00 -0.033967  1.458333  3.083333  4.083333  3.083333 -1.166667  3.083333  1.414855  1.414855      26.2
0            lag10y  42/1_Run_Means   c     2.780       0.041277     162     100    -0.953073  0.098833 -0.066724    -220.159937    -391.848374  0.139576  0.154230 -0.131566  3.537288e-01   0.015303 -0.166413  4.416667  4.666667  4.416667  4.666667  4.416667  4.666667  4.534722  4.648464     24.0    -295.661731  0.123865  0.131140 -0.116201   6.227819e-01  5.733934e-03 -0.126241  4.000000  5.583333  4.000000  5.583333  4.000000  5.583333  3.956522  3.956522      23.0
17         FaIR_all   43/1_ERF_FaIR   c     3.040       0.005571     152     133 -1685.439197  0.069075  0.013020 -271355.710742 -178545.973402  0.070174  0.050493  0.023044  3.530559e-76  35.246091 -0.032001 -2.250000  0.416667 -2.250000  0.416667 -2.250000  0.416667 -0.402778  2.402738     24.0 -130890.432357  0.062930  0.045907  0.038409  5.391576e-188  1.420728e-92  0.008171 -2.666667  1.333333 -2.666667  1.333333 -2.666667  1.333333 -1.010870  1.010870      23.0
6.644678745
finished this run
All processes completed.
