/oscar/data/deeps/private/bfoxkemp/jnickla1/Thorne_15_codefigurestats/fut_evaluation_gen_ensemble.py:20: RuntimeWarning: Mean of empty slice
  return np.nanmean(standards_np,axis=0)
/oscar/data/deeps/private/bfoxkemp/jnickla1/Thorne_15_codefigurestats/fut_evaluation_gen_ensemble.py:20: RuntimeWarning: Mean of empty slice
  return np.nanmean(standards_np,axis=0)
/oscar/data/deeps/private/bfoxkemp/jnickla1/Thorne_15_codefigurestats/fut_evaluation_gen_ensemble.py:20: RuntimeWarning: Mean of empty slice
  return np.nanmean(standards_np,axis=0)
/oscar/data/deeps/private/bfoxkemp/jnickla1/Thorne_15_codefigurestats/fut_evaluation_gen_ensemble.py:20: RuntimeWarning: Mean of empty slice
  return np.nanmean(standards_np,axis=0)
/oscar/data/deeps/private/bfoxkemp/jnickla1/Thorne_15_codefigurestats/fut_evaluation_gen_ensemble.py:20: RuntimeWarning: Mean of empty slice
  return np.nanmean(standards_np,axis=0)
/oscar/data/deeps/private/bfoxkemp/jnickla1/Thorne_15_codefigurestats/Methods/43_Forcing_Based/1_ERF_FaIR/FaIR_all_method.py:53: RuntimeWarning: Mean of empty slice
  samp_mean =  np.nanmean(samp_cur, axis = 1)
/oscar/data/deeps/private/bfoxkemp/jnickla1/Thorne_15_codefigurestats/Methods/43_Forcing_Based/1_ERF_FaIR/FaIR_all_method.py:53: RuntimeWarning: Mean of empty slice
  samp_mean =  np.nanmean(samp_cur, axis = 1)
/oscar/data/deeps/private/bfoxkemp/jnickla1/Thorne_15_codefigurestats/Methods/43_Forcing_Based/1_ERF_FaIR/FaIR_all_unB_method.py:70: RuntimeWarning: Mean of empty slice
  samp_mean =  np.nanmean(samp_cur, axis = 1)
/oscar/data/deeps/private/bfoxkemp/jnickla1/Thorne_15_codefigurestats/Methods/43_Forcing_Based/1_ERF_FaIR/FaIR_all_unB_method.py:70: RuntimeWarning: Mean of empty slice
  samp_mean =  np.nanmean(samp_cur, axis = 1)
/oscar/data/deeps/private/bfoxkemp/jnickla1/Thorne_15_codefigurestats/Methods/43_Forcing_Based/1_ERF_FaIR/FaIR_anthro_method.py:53: RuntimeWarning: Mean of empty slice
  samp_mean =  np.nanmean(samp_cur, axis = 1)
/oscar/data/deeps/private/bfoxkemp/jnickla1/Thorne_15_codefigurestats/Methods/43_Forcing_Based/1_ERF_FaIR/FaIR_anthro_method.py:53: RuntimeWarning: Mean of empty slice
  samp_mean =  np.nanmean(samp_cur, axis = 1)
/oscar/data/deeps/private/bfoxkemp/jnickla1/Thorne_15_codefigurestats/Methods/43_Forcing_Based/1_ERF_FaIR/FaIR_anthro_unB_method.py:70: RuntimeWarning: Mean of empty slice
  samp_mean =  np.nanmean(samp_cur, axis = 1)
/oscar/data/deeps/private/bfoxkemp/jnickla1/Thorne_15_codefigurestats/Methods/43_Forcing_Based/1_ERF_FaIR/FaIR_anthro_unB_method.py:70: RuntimeWarning: Mean of empty slice
  samp_mean =  np.nanmean(samp_cur, axis = 1)
/oscar/data/deeps/private/bfoxkemp/jnickla1/Thorne_15_codefigurestats/Methods/43_Forcing_Based/1_ERF_FaIR/FaIR_comb_unB_method.py:70: RuntimeWarning: Mean of empty slice
  samp_mean =  np.nanmean(samp_cur, axis = 1)
/oscar/data/deeps/private/bfoxkemp/jnickla1/Thorne_15_codefigurestats/Methods/43_Forcing_Based/1_ERF_FaIR/FaIR_comb_unB_method.py:70: RuntimeWarning: Mean of empty slice
  samp_mean =  np.nanmean(samp_cur, axis = 1)
/oscar/data/deeps/private/bfoxkemp/jnickla1/Thorne_15_codefigurestats/Methods/43_Forcing_Based/1_ERF_FaIR/FaIR_comb_unB_method.py:126: RuntimeWarning: Mean of empty slice
  samp_meanAll =  np.nanmean(samp_curAll, axis = 1)
/oscar/data/deeps/private/bfoxkemp/jnickla1/Thorne_15_codefigurestats/Methods/43_Forcing_Based/1_ERF_FaIR/FaIR_comb_unB_method.py:126: RuntimeWarning: Mean of empty slice
  samp_meanAll =  np.nanmean(samp_curAll, axis = 1)
/oscar/data/deeps/private/bfoxkemp/jnickla1/Thorne_15_codefigurestats/Methods/43_Forcing_Based/1_ERF_FaIR/FaIR_nonat_method.py:53: RuntimeWarning: Mean of empty slice
  samp_mean =  np.nanmean(samp_cur, axis = 1)
/oscar/data/deeps/private/bfoxkemp/jnickla1/Thorne_15_codefigurestats/Methods/43_Forcing_Based/1_ERF_FaIR/FaIR_nonat_method.py:53: RuntimeWarning: Mean of empty slice
  samp_mean =  np.nanmean(samp_cur, axis = 1)
/oscar/data/deeps/private/bfoxkemp/jnickla1/Thorne_15_codefigurestats/Methods/43_Forcing_Based/1_ERF_FaIR/FaIR_nonat_unB_method.py:72: RuntimeWarning: Mean of empty slice
  samp_mean =  np.nanmean(samp_cur, axis = 1)
/oscar/data/deeps/private/bfoxkemp/jnickla1/Thorne_15_codefigurestats/Methods/43_Forcing_Based/1_ERF_FaIR/FaIR_nonat_unB_method.py:72: RuntimeWarning: Mean of empty slice
  samp_mean =  np.nanmean(samp_cur, axis = 1)
/oscar/data/deeps/private/bfoxkemp/jnickla1/Thorne_15_codefigurestats/Methods/43_Forcing_Based/1_ERF_FaIR/FaIR_all_method.py:68: RuntimeWarning: Mean of empty slice
  return np.nanmean(samp_cur[year_idx-1850, :], axis = 1)
/users/jnickla1/.conda/envs/cleanpy/lib/python3.13/site-packages/numpy/lib/_nanfunctions_impl.py:2019: RuntimeWarning: Degrees of freedom <= 0 for slice.
  var = nanvar(a, axis=axis, dtype=dtype, out=out, ddof=ddof,
/oscar/data/deeps/private/bfoxkemp/jnickla1/Thorne_15_codefigurestats/Methods/43_Forcing_Based/1_ERF_FaIR/FaIR_all_unB_method.py:90: RuntimeWarning: Mean of empty slice
  return np.nanmean(samp_cur[year_idx-1850, :], axis = 1)
/oscar/data/deeps/private/bfoxkemp/jnickla1/Thorne_15_codefigurestats/Methods/43_Forcing_Based/1_ERF_FaIR/FaIR_all_method.py:68: RuntimeWarning: Mean of empty slice
  return np.nanmean(samp_cur[year_idx-1850, :], axis = 1)
/users/jnickla1/.conda/envs/cleanpy/lib/python3.13/site-packages/numpy/lib/_nanfunctions_impl.py:2019: RuntimeWarning: Degrees of freedom <= 0 for slice.
  var = nanvar(a, axis=axis, dtype=dtype, out=out, ddof=ddof,
/oscar/data/deeps/private/bfoxkemp/jnickla1/Thorne_15_codefigurestats/Methods/43_Forcing_Based/1_ERF_FaIR/FaIR_all_unB_method.py:90: RuntimeWarning: Mean of empty slice
  return np.nanmean(samp_cur[year_idx-1850, :], axis = 1)
/oscar/data/deeps/private/bfoxkemp/jnickla1/Thorne_15_codefigurestats/Methods/43_Forcing_Based/1_ERF_FaIR/FaIR_anthro_method.py:67: RuntimeWarning: Mean of empty slice
  return np.nanmean(samp_cur[year_idx-1850, :], axis = 1)
/oscar/data/deeps/private/bfoxkemp/jnickla1/Thorne_15_codefigurestats/Methods/43_Forcing_Based/1_ERF_FaIR/FaIR_anthro_method.py:67: RuntimeWarning: Mean of empty slice
  return np.nanmean(samp_cur[year_idx-1850, :], axis = 1)
/oscar/data/deeps/private/bfoxkemp/jnickla1/Thorne_15_codefigurestats/Methods/43_Forcing_Based/1_ERF_FaIR/FaIR_anthro_unB_method.py:89: RuntimeWarning: Mean of empty slice
  return np.nanmean(samp_cur[year_idx-1850, :], axis = 1)
/oscar/data/deeps/private/bfoxkemp/jnickla1/Thorne_15_codefigurestats/Methods/43_Forcing_Based/1_ERF_FaIR/FaIR_anthro_unB_method.py:89: RuntimeWarning: Mean of empty slice
  return np.nanmean(samp_cur[year_idx-1850, :], axis = 1)
/oscar/data/deeps/private/bfoxkemp/jnickla1/Thorne_15_codefigurestats/Methods/43_Forcing_Based/1_ERF_FaIR/FaIR_comb_unB_method.py:152: RuntimeWarning: Mean of empty slice
  return np.nanmean(samp_cur[year_idx-1850, :], axis = 1)
/oscar/data/deeps/private/bfoxkemp/jnickla1/Thorne_15_codefigurestats/Methods/43_Forcing_Based/1_ERF_FaIR/FaIR_comb_unB_method.py:152: RuntimeWarning: Mean of empty slice
  return np.nanmean(samp_cur[year_idx-1850, :], axis = 1)
/oscar/data/deeps/private/bfoxkemp/jnickla1/Thorne_15_codefigurestats/Methods/43_Forcing_Based/1_ERF_FaIR/FaIR_nonat_method.py:68: RuntimeWarning: Mean of empty slice
  return np.nanmean(samp_cur[year_idx-1850, :], axis = 1)
/oscar/data/deeps/private/bfoxkemp/jnickla1/Thorne_15_codefigurestats/Methods/43_Forcing_Based/1_ERF_FaIR/FaIR_nonat_method.py:68: RuntimeWarning: Mean of empty slice
  return np.nanmean(samp_cur[year_idx-1850, :], axis = 1)
/oscar/data/deeps/private/bfoxkemp/jnickla1/Thorne_15_codefigurestats/Methods/43_Forcing_Based/1_ERF_FaIR/FaIR_nonat_unB_method.py:92: RuntimeWarning: Mean of empty slice
  return np.nanmean(samp_cur[year_idx-1850, :], axis = 1)
/oscar/data/deeps/private/bfoxkemp/jnickla1/Thorne_15_codefigurestats/Methods/43_Forcing_Based/1_ERF_FaIR/FaIR_nonat_unB_method.py:92: RuntimeWarning: Mean of empty slice
  return np.nanmean(samp_cur[year_idx-1850, :], axis = 1)
/oscar/data/deeps/private/bfoxkemp/jnickla1/Thorne_15_codefigurestats/Methods/43_Forcing_Based/1_ERF_FaIR/FaIR_anthro_method.py:67: RuntimeWarning: Mean of empty slice
  return np.nanmean(samp_cur[year_idx-1850, :], axis = 1)
/oscar/data/deeps/private/bfoxkemp/jnickla1/Thorne_15_codefigurestats/Methods/43_Forcing_Based/1_ERF_FaIR/FaIR_anthro_unB_method.py:89: RuntimeWarning: Mean of empty slice
  return np.nanmean(samp_cur[year_idx-1850, :], axis = 1)
/oscar/data/deeps/private/bfoxkemp/jnickla1/Thorne_15_codefigurestats/Methods/43_Forcing_Based/1_ERF_FaIR/FaIR_anthro_method.py:67: RuntimeWarning: Mean of empty slice
  return np.nanmean(samp_cur[year_idx-1850, :], axis = 1)
/oscar/data/deeps/private/bfoxkemp/jnickla1/Thorne_15_codefigurestats/Methods/43_Forcing_Based/1_ERF_FaIR/FaIR_anthro_unB_method.py:89: RuntimeWarning: Mean of empty slice
  return np.nanmean(samp_cur[year_idx-1850, :], axis = 1)
/oscar/data/deeps/private/bfoxkemp/jnickla1/Thorne_15_codefigurestats/Methods/43_Forcing_Based/1_ERF_FaIR/FaIR_nonat_method.py:68: RuntimeWarning: Mean of empty slice
  return np.nanmean(samp_cur[year_idx-1850, :], axis = 1)
/oscar/data/deeps/private/bfoxkemp/jnickla1/Thorne_15_codefigurestats/Methods/43_Forcing_Based/1_ERF_FaIR/FaIR_nonat_unB_method.py:92: RuntimeWarning: Mean of empty slice
  return np.nanmean(samp_cur[year_idx-1850, :], axis = 1)
/oscar/data/deeps/private/bfoxkemp/jnickla1/Thorne_15_codefigurestats/Methods/43_Forcing_Based/1_ERF_FaIR/FaIR_all_method.py:68: RuntimeWarning: Mean of empty slice
  return np.nanmean(samp_cur[year_idx-1850, :], axis = 1)
/oscar/data/deeps/private/bfoxkemp/jnickla1/Thorne_15_codefigurestats/Methods/43_Forcing_Based/1_ERF_FaIR/FaIR_nonat_method.py:68: RuntimeWarning: Mean of empty slice
  return np.nanmean(samp_cur[year_idx-1850, :], axis = 1)
/oscar/data/deeps/private/bfoxkemp/jnickla1/Thorne_15_codefigurestats/Methods/43_Forcing_Based/1_ERF_FaIR/FaIR_nonat_unB_method.py:92: RuntimeWarning: Mean of empty slice
  return np.nanmean(samp_cur[year_idx-1850, :], axis = 1)
/oscar/data/deeps/private/bfoxkemp/jnickla1/Thorne_15_codefigurestats/Methods/43_Forcing_Based/1_ERF_FaIR/FaIR_all_method.py:68: RuntimeWarning: Mean of empty slice
  return np.nanmean(samp_cur[year_idx-1850, :], axis = 1)
/oscar/data/deeps/private/bfoxkemp/jnickla1/Thorne_15_codefigurestats/Methods/43_Forcing_Based/1_ERF_FaIR/FaIR_all_unB_method.py:90: RuntimeWarning: Mean of empty slice
  return np.nanmean(samp_cur[year_idx-1850, :], axis = 1)
/oscar/data/deeps/private/bfoxkemp/jnickla1/Thorne_15_codefigurestats/Methods/43_Forcing_Based/1_ERF_FaIR/FaIR_all_unB_method.py:90: RuntimeWarning: Mean of empty slice
  return np.nanmean(samp_cur[year_idx-1850, :], axis = 1)
/oscar/data/deeps/private/bfoxkemp/jnickla1/Thorne_15_codefigurestats/Methods/43_Forcing_Based/1_ERF_FaIR/FaIR_comb_unB_method.py:152: RuntimeWarning: Mean of empty slice
  return np.nanmean(samp_cur[year_idx-1850, :], axis = 1)
/oscar/data/deeps/private/bfoxkemp/jnickla1/Thorne_15_codefigurestats/Methods/43_Forcing_Based/1_ERF_FaIR/FaIR_comb_unB_method.py:152: RuntimeWarning: Mean of empty slice
  return np.nanmean(samp_cur[year_idx-1850, :], axis = 1)
/oscar/data/deeps/private/bfoxkemp/jnickla1/Thorne_15_codefigurestats/Methods/43_Forcing_Based/1_ERF_FaIR/FaIR_anthro_method.py:67: RuntimeWarning: Mean of empty slice
  return np.nanmean(samp_cur[year_idx-1850, :], axis = 1)
/oscar/data/deeps/private/bfoxkemp/jnickla1/Thorne_15_codefigurestats/Methods/43_Forcing_Based/1_ERF_FaIR/FaIR_anthro_method.py:67: RuntimeWarning: Mean of empty slice
  return np.nanmean(samp_cur[year_idx-1850, :], axis = 1)
/users/jnickla1/.conda/envs/cleanpy/lib/python3.13/site-packages/numpy/lib/_nanfunctions_impl.py:2019: RuntimeWarning: Degrees of freedom <= 0 for slice.
  var = nanvar(a, axis=axis, dtype=dtype, out=out, ddof=ddof,
/oscar/data/deeps/private/bfoxkemp/jnickla1/Thorne_15_codefigurestats/Methods/43_Forcing_Based/1_ERF_FaIR/FaIR_anthro_method.py:95: RuntimeWarning: Mean of empty slice
  cdist = np.nanmean(dist)
/users/jnickla1/.conda/envs/cleanpy/lib/python3.13/site-packages/numpy/lib/_nanfunctions_impl.py:2019: RuntimeWarning: Degrees of freedom <= 0 for slice.
  var = nanvar(a, axis=axis, dtype=dtype, out=out, ddof=ddof,
/oscar/data/deeps/private/bfoxkemp/jnickla1/Thorne_15_codefigurestats/Methods/43_Forcing_Based/1_ERF_FaIR/FaIR_anthro_method.py:95: RuntimeWarning: Mean of empty slice
  cdist = np.nanmean(dist)
/oscar/data/deeps/private/bfoxkemp/jnickla1/Thorne_15_codefigurestats/Methods/43_Forcing_Based/1_ERF_FaIR/FaIR_anthro_unB_method.py:89: RuntimeWarning: Mean of empty slice
  return np.nanmean(samp_cur[year_idx-1850, :], axis = 1)
/users/jnickla1/.conda/envs/cleanpy/lib/python3.13/site-packages/numpy/lib/_nanfunctions_impl.py:2019: RuntimeWarning: Degrees of freedom <= 0 for slice.
  var = nanvar(a, axis=axis, dtype=dtype, out=out, ddof=ddof,
/oscar/data/deeps/private/bfoxkemp/jnickla1/Thorne_15_codefigurestats/Methods/43_Forcing_Based/1_ERF_FaIR/FaIR_anthro_unB_method.py:117: RuntimeWarning: Mean of empty slice
  cdist = np.nanmean(dist)
/oscar/data/deeps/private/bfoxkemp/jnickla1/Thorne_15_codefigurestats/Methods/43_Forcing_Based/1_ERF_FaIR/FaIR_anthro_unB_method.py:89: RuntimeWarning: Mean of empty slice
  return np.nanmean(samp_cur[year_idx-1850, :], axis = 1)
/users/jnickla1/.conda/envs/cleanpy/lib/python3.13/site-packages/numpy/lib/_nanfunctions_impl.py:2019: RuntimeWarning: Degrees of freedom <= 0 for slice.
  var = nanvar(a, axis=axis, dtype=dtype, out=out, ddof=ddof,
/oscar/data/deeps/private/bfoxkemp/jnickla1/Thorne_15_codefigurestats/Methods/43_Forcing_Based/1_ERF_FaIR/FaIR_anthro_unB_method.py:117: RuntimeWarning: Mean of empty slice
  cdist = np.nanmean(dist)
/oscar/data/deeps/private/bfoxkemp/jnickla1/Thorne_15_codefigurestats/Methods/43_Forcing_Based/1_ERF_FaIR/FaIR_all_method.py:53: RuntimeWarning: Mean of empty slice
  samp_mean =  np.nanmean(samp_cur, axis = 1)
/oscar/data/deeps/private/bfoxkemp/jnickla1/Thorne_15_codefigurestats/Methods/43_Forcing_Based/1_ERF_FaIR/FaIR_all_unB_method.py:70: RuntimeWarning: Mean of empty slice
  samp_mean =  np.nanmean(samp_cur, axis = 1)
/oscar/data/deeps/private/bfoxkemp/jnickla1/Thorne_15_codefigurestats/Methods/43_Forcing_Based/1_ERF_FaIR/FaIR_anthro_method.py:53: RuntimeWarning: Mean of empty slice
  samp_mean =  np.nanmean(samp_cur, axis = 1)
/oscar/data/deeps/private/bfoxkemp/jnickla1/Thorne_15_codefigurestats/Methods/43_Forcing_Based/1_ERF_FaIR/FaIR_anthro_unB_method.py:70: RuntimeWarning: Mean of empty slice
  samp_mean =  np.nanmean(samp_cur, axis = 1)
/oscar/data/deeps/private/bfoxkemp/jnickla1/Thorne_15_codefigurestats/Methods/43_Forcing_Based/1_ERF_FaIR/FaIR_all_method.py:53: RuntimeWarning: Mean of empty slice
  samp_mean =  np.nanmean(samp_cur, axis = 1)
/oscar/data/deeps/private/bfoxkemp/jnickla1/Thorne_15_codefigurestats/Methods/43_Forcing_Based/1_ERF_FaIR/FaIR_comb_unB_method.py:70: RuntimeWarning: Mean of empty slice
  samp_mean =  np.nanmean(samp_cur, axis = 1)
/oscar/data/deeps/private/bfoxkemp/jnickla1/Thorne_15_codefigurestats/Methods/43_Forcing_Based/1_ERF_FaIR/FaIR_comb_unB_method.py:126: RuntimeWarning: Mean of empty slice
  samp_meanAll =  np.nanmean(samp_curAll, axis = 1)
/oscar/data/deeps/private/bfoxkemp/jnickla1/Thorne_15_codefigurestats/Methods/43_Forcing_Based/1_ERF_FaIR/FaIR_all_unB_method.py:70: RuntimeWarning: Mean of empty slice
  samp_mean =  np.nanmean(samp_cur, axis = 1)
/oscar/data/deeps/private/bfoxkemp/jnickla1/Thorne_15_codefigurestats/Methods/43_Forcing_Based/1_ERF_FaIR/FaIR_all_method.py:53: RuntimeWarning: Mean of empty slice
  samp_mean =  np.nanmean(samp_cur, axis = 1)
/oscar/data/deeps/private/bfoxkemp/jnickla1/Thorne_15_codefigurestats/Methods/43_Forcing_Based/1_ERF_FaIR/FaIR_nonat_method.py:53: RuntimeWarning: Mean of empty slice
  samp_mean =  np.nanmean(samp_cur, axis = 1)
/oscar/data/deeps/private/bfoxkemp/jnickla1/Thorne_15_codefigurestats/Methods/43_Forcing_Based/1_ERF_FaIR/FaIR_anthro_method.py:53: RuntimeWarning: Mean of empty slice
  samp_mean =  np.nanmean(samp_cur, axis = 1)
/oscar/data/deeps/private/bfoxkemp/jnickla1/Thorne_15_codefigurestats/Methods/43_Forcing_Based/1_ERF_FaIR/FaIR_all_unB_method.py:70: RuntimeWarning: Mean of empty slice
  samp_mean =  np.nanmean(samp_cur, axis = 1)
/oscar/data/deeps/private/bfoxkemp/jnickla1/Thorne_15_codefigurestats/Methods/43_Forcing_Based/1_ERF_FaIR/FaIR_nonat_unB_method.py:72: RuntimeWarning: Mean of empty slice
  samp_mean =  np.nanmean(samp_cur, axis = 1)
/oscar/data/deeps/private/bfoxkemp/jnickla1/Thorne_15_codefigurestats/Methods/43_Forcing_Based/1_ERF_FaIR/FaIR_anthro_unB_method.py:70: RuntimeWarning: Mean of empty slice
  samp_mean =  np.nanmean(samp_cur, axis = 1)
/oscar/data/deeps/private/bfoxkemp/jnickla1/Thorne_15_codefigurestats/Methods/43_Forcing_Based/1_ERF_FaIR/FaIR_anthro_method.py:53: RuntimeWarning: Mean of empty slice
  samp_mean =  np.nanmean(samp_cur, axis = 1)
/oscar/data/deeps/private/bfoxkemp/jnickla1/Thorne_15_codefigurestats/Methods/43_Forcing_Based/1_ERF_FaIR/FaIR_all_method.py:68: RuntimeWarning: Mean of empty slice
  return np.nanmean(samp_cur[year_idx-1850, :], axis = 1)
/users/jnickla1/.conda/envs/cleanpy/lib/python3.13/site-packages/numpy/lib/_nanfunctions_impl.py:2019: RuntimeWarning: Degrees of freedom <= 0 for slice.
  var = nanvar(a, axis=axis, dtype=dtype, out=out, ddof=ddof,
/oscar/data/deeps/private/bfoxkemp/jnickla1/Thorne_15_codefigurestats/Methods/43_Forcing_Based/1_ERF_FaIR/FaIR_all_unB_method.py:90: RuntimeWarning: Mean of empty slice
  return np.nanmean(samp_cur[year_idx-1850, :], axis = 1)
/oscar/data/deeps/private/bfoxkemp/jnickla1/Thorne_15_codefigurestats/Methods/43_Forcing_Based/1_ERF_FaIR/FaIR_anthro_unB_method.py:70: RuntimeWarning: Mean of empty slice
  samp_mean =  np.nanmean(samp_cur, axis = 1)
/oscar/data/deeps/private/bfoxkemp/jnickla1/Thorne_15_codefigurestats/Methods/43_Forcing_Based/1_ERF_FaIR/FaIR_anthro_method.py:67: RuntimeWarning: Mean of empty slice
  return np.nanmean(samp_cur[year_idx-1850, :], axis = 1)
/oscar/data/deeps/private/bfoxkemp/jnickla1/Thorne_15_codefigurestats/Methods/43_Forcing_Based/1_ERF_FaIR/FaIR_comb_unB_method.py:70: RuntimeWarning: Mean of empty slice
  samp_mean =  np.nanmean(samp_cur, axis = 1)
/oscar/data/deeps/private/bfoxkemp/jnickla1/Thorne_15_codefigurestats/Methods/43_Forcing_Based/1_ERF_FaIR/FaIR_anthro_unB_method.py:89: RuntimeWarning: Mean of empty slice
  return np.nanmean(samp_cur[year_idx-1850, :], axis = 1)
/oscar/data/deeps/private/bfoxkemp/jnickla1/Thorne_15_codefigurestats/Methods/43_Forcing_Based/1_ERF_FaIR/FaIR_comb_unB_method.py:126: RuntimeWarning: Mean of empty slice
  samp_meanAll =  np.nanmean(samp_curAll, axis = 1)
/oscar/data/deeps/private/bfoxkemp/jnickla1/Thorne_15_codefigurestats/Methods/43_Forcing_Based/1_ERF_FaIR/FaIR_comb_unB_method.py:152: RuntimeWarning: Mean of empty slice
  return np.nanmean(samp_cur[year_idx-1850, :], axis = 1)
/oscar/data/deeps/private/bfoxkemp/jnickla1/Thorne_15_codefigurestats/Methods/43_Forcing_Based/1_ERF_FaIR/FaIR_nonat_method.py:68: RuntimeWarning: Mean of empty slice
  return np.nanmean(samp_cur[year_idx-1850, :], axis = 1)
/oscar/data/deeps/private/bfoxkemp/jnickla1/Thorne_15_codefigurestats/Methods/43_Forcing_Based/1_ERF_FaIR/FaIR_comb_unB_method.py:70: RuntimeWarning: Mean of empty slice
  samp_mean =  np.nanmean(samp_cur, axis = 1)
/oscar/data/deeps/private/bfoxkemp/jnickla1/Thorne_15_codefigurestats/Methods/43_Forcing_Based/1_ERF_FaIR/FaIR_nonat_unB_method.py:92: RuntimeWarning: Mean of empty slice
  return np.nanmean(samp_cur[year_idx-1850, :], axis = 1)
/oscar/data/deeps/private/bfoxkemp/jnickla1/Thorne_15_codefigurestats/Methods/43_Forcing_Based/1_ERF_FaIR/FaIR_comb_unB_method.py:126: RuntimeWarning: Mean of empty slice
  samp_meanAll =  np.nanmean(samp_curAll, axis = 1)
/oscar/data/deeps/private/bfoxkemp/jnickla1/Thorne_15_codefigurestats/Methods/43_Forcing_Based/1_ERF_FaIR/FaIR_anthro_method.py:67: RuntimeWarning: Mean of empty slice
  return np.nanmean(samp_cur[year_idx-1850, :], axis = 1)
/oscar/data/deeps/private/bfoxkemp/jnickla1/Thorne_15_codefigurestats/Methods/43_Forcing_Based/1_ERF_FaIR/FaIR_nonat_method.py:53: RuntimeWarning: Mean of empty slice
  samp_mean =  np.nanmean(samp_cur, axis = 1)
/oscar/data/deeps/private/bfoxkemp/jnickla1/Thorne_15_codefigurestats/Methods/43_Forcing_Based/1_ERF_FaIR/FaIR_anthro_unB_method.py:89: RuntimeWarning: Mean of empty slice
  return np.nanmean(samp_cur[year_idx-1850, :], axis = 1)
/oscar/data/deeps/private/bfoxkemp/jnickla1/Thorne_15_codefigurestats/Methods/43_Forcing_Based/1_ERF_FaIR/FaIR_nonat_method.py:68: RuntimeWarning: Mean of empty slice
  return np.nanmean(samp_cur[year_idx-1850, :], axis = 1)
/oscar/data/deeps/private/bfoxkemp/jnickla1/Thorne_15_codefigurestats/Methods/43_Forcing_Based/1_ERF_FaIR/FaIR_nonat_unB_method.py:92: RuntimeWarning: Mean of empty slice
  return np.nanmean(samp_cur[year_idx-1850, :], axis = 1)
/oscar/data/deeps/private/bfoxkemp/jnickla1/Thorne_15_codefigurestats/Methods/43_Forcing_Based/1_ERF_FaIR/FaIR_all_method.py:68: RuntimeWarning: Mean of empty slice
  return np.nanmean(samp_cur[year_idx-1850, :], axis = 1)
/oscar/data/deeps/private/bfoxkemp/jnickla1/Thorne_15_codefigurestats/Methods/43_Forcing_Based/1_ERF_FaIR/FaIR_all_unB_method.py:90: RuntimeWarning: Mean of empty slice
  return np.nanmean(samp_cur[year_idx-1850, :], axis = 1)
/oscar/data/deeps/private/bfoxkemp/jnickla1/Thorne_15_codefigurestats/Methods/43_Forcing_Based/1_ERF_FaIR/FaIR_comb_unB_method.py:152: RuntimeWarning: Mean of empty slice
  return np.nanmean(samp_cur[year_idx-1850, :], axis = 1)
/oscar/data/deeps/private/bfoxkemp/jnickla1/Thorne_15_codefigurestats/Methods/43_Forcing_Based/1_ERF_FaIR/FaIR_nonat_method.py:53: RuntimeWarning: Mean of empty slice
  samp_mean =  np.nanmean(samp_cur, axis = 1)
/oscar/data/deeps/private/bfoxkemp/jnickla1/Thorne_15_codefigurestats/Methods/43_Forcing_Based/1_ERF_FaIR/FaIR_nonat_unB_method.py:72: RuntimeWarning: Mean of empty slice
  samp_mean =  np.nanmean(samp_cur, axis = 1)
/oscar/data/deeps/private/bfoxkemp/jnickla1/Thorne_15_codefigurestats/Methods/43_Forcing_Based/1_ERF_FaIR/FaIR_nonat_unB_method.py:72: RuntimeWarning: Mean of empty slice
  samp_mean =  np.nanmean(samp_cur, axis = 1)
/oscar/data/deeps/private/bfoxkemp/jnickla1/Thorne_15_codefigurestats/Methods/43_Forcing_Based/1_ERF_FaIR/FaIR_all_method.py:68: RuntimeWarning: Mean of empty slice
  return np.nanmean(samp_cur[year_idx-1850, :], axis = 1)
/users/jnickla1/.conda/envs/cleanpy/lib/python3.13/site-packages/numpy/lib/_nanfunctions_impl.py:2019: RuntimeWarning: Degrees of freedom <= 0 for slice.
  var = nanvar(a, axis=axis, dtype=dtype, out=out, ddof=ddof,
/oscar/data/deeps/private/bfoxkemp/jnickla1/Thorne_15_codefigurestats/Methods/43_Forcing_Based/1_ERF_FaIR/FaIR_all_unB_method.py:90: RuntimeWarning: Mean of empty slice
  return np.nanmean(samp_cur[year_idx-1850, :], axis = 1)
/oscar/data/deeps/private/bfoxkemp/jnickla1/Thorne_15_codefigurestats/Methods/43_Forcing_Based/1_ERF_FaIR/FaIR_anthro_method.py:67: RuntimeWarning: Mean of empty slice
  return np.nanmean(samp_cur[year_idx-1850, :], axis = 1)
/oscar/data/deeps/private/bfoxkemp/jnickla1/Thorne_15_codefigurestats/Methods/43_Forcing_Based/1_ERF_FaIR/FaIR_all_method.py:68: RuntimeWarning: Mean of empty slice
  return np.nanmean(samp_cur[year_idx-1850, :], axis = 1)
/users/jnickla1/.conda/envs/cleanpy/lib/python3.13/site-packages/numpy/lib/_nanfunctions_impl.py:2019: RuntimeWarning: Degrees of freedom <= 0 for slice.
  var = nanvar(a, axis=axis, dtype=dtype, out=out, ddof=ddof,
/oscar/data/deeps/private/bfoxkemp/jnickla1/Thorne_15_codefigurestats/Methods/43_Forcing_Based/1_ERF_FaIR/FaIR_all_unB_method.py:90: RuntimeWarning: Mean of empty slice
  return np.nanmean(samp_cur[year_idx-1850, :], axis = 1)
/oscar/data/deeps/private/bfoxkemp/jnickla1/Thorne_15_codefigurestats/Methods/43_Forcing_Based/1_ERF_FaIR/FaIR_anthro_method.py:67: RuntimeWarning: Mean of empty slice
  return np.nanmean(samp_cur[year_idx-1850, :], axis = 1)
/oscar/data/deeps/private/bfoxkemp/jnickla1/Thorne_15_codefigurestats/Methods/43_Forcing_Based/1_ERF_FaIR/FaIR_anthro_unB_method.py:89: RuntimeWarning: Mean of empty slice
  return np.nanmean(samp_cur[year_idx-1850, :], axis = 1)
/oscar/data/deeps/private/bfoxkemp/jnickla1/Thorne_15_codefigurestats/Methods/43_Forcing_Based/1_ERF_FaIR/FaIR_anthro_unB_method.py:89: RuntimeWarning: Mean of empty slice
  return np.nanmean(samp_cur[year_idx-1850, :], axis = 1)
/oscar/data/deeps/private/bfoxkemp/jnickla1/Thorne_15_codefigurestats/Methods/43_Forcing_Based/1_ERF_FaIR/FaIR_comb_unB_method.py:152: RuntimeWarning: Mean of empty slice
  return np.nanmean(samp_cur[year_idx-1850, :], axis = 1)
/oscar/data/deeps/private/bfoxkemp/jnickla1/Thorne_15_codefigurestats/Methods/43_Forcing_Based/1_ERF_FaIR/FaIR_nonat_method.py:68: RuntimeWarning: Mean of empty slice
  return np.nanmean(samp_cur[year_idx-1850, :], axis = 1)
/oscar/data/deeps/private/bfoxkemp/jnickla1/Thorne_15_codefigurestats/Methods/43_Forcing_Based/1_ERF_FaIR/FaIR_comb_unB_method.py:152: RuntimeWarning: Mean of empty slice
  return np.nanmean(samp_cur[year_idx-1850, :], axis = 1)
/oscar/data/deeps/private/bfoxkemp/jnickla1/Thorne_15_codefigurestats/Methods/43_Forcing_Based/1_ERF_FaIR/FaIR_nonat_method.py:68: RuntimeWarning: Mean of empty slice
  return np.nanmean(samp_cur[year_idx-1850, :], axis = 1)
/oscar/data/deeps/private/bfoxkemp/jnickla1/Thorne_15_codefigurestats/Methods/43_Forcing_Based/1_ERF_FaIR/FaIR_nonat_unB_method.py:92: RuntimeWarning: Mean of empty slice
  return np.nanmean(samp_cur[year_idx-1850, :], axis = 1)
/oscar/data/deeps/private/bfoxkemp/jnickla1/Thorne_15_codefigurestats/Methods/43_Forcing_Based/1_ERF_FaIR/FaIR_anthro_method.py:67: RuntimeWarning: Mean of empty slice
  return np.nanmean(samp_cur[year_idx-1850, :], axis = 1)
/users/jnickla1/.conda/envs/cleanpy/lib/python3.13/site-packages/numpy/lib/_nanfunctions_impl.py:2019: RuntimeWarning: Degrees of freedom <= 0 for slice.
  var = nanvar(a, axis=axis, dtype=dtype, out=out, ddof=ddof,
/oscar/data/deeps/private/bfoxkemp/jnickla1/Thorne_15_codefigurestats/Methods/43_Forcing_Based/1_ERF_FaIR/FaIR_anthro_method.py:95: RuntimeWarning: Mean of empty slice
  cdist = np.nanmean(dist)
/oscar/data/deeps/private/bfoxkemp/jnickla1/Thorne_15_codefigurestats/Methods/43_Forcing_Based/1_ERF_FaIR/FaIR_nonat_unB_method.py:92: RuntimeWarning: Mean of empty slice
  return np.nanmean(samp_cur[year_idx-1850, :], axis = 1)
/oscar/data/deeps/private/bfoxkemp/jnickla1/Thorne_15_codefigurestats/Methods/43_Forcing_Based/1_ERF_FaIR/FaIR_anthro_method.py:67: RuntimeWarning: Mean of empty slice
  return np.nanmean(samp_cur[year_idx-1850, :], axis = 1)
/oscar/data/deeps/private/bfoxkemp/jnickla1/Thorne_15_codefigurestats/Methods/43_Forcing_Based/1_ERF_FaIR/FaIR_anthro_method.py:67: RuntimeWarning: Mean of empty slice
  return np.nanmean(samp_cur[year_idx-1850, :], axis = 1)
/oscar/data/deeps/private/bfoxkemp/jnickla1/Thorne_15_codefigurestats/Methods/43_Forcing_Based/1_ERF_FaIR/FaIR_anthro_unB_method.py:89: RuntimeWarning: Mean of empty slice
  return np.nanmean(samp_cur[year_idx-1850, :], axis = 1)
/oscar/data/deeps/private/bfoxkemp/jnickla1/Thorne_15_codefigurestats/Methods/43_Forcing_Based/1_ERF_FaIR/FaIR_nonat_method.py:68: RuntimeWarning: Mean of empty slice
  return np.nanmean(samp_cur[year_idx-1850, :], axis = 1)
/oscar/data/deeps/private/bfoxkemp/jnickla1/Thorne_15_codefigurestats/Methods/43_Forcing_Based/1_ERF_FaIR/FaIR_anthro_unB_method.py:89: RuntimeWarning: Mean of empty slice
  return np.nanmean(samp_cur[year_idx-1850, :], axis = 1)
/oscar/data/deeps/private/bfoxkemp/jnickla1/Thorne_15_codefigurestats/Methods/43_Forcing_Based/1_ERF_FaIR/FaIR_nonat_method.py:68: RuntimeWarning: Mean of empty slice
  return np.nanmean(samp_cur[year_idx-1850, :], axis = 1)
/oscar/data/deeps/private/bfoxkemp/jnickla1/Thorne_15_codefigurestats/Methods/43_Forcing_Based/1_ERF_FaIR/FaIR_nonat_unB_method.py:92: RuntimeWarning: Mean of empty slice
  return np.nanmean(samp_cur[year_idx-1850, :], axis = 1)
/oscar/data/deeps/private/bfoxkemp/jnickla1/Thorne_15_codefigurestats/Methods/43_Forcing_Based/1_ERF_FaIR/FaIR_all_method.py:68: RuntimeWarning: Mean of empty slice
  return np.nanmean(samp_cur[year_idx-1850, :], axis = 1)
/oscar/data/deeps/private/bfoxkemp/jnickla1/Thorne_15_codefigurestats/Methods/43_Forcing_Based/1_ERF_FaIR/FaIR_nonat_unB_method.py:92: RuntimeWarning: Mean of empty slice
  return np.nanmean(samp_cur[year_idx-1850, :], axis = 1)
/oscar/data/deeps/private/bfoxkemp/jnickla1/Thorne_15_codefigurestats/Methods/43_Forcing_Based/1_ERF_FaIR/FaIR_all_method.py:68: RuntimeWarning: Mean of empty slice
  return np.nanmean(samp_cur[year_idx-1850, :], axis = 1)
/oscar/data/deeps/private/bfoxkemp/jnickla1/Thorne_15_codefigurestats/Methods/43_Forcing_Based/1_ERF_FaIR/FaIR_all_unB_method.py:90: RuntimeWarning: Mean of empty slice
  return np.nanmean(samp_cur[year_idx-1850, :], axis = 1)
/oscar/data/deeps/private/bfoxkemp/jnickla1/Thorne_15_codefigurestats/Methods/43_Forcing_Based/1_ERF_FaIR/FaIR_comb_unB_method.py:152: RuntimeWarning: Mean of empty slice
  return np.nanmean(samp_cur[year_idx-1850, :], axis = 1)
/oscar/data/deeps/private/bfoxkemp/jnickla1/Thorne_15_codefigurestats/Methods/43_Forcing_Based/1_ERF_FaIR/FaIR_all_unB_method.py:90: RuntimeWarning: Mean of empty slice
  return np.nanmean(samp_cur[year_idx-1850, :], axis = 1)
/oscar/data/deeps/private/bfoxkemp/jnickla1/Thorne_15_codefigurestats/Methods/43_Forcing_Based/1_ERF_FaIR/FaIR_comb_unB_method.py:152: RuntimeWarning: Mean of empty slice
  return np.nanmean(samp_cur[year_idx-1850, :], axis = 1)
/oscar/data/deeps/private/bfoxkemp/jnickla1/Thorne_15_codefigurestats/Methods/43_Forcing_Based/1_ERF_FaIR/FaIR_anthro_method.py:67: RuntimeWarning: Mean of empty slice
  return np.nanmean(samp_cur[year_idx-1850, :], axis = 1)
/users/jnickla1/.conda/envs/cleanpy/lib/python3.13/site-packages/numpy/lib/_nanfunctions_impl.py:2019: RuntimeWarning: Degrees of freedom <= 0 for slice.
  var = nanvar(a, axis=axis, dtype=dtype, out=out, ddof=ddof,
/oscar/data/deeps/private/bfoxkemp/jnickla1/Thorne_15_codefigurestats/Methods/43_Forcing_Based/1_ERF_FaIR/FaIR_anthro_method.py:95: RuntimeWarning: Mean of empty slice
  cdist = np.nanmean(dist)
/oscar/data/deeps/private/bfoxkemp/jnickla1/Thorne_15_codefigurestats/Methods/43_Forcing_Based/1_ERF_FaIR/FaIR_anthro_method.py:67: RuntimeWarning: Mean of empty slice
  return np.nanmean(samp_cur[year_idx-1850, :], axis = 1)
/users/jnickla1/.conda/envs/cleanpy/lib/python3.13/site-packages/numpy/lib/_nanfunctions_impl.py:2019: RuntimeWarning: Degrees of freedom <= 0 for slice.
  var = nanvar(a, axis=axis, dtype=dtype, out=out, ddof=ddof,
/oscar/data/deeps/private/bfoxkemp/jnickla1/Thorne_15_codefigurestats/Methods/43_Forcing_Based/1_ERF_FaIR/FaIR_anthro_method.py:95: RuntimeWarning: Mean of empty slice
  cdist = np.nanmean(dist)
/oscar/data/deeps/private/bfoxkemp/jnickla1/Thorne_15_codefigurestats/Methods/43_Forcing_Based/1_ERF_FaIR/FaIR_nonat_method.py:68: RuntimeWarning: Mean of empty slice
  return np.nanmean(samp_cur[year_idx-1850, :], axis = 1)
/users/jnickla1/.conda/envs/cleanpy/lib/python3.13/site-packages/numpy/lib/_nanfunctions_impl.py:2019: RuntimeWarning: Degrees of freedom <= 0 for slice.
  var = nanvar(a, axis=axis, dtype=dtype, out=out, ddof=ddof,
/oscar/data/deeps/private/bfoxkemp/jnickla1/Thorne_15_codefigurestats/Methods/43_Forcing_Based/1_ERF_FaIR/FaIR_nonat_method.py:96: RuntimeWarning: Mean of empty slice
  cdist = np.nanmean(dist)
/oscar/data/deeps/private/bfoxkemp/jnickla1/Thorne_15_codefigurestats/Methods/43_Forcing_Based/1_ERF_FaIR/FaIR_nonat_method.py:68: RuntimeWarning: Mean of empty slice
  return np.nanmean(samp_cur[year_idx-1850, :], axis = 1)
/users/jnickla1/.conda/envs/cleanpy/lib/python3.13/site-packages/numpy/lib/_nanfunctions_impl.py:2019: RuntimeWarning: Degrees of freedom <= 0 for slice.
  var = nanvar(a, axis=axis, dtype=dtype, out=out, ddof=ddof,
/oscar/data/deeps/private/bfoxkemp/jnickla1/Thorne_15_codefigurestats/Methods/43_Forcing_Based/1_ERF_FaIR/FaIR_nonat_method.py:96: RuntimeWarning: Mean of empty slice
  cdist = np.nanmean(dist)
/oscar/data/deeps/private/bfoxkemp/jnickla1/Thorne_15_codefigurestats/Methods/43_Forcing_Based/1_ERF_FaIR/FaIR_anthro_unB_method.py:89: RuntimeWarning: Mean of empty slice
  return np.nanmean(samp_cur[year_idx-1850, :], axis = 1)
/users/jnickla1/.conda/envs/cleanpy/lib/python3.13/site-packages/numpy/lib/_nanfunctions_impl.py:2019: RuntimeWarning: Degrees of freedom <= 0 for slice.
  var = nanvar(a, axis=axis, dtype=dtype, out=out, ddof=ddof,
/oscar/data/deeps/private/bfoxkemp/jnickla1/Thorne_15_codefigurestats/Methods/43_Forcing_Based/1_ERF_FaIR/FaIR_anthro_unB_method.py:117: RuntimeWarning: Mean of empty slice
  cdist = np.nanmean(dist)
/oscar/data/deeps/private/bfoxkemp/jnickla1/Thorne_15_codefigurestats/Methods/43_Forcing_Based/1_ERF_FaIR/FaIR_anthro_unB_method.py:89: RuntimeWarning: Mean of empty slice
  return np.nanmean(samp_cur[year_idx-1850, :], axis = 1)
/users/jnickla1/.conda/envs/cleanpy/lib/python3.13/site-packages/numpy/lib/_nanfunctions_impl.py:2019: RuntimeWarning: Degrees of freedom <= 0 for slice.
  var = nanvar(a, axis=axis, dtype=dtype, out=out, ddof=ddof,
/oscar/data/deeps/private/bfoxkemp/jnickla1/Thorne_15_codefigurestats/Methods/43_Forcing_Based/1_ERF_FaIR/FaIR_anthro_unB_method.py:117: RuntimeWarning: Mean of empty slice
  cdist = np.nanmean(dist)
/oscar/data/deeps/private/bfoxkemp/jnickla1/Thorne_15_codefigurestats/Methods/43_Forcing_Based/1_ERF_FaIR/FaIR_nonat_unB_method.py:92: RuntimeWarning: Mean of empty slice
  return np.nanmean(samp_cur[year_idx-1850, :], axis = 1)
/users/jnickla1/.conda/envs/cleanpy/lib/python3.13/site-packages/numpy/lib/_nanfunctions_impl.py:2019: RuntimeWarning: Degrees of freedom <= 0 for slice.
  var = nanvar(a, axis=axis, dtype=dtype, out=out, ddof=ddof,
/oscar/data/deeps/private/bfoxkemp/jnickla1/Thorne_15_codefigurestats/Methods/43_Forcing_Based/1_ERF_FaIR/FaIR_nonat_unB_method.py:120: RuntimeWarning: Mean of empty slice
  cdist = np.nanmean(dist)
/oscar/data/deeps/private/bfoxkemp/jnickla1/Thorne_15_codefigurestats/Methods/43_Forcing_Based/1_ERF_FaIR/FaIR_nonat_unB_method.py:92: RuntimeWarning: Mean of empty slice
  return np.nanmean(samp_cur[year_idx-1850, :], axis = 1)
/users/jnickla1/.conda/envs/cleanpy/lib/python3.13/site-packages/numpy/lib/_nanfunctions_impl.py:2019: RuntimeWarning: Degrees of freedom <= 0 for slice.
  var = nanvar(a, axis=axis, dtype=dtype, out=out, ddof=ddof,
/oscar/data/deeps/private/bfoxkemp/jnickla1/Thorne_15_codefigurestats/Methods/43_Forcing_Based/1_ERF_FaIR/FaIR_nonat_unB_method.py:120: RuntimeWarning: Mean of empty slice
  cdist = np.nanmean(dist)
/oscar/data/deeps/private/bfoxkemp/jnickla1/Thorne_15_codefigurestats/Methods/43_Forcing_Based/1_ERF_FaIR/FaIR_anthro_unB_method.py:89: RuntimeWarning: Mean of empty slice
  return np.nanmean(samp_cur[year_idx-1850, :], axis = 1)
/users/jnickla1/.conda/envs/cleanpy/lib/python3.13/site-packages/numpy/lib/_nanfunctions_impl.py:2019: RuntimeWarning: Degrees of freedom <= 0 for slice.
  var = nanvar(a, axis=axis, dtype=dtype, out=out, ddof=ddof,
/oscar/data/deeps/private/bfoxkemp/jnickla1/Thorne_15_codefigurestats/Methods/43_Forcing_Based/1_ERF_FaIR/FaIR_anthro_unB_method.py:117: RuntimeWarning: Mean of empty slice
  cdist = np.nanmean(dist)
/oscar/data/deeps/private/bfoxkemp/jnickla1/Thorne_15_codefigurestats/Methods/43_Forcing_Based/1_ERF_FaIR/FaIR_nonat_method.py:68: RuntimeWarning: Mean of empty slice
  return np.nanmean(samp_cur[year_idx-1850, :], axis = 1)
/users/jnickla1/.conda/envs/cleanpy/lib/python3.13/site-packages/numpy/lib/_nanfunctions_impl.py:2019: RuntimeWarning: Degrees of freedom <= 0 for slice.
  var = nanvar(a, axis=axis, dtype=dtype, out=out, ddof=ddof,
/oscar/data/deeps/private/bfoxkemp/jnickla1/Thorne_15_codefigurestats/Methods/43_Forcing_Based/1_ERF_FaIR/FaIR_nonat_method.py:96: RuntimeWarning: Mean of empty slice
  cdist = np.nanmean(dist)
/oscar/data/deeps/private/bfoxkemp/jnickla1/Thorne_15_codefigurestats/Methods/43_Forcing_Based/1_ERF_FaIR/FaIR_nonat_method.py:68: RuntimeWarning: Mean of empty slice
  return np.nanmean(samp_cur[year_idx-1850, :], axis = 1)
/users/jnickla1/.conda/envs/cleanpy/lib/python3.13/site-packages/numpy/lib/_nanfunctions_impl.py:2019: RuntimeWarning: Degrees of freedom <= 0 for slice.
  var = nanvar(a, axis=axis, dtype=dtype, out=out, ddof=ddof,
/oscar/data/deeps/private/bfoxkemp/jnickla1/Thorne_15_codefigurestats/Methods/43_Forcing_Based/1_ERF_FaIR/FaIR_nonat_method.py:96: RuntimeWarning: Mean of empty slice
  cdist = np.nanmean(dist)
/oscar/data/deeps/private/bfoxkemp/jnickla1/Thorne_15_codefigurestats/Methods/43_Forcing_Based/1_ERF_FaIR/FaIR_all_method.py:68: RuntimeWarning: Mean of empty slice
  return np.nanmean(samp_cur[year_idx-1850, :], axis = 1)
/users/jnickla1/.conda/envs/cleanpy/lib/python3.13/site-packages/numpy/lib/_nanfunctions_impl.py:2019: RuntimeWarning: Degrees of freedom <= 0 for slice.
  var = nanvar(a, axis=axis, dtype=dtype, out=out, ddof=ddof,
/oscar/data/deeps/private/bfoxkemp/jnickla1/Thorne_15_codefigurestats/Methods/43_Forcing_Based/1_ERF_FaIR/FaIR_all_method.py:96: RuntimeWarning: Mean of empty slice
  cdist = np.nanmean(dist)
/oscar/data/deeps/private/bfoxkemp/jnickla1/Thorne_15_codefigurestats/Methods/43_Forcing_Based/1_ERF_FaIR/FaIR_all_method.py:68: RuntimeWarning: Mean of empty slice
  return np.nanmean(samp_cur[year_idx-1850, :], axis = 1)
/users/jnickla1/.conda/envs/cleanpy/lib/python3.13/site-packages/numpy/lib/_nanfunctions_impl.py:2019: RuntimeWarning: Degrees of freedom <= 0 for slice.
  var = nanvar(a, axis=axis, dtype=dtype, out=out, ddof=ddof,
/oscar/data/deeps/private/bfoxkemp/jnickla1/Thorne_15_codefigurestats/Methods/43_Forcing_Based/1_ERF_FaIR/FaIR_all_method.py:96: RuntimeWarning: Mean of empty slice
  cdist = np.nanmean(dist)
/oscar/data/deeps/private/bfoxkemp/jnickla1/Thorne_15_codefigurestats/Methods/43_Forcing_Based/1_ERF_FaIR/FaIR_nonat_unB_method.py:92: RuntimeWarning: Mean of empty slice
  return np.nanmean(samp_cur[year_idx-1850, :], axis = 1)
/users/jnickla1/.conda/envs/cleanpy/lib/python3.13/site-packages/numpy/lib/_nanfunctions_impl.py:2019: RuntimeWarning: Degrees of freedom <= 0 for slice.
  var = nanvar(a, axis=axis, dtype=dtype, out=out, ddof=ddof,
/oscar/data/deeps/private/bfoxkemp/jnickla1/Thorne_15_codefigurestats/Methods/43_Forcing_Based/1_ERF_FaIR/FaIR_nonat_unB_method.py:120: RuntimeWarning: Mean of empty slice
  cdist = np.nanmean(dist)
/oscar/data/deeps/private/bfoxkemp/jnickla1/Thorne_15_codefigurestats/fut_evaluation_script.py:427: RuntimeWarning: Mean of empty slice
  evalmean = np.nanmean(diffcross) #if crossing multiple times take the mean
/oscar/data/deeps/private/bfoxkemp/jnickla1/Thorne_15_codefigurestats/Methods/43_Forcing_Based/1_ERF_FaIR/FaIR_nonat_unB_method.py:92: RuntimeWarning: Mean of empty slice
  return np.nanmean(samp_cur[year_idx-1850, :], axis = 1)
/users/jnickla1/.conda/envs/cleanpy/lib/python3.13/site-packages/numpy/lib/_nanfunctions_impl.py:2019: RuntimeWarning: Degrees of freedom <= 0 for slice.
  var = nanvar(a, axis=axis, dtype=dtype, out=out, ddof=ddof,
/oscar/data/deeps/private/bfoxkemp/jnickla1/Thorne_15_codefigurestats/Methods/43_Forcing_Based/1_ERF_FaIR/FaIR_nonat_unB_method.py:120: RuntimeWarning: Mean of empty slice
  cdist = np.nanmean(dist)
/oscar/data/deeps/private/bfoxkemp/jnickla1/Thorne_15_codefigurestats/fut_evaluation_script.py:427: RuntimeWarning: Mean of empty slice
  evalmean = np.nanmean(diffcross) #if crossing multiple times take the mean
/oscar/data/deeps/private/bfoxkemp/jnickla1/Thorne_15_codefigurestats/Methods/43_Forcing_Based/1_ERF_FaIR/FaIR_nonat_method.py:68: RuntimeWarning: Mean of empty slice
  return np.nanmean(samp_cur[year_idx-1850, :], axis = 1)
/users/jnickla1/.conda/envs/cleanpy/lib/python3.13/site-packages/numpy/lib/_nanfunctions_impl.py:2019: RuntimeWarning: Degrees of freedom <= 0 for slice.
  var = nanvar(a, axis=axis, dtype=dtype, out=out, ddof=ddof,
/oscar/data/deeps/private/bfoxkemp/jnickla1/Thorne_15_codefigurestats/Methods/43_Forcing_Based/1_ERF_FaIR/FaIR_nonat_method.py:96: RuntimeWarning: Mean of empty slice
  cdist = np.nanmean(dist)
/oscar/data/deeps/private/bfoxkemp/jnickla1/Thorne_15_codefigurestats/fut_evaluation_script.py:464: RuntimeWarning: Mean of empty slice
  evalmean = np.nanmean(diffcrossE) #if crossing multiple times take the mean
/oscar/data/deeps/private/bfoxkemp/jnickla1/Thorne_15_codefigurestats/Methods/43_Forcing_Based/1_ERF_FaIR/FaIR_all_method.py:68: RuntimeWarning: Mean of empty slice
  return np.nanmean(samp_cur[year_idx-1850, :], axis = 1)
/users/jnickla1/.conda/envs/cleanpy/lib/python3.13/site-packages/numpy/lib/_nanfunctions_impl.py:2019: RuntimeWarning: Degrees of freedom <= 0 for slice.
  var = nanvar(a, axis=axis, dtype=dtype, out=out, ddof=ddof,
/oscar/data/deeps/private/bfoxkemp/jnickla1/Thorne_15_codefigurestats/Methods/43_Forcing_Based/1_ERF_FaIR/FaIR_all_method.py:96: RuntimeWarning: Mean of empty slice
  cdist = np.nanmean(dist)
/oscar/data/deeps/private/bfoxkemp/jnickla1/Thorne_15_codefigurestats/Methods/43_Forcing_Based/1_ERF_FaIR/FaIR_all_unB_method.py:90: RuntimeWarning: Mean of empty slice
  return np.nanmean(samp_cur[year_idx-1850, :], axis = 1)
/users/jnickla1/.conda/envs/cleanpy/lib/python3.13/site-packages/numpy/lib/_nanfunctions_impl.py:2019: RuntimeWarning: Degrees of freedom <= 0 for slice.
  var = nanvar(a, axis=axis, dtype=dtype, out=out, ddof=ddof,
/oscar/data/deeps/private/bfoxkemp/jnickla1/Thorne_15_codefigurestats/Methods/43_Forcing_Based/1_ERF_FaIR/FaIR_all_unB_method.py:118: RuntimeWarning: Mean of empty slice
  cdist = np.nanmean(dist)
/oscar/data/deeps/private/bfoxkemp/jnickla1/Thorne_15_codefigurestats/Methods/43_Forcing_Based/1_ERF_FaIR/FaIR_all_unB_method.py:90: RuntimeWarning: Mean of empty slice
  return np.nanmean(samp_cur[year_idx-1850, :], axis = 1)
/users/jnickla1/.conda/envs/cleanpy/lib/python3.13/site-packages/numpy/lib/_nanfunctions_impl.py:2019: RuntimeWarning: Degrees of freedom <= 0 for slice.
  var = nanvar(a, axis=axis, dtype=dtype, out=out, ddof=ddof,
/oscar/data/deeps/private/bfoxkemp/jnickla1/Thorne_15_codefigurestats/Methods/43_Forcing_Based/1_ERF_FaIR/FaIR_all_unB_method.py:118: RuntimeWarning: Mean of empty slice
  cdist = np.nanmean(dist)
/oscar/data/deeps/private/bfoxkemp/jnickla1/Thorne_15_codefigurestats/Methods/43_Forcing_Based/1_ERF_FaIR/FaIR_all_method.py:68: RuntimeWarning: Mean of empty slice
  return np.nanmean(samp_cur[year_idx-1850, :], axis = 1)
/users/jnickla1/.conda/envs/cleanpy/lib/python3.13/site-packages/numpy/lib/_nanfunctions_impl.py:2019: RuntimeWarning: Degrees of freedom <= 0 for slice.
  var = nanvar(a, axis=axis, dtype=dtype, out=out, ddof=ddof,
/oscar/data/deeps/private/bfoxkemp/jnickla1/Thorne_15_codefigurestats/Methods/43_Forcing_Based/1_ERF_FaIR/FaIR_all_method.py:96: RuntimeWarning: Mean of empty slice
  cdist = np.nanmean(dist)
/oscar/data/deeps/private/bfoxkemp/jnickla1/Thorne_15_codefigurestats/Methods/43_Forcing_Based/1_ERF_FaIR/FaIR_all_unB_method.py:90: RuntimeWarning: Mean of empty slice
  return np.nanmean(samp_cur[year_idx-1850, :], axis = 1)
/users/jnickla1/.conda/envs/cleanpy/lib/python3.13/site-packages/numpy/lib/_nanfunctions_impl.py:2019: RuntimeWarning: Degrees of freedom <= 0 for slice.
  var = nanvar(a, axis=axis, dtype=dtype, out=out, ddof=ddof,
/oscar/data/deeps/private/bfoxkemp/jnickla1/Thorne_15_codefigurestats/Methods/43_Forcing_Based/1_ERF_FaIR/FaIR_all_unB_method.py:118: RuntimeWarning: Mean of empty slice
  cdist = np.nanmean(dist)
/oscar/data/deeps/private/bfoxkemp/jnickla1/Thorne_15_codefigurestats/Methods/43_Forcing_Based/1_ERF_FaIR/FaIR_nonat_unB_method.py:92: RuntimeWarning: Mean of empty slice
  return np.nanmean(samp_cur[year_idx-1850, :], axis = 1)
/users/jnickla1/.conda/envs/cleanpy/lib/python3.13/site-packages/numpy/lib/_nanfunctions_impl.py:2019: RuntimeWarning: Degrees of freedom <= 0 for slice.
  var = nanvar(a, axis=axis, dtype=dtype, out=out, ddof=ddof,
/oscar/data/deeps/private/bfoxkemp/jnickla1/Thorne_15_codefigurestats/Methods/43_Forcing_Based/1_ERF_FaIR/FaIR_nonat_unB_method.py:120: RuntimeWarning: Mean of empty slice
  cdist = np.nanmean(dist)
/oscar/data/deeps/private/bfoxkemp/jnickla1/Thorne_15_codefigurestats/Methods/43_Forcing_Based/1_ERF_FaIR/FaIR_comb_unB_method.py:152: RuntimeWarning: Mean of empty slice
  return np.nanmean(samp_cur[year_idx-1850, :], axis = 1)
/users/jnickla1/.conda/envs/cleanpy/lib/python3.13/site-packages/numpy/lib/_nanfunctions_impl.py:2019: RuntimeWarning: Degrees of freedom <= 0 for slice.
  var = nanvar(a, axis=axis, dtype=dtype, out=out, ddof=ddof,
/oscar/data/deeps/private/bfoxkemp/jnickla1/Thorne_15_codefigurestats/Methods/43_Forcing_Based/1_ERF_FaIR/FaIR_comb_unB_method.py:180: RuntimeWarning: Mean of empty slice
  cdist = np.nanmean(dist)
/oscar/data/deeps/private/bfoxkemp/jnickla1/Thorne_15_codefigurestats/Methods/43_Forcing_Based/1_ERF_FaIR/FaIR_comb_unB_method.py:152: RuntimeWarning: Mean of empty slice
  return np.nanmean(samp_cur[year_idx-1850, :], axis = 1)
/users/jnickla1/.conda/envs/cleanpy/lib/python3.13/site-packages/numpy/lib/_nanfunctions_impl.py:2019: RuntimeWarning: Degrees of freedom <= 0 for slice.
  var = nanvar(a, axis=axis, dtype=dtype, out=out, ddof=ddof,
/oscar/data/deeps/private/bfoxkemp/jnickla1/Thorne_15_codefigurestats/Methods/43_Forcing_Based/1_ERF_FaIR/FaIR_comb_unB_method.py:180: RuntimeWarning: Mean of empty slice
  cdist = np.nanmean(dist)
/oscar/data/deeps/private/bfoxkemp/jnickla1/Thorne_15_codefigurestats/Methods/43_Forcing_Based/1_ERF_FaIR/FaIR_comb_unB_method.py:152: RuntimeWarning: Mean of empty slice
  return np.nanmean(samp_cur[year_idx-1850, :], axis = 1)
/users/jnickla1/.conda/envs/cleanpy/lib/python3.13/site-packages/numpy/lib/_nanfunctions_impl.py:2019: RuntimeWarning: Degrees of freedom <= 0 for slice.
  var = nanvar(a, axis=axis, dtype=dtype, out=out, ddof=ddof,
/oscar/data/deeps/private/bfoxkemp/jnickla1/Thorne_15_codefigurestats/Methods/43_Forcing_Based/1_ERF_FaIR/FaIR_comb_unB_method.py:180: RuntimeWarning: Mean of empty slice
  cdist = np.nanmean(dist)
/oscar/data/deeps/private/bfoxkemp/jnickla1/Thorne_15_codefigurestats/Methods/43_Forcing_Based/1_ERF_FaIR/FaIR_all_unB_method.py:90: RuntimeWarning: Mean of empty slice
  return np.nanmean(samp_cur[year_idx-1850, :], axis = 1)
/users/jnickla1/.conda/envs/cleanpy/lib/python3.13/site-packages/numpy/lib/_nanfunctions_impl.py:2019: RuntimeWarning: Degrees of freedom <= 0 for slice.
  var = nanvar(a, axis=axis, dtype=dtype, out=out, ddof=ddof,
/oscar/data/deeps/private/bfoxkemp/jnickla1/Thorne_15_codefigurestats/Methods/43_Forcing_Based/1_ERF_FaIR/FaIR_all_unB_method.py:118: RuntimeWarning: Mean of empty slice
  cdist = np.nanmean(dist)
starting computation for fut_NorESM_RCP45_VolcConst
max_runs25
Model number:
24




Methods/42_Temp_Alone/1_Run_Means/cent10y_method.py
Methods/42_Temp_Alone/1_Run_Means/cent20y_method.py
Methods/42_Temp_Alone/1_Run_Means/cent21y_method.py
Methods/42_Temp_Alone/1_Run_Means/cent30y_method.py
Methods/42_Temp_Alone/1_Run_Means/lag10y_method.py
Methods/42_Temp_Alone/1_Run_Means/lag5y_method.py
Methods/42_Temp_Alone/1_Run_Means/offset11y_method.py
Methods/42_Temp_Alone/1_Run_Means/raw1y_method.py
Methods/43_Forcing_Based/1_ERF_FaIR/FaIR_all_method.py
Methods/43_Forcing_Based/1_ERF_FaIR/FaIR_all_unB_method.py
Methods/43_Forcing_Based/1_ERF_FaIR/FaIR_anthro_method.py
Methods/43_Forcing_Based/1_ERF_FaIR/FaIR_anthro_unB_method.py
Methods/43_Forcing_Based/1_ERF_FaIR/FaIR_comb_unB_method.py
Methods/43_Forcing_Based/1_ERF_FaIR/FaIR_nonat_method.py
Methods/43_Forcing_Based/1_ERF_FaIR/FaIR_nonat_unB_method.py
evaluating 13 of 0.1°C thresholds, starting at 1.1°C
11
FaIR_anthro sampled, d llike: -0.13896029963184264
FaIR_anthro sampled, d llike: -62.569780691981414
FaIR_anthro_unB sampled, d llike: 0.011611921510611412
FaIR_anthro_unB sampled, d llike: -10.483822665373285
FaIR_nonat sampled, d llike: 0.04348576019145063
FaIR_nonat sampled, d llike: 0.19568108237870147
FaIR_nonat_unB sampled, d llike: 0.0007718876580720124
FaIR_nonat_unB sampled, d llike: -0.012166815121436358
FaIR_all sampled, d llike: -13651.781039005165
FaIR_all sampled, d llike: 0.14280546953784112
FaIR_all_unB sampled, d llike: -0.02229196294188296
FaIR_all_unB sampled, d llike: -0.03196239198708728
FaIR_comb_unB sampled, d llike: -0.013013951567448556
FaIR_comb_unB sampled, d llike: 0.05320974744588147
        method_name    method_class c/r  smooth_r  avg_unc.(1se)  #q<0.5  #q<0.1    log-likeli       RMS      bias        tlog-l      100log-l    100RMS     75RMS   100bias       l15        l20    bias50   Edyrs15    Edyrs20   Mdyrs15    Mdyrs20   Fdyrs15    Fdyrs20     EdyrsA    RMSyrsA  ncEdyrs     e100log-l   e100RMS    e75RMS  e100bias       el15      el20   ebias50  eEdyrs15   eEdyrs20  eMdyrs15   eMdyrs20  eFdyrs15   eFdyrs20    eEdyrsA   eRMSyrsA  nceEdyrs
8         offset11y  42/1_Run_Means   c     2.769       0.031726     173     114     -1.295406  0.084178  0.064925 -2.979435e+02  1.378489e+02  0.041235  0.047246  0.020465  7.838758  10.391928  0.045331  1.166667   0.333333  1.166667   0.333333  1.166667   0.333333  -1.692308   3.979783       13  8.556375e+01  0.054121  0.058907  0.035207  12.657591  5.152989  0.058355 -0.166667  -1.750000 -0.166667  -1.750000 -0.166667  -1.750000  -2.929487   2.929487        13
21    FaIR_comb_unB   43/1_ERF_FaIR   c     3.221       0.081516       0       0      1.303789  0.058692 -0.026142  2.033911e+02  1.303152e+02  0.026606  0.022722 -0.000613  4.611644   3.811482 -0.009427 -0.916667   2.000000 -0.916667   2.000000 -0.916667   2.000000  -0.041667   1.248985       14  1.274621e+02  0.037636  0.035000  0.014129   4.045370  3.982182  0.003596 -2.250000  -0.083333 -2.250000  -0.083333 -2.250000  -0.083333  -1.278846   1.278846        14
15   FaIR_nonat_unB   43/1_ERF_FaIR   c     3.165       0.092974       0       0      1.084203  0.078637 -0.041222  1.734725e+02  1.197028e+02  0.027860  0.024991 -0.001476  4.104913   3.287150 -0.012287 -0.916667   2.833333 -0.916667   2.833333 -0.916667   2.833333  -0.006410   1.485507       13  1.173180e+02  0.038689  0.034527  0.013266   3.412091  3.768089  0.000736 -2.250000   0.750000 -2.250000   0.750000 -2.250000   0.750000  -1.243590   1.243590        13
19     FaIR_all_unB   43/1_ERF_FaIR   c     4.155       0.094032       0       0      1.183929  0.062026 -0.011824  1.894286e+02  1.164711e+02  0.031850  0.026691 -0.000234  3.996530   3.504549 -0.014137 -0.500000   0.750000 -0.500000   0.750000 -0.500000   0.750000   0.349359   2.181930       15  1.137783e+02  0.043200  0.040952  0.014508   3.403822  3.482518 -0.001114 -1.833333  -1.333333 -1.833333  -1.333333 -1.833333  -1.333333  -0.887821   0.887821        15
11  FaIR_anthro_unB   43/1_ERF_FaIR   c     2.243       0.097635      47       0      0.673070  0.101268 -0.057463  1.076912e+02  1.130362e+02  0.028612  0.027840  0.002282  3.390100   3.513371 -0.013573 -1.250000   2.333333 -1.250000   2.333333 -1.250000   2.333333  -0.147436   1.514707       13  1.092109e+02  0.042679  0.039343  0.017024   3.156189  3.311858 -0.000550 -2.583333   0.250000 -2.583333   0.250000 -2.583333   0.250000  -1.384615   1.384615        13
2             raw1y  42/1_Run_Means   c    33.268       0.104533       0       0      0.920244  0.094121 -0.000782  2.116561e+02  8.751650e+01  0.091305  0.095969  0.001417  1.892802   3.608774 -0.002493  0.833333  -1.555556  0.833333  -8.416667  0.833333  -8.416667  -0.441926   2.007410       40  8.258013e+01  0.096677  0.100391  0.016159   1.396864  4.059674  0.010530 -0.500000  -3.638889 -0.500000 -10.500000 -0.500000 -10.500000  -1.679106   1.679106        40
1             lag5y  42/1_Run_Means   c     6.046       0.038286     112      41      0.576218  0.059149 -0.017965  1.325300e+02  6.884075e+01  0.053949  0.054718 -0.033471  0.000031   0.000426 -0.022261  3.166667   3.666667  3.166667   3.666667  3.166667   3.666667   2.166667   2.876509       18  7.728249e+01  0.052822  0.047676 -0.018730   2.751742  3.720533 -0.009238  1.833333   1.583333  1.833333   1.583333  1.833333   1.583333   0.929487   0.929487        18
9       FaIR_anthro   43/1_ERF_FaIR   c     2.253       0.097631     138      27     -1.209878  0.183569 -0.163536 -1.935805e+02  6.541081e+01  0.107640  0.107672 -0.103790  2.647880   1.414500 -0.119650  4.750000   8.416667  4.750000   8.416667  4.750000   8.416667   6.506410   7.489130       13  7.213029e+01  0.097275  0.090675 -0.089048   3.005090  1.965161 -0.106627  3.416667   6.333333  3.416667   6.333333  3.416667   6.333333   5.269231   5.269231        13
13       FaIR_nonat   43/1_ERF_FaIR   c     3.128       0.116128     139       0      0.037351  0.174362 -0.159731  5.976087e+00  6.073608e+01  0.118365  0.116925 -0.115045  2.475661   1.560359 -0.125879  5.166667   8.166667  5.166667   8.166667  5.166667   8.166667   7.214744   8.116876       14  6.718562e+01  0.106688  0.099012 -0.100303   2.788163  1.909265 -0.112856  3.833333   6.083333  3.833333   6.083333  3.833333   6.083333   5.977564   5.977564        14
0            lag10y  42/1_Run_Means   c     3.069       0.032471     146      73      0.138514  0.065178 -0.040502  3.185818e+01 -1.504263e+02  0.087273  0.078558 -0.080246  0.000140   0.015813 -0.057473  5.833333   5.166667  5.833333   5.166667  5.833333   5.166667   4.102564   4.220676       14 -6.733550e+01  0.077397  0.059683 -0.065504   0.165909  0.133191 -0.044450  4.500000   3.083333  4.500000   3.083333  4.500000   3.083333   2.865385   2.865385        14
17         FaIR_all   43/1_ERF_FaIR   c     4.167       0.005586     160     160 -14883.805182  0.198450 -0.184811 -2.381409e+06 -1.217099e+06  0.187367  0.186726 -0.184642  0.000000   0.000000 -0.198524  8.000000  13.416667  8.000000  13.416667  8.000000  13.416667  12.301282  14.036563       12 -1.070217e+06  0.174702  0.169191 -0.169900   0.000000  0.000000 -0.185501  6.666667  11.333333  6.666667  11.333333  6.666667  11.333333  11.195513  11.195513        13
4.948863852000001
finished this run
starting computation for fut_NorESM_RCP45_Volc
max_runs25
Model number:
24




Methods/42_Temp_Alone/1_Run_Means/cent10y_method.py
Methods/42_Temp_Alone/1_Run_Means/cent20y_method.py
Methods/42_Temp_Alone/1_Run_Means/cent21y_method.py
Methods/42_Temp_Alone/1_Run_Means/cent30y_method.py
Methods/42_Temp_Alone/1_Run_Means/lag10y_method.py
Methods/42_Temp_Alone/1_Run_Means/lag5y_method.py
Methods/42_Temp_Alone/1_Run_Means/offset11y_method.py
Methods/42_Temp_Alone/1_Run_Means/raw1y_method.py
Methods/43_Forcing_Based/1_ERF_FaIR/FaIR_all_method.py
Methods/43_Forcing_Based/1_ERF_FaIR/FaIR_all_unB_method.py
Methods/43_Forcing_Based/1_ERF_FaIR/FaIR_anthro_method.py
Methods/43_Forcing_Based/1_ERF_FaIR/FaIR_anthro_unB_method.py
Methods/43_Forcing_Based/1_ERF_FaIR/FaIR_comb_unB_method.py
Methods/43_Forcing_Based/1_ERF_FaIR/FaIR_nonat_method.py
Methods/43_Forcing_Based/1_ERF_FaIR/FaIR_nonat_unB_method.py
evaluating 14 of 0.1°C thresholds, starting at 1.1°C
11
FaIR_anthro sampled, d llike: -0.41036931182945224
FaIR_anthro sampled, d llike: -62.0736689279193
FaIR_anthro_unB sampled, d llike: 0.03887988278014243
FaIR_anthro_unB sampled, d llike: -9.77978234289262
FaIR_nonat sampled, d llike: 0.060463235458469516
FaIR_nonat sampled, d llike: 0.1956608515400009
FaIR_nonat_unB sampled, d llike: 0.009502359325788357
FaIR_nonat_unB sampled, d llike: -0.015579703744100892
FaIR_all sampled, d llike: -12515.890938316219
FaIR_all sampled, d llike: 0.15230106038069946
FaIR_all_unB sampled, d llike: -0.025504472031407044
FaIR_all_unB sampled, d llike: -0.05152372560648022
FaIR_comb_unB sampled, d llike: -0.0013562537911091521
FaIR_comb_unB sampled, d llike: 0.045287304866483996
        method_name    method_class c/r  smooth_r  avg_unc.(1se)  #q<0.5  #q<0.1    log-likeli       RMS      bias        tlog-l      100log-l    100RMS     75RMS   100bias        l15           l20    bias50   Edyrs15   Edyrs20   Mdyrs15   Mdyrs20   Fdyrs15   Fdyrs20    EdyrsA    RMSyrsA  ncEdyrs      e100log-l   e100RMS    e75RMS  e100bias      el15      el20   ebias50  eEdyrs15  eEdyrs20   eMdyrs15  eMdyrs20   eFdyrs15  eFdyrs20   eEdyrsA  eRMSyrsA  nceEdyrs
21    FaIR_comb_unB   43/1_ERF_FaIR   c     3.823       0.080842       0       0      1.213893  0.071335 -0.028942  1.893673e+02  1.127503e+02  0.062326  0.065135 -0.007072   3.467170  4.040877e+00 -0.040309 -1.416667  1.583333 -1.416667  1.583333 -1.416667  1.583333  0.148810   3.728975     14.0      68.123202  0.112176  0.126475  0.088016  0.633293  3.306828  0.080971 -7.500000 -2.250000  -7.500000 -2.250000  -7.500000 -2.250000 -5.737179  5.737179      13.0
8         offset11y  42/1_Run_Means   c     2.895       0.031252     197     111     -1.427995  0.084516  0.062050 -3.284390e+02  1.073549e+02  0.042969  0.046455  0.013094  11.842755  6.546260e-01  0.029512 -0.666667  2.250000 -0.666667  2.250000 -0.666667  2.250000 -0.660714   2.168840     14.0    -902.096698  0.134017  0.152059  0.108182  0.000002  2.904776  0.150792 -6.750000 -1.583333  -6.750000 -1.583333  -6.750000 -1.583333 -5.878205  5.878205      13.0
15   FaIR_nonat_unB   43/1_ERF_FaIR   c     3.869       0.091831       0       0      0.993496  0.090481 -0.053329  1.589594e+02  1.033083e+02  0.067899  0.070099 -0.024616   3.645700  3.159794e+00 -0.063625 -0.833333  2.833333 -0.833333  2.833333 -0.833333  2.833333  1.107143   3.806584     14.0      82.650782  0.098622  0.109631  0.070472  0.964369  3.454881  0.057655 -6.916667 -1.000000  -6.916667 -1.000000  -6.916667 -1.000000 -4.730769  4.730769      13.0
19     FaIR_all_unB   43/1_ERF_FaIR   c     5.360       0.094587       0       0      1.114644  0.074001  0.002053  1.783431e+02  1.022878e+02  0.066631  0.073582  0.022891   2.405771  3.513575e+00 -0.009323 -3.583333 -0.500000 -3.583333 -0.500000 -3.583333 -0.500000 -1.467262   3.952737     16.0      49.341695  0.138786  0.155203  0.117979  0.488677  2.522598  0.111956 -9.666667 -4.333333  -9.666667 -4.333333  -9.666667 -4.333333 -7.368590  7.368590      14.0
11  FaIR_anthro_unB   43/1_ERF_FaIR   c     2.958       0.096614      45       0      0.631592  0.110484 -0.072070  1.010547e+02  9.789439e+01  0.068794  0.070654 -0.025870   3.473458  3.376404e+00 -0.064670 -0.750000  2.500000 -0.750000  2.500000 -0.750000  2.500000  1.220238   3.819787     14.0      85.416996  0.097154  0.108120  0.069218  1.256622  3.195565  0.056610 -6.833333 -1.333333  -6.833333 -1.333333  -6.833333 -1.333333 -4.621795  4.621795      13.0
2             raw1y  42/1_Run_Means   c    35.937       0.102388       0       0      0.948793  0.091586  0.000402  2.182224e+02  9.386097e+01  0.084438  0.089411  0.004419   4.193625  2.091176e+00  0.002642  0.500000  1.250000  5.083333  1.250000 -4.500000  1.250000 -0.038194   1.315516     36.3      25.882859  0.142825  0.150848  0.099506  2.020473  0.184772  0.123922 -5.583333 -2.583333 -10.583333 -2.583333 -10.583333 -2.583333 -5.487714  5.487714      33.3
13       FaIR_nonat   43/1_ERF_FaIR   c     3.915       0.114674     135       0     -0.108994  0.187566 -0.171912 -1.743910e+01  3.844477e+01  0.152030  0.147281 -0.138232   2.579070  1.256335e+00 -0.177244  2.750000  9.166667  2.750000  9.166667  2.750000  9.166667  7.038690   7.995604     15.0      80.727750  0.081366  0.060268 -0.043144  2.328835  2.474984 -0.055964 -3.333333  5.333333  -3.333333  5.333333  -3.333333  5.333333  1.080128  1.080128      14.0
9       FaIR_anthro   43/1_ERF_FaIR   c     3.017       0.096630     137      28     -1.676242  0.196873 -0.178153 -2.681988e+02  3.192469e+01  0.146535  0.141545 -0.131931   2.562951  1.149520e+00 -0.170749  2.833333  9.083333  2.833333  9.083333  2.833333  9.083333  6.857143   7.863228     14.0      85.471043  0.077511  0.056936 -0.036843  2.546337  2.989041 -0.049470 -3.250000  5.250000  -3.250000  5.250000  -3.250000  5.250000  0.833333  0.833333      13.0
1             lag5y  42/1_Run_Means   c     6.711       0.037672     115      38      0.395431  0.059614 -0.018713  9.094922e+01  2.715038e+01  0.055271  0.054143 -0.035407  16.847388  8.492528e-10 -0.030232  1.666667  2.750000  1.666667  2.750000  1.666667  2.750000  1.815476   2.686404     14.0    -296.464632  0.097792  0.106005  0.059680  1.608359  1.929480  0.091047 -4.416667 -1.083333  -4.416667 -1.083333  -4.416667 -1.083333 -3.769231  3.769231      13.0
0            lag10y  42/1_Run_Means   c     3.346       0.031934     150      87     -0.227722  0.069446 -0.043057 -5.237608e+01 -2.350161e+02  0.095343  0.080231 -0.086798   0.153133  1.153319e-14 -0.071628  2.750000  5.416667  2.750000  5.416667  2.750000  5.416667  4.202381   4.404971     14.0    -148.389865  0.079310  0.071595  0.008290  8.564847  6.108697  0.049652 -3.333333  1.583333  -3.333333  1.583333  -3.333333  1.583333 -1.435897  1.435897      13.0
17         FaIR_all   43/1_ERF_FaIR   c     5.319       0.005589     160     160 -13637.851319  0.189382 -0.170818 -2.182056e+06 -1.044077e+06  0.173246  0.162364 -0.161547   0.000000  0.000000e+00 -0.193750  4.333333  8.833333  4.333333  8.833333  4.333333  8.833333  9.035714  10.878751     13.0 -389406.002614  0.098797  0.064711 -0.066459  0.000000  0.000000 -0.072470 -1.750000  5.000000  -1.750000  5.000000  -1.750000  5.000000  2.262821  2.262821      13.0
5.007634183
finished this run
/oscar/data/deeps/private/bfoxkemp/jnickla1/Thorne_15_codefigurestats/Methods/43_Forcing_Based/1_ERF_FaIR/FaIR_all_method.py:68: RuntimeWarning: Mean of empty slice
  return np.nanmean(samp_cur[year_idx-1850, :], axis = 1)
/users/jnickla1/.conda/envs/cleanpy/lib/python3.13/site-packages/numpy/lib/_nanfunctions_impl.py:2019: RuntimeWarning: Degrees of freedom <= 0 for slice.
  var = nanvar(a, axis=axis, dtype=dtype, out=out, ddof=ddof,
/oscar/data/deeps/private/bfoxkemp/jnickla1/Thorne_15_codefigurestats/Methods/43_Forcing_Based/1_ERF_FaIR/FaIR_all_method.py:96: RuntimeWarning: Mean of empty slice
  cdist = np.nanmean(dist)
starting computation for fut_ESM1-2-LR_SSP126_constVolc
max_runs25
Model number:
24




Methods/42_Temp_Alone/1_Run_Means/cent10y_method.py
Methods/42_Temp_Alone/1_Run_Means/cent20y_method.py
Methods/42_Temp_Alone/1_Run_Means/cent21y_method.py
Methods/42_Temp_Alone/1_Run_Means/cent30y_method.py
Methods/42_Temp_Alone/1_Run_Means/lag10y_method.py
Methods/42_Temp_Alone/1_Run_Means/lag5y_method.py
Methods/42_Temp_Alone/1_Run_Means/offset11y_method.py
Methods/42_Temp_Alone/1_Run_Means/raw1y_method.py
Methods/43_Forcing_Based/1_ERF_FaIR/FaIR_all_method.py
Methods/43_Forcing_Based/1_ERF_FaIR/FaIR_all_unB_method.py
Methods/43_Forcing_Based/1_ERF_FaIR/FaIR_anthro_method.py
Methods/43_Forcing_Based/1_ERF_FaIR/FaIR_anthro_unB_method.py
Methods/43_Forcing_Based/1_ERF_FaIR/FaIR_comb_unB_method.py
Methods/43_Forcing_Based/1_ERF_FaIR/FaIR_nonat_method.py
Methods/43_Forcing_Based/1_ERF_FaIR/FaIR_nonat_unB_method.py
evaluating 6 of 0.1°C thresholds, starting at 1.1°C
11
FaIR_anthro sampled, d llike: 0.0020595840454789016
FaIR_anthro sampled, d llike: -2.7726178789870297
FaIR_anthro_unB sampled, d llike: 0.012869545600179721
FaIR_anthro_unB sampled, d llike: -3.5885874506648054
FaIR_nonat sampled, d llike: -0.0382187198640318
FaIR_nonat sampled, d llike: -0.04647186612205756
FaIR_nonat_unB sampled, d llike: -0.03260368788206991
FaIR_nonat_unB sampled, d llike: -0.042417532879924114
FaIR_all sampled, d llike: -1968.7919382791827
FaIR_all sampled, d llike: -0.051350885341115315
FaIR_all_unB sampled, d llike: -0.026821504325856393
FaIR_all_unB sampled, d llike: -0.03227324844718826
FaIR_comb_unB sampled, d llike: -0.028236190256045735
FaIR_comb_unB sampled, d llike: 0.11537721204857984
        method_name    method_class c/r  smooth_r  avg_unc.(1se)  #q<0.5  #q<0.1   log-likeli       RMS      bias         tlog-l       100log-l    100RMS     75RMS   100bias       l15  l20    bias50    Edyrs15  Edyrs20    Mdyrs15  Mdyrs20    Fdyrs15  Fdyrs20    EdyrsA   RMSyrsA  ncEdyrs      e100log-l   e100RMS    e75RMS  e100bias           el15  el20   ebias50   eEdyrs15  eEdyrs20   eMdyrs15  eMdyrs20   eFdyrs15  eFdyrs20   eEdyrsA  eRMSyrsA  nceEdyrs
1             lag5y  42/1_Run_Means   c     6.257       0.049061      67      31     0.574529  0.067568 -0.013890     132.716130     123.118120  0.048056  0.050297 -0.009174  1.907360  0.0  0.006968  -0.750000       -1  -0.750000       -1  -0.750000       -1  1.974537  2.655582     11.0      43.758989  0.068497  0.074620  0.027784   2.286223e+00   0.0  0.070503   0.666667        -1   0.666667        -1   0.666667        -1  0.127315  0.127315      11.0
21    FaIR_comb_unB   43/1_ERF_FaIR   c     1.867       0.068613       0       0     1.365168  0.059157 -0.006784     214.331301     122.630115  0.061601  0.059965  0.013282  4.779318  0.0 -0.038212  -6.125000       -1  -8.166667       -1  -8.166667       -1 -3.055556  6.174498      8.2     121.438464  0.063659  0.053492  0.050240   4.910334e+00   0.0  0.025323  -4.708333        -1  -6.750000        -1  -6.750000        -1 -4.902778  4.902778       8.2
15   FaIR_nonat_unB   43/1_ERF_FaIR   c     1.907       0.077858       0       0     1.282397  0.062513 -0.009049     206.465902     118.468435  0.061599  0.060043  0.010521  4.405240  0.0 -0.039803  -5.958333       -1  -8.166667       -1  -8.166667       -1 -2.784722  5.822137      7.2     118.978906  0.061786  0.052121  0.047479   4.443978e+00   0.0  0.023732  -4.541667        -1  -6.750000        -1  -6.750000        -1 -4.631944  4.631944       7.2
11  FaIR_anthro_unB   43/1_ERF_FaIR   c     1.615       0.081105       0       0     0.985923  0.081250 -0.029474     158.733681     116.359057  0.063343  0.063270  0.007458  3.963500  0.0 -0.045323  -5.875000       -1  -7.916667       -1  -7.916667       -1 -2.722222  5.905947      8.2     119.324193  0.060119  0.051470  0.044416   3.811824e+00   0.0  0.018211  -4.458333        -1  -6.500000        -1  -6.500000        -1 -4.569444  4.569444       8.2
9       FaIR_anthro   43/1_ERF_FaIR   c     1.619       0.081093       0       0     1.030442  0.078814 -0.021974     165.901130     116.161721  0.064664  0.063493  0.014936  3.954182  0.0 -0.037846  -6.375000       -1  -8.416667       -1  -8.416667       -1 -3.166667  6.235400      8.2     115.208633  0.065843  0.057058  0.051894   3.746255e+00   0.0  0.025688  -4.958333        -1  -7.000000        -1  -7.000000        -1 -5.013889  5.013889       8.2
19     FaIR_all_unB   43/1_ERF_FaIR   c     2.980       0.080610       0       0     1.181568  0.072032 -0.002807     190.232389     108.035430  0.072642  0.065434  0.019467  4.346657  0.0 -0.045961  -5.958333       -1  -8.750000       -1  -8.750000       -1 -3.402778  7.224132      9.2     108.601745  0.075280  0.054084  0.056425   4.172801e+00   0.0  0.017574  -4.541667        -1  -7.333333        -1  -7.333333        -1 -5.250000  5.250000       9.2
13       FaIR_nonat   43/1_ERF_FaIR   c     1.966       0.097220       0       0     1.159152  0.063896 -0.006164     186.623400     107.321793  0.062664  0.060232  0.015782  3.535429  0.0 -0.034513  -6.208333       -1  -8.333333       -1  -8.333333       -1 -3.201389  6.214925      8.2     105.468170  0.065885  0.056123  0.052740   3.542926e+00   0.0  0.029022  -4.791667        -1  -6.916667        -1  -6.916667        -1 -5.048611  5.048611       8.2
0            lag10y  42/1_Run_Means   c     2.994       0.039510     107      39     0.803477  0.063741 -0.031785     185.603159      85.435191  0.064105  0.045405 -0.039290  6.206594  0.0  0.001007   3.333333       -1   3.333333       -1   3.333333       -1  4.763889  5.014678      6.0       0.975082  0.075022  0.072632 -0.002333   3.502565e-01   0.0  0.064542   4.750000        -1   4.750000        -1   4.750000        -1  2.916667  2.916667       6.0
2             raw1y  42/1_Run_Means   c    31.215       0.131649       0       0     0.668167  0.122785 -0.000011     154.346508      67.234503  0.114817  0.114887  0.010581  0.425148  0.0  0.001818   2.444444       -1  17.916667       -1 -10.916667       -1  2.390046  3.516785     33.6      60.351342  0.124659  0.124505  0.047539   2.877359e+00   0.0  0.065353   3.861111        -1  19.333333        -1  -9.500000        -1  0.948302  0.948302      34.6
8         offset11y  42/1_Run_Means   c     2.693       0.038329     199     113    -0.877894  0.093240  0.074549    -202.793617    -106.083431  0.084664  0.093502  0.064983  3.044425  0.0  0.110172  -4.333333       -1  -4.333333       -1  -4.333333       -1 -3.604167  3.829746      7.0    -517.588121  0.128482  0.142765  0.101941   9.100456e+00   0.0  0.173707  -2.916667        -1  -2.916667        -1  -2.916667        -1 -5.451389  5.451389       7.0
17         FaIR_all   43/1_ERF_FaIR   c     2.686       0.005570     151     139 -2152.580128  0.076440  0.026936 -346565.400575 -276262.336733  0.087770  0.072660  0.052941  0.000000  0.0 -0.012508 -12.000000       -1 -12.000000       -1 -12.000000       -1 -7.541667  8.965275      7.0 -380145.258251  0.102793  0.080713  0.089899  5.591172e-250   0.0  0.051027 -10.583333        -1 -10.583333        -1 -10.583333        -1 -9.388889  9.388889       7.0
5.108149434
finished this run
/oscar/data/deeps/private/bfoxkemp/jnickla1/Thorne_15_codefigurestats/Methods/43_Forcing_Based/1_ERF_FaIR/FaIR_comb_unB_method.py:152: RuntimeWarning: Mean of empty slice
  return np.nanmean(samp_cur[year_idx-1850, :], axis = 1)
/users/jnickla1/.conda/envs/cleanpy/lib/python3.13/site-packages/numpy/lib/_nanfunctions_impl.py:2019: RuntimeWarning: Degrees of freedom <= 0 for slice.
  var = nanvar(a, axis=axis, dtype=dtype, out=out, ddof=ddof,
/oscar/data/deeps/private/bfoxkemp/jnickla1/Thorne_15_codefigurestats/Methods/43_Forcing_Based/1_ERF_FaIR/FaIR_comb_unB_method.py:180: RuntimeWarning: Mean of empty slice
  cdist = np.nanmean(dist)
starting computation for fut_ESM1-2-LR_SSP245_constVolc
max_runs25
Model number:
24




Methods/42_Temp_Alone/1_Run_Means/cent10y_method.py
Methods/42_Temp_Alone/1_Run_Means/cent20y_method.py
Methods/42_Temp_Alone/1_Run_Means/cent21y_method.py
Methods/42_Temp_Alone/1_Run_Means/cent30y_method.py
Methods/42_Temp_Alone/1_Run_Means/lag10y_method.py
Methods/42_Temp_Alone/1_Run_Means/lag5y_method.py
Methods/42_Temp_Alone/1_Run_Means/offset11y_method.py
Methods/42_Temp_Alone/1_Run_Means/raw1y_method.py
Methods/43_Forcing_Based/1_ERF_FaIR/FaIR_all_method.py
Methods/43_Forcing_Based/1_ERF_FaIR/FaIR_all_unB_method.py
Methods/43_Forcing_Based/1_ERF_FaIR/FaIR_anthro_method.py
Methods/43_Forcing_Based/1_ERF_FaIR/FaIR_anthro_unB_method.py
Methods/43_Forcing_Based/1_ERF_FaIR/FaIR_comb_unB_method.py
Methods/43_Forcing_Based/1_ERF_FaIR/FaIR_nonat_method.py
Methods/43_Forcing_Based/1_ERF_FaIR/FaIR_nonat_unB_method.py
evaluating 14 of 0.1°C thresholds, starting at 1.1°C
11
FaIR_anthro sampled, d llike: -0.03336679627722239
FaIR_anthro sampled, d llike: -2.9631005133840222
FaIR_anthro_unB sampled, d llike: -0.025920037592883416
FaIR_anthro_unB sampled, d llike: -3.031591100754902
FaIR_nonat sampled, d llike: -0.06412147795416345
FaIR_nonat sampled, d llike: -0.04708141453155301
FaIR_nonat_unB sampled, d llike: -0.049681870745599044
FaIR_nonat_unB sampled, d llike: -0.04962119423115663
FaIR_all sampled, d llike: -1419.269551543978
FaIR_all sampled, d llike: -0.04715557398870329
FaIR_all_unB sampled, d llike: -0.02144823451571365
FaIR_all_unB sampled, d llike: -0.036975652262209335
FaIR_comb_unB sampled, d llike: -0.041128718623783644
FaIR_comb_unB sampled, d llike: -0.01207910981857245
        method_name    method_class c/r  smooth_r  avg_unc.(1se)  #q<0.5  #q<0.1   log-likeli       RMS      bias         tlog-l       100log-l    100RMS     75RMS   100bias        l15        l20    bias50   Edyrs15   Edyrs20   Mdyrs15   Mdyrs20   Fdyrs15   Fdyrs20    EdyrsA   RMSyrsA  ncEdyrs      e100log-l   e100RMS    e75RMS  e100bias       el15       el20   ebias50  eEdyrs15  eEdyrs20  eMdyrs15  eMdyrs20  eFdyrs15  eFdyrs20   eEdyrsA  eRMSyrsA  nceEdyrs
8         offset11y  42/1_Run_Means   c     2.920       0.038658     160      75     0.221008  0.081200  0.055610      51.052830     147.763016  0.042857  0.039357  0.016909  12.225562   8.156148  0.038504  0.416667 -1.000000  0.416667 -1.000000  0.416667 -1.000000 -1.672619  2.996277     14.0      45.957960  0.064010  0.060591  0.042133  10.812585   0.020040  0.072052  0.750000 -4.500000  0.750000 -4.500000  0.750000 -4.500000 -2.982143  2.982143      14.0
1             lag5y  42/1_Run_Means   c     6.025       0.048199      82      28     0.617906  0.068610 -0.023423     142.736231     133.138221  0.051669  0.051300 -0.033372   0.176767   9.297040 -0.024935  4.250000 -0.833333  4.250000 -0.833333  4.250000 -0.833333  1.342262  2.091087     17.0     123.210185  0.051441  0.050266 -0.008147   1.803192  10.318199  0.008613  4.583333 -4.333333  4.583333 -4.333333  4.583333 -4.333333  0.032738  0.032738      17.0
21    FaIR_comb_unB   43/1_ERF_FaIR   c     2.140       0.070397       0       0     1.425617  0.051055 -0.007385     223.821926     131.340511  0.049250  0.046441  0.009572   4.049310   4.699525 -0.024414 -3.250000  2.500000 -3.250000  2.500000 -3.250000  2.500000 -0.511905  2.786732     14.0     128.156961  0.050008  0.035140  0.034797   4.488728   4.245284  0.009134 -2.916667 -1.000000 -2.916667 -1.000000 -2.916667 -1.000000 -1.821429  1.821429      14.0
15   FaIR_nonat_unB   43/1_ERF_FaIR   c     2.242       0.079853       0       0     1.317660  0.054769 -0.011031     212.143205     125.639689  0.046340  0.044095  0.007180   3.918353   4.137400 -0.022485 -3.083333  2.333333 -3.083333  2.333333 -3.083333  2.333333 -0.404762  2.594637     14.0     123.554244  0.046335  0.034043  0.032404   4.169339   3.497864  0.011064 -2.750000 -1.166667 -2.750000 -1.166667 -2.750000 -1.166667 -1.714286  1.714286      14.0
11  FaIR_anthro_unB   43/1_ERF_FaIR   c     1.695       0.084111       0       0     1.023094  0.073757 -0.028600     164.718069     119.467797  0.048410  0.047042  0.006521   3.512632   3.438933 -0.024301 -3.416667  2.166667 -3.416667  2.166667 -3.416667  2.166667 -0.410714  2.783615     14.0     119.167671  0.047109  0.036045  0.031745   3.666859   3.999088  0.009248 -3.083333 -1.333333 -3.083333 -1.333333 -3.083333 -1.333333 -1.720238  1.720238      14.0
9       FaIR_anthro   43/1_ERF_FaIR   c     1.673       0.084065       0       0     1.041876  0.072287 -0.024508     167.742019     119.004335  0.049105  0.046939  0.010670   3.410148   3.461566 -0.020105 -3.583333  2.000000 -3.583333  2.000000 -3.583333  2.000000 -0.648810  2.819381     14.0     117.700259  0.049997  0.038668  0.035894   3.692965   3.929907  0.013444 -3.250000 -1.500000 -3.250000 -1.500000 -3.250000 -1.500000 -1.958333  1.958333      14.0
19     FaIR_all_unB   43/1_ERF_FaIR   c     3.478       0.082480       0       0     1.240420  0.064940 -0.006282     199.707609     116.451612  0.058268  0.049125  0.015103   3.494247   4.271479 -0.029671 -3.333333  2.250000 -3.333333  2.250000 -3.333333  2.250000 -0.720238  3.346625     14.0     112.264261  0.061891  0.037899  0.040328   3.841896   3.588428  0.003877 -3.000000 -1.250000 -3.000000 -1.250000 -3.000000 -1.250000 -2.029762  2.029762      14.0
13       FaIR_nonat   43/1_ERF_FaIR   c     2.283       0.099703       0       0     1.159987  0.056169 -0.007891     186.757891     108.817035  0.047529  0.044192  0.012668   3.202841   3.268154 -0.017029 -3.666667  2.166667 -3.666667  2.166667 -3.666667  2.166667 -0.636905  2.719802     14.0     106.419895  0.050334  0.037821  0.037892   3.317205   2.835919  0.016520 -3.333333 -1.333333 -3.333333 -1.333333 -3.333333 -1.333333 -1.946429  1.946429      14.0
2             raw1y  42/1_Run_Means   c    32.195       0.129479       0       0     0.692536  0.119929 -0.001351     159.975872      72.794305  0.106880  0.103551  0.007180   3.234865   2.805041  0.004083 -0.027778 -0.291667 -5.083333 -2.750000 -5.083333 -2.750000 -0.749603  1.614958     44.3      66.628379  0.116011  0.112140  0.032404   1.342093   1.840883  0.037632  0.305556 -3.791667  5.000000 -6.250000 -4.750000 -6.250000 -2.059127  2.059127      44.3
0            lag10y  42/1_Run_Means   c     3.153       0.039652     159      85     0.199192  0.075886 -0.049124      46.013445     -54.154523  0.091727  0.087360 -0.083306   0.050401   2.843426 -0.063675  6.083333  3.666667  6.083333  3.666667  6.083333  3.666667  4.205357  4.275614     15.0      34.768717  0.075744  0.070826 -0.058082   0.027774  12.693197 -0.030127  6.416667  0.166667  6.416667  0.166667  6.416667  0.166667  2.895833  2.895833      15.0
17         FaIR_all   43/1_ERF_FaIR   c     3.175       0.005574     151     129 -1567.116435  0.068878  0.025563 -252305.746073 -182285.334119  0.075610  0.057506  0.050519   0.000000  32.723040  0.005769 -5.416667  0.583333 -5.416667  0.583333 -5.416667  0.583333 -2.875000  4.439128     14.0 -261025.836413  0.089103  0.063546  0.075743   0.000000   0.000000  0.039318 -5.083333 -2.916667 -5.083333 -2.916667 -5.083333 -2.916667 -4.184524  4.184524      14.0
5.684498739
finished this run
/oscar/data/deeps/private/bfoxkemp/jnickla1/Thorne_15_codefigurestats/Methods/43_Forcing_Based/1_ERF_FaIR/FaIR_all_unB_method.py:90: RuntimeWarning: Mean of empty slice
  return np.nanmean(samp_cur[year_idx-1850, :], axis = 1)
/users/jnickla1/.conda/envs/cleanpy/lib/python3.13/site-packages/numpy/lib/_nanfunctions_impl.py:2019: RuntimeWarning: Degrees of freedom <= 0 for slice.
  var = nanvar(a, axis=axis, dtype=dtype, out=out, ddof=ddof,
/oscar/data/deeps/private/bfoxkemp/jnickla1/Thorne_15_codefigurestats/Methods/43_Forcing_Based/1_ERF_FaIR/FaIR_all_unB_method.py:118: RuntimeWarning: Mean of empty slice
  cdist = np.nanmean(dist)
/oscar/data/deeps/private/bfoxkemp/jnickla1/Thorne_15_codefigurestats/Methods/43_Forcing_Based/1_ERF_FaIR/FaIR_comb_unB_method.py:152: RuntimeWarning: Mean of empty slice
  return np.nanmean(samp_cur[year_idx-1850, :], axis = 1)
/users/jnickla1/.conda/envs/cleanpy/lib/python3.13/site-packages/numpy/lib/_nanfunctions_impl.py:2019: RuntimeWarning: Degrees of freedom <= 0 for slice.
  var = nanvar(a, axis=axis, dtype=dtype, out=out, ddof=ddof,
/oscar/data/deeps/private/bfoxkemp/jnickla1/Thorne_15_codefigurestats/Methods/43_Forcing_Based/1_ERF_FaIR/FaIR_comb_unB_method.py:180: RuntimeWarning: Mean of empty slice
  cdist = np.nanmean(dist)
starting computation for fut_ESM1-2-LR_SSP370_constVolc
max_runs25
Model number:
24




Methods/42_Temp_Alone/1_Run_Means/cent10y_method.py
Methods/42_Temp_Alone/1_Run_Means/cent20y_method.py
Methods/42_Temp_Alone/1_Run_Means/cent21y_method.py
Methods/42_Temp_Alone/1_Run_Means/cent30y_method.py
Methods/42_Temp_Alone/1_Run_Means/lag10y_method.py
Methods/42_Temp_Alone/1_Run_Means/lag5y_method.py
Methods/42_Temp_Alone/1_Run_Means/offset11y_method.py
Methods/42_Temp_Alone/1_Run_Means/raw1y_method.py
Methods/43_Forcing_Based/1_ERF_FaIR/FaIR_all_method.py
Methods/43_Forcing_Based/1_ERF_FaIR/FaIR_all_unB_method.py
Methods/43_Forcing_Based/1_ERF_FaIR/FaIR_anthro_method.py
Methods/43_Forcing_Based/1_ERF_FaIR/FaIR_anthro_unB_method.py
Methods/43_Forcing_Based/1_ERF_FaIR/FaIR_comb_unB_method.py
Methods/43_Forcing_Based/1_ERF_FaIR/FaIR_nonat_method.py
Methods/43_Forcing_Based/1_ERF_FaIR/FaIR_nonat_unB_method.py
evaluating 24 of 0.1°C thresholds, starting at 1.1°C
11
FaIR_anthro sampled, d llike: 0.0014738707467448764
FaIR_anthro sampled, d llike: -3.549010480910332
FaIR_anthro_unB sampled, d llike: -0.018790621165098775
FaIR_anthro_unB sampled, d llike: -2.072939072703992
FaIR_nonat sampled, d llike: -0.026239686307658383
FaIR_nonat sampled, d llike: -0.017567913670465063
FaIR_nonat_unB sampled, d llike: -0.016216877791123352
FaIR_nonat_unB sampled, d llike: -0.021929915016641877
FaIR_all sampled, d llike: -1650.7050345158727
FaIR_all sampled, d llike: -0.018315887664854147
FaIR_all_unB sampled, d llike: 0.0036482648052089672
FaIR_all_unB sampled, d llike: -0.01758495296308915
FaIR_comb_unB sampled, d llike: 0.0010712418859599726
FaIR_comb_unB sampled, d llike: -1.1821018690726843
        method_name    method_class c/r  smooth_r  avg_unc.(1se)  #q<0.5  #q<0.1   log-likeli       RMS      bias         tlog-l       100log-l    100RMS     75RMS   100bias       l15           l20    bias50   Edyrs15   Edyrs20   Mdyrs15   Mdyrs20   Fdyrs15   Fdyrs20    EdyrsA   RMSyrsA  ncEdyrs      e100log-l   e100RMS    e75RMS  e100bias      el15          el20   ebias50  eEdyrs15  eEdyrs20  eMdyrs15  eMdyrs20      eFdyrs15  eFdyrs20   eEdyrsA  eRMSyrsA  nceEdyrs
15   FaIR_nonat_unB   43/1_ERF_FaIR   c     2.032       0.077232       0       0     1.299371  0.063073 -0.003646     209.198771     114.001717  0.069429  0.067646 -0.003137  3.919901  4.175098e+00 -0.069548 -2.583333  2.250000 -2.583333  2.250000 -2.583333  2.250000  0.305556  2.606416     24.0     116.549811  0.065506  0.046506  0.021153  4.122882  4.087400e+00 -0.021421 -2.000000  2.750000 -2.000000  2.750000 -2.000000e+00  2.750000 -0.500000  0.500000      23.0
11  FaIR_anthro_unB   43/1_ERF_FaIR   c     1.671       0.081835       0       0     1.128942  0.073954 -0.020417     181.759654     110.139100  0.072547  0.071809 -0.003728  3.990713  3.549543e+00 -0.073712 -2.750000  2.333333 -2.750000  2.333333 -2.750000  2.333333  0.375000  2.615061     24.0     113.247803  0.066795  0.048600  0.020562  3.964343  3.417593e+00 -0.025585 -2.166667  2.833333 -2.166667  2.833333 -2.166667e+00  2.833333 -0.427536  0.427536      23.0
21    FaIR_comb_unB   43/1_ERF_FaIR   c     1.984       0.068039       0       0     1.320066  0.065101  0.000843     207.250414     106.271850  0.076936  0.074101 -0.001393  4.008718  4.076279e+00 -0.077277 -2.750000  2.416667 -2.750000  2.416667 -2.750000  2.416667  0.315972  2.883392     24.0     111.718217  0.072868  0.050949  0.022898  4.515680  4.179167e+00 -0.029149 -2.166667  2.916667 -2.166667  2.916667 -2.166667e+00  2.916667 -0.496377  0.496377      23.0
8         offset11y  42/1_Run_Means   c     3.048       0.042916     160      79     0.039565  0.085938  0.034875       9.139436     105.849622  0.062024  0.066222 -0.035727  7.068434  1.014701e-01 -0.071687 -0.333333  3.250000 -0.333333  3.250000 -0.333333  3.250000  1.208333  2.233867     24.0      96.619776  0.062677  0.057699 -0.011437  6.715244  4.448348e-03 -0.023560  0.250000  3.750000  0.250000  3.750000  2.500000e-01  3.750000  0.391304  0.391304      23.0
19     FaIR_all_unB   43/1_ERF_FaIR   c     3.111       0.080169       0       0     1.190621  0.073998 -0.000942     191.690006     103.108817  0.080758  0.072338  0.003670  3.729395  3.860413e+00 -0.075452 -2.500000  2.583333 -2.500000  2.583333 -2.500000  2.583333  0.173611  3.022102     24.0     103.012961  0.080226  0.050907  0.027960  4.091689  3.872450e+00 -0.027325 -1.916667  3.083333 -1.916667  3.083333 -1.916667e+00  3.083333 -0.637681  0.637681      23.0
9       FaIR_anthro   43/1_ERF_FaIR   c     1.643       0.081791       0       0     0.941074  0.085962 -0.048338     151.512965     102.313383  0.079032  0.086584 -0.031642  4.901220  2.763593e+00 -0.101601 -1.833333  3.000000 -1.833333  3.000000 -1.833333  3.000000  1.263889  2.746420     24.0     115.161372  0.063955  0.059488 -0.007351  4.910340  2.526704e+00 -0.053473 -1.250000  3.500000 -1.250000  3.500000 -1.250000e+00  3.500000  0.467391  0.467391      23.0
13       FaIR_nonat   43/1_ERF_FaIR   c     2.109       0.096380       0       0     1.124583  0.070892 -0.030956     181.057900     101.703772  0.074836  0.080961 -0.028115  3.737209  2.997855e+00 -0.094515 -1.916667  2.916667 -1.916667  2.916667 -1.916667  2.916667  1.128472  2.680574     24.0     107.985889  0.062114  0.055661 -0.003824  4.050864  3.054753e+00 -0.046388 -1.333333  3.416667 -1.333333  3.416667 -1.333333e+00  3.416667  0.329710  0.329710      23.0
2             raw1y  42/1_Run_Means   c    31.478       0.135526       0       0     0.637344  0.126422 -0.003290     147.226475      60.407670  0.124434  0.116456  0.002258  3.093300  3.085325e+00  0.004265  0.458333  1.500000  3.500000  2.750000 -2.583333  0.250000 -0.706019  2.039950     59.2      53.107604  0.134716  0.128033  0.026548  0.872017  1.326491e+00  0.052392  1.041667  2.000000  4.083333  3.250000 -2.000000e+00  0.750000 -1.575483  1.575483      57.2
1             lag5y  42/1_Run_Means   c     6.175       0.051676      98      53     0.143386  0.078700 -0.032715      33.122114      23.524105  0.080266  0.087831 -0.056960  4.937744  2.389656e-03 -0.071868  1.958333  3.416667  4.500000  3.416667 -0.583333  3.416667  2.046875  2.481077     29.2      34.688421  0.077899  0.084517 -0.032669  4.478829  5.151308e-05 -0.023741  2.541667  3.916667  5.083333  3.916667  1.439275e-10  3.916667  1.226449  1.226449      28.2
0            lag10y  42/1_Run_Means   c     3.167       0.043798     160      93    -0.707885  0.100983 -0.068034    -163.521495    -263.689463  0.140293  0.152119 -0.131308  3.153937  8.168696e-07 -0.163000  4.416667  5.416667  4.416667  5.416667  4.416667  5.416667  4.618056  4.739755     24.0    -169.783820  0.123728  0.135697 -0.107018  1.845729  2.882384e-09 -0.114872  5.000000  5.916667  5.000000  5.916667  5.000000e+00  5.916667  3.804348  3.804348      23.0
17         FaIR_all   43/1_ERF_FaIR   c     2.811       0.005550     155     145 -1816.963515  0.072475  0.004048 -292531.125972 -223646.091394  0.081604  0.069173  0.012379  0.000000  0.000000e+00 -0.066732 -3.000000  2.166667 -3.000000  2.166667 -3.000000  2.166667 -0.090278  3.171871     24.0 -266970.761114  0.083651  0.050095  0.036669  0.000000  0.000000e+00 -0.018605 -2.416667  2.666667 -2.416667  2.666667 -2.416667e+00  2.666667 -0.916667  0.916667      23.0
6.887544112
finished this run
All processes completed.
