## SLURM PROLOG ###############################################################
##    Job ID : 14543152
##  Job Name : all_crossing_eval
##  Nodelist : node2303
##      CPUs : 1
##   Mem/CPU : 5120 MB
## Directory : /oscar/data/deeps/private/bfoxkemp/jnickla1/Thorne_15_codefigurestats
##   Job Started : Wed Nov 26 04:36:36 PM EST 2025
###############################################################################
/oscar/data/deeps/private/bfoxkemp/jnickla1/Thorne_15_codefigurestats/fut_evaluation_gen_ensemble.py:20: RuntimeWarning: Mean of empty slice
  return np.nanmean(standards_np,axis=0)
/oscar/data/deeps/private/bfoxkemp/jnickla1/Thorne_15_codefigurestats/fut_evaluation_gen_ensemble.py:20: RuntimeWarning: Mean of empty slice
  return np.nanmean(standards_np,axis=0)
/oscar/data/deeps/private/bfoxkemp/jnickla1/Thorne_15_codefigurestats/fut_evaluation_gen_ensemble.py:20: RuntimeWarning: Mean of empty slice
  return np.nanmean(standards_np,axis=0)
/oscar/data/deeps/private/bfoxkemp/jnickla1/Thorne_15_codefigurestats/fut_evaluation_gen_ensemble.py:20: RuntimeWarning: Mean of empty slice
  return np.nanmean(standards_np,axis=0)
/oscar/data/deeps/private/bfoxkemp/jnickla1/Thorne_15_codefigurestats/fut_evaluation_gen_ensemble.py:20: RuntimeWarning: Mean of empty slice
  return np.nanmean(standards_np,axis=0)
/oscar/data/deeps/private/bfoxkemp/jnickla1/Thorne_15_codefigurestats/Methods/43_Forcing_Based/1_ERF_FaIR/FaIR_all_method.py:53: RuntimeWarning: Mean of empty slice
  samp_mean =  np.nanmean(samp_cur, axis = 1)
/oscar/data/deeps/private/bfoxkemp/jnickla1/Thorne_15_codefigurestats/Methods/43_Forcing_Based/1_ERF_FaIR/FaIR_all_method.py:53: RuntimeWarning: Mean of empty slice
  samp_mean =  np.nanmean(samp_cur, axis = 1)
/oscar/data/deeps/private/bfoxkemp/jnickla1/Thorne_15_codefigurestats/Methods/43_Forcing_Based/1_ERF_FaIR/FaIR_all_unB_method.py:70: RuntimeWarning: Mean of empty slice
  samp_mean =  np.nanmean(samp_cur, axis = 1)
/oscar/data/deeps/private/bfoxkemp/jnickla1/Thorne_15_codefigurestats/Methods/43_Forcing_Based/1_ERF_FaIR/FaIR_all_unB_method.py:70: RuntimeWarning: Mean of empty slice
  samp_mean =  np.nanmean(samp_cur, axis = 1)
/oscar/data/deeps/private/bfoxkemp/jnickla1/Thorne_15_codefigurestats/Methods/43_Forcing_Based/1_ERF_FaIR/FaIR_anthro_method.py:53: RuntimeWarning: Mean of empty slice
  samp_mean =  np.nanmean(samp_cur, axis = 1)
/oscar/data/deeps/private/bfoxkemp/jnickla1/Thorne_15_codefigurestats/Methods/43_Forcing_Based/1_ERF_FaIR/FaIR_anthro_method.py:53: RuntimeWarning: Mean of empty slice
  samp_mean =  np.nanmean(samp_cur, axis = 1)
/oscar/data/deeps/private/bfoxkemp/jnickla1/Thorne_15_codefigurestats/Methods/43_Forcing_Based/1_ERF_FaIR/FaIR_anthro_unB_method.py:70: RuntimeWarning: Mean of empty slice
  samp_mean =  np.nanmean(samp_cur, axis = 1)
/oscar/data/deeps/private/bfoxkemp/jnickla1/Thorne_15_codefigurestats/Methods/43_Forcing_Based/1_ERF_FaIR/FaIR_anthro_unB_method.py:70: RuntimeWarning: Mean of empty slice
  samp_mean =  np.nanmean(samp_cur, axis = 1)
/oscar/data/deeps/private/bfoxkemp/jnickla1/Thorne_15_codefigurestats/Methods/43_Forcing_Based/1_ERF_FaIR/FaIR_comb_unB_method.py:70: RuntimeWarning: Mean of empty slice
  samp_mean =  np.nanmean(samp_cur, axis = 1)
/oscar/data/deeps/private/bfoxkemp/jnickla1/Thorne_15_codefigurestats/Methods/43_Forcing_Based/1_ERF_FaIR/FaIR_comb_unB_method.py:127: RuntimeWarning: Mean of empty slice
  samp_meanAll =  np.nanmean(samp_curAll, axis = 1)
/oscar/data/deeps/private/bfoxkemp/jnickla1/Thorne_15_codefigurestats/Methods/43_Forcing_Based/1_ERF_FaIR/FaIR_comb_unB_method.py:70: RuntimeWarning: Mean of empty slice
  samp_mean =  np.nanmean(samp_cur, axis = 1)
/oscar/data/deeps/private/bfoxkemp/jnickla1/Thorne_15_codefigurestats/Methods/43_Forcing_Based/1_ERF_FaIR/FaIR_comb_unB_method.py:127: RuntimeWarning: Mean of empty slice
  samp_meanAll =  np.nanmean(samp_curAll, axis = 1)
/oscar/data/deeps/private/bfoxkemp/jnickla1/Thorne_15_codefigurestats/Methods/43_Forcing_Based/1_ERF_FaIR/FaIR_nonat_method.py:53: RuntimeWarning: Mean of empty slice
  samp_mean =  np.nanmean(samp_cur, axis = 1)
/oscar/data/deeps/private/bfoxkemp/jnickla1/Thorne_15_codefigurestats/Methods/43_Forcing_Based/1_ERF_FaIR/FaIR_nonat_method.py:53: RuntimeWarning: Mean of empty slice
  samp_mean =  np.nanmean(samp_cur, axis = 1)
/oscar/data/deeps/private/bfoxkemp/jnickla1/Thorne_15_codefigurestats/Methods/43_Forcing_Based/1_ERF_FaIR/FaIR_nonat_unB_method.py:72: RuntimeWarning: Mean of empty slice
  samp_mean =  np.nanmean(samp_cur, axis = 1)
/oscar/data/deeps/private/bfoxkemp/jnickla1/Thorne_15_codefigurestats/Methods/43_Forcing_Based/1_ERF_FaIR/FaIR_nonat_unB_method.py:72: RuntimeWarning: Mean of empty slice
  samp_mean =  np.nanmean(samp_cur, axis = 1)
/oscar/data/deeps/private/bfoxkemp/jnickla1/Thorne_15_codefigurestats/Methods/43_Forcing_Based/1_ERF_FaIR/FaIR_all_method.py:68: RuntimeWarning: Mean of empty slice
  return np.nanmean(samp_cur[year_idx-1850, :], axis = 1)
/users/jnickla1/.conda/envs/cleanpy/lib/python3.13/site-packages/numpy/lib/_nanfunctions_impl.py:2019: RuntimeWarning: Degrees of freedom <= 0 for slice.
  var = nanvar(a, axis=axis, dtype=dtype, out=out, ddof=ddof,
/oscar/data/deeps/private/bfoxkemp/jnickla1/Thorne_15_codefigurestats/Methods/43_Forcing_Based/1_ERF_FaIR/FaIR_all_unB_method.py:90: RuntimeWarning: Mean of empty slice
  return np.nanmean(samp_cur[year_idx-1850, :], axis = 1)
/oscar/data/deeps/private/bfoxkemp/jnickla1/Thorne_15_codefigurestats/Methods/43_Forcing_Based/1_ERF_FaIR/FaIR_anthro_method.py:67: RuntimeWarning: Mean of empty slice
  return np.nanmean(samp_cur[year_idx-1850, :], axis = 1)
/oscar/data/deeps/private/bfoxkemp/jnickla1/Thorne_15_codefigurestats/Methods/43_Forcing_Based/1_ERF_FaIR/FaIR_all_method.py:68: RuntimeWarning: Mean of empty slice
  return np.nanmean(samp_cur[year_idx-1850, :], axis = 1)
/users/jnickla1/.conda/envs/cleanpy/lib/python3.13/site-packages/numpy/lib/_nanfunctions_impl.py:2019: RuntimeWarning: Degrees of freedom <= 0 for slice.
  var = nanvar(a, axis=axis, dtype=dtype, out=out, ddof=ddof,
/oscar/data/deeps/private/bfoxkemp/jnickla1/Thorne_15_codefigurestats/Methods/43_Forcing_Based/1_ERF_FaIR/FaIR_all_unB_method.py:90: RuntimeWarning: Mean of empty slice
  return np.nanmean(samp_cur[year_idx-1850, :], axis = 1)
/oscar/data/deeps/private/bfoxkemp/jnickla1/Thorne_15_codefigurestats/Methods/43_Forcing_Based/1_ERF_FaIR/FaIR_anthro_unB_method.py:89: RuntimeWarning: Mean of empty slice
  return np.nanmean(samp_cur[year_idx-1850, :], axis = 1)
/oscar/data/deeps/private/bfoxkemp/jnickla1/Thorne_15_codefigurestats/Methods/43_Forcing_Based/1_ERF_FaIR/FaIR_anthro_method.py:67: RuntimeWarning: Mean of empty slice
  return np.nanmean(samp_cur[year_idx-1850, :], axis = 1)
/oscar/data/deeps/private/bfoxkemp/jnickla1/Thorne_15_codefigurestats/Methods/43_Forcing_Based/1_ERF_FaIR/FaIR_comb_unB_method.py:153: RuntimeWarning: Mean of empty slice
  return np.nanmean(samp_cur[year_idx-1850, :], axis = 1)
/oscar/data/deeps/private/bfoxkemp/jnickla1/Thorne_15_codefigurestats/Methods/43_Forcing_Based/1_ERF_FaIR/FaIR_anthro_unB_method.py:89: RuntimeWarning: Mean of empty slice
  return np.nanmean(samp_cur[year_idx-1850, :], axis = 1)
/oscar/data/deeps/private/bfoxkemp/jnickla1/Thorne_15_codefigurestats/Methods/43_Forcing_Based/1_ERF_FaIR/FaIR_comb_unB_method.py:153: RuntimeWarning: Mean of empty slice
  return np.nanmean(samp_cur[year_idx-1850, :], axis = 1)
/oscar/data/deeps/private/bfoxkemp/jnickla1/Thorne_15_codefigurestats/Methods/43_Forcing_Based/1_ERF_FaIR/FaIR_nonat_method.py:68: RuntimeWarning: Mean of empty slice
  return np.nanmean(samp_cur[year_idx-1850, :], axis = 1)
/oscar/data/deeps/private/bfoxkemp/jnickla1/Thorne_15_codefigurestats/Methods/43_Forcing_Based/1_ERF_FaIR/FaIR_nonat_method.py:68: RuntimeWarning: Mean of empty slice
  return np.nanmean(samp_cur[year_idx-1850, :], axis = 1)
/oscar/data/deeps/private/bfoxkemp/jnickla1/Thorne_15_codefigurestats/Methods/43_Forcing_Based/1_ERF_FaIR/FaIR_nonat_unB_method.py:92: RuntimeWarning: Mean of empty slice
  return np.nanmean(samp_cur[year_idx-1850, :], axis = 1)
/oscar/data/deeps/private/bfoxkemp/jnickla1/Thorne_15_codefigurestats/Methods/43_Forcing_Based/1_ERF_FaIR/FaIR_nonat_unB_method.py:92: RuntimeWarning: Mean of empty slice
  return np.nanmean(samp_cur[year_idx-1850, :], axis = 1)
/oscar/data/deeps/private/bfoxkemp/jnickla1/Thorne_15_codefigurestats/Methods/43_Forcing_Based/1_ERF_FaIR/FaIR_anthro_method.py:67: RuntimeWarning: Mean of empty slice
  return np.nanmean(samp_cur[year_idx-1850, :], axis = 1)
/oscar/data/deeps/private/bfoxkemp/jnickla1/Thorne_15_codefigurestats/Methods/43_Forcing_Based/1_ERF_FaIR/FaIR_anthro_unB_method.py:89: RuntimeWarning: Mean of empty slice
  return np.nanmean(samp_cur[year_idx-1850, :], axis = 1)
/oscar/data/deeps/private/bfoxkemp/jnickla1/Thorne_15_codefigurestats/Methods/43_Forcing_Based/1_ERF_FaIR/FaIR_anthro_method.py:67: RuntimeWarning: Mean of empty slice
  return np.nanmean(samp_cur[year_idx-1850, :], axis = 1)
/oscar/data/deeps/private/bfoxkemp/jnickla1/Thorne_15_codefigurestats/Methods/43_Forcing_Based/1_ERF_FaIR/FaIR_anthro_unB_method.py:89: RuntimeWarning: Mean of empty slice
  return np.nanmean(samp_cur[year_idx-1850, :], axis = 1)
/oscar/data/deeps/private/bfoxkemp/jnickla1/Thorne_15_codefigurestats/Methods/43_Forcing_Based/1_ERF_FaIR/FaIR_nonat_method.py:68: RuntimeWarning: Mean of empty slice
  return np.nanmean(samp_cur[year_idx-1850, :], axis = 1)
/oscar/data/deeps/private/bfoxkemp/jnickla1/Thorne_15_codefigurestats/Methods/43_Forcing_Based/1_ERF_FaIR/FaIR_nonat_unB_method.py:92: RuntimeWarning: Mean of empty slice
  return np.nanmean(samp_cur[year_idx-1850, :], axis = 1)
/oscar/data/deeps/private/bfoxkemp/jnickla1/Thorne_15_codefigurestats/Methods/43_Forcing_Based/1_ERF_FaIR/FaIR_all_method.py:68: RuntimeWarning: Mean of empty slice
  return np.nanmean(samp_cur[year_idx-1850, :], axis = 1)
/oscar/data/deeps/private/bfoxkemp/jnickla1/Thorne_15_codefigurestats/Methods/43_Forcing_Based/1_ERF_FaIR/FaIR_all_unB_method.py:90: RuntimeWarning: Mean of empty slice
  return np.nanmean(samp_cur[year_idx-1850, :], axis = 1)
/oscar/data/deeps/private/bfoxkemp/jnickla1/Thorne_15_codefigurestats/Methods/43_Forcing_Based/1_ERF_FaIR/FaIR_comb_unB_method.py:153: RuntimeWarning: Mean of empty slice
  return np.nanmean(samp_cur[year_idx-1850, :], axis = 1)
/oscar/data/deeps/private/bfoxkemp/jnickla1/Thorne_15_codefigurestats/Methods/43_Forcing_Based/1_ERF_FaIR/FaIR_nonat_method.py:68: RuntimeWarning: Mean of empty slice
  return np.nanmean(samp_cur[year_idx-1850, :], axis = 1)
/oscar/data/deeps/private/bfoxkemp/jnickla1/Thorne_15_codefigurestats/Methods/43_Forcing_Based/1_ERF_FaIR/FaIR_nonat_unB_method.py:92: RuntimeWarning: Mean of empty slice
  return np.nanmean(samp_cur[year_idx-1850, :], axis = 1)
/oscar/data/deeps/private/bfoxkemp/jnickla1/Thorne_15_codefigurestats/Methods/43_Forcing_Based/1_ERF_FaIR/FaIR_all_method.py:68: RuntimeWarning: Mean of empty slice
  return np.nanmean(samp_cur[year_idx-1850, :], axis = 1)
/oscar/data/deeps/private/bfoxkemp/jnickla1/Thorne_15_codefigurestats/Methods/43_Forcing_Based/1_ERF_FaIR/FaIR_all_unB_method.py:90: RuntimeWarning: Mean of empty slice
  return np.nanmean(samp_cur[year_idx-1850, :], axis = 1)
/oscar/data/deeps/private/bfoxkemp/jnickla1/Thorne_15_codefigurestats/Methods/43_Forcing_Based/1_ERF_FaIR/FaIR_comb_unB_method.py:153: RuntimeWarning: Mean of empty slice
  return np.nanmean(samp_cur[year_idx-1850, :], axis = 1)
/oscar/data/deeps/private/bfoxkemp/jnickla1/Thorne_15_codefigurestats/Methods/43_Forcing_Based/1_ERF_FaIR/FaIR_anthro_method.py:67: RuntimeWarning: Mean of empty slice
  return np.nanmean(samp_cur[year_idx-1850, :], axis = 1)
/oscar/data/deeps/private/bfoxkemp/jnickla1/Thorne_15_codefigurestats/Methods/43_Forcing_Based/1_ERF_FaIR/FaIR_anthro_method.py:67: RuntimeWarning: Mean of empty slice
  return np.nanmean(samp_cur[year_idx-1850, :], axis = 1)
/users/jnickla1/.conda/envs/cleanpy/lib/python3.13/site-packages/numpy/lib/_nanfunctions_impl.py:2019: RuntimeWarning: Degrees of freedom <= 0 for slice.
  var = nanvar(a, axis=axis, dtype=dtype, out=out, ddof=ddof,
/oscar/data/deeps/private/bfoxkemp/jnickla1/Thorne_15_codefigurestats/Methods/43_Forcing_Based/1_ERF_FaIR/FaIR_anthro_method.py:95: RuntimeWarning: Mean of empty slice
  cdist = np.nanmean(dist)
/users/jnickla1/.conda/envs/cleanpy/lib/python3.13/site-packages/numpy/lib/_nanfunctions_impl.py:2019: RuntimeWarning: Degrees of freedom <= 0 for slice.
  var = nanvar(a, axis=axis, dtype=dtype, out=out, ddof=ddof,
/oscar/data/deeps/private/bfoxkemp/jnickla1/Thorne_15_codefigurestats/Methods/43_Forcing_Based/1_ERF_FaIR/FaIR_anthro_method.py:95: RuntimeWarning: Mean of empty slice
  cdist = np.nanmean(dist)
/oscar/data/deeps/private/bfoxkemp/jnickla1/Thorne_15_codefigurestats/Methods/43_Forcing_Based/1_ERF_FaIR/FaIR_all_method.py:53: RuntimeWarning: Mean of empty slice
  samp_mean =  np.nanmean(samp_cur, axis = 1)
/oscar/data/deeps/private/bfoxkemp/jnickla1/Thorne_15_codefigurestats/fut_evaluation_script.py:427: RuntimeWarning: Mean of empty slice
  evalmean = np.nanmean(diffcross) #if crossing multiple times take the mean
/oscar/data/deeps/private/bfoxkemp/jnickla1/Thorne_15_codefigurestats/Methods/43_Forcing_Based/1_ERF_FaIR/FaIR_all_unB_method.py:70: RuntimeWarning: Mean of empty slice
  samp_mean =  np.nanmean(samp_cur, axis = 1)
/oscar/data/deeps/private/bfoxkemp/jnickla1/Thorne_15_codefigurestats/fut_evaluation_script.py:427: RuntimeWarning: Mean of empty slice
  evalmean = np.nanmean(diffcross) #if crossing multiple times take the mean
/oscar/data/deeps/private/bfoxkemp/jnickla1/Thorne_15_codefigurestats/Methods/43_Forcing_Based/1_ERF_FaIR/FaIR_all_method.py:53: RuntimeWarning: Mean of empty slice
  samp_mean =  np.nanmean(samp_cur, axis = 1)
/oscar/data/deeps/private/bfoxkemp/jnickla1/Thorne_15_codefigurestats/Methods/43_Forcing_Based/1_ERF_FaIR/FaIR_all_method.py:53: RuntimeWarning: Mean of empty slice
  samp_mean =  np.nanmean(samp_cur, axis = 1)
/oscar/data/deeps/private/bfoxkemp/jnickla1/Thorne_15_codefigurestats/Methods/43_Forcing_Based/1_ERF_FaIR/FaIR_anthro_method.py:53: RuntimeWarning: Mean of empty slice
  samp_mean =  np.nanmean(samp_cur, axis = 1)
/oscar/data/deeps/private/bfoxkemp/jnickla1/Thorne_15_codefigurestats/Methods/43_Forcing_Based/1_ERF_FaIR/FaIR_all_unB_method.py:70: RuntimeWarning: Mean of empty slice
  samp_mean =  np.nanmean(samp_cur, axis = 1)
/oscar/data/deeps/private/bfoxkemp/jnickla1/Thorne_15_codefigurestats/Methods/43_Forcing_Based/1_ERF_FaIR/FaIR_all_unB_method.py:70: RuntimeWarning: Mean of empty slice
  samp_mean =  np.nanmean(samp_cur, axis = 1)
/oscar/data/deeps/private/bfoxkemp/jnickla1/Thorne_15_codefigurestats/Methods/43_Forcing_Based/1_ERF_FaIR/FaIR_anthro_unB_method.py:70: RuntimeWarning: Mean of empty slice
  samp_mean =  np.nanmean(samp_cur, axis = 1)
/oscar/data/deeps/private/bfoxkemp/jnickla1/Thorne_15_codefigurestats/Methods/43_Forcing_Based/1_ERF_FaIR/FaIR_comb_unB_method.py:70: RuntimeWarning: Mean of empty slice
  samp_mean =  np.nanmean(samp_cur, axis = 1)
/oscar/data/deeps/private/bfoxkemp/jnickla1/Thorne_15_codefigurestats/Methods/43_Forcing_Based/1_ERF_FaIR/FaIR_anthro_method.py:53: RuntimeWarning: Mean of empty slice
  samp_mean =  np.nanmean(samp_cur, axis = 1)
/oscar/data/deeps/private/bfoxkemp/jnickla1/Thorne_15_codefigurestats/Methods/43_Forcing_Based/1_ERF_FaIR/FaIR_anthro_method.py:53: RuntimeWarning: Mean of empty slice
  samp_mean =  np.nanmean(samp_cur, axis = 1)
/oscar/data/deeps/private/bfoxkemp/jnickla1/Thorne_15_codefigurestats/Methods/43_Forcing_Based/1_ERF_FaIR/FaIR_comb_unB_method.py:127: RuntimeWarning: Mean of empty slice
  samp_meanAll =  np.nanmean(samp_curAll, axis = 1)
/oscar/data/deeps/private/bfoxkemp/jnickla1/Thorne_15_codefigurestats/fut_evaluation_script.py:464: RuntimeWarning: Mean of empty slice
  evalmean = np.nanmean(diffcrossE) #if crossing multiple times take the mean
/oscar/data/deeps/private/bfoxkemp/jnickla1/Thorne_15_codefigurestats/Methods/43_Forcing_Based/1_ERF_FaIR/FaIR_anthro_unB_method.py:70: RuntimeWarning: Mean of empty slice
  samp_mean =  np.nanmean(samp_cur, axis = 1)
/oscar/data/deeps/private/bfoxkemp/jnickla1/Thorne_15_codefigurestats/Methods/43_Forcing_Based/1_ERF_FaIR/FaIR_anthro_unB_method.py:70: RuntimeWarning: Mean of empty slice
  samp_mean =  np.nanmean(samp_cur, axis = 1)
/oscar/data/deeps/private/bfoxkemp/jnickla1/Thorne_15_codefigurestats/Methods/43_Forcing_Based/1_ERF_FaIR/FaIR_nonat_method.py:53: RuntimeWarning: Mean of empty slice
  samp_mean =  np.nanmean(samp_cur, axis = 1)
/oscar/data/deeps/private/bfoxkemp/jnickla1/Thorne_15_codefigurestats/Methods/43_Forcing_Based/1_ERF_FaIR/FaIR_comb_unB_method.py:70: RuntimeWarning: Mean of empty slice
  samp_mean =  np.nanmean(samp_cur, axis = 1)
/oscar/data/deeps/private/bfoxkemp/jnickla1/Thorne_15_codefigurestats/Methods/43_Forcing_Based/1_ERF_FaIR/FaIR_comb_unB_method.py:70: RuntimeWarning: Mean of empty slice
  samp_mean =  np.nanmean(samp_cur, axis = 1)
/oscar/data/deeps/private/bfoxkemp/jnickla1/Thorne_15_codefigurestats/Methods/43_Forcing_Based/1_ERF_FaIR/FaIR_comb_unB_method.py:127: RuntimeWarning: Mean of empty slice
  samp_meanAll =  np.nanmean(samp_curAll, axis = 1)
/oscar/data/deeps/private/bfoxkemp/jnickla1/Thorne_15_codefigurestats/Methods/43_Forcing_Based/1_ERF_FaIR/FaIR_nonat_unB_method.py:72: RuntimeWarning: Mean of empty slice
  samp_mean =  np.nanmean(samp_cur, axis = 1)
/oscar/data/deeps/private/bfoxkemp/jnickla1/Thorne_15_codefigurestats/Methods/43_Forcing_Based/1_ERF_FaIR/FaIR_comb_unB_method.py:127: RuntimeWarning: Mean of empty slice
  samp_meanAll =  np.nanmean(samp_curAll, axis = 1)
/oscar/data/deeps/private/bfoxkemp/jnickla1/Thorne_15_codefigurestats/Methods/43_Forcing_Based/1_ERF_FaIR/FaIR_all_method.py:68: RuntimeWarning: Mean of empty slice
  return np.nanmean(samp_cur[year_idx-1850, :], axis = 1)
/users/jnickla1/.conda/envs/cleanpy/lib/python3.13/site-packages/numpy/lib/_nanfunctions_impl.py:2019: RuntimeWarning: Degrees of freedom <= 0 for slice.
  var = nanvar(a, axis=axis, dtype=dtype, out=out, ddof=ddof,
/oscar/data/deeps/private/bfoxkemp/jnickla1/Thorne_15_codefigurestats/Methods/43_Forcing_Based/1_ERF_FaIR/FaIR_all_unB_method.py:90: RuntimeWarning: Mean of empty slice
  return np.nanmean(samp_cur[year_idx-1850, :], axis = 1)
/oscar/data/deeps/private/bfoxkemp/jnickla1/Thorne_15_codefigurestats/Methods/43_Forcing_Based/1_ERF_FaIR/FaIR_anthro_method.py:67: RuntimeWarning: Mean of empty slice
  return np.nanmean(samp_cur[year_idx-1850, :], axis = 1)
/oscar/data/deeps/private/bfoxkemp/jnickla1/Thorne_15_codefigurestats/Methods/43_Forcing_Based/1_ERF_FaIR/FaIR_nonat_method.py:53: RuntimeWarning: Mean of empty slice
  samp_mean =  np.nanmean(samp_cur, axis = 1)
/oscar/data/deeps/private/bfoxkemp/jnickla1/Thorne_15_codefigurestats/Methods/43_Forcing_Based/1_ERF_FaIR/FaIR_anthro_unB_method.py:89: RuntimeWarning: Mean of empty slice
  return np.nanmean(samp_cur[year_idx-1850, :], axis = 1)
/oscar/data/deeps/private/bfoxkemp/jnickla1/Thorne_15_codefigurestats/Methods/43_Forcing_Based/1_ERF_FaIR/FaIR_nonat_method.py:53: RuntimeWarning: Mean of empty slice
  samp_mean =  np.nanmean(samp_cur, axis = 1)
/oscar/data/deeps/private/bfoxkemp/jnickla1/Thorne_15_codefigurestats/Methods/43_Forcing_Based/1_ERF_FaIR/FaIR_comb_unB_method.py:153: RuntimeWarning: Mean of empty slice
  return np.nanmean(samp_cur[year_idx-1850, :], axis = 1)
/oscar/data/deeps/private/bfoxkemp/jnickla1/Thorne_15_codefigurestats/Methods/43_Forcing_Based/1_ERF_FaIR/FaIR_nonat_method.py:68: RuntimeWarning: Mean of empty slice
  return np.nanmean(samp_cur[year_idx-1850, :], axis = 1)
/oscar/data/deeps/private/bfoxkemp/jnickla1/Thorne_15_codefigurestats/Methods/43_Forcing_Based/1_ERF_FaIR/FaIR_nonat_unB_method.py:92: RuntimeWarning: Mean of empty slice
  return np.nanmean(samp_cur[year_idx-1850, :], axis = 1)
/oscar/data/deeps/private/bfoxkemp/jnickla1/Thorne_15_codefigurestats/Methods/43_Forcing_Based/1_ERF_FaIR/FaIR_nonat_unB_method.py:72: RuntimeWarning: Mean of empty slice
  samp_mean =  np.nanmean(samp_cur, axis = 1)
/oscar/data/deeps/private/bfoxkemp/jnickla1/Thorne_15_codefigurestats/Methods/43_Forcing_Based/1_ERF_FaIR/FaIR_nonat_unB_method.py:72: RuntimeWarning: Mean of empty slice
  samp_mean =  np.nanmean(samp_cur, axis = 1)
/oscar/data/deeps/private/bfoxkemp/jnickla1/Thorne_15_codefigurestats/Methods/43_Forcing_Based/1_ERF_FaIR/FaIR_anthro_method.py:67: RuntimeWarning: Mean of empty slice
  return np.nanmean(samp_cur[year_idx-1850, :], axis = 1)
/oscar/data/deeps/private/bfoxkemp/jnickla1/Thorne_15_codefigurestats/Methods/43_Forcing_Based/1_ERF_FaIR/FaIR_anthro_unB_method.py:89: RuntimeWarning: Mean of empty slice
  return np.nanmean(samp_cur[year_idx-1850, :], axis = 1)
/oscar/data/deeps/private/bfoxkemp/jnickla1/Thorne_15_codefigurestats/Methods/43_Forcing_Based/1_ERF_FaIR/FaIR_nonat_method.py:68: RuntimeWarning: Mean of empty slice
  return np.nanmean(samp_cur[year_idx-1850, :], axis = 1)
/oscar/data/deeps/private/bfoxkemp/jnickla1/Thorne_15_codefigurestats/Methods/43_Forcing_Based/1_ERF_FaIR/FaIR_nonat_unB_method.py:92: RuntimeWarning: Mean of empty slice
  return np.nanmean(samp_cur[year_idx-1850, :], axis = 1)
/oscar/data/deeps/private/bfoxkemp/jnickla1/Thorne_15_codefigurestats/Methods/43_Forcing_Based/1_ERF_FaIR/FaIR_all_method.py:68: RuntimeWarning: Mean of empty slice
  return np.nanmean(samp_cur[year_idx-1850, :], axis = 1)
/oscar/data/deeps/private/bfoxkemp/jnickla1/Thorne_15_codefigurestats/Methods/43_Forcing_Based/1_ERF_FaIR/FaIR_all_method.py:68: RuntimeWarning: Mean of empty slice
  return np.nanmean(samp_cur[year_idx-1850, :], axis = 1)
/oscar/data/deeps/private/bfoxkemp/jnickla1/Thorne_15_codefigurestats/Methods/43_Forcing_Based/1_ERF_FaIR/FaIR_all_unB_method.py:90: RuntimeWarning: Mean of empty slice
  return np.nanmean(samp_cur[year_idx-1850, :], axis = 1)
/oscar/data/deeps/private/bfoxkemp/jnickla1/Thorne_15_codefigurestats/Methods/43_Forcing_Based/1_ERF_FaIR/FaIR_comb_unB_method.py:153: RuntimeWarning: Mean of empty slice
  return np.nanmean(samp_cur[year_idx-1850, :], axis = 1)
/users/jnickla1/.conda/envs/cleanpy/lib/python3.13/site-packages/numpy/lib/_nanfunctions_impl.py:2019: RuntimeWarning: Degrees of freedom <= 0 for slice.
  var = nanvar(a, axis=axis, dtype=dtype, out=out, ddof=ddof,
/oscar/data/deeps/private/bfoxkemp/jnickla1/Thorne_15_codefigurestats/Methods/43_Forcing_Based/1_ERF_FaIR/FaIR_all_unB_method.py:90: RuntimeWarning: Mean of empty slice
  return np.nanmean(samp_cur[year_idx-1850, :], axis = 1)
/oscar/data/deeps/private/bfoxkemp/jnickla1/Thorne_15_codefigurestats/Methods/43_Forcing_Based/1_ERF_FaIR/FaIR_anthro_method.py:67: RuntimeWarning: Mean of empty slice
  return np.nanmean(samp_cur[year_idx-1850, :], axis = 1)
/oscar/data/deeps/private/bfoxkemp/jnickla1/Thorne_15_codefigurestats/Methods/43_Forcing_Based/1_ERF_FaIR/FaIR_all_method.py:68: RuntimeWarning: Mean of empty slice
  return np.nanmean(samp_cur[year_idx-1850, :], axis = 1)
/users/jnickla1/.conda/envs/cleanpy/lib/python3.13/site-packages/numpy/lib/_nanfunctions_impl.py:2019: RuntimeWarning: Degrees of freedom <= 0 for slice.
  var = nanvar(a, axis=axis, dtype=dtype, out=out, ddof=ddof,
/oscar/data/deeps/private/bfoxkemp/jnickla1/Thorne_15_codefigurestats/Methods/43_Forcing_Based/1_ERF_FaIR/FaIR_all_unB_method.py:90: RuntimeWarning: Mean of empty slice
  return np.nanmean(samp_cur[year_idx-1850, :], axis = 1)
/oscar/data/deeps/private/bfoxkemp/jnickla1/Thorne_15_codefigurestats/Methods/43_Forcing_Based/1_ERF_FaIR/FaIR_anthro_unB_method.py:89: RuntimeWarning: Mean of empty slice
  return np.nanmean(samp_cur[year_idx-1850, :], axis = 1)
/oscar/data/deeps/private/bfoxkemp/jnickla1/Thorne_15_codefigurestats/Methods/43_Forcing_Based/1_ERF_FaIR/FaIR_comb_unB_method.py:153: RuntimeWarning: Mean of empty slice
  return np.nanmean(samp_cur[year_idx-1850, :], axis = 1)
/oscar/data/deeps/private/bfoxkemp/jnickla1/Thorne_15_codefigurestats/Methods/43_Forcing_Based/1_ERF_FaIR/FaIR_anthro_method.py:67: RuntimeWarning: Mean of empty slice
  return np.nanmean(samp_cur[year_idx-1850, :], axis = 1)
/oscar/data/deeps/private/bfoxkemp/jnickla1/Thorne_15_codefigurestats/Methods/43_Forcing_Based/1_ERF_FaIR/FaIR_nonat_method.py:68: RuntimeWarning: Mean of empty slice
  return np.nanmean(samp_cur[year_idx-1850, :], axis = 1)
/oscar/data/deeps/private/bfoxkemp/jnickla1/Thorne_15_codefigurestats/Methods/43_Forcing_Based/1_ERF_FaIR/FaIR_anthro_unB_method.py:89: RuntimeWarning: Mean of empty slice
  return np.nanmean(samp_cur[year_idx-1850, :], axis = 1)
/oscar/data/deeps/private/bfoxkemp/jnickla1/Thorne_15_codefigurestats/Methods/43_Forcing_Based/1_ERF_FaIR/FaIR_nonat_unB_method.py:92: RuntimeWarning: Mean of empty slice
  return np.nanmean(samp_cur[year_idx-1850, :], axis = 1)
/oscar/data/deeps/private/bfoxkemp/jnickla1/Thorne_15_codefigurestats/Methods/43_Forcing_Based/1_ERF_FaIR/FaIR_comb_unB_method.py:153: RuntimeWarning: Mean of empty slice
  return np.nanmean(samp_cur[year_idx-1850, :], axis = 1)
/oscar/data/deeps/private/bfoxkemp/jnickla1/Thorne_15_codefigurestats/Methods/43_Forcing_Based/1_ERF_FaIR/FaIR_nonat_method.py:68: RuntimeWarning: Mean of empty slice
  return np.nanmean(samp_cur[year_idx-1850, :], axis = 1)
/oscar/data/deeps/private/bfoxkemp/jnickla1/Thorne_15_codefigurestats/Methods/43_Forcing_Based/1_ERF_FaIR/FaIR_nonat_unB_method.py:92: RuntimeWarning: Mean of empty slice
  return np.nanmean(samp_cur[year_idx-1850, :], axis = 1)
/oscar/data/deeps/private/bfoxkemp/jnickla1/Thorne_15_codefigurestats/Methods/43_Forcing_Based/1_ERF_FaIR/FaIR_anthro_method.py:67: RuntimeWarning: Mean of empty slice
  return np.nanmean(samp_cur[year_idx-1850, :], axis = 1)
/oscar/data/deeps/private/bfoxkemp/jnickla1/Thorne_15_codefigurestats/Methods/43_Forcing_Based/1_ERF_FaIR/FaIR_anthro_unB_method.py:89: RuntimeWarning: Mean of empty slice
  return np.nanmean(samp_cur[year_idx-1850, :], axis = 1)
/oscar/data/deeps/private/bfoxkemp/jnickla1/Thorne_15_codefigurestats/Methods/43_Forcing_Based/1_ERF_FaIR/FaIR_nonat_method.py:68: RuntimeWarning: Mean of empty slice
  return np.nanmean(samp_cur[year_idx-1850, :], axis = 1)
/oscar/data/deeps/private/bfoxkemp/jnickla1/Thorne_15_codefigurestats/Methods/43_Forcing_Based/1_ERF_FaIR/FaIR_nonat_unB_method.py:92: RuntimeWarning: Mean of empty slice
  return np.nanmean(samp_cur[year_idx-1850, :], axis = 1)
/oscar/data/deeps/private/bfoxkemp/jnickla1/Thorne_15_codefigurestats/Methods/43_Forcing_Based/1_ERF_FaIR/FaIR_all_method.py:68: RuntimeWarning: Mean of empty slice
  return np.nanmean(samp_cur[year_idx-1850, :], axis = 1)
/oscar/data/deeps/private/bfoxkemp/jnickla1/Thorne_15_codefigurestats/Methods/43_Forcing_Based/1_ERF_FaIR/FaIR_all_unB_method.py:90: RuntimeWarning: Mean of empty slice
  return np.nanmean(samp_cur[year_idx-1850, :], axis = 1)
/oscar/data/deeps/private/bfoxkemp/jnickla1/Thorne_15_codefigurestats/Methods/43_Forcing_Based/1_ERF_FaIR/FaIR_comb_unB_method.py:153: RuntimeWarning: Mean of empty slice
  return np.nanmean(samp_cur[year_idx-1850, :], axis = 1)
/oscar/data/deeps/private/bfoxkemp/jnickla1/Thorne_15_codefigurestats/Methods/43_Forcing_Based/1_ERF_FaIR/FaIR_anthro_method.py:67: RuntimeWarning: Mean of empty slice
  return np.nanmean(samp_cur[year_idx-1850, :], axis = 1)
/oscar/data/deeps/private/bfoxkemp/jnickla1/Thorne_15_codefigurestats/Methods/43_Forcing_Based/1_ERF_FaIR/FaIR_anthro_unB_method.py:89: RuntimeWarning: Mean of empty slice
  return np.nanmean(samp_cur[year_idx-1850, :], axis = 1)
/oscar/data/deeps/private/bfoxkemp/jnickla1/Thorne_15_codefigurestats/Methods/43_Forcing_Based/1_ERF_FaIR/FaIR_nonat_method.py:68: RuntimeWarning: Mean of empty slice
  return np.nanmean(samp_cur[year_idx-1850, :], axis = 1)
/oscar/data/deeps/private/bfoxkemp/jnickla1/Thorne_15_codefigurestats/Methods/43_Forcing_Based/1_ERF_FaIR/FaIR_nonat_unB_method.py:92: RuntimeWarning: Mean of empty slice
  return np.nanmean(samp_cur[year_idx-1850, :], axis = 1)
/oscar/data/deeps/private/bfoxkemp/jnickla1/Thorne_15_codefigurestats/Methods/43_Forcing_Based/1_ERF_FaIR/FaIR_all_method.py:68: RuntimeWarning: Mean of empty slice
  return np.nanmean(samp_cur[year_idx-1850, :], axis = 1)
/oscar/data/deeps/private/bfoxkemp/jnickla1/Thorne_15_codefigurestats/Methods/43_Forcing_Based/1_ERF_FaIR/FaIR_all_unB_method.py:90: RuntimeWarning: Mean of empty slice
  return np.nanmean(samp_cur[year_idx-1850, :], axis = 1)
/oscar/data/deeps/private/bfoxkemp/jnickla1/Thorne_15_codefigurestats/Methods/43_Forcing_Based/1_ERF_FaIR/FaIR_comb_unB_method.py:153: RuntimeWarning: Mean of empty slice
  return np.nanmean(samp_cur[year_idx-1850, :], axis = 1)
/oscar/data/deeps/private/bfoxkemp/jnickla1/Thorne_15_codefigurestats/Methods/43_Forcing_Based/1_ERF_FaIR/FaIR_anthro_method.py:67: RuntimeWarning: Mean of empty slice
  return np.nanmean(samp_cur[year_idx-1850, :], axis = 1)
/users/jnickla1/.conda/envs/cleanpy/lib/python3.13/site-packages/numpy/lib/_nanfunctions_impl.py:2019: RuntimeWarning: Degrees of freedom <= 0 for slice.
  var = nanvar(a, axis=axis, dtype=dtype, out=out, ddof=ddof,
/oscar/data/deeps/private/bfoxkemp/jnickla1/Thorne_15_codefigurestats/Methods/43_Forcing_Based/1_ERF_FaIR/FaIR_anthro_method.py:95: RuntimeWarning: Mean of empty slice
  cdist = np.nanmean(dist)
/oscar/data/deeps/private/bfoxkemp/jnickla1/Thorne_15_codefigurestats/Methods/43_Forcing_Based/1_ERF_FaIR/FaIR_anthro_unB_method.py:89: RuntimeWarning: Mean of empty slice
  return np.nanmean(samp_cur[year_idx-1850, :], axis = 1)
/users/jnickla1/.conda/envs/cleanpy/lib/python3.13/site-packages/numpy/lib/_nanfunctions_impl.py:2019: RuntimeWarning: Degrees of freedom <= 0 for slice.
  var = nanvar(a, axis=axis, dtype=dtype, out=out, ddof=ddof,
/oscar/data/deeps/private/bfoxkemp/jnickla1/Thorne_15_codefigurestats/Methods/43_Forcing_Based/1_ERF_FaIR/FaIR_anthro_unB_method.py:117: RuntimeWarning: Mean of empty slice
  cdist = np.nanmean(dist)
/oscar/data/deeps/private/bfoxkemp/jnickla1/Thorne_15_codefigurestats/Methods/43_Forcing_Based/1_ERF_FaIR/FaIR_anthro_unB_method.py:89: RuntimeWarning: Mean of empty slice
  return np.nanmean(samp_cur[year_idx-1850, :], axis = 1)
/users/jnickla1/.conda/envs/cleanpy/lib/python3.13/site-packages/numpy/lib/_nanfunctions_impl.py:2019: RuntimeWarning: Degrees of freedom <= 0 for slice.
  var = nanvar(a, axis=axis, dtype=dtype, out=out, ddof=ddof,
/oscar/data/deeps/private/bfoxkemp/jnickla1/Thorne_15_codefigurestats/Methods/43_Forcing_Based/1_ERF_FaIR/FaIR_anthro_unB_method.py:117: RuntimeWarning: Mean of empty slice
  cdist = np.nanmean(dist)
/oscar/data/deeps/private/bfoxkemp/jnickla1/Thorne_15_codefigurestats/Methods/43_Forcing_Based/1_ERF_FaIR/FaIR_anthro_method.py:67: RuntimeWarning: Mean of empty slice
  return np.nanmean(samp_cur[year_idx-1850, :], axis = 1)
/users/jnickla1/.conda/envs/cleanpy/lib/python3.13/site-packages/numpy/lib/_nanfunctions_impl.py:2019: RuntimeWarning: Degrees of freedom <= 0 for slice.
  var = nanvar(a, axis=axis, dtype=dtype, out=out, ddof=ddof,
/oscar/data/deeps/private/bfoxkemp/jnickla1/Thorne_15_codefigurestats/Methods/43_Forcing_Based/1_ERF_FaIR/FaIR_anthro_method.py:95: RuntimeWarning: Mean of empty slice
  cdist = np.nanmean(dist)
/oscar/data/deeps/private/bfoxkemp/jnickla1/Thorne_15_codefigurestats/Methods/43_Forcing_Based/1_ERF_FaIR/FaIR_anthro_method.py:67: RuntimeWarning: Mean of empty slice
  return np.nanmean(samp_cur[year_idx-1850, :], axis = 1)
/users/jnickla1/.conda/envs/cleanpy/lib/python3.13/site-packages/numpy/lib/_nanfunctions_impl.py:2019: RuntimeWarning: Degrees of freedom <= 0 for slice.
  var = nanvar(a, axis=axis, dtype=dtype, out=out, ddof=ddof,
/oscar/data/deeps/private/bfoxkemp/jnickla1/Thorne_15_codefigurestats/Methods/43_Forcing_Based/1_ERF_FaIR/FaIR_anthro_method.py:95: RuntimeWarning: Mean of empty slice
  cdist = np.nanmean(dist)
/oscar/data/deeps/private/bfoxkemp/jnickla1/Thorne_15_codefigurestats/fut_evaluation_script.py:427: RuntimeWarning: Mean of empty slice
  evalmean = np.nanmean(diffcross) #if crossing multiple times take the mean
/oscar/data/deeps/private/bfoxkemp/jnickla1/Thorne_15_codefigurestats/fut_evaluation_script.py:464: RuntimeWarning: Mean of empty slice
  evalmean = np.nanmean(diffcrossE) #if crossing multiple times take the mean
/oscar/data/deeps/private/bfoxkemp/jnickla1/Thorne_15_codefigurestats/Methods/43_Forcing_Based/1_ERF_FaIR/FaIR_anthro_unB_method.py:89: RuntimeWarning: Mean of empty slice
  return np.nanmean(samp_cur[year_idx-1850, :], axis = 1)
/users/jnickla1/.conda/envs/cleanpy/lib/python3.13/site-packages/numpy/lib/_nanfunctions_impl.py:2019: RuntimeWarning: Degrees of freedom <= 0 for slice.
  var = nanvar(a, axis=axis, dtype=dtype, out=out, ddof=ddof,
/oscar/data/deeps/private/bfoxkemp/jnickla1/Thorne_15_codefigurestats/Methods/43_Forcing_Based/1_ERF_FaIR/FaIR_anthro_unB_method.py:117: RuntimeWarning: Mean of empty slice
  cdist = np.nanmean(dist)
/oscar/data/deeps/private/bfoxkemp/jnickla1/Thorne_15_codefigurestats/Methods/43_Forcing_Based/1_ERF_FaIR/FaIR_nonat_method.py:68: RuntimeWarning: Mean of empty slice
  return np.nanmean(samp_cur[year_idx-1850, :], axis = 1)
/users/jnickla1/.conda/envs/cleanpy/lib/python3.13/site-packages/numpy/lib/_nanfunctions_impl.py:2019: RuntimeWarning: Degrees of freedom <= 0 for slice.
  var = nanvar(a, axis=axis, dtype=dtype, out=out, ddof=ddof,
/oscar/data/deeps/private/bfoxkemp/jnickla1/Thorne_15_codefigurestats/Methods/43_Forcing_Based/1_ERF_FaIR/FaIR_nonat_method.py:96: RuntimeWarning: Mean of empty slice
  cdist = np.nanmean(dist)
/oscar/data/deeps/private/bfoxkemp/jnickla1/Thorne_15_codefigurestats/Methods/43_Forcing_Based/1_ERF_FaIR/FaIR_anthro_unB_method.py:89: RuntimeWarning: Mean of empty slice
  return np.nanmean(samp_cur[year_idx-1850, :], axis = 1)
/users/jnickla1/.conda/envs/cleanpy/lib/python3.13/site-packages/numpy/lib/_nanfunctions_impl.py:2019: RuntimeWarning: Degrees of freedom <= 0 for slice.
  var = nanvar(a, axis=axis, dtype=dtype, out=out, ddof=ddof,
/oscar/data/deeps/private/bfoxkemp/jnickla1/Thorne_15_codefigurestats/Methods/43_Forcing_Based/1_ERF_FaIR/FaIR_anthro_unB_method.py:117: RuntimeWarning: Mean of empty slice
  cdist = np.nanmean(dist)
/oscar/data/deeps/private/bfoxkemp/jnickla1/Thorne_15_codefigurestats/Methods/43_Forcing_Based/1_ERF_FaIR/FaIR_nonat_method.py:68: RuntimeWarning: Mean of empty slice
  return np.nanmean(samp_cur[year_idx-1850, :], axis = 1)
/users/jnickla1/.conda/envs/cleanpy/lib/python3.13/site-packages/numpy/lib/_nanfunctions_impl.py:2019: RuntimeWarning: Degrees of freedom <= 0 for slice.
  var = nanvar(a, axis=axis, dtype=dtype, out=out, ddof=ddof,
/oscar/data/deeps/private/bfoxkemp/jnickla1/Thorne_15_codefigurestats/Methods/43_Forcing_Based/1_ERF_FaIR/FaIR_nonat_method.py:96: RuntimeWarning: Mean of empty slice
  cdist = np.nanmean(dist)
/oscar/data/deeps/private/bfoxkemp/jnickla1/Thorne_15_codefigurestats/fut_evaluation_script.py:427: RuntimeWarning: Mean of empty slice
  evalmean = np.nanmean(diffcross) #if crossing multiple times take the mean
/oscar/data/deeps/private/bfoxkemp/jnickla1/Thorne_15_codefigurestats/fut_evaluation_script.py:464: RuntimeWarning: Mean of empty slice
  evalmean = np.nanmean(diffcrossE) #if crossing multiple times take the mean
/oscar/data/deeps/private/bfoxkemp/jnickla1/Thorne_15_codefigurestats/fut_evaluation_script.py:427: RuntimeWarning: Mean of empty slice
  evalmean = np.nanmean(diffcross) #if crossing multiple times take the mean
/oscar/data/deeps/private/bfoxkemp/jnickla1/Thorne_15_codefigurestats/Methods/43_Forcing_Based/1_ERF_FaIR/FaIR_anthro_unB_method.py:89: RuntimeWarning: Mean of empty slice
  return np.nanmean(samp_cur[year_idx-1850, :], axis = 1)
/users/jnickla1/.conda/envs/cleanpy/lib/python3.13/site-packages/numpy/lib/_nanfunctions_impl.py:2019: RuntimeWarning: Degrees of freedom <= 0 for slice.
  var = nanvar(a, axis=axis, dtype=dtype, out=out, ddof=ddof,
/oscar/data/deeps/private/bfoxkemp/jnickla1/Thorne_15_codefigurestats/Methods/43_Forcing_Based/1_ERF_FaIR/FaIR_anthro_unB_method.py:117: RuntimeWarning: Mean of empty slice
  cdist = np.nanmean(dist)
/oscar/data/deeps/private/bfoxkemp/jnickla1/Thorne_15_codefigurestats/fut_evaluation_script.py:427: RuntimeWarning: Mean of empty slice
  evalmean = np.nanmean(diffcross) #if crossing multiple times take the mean
/oscar/data/deeps/private/bfoxkemp/jnickla1/Thorne_15_codefigurestats/fut_evaluation_script.py:464: RuntimeWarning: Mean of empty slice
  evalmean = np.nanmean(diffcrossE) #if crossing multiple times take the mean
/oscar/data/deeps/private/bfoxkemp/jnickla1/Thorne_15_codefigurestats/Methods/43_Forcing_Based/1_ERF_FaIR/FaIR_nonat_method.py:68: RuntimeWarning: Mean of empty slice
  return np.nanmean(samp_cur[year_idx-1850, :], axis = 1)
/users/jnickla1/.conda/envs/cleanpy/lib/python3.13/site-packages/numpy/lib/_nanfunctions_impl.py:2019: RuntimeWarning: Degrees of freedom <= 0 for slice.
  var = nanvar(a, axis=axis, dtype=dtype, out=out, ddof=ddof,
/oscar/data/deeps/private/bfoxkemp/jnickla1/Thorne_15_codefigurestats/Methods/43_Forcing_Based/1_ERF_FaIR/FaIR_nonat_method.py:96: RuntimeWarning: Mean of empty slice
  cdist = np.nanmean(dist)
/oscar/data/deeps/private/bfoxkemp/jnickla1/Thorne_15_codefigurestats/Methods/43_Forcing_Based/1_ERF_FaIR/FaIR_nonat_unB_method.py:92: RuntimeWarning: Mean of empty slice
  return np.nanmean(samp_cur[year_idx-1850, :], axis = 1)
/users/jnickla1/.conda/envs/cleanpy/lib/python3.13/site-packages/numpy/lib/_nanfunctions_impl.py:2019: RuntimeWarning: Degrees of freedom <= 0 for slice.
  var = nanvar(a, axis=axis, dtype=dtype, out=out, ddof=ddof,
/oscar/data/deeps/private/bfoxkemp/jnickla1/Thorne_15_codefigurestats/Methods/43_Forcing_Based/1_ERF_FaIR/FaIR_nonat_unB_method.py:120: RuntimeWarning: Mean of empty slice
  cdist = np.nanmean(dist)
/oscar/data/deeps/private/bfoxkemp/jnickla1/Thorne_15_codefigurestats/Methods/43_Forcing_Based/1_ERF_FaIR/FaIR_nonat_method.py:68: RuntimeWarning: Mean of empty slice
  return np.nanmean(samp_cur[year_idx-1850, :], axis = 1)
/users/jnickla1/.conda/envs/cleanpy/lib/python3.13/site-packages/numpy/lib/_nanfunctions_impl.py:2019: RuntimeWarning: Degrees of freedom <= 0 for slice.
  var = nanvar(a, axis=axis, dtype=dtype, out=out, ddof=ddof,
/oscar/data/deeps/private/bfoxkemp/jnickla1/Thorne_15_codefigurestats/Methods/43_Forcing_Based/1_ERF_FaIR/FaIR_nonat_method.py:96: RuntimeWarning: Mean of empty slice
  cdist = np.nanmean(dist)
/oscar/data/deeps/private/bfoxkemp/jnickla1/Thorne_15_codefigurestats/fut_evaluation_script.py:427: RuntimeWarning: Mean of empty slice
  evalmean = np.nanmean(diffcross) #if crossing multiple times take the mean
/oscar/data/deeps/private/bfoxkemp/jnickla1/Thorne_15_codefigurestats/Methods/43_Forcing_Based/1_ERF_FaIR/FaIR_nonat_unB_method.py:92: RuntimeWarning: Mean of empty slice
  return np.nanmean(samp_cur[year_idx-1850, :], axis = 1)
/users/jnickla1/.conda/envs/cleanpy/lib/python3.13/site-packages/numpy/lib/_nanfunctions_impl.py:2019: RuntimeWarning: Degrees of freedom <= 0 for slice.
  var = nanvar(a, axis=axis, dtype=dtype, out=out, ddof=ddof,
/oscar/data/deeps/private/bfoxkemp/jnickla1/Thorne_15_codefigurestats/Methods/43_Forcing_Based/1_ERF_FaIR/FaIR_nonat_unB_method.py:120: RuntimeWarning: Mean of empty slice
  cdist = np.nanmean(dist)
/oscar/data/deeps/private/bfoxkemp/jnickla1/Thorne_15_codefigurestats/fut_evaluation_script.py:464: RuntimeWarning: Mean of empty slice
  evalmean = np.nanmean(diffcrossE) #if crossing multiple times take the mean
/oscar/data/deeps/private/bfoxkemp/jnickla1/Thorne_15_codefigurestats/Methods/43_Forcing_Based/1_ERF_FaIR/FaIR_nonat_unB_method.py:92: RuntimeWarning: Mean of empty slice
  return np.nanmean(samp_cur[year_idx-1850, :], axis = 1)
/users/jnickla1/.conda/envs/cleanpy/lib/python3.13/site-packages/numpy/lib/_nanfunctions_impl.py:2019: RuntimeWarning: Degrees of freedom <= 0 for slice.
  var = nanvar(a, axis=axis, dtype=dtype, out=out, ddof=ddof,
/oscar/data/deeps/private/bfoxkemp/jnickla1/Thorne_15_codefigurestats/Methods/43_Forcing_Based/1_ERF_FaIR/FaIR_nonat_unB_method.py:120: RuntimeWarning: Mean of empty slice
  cdist = np.nanmean(dist)
/oscar/data/deeps/private/bfoxkemp/jnickla1/Thorne_15_codefigurestats/Methods/43_Forcing_Based/1_ERF_FaIR/FaIR_all_method.py:68: RuntimeWarning: Mean of empty slice
  return np.nanmean(samp_cur[year_idx-1850, :], axis = 1)
/users/jnickla1/.conda/envs/cleanpy/lib/python3.13/site-packages/numpy/lib/_nanfunctions_impl.py:2019: RuntimeWarning: Degrees of freedom <= 0 for slice.
  var = nanvar(a, axis=axis, dtype=dtype, out=out, ddof=ddof,
/oscar/data/deeps/private/bfoxkemp/jnickla1/Thorne_15_codefigurestats/Methods/43_Forcing_Based/1_ERF_FaIR/FaIR_all_method.py:96: RuntimeWarning: Mean of empty slice
  cdist = np.nanmean(dist)
/oscar/data/deeps/private/bfoxkemp/jnickla1/Thorne_15_codefigurestats/Methods/43_Forcing_Based/1_ERF_FaIR/FaIR_nonat_unB_method.py:92: RuntimeWarning: Mean of empty slice
  return np.nanmean(samp_cur[year_idx-1850, :], axis = 1)
/users/jnickla1/.conda/envs/cleanpy/lib/python3.13/site-packages/numpy/lib/_nanfunctions_impl.py:2019: RuntimeWarning: Degrees of freedom <= 0 for slice.
  var = nanvar(a, axis=axis, dtype=dtype, out=out, ddof=ddof,
/oscar/data/deeps/private/bfoxkemp/jnickla1/Thorne_15_codefigurestats/Methods/43_Forcing_Based/1_ERF_FaIR/FaIR_nonat_unB_method.py:120: RuntimeWarning: Mean of empty slice
  cdist = np.nanmean(dist)
/oscar/data/deeps/private/bfoxkemp/jnickla1/Thorne_15_codefigurestats/Methods/43_Forcing_Based/1_ERF_FaIR/FaIR_nonat_method.py:68: RuntimeWarning: Mean of empty slice
  return np.nanmean(samp_cur[year_idx-1850, :], axis = 1)
/users/jnickla1/.conda/envs/cleanpy/lib/python3.13/site-packages/numpy/lib/_nanfunctions_impl.py:2019: RuntimeWarning: Degrees of freedom <= 0 for slice.
  var = nanvar(a, axis=axis, dtype=dtype, out=out, ddof=ddof,
/oscar/data/deeps/private/bfoxkemp/jnickla1/Thorne_15_codefigurestats/Methods/43_Forcing_Based/1_ERF_FaIR/FaIR_nonat_method.py:96: RuntimeWarning: Mean of empty slice
  cdist = np.nanmean(dist)
/oscar/data/deeps/private/bfoxkemp/jnickla1/Thorne_15_codefigurestats/Methods/43_Forcing_Based/1_ERF_FaIR/FaIR_all_method.py:68: RuntimeWarning: Mean of empty slice
  return np.nanmean(samp_cur[year_idx-1850, :], axis = 1)
/users/jnickla1/.conda/envs/cleanpy/lib/python3.13/site-packages/numpy/lib/_nanfunctions_impl.py:2019: RuntimeWarning: Degrees of freedom <= 0 for slice.
  var = nanvar(a, axis=axis, dtype=dtype, out=out, ddof=ddof,
/oscar/data/deeps/private/bfoxkemp/jnickla1/Thorne_15_codefigurestats/Methods/43_Forcing_Based/1_ERF_FaIR/FaIR_all_method.py:96: RuntimeWarning: Mean of empty slice
  cdist = np.nanmean(dist)
/oscar/data/deeps/private/bfoxkemp/jnickla1/Thorne_15_codefigurestats/Methods/43_Forcing_Based/1_ERF_FaIR/FaIR_all_method.py:68: RuntimeWarning: Mean of empty slice
  return np.nanmean(samp_cur[year_idx-1850, :], axis = 1)
/users/jnickla1/.conda/envs/cleanpy/lib/python3.13/site-packages/numpy/lib/_nanfunctions_impl.py:2019: RuntimeWarning: Degrees of freedom <= 0 for slice.
  var = nanvar(a, axis=axis, dtype=dtype, out=out, ddof=ddof,
/oscar/data/deeps/private/bfoxkemp/jnickla1/Thorne_15_codefigurestats/Methods/43_Forcing_Based/1_ERF_FaIR/FaIR_all_method.py:96: RuntimeWarning: Mean of empty slice
  cdist = np.nanmean(dist)
/oscar/data/deeps/private/bfoxkemp/jnickla1/Thorne_15_codefigurestats/fut_evaluation_script.py:427: RuntimeWarning: Mean of empty slice
  evalmean = np.nanmean(diffcross) #if crossing multiple times take the mean
/oscar/data/deeps/private/bfoxkemp/jnickla1/Thorne_15_codefigurestats/fut_evaluation_script.py:427: RuntimeWarning: Mean of empty slice
  evalmean = np.nanmean(diffcross) #if crossing multiple times take the mean
/oscar/data/deeps/private/bfoxkemp/jnickla1/Thorne_15_codefigurestats/fut_evaluation_script.py:464: RuntimeWarning: Mean of empty slice
  evalmean = np.nanmean(diffcrossE) #if crossing multiple times take the mean
/oscar/data/deeps/private/bfoxkemp/jnickla1/Thorne_15_codefigurestats/Methods/43_Forcing_Based/1_ERF_FaIR/FaIR_all_method.py:68: RuntimeWarning: Mean of empty slice
  return np.nanmean(samp_cur[year_idx-1850, :], axis = 1)
/users/jnickla1/.conda/envs/cleanpy/lib/python3.13/site-packages/numpy/lib/_nanfunctions_impl.py:2019: RuntimeWarning: Degrees of freedom <= 0 for slice.
  var = nanvar(a, axis=axis, dtype=dtype, out=out, ddof=ddof,
/oscar/data/deeps/private/bfoxkemp/jnickla1/Thorne_15_codefigurestats/Methods/43_Forcing_Based/1_ERF_FaIR/FaIR_all_method.py:96: RuntimeWarning: Mean of empty slice
  cdist = np.nanmean(dist)
/oscar/data/deeps/private/bfoxkemp/jnickla1/Thorne_15_codefigurestats/Methods/43_Forcing_Based/1_ERF_FaIR/FaIR_all_unB_method.py:90: RuntimeWarning: Mean of empty slice
  return np.nanmean(samp_cur[year_idx-1850, :], axis = 1)
/users/jnickla1/.conda/envs/cleanpy/lib/python3.13/site-packages/numpy/lib/_nanfunctions_impl.py:2019: RuntimeWarning: Degrees of freedom <= 0 for slice.
  var = nanvar(a, axis=axis, dtype=dtype, out=out, ddof=ddof,
/oscar/data/deeps/private/bfoxkemp/jnickla1/Thorne_15_codefigurestats/Methods/43_Forcing_Based/1_ERF_FaIR/FaIR_all_unB_method.py:118: RuntimeWarning: Mean of empty slice
  cdist = np.nanmean(dist)
/oscar/data/deeps/private/bfoxkemp/jnickla1/Thorne_15_codefigurestats/Methods/43_Forcing_Based/1_ERF_FaIR/FaIR_all_unB_method.py:90: RuntimeWarning: Mean of empty slice
  return np.nanmean(samp_cur[year_idx-1850, :], axis = 1)
/users/jnickla1/.conda/envs/cleanpy/lib/python3.13/site-packages/numpy/lib/_nanfunctions_impl.py:2019: RuntimeWarning: Degrees of freedom <= 0 for slice.
  var = nanvar(a, axis=axis, dtype=dtype, out=out, ddof=ddof,
/oscar/data/deeps/private/bfoxkemp/jnickla1/Thorne_15_codefigurestats/Methods/43_Forcing_Based/1_ERF_FaIR/FaIR_all_unB_method.py:118: RuntimeWarning: Mean of empty slice
  cdist = np.nanmean(dist)
/oscar/data/deeps/private/bfoxkemp/jnickla1/Thorne_15_codefigurestats/Methods/43_Forcing_Based/1_ERF_FaIR/FaIR_all_unB_method.py:90: RuntimeWarning: Mean of empty slice
  return np.nanmean(samp_cur[year_idx-1850, :], axis = 1)
/users/jnickla1/.conda/envs/cleanpy/lib/python3.13/site-packages/numpy/lib/_nanfunctions_impl.py:2019: RuntimeWarning: Degrees of freedom <= 0 for slice.
  var = nanvar(a, axis=axis, dtype=dtype, out=out, ddof=ddof,
/oscar/data/deeps/private/bfoxkemp/jnickla1/Thorne_15_codefigurestats/Methods/43_Forcing_Based/1_ERF_FaIR/FaIR_all_unB_method.py:118: RuntimeWarning: Mean of empty slice
  cdist = np.nanmean(dist)
/oscar/data/deeps/private/bfoxkemp/jnickla1/Thorne_15_codefigurestats/Methods/43_Forcing_Based/1_ERF_FaIR/FaIR_nonat_unB_method.py:92: RuntimeWarning: Mean of empty slice
  return np.nanmean(samp_cur[year_idx-1850, :], axis = 1)
/users/jnickla1/.conda/envs/cleanpy/lib/python3.13/site-packages/numpy/lib/_nanfunctions_impl.py:2019: RuntimeWarning: Degrees of freedom <= 0 for slice.
  var = nanvar(a, axis=axis, dtype=dtype, out=out, ddof=ddof,
/oscar/data/deeps/private/bfoxkemp/jnickla1/Thorne_15_codefigurestats/Methods/43_Forcing_Based/1_ERF_FaIR/FaIR_nonat_unB_method.py:120: RuntimeWarning: Mean of empty slice
  cdist = np.nanmean(dist)
/oscar/data/deeps/private/bfoxkemp/jnickla1/Thorne_15_codefigurestats/fut_evaluation_script.py:427: RuntimeWarning: Mean of empty slice
  evalmean = np.nanmean(diffcross) #if crossing multiple times take the mean
/oscar/data/deeps/private/bfoxkemp/jnickla1/Thorne_15_codefigurestats/fut_evaluation_script.py:464: RuntimeWarning: Mean of empty slice
  evalmean = np.nanmean(diffcrossE) #if crossing multiple times take the mean
/oscar/data/deeps/private/bfoxkemp/jnickla1/Thorne_15_codefigurestats/Methods/43_Forcing_Based/1_ERF_FaIR/FaIR_comb_unB_method.py:153: RuntimeWarning: Mean of empty slice
  return np.nanmean(samp_cur[year_idx-1850, :], axis = 1)
/users/jnickla1/.conda/envs/cleanpy/lib/python3.13/site-packages/numpy/lib/_nanfunctions_impl.py:2019: RuntimeWarning: Degrees of freedom <= 0 for slice.
  var = nanvar(a, axis=axis, dtype=dtype, out=out, ddof=ddof,
/oscar/data/deeps/private/bfoxkemp/jnickla1/Thorne_15_codefigurestats/Methods/43_Forcing_Based/1_ERF_FaIR/FaIR_comb_unB_method.py:181: RuntimeWarning: Mean of empty slice
  cdist = np.nanmean(dist)
/oscar/data/deeps/private/bfoxkemp/jnickla1/Thorne_15_codefigurestats/Methods/43_Forcing_Based/1_ERF_FaIR/FaIR_comb_unB_method.py:153: RuntimeWarning: Mean of empty slice
  return np.nanmean(samp_cur[year_idx-1850, :], axis = 1)
/users/jnickla1/.conda/envs/cleanpy/lib/python3.13/site-packages/numpy/lib/_nanfunctions_impl.py:2019: RuntimeWarning: Degrees of freedom <= 0 for slice.
  var = nanvar(a, axis=axis, dtype=dtype, out=out, ddof=ddof,
/oscar/data/deeps/private/bfoxkemp/jnickla1/Thorne_15_codefigurestats/Methods/43_Forcing_Based/1_ERF_FaIR/FaIR_comb_unB_method.py:181: RuntimeWarning: Mean of empty slice
  cdist = np.nanmean(dist)
/oscar/data/deeps/private/bfoxkemp/jnickla1/Thorne_15_codefigurestats/Methods/43_Forcing_Based/1_ERF_FaIR/FaIR_all_unB_method.py:90: RuntimeWarning: Mean of empty slice
  return np.nanmean(samp_cur[year_idx-1850, :], axis = 1)
/users/jnickla1/.conda/envs/cleanpy/lib/python3.13/site-packages/numpy/lib/_nanfunctions_impl.py:2019: RuntimeWarning: Degrees of freedom <= 0 for slice.
  var = nanvar(a, axis=axis, dtype=dtype, out=out, ddof=ddof,
/oscar/data/deeps/private/bfoxkemp/jnickla1/Thorne_15_codefigurestats/Methods/43_Forcing_Based/1_ERF_FaIR/FaIR_all_unB_method.py:118: RuntimeWarning: Mean of empty slice
  cdist = np.nanmean(dist)
/oscar/data/deeps/private/bfoxkemp/jnickla1/Thorne_15_codefigurestats/Methods/43_Forcing_Based/1_ERF_FaIR/FaIR_comb_unB_method.py:153: RuntimeWarning: Mean of empty slice
  return np.nanmean(samp_cur[year_idx-1850, :], axis = 1)
/users/jnickla1/.conda/envs/cleanpy/lib/python3.13/site-packages/numpy/lib/_nanfunctions_impl.py:2019: RuntimeWarning: Degrees of freedom <= 0 for slice.
  var = nanvar(a, axis=axis, dtype=dtype, out=out, ddof=ddof,
/oscar/data/deeps/private/bfoxkemp/jnickla1/Thorne_15_codefigurestats/Methods/43_Forcing_Based/1_ERF_FaIR/FaIR_comb_unB_method.py:181: RuntimeWarning: Mean of empty slice
  cdist = np.nanmean(dist)
/oscar/data/deeps/private/bfoxkemp/jnickla1/Thorne_15_codefigurestats/fut_evaluation_script.py:427: RuntimeWarning: Mean of empty slice
  evalmean = np.nanmean(diffcross) #if crossing multiple times take the mean
/oscar/data/deeps/private/bfoxkemp/jnickla1/Thorne_15_codefigurestats/fut_evaluation_script.py:464: RuntimeWarning: Mean of empty slice
  evalmean = np.nanmean(diffcrossE) #if crossing multiple times take the mean
/oscar/data/deeps/private/bfoxkemp/jnickla1/Thorne_15_codefigurestats/Methods/43_Forcing_Based/1_ERF_FaIR/FaIR_all_method.py:68: RuntimeWarning: Mean of empty slice
  return np.nanmean(samp_cur[year_idx-1850, :], axis = 1)
/users/jnickla1/.conda/envs/cleanpy/lib/python3.13/site-packages/numpy/lib/_nanfunctions_impl.py:2019: RuntimeWarning: Degrees of freedom <= 0 for slice.
  var = nanvar(a, axis=axis, dtype=dtype, out=out, ddof=ddof,
/oscar/data/deeps/private/bfoxkemp/jnickla1/Thorne_15_codefigurestats/Methods/43_Forcing_Based/1_ERF_FaIR/FaIR_all_method.py:96: RuntimeWarning: Mean of empty slice
  cdist = np.nanmean(dist)
starting computation for fut_ESM1-2-LR_SSP126_constVolc
max_runs45
Model number:
44




Methods/42_Temp_Alone/1_Run_Means/cent10y_method.py
Methods/42_Temp_Alone/1_Run_Means/cent20y_method.py
Methods/42_Temp_Alone/1_Run_Means/cent21y_method.py
Methods/42_Temp_Alone/1_Run_Means/cent30y_method.py
Methods/42_Temp_Alone/1_Run_Means/lag10y_method.py
Methods/42_Temp_Alone/1_Run_Means/lag5y_method.py
Methods/42_Temp_Alone/1_Run_Means/offset11y_method.py
Methods/42_Temp_Alone/1_Run_Means/raw1y_method.py
Methods/43_Forcing_Based/1_ERF_FaIR/FaIR_all_method.py
Methods/43_Forcing_Based/1_ERF_FaIR/FaIR_all_unB_method.py
Methods/43_Forcing_Based/1_ERF_FaIR/FaIR_anthro_method.py
Methods/43_Forcing_Based/1_ERF_FaIR/FaIR_anthro_unB_method.py
Methods/43_Forcing_Based/1_ERF_FaIR/FaIR_comb_unB_method.py
Methods/43_Forcing_Based/1_ERF_FaIR/FaIR_nonat_method.py
Methods/43_Forcing_Based/1_ERF_FaIR/FaIR_nonat_unB_method.py
evaluating 6 of 0.1C thresholds, starting at 1.1C
11
FaIR_anthro sampled, d llike: -0.00926987351298103
FaIR_anthro sampled, d llike: -0.2683915570084179
FaIR_anthro_unB sampled, d llike: -0.011327874908687141
FaIR_anthro_unB sampled, d llike: -0.15926016222384676
FaIR_nonat sampled, d llike: -0.04173140395533248
FaIR_nonat sampled, d llike: -0.04881975943364836
FaIR_nonat_unB sampled, d llike: -0.0278527998263578
FaIR_nonat_unB sampled, d llike: -0.05804543477110746
FaIR_all sampled, d llike: -1568.9975074267277
FaIR_all sampled, d llike: -0.06958738946301768
FaIR_all_unB sampled, d llike: -0.02895013518711642
FaIR_all_unB sampled, d llike: -0.04890318158356588
FaIR_comb_unB sampled, d llike: -0.04665818106188069
FaIR_comb_unB sampled, d llike: 0.095375550310137
        method_name    method_class c/r  smooth_r  avg_unc.(1se)  #q<0.5  #q<0.1   log-likeli       RMS      bias         tlog-l       100log-l    100RMS     75RMS   100bias           l15  l20    bias50    Edyrs15  Edyrs20    Mdyrs15  Mdyrs20    Fdyrs15  Fdyrs20    EdyrsA    RMSyrsA  ncEdyrs     e100log-l   e100RMS    e75RMS  e100bias           el15  el20   ebias50   eEdyrs15  eEdyrs20   eMdyrs15  eMdyrs20      eFdyrs15  eFdyrs20   eEdyrsA  eRMSyrsA  nceEdyrs
21    FaIR_comb_unB   43/1_ERF_FaIR   c     1.796       0.068781       0       0     1.599990  0.032273 -0.004399     251.198487     144.390651  0.035304  0.037004 -0.002843  5.498891e+00  0.0 -0.029046   2.250000       -1   2.250000       -1   2.250000       -1  2.944444  10.476495      5.0    131.818211  0.049414  0.044985 -0.036053   5.662230e+00   0.0 -0.052988   1.666667        -1   1.666667        -1  1.666667e+00        -1  4.277778  4.277778       5.0
9       FaIR_anthro   43/1_ERF_FaIR   c     1.393       0.079214       0       0     1.294064  0.058532 -0.000178     208.344384     129.160570  0.049699  0.046411  0.027935  4.708056e+00  0.0 -0.004163  -0.916667       -1  -0.916667       -1  -0.916667       -1  1.388889  10.755812      5.0    130.429642  0.039119  0.039574 -0.005276   4.686073e+00   0.0 -0.028105  -1.500000        -1  -1.500000        -1 -1.500000e+00        -1  2.722222  2.722222       5.0
15   FaIR_nonat_unB   43/1_ERF_FaIR   c     1.696       0.077956       0       0     1.432355  0.047689  0.021071     230.609187     128.629118  0.053510  0.050117  0.036433  4.645731e+00  0.0  0.006078  -1.666667       -1  -1.666667       -1  -1.666667       -1 -4.770833   5.305074      7.0    136.037110  0.037994  0.039448  0.003222   4.479975e+00   0.0 -0.017865  -2.250000        -1  -2.250000        -1 -2.250000e+00        -1 -2.145833  2.145833       7.0
11  FaIR_anthro_unB   43/1_ERF_FaIR   c     1.379       0.079221       0       0     1.311800  0.059696  0.011640     211.199748     125.714202  0.057194  0.052657  0.039770  4.703711e+00  0.0  0.007678  -1.583333       -1  -1.583333       -1  -1.583333       -1  0.715278  11.008533      6.0    132.519121  0.039320  0.041063  0.006559   4.609171e+00   0.0 -0.016264  -2.166667        -1  -2.166667        -1 -2.166667e+00        -1  2.048611  2.048611       6.0
19     FaIR_all_unB   43/1_ERF_FaIR   c     2.824       0.080867       0       0     1.327479  0.057505  0.006146     213.724190     123.121230  0.056128  0.047490  0.024489  5.015138e+00  0.0 -0.020637  -0.250000       -1  -0.250000       -1  -0.250000       -1  1.541667  10.750700      5.0    127.866106  0.042768  0.047124 -0.008722   4.977861e+00   0.0 -0.044579  -0.833333        -1  -0.833333        -1 -8.333333e-01        -1  2.875000  2.875000       5.0
13       FaIR_nonat   43/1_ERF_FaIR   c     1.743       0.097288       0       0     1.260911  0.045950  0.004350     203.006616     116.789624  0.045171  0.043329  0.022411  4.045153e+00  0.0 -0.007946  -1.000000       -1  -1.000000       -1  -1.000000       -1  1.666667  10.647444      5.0    117.060517  0.039378  0.038866 -0.010800   3.949142e+00   0.0 -0.031889  -1.583333        -1  -1.583333        -1 -1.583333e+00        -1  3.000000  3.000000       5.0
1             lag5y  42/1_Run_Means   c     5.235       0.052748      56      20     0.858134  0.067883 -0.013799     198.228986      76.073689  0.063887  0.064388 -0.010813  4.337640e+00  0.0  0.002240  11.020833       -1  22.916667       -1   0.583333       -1  3.716435   5.497668     13.4    -93.931213  0.080984  0.068571 -0.044024   4.401237e+00   0.0 -0.021702  10.437500        -1  22.333333        -1  1.521130e-10        -1  6.341435  6.341435      13.4
0            lag10y  42/1_Run_Means   c     2.751       0.042464     103       9     1.153632  0.057665 -0.030058     266.489020      65.043580  0.063988  0.051421 -0.039274  5.111691e+00  0.0  0.002926   5.583333       -1   5.583333       -1   5.583333       -1  5.166667   5.303083      7.0   -199.251374  0.097835  0.065345 -0.072485   5.536236e+00   0.0 -0.021017   5.000000        -1   5.000000        -1  5.000000e+00        -1  7.791667  7.791667       7.0
2             raw1y  42/1_Run_Means   c    25.332       0.137138       0       0     0.617885  0.128948  0.000043     142.731431      61.529309  0.122604  0.133124  0.005595  1.836073e+00  0.0 -0.002291   4.927083       -1  22.916667       -1 -13.666667       -1  2.842014   3.634986     31.8     56.612189  0.129910  0.135189 -0.027616   1.733363e+00   0.0 -0.026233   4.343750        -1  22.333333        -1 -1.425000e+01        -1  4.070023  4.070023      32.8
8         offset11y  42/1_Run_Means   c     2.489       0.040963     182     105    -0.960932  0.092369  0.076702    -221.975372     -43.728413  0.085170  0.098832  0.065628  4.527976e+00  0.0  0.113941  -1.083333       -1  -1.083333       -1  -1.083333       -1 -3.527778   7.327017      6.0     18.362411  0.076795  0.082861  0.032417   3.972145e+00   0.0  0.089999  -1.666667        -1  -1.666667        -1 -1.666667e+00        -1 -0.902778  0.902778       6.0
17         FaIR_all   43/1_ERF_FaIR   c     2.547       0.005583     148     137 -1716.643644  0.068466  0.037161 -276379.626635 -214382.758033  0.076884  0.062473  0.057967  4.610667e-99  0.0  0.012858  -5.208333       -1  -7.916667       -1  -7.916667       -1 -6.770833   7.023378     10.2 -70301.979148  0.048636  0.049578  0.024756  2.376484e-177   0.0 -0.011084  -5.791667        -1  -8.500000        -1 -8.500000e+00        -1 -4.145833  4.145833      10.2
4.507066603
finished this run
starting computation for fut_NorESM_RCP45_VolcConst
max_runs45
Model number:
44




Methods/42_Temp_Alone/1_Run_Means/cent10y_method.py
Methods/42_Temp_Alone/1_Run_Means/cent20y_method.py
Methods/42_Temp_Alone/1_Run_Means/cent21y_method.py
Methods/42_Temp_Alone/1_Run_Means/cent30y_method.py
Methods/42_Temp_Alone/1_Run_Means/lag10y_method.py
Methods/42_Temp_Alone/1_Run_Means/lag5y_method.py
Methods/42_Temp_Alone/1_Run_Means/offset11y_method.py
Methods/42_Temp_Alone/1_Run_Means/raw1y_method.py
Methods/43_Forcing_Based/1_ERF_FaIR/FaIR_all_method.py
Methods/43_Forcing_Based/1_ERF_FaIR/FaIR_all_unB_method.py
Methods/43_Forcing_Based/1_ERF_FaIR/FaIR_anthro_method.py
Methods/43_Forcing_Based/1_ERF_FaIR/FaIR_anthro_unB_method.py
Methods/43_Forcing_Based/1_ERF_FaIR/FaIR_comb_unB_method.py
Methods/43_Forcing_Based/1_ERF_FaIR/FaIR_nonat_method.py
Methods/43_Forcing_Based/1_ERF_FaIR/FaIR_nonat_unB_method.py
evaluating 13 of 0.1C thresholds, starting at 1.1C
11
FaIR_anthro sampled, d llike: -1.0710174687980731
FaIR_anthro sampled, d llike: -66.59402642879208
FaIR_anthro_unB sampled, d llike: 0.0018347696393503643
FaIR_anthro_unB sampled, d llike: -5.5108213582693395
FaIR_nonat sampled, d llike: 0.00358249398754662
FaIR_nonat sampled, d llike: 0.1653265985915945
FaIR_nonat_unB sampled, d llike: 0.01067579180009881
FaIR_nonat_unB sampled, d llike: -0.014559587329775026
FaIR_all sampled, d llike: -14908.13708668929
FaIR_all sampled, d llike: 0.10481106427442699
FaIR_all_unB sampled, d llike: -0.04489478299894123
FaIR_all_unB sampled, d llike: -0.011999538534759768
FaIR_comb_unB sampled, d llike: -0.5329536334916434
FaIR_comb_unB sampled, d llike: 0.18092774472130468
        method_name    method_class c/r  smooth_r  avg_unc.(1se)  #q<0.5  #q<0.1    log-likeli       RMS      bias        tlog-l      100log-l    100RMS     75RMS   100bias       l15       l20    bias50   Edyrs15    Edyrs20   Mdyrs15    Mdyrs20   Fdyrs15    Fdyrs20     EdyrsA    RMSyrsA  ncEdyrs     e100log-l   e100RMS    e75RMS  e100bias      el15      el20   ebias50   eEdyrs15   eEdyrs20   eMdyrs15   eMdyrs20   eFdyrs15   eFdyrs20    eEdyrsA   eRMSyrsA  nceEdyrs
21    FaIR_comb_unB   43/1_ERF_FaIR   c     3.082       0.078907      66      41     -1.261116  0.156404 -0.114921 -1.967341e+02  1.244999e+02  0.049383  0.052249 -0.029234  4.107787  3.423439 -0.055804  1.250000   2.916667  1.250000   2.916667  1.250000   2.916667   1.692308   3.023766     13.0  1.325662e+02  0.030451  0.034163 -0.026173  3.283708  4.306034 -0.025397   2.416667   1.166667   2.416667   1.166667   2.416667   1.166667   1.506410   1.506410      13.0
15   FaIR_nonat_unB   43/1_ERF_FaIR   c     2.668       0.090212       0       0      1.097608  0.077158 -0.048721  1.756172e+02  1.183886e+02  0.042069  0.039129 -0.008373  4.090803  3.421273 -0.037171  0.500000   2.500000  0.500000   2.500000  0.500000   2.500000   0.647436   2.607210     13.0  1.241386e+02  0.018408  0.018716 -0.005312  3.385076  3.737028 -0.006764   1.666667   0.750000   1.666667   0.750000   1.666667   0.750000   0.461538   0.461538      13.0
19     FaIR_all_unB   43/1_ERF_FaIR   c     3.706       0.091438       0       0      1.161175  0.065649 -0.029103  1.857881e+02  1.155312e+02  0.043931  0.044674 -0.016535  3.847411  3.613088 -0.048125  0.833333   1.583333  0.833333   1.583333  0.833333   1.583333   1.128205   3.176604     14.0  1.202765e+02  0.024615  0.026013 -0.013475  3.193427  3.643834 -0.017718   2.000000  -0.166667   2.000000  -0.166667   2.000000  -0.166667   0.942308   0.942308      14.0
11  FaIR_anthro_unB   43/1_ERF_FaIR   c     1.945       0.095548      45       0      0.675320  0.101675 -0.061968  1.080512e+02  1.087984e+02  0.048140  0.042008 -0.003674  3.604547  3.482680 -0.038476  0.083333   2.166667  0.083333   2.166667  0.083333   2.166667   0.250000   2.926723     13.0  1.143316e+02  0.018801  0.014419 -0.000613  3.608444  3.510555 -0.008069   1.250000   0.416667   1.250000   0.416667   1.250000   0.416667   0.064103   0.064103      13.0
8         offset11y  42/1_Run_Means   c     3.001       0.032989     176     120     -0.637460  0.083651  0.065083 -1.466158e+02  1.029919e+02  0.047268  0.047727  0.027347  9.358527  8.465358  0.048487  0.916667  -0.916667  0.916667  -0.916667  0.916667  -0.916667  -0.500000   1.882499     14.0  5.213833e+00  0.067525  0.071683  0.030408  6.152177  2.244877  0.078894   2.083333  -2.666667   2.083333  -2.666667   2.083333  -2.666667  -0.685897   0.685897      14.0
1             lag5y  42/1_Run_Means   c     6.686       0.041497      96      22      1.048800  0.053797 -0.018206  2.412239e+02  9.318854e+01  0.047333  0.044153 -0.028264  0.672627  5.691536 -0.019018  3.166667   0.750000  3.166667   0.750000  3.166667   0.750000   2.237179   2.605365     14.0  1.597708e+01  0.065321  0.054661 -0.025204  0.351523  6.120508  0.011389   4.333333  -1.000000   4.333333  -1.000000   4.333333  -1.000000   2.051282   2.051282      14.0
2             raw1y  42/1_Run_Means   c    36.808       0.107468       0       0      0.904645  0.097792 -0.000060  2.080682e+02  9.210435e+01  0.085153  0.080740  0.005219  2.607412  1.862511  0.003654 -0.458333   1.000000 -2.333333   3.833333 -2.333333  -1.833333   0.328419   1.959853     40.2  8.323224e+01  0.095849  0.089711  0.008280  2.020404  3.717246  0.034060   0.708333  -0.750000   2.583333  -3.583333  -1.166667  -3.583333   0.142521   0.142521      40.2
9       FaIR_anthro   43/1_ERF_FaIR   c     1.918       0.095555     142      59     -2.380907  0.197297 -0.180072 -3.809452e+02  5.505888e+01  0.130902  0.141933 -0.121769  2.023226  1.317111 -0.156565  5.416667  10.416667  5.416667  10.416667  5.416667  10.416667   8.108974  10.133168     12.0  5.930838e+01  0.120192  0.125605 -0.118709  1.399852  1.864076 -0.126158   6.583333   8.666667   6.583333   8.666667   6.583333   8.666667   8.237179   8.237179      12.0
13       FaIR_nonat   43/1_ERF_FaIR   c     2.676       0.112613     142       0     -0.292117  0.189744 -0.178120 -4.673872e+01  5.216689e+01  0.138334  0.150724 -0.132052  1.732331  1.375894 -0.160848  5.916667  10.166667  5.916667  10.166667  5.916667  10.166667   8.570513  10.316441     12.0  5.658055e+01  0.130185  0.136359 -0.128992  1.233665  2.070500 -0.130441   7.083333   8.416667   7.083333   8.416667   7.083333   8.416667   8.698718   8.698718      12.0
0            lag10y  42/1_Run_Means   c     3.337       0.033933     111      77      0.254401  0.063690 -0.040344  5.851212e+01 -1.120724e+02  0.082308  0.084697 -0.073296  0.000938  0.969345 -0.053276  4.916667   5.000000  4.916667   5.000000  4.916667   5.000000   4.317308   4.394736     14.0 -2.084139e+02  0.092258  0.087023 -0.070236  0.001058  4.442795 -0.022869   6.083333   3.250000   6.083333   3.250000   6.083333   3.250000   4.131410   4.131410      14.0
17         FaIR_all   43/1_ERF_FaIR   c     3.558       0.005578     160     160 -16306.842876  0.211633 -0.198785 -2.609095e+06 -1.359200e+06  0.205041  0.219726 -0.200959  0.000000  0.000000 -0.232565  9.500000  16.083333  9.500000  17.000000  9.500000  15.166667  12.846154  14.312933     12.0 -1.310141e+06  0.198968  0.206328 -0.197898  0.000000  0.000000 -0.202158  10.666667  14.333333  10.666667  15.250000  10.666667  13.416667  13.205128  13.205128      12.0
4.570531655
finished this run
/oscar/data/deeps/private/bfoxkemp/jnickla1/Thorne_15_codefigurestats/Methods/43_Forcing_Based/1_ERF_FaIR/FaIR_comb_unB_method.py:153: RuntimeWarning: Mean of empty slice
  return np.nanmean(samp_cur[year_idx-1850, :], axis = 1)
/users/jnickla1/.conda/envs/cleanpy/lib/python3.13/site-packages/numpy/lib/_nanfunctions_impl.py:2019: RuntimeWarning: Degrees of freedom <= 0 for slice.
  var = nanvar(a, axis=axis, dtype=dtype, out=out, ddof=ddof,
/oscar/data/deeps/private/bfoxkemp/jnickla1/Thorne_15_codefigurestats/Methods/43_Forcing_Based/1_ERF_FaIR/FaIR_comb_unB_method.py:181: RuntimeWarning: Mean of empty slice
  cdist = np.nanmean(dist)
starting computation for fut_NorESM_RCP45_Volc
max_runs45
Model number:
44




Methods/42_Temp_Alone/1_Run_Means/cent10y_method.py
Methods/42_Temp_Alone/1_Run_Means/cent20y_method.py
Methods/42_Temp_Alone/1_Run_Means/cent21y_method.py
Methods/42_Temp_Alone/1_Run_Means/cent30y_method.py
Methods/42_Temp_Alone/1_Run_Means/lag10y_method.py
Methods/42_Temp_Alone/1_Run_Means/lag5y_method.py
Methods/42_Temp_Alone/1_Run_Means/offset11y_method.py
Methods/42_Temp_Alone/1_Run_Means/raw1y_method.py
Methods/43_Forcing_Based/1_ERF_FaIR/FaIR_all_method.py
Methods/43_Forcing_Based/1_ERF_FaIR/FaIR_all_unB_method.py
Methods/43_Forcing_Based/1_ERF_FaIR/FaIR_anthro_method.py
Methods/43_Forcing_Based/1_ERF_FaIR/FaIR_anthro_unB_method.py
Methods/43_Forcing_Based/1_ERF_FaIR/FaIR_comb_unB_method.py
Methods/43_Forcing_Based/1_ERF_FaIR/FaIR_nonat_method.py
Methods/43_Forcing_Based/1_ERF_FaIR/FaIR_nonat_unB_method.py
evaluating 14 of 0.1C thresholds, starting at 1.1C
11
FaIR_anthro sampled, d llike: -0.6847682479511104
FaIR_anthro sampled, d llike: -62.826774498892526
FaIR_anthro_unB sampled, d llike: 0.01605365772410261
FaIR_anthro_unB sampled, d llike: -4.958536213293182
FaIR_nonat sampled, d llike: 0.05800883928002054
FaIR_nonat sampled, d llike: 0.18495607491391008
FaIR_nonat_unB sampled, d llike: 0.007306650738257536
FaIR_nonat_unB sampled, d llike: 0.001604394001911591
FaIR_all sampled, d llike: -13736.03930516643
FaIR_all sampled, d llike: 0.09688620398482772
FaIR_all_unB sampled, d llike: -0.07298482888643587
FaIR_all_unB sampled, d llike: -0.035066917662942565
FaIR_comb_unB sampled, d llike: -0.431156496256885
FaIR_comb_unB sampled, d llike: 0.2331466747294364
        method_name    method_class c/r  smooth_r  avg_unc.(1se)  #q<0.5  #q<0.1    log-likeli       RMS      bias        tlog-l      100log-l    100RMS     75RMS   100bias       l15        l20    bias50   Edyrs15    Edyrs20   Mdyrs15    Mdyrs20   Fdyrs15    Fdyrs20     EdyrsA    RMSyrsA  ncEdyrs      e100log-l   e100RMS    e75RMS  e100bias       el15      el20   ebias50  eEdyrs15  eEdyrs20  eMdyrs15   eMdyrs20  eFdyrs15   eFdyrs20   eEdyrsA  eRMSyrsA  nceEdyrs
21    FaIR_comb_unB   43/1_ERF_FaIR   c     3.728       0.078544      74      53     -1.113771  0.156558 -0.115626 -1.737482e+02  1.233201e+02  0.053644  0.061406 -0.031349  4.164094   4.237011 -0.063096  0.916667   1.583333  0.916667   1.583333  0.916667   1.583333   1.976190   3.486653     14.0     126.167780  0.042463  0.048835  0.027379   4.151730  3.812919  0.023417 -1.000000 -1.833333 -1.000000  -1.833333 -1.000000  -1.833333 -1.782051  1.782051      13.0
8         offset11y  42/1_Run_Means   c     3.029       0.034442     181     111     -0.554287  0.083980  0.063243 -1.274859e+02  1.215743e+02  0.048857  0.051994  0.022387  4.785750  10.818841  0.042822  2.166667  -1.750000  2.166667  -1.750000  2.166667  -1.750000  -0.250000   1.457057     14.0    -299.597067  0.104084  0.118593  0.081114  10.049703  1.142529  0.129335  0.250000 -5.166667  0.250000  -5.166667  0.250000  -5.166667 -3.519231  3.519231      13.0
15   FaIR_nonat_unB   43/1_ERF_FaIR   c     2.586       0.089530       0       0      1.093534  0.078977 -0.057604  1.749655e+02  1.175211e+02  0.047751  0.054724 -0.025080  3.947000   3.596854 -0.053309  0.500000   1.666667  0.500000   1.666667  0.500000   1.666667   1.696429   3.113511     14.0     115.238737  0.047464  0.054631  0.033647   3.441580  3.532469  0.033204 -1.416667 -1.750000 -1.416667  -1.750000 -1.416667  -1.750000 -1.967949  1.967949      13.0
19     FaIR_all_unB   43/1_ERF_FaIR   c     5.653       0.091873       0       0      1.151358  0.064272 -0.015794  1.842174e+02  1.157082e+02  0.042486  0.043222  0.006227  3.022958   3.452100 -0.011535  1.166667  -1.583333  1.166667  -1.583333  1.166667  -1.583333   0.336310   4.262659     15.0      96.800788  0.079578  0.089795  0.064955   3.805739  2.584720  0.074978 -0.750000 -5.000000 -0.750000  -5.000000 -0.750000  -5.000000 -2.243590  2.243590      15.0
11  FaIR_anthro_unB   43/1_ERF_FaIR   c     2.100       0.094999      46       0      0.701371  0.101844 -0.074788  1.122194e+02  1.110751e+02  0.047233  0.053411 -0.026277  3.680316   3.539300 -0.051872  0.250000   1.166667  0.250000   1.166667  0.250000   1.166667   1.619048   2.955356     14.0     110.765409  0.047227  0.054337  0.032450   3.546083  3.493685  0.034641 -1.666667 -2.250000 -1.666667  -2.250000 -1.666667  -2.250000 -2.000000  2.000000      13.0
2             raw1y  42/1_Run_Means   c    35.482       0.110069       0       0      0.874320  0.100488  0.001860  2.010936e+02  8.549497e+01  0.092824  0.092395  0.009868  3.066283   3.580177  0.010771  0.625000  -2.694444  1.916667  -7.500000 -0.666667  -7.500000   0.300694   2.610712     40.2      55.485573  0.124690  0.133089  0.068595   3.722336  3.893548  0.097284 -1.291667 -6.111111 -2.583333 -10.916667 -2.583333 -10.916667 -2.553953  2.553953      37.2
13       FaIR_nonat   43/1_ERF_FaIR   c     2.597       0.111718     158       0     -0.324756  0.196221 -0.187055 -5.196103e+01  4.190232e+01  0.154220  0.165399 -0.148775  1.821838   1.859079 -0.177012  5.083333  11.333333  5.083333  12.416667  5.083333  10.250000   9.053571  10.600871     14.0      78.004648  0.096066  0.087495 -0.090048   2.689675  2.545364 -0.090499  3.166667  7.916667  3.166667   9.000000  3.166667   6.833333  4.538462  4.538462      14.0
1             lag5y  42/1_Run_Means   c     6.827       0.042796     113      30      0.832584  0.059340 -0.018000  1.914943e+02  4.178340e+01  0.062317  0.062373 -0.027996  0.533350   2.577432 -0.020305  2.333333   1.500000  2.333333   1.500000  2.333333   1.500000   1.720238   1.940266     19.0     -56.581605  0.079665  0.083856  0.030732   7.350836  5.931130  0.066208  0.416667 -1.916667  0.416667  -1.916667  0.416667  -1.916667 -1.570513  1.570513      18.0
9       FaIR_anthro   43/1_ERF_FaIR   c     2.101       0.094953     159      62     -2.134683  0.204872 -0.192865 -3.415493e+02  3.623026e+01  0.149632  0.158571 -0.144385  1.906860   1.770189 -0.169986  5.083333   9.916667  5.083333   9.916667  5.083333   9.916667   8.750000  10.374869     13.0      80.531948  0.092281  0.080253 -0.085658   3.031249  2.740625 -0.083473  3.166667  6.500000  3.166667   6.500000  3.166667   6.500000  4.211538  4.211538      13.0
0            lag10y  42/1_Run_Means   c     3.142       0.035454     123      77      0.029438  0.067170 -0.041887  6.770646e+00 -1.666769e+02  0.089445  0.091593 -0.077498  0.001183   0.101118 -0.058461  4.583333   4.750000  4.583333   4.750000  4.583333   4.750000   4.607143   4.682266     14.0      -9.183050  0.068786  0.062079 -0.018771   0.041544  7.634689  0.028052  2.666667  1.333333  2.666667   1.333333  2.666667   1.333333  1.256410  1.256410      13.0
17         FaIR_all   43/1_ERF_FaIR   c     5.544       0.005595     160     160 -14965.510549  0.199421 -0.185663 -2.394482e+06 -1.164321e+06  0.183098  0.187185 -0.178206  0.000000   0.000000 -0.195968  6.250000  11.541667  6.250000  12.750000  6.250000  10.333333  10.386905  11.839085     16.0 -599747.601692  0.128024  0.108965 -0.119479   0.000000  0.000000 -0.109455  4.333333  8.125000  4.333333   9.333333  4.333333   6.916667  5.974359  5.974359      16.0
4.722270172
finished this run
starting computation for fut_ESM1-2-LR_SSP245_constVolc
max_runs45
Model number:
44




Methods/42_Temp_Alone/1_Run_Means/cent10y_method.py
Methods/42_Temp_Alone/1_Run_Means/cent20y_method.py
Methods/42_Temp_Alone/1_Run_Means/cent21y_method.py
Methods/42_Temp_Alone/1_Run_Means/cent30y_method.py
Methods/42_Temp_Alone/1_Run_Means/lag10y_method.py
Methods/42_Temp_Alone/1_Run_Means/lag5y_method.py
Methods/42_Temp_Alone/1_Run_Means/offset11y_method.py
Methods/42_Temp_Alone/1_Run_Means/raw1y_method.py
Methods/43_Forcing_Based/1_ERF_FaIR/FaIR_all_method.py
Methods/43_Forcing_Based/1_ERF_FaIR/FaIR_all_unB_method.py
Methods/43_Forcing_Based/1_ERF_FaIR/FaIR_anthro_method.py
Methods/43_Forcing_Based/1_ERF_FaIR/FaIR_anthro_unB_method.py
Methods/43_Forcing_Based/1_ERF_FaIR/FaIR_comb_unB_method.py
Methods/43_Forcing_Based/1_ERF_FaIR/FaIR_nonat_method.py
Methods/43_Forcing_Based/1_ERF_FaIR/FaIR_nonat_unB_method.py
evaluating 14 of 0.1C thresholds, starting at 1.1C
11
FaIR_anthro sampled, d llike: -0.04806550152061906
FaIR_anthro sampled, d llike: -0.27887218229614585
FaIR_anthro_unB sampled, d llike: -0.047334767101926856
FaIR_anthro_unB sampled, d llike: -0.23072948386894976
FaIR_nonat sampled, d llike: -0.05621988834972025
FaIR_nonat sampled, d llike: -0.05074566018387805
FaIR_nonat_unB sampled, d llike: -0.050251025749280975
FaIR_nonat_unB sampled, d llike: -0.055715538819111954
FaIR_all sampled, d llike: -1173.4239704532474
FaIR_all sampled, d llike: -0.05859268351766467
FaIR_all_unB sampled, d llike: -0.03244343669684113
FaIR_all_unB sampled, d llike: -0.05465897428053057
FaIR_comb_unB sampled, d llike: -0.05687507453964602
FaIR_comb_unB sampled, d llike: -0.06643310369550859
        method_name    method_class c/r  smooth_r  avg_unc.(1se)  #q<0.5  #q<0.1   log-likeli       RMS      bias         tlog-l       100log-l    100RMS     75RMS   100bias            l15            l20    bias50   Edyrs15   Edyrs20   Mdyrs15    Mdyrs20   Fdyrs15   Fdyrs20    EdyrsA   RMSyrsA  ncEdyrs      e100log-l   e100RMS    e75RMS  e100bias       el15          el20   ebias50  eEdyrs15  eEdyrs20  eMdyrs15   eMdyrs20  eFdyrs15  eFdyrs20   eEdyrsA  eRMSyrsA  nceEdyrs
8         offset11y  42/1_Run_Means   c     2.699       0.039917     142      58    -0.015967  0.078340  0.057737      -3.688294     174.558665  0.034272  0.038620  0.017487   5.733653e+00   7.953284e+00  0.039813  0.916667 -2.833333  0.916667  -2.833333  0.916667 -2.833333 -1.386905  2.501091     14.0     164.654955  0.040498  0.034145  0.004696  10.794829  7.557032e+00  0.021528 -0.250000 -3.333333 -0.250000  -3.333333 -0.250000 -3.333333 -1.160714  1.160714      14.0
21    FaIR_comb_unB   43/1_ERF_FaIR   c     1.956       0.072446       0       0     1.575746  0.028218 -0.001429     247.392101     140.629148  0.028321  0.025272  0.001089   4.679838e+00   4.687893e+00  0.016481  0.833333  0.333333  0.833333   0.333333  0.833333  0.333333 -0.392857  1.876653     14.0     135.464763  0.039305  0.016919 -0.011701   5.516941  5.302700e+00 -0.001804 -0.333333 -0.166667 -0.333333  -0.166667 -0.333333 -0.166667 -0.166667  0.166667      14.0
15   FaIR_nonat_unB   43/1_ERF_FaIR   c     1.841       0.081984       0       0     1.421288  0.039021  0.014127     228.827385     127.370493  0.038225  0.035053  0.027980   4.084616e+00   4.297118e+00  0.025516 -1.000000 -2.000000 -1.000000  -2.000000 -1.000000 -2.000000 -1.821429  2.449085     14.0     126.555571  0.040816  0.039005  0.015190   3.761994  4.599620e+00  0.007232 -2.166667 -2.500000 -2.166667  -2.500000 -2.166667 -2.500000 -1.595238  1.595238      14.0
19     FaIR_all_unB   43/1_ERF_FaIR   c     2.970       0.085061       0       0     1.337727  0.049839  0.005045     215.374054     123.689917  0.041442  0.029798  0.022797   3.965143e+00   4.091887e+00  0.006378 -0.583333  0.083333 -0.583333   0.083333 -0.583333  0.083333 -0.928571  2.038810     14.0     125.180969  0.039352  0.038714  0.010007   3.773037  4.542755e+00 -0.011907 -1.750000 -0.416667 -1.750000  -0.416667 -1.750000 -0.416667 -0.696429  0.696429      14.0
9       FaIR_anthro   43/1_ERF_FaIR   c     1.273       0.086000       0       0     1.237511  0.051519 -0.003420     199.239283     121.187043  0.033987  0.030184  0.022122   3.736438e+00   3.832795e+00  0.017108 -1.083333 -1.333333 -1.083333  -1.333333 -1.083333 -1.333333 -1.232143  2.337263     14.0     119.551885  0.038473  0.035905  0.009331   3.503330  3.956376e+00 -0.001176 -2.250000 -1.833333 -2.250000  -1.833333 -2.250000 -1.833333 -1.005952  1.005952      14.0
11  FaIR_anthro_unB   43/1_ERF_FaIR   c     1.275       0.085954       0       0     1.259507  0.051734  0.006217     202.780675     119.284166  0.040896  0.037123  0.031734   3.716547e+00   3.750798e+00  0.026747 -1.416667 -1.916667 -1.416667  -1.916667 -1.416667 -1.916667 -1.744048  2.523402     14.0     118.677085  0.041868  0.041527  0.018944   3.293404  3.927022e+00  0.008463 -2.583333 -2.416667 -2.583333  -2.416667 -2.583333 -2.416667 -1.517857  1.517857      14.0
13       FaIR_nonat   43/1_ERF_FaIR   c     1.873       0.102373       0       0     1.228513  0.039801  0.004061     197.790567     111.357775  0.033149  0.029854  0.020510   3.320411e+00   3.405537e+00  0.018068 -0.583333 -1.083333 -0.583333  -1.083333 -0.583333 -1.083333 -1.351190  2.150697     16.0     110.615706  0.038679  0.034762  0.007719   3.505001  3.775578e+00 -0.000217 -1.750000 -1.583333 -1.750000  -1.583333 -1.750000 -1.583333 -1.119048  1.119048      16.0
2             raw1y  42/1_Run_Means   c    27.866       0.131964       0       0     0.663469  0.123446 -0.002032     153.261446      72.082156  0.107269  0.111209  0.000328   3.168736e+00   1.629023e+00  0.000253  0.444444  6.104167  2.916667  14.916667 -1.416667 -5.000000 -0.641567  3.037630     54.3      69.298243  0.111644  0.113911 -0.012462   1.676710  2.723688e+00 -0.018032 -0.722222  5.604167 -2.583333  14.416667 -2.583333 -5.500000 -0.415377  0.415377      54.3
1             lag5y  42/1_Run_Means   c     5.597       0.050307      80      31     0.654244  0.066444 -0.022411     151.130332      28.975035  0.059923  0.059454 -0.032673   7.138446e-01   6.601084e+00 -0.025953  1.666667  1.000000  1.666667   4.500000  1.666667 -2.500000  2.375000  2.885548     20.0     -60.467112  0.069615  0.061821 -0.045463   4.956449  7.334643e+00 -0.044238  0.500000  0.500000  0.500000   4.000000  0.500000 -3.000000  2.601190  2.601190      20.0
0            lag10y  42/1_Run_Means   c     2.920       0.041164     151      41     0.334822  0.068970 -0.047167      77.343843    -124.101597  0.087911  0.082019 -0.082704   1.010842e-03   2.547679e+00 -0.062339  5.000000  3.583333  5.000000   3.583333  5.000000  3.583333  4.136905  4.418519     15.0    -216.926055  0.103965  0.082983 -0.095495   0.508395  2.996966e+00 -0.080624  3.833333  3.083333  3.833333   3.083333  3.833333  3.083333  4.363095  4.363095      15.0
17         FaIR_all   43/1_ERF_FaIR   c     2.719       0.005592     151     142 -1294.186172  0.062803  0.037708 -208363.973659 -145209.101007  0.067724  0.054712  0.058197  2.644356e-285  5.033579e-107  0.041776 -1.833333 -3.000000 -1.833333  -3.000000 -1.833333 -3.000000 -3.065476  3.620036     14.0 -102082.018102  0.059271  0.059054  0.045406   0.000000  1.502322e-82  0.023491 -3.000000 -3.500000 -3.000000  -3.500000 -3.000000 -3.500000 -2.839286  2.839286      14.0
5.056310107000001
finished this run
/oscar/data/deeps/private/bfoxkemp/jnickla1/Thorne_15_codefigurestats/Methods/43_Forcing_Based/1_ERF_FaIR/FaIR_all_unB_method.py:90: RuntimeWarning: Mean of empty slice
  return np.nanmean(samp_cur[year_idx-1850, :], axis = 1)
/users/jnickla1/.conda/envs/cleanpy/lib/python3.13/site-packages/numpy/lib/_nanfunctions_impl.py:2019: RuntimeWarning: Degrees of freedom <= 0 for slice.
  var = nanvar(a, axis=axis, dtype=dtype, out=out, ddof=ddof,
/oscar/data/deeps/private/bfoxkemp/jnickla1/Thorne_15_codefigurestats/Methods/43_Forcing_Based/1_ERF_FaIR/FaIR_all_unB_method.py:118: RuntimeWarning: Mean of empty slice
  cdist = np.nanmean(dist)
/oscar/data/deeps/private/bfoxkemp/jnickla1/Thorne_15_codefigurestats/Methods/43_Forcing_Based/1_ERF_FaIR/FaIR_comb_unB_method.py:153: RuntimeWarning: Mean of empty slice
  return np.nanmean(samp_cur[year_idx-1850, :], axis = 1)
/users/jnickla1/.conda/envs/cleanpy/lib/python3.13/site-packages/numpy/lib/_nanfunctions_impl.py:2019: RuntimeWarning: Degrees of freedom <= 0 for slice.
  var = nanvar(a, axis=axis, dtype=dtype, out=out, ddof=ddof,
/oscar/data/deeps/private/bfoxkemp/jnickla1/Thorne_15_codefigurestats/Methods/43_Forcing_Based/1_ERF_FaIR/FaIR_comb_unB_method.py:181: RuntimeWarning: Mean of empty slice
  cdist = np.nanmean(dist)
starting computation for fut_ESM1-2-LR_SSP370_constVolc
max_runs45
Model number:
44




Methods/42_Temp_Alone/1_Run_Means/cent10y_method.py
Methods/42_Temp_Alone/1_Run_Means/cent20y_method.py
Methods/42_Temp_Alone/1_Run_Means/cent21y_method.py
Methods/42_Temp_Alone/1_Run_Means/cent30y_method.py
Methods/42_Temp_Alone/1_Run_Means/lag10y_method.py
Methods/42_Temp_Alone/1_Run_Means/lag5y_method.py
Methods/42_Temp_Alone/1_Run_Means/offset11y_method.py
Methods/42_Temp_Alone/1_Run_Means/raw1y_method.py
Methods/43_Forcing_Based/1_ERF_FaIR/FaIR_all_method.py
Methods/43_Forcing_Based/1_ERF_FaIR/FaIR_all_unB_method.py
Methods/43_Forcing_Based/1_ERF_FaIR/FaIR_anthro_method.py
Methods/43_Forcing_Based/1_ERF_FaIR/FaIR_anthro_unB_method.py
Methods/43_Forcing_Based/1_ERF_FaIR/FaIR_comb_unB_method.py
Methods/43_Forcing_Based/1_ERF_FaIR/FaIR_nonat_method.py
Methods/43_Forcing_Based/1_ERF_FaIR/FaIR_nonat_unB_method.py
evaluating 23 of 0.1C thresholds, starting at 1.1C
11
FaIR_anthro sampled, d llike: -0.03429366546153312
FaIR_anthro sampled, d llike: -0.451634220197359
FaIR_anthro_unB sampled, d llike: -0.021570907920156923
FaIR_anthro_unB sampled, d llike: -0.803589602691742
FaIR_nonat sampled, d llike: -0.048656871594362716
FaIR_nonat sampled, d llike: -0.007337223469582099
FaIR_nonat_unB sampled, d llike: -0.03524825604461168
FaIR_nonat_unB sampled, d llike: -0.04888813398729086
FaIR_all sampled, d llike: -1112.8193237541652
FaIR_all sampled, d llike: -0.03403343678079507
FaIR_all_unB sampled, d llike: -0.023100427887671415
FaIR_all_unB sampled, d llike: -0.030102542241620345
FaIR_comb_unB sampled, d llike: -0.046293916119169776
FaIR_comb_unB sampled, d llike: -0.9183479132911354
        method_name    method_class c/r  smooth_r  avg_unc.(1se)  #q<0.5  #q<0.1   log-likeli       RMS      bias         tlog-l       100log-l    100RMS     75RMS   100bias        l15            l20    bias50   Edyrs15   Edyrs20   Mdyrs15   Mdyrs20   Fdyrs15   Fdyrs20    EdyrsA   RMSyrsA  ncEdyrs     e100log-l   e100RMS    e75RMS  e100bias       el15      el20   ebias50  eEdyrs15  eEdyrs20  eMdyrs15  eMdyrs20  eFdyrs15  eFdyrs20   eEdyrsA  eRMSyrsA  nceEdyrs
21    FaIR_comb_unB   43/1_ERF_FaIR   c     2.022       0.071285       0       0     1.605663  0.027438 -0.006929     252.089162     144.872930  0.027411  0.028182 -0.007227   4.986170   4.233496e+00 -0.011790 -0.500000  1.250000 -0.500000  1.250000 -0.500000  1.250000  0.289855  0.918476     23.0    120.751212  0.059290  0.052256 -0.044184   4.987821  2.714910 -0.040716 -0.250000  3.166667 -0.250000  3.166667 -0.250000  3.166667  1.253623  1.253623      23.0
15   FaIR_nonat_unB   43/1_ERF_FaIR   c     1.909       0.080795       0       0     1.374879  0.049931  0.027945     221.355458     122.822149  0.051231  0.041312  0.027479   3.195092   4.492509e+00 -0.012782 -2.083333  0.583333 -2.083333  0.583333 -2.083333  0.583333 -0.699275  1.739270     23.0    126.048070  0.045996  0.050378 -0.009478   3.226493  3.659868 -0.041709 -1.833333  2.500000 -1.833333  2.500000 -1.833333  2.500000  0.264493  0.264493      23.0
9       FaIR_anthro   43/1_ERF_FaIR   c     1.496       0.083733       0       0     1.229435  0.058287 -0.022345     197.939057     119.499119  0.049222  0.052253 -0.011274   3.763736   3.525947e+00 -0.057636 -1.416667  1.666667 -1.416667  1.666667 -1.416667  1.666667  0.757246  1.579706     23.0    105.975500  0.068673  0.077162 -0.048231   3.779390  2.199695 -0.086563 -1.166667  3.583333 -1.166667  3.583333 -1.166667  3.583333  1.721014  1.721014      23.0
19     FaIR_all_unB   43/1_ERF_FaIR   c     3.060       0.083837       0       0     1.299189  0.058000  0.012606     209.169382     115.877171  0.058792  0.044818  0.016700   3.556169   3.714641e+00 -0.035500 -1.666667  1.250000 -1.666667  1.250000 -1.666667  1.250000 -0.163043  1.851442     23.0    116.749415  0.057275  0.063179 -0.020258   3.577632  3.233849 -0.064426 -1.416667  3.166667 -1.416667  3.166667 -1.416667  3.166667  0.800725  0.800725      23.0
11  FaIR_anthro_unB   43/1_ERF_FaIR   c     1.516       0.083734       0       0     1.311107  0.058806  0.023672     211.088158     115.673865  0.059146  0.047074  0.034730   3.152708   4.349993e+00 -0.011573 -2.750000  0.333333 -2.750000  0.333333 -2.750000  0.333333 -0.822464  1.873167     23.0    120.930785  0.048908  0.052459 -0.002227   3.173622  3.585227 -0.040499 -2.500000  2.250000 -2.500000  2.250000 -2.500000  2.250000  0.141304  0.141304      23.0
13       FaIR_nonat   43/1_ERF_FaIR   c     1.955       0.100845       0       0     1.225143  0.046108 -0.016220     197.247982     110.992305  0.045432  0.049080 -0.013974   3.364346   3.029979e+00 -0.054225 -1.250000  1.583333 -1.250000  1.583333 -1.250000  1.583333  0.739130  1.517013     23.0    101.140465  0.067969  0.075238 -0.050931   3.373708  2.517830 -0.083152 -1.000000  3.500000 -1.000000  3.500000 -1.000000  3.500000  1.702899  1.702899      23.0
8         offset11y  42/1_Run_Means   c     2.667       0.042649     163      76    -0.374736  0.083800  0.035977     -86.564113      91.682845  0.058495  0.065451 -0.037749  10.053261   1.084522e+00 -0.071831 -1.000000  1.666667 -1.000000  1.666667 -1.000000  1.666667  1.597826  1.991604     23.0    -37.413924  0.086206  0.092645 -0.074706  10.273666  0.693627 -0.100757 -0.750000  3.583333 -0.750000  3.583333 -0.750000  3.583333  2.561594  2.561594      23.0
2             raw1y  42/1_Run_Means   c    26.434       0.133207       0       0     0.653283  0.124639 -0.003746     150.908323      69.684923  0.110716  0.115639 -0.004024   2.026376   2.569469e+00 -0.005543 -1.472222 -1.541667 -7.583333 -3.416667 -7.583333 -3.416667  0.127114  1.481106     50.3     62.659430  0.121352  0.123866 -0.040981   2.044048  3.101314 -0.034470 -1.222222  0.375000 -7.333333  2.250000 -7.333333 -1.500000  1.090882  1.090882      50.3
1             lag5y  42/1_Run_Means   c     5.460       0.051443     106      43     0.237268  0.076820 -0.033219      54.808844     -67.346453  0.085815  0.088625 -0.060108   5.055118   1.940551e+00 -0.076334  2.750000  1.500000  5.166667  1.500000  0.333333  1.500000  2.405797  2.846941     25.2   -299.849223  0.114187  0.114628 -0.097065   4.933302  1.018760 -0.105260  3.000000  3.416667  5.416667  3.416667  0.583333  3.416667  3.369565  3.369565      25.2
0            lag10y  42/1_Run_Means   c     2.844       0.043636     164      86    -1.478800  0.097807 -0.067363    -341.602801    -543.048241  0.141198  0.151305 -0.133970   0.415121   3.994853e-03 -0.164744  5.333333  3.916667  5.333333  3.916667  5.333333  3.916667  4.775362  4.874636     23.0   -959.269721  0.176465  0.181095 -0.170927   0.381482  0.000383 -0.193670  5.583333  5.833333  5.583333  5.833333  5.583333  5.833333  5.739130  5.739130      23.0
17         FaIR_all   43/1_ERF_FaIR   c     2.772       0.005566     147     140 -1221.823388  0.059234  0.018722 -196713.565442 -133563.654968  0.061818  0.044321  0.025358   0.000000  1.220315e-107 -0.026840 -1.916667  1.416667 -1.916667  1.416667 -1.916667  1.416667 -0.481884  1.975469     23.0 -87632.847555  0.054809  0.058669 -0.011599   0.000000  0.000000 -0.055766 -1.666667  3.333333 -1.666667  3.333333 -1.666667  3.333333  0.481884  0.481884      23.0
6.3188606069999995
finished this run
All processes completed.
