/oscar/data/deeps/private/bfoxkemp/jnickla1/Thorne_15_codefigurestats/fut_evaluation_gen_ensemble.py:20: RuntimeWarning: Mean of empty slice
  return np.nanmean(standards_np,axis=0)
/oscar/data/deeps/private/bfoxkemp/jnickla1/Thorne_15_codefigurestats/fut_evaluation_gen_ensemble.py:20: RuntimeWarning: Mean of empty slice
  return np.nanmean(standards_np,axis=0)
/oscar/data/deeps/private/bfoxkemp/jnickla1/Thorne_15_codefigurestats/fut_evaluation_gen_ensemble.py:20: RuntimeWarning: Mean of empty slice
  return np.nanmean(standards_np,axis=0)
/oscar/data/deeps/private/bfoxkemp/jnickla1/Thorne_15_codefigurestats/fut_evaluation_gen_ensemble.py:20: RuntimeWarning: Mean of empty slice
  return np.nanmean(standards_np,axis=0)
/oscar/data/deeps/private/bfoxkemp/jnickla1/Thorne_15_codefigurestats/fut_evaluation_gen_ensemble.py:20: RuntimeWarning: Mean of empty slice
  return np.nanmean(standards_np,axis=0)
/oscar/data/deeps/private/bfoxkemp/jnickla1/Thorne_15_codefigurestats/Methods/43_Forcing_Based/1_ERF_FaIR/FaIR_all_method.py:53: RuntimeWarning: Mean of empty slice
  samp_mean =  np.nanmean(samp_cur, axis = 1)
/oscar/data/deeps/private/bfoxkemp/jnickla1/Thorne_15_codefigurestats/Methods/43_Forcing_Based/1_ERF_FaIR/FaIR_all_unB_method.py:70: RuntimeWarning: Mean of empty slice
  samp_mean =  np.nanmean(samp_cur, axis = 1)
/oscar/data/deeps/private/bfoxkemp/jnickla1/Thorne_15_codefigurestats/Methods/43_Forcing_Based/1_ERF_FaIR/FaIR_all_method.py:53: RuntimeWarning: Mean of empty slice
  samp_mean =  np.nanmean(samp_cur, axis = 1)
/oscar/data/deeps/private/bfoxkemp/jnickla1/Thorne_15_codefigurestats/Methods/43_Forcing_Based/1_ERF_FaIR/FaIR_all_unB_method.py:70: RuntimeWarning: Mean of empty slice
  samp_mean =  np.nanmean(samp_cur, axis = 1)
/oscar/data/deeps/private/bfoxkemp/jnickla1/Thorne_15_codefigurestats/Methods/43_Forcing_Based/1_ERF_FaIR/FaIR_anthro_method.py:53: RuntimeWarning: Mean of empty slice
  samp_mean =  np.nanmean(samp_cur, axis = 1)
/oscar/data/deeps/private/bfoxkemp/jnickla1/Thorne_15_codefigurestats/Methods/43_Forcing_Based/1_ERF_FaIR/FaIR_anthro_unB_method.py:70: RuntimeWarning: Mean of empty slice
  samp_mean =  np.nanmean(samp_cur, axis = 1)
/oscar/data/deeps/private/bfoxkemp/jnickla1/Thorne_15_codefigurestats/Methods/43_Forcing_Based/1_ERF_FaIR/FaIR_anthro_method.py:53: RuntimeWarning: Mean of empty slice
  samp_mean =  np.nanmean(samp_cur, axis = 1)
/oscar/data/deeps/private/bfoxkemp/jnickla1/Thorne_15_codefigurestats/Methods/43_Forcing_Based/1_ERF_FaIR/FaIR_anthro_unB_method.py:70: RuntimeWarning: Mean of empty slice
  samp_mean =  np.nanmean(samp_cur, axis = 1)
/oscar/data/deeps/private/bfoxkemp/jnickla1/Thorne_15_codefigurestats/Methods/43_Forcing_Based/1_ERF_FaIR/FaIR_comb_unB_method.py:70: RuntimeWarning: Mean of empty slice
  samp_mean =  np.nanmean(samp_cur, axis = 1)
/oscar/data/deeps/private/bfoxkemp/jnickla1/Thorne_15_codefigurestats/Methods/43_Forcing_Based/1_ERF_FaIR/FaIR_comb_unB_method.py:127: RuntimeWarning: Mean of empty slice
  samp_meanAll =  np.nanmean(samp_curAll, axis = 1)
/oscar/data/deeps/private/bfoxkemp/jnickla1/Thorne_15_codefigurestats/Methods/43_Forcing_Based/1_ERF_FaIR/FaIR_comb_unB_method.py:70: RuntimeWarning: Mean of empty slice
  samp_mean =  np.nanmean(samp_cur, axis = 1)
/oscar/data/deeps/private/bfoxkemp/jnickla1/Thorne_15_codefigurestats/Methods/43_Forcing_Based/1_ERF_FaIR/FaIR_comb_unB_method.py:127: RuntimeWarning: Mean of empty slice
  samp_meanAll =  np.nanmean(samp_curAll, axis = 1)
/oscar/data/deeps/private/bfoxkemp/jnickla1/Thorne_15_codefigurestats/Methods/43_Forcing_Based/1_ERF_FaIR/FaIR_nonat_method.py:53: RuntimeWarning: Mean of empty slice
  samp_mean =  np.nanmean(samp_cur, axis = 1)
/oscar/data/deeps/private/bfoxkemp/jnickla1/Thorne_15_codefigurestats/Methods/43_Forcing_Based/1_ERF_FaIR/FaIR_nonat_method.py:53: RuntimeWarning: Mean of empty slice
  samp_mean =  np.nanmean(samp_cur, axis = 1)
/oscar/data/deeps/private/bfoxkemp/jnickla1/Thorne_15_codefigurestats/Methods/43_Forcing_Based/1_ERF_FaIR/FaIR_nonat_unB_method.py:72: RuntimeWarning: Mean of empty slice
  samp_mean =  np.nanmean(samp_cur, axis = 1)
/oscar/data/deeps/private/bfoxkemp/jnickla1/Thorne_15_codefigurestats/Methods/43_Forcing_Based/1_ERF_FaIR/FaIR_all_method.py:68: RuntimeWarning: Mean of empty slice
  return np.nanmean(samp_cur[year_idx-1850, :], axis = 1)
/users/jnickla1/.conda/envs/cleanpy/lib/python3.13/site-packages/numpy/lib/_nanfunctions_impl.py:2019: RuntimeWarning: Degrees of freedom <= 0 for slice.
  var = nanvar(a, axis=axis, dtype=dtype, out=out, ddof=ddof,
/oscar/data/deeps/private/bfoxkemp/jnickla1/Thorne_15_codefigurestats/Methods/43_Forcing_Based/1_ERF_FaIR/FaIR_all_unB_method.py:90: RuntimeWarning: Mean of empty slice
  return np.nanmean(samp_cur[year_idx-1850, :], axis = 1)
/oscar/data/deeps/private/bfoxkemp/jnickla1/Thorne_15_codefigurestats/Methods/43_Forcing_Based/1_ERF_FaIR/FaIR_nonat_unB_method.py:72: RuntimeWarning: Mean of empty slice
  samp_mean =  np.nanmean(samp_cur, axis = 1)
/oscar/data/deeps/private/bfoxkemp/jnickla1/Thorne_15_codefigurestats/Methods/43_Forcing_Based/1_ERF_FaIR/FaIR_anthro_method.py:67: RuntimeWarning: Mean of empty slice
  return np.nanmean(samp_cur[year_idx-1850, :], axis = 1)
/oscar/data/deeps/private/bfoxkemp/jnickla1/Thorne_15_codefigurestats/Methods/43_Forcing_Based/1_ERF_FaIR/FaIR_anthro_unB_method.py:89: RuntimeWarning: Mean of empty slice
  return np.nanmean(samp_cur[year_idx-1850, :], axis = 1)
/oscar/data/deeps/private/bfoxkemp/jnickla1/Thorne_15_codefigurestats/Methods/43_Forcing_Based/1_ERF_FaIR/FaIR_comb_unB_method.py:153: RuntimeWarning: Mean of empty slice
  return np.nanmean(samp_cur[year_idx-1850, :], axis = 1)
/oscar/data/deeps/private/bfoxkemp/jnickla1/Thorne_15_codefigurestats/Methods/43_Forcing_Based/1_ERF_FaIR/FaIR_all_method.py:68: RuntimeWarning: Mean of empty slice
  return np.nanmean(samp_cur[year_idx-1850, :], axis = 1)
/users/jnickla1/.conda/envs/cleanpy/lib/python3.13/site-packages/numpy/lib/_nanfunctions_impl.py:2019: RuntimeWarning: Degrees of freedom <= 0 for slice.
  var = nanvar(a, axis=axis, dtype=dtype, out=out, ddof=ddof,
/oscar/data/deeps/private/bfoxkemp/jnickla1/Thorne_15_codefigurestats/Methods/43_Forcing_Based/1_ERF_FaIR/FaIR_all_unB_method.py:90: RuntimeWarning: Mean of empty slice
  return np.nanmean(samp_cur[year_idx-1850, :], axis = 1)
/oscar/data/deeps/private/bfoxkemp/jnickla1/Thorne_15_codefigurestats/Methods/43_Forcing_Based/1_ERF_FaIR/FaIR_nonat_method.py:68: RuntimeWarning: Mean of empty slice
  return np.nanmean(samp_cur[year_idx-1850, :], axis = 1)
/oscar/data/deeps/private/bfoxkemp/jnickla1/Thorne_15_codefigurestats/Methods/43_Forcing_Based/1_ERF_FaIR/FaIR_anthro_method.py:67: RuntimeWarning: Mean of empty slice
  return np.nanmean(samp_cur[year_idx-1850, :], axis = 1)
/oscar/data/deeps/private/bfoxkemp/jnickla1/Thorne_15_codefigurestats/Methods/43_Forcing_Based/1_ERF_FaIR/FaIR_nonat_unB_method.py:92: RuntimeWarning: Mean of empty slice
  return np.nanmean(samp_cur[year_idx-1850, :], axis = 1)
/oscar/data/deeps/private/bfoxkemp/jnickla1/Thorne_15_codefigurestats/Methods/43_Forcing_Based/1_ERF_FaIR/FaIR_anthro_unB_method.py:89: RuntimeWarning: Mean of empty slice
  return np.nanmean(samp_cur[year_idx-1850, :], axis = 1)
/oscar/data/deeps/private/bfoxkemp/jnickla1/Thorne_15_codefigurestats/Methods/43_Forcing_Based/1_ERF_FaIR/FaIR_comb_unB_method.py:153: RuntimeWarning: Mean of empty slice
  return np.nanmean(samp_cur[year_idx-1850, :], axis = 1)
/oscar/data/deeps/private/bfoxkemp/jnickla1/Thorne_15_codefigurestats/Methods/43_Forcing_Based/1_ERF_FaIR/FaIR_nonat_method.py:68: RuntimeWarning: Mean of empty slice
  return np.nanmean(samp_cur[year_idx-1850, :], axis = 1)
/oscar/data/deeps/private/bfoxkemp/jnickla1/Thorne_15_codefigurestats/Methods/43_Forcing_Based/1_ERF_FaIR/FaIR_anthro_method.py:67: RuntimeWarning: Mean of empty slice
  return np.nanmean(samp_cur[year_idx-1850, :], axis = 1)
/oscar/data/deeps/private/bfoxkemp/jnickla1/Thorne_15_codefigurestats/Methods/43_Forcing_Based/1_ERF_FaIR/FaIR_anthro_unB_method.py:89: RuntimeWarning: Mean of empty slice
  return np.nanmean(samp_cur[year_idx-1850, :], axis = 1)
/oscar/data/deeps/private/bfoxkemp/jnickla1/Thorne_15_codefigurestats/Methods/43_Forcing_Based/1_ERF_FaIR/FaIR_nonat_unB_method.py:92: RuntimeWarning: Mean of empty slice
  return np.nanmean(samp_cur[year_idx-1850, :], axis = 1)
/oscar/data/deeps/private/bfoxkemp/jnickla1/Thorne_15_codefigurestats/Methods/43_Forcing_Based/1_ERF_FaIR/FaIR_nonat_method.py:68: RuntimeWarning: Mean of empty slice
  return np.nanmean(samp_cur[year_idx-1850, :], axis = 1)
/oscar/data/deeps/private/bfoxkemp/jnickla1/Thorne_15_codefigurestats/Methods/43_Forcing_Based/1_ERF_FaIR/FaIR_nonat_unB_method.py:92: RuntimeWarning: Mean of empty slice
  return np.nanmean(samp_cur[year_idx-1850, :], axis = 1)
/oscar/data/deeps/private/bfoxkemp/jnickla1/Thorne_15_codefigurestats/Methods/43_Forcing_Based/1_ERF_FaIR/FaIR_all_method.py:68: RuntimeWarning: Mean of empty slice
  return np.nanmean(samp_cur[year_idx-1850, :], axis = 1)
/oscar/data/deeps/private/bfoxkemp/jnickla1/Thorne_15_codefigurestats/Methods/43_Forcing_Based/1_ERF_FaIR/FaIR_all_unB_method.py:90: RuntimeWarning: Mean of empty slice
  return np.nanmean(samp_cur[year_idx-1850, :], axis = 1)
/oscar/data/deeps/private/bfoxkemp/jnickla1/Thorne_15_codefigurestats/Methods/43_Forcing_Based/1_ERF_FaIR/FaIR_comb_unB_method.py:153: RuntimeWarning: Mean of empty slice
  return np.nanmean(samp_cur[year_idx-1850, :], axis = 1)
/oscar/data/deeps/private/bfoxkemp/jnickla1/Thorne_15_codefigurestats/Methods/43_Forcing_Based/1_ERF_FaIR/FaIR_anthro_method.py:67: RuntimeWarning: Mean of empty slice
  return np.nanmean(samp_cur[year_idx-1850, :], axis = 1)
/oscar/data/deeps/private/bfoxkemp/jnickla1/Thorne_15_codefigurestats/Methods/43_Forcing_Based/1_ERF_FaIR/FaIR_anthro_unB_method.py:89: RuntimeWarning: Mean of empty slice
  return np.nanmean(samp_cur[year_idx-1850, :], axis = 1)
/oscar/data/deeps/private/bfoxkemp/jnickla1/Thorne_15_codefigurestats/Methods/43_Forcing_Based/1_ERF_FaIR/FaIR_nonat_method.py:68: RuntimeWarning: Mean of empty slice
  return np.nanmean(samp_cur[year_idx-1850, :], axis = 1)
/oscar/data/deeps/private/bfoxkemp/jnickla1/Thorne_15_codefigurestats/Methods/43_Forcing_Based/1_ERF_FaIR/FaIR_nonat_unB_method.py:92: RuntimeWarning: Mean of empty slice
  return np.nanmean(samp_cur[year_idx-1850, :], axis = 1)
/oscar/data/deeps/private/bfoxkemp/jnickla1/Thorne_15_codefigurestats/Methods/43_Forcing_Based/1_ERF_FaIR/FaIR_all_method.py:68: RuntimeWarning: Mean of empty slice
  return np.nanmean(samp_cur[year_idx-1850, :], axis = 1)
/oscar/data/deeps/private/bfoxkemp/jnickla1/Thorne_15_codefigurestats/Methods/43_Forcing_Based/1_ERF_FaIR/FaIR_all_unB_method.py:90: RuntimeWarning: Mean of empty slice
  return np.nanmean(samp_cur[year_idx-1850, :], axis = 1)
/oscar/data/deeps/private/bfoxkemp/jnickla1/Thorne_15_codefigurestats/Methods/43_Forcing_Based/1_ERF_FaIR/FaIR_comb_unB_method.py:153: RuntimeWarning: Mean of empty slice
  return np.nanmean(samp_cur[year_idx-1850, :], axis = 1)
/oscar/data/deeps/private/bfoxkemp/jnickla1/Thorne_15_codefigurestats/Methods/43_Forcing_Based/1_ERF_FaIR/FaIR_anthro_method.py:67: RuntimeWarning: Mean of empty slice
  return np.nanmean(samp_cur[year_idx-1850, :], axis = 1)
/users/jnickla1/.conda/envs/cleanpy/lib/python3.13/site-packages/numpy/lib/_nanfunctions_impl.py:2019: RuntimeWarning: Degrees of freedom <= 0 for slice.
  var = nanvar(a, axis=axis, dtype=dtype, out=out, ddof=ddof,
/oscar/data/deeps/private/bfoxkemp/jnickla1/Thorne_15_codefigurestats/Methods/43_Forcing_Based/1_ERF_FaIR/FaIR_anthro_method.py:95: RuntimeWarning: Mean of empty slice
  cdist = np.nanmean(dist)
/oscar/data/deeps/private/bfoxkemp/jnickla1/Thorne_15_codefigurestats/Methods/43_Forcing_Based/1_ERF_FaIR/FaIR_anthro_method.py:67: RuntimeWarning: Mean of empty slice
  return np.nanmean(samp_cur[year_idx-1850, :], axis = 1)
/users/jnickla1/.conda/envs/cleanpy/lib/python3.13/site-packages/numpy/lib/_nanfunctions_impl.py:2019: RuntimeWarning: Degrees of freedom <= 0 for slice.
  var = nanvar(a, axis=axis, dtype=dtype, out=out, ddof=ddof,
/oscar/data/deeps/private/bfoxkemp/jnickla1/Thorne_15_codefigurestats/Methods/43_Forcing_Based/1_ERF_FaIR/FaIR_anthro_method.py:95: RuntimeWarning: Mean of empty slice
  cdist = np.nanmean(dist)
/oscar/data/deeps/private/bfoxkemp/jnickla1/Thorne_15_codefigurestats/fut_evaluation_script.py:427: RuntimeWarning: Mean of empty slice
  evalmean = np.nanmean(diffcross) #if crossing multiple times take the mean
/oscar/data/deeps/private/bfoxkemp/jnickla1/Thorne_15_codefigurestats/Methods/43_Forcing_Based/1_ERF_FaIR/FaIR_all_method.py:53: RuntimeWarning: Mean of empty slice
  samp_mean =  np.nanmean(samp_cur, axis = 1)
/oscar/data/deeps/private/bfoxkemp/jnickla1/Thorne_15_codefigurestats/fut_evaluation_script.py:427: RuntimeWarning: Mean of empty slice
  evalmean = np.nanmean(diffcross) #if crossing multiple times take the mean
/oscar/data/deeps/private/bfoxkemp/jnickla1/Thorne_15_codefigurestats/Methods/43_Forcing_Based/1_ERF_FaIR/FaIR_all_unB_method.py:70: RuntimeWarning: Mean of empty slice
  samp_mean =  np.nanmean(samp_cur, axis = 1)
/oscar/data/deeps/private/bfoxkemp/jnickla1/Thorne_15_codefigurestats/Methods/43_Forcing_Based/1_ERF_FaIR/FaIR_all_method.py:53: RuntimeWarning: Mean of empty slice
  samp_mean =  np.nanmean(samp_cur, axis = 1)
/oscar/data/deeps/private/bfoxkemp/jnickla1/Thorne_15_codefigurestats/Methods/43_Forcing_Based/1_ERF_FaIR/FaIR_all_method.py:53: RuntimeWarning: Mean of empty slice
  samp_mean =  np.nanmean(samp_cur, axis = 1)
/oscar/data/deeps/private/bfoxkemp/jnickla1/Thorne_15_codefigurestats/Methods/43_Forcing_Based/1_ERF_FaIR/FaIR_all_unB_method.py:70: RuntimeWarning: Mean of empty slice
  samp_mean =  np.nanmean(samp_cur, axis = 1)
/oscar/data/deeps/private/bfoxkemp/jnickla1/Thorne_15_codefigurestats/Methods/43_Forcing_Based/1_ERF_FaIR/FaIR_anthro_method.py:53: RuntimeWarning: Mean of empty slice
  samp_mean =  np.nanmean(samp_cur, axis = 1)
/oscar/data/deeps/private/bfoxkemp/jnickla1/Thorne_15_codefigurestats/Methods/43_Forcing_Based/1_ERF_FaIR/FaIR_all_unB_method.py:70: RuntimeWarning: Mean of empty slice
  samp_mean =  np.nanmean(samp_cur, axis = 1)
/oscar/data/deeps/private/bfoxkemp/jnickla1/Thorne_15_codefigurestats/Methods/43_Forcing_Based/1_ERF_FaIR/FaIR_anthro_unB_method.py:70: RuntimeWarning: Mean of empty slice
  samp_mean =  np.nanmean(samp_cur, axis = 1)
/oscar/data/deeps/private/bfoxkemp/jnickla1/Thorne_15_codefigurestats/Methods/43_Forcing_Based/1_ERF_FaIR/FaIR_anthro_method.py:53: RuntimeWarning: Mean of empty slice
  samp_mean =  np.nanmean(samp_cur, axis = 1)
/oscar/data/deeps/private/bfoxkemp/jnickla1/Thorne_15_codefigurestats/Methods/43_Forcing_Based/1_ERF_FaIR/FaIR_anthro_method.py:53: RuntimeWarning: Mean of empty slice
  samp_mean =  np.nanmean(samp_cur, axis = 1)
/oscar/data/deeps/private/bfoxkemp/jnickla1/Thorne_15_codefigurestats/Methods/43_Forcing_Based/1_ERF_FaIR/FaIR_anthro_unB_method.py:70: RuntimeWarning: Mean of empty slice
  samp_mean =  np.nanmean(samp_cur, axis = 1)
/oscar/data/deeps/private/bfoxkemp/jnickla1/Thorne_15_codefigurestats/Methods/43_Forcing_Based/1_ERF_FaIR/FaIR_comb_unB_method.py:70: RuntimeWarning: Mean of empty slice
  samp_mean =  np.nanmean(samp_cur, axis = 1)
/oscar/data/deeps/private/bfoxkemp/jnickla1/Thorne_15_codefigurestats/fut_evaluation_script.py:464: RuntimeWarning: Mean of empty slice
  evalmean = np.nanmean(diffcrossE) #if crossing multiple times take the mean
/oscar/data/deeps/private/bfoxkemp/jnickla1/Thorne_15_codefigurestats/Methods/43_Forcing_Based/1_ERF_FaIR/FaIR_comb_unB_method.py:127: RuntimeWarning: Mean of empty slice
  samp_meanAll =  np.nanmean(samp_curAll, axis = 1)
/oscar/data/deeps/private/bfoxkemp/jnickla1/Thorne_15_codefigurestats/Methods/43_Forcing_Based/1_ERF_FaIR/FaIR_anthro_unB_method.py:70: RuntimeWarning: Mean of empty slice
  samp_mean =  np.nanmean(samp_cur, axis = 1)
/oscar/data/deeps/private/bfoxkemp/jnickla1/Thorne_15_codefigurestats/Methods/43_Forcing_Based/1_ERF_FaIR/FaIR_comb_unB_method.py:70: RuntimeWarning: Mean of empty slice
  samp_mean =  np.nanmean(samp_cur, axis = 1)
/oscar/data/deeps/private/bfoxkemp/jnickla1/Thorne_15_codefigurestats/Methods/43_Forcing_Based/1_ERF_FaIR/FaIR_comb_unB_method.py:127: RuntimeWarning: Mean of empty slice
  samp_meanAll =  np.nanmean(samp_curAll, axis = 1)
/oscar/data/deeps/private/bfoxkemp/jnickla1/Thorne_15_codefigurestats/Methods/43_Forcing_Based/1_ERF_FaIR/FaIR_nonat_method.py:53: RuntimeWarning: Mean of empty slice
  samp_mean =  np.nanmean(samp_cur, axis = 1)
/oscar/data/deeps/private/bfoxkemp/jnickla1/Thorne_15_codefigurestats/Methods/43_Forcing_Based/1_ERF_FaIR/FaIR_comb_unB_method.py:70: RuntimeWarning: Mean of empty slice
  samp_mean =  np.nanmean(samp_cur, axis = 1)
/oscar/data/deeps/private/bfoxkemp/jnickla1/Thorne_15_codefigurestats/Methods/43_Forcing_Based/1_ERF_FaIR/FaIR_comb_unB_method.py:127: RuntimeWarning: Mean of empty slice
  samp_meanAll =  np.nanmean(samp_curAll, axis = 1)
/oscar/data/deeps/private/bfoxkemp/jnickla1/Thorne_15_codefigurestats/Methods/43_Forcing_Based/1_ERF_FaIR/FaIR_nonat_unB_method.py:72: RuntimeWarning: Mean of empty slice
  samp_mean =  np.nanmean(samp_cur, axis = 1)
/oscar/data/deeps/private/bfoxkemp/jnickla1/Thorne_15_codefigurestats/Methods/43_Forcing_Based/1_ERF_FaIR/FaIR_nonat_method.py:53: RuntimeWarning: Mean of empty slice
  samp_mean =  np.nanmean(samp_cur, axis = 1)
/oscar/data/deeps/private/bfoxkemp/jnickla1/Thorne_15_codefigurestats/Methods/43_Forcing_Based/1_ERF_FaIR/FaIR_all_method.py:68: RuntimeWarning: Mean of empty slice
  return np.nanmean(samp_cur[year_idx-1850, :], axis = 1)
/oscar/data/deeps/private/bfoxkemp/jnickla1/Thorne_15_codefigurestats/Methods/43_Forcing_Based/1_ERF_FaIR/FaIR_nonat_method.py:53: RuntimeWarning: Mean of empty slice
  samp_mean =  np.nanmean(samp_cur, axis = 1)
/users/jnickla1/.conda/envs/cleanpy/lib/python3.13/site-packages/numpy/lib/_nanfunctions_impl.py:2019: RuntimeWarning: Degrees of freedom <= 0 for slice.
  var = nanvar(a, axis=axis, dtype=dtype, out=out, ddof=ddof,
/oscar/data/deeps/private/bfoxkemp/jnickla1/Thorne_15_codefigurestats/Methods/43_Forcing_Based/1_ERF_FaIR/FaIR_all_unB_method.py:90: RuntimeWarning: Mean of empty slice
  return np.nanmean(samp_cur[year_idx-1850, :], axis = 1)
/oscar/data/deeps/private/bfoxkemp/jnickla1/Thorne_15_codefigurestats/Methods/43_Forcing_Based/1_ERF_FaIR/FaIR_nonat_unB_method.py:72: RuntimeWarning: Mean of empty slice
  samp_mean =  np.nanmean(samp_cur, axis = 1)
/oscar/data/deeps/private/bfoxkemp/jnickla1/Thorne_15_codefigurestats/Methods/43_Forcing_Based/1_ERF_FaIR/FaIR_anthro_method.py:67: RuntimeWarning: Mean of empty slice
  return np.nanmean(samp_cur[year_idx-1850, :], axis = 1)
/oscar/data/deeps/private/bfoxkemp/jnickla1/Thorne_15_codefigurestats/Methods/43_Forcing_Based/1_ERF_FaIR/FaIR_anthro_unB_method.py:89: RuntimeWarning: Mean of empty slice
  return np.nanmean(samp_cur[year_idx-1850, :], axis = 1)
/oscar/data/deeps/private/bfoxkemp/jnickla1/Thorne_15_codefigurestats/Methods/43_Forcing_Based/1_ERF_FaIR/FaIR_comb_unB_method.py:153: RuntimeWarning: Mean of empty slice
  return np.nanmean(samp_cur[year_idx-1850, :], axis = 1)
/oscar/data/deeps/private/bfoxkemp/jnickla1/Thorne_15_codefigurestats/Methods/43_Forcing_Based/1_ERF_FaIR/FaIR_nonat_unB_method.py:72: RuntimeWarning: Mean of empty slice
  samp_mean =  np.nanmean(samp_cur, axis = 1)
/oscar/data/deeps/private/bfoxkemp/jnickla1/Thorne_15_codefigurestats/Methods/43_Forcing_Based/1_ERF_FaIR/FaIR_all_method.py:68: RuntimeWarning: Mean of empty slice
  return np.nanmean(samp_cur[year_idx-1850, :], axis = 1)
/users/jnickla1/.conda/envs/cleanpy/lib/python3.13/site-packages/numpy/lib/_nanfunctions_impl.py:2019: RuntimeWarning: Degrees of freedom <= 0 for slice.
  var = nanvar(a, axis=axis, dtype=dtype, out=out, ddof=ddof,
/oscar/data/deeps/private/bfoxkemp/jnickla1/Thorne_15_codefigurestats/Methods/43_Forcing_Based/1_ERF_FaIR/FaIR_all_unB_method.py:90: RuntimeWarning: Mean of empty slice
  return np.nanmean(samp_cur[year_idx-1850, :], axis = 1)
/oscar/data/deeps/private/bfoxkemp/jnickla1/Thorne_15_codefigurestats/Methods/43_Forcing_Based/1_ERF_FaIR/FaIR_nonat_method.py:68: RuntimeWarning: Mean of empty slice
  return np.nanmean(samp_cur[year_idx-1850, :], axis = 1)
/oscar/data/deeps/private/bfoxkemp/jnickla1/Thorne_15_codefigurestats/Methods/43_Forcing_Based/1_ERF_FaIR/FaIR_anthro_method.py:67: RuntimeWarning: Mean of empty slice
  return np.nanmean(samp_cur[year_idx-1850, :], axis = 1)
/oscar/data/deeps/private/bfoxkemp/jnickla1/Thorne_15_codefigurestats/Methods/43_Forcing_Based/1_ERF_FaIR/FaIR_nonat_unB_method.py:92: RuntimeWarning: Mean of empty slice
  return np.nanmean(samp_cur[year_idx-1850, :], axis = 1)
/oscar/data/deeps/private/bfoxkemp/jnickla1/Thorne_15_codefigurestats/Methods/43_Forcing_Based/1_ERF_FaIR/FaIR_anthro_unB_method.py:89: RuntimeWarning: Mean of empty slice
  return np.nanmean(samp_cur[year_idx-1850, :], axis = 1)
/oscar/data/deeps/private/bfoxkemp/jnickla1/Thorne_15_codefigurestats/Methods/43_Forcing_Based/1_ERF_FaIR/FaIR_all_method.py:68: RuntimeWarning: Mean of empty slice
  return np.nanmean(samp_cur[year_idx-1850, :], axis = 1)
/oscar/data/deeps/private/bfoxkemp/jnickla1/Thorne_15_codefigurestats/Methods/43_Forcing_Based/1_ERF_FaIR/FaIR_comb_unB_method.py:153: RuntimeWarning: Mean of empty slice
  return np.nanmean(samp_cur[year_idx-1850, :], axis = 1)
/users/jnickla1/.conda/envs/cleanpy/lib/python3.13/site-packages/numpy/lib/_nanfunctions_impl.py:2019: RuntimeWarning: Degrees of freedom <= 0 for slice.
  var = nanvar(a, axis=axis, dtype=dtype, out=out, ddof=ddof,
/oscar/data/deeps/private/bfoxkemp/jnickla1/Thorne_15_codefigurestats/Methods/43_Forcing_Based/1_ERF_FaIR/FaIR_anthro_method.py:67: RuntimeWarning: Mean of empty slice
  return np.nanmean(samp_cur[year_idx-1850, :], axis = 1)
/oscar/data/deeps/private/bfoxkemp/jnickla1/Thorne_15_codefigurestats/Methods/43_Forcing_Based/1_ERF_FaIR/FaIR_anthro_unB_method.py:89: RuntimeWarning: Mean of empty slice
  return np.nanmean(samp_cur[year_idx-1850, :], axis = 1)
/oscar/data/deeps/private/bfoxkemp/jnickla1/Thorne_15_codefigurestats/Methods/43_Forcing_Based/1_ERF_FaIR/FaIR_all_unB_method.py:90: RuntimeWarning: Mean of empty slice
  return np.nanmean(samp_cur[year_idx-1850, :], axis = 1)
/oscar/data/deeps/private/bfoxkemp/jnickla1/Thorne_15_codefigurestats/Methods/43_Forcing_Based/1_ERF_FaIR/FaIR_nonat_method.py:68: RuntimeWarning: Mean of empty slice
  return np.nanmean(samp_cur[year_idx-1850, :], axis = 1)
/oscar/data/deeps/private/bfoxkemp/jnickla1/Thorne_15_codefigurestats/Methods/43_Forcing_Based/1_ERF_FaIR/FaIR_nonat_method.py:68: RuntimeWarning: Mean of empty slice
  return np.nanmean(samp_cur[year_idx-1850, :], axis = 1)
/oscar/data/deeps/private/bfoxkemp/jnickla1/Thorne_15_codefigurestats/Methods/43_Forcing_Based/1_ERF_FaIR/FaIR_nonat_unB_method.py:92: RuntimeWarning: Mean of empty slice
  return np.nanmean(samp_cur[year_idx-1850, :], axis = 1)
/oscar/data/deeps/private/bfoxkemp/jnickla1/Thorne_15_codefigurestats/Methods/43_Forcing_Based/1_ERF_FaIR/FaIR_anthro_method.py:67: RuntimeWarning: Mean of empty slice
  return np.nanmean(samp_cur[year_idx-1850, :], axis = 1)
/oscar/data/deeps/private/bfoxkemp/jnickla1/Thorne_15_codefigurestats/Methods/43_Forcing_Based/1_ERF_FaIR/FaIR_all_method.py:68: RuntimeWarning: Mean of empty slice
  return np.nanmean(samp_cur[year_idx-1850, :], axis = 1)
/oscar/data/deeps/private/bfoxkemp/jnickla1/Thorne_15_codefigurestats/Methods/43_Forcing_Based/1_ERF_FaIR/FaIR_all_unB_method.py:90: RuntimeWarning: Mean of empty slice
  return np.nanmean(samp_cur[year_idx-1850, :], axis = 1)
/oscar/data/deeps/private/bfoxkemp/jnickla1/Thorne_15_codefigurestats/Methods/43_Forcing_Based/1_ERF_FaIR/FaIR_nonat_unB_method.py:92: RuntimeWarning: Mean of empty slice
  return np.nanmean(samp_cur[year_idx-1850, :], axis = 1)
/oscar/data/deeps/private/bfoxkemp/jnickla1/Thorne_15_codefigurestats/Methods/43_Forcing_Based/1_ERF_FaIR/FaIR_comb_unB_method.py:153: RuntimeWarning: Mean of empty slice
  return np.nanmean(samp_cur[year_idx-1850, :], axis = 1)
/oscar/data/deeps/private/bfoxkemp/jnickla1/Thorne_15_codefigurestats/Methods/43_Forcing_Based/1_ERF_FaIR/FaIR_anthro_unB_method.py:89: RuntimeWarning: Mean of empty slice
  return np.nanmean(samp_cur[year_idx-1850, :], axis = 1)
/oscar/data/deeps/private/bfoxkemp/jnickla1/Thorne_15_codefigurestats/Methods/43_Forcing_Based/1_ERF_FaIR/FaIR_anthro_method.py:67: RuntimeWarning: Mean of empty slice
  return np.nanmean(samp_cur[year_idx-1850, :], axis = 1)
/oscar/data/deeps/private/bfoxkemp/jnickla1/Thorne_15_codefigurestats/Methods/43_Forcing_Based/1_ERF_FaIR/FaIR_comb_unB_method.py:153: RuntimeWarning: Mean of empty slice
  return np.nanmean(samp_cur[year_idx-1850, :], axis = 1)
/oscar/data/deeps/private/bfoxkemp/jnickla1/Thorne_15_codefigurestats/Methods/43_Forcing_Based/1_ERF_FaIR/FaIR_anthro_unB_method.py:89: RuntimeWarning: Mean of empty slice
  return np.nanmean(samp_cur[year_idx-1850, :], axis = 1)
/oscar/data/deeps/private/bfoxkemp/jnickla1/Thorne_15_codefigurestats/Methods/43_Forcing_Based/1_ERF_FaIR/FaIR_nonat_method.py:68: RuntimeWarning: Mean of empty slice
  return np.nanmean(samp_cur[year_idx-1850, :], axis = 1)
/oscar/data/deeps/private/bfoxkemp/jnickla1/Thorne_15_codefigurestats/Methods/43_Forcing_Based/1_ERF_FaIR/FaIR_nonat_unB_method.py:92: RuntimeWarning: Mean of empty slice
  return np.nanmean(samp_cur[year_idx-1850, :], axis = 1)
/oscar/data/deeps/private/bfoxkemp/jnickla1/Thorne_15_codefigurestats/Methods/43_Forcing_Based/1_ERF_FaIR/FaIR_all_method.py:68: RuntimeWarning: Mean of empty slice
  return np.nanmean(samp_cur[year_idx-1850, :], axis = 1)
/oscar/data/deeps/private/bfoxkemp/jnickla1/Thorne_15_codefigurestats/Methods/43_Forcing_Based/1_ERF_FaIR/FaIR_nonat_method.py:68: RuntimeWarning: Mean of empty slice
  return np.nanmean(samp_cur[year_idx-1850, :], axis = 1)
/oscar/data/deeps/private/bfoxkemp/jnickla1/Thorne_15_codefigurestats/Methods/43_Forcing_Based/1_ERF_FaIR/FaIR_nonat_unB_method.py:92: RuntimeWarning: Mean of empty slice
  return np.nanmean(samp_cur[year_idx-1850, :], axis = 1)
/oscar/data/deeps/private/bfoxkemp/jnickla1/Thorne_15_codefigurestats/Methods/43_Forcing_Based/1_ERF_FaIR/FaIR_all_unB_method.py:90: RuntimeWarning: Mean of empty slice
  return np.nanmean(samp_cur[year_idx-1850, :], axis = 1)
/oscar/data/deeps/private/bfoxkemp/jnickla1/Thorne_15_codefigurestats/Methods/43_Forcing_Based/1_ERF_FaIR/FaIR_comb_unB_method.py:153: RuntimeWarning: Mean of empty slice
  return np.nanmean(samp_cur[year_idx-1850, :], axis = 1)
/oscar/data/deeps/private/bfoxkemp/jnickla1/Thorne_15_codefigurestats/Methods/43_Forcing_Based/1_ERF_FaIR/FaIR_anthro_unB_method.py:89: RuntimeWarning: Mean of empty slice
  return np.nanmean(samp_cur[year_idx-1850, :], axis = 1)
/users/jnickla1/.conda/envs/cleanpy/lib/python3.13/site-packages/numpy/lib/_nanfunctions_impl.py:2019: RuntimeWarning: Degrees of freedom <= 0 for slice.
  var = nanvar(a, axis=axis, dtype=dtype, out=out, ddof=ddof,
/oscar/data/deeps/private/bfoxkemp/jnickla1/Thorne_15_codefigurestats/Methods/43_Forcing_Based/1_ERF_FaIR/FaIR_anthro_unB_method.py:89: RuntimeWarning: Mean of empty slice
  return np.nanmean(samp_cur[year_idx-1850, :], axis = 1)
/oscar/data/deeps/private/bfoxkemp/jnickla1/Thorne_15_codefigurestats/Methods/43_Forcing_Based/1_ERF_FaIR/FaIR_anthro_unB_method.py:117: RuntimeWarning: Mean of empty slice
  cdist = np.nanmean(dist)
/oscar/data/deeps/private/bfoxkemp/jnickla1/Thorne_15_codefigurestats/Methods/43_Forcing_Based/1_ERF_FaIR/FaIR_anthro_method.py:67: RuntimeWarning: Mean of empty slice
  return np.nanmean(samp_cur[year_idx-1850, :], axis = 1)
/users/jnickla1/.conda/envs/cleanpy/lib/python3.13/site-packages/numpy/lib/_nanfunctions_impl.py:2019: RuntimeWarning: Degrees of freedom <= 0 for slice.
  var = nanvar(a, axis=axis, dtype=dtype, out=out, ddof=ddof,
/oscar/data/deeps/private/bfoxkemp/jnickla1/Thorne_15_codefigurestats/Methods/43_Forcing_Based/1_ERF_FaIR/FaIR_anthro_unB_method.py:117: RuntimeWarning: Mean of empty slice
  cdist = np.nanmean(dist)
/oscar/data/deeps/private/bfoxkemp/jnickla1/Thorne_15_codefigurestats/Methods/43_Forcing_Based/1_ERF_FaIR/FaIR_anthro_unB_method.py:89: RuntimeWarning: Mean of empty slice
  return np.nanmean(samp_cur[year_idx-1850, :], axis = 1)
/oscar/data/deeps/private/bfoxkemp/jnickla1/Thorne_15_codefigurestats/Methods/43_Forcing_Based/1_ERF_FaIR/FaIR_nonat_method.py:68: RuntimeWarning: Mean of empty slice
  return np.nanmean(samp_cur[year_idx-1850, :], axis = 1)
/oscar/data/deeps/private/bfoxkemp/jnickla1/Thorne_15_codefigurestats/Methods/43_Forcing_Based/1_ERF_FaIR/FaIR_nonat_unB_method.py:92: RuntimeWarning: Mean of empty slice
  return np.nanmean(samp_cur[year_idx-1850, :], axis = 1)
/oscar/data/deeps/private/bfoxkemp/jnickla1/Thorne_15_codefigurestats/Methods/43_Forcing_Based/1_ERF_FaIR/FaIR_all_method.py:68: RuntimeWarning: Mean of empty slice
  return np.nanmean(samp_cur[year_idx-1850, :], axis = 1)
/oscar/data/deeps/private/bfoxkemp/jnickla1/Thorne_15_codefigurestats/Methods/43_Forcing_Based/1_ERF_FaIR/FaIR_all_unB_method.py:90: RuntimeWarning: Mean of empty slice
  return np.nanmean(samp_cur[year_idx-1850, :], axis = 1)
/oscar/data/deeps/private/bfoxkemp/jnickla1/Thorne_15_codefigurestats/Methods/43_Forcing_Based/1_ERF_FaIR/FaIR_comb_unB_method.py:153: RuntimeWarning: Mean of empty slice
  return np.nanmean(samp_cur[year_idx-1850, :], axis = 1)
/oscar/data/deeps/private/bfoxkemp/jnickla1/Thorne_15_codefigurestats/Methods/43_Forcing_Based/1_ERF_FaIR/FaIR_anthro_method.py:67: RuntimeWarning: Mean of empty slice
  return np.nanmean(samp_cur[year_idx-1850, :], axis = 1)
/users/jnickla1/.conda/envs/cleanpy/lib/python3.13/site-packages/numpy/lib/_nanfunctions_impl.py:2019: RuntimeWarning: Degrees of freedom <= 0 for slice.
  var = nanvar(a, axis=axis, dtype=dtype, out=out, ddof=ddof,
/oscar/data/deeps/private/bfoxkemp/jnickla1/Thorne_15_codefigurestats/Methods/43_Forcing_Based/1_ERF_FaIR/FaIR_anthro_method.py:95: RuntimeWarning: Mean of empty slice
  cdist = np.nanmean(dist)
/oscar/data/deeps/private/bfoxkemp/jnickla1/Thorne_15_codefigurestats/Methods/43_Forcing_Based/1_ERF_FaIR/FaIR_anthro_method.py:67: RuntimeWarning: Mean of empty slice
  return np.nanmean(samp_cur[year_idx-1850, :], axis = 1)
/users/jnickla1/.conda/envs/cleanpy/lib/python3.13/site-packages/numpy/lib/_nanfunctions_impl.py:2019: RuntimeWarning: Degrees of freedom <= 0 for slice.
  var = nanvar(a, axis=axis, dtype=dtype, out=out, ddof=ddof,
/oscar/data/deeps/private/bfoxkemp/jnickla1/Thorne_15_codefigurestats/Methods/43_Forcing_Based/1_ERF_FaIR/FaIR_anthro_method.py:95: RuntimeWarning: Mean of empty slice
  cdist = np.nanmean(dist)
/oscar/data/deeps/private/bfoxkemp/jnickla1/Thorne_15_codefigurestats/Methods/43_Forcing_Based/1_ERF_FaIR/FaIR_anthro_method.py:67: RuntimeWarning: Mean of empty slice
  return np.nanmean(samp_cur[year_idx-1850, :], axis = 1)
/users/jnickla1/.conda/envs/cleanpy/lib/python3.13/site-packages/numpy/lib/_nanfunctions_impl.py:2019: RuntimeWarning: Degrees of freedom <= 0 for slice.
  var = nanvar(a, axis=axis, dtype=dtype, out=out, ddof=ddof,
/oscar/data/deeps/private/bfoxkemp/jnickla1/Thorne_15_codefigurestats/Methods/43_Forcing_Based/1_ERF_FaIR/FaIR_anthro_method.py:95: RuntimeWarning: Mean of empty slice
  cdist = np.nanmean(dist)
/oscar/data/deeps/private/bfoxkemp/jnickla1/Thorne_15_codefigurestats/fut_evaluation_script.py:427: RuntimeWarning: Mean of empty slice
  evalmean = np.nanmean(diffcross) #if crossing multiple times take the mean
/oscar/data/deeps/private/bfoxkemp/jnickla1/Thorne_15_codefigurestats/fut_evaluation_script.py:464: RuntimeWarning: Mean of empty slice
  evalmean = np.nanmean(diffcrossE) #if crossing multiple times take the mean
/oscar/data/deeps/private/bfoxkemp/jnickla1/Thorne_15_codefigurestats/Methods/43_Forcing_Based/1_ERF_FaIR/FaIR_anthro_unB_method.py:89: RuntimeWarning: Mean of empty slice
  return np.nanmean(samp_cur[year_idx-1850, :], axis = 1)
/users/jnickla1/.conda/envs/cleanpy/lib/python3.13/site-packages/numpy/lib/_nanfunctions_impl.py:2019: RuntimeWarning: Degrees of freedom <= 0 for slice.
  var = nanvar(a, axis=axis, dtype=dtype, out=out, ddof=ddof,
/oscar/data/deeps/private/bfoxkemp/jnickla1/Thorne_15_codefigurestats/Methods/43_Forcing_Based/1_ERF_FaIR/FaIR_anthro_unB_method.py:117: RuntimeWarning: Mean of empty slice
  cdist = np.nanmean(dist)
/oscar/data/deeps/private/bfoxkemp/jnickla1/Thorne_15_codefigurestats/Methods/43_Forcing_Based/1_ERF_FaIR/FaIR_nonat_method.py:68: RuntimeWarning: Mean of empty slice
  return np.nanmean(samp_cur[year_idx-1850, :], axis = 1)
/users/jnickla1/.conda/envs/cleanpy/lib/python3.13/site-packages/numpy/lib/_nanfunctions_impl.py:2019: RuntimeWarning: Degrees of freedom <= 0 for slice.
  var = nanvar(a, axis=axis, dtype=dtype, out=out, ddof=ddof,
/oscar/data/deeps/private/bfoxkemp/jnickla1/Thorne_15_codefigurestats/Methods/43_Forcing_Based/1_ERF_FaIR/FaIR_nonat_method.py:96: RuntimeWarning: Mean of empty slice
  cdist = np.nanmean(dist)
/oscar/data/deeps/private/bfoxkemp/jnickla1/Thorne_15_codefigurestats/Methods/43_Forcing_Based/1_ERF_FaIR/FaIR_nonat_method.py:68: RuntimeWarning: Mean of empty slice
  return np.nanmean(samp_cur[year_idx-1850, :], axis = 1)
/users/jnickla1/.conda/envs/cleanpy/lib/python3.13/site-packages/numpy/lib/_nanfunctions_impl.py:2019: RuntimeWarning: Degrees of freedom <= 0 for slice.
  var = nanvar(a, axis=axis, dtype=dtype, out=out, ddof=ddof,
/oscar/data/deeps/private/bfoxkemp/jnickla1/Thorne_15_codefigurestats/Methods/43_Forcing_Based/1_ERF_FaIR/FaIR_nonat_method.py:96: RuntimeWarning: Mean of empty slice
  cdist = np.nanmean(dist)
/oscar/data/deeps/private/bfoxkemp/jnickla1/Thorne_15_codefigurestats/Methods/43_Forcing_Based/1_ERF_FaIR/FaIR_anthro_unB_method.py:89: RuntimeWarning: Mean of empty slice
  return np.nanmean(samp_cur[year_idx-1850, :], axis = 1)
/users/jnickla1/.conda/envs/cleanpy/lib/python3.13/site-packages/numpy/lib/_nanfunctions_impl.py:2019: RuntimeWarning: Degrees of freedom <= 0 for slice.
  var = nanvar(a, axis=axis, dtype=dtype, out=out, ddof=ddof,
/oscar/data/deeps/private/bfoxkemp/jnickla1/Thorne_15_codefigurestats/Methods/43_Forcing_Based/1_ERF_FaIR/FaIR_anthro_unB_method.py:117: RuntimeWarning: Mean of empty slice
  cdist = np.nanmean(dist)
/oscar/data/deeps/private/bfoxkemp/jnickla1/Thorne_15_codefigurestats/fut_evaluation_script.py:427: RuntimeWarning: Mean of empty slice
  evalmean = np.nanmean(diffcross) #if crossing multiple times take the mean
/oscar/data/deeps/private/bfoxkemp/jnickla1/Thorne_15_codefigurestats/fut_evaluation_script.py:464: RuntimeWarning: Mean of empty slice
  evalmean = np.nanmean(diffcrossE) #if crossing multiple times take the mean
/oscar/data/deeps/private/bfoxkemp/jnickla1/Thorne_15_codefigurestats/fut_evaluation_script.py:427: RuntimeWarning: Mean of empty slice
  evalmean = np.nanmean(diffcross) #if crossing multiple times take the mean
/oscar/data/deeps/private/bfoxkemp/jnickla1/Thorne_15_codefigurestats/fut_evaluation_script.py:427: RuntimeWarning: Mean of empty slice
  evalmean = np.nanmean(diffcross) #if crossing multiple times take the mean
/oscar/data/deeps/private/bfoxkemp/jnickla1/Thorne_15_codefigurestats/fut_evaluation_script.py:464: RuntimeWarning: Mean of empty slice
  evalmean = np.nanmean(diffcrossE) #if crossing multiple times take the mean
/oscar/data/deeps/private/bfoxkemp/jnickla1/Thorne_15_codefigurestats/Methods/43_Forcing_Based/1_ERF_FaIR/FaIR_anthro_unB_method.py:89: RuntimeWarning: Mean of empty slice
  return np.nanmean(samp_cur[year_idx-1850, :], axis = 1)
/users/jnickla1/.conda/envs/cleanpy/lib/python3.13/site-packages/numpy/lib/_nanfunctions_impl.py:2019: RuntimeWarning: Degrees of freedom <= 0 for slice.
  var = nanvar(a, axis=axis, dtype=dtype, out=out, ddof=ddof,
/oscar/data/deeps/private/bfoxkemp/jnickla1/Thorne_15_codefigurestats/Methods/43_Forcing_Based/1_ERF_FaIR/FaIR_anthro_unB_method.py:117: RuntimeWarning: Mean of empty slice
  cdist = np.nanmean(dist)
/oscar/data/deeps/private/bfoxkemp/jnickla1/Thorne_15_codefigurestats/Methods/43_Forcing_Based/1_ERF_FaIR/FaIR_nonat_method.py:68: RuntimeWarning: Mean of empty slice
  return np.nanmean(samp_cur[year_idx-1850, :], axis = 1)
/users/jnickla1/.conda/envs/cleanpy/lib/python3.13/site-packages/numpy/lib/_nanfunctions_impl.py:2019: RuntimeWarning: Degrees of freedom <= 0 for slice.
  var = nanvar(a, axis=axis, dtype=dtype, out=out, ddof=ddof,
/oscar/data/deeps/private/bfoxkemp/jnickla1/Thorne_15_codefigurestats/Methods/43_Forcing_Based/1_ERF_FaIR/FaIR_nonat_method.py:96: RuntimeWarning: Mean of empty slice
  cdist = np.nanmean(dist)
/oscar/data/deeps/private/bfoxkemp/jnickla1/Thorne_15_codefigurestats/Methods/43_Forcing_Based/1_ERF_FaIR/FaIR_nonat_unB_method.py:92: RuntimeWarning: Mean of empty slice
  return np.nanmean(samp_cur[year_idx-1850, :], axis = 1)
/users/jnickla1/.conda/envs/cleanpy/lib/python3.13/site-packages/numpy/lib/_nanfunctions_impl.py:2019: RuntimeWarning: Degrees of freedom <= 0 for slice.
  var = nanvar(a, axis=axis, dtype=dtype, out=out, ddof=ddof,
/oscar/data/deeps/private/bfoxkemp/jnickla1/Thorne_15_codefigurestats/Methods/43_Forcing_Based/1_ERF_FaIR/FaIR_nonat_unB_method.py:120: RuntimeWarning: Mean of empty slice
  cdist = np.nanmean(dist)
/oscar/data/deeps/private/bfoxkemp/jnickla1/Thorne_15_codefigurestats/Methods/43_Forcing_Based/1_ERF_FaIR/FaIR_nonat_unB_method.py:92: RuntimeWarning: Mean of empty slice
  return np.nanmean(samp_cur[year_idx-1850, :], axis = 1)
/users/jnickla1/.conda/envs/cleanpy/lib/python3.13/site-packages/numpy/lib/_nanfunctions_impl.py:2019: RuntimeWarning: Degrees of freedom <= 0 for slice.
  var = nanvar(a, axis=axis, dtype=dtype, out=out, ddof=ddof,
/oscar/data/deeps/private/bfoxkemp/jnickla1/Thorne_15_codefigurestats/Methods/43_Forcing_Based/1_ERF_FaIR/FaIR_nonat_unB_method.py:120: RuntimeWarning: Mean of empty slice
  cdist = np.nanmean(dist)
/oscar/data/deeps/private/bfoxkemp/jnickla1/Thorne_15_codefigurestats/fut_evaluation_script.py:427: RuntimeWarning: Mean of empty slice
  evalmean = np.nanmean(diffcross) #if crossing multiple times take the mean
/oscar/data/deeps/private/bfoxkemp/jnickla1/Thorne_15_codefigurestats/Methods/43_Forcing_Based/1_ERF_FaIR/FaIR_nonat_method.py:68: RuntimeWarning: Mean of empty slice
  return np.nanmean(samp_cur[year_idx-1850, :], axis = 1)
/users/jnickla1/.conda/envs/cleanpy/lib/python3.13/site-packages/numpy/lib/_nanfunctions_impl.py:2019: RuntimeWarning: Degrees of freedom <= 0 for slice.
  var = nanvar(a, axis=axis, dtype=dtype, out=out, ddof=ddof,
/oscar/data/deeps/private/bfoxkemp/jnickla1/Thorne_15_codefigurestats/Methods/43_Forcing_Based/1_ERF_FaIR/FaIR_nonat_method.py:96: RuntimeWarning: Mean of empty slice
  cdist = np.nanmean(dist)
/oscar/data/deeps/private/bfoxkemp/jnickla1/Thorne_15_codefigurestats/fut_evaluation_script.py:464: RuntimeWarning: Mean of empty slice
  evalmean = np.nanmean(diffcrossE) #if crossing multiple times take the mean
/oscar/data/deeps/private/bfoxkemp/jnickla1/Thorne_15_codefigurestats/Methods/43_Forcing_Based/1_ERF_FaIR/FaIR_nonat_unB_method.py:92: RuntimeWarning: Mean of empty slice
  return np.nanmean(samp_cur[year_idx-1850, :], axis = 1)
/users/jnickla1/.conda/envs/cleanpy/lib/python3.13/site-packages/numpy/lib/_nanfunctions_impl.py:2019: RuntimeWarning: Degrees of freedom <= 0 for slice.
  var = nanvar(a, axis=axis, dtype=dtype, out=out, ddof=ddof,
/oscar/data/deeps/private/bfoxkemp/jnickla1/Thorne_15_codefigurestats/Methods/43_Forcing_Based/1_ERF_FaIR/FaIR_nonat_unB_method.py:120: RuntimeWarning: Mean of empty slice
  cdist = np.nanmean(dist)
/oscar/data/deeps/private/bfoxkemp/jnickla1/Thorne_15_codefigurestats/fut_evaluation_script.py:427: RuntimeWarning: Mean of empty slice
  evalmean = np.nanmean(diffcross) #if crossing multiple times take the mean
/oscar/data/deeps/private/bfoxkemp/jnickla1/Thorne_15_codefigurestats/Methods/43_Forcing_Based/1_ERF_FaIR/FaIR_all_method.py:68: RuntimeWarning: Mean of empty slice
  return np.nanmean(samp_cur[year_idx-1850, :], axis = 1)
/users/jnickla1/.conda/envs/cleanpy/lib/python3.13/site-packages/numpy/lib/_nanfunctions_impl.py:2019: RuntimeWarning: Degrees of freedom <= 0 for slice.
  var = nanvar(a, axis=axis, dtype=dtype, out=out, ddof=ddof,
/oscar/data/deeps/private/bfoxkemp/jnickla1/Thorne_15_codefigurestats/Methods/43_Forcing_Based/1_ERF_FaIR/FaIR_all_method.py:96: RuntimeWarning: Mean of empty slice
  cdist = np.nanmean(dist)
/oscar/data/deeps/private/bfoxkemp/jnickla1/Thorne_15_codefigurestats/fut_evaluation_script.py:464: RuntimeWarning: Mean of empty slice
  evalmean = np.nanmean(diffcrossE) #if crossing multiple times take the mean
/oscar/data/deeps/private/bfoxkemp/jnickla1/Thorne_15_codefigurestats/Methods/43_Forcing_Based/1_ERF_FaIR/FaIR_all_method.py:68: RuntimeWarning: Mean of empty slice
  return np.nanmean(samp_cur[year_idx-1850, :], axis = 1)
/users/jnickla1/.conda/envs/cleanpy/lib/python3.13/site-packages/numpy/lib/_nanfunctions_impl.py:2019: RuntimeWarning: Degrees of freedom <= 0 for slice.
  var = nanvar(a, axis=axis, dtype=dtype, out=out, ddof=ddof,
/oscar/data/deeps/private/bfoxkemp/jnickla1/Thorne_15_codefigurestats/Methods/43_Forcing_Based/1_ERF_FaIR/FaIR_all_method.py:96: RuntimeWarning: Mean of empty slice
  cdist = np.nanmean(dist)
/oscar/data/deeps/private/bfoxkemp/jnickla1/Thorne_15_codefigurestats/Methods/43_Forcing_Based/1_ERF_FaIR/FaIR_nonat_unB_method.py:92: RuntimeWarning: Mean of empty slice
  return np.nanmean(samp_cur[year_idx-1850, :], axis = 1)
/users/jnickla1/.conda/envs/cleanpy/lib/python3.13/site-packages/numpy/lib/_nanfunctions_impl.py:2019: RuntimeWarning: Degrees of freedom <= 0 for slice.
  var = nanvar(a, axis=axis, dtype=dtype, out=out, ddof=ddof,
/oscar/data/deeps/private/bfoxkemp/jnickla1/Thorne_15_codefigurestats/Methods/43_Forcing_Based/1_ERF_FaIR/FaIR_nonat_method.py:68: RuntimeWarning: Mean of empty slice
  return np.nanmean(samp_cur[year_idx-1850, :], axis = 1)
/users/jnickla1/.conda/envs/cleanpy/lib/python3.13/site-packages/numpy/lib/_nanfunctions_impl.py:2019: RuntimeWarning: Degrees of freedom <= 0 for slice.
  var = nanvar(a, axis=axis, dtype=dtype, out=out, ddof=ddof,
/oscar/data/deeps/private/bfoxkemp/jnickla1/Thorne_15_codefigurestats/Methods/43_Forcing_Based/1_ERF_FaIR/FaIR_nonat_method.py:96: RuntimeWarning: Mean of empty slice
  cdist = np.nanmean(dist)
/oscar/data/deeps/private/bfoxkemp/jnickla1/Thorne_15_codefigurestats/Methods/43_Forcing_Based/1_ERF_FaIR/FaIR_nonat_unB_method.py:120: RuntimeWarning: Mean of empty slice
  cdist = np.nanmean(dist)
/oscar/data/deeps/private/bfoxkemp/jnickla1/Thorne_15_codefigurestats/Methods/43_Forcing_Based/1_ERF_FaIR/FaIR_all_method.py:68: RuntimeWarning: Mean of empty slice
  return np.nanmean(samp_cur[year_idx-1850, :], axis = 1)
/users/jnickla1/.conda/envs/cleanpy/lib/python3.13/site-packages/numpy/lib/_nanfunctions_impl.py:2019: RuntimeWarning: Degrees of freedom <= 0 for slice.
  var = nanvar(a, axis=axis, dtype=dtype, out=out, ddof=ddof,
/oscar/data/deeps/private/bfoxkemp/jnickla1/Thorne_15_codefigurestats/Methods/43_Forcing_Based/1_ERF_FaIR/FaIR_all_method.py:96: RuntimeWarning: Mean of empty slice
  cdist = np.nanmean(dist)
/oscar/data/deeps/private/bfoxkemp/jnickla1/Thorne_15_codefigurestats/fut_evaluation_script.py:427: RuntimeWarning: Mean of empty slice
  evalmean = np.nanmean(diffcross) #if crossing multiple times take the mean
/oscar/data/deeps/private/bfoxkemp/jnickla1/Thorne_15_codefigurestats/fut_evaluation_script.py:427: RuntimeWarning: Mean of empty slice
  evalmean = np.nanmean(diffcross) #if crossing multiple times take the mean
/oscar/data/deeps/private/bfoxkemp/jnickla1/Thorne_15_codefigurestats/fut_evaluation_script.py:464: RuntimeWarning: Mean of empty slice
  evalmean = np.nanmean(diffcrossE) #if crossing multiple times take the mean
/oscar/data/deeps/private/bfoxkemp/jnickla1/Thorne_15_codefigurestats/Methods/43_Forcing_Based/1_ERF_FaIR/FaIR_all_method.py:68: RuntimeWarning: Mean of empty slice
  return np.nanmean(samp_cur[year_idx-1850, :], axis = 1)
/users/jnickla1/.conda/envs/cleanpy/lib/python3.13/site-packages/numpy/lib/_nanfunctions_impl.py:2019: RuntimeWarning: Degrees of freedom <= 0 for slice.
  var = nanvar(a, axis=axis, dtype=dtype, out=out, ddof=ddof,
/oscar/data/deeps/private/bfoxkemp/jnickla1/Thorne_15_codefigurestats/Methods/43_Forcing_Based/1_ERF_FaIR/FaIR_all_method.py:96: RuntimeWarning: Mean of empty slice
  cdist = np.nanmean(dist)
/oscar/data/deeps/private/bfoxkemp/jnickla1/Thorne_15_codefigurestats/Methods/43_Forcing_Based/1_ERF_FaIR/FaIR_all_unB_method.py:90: RuntimeWarning: Mean of empty slice
  return np.nanmean(samp_cur[year_idx-1850, :], axis = 1)
/users/jnickla1/.conda/envs/cleanpy/lib/python3.13/site-packages/numpy/lib/_nanfunctions_impl.py:2019: RuntimeWarning: Degrees of freedom <= 0 for slice.
  var = nanvar(a, axis=axis, dtype=dtype, out=out, ddof=ddof,
/oscar/data/deeps/private/bfoxkemp/jnickla1/Thorne_15_codefigurestats/Methods/43_Forcing_Based/1_ERF_FaIR/FaIR_all_unB_method.py:118: RuntimeWarning: Mean of empty slice
  cdist = np.nanmean(dist)
/oscar/data/deeps/private/bfoxkemp/jnickla1/Thorne_15_codefigurestats/Methods/43_Forcing_Based/1_ERF_FaIR/FaIR_all_unB_method.py:90: RuntimeWarning: Mean of empty slice
  return np.nanmean(samp_cur[year_idx-1850, :], axis = 1)
/users/jnickla1/.conda/envs/cleanpy/lib/python3.13/site-packages/numpy/lib/_nanfunctions_impl.py:2019: RuntimeWarning: Degrees of freedom <= 0 for slice.
  var = nanvar(a, axis=axis, dtype=dtype, out=out, ddof=ddof,
/oscar/data/deeps/private/bfoxkemp/jnickla1/Thorne_15_codefigurestats/Methods/43_Forcing_Based/1_ERF_FaIR/FaIR_all_unB_method.py:118: RuntimeWarning: Mean of empty slice
  cdist = np.nanmean(dist)
/oscar/data/deeps/private/bfoxkemp/jnickla1/Thorne_15_codefigurestats/Methods/43_Forcing_Based/1_ERF_FaIR/FaIR_all_unB_method.py:90: RuntimeWarning: Mean of empty slice
  return np.nanmean(samp_cur[year_idx-1850, :], axis = 1)
/users/jnickla1/.conda/envs/cleanpy/lib/python3.13/site-packages/numpy/lib/_nanfunctions_impl.py:2019: RuntimeWarning: Degrees of freedom <= 0 for slice.
  var = nanvar(a, axis=axis, dtype=dtype, out=out, ddof=ddof,
/oscar/data/deeps/private/bfoxkemp/jnickla1/Thorne_15_codefigurestats/Methods/43_Forcing_Based/1_ERF_FaIR/FaIR_all_unB_method.py:118: RuntimeWarning: Mean of empty slice
  cdist = np.nanmean(dist)
/oscar/data/deeps/private/bfoxkemp/jnickla1/Thorne_15_codefigurestats/Methods/43_Forcing_Based/1_ERF_FaIR/FaIR_nonat_unB_method.py:92: RuntimeWarning: Mean of empty slice
  return np.nanmean(samp_cur[year_idx-1850, :], axis = 1)
/users/jnickla1/.conda/envs/cleanpy/lib/python3.13/site-packages/numpy/lib/_nanfunctions_impl.py:2019: RuntimeWarning: Degrees of freedom <= 0 for slice.
  var = nanvar(a, axis=axis, dtype=dtype, out=out, ddof=ddof,
/oscar/data/deeps/private/bfoxkemp/jnickla1/Thorne_15_codefigurestats/Methods/43_Forcing_Based/1_ERF_FaIR/FaIR_nonat_unB_method.py:120: RuntimeWarning: Mean of empty slice
  cdist = np.nanmean(dist)
/oscar/data/deeps/private/bfoxkemp/jnickla1/Thorne_15_codefigurestats/fut_evaluation_script.py:427: RuntimeWarning: Mean of empty slice
  evalmean = np.nanmean(diffcross) #if crossing multiple times take the mean
/oscar/data/deeps/private/bfoxkemp/jnickla1/Thorne_15_codefigurestats/fut_evaluation_script.py:464: RuntimeWarning: Mean of empty slice
  evalmean = np.nanmean(diffcrossE) #if crossing multiple times take the mean
/oscar/data/deeps/private/bfoxkemp/jnickla1/Thorne_15_codefigurestats/Methods/43_Forcing_Based/1_ERF_FaIR/FaIR_comb_unB_method.py:153: RuntimeWarning: Mean of empty slice
  return np.nanmean(samp_cur[year_idx-1850, :], axis = 1)
/users/jnickla1/.conda/envs/cleanpy/lib/python3.13/site-packages/numpy/lib/_nanfunctions_impl.py:2019: RuntimeWarning: Degrees of freedom <= 0 for slice.
  var = nanvar(a, axis=axis, dtype=dtype, out=out, ddof=ddof,
/oscar/data/deeps/private/bfoxkemp/jnickla1/Thorne_15_codefigurestats/Methods/43_Forcing_Based/1_ERF_FaIR/FaIR_comb_unB_method.py:181: RuntimeWarning: Mean of empty slice
  cdist = np.nanmean(dist)
/oscar/data/deeps/private/bfoxkemp/jnickla1/Thorne_15_codefigurestats/Methods/43_Forcing_Based/1_ERF_FaIR/FaIR_comb_unB_method.py:153: RuntimeWarning: Mean of empty slice
  return np.nanmean(samp_cur[year_idx-1850, :], axis = 1)
/users/jnickla1/.conda/envs/cleanpy/lib/python3.13/site-packages/numpy/lib/_nanfunctions_impl.py:2019: RuntimeWarning: Degrees of freedom <= 0 for slice.
  var = nanvar(a, axis=axis, dtype=dtype, out=out, ddof=ddof,
/oscar/data/deeps/private/bfoxkemp/jnickla1/Thorne_15_codefigurestats/Methods/43_Forcing_Based/1_ERF_FaIR/FaIR_comb_unB_method.py:181: RuntimeWarning: Mean of empty slice
  cdist = np.nanmean(dist)
/oscar/data/deeps/private/bfoxkemp/jnickla1/Thorne_15_codefigurestats/Methods/43_Forcing_Based/1_ERF_FaIR/FaIR_comb_unB_method.py:153: RuntimeWarning: Mean of empty slice
  return np.nanmean(samp_cur[year_idx-1850, :], axis = 1)
/users/jnickla1/.conda/envs/cleanpy/lib/python3.13/site-packages/numpy/lib/_nanfunctions_impl.py:2019: RuntimeWarning: Degrees of freedom <= 0 for slice.
  var = nanvar(a, axis=axis, dtype=dtype, out=out, ddof=ddof,
/oscar/data/deeps/private/bfoxkemp/jnickla1/Thorne_15_codefigurestats/Methods/43_Forcing_Based/1_ERF_FaIR/FaIR_comb_unB_method.py:181: RuntimeWarning: Mean of empty slice
  cdist = np.nanmean(dist)
/oscar/data/deeps/private/bfoxkemp/jnickla1/Thorne_15_codefigurestats/Methods/43_Forcing_Based/1_ERF_FaIR/FaIR_all_unB_method.py:90: RuntimeWarning: Mean of empty slice
  return np.nanmean(samp_cur[year_idx-1850, :], axis = 1)
/users/jnickla1/.conda/envs/cleanpy/lib/python3.13/site-packages/numpy/lib/_nanfunctions_impl.py:2019: RuntimeWarning: Degrees of freedom <= 0 for slice.
  var = nanvar(a, axis=axis, dtype=dtype, out=out, ddof=ddof,
/oscar/data/deeps/private/bfoxkemp/jnickla1/Thorne_15_codefigurestats/Methods/43_Forcing_Based/1_ERF_FaIR/FaIR_all_unB_method.py:118: RuntimeWarning: Mean of empty slice
  cdist = np.nanmean(dist)
/oscar/data/deeps/private/bfoxkemp/jnickla1/Thorne_15_codefigurestats/fut_evaluation_script.py:427: RuntimeWarning: Mean of empty slice
  evalmean = np.nanmean(diffcross) #if crossing multiple times take the mean
/oscar/data/deeps/private/bfoxkemp/jnickla1/Thorne_15_codefigurestats/fut_evaluation_script.py:464: RuntimeWarning: Mean of empty slice
  evalmean = np.nanmean(diffcrossE) #if crossing multiple times take the mean
starting computation for fut_ESM1-2-LR_SSP126_constVolc
max_runs45
Model number:
44




Methods/42_Temp_Alone/1_Run_Means/cent10y_method.py
Methods/42_Temp_Alone/1_Run_Means/cent20y_method.py
Methods/42_Temp_Alone/1_Run_Means/cent21y_method.py
Methods/42_Temp_Alone/1_Run_Means/cent30y_method.py
Methods/42_Temp_Alone/1_Run_Means/lag10y_method.py
Methods/42_Temp_Alone/1_Run_Means/lag5y_method.py
Methods/42_Temp_Alone/1_Run_Means/offset11y_method.py
Methods/42_Temp_Alone/1_Run_Means/raw1y_method.py
Methods/43_Forcing_Based/1_ERF_FaIR/FaIR_all_method.py
Methods/43_Forcing_Based/1_ERF_FaIR/FaIR_all_unB_method.py
Methods/43_Forcing_Based/1_ERF_FaIR/FaIR_anthro_method.py
Methods/43_Forcing_Based/1_ERF_FaIR/FaIR_anthro_unB_method.py
Methods/43_Forcing_Based/1_ERF_FaIR/FaIR_comb_unB_method.py
Methods/43_Forcing_Based/1_ERF_FaIR/FaIR_nonat_method.py
Methods/43_Forcing_Based/1_ERF_FaIR/FaIR_nonat_unB_method.py
evaluating 6 of 0.1C thresholds, starting at 1.1C
11
FaIR_anthro sampled, d llike: -0.012529922916425962
FaIR_anthro sampled, d llike: -0.2548166832243832
FaIR_anthro_unB sampled, d llike: -0.02672406078987133
FaIR_anthro_unB sampled, d llike: -0.1670528327284032
FaIR_nonat sampled, d llike: -0.04145484733200644
FaIR_nonat sampled, d llike: -0.04887381325045226
FaIR_nonat_unB sampled, d llike: -0.049209573127281914
FaIR_nonat_unB sampled, d llike: -0.03573933433828391
FaIR_all sampled, d llike: -1575.213907132305
FaIR_all sampled, d llike: -0.06459556959746227
FaIR_all_unB sampled, d llike: -0.028591328316396547
FaIR_all_unB sampled, d llike: -0.043810947314265825
FaIR_comb_unB sampled, d llike: -0.047209056985896725
FaIR_comb_unB sampled, d llike: 0.09303333718128803
        method_name    method_class c/r  smooth_r  avg_unc.(1se)  #q<0.5  #q<0.1   log-likeli       RMS      bias         tlog-l       100log-l    100RMS     75RMS   100bias           l15  l20    bias50    Edyrs15  Edyrs20    Mdyrs15  Mdyrs20    Fdyrs15  Fdyrs20    EdyrsA    RMSyrsA  ncEdyrs     e100log-l   e100RMS    e75RMS  e100bias           el15  el20   ebias50   eEdyrs15  eEdyrs20   eMdyrs15  eMdyrs20      eFdyrs15  eFdyrs20   eEdyrsA  eRMSyrsA  nceEdyrs
21    FaIR_comb_unB   43/1_ERF_FaIR   c     1.793       0.068832       0       0     1.596669  0.032540 -0.004905     250.677051     143.608465  0.035773  0.037662 -0.003732  5.505815e+00  0.0 -0.030516   2.250000       -1   2.250000       -1   2.250000       -1  2.958333  10.474119      5.0    130.814798  0.050165  0.046047 -0.036943   5.690866e+00   0.0 -0.054458   1.666667        -1   1.666667        -1  1.666667e+00        -1  4.291667  4.291667       5.0
15   FaIR_nonat_unB   43/1_ERF_FaIR   c     1.733       0.077929       0       0     1.434870  0.042288 -0.006855     231.014005     130.400809  0.043244  0.045514 -0.002128  5.255873e+00  0.0 -0.038306   1.000000       -1   1.000000       -1   1.000000       -1  2.444444  10.519272      5.0    122.888705  0.053193  0.053444 -0.035339   5.255840e+00   0.0 -0.062248   0.416667        -1   0.416667        -1  4.166667e-01        -1  3.777778  3.777778       5.0
19     FaIR_all_unB   43/1_ERF_FaIR   c     2.983       0.080888       0       0     1.384782  0.048811  0.005396     222.949916     130.288090  0.039571  0.040137 -0.002577  4.666488e+00  0.0 -0.033337   2.750000       -1   2.750000       -1   2.750000       -1  2.944444  10.530050      5.0    121.773728  0.049910  0.049232 -0.035788   4.866004e+00   0.0 -0.057279   2.166667        -1   2.166667        -1  2.166667e+00        -1  4.277778  4.277778       5.0
9       FaIR_anthro   43/1_ERF_FaIR   c     1.396       0.079252       0       0     1.290941  0.058542 -0.000163     207.841535     129.099910  0.049718  0.046451  0.027945  4.759184e+00  0.0 -0.004149  -0.916667       -1  -0.916667       -1  -0.916667       -1  1.388889  10.755812      5.0    130.371852  0.039131  0.039592 -0.005266   4.763844e+00   0.0 -0.028091  -1.500000        -1  -1.500000        -1 -1.500000e+00        -1  2.722222  2.722222       5.0
11  FaIR_anthro_unB   43/1_ERF_FaIR   c     1.437       0.079243       0       0     1.289168  0.055419 -0.015291     207.556011     128.708246  0.042773  0.043989  0.001256  4.385277e+00  0.0 -0.033250   1.833333       -1   1.833333       -1   1.833333       -1  2.611111  10.533566      5.0    118.621851  0.050865  0.050179 -0.031955   4.536456e+00   0.0 -0.057193   1.250000        -1   1.250000        -1  1.250000e+00        -1  3.944444  3.944444       5.0
13       FaIR_nonat   43/1_ERF_FaIR   c     1.740       0.097304       0       0     1.261037  0.045956  0.004330     203.027016     116.811622  0.045150  0.043299  0.022408  4.092406e+00  0.0 -0.007960  -1.000000       -1  -1.000000       -1  -1.000000       -1  1.652778  10.651628      5.0    117.000439  0.039368  0.038859 -0.010803   3.993754e+00   0.0 -0.031902  -1.583333        -1  -1.583333        -1 -1.583333e+00        -1  2.986111  2.986111       5.0
1             lag5y  42/1_Run_Means   c     5.235       0.052748      56      20     0.858134  0.067883 -0.013799     198.228986      76.073689  0.063887  0.064388 -0.010813  4.337640e+00  0.0  0.002240  11.020833       -1  22.916667       -1   0.583333       -1  3.716435   5.497668     13.4    -93.931213  0.080984  0.068571 -0.044024   4.401237e+00   0.0 -0.021702  10.437500        -1  22.333333        -1  1.521130e-10        -1  6.341435  6.341435      13.4
0            lag10y  42/1_Run_Means   c     2.751       0.042464     103       9     1.153632  0.057665 -0.030058     266.489020      65.043580  0.063988  0.051421 -0.039274  5.111691e+00  0.0  0.002926   5.583333       -1   5.583333       -1   5.583333       -1  5.166667   5.303083      7.0   -199.251374  0.097835  0.065345 -0.072485   5.536236e+00   0.0 -0.021017   5.000000        -1   5.000000        -1  5.000000e+00        -1  7.791667  7.791667       7.0
2             raw1y  42/1_Run_Means   c    25.332       0.137138       0       0     0.617885  0.128948  0.000043     142.731431      61.529309  0.122604  0.133124  0.005595  1.836073e+00  0.0 -0.002291   4.927083       -1  22.916667       -1 -13.666667       -1  2.842014   3.634986     31.8     56.612189  0.129910  0.135189 -0.027616   1.733363e+00   0.0 -0.026233   4.343750        -1  22.333333        -1 -1.425000e+01        -1  4.070023  4.070023      32.8
8         offset11y  42/1_Run_Means   c     2.489       0.040963     182     105    -0.960932  0.092369  0.076702    -221.975372     -43.728413  0.085170  0.098832  0.065628  4.527976e+00  0.0  0.113941  -1.083333       -1  -1.083333       -1  -1.083333       -1 -3.527778   7.327017      6.0     18.362411  0.076795  0.082861  0.032417   3.972145e+00   0.0  0.089999  -1.666667        -1  -1.666667        -1 -1.666667e+00        -1 -0.902778  0.902778       6.0
17         FaIR_all   43/1_ERF_FaIR   c     2.557       0.005580     147     137 -1722.971750  0.068468  0.037159 -277398.451780 -214617.132284  0.076898  0.062461  0.057976  1.578874e-84  0.0  0.012849  -5.208333       -1  -8.000000       -1  -8.000000       -1 -6.760417   7.017695     10.2 -70941.100059  0.048632  0.049565  0.024765  1.715568e-159   0.0 -0.011093  -5.791667        -1  -8.583333        -1 -8.583333e+00        -1 -4.135417  4.135417      10.2
4.7662762679999995
finished this run
/oscar/data/deeps/private/bfoxkemp/jnickla1/Thorne_15_codefigurestats/Methods/43_Forcing_Based/1_ERF_FaIR/FaIR_all_method.py:68: RuntimeWarning: Mean of empty slice
  return np.nanmean(samp_cur[year_idx-1850, :], axis = 1)
/users/jnickla1/.conda/envs/cleanpy/lib/python3.13/site-packages/numpy/lib/_nanfunctions_impl.py:2019: RuntimeWarning: Degrees of freedom <= 0 for slice.
  var = nanvar(a, axis=axis, dtype=dtype, out=out, ddof=ddof,
/oscar/data/deeps/private/bfoxkemp/jnickla1/Thorne_15_codefigurestats/Methods/43_Forcing_Based/1_ERF_FaIR/FaIR_all_method.py:96: RuntimeWarning: Mean of empty slice
  cdist = np.nanmean(dist)
starting computation for fut_NorESM_RCP45_VolcConst
max_runs45
Model number:
44




Methods/42_Temp_Alone/1_Run_Means/cent10y_method.py
Methods/42_Temp_Alone/1_Run_Means/cent20y_method.py
Methods/42_Temp_Alone/1_Run_Means/cent21y_method.py
Methods/42_Temp_Alone/1_Run_Means/cent30y_method.py
Methods/42_Temp_Alone/1_Run_Means/lag10y_method.py
Methods/42_Temp_Alone/1_Run_Means/lag5y_method.py
Methods/42_Temp_Alone/1_Run_Means/offset11y_method.py
Methods/42_Temp_Alone/1_Run_Means/raw1y_method.py
Methods/43_Forcing_Based/1_ERF_FaIR/FaIR_all_method.py
Methods/43_Forcing_Based/1_ERF_FaIR/FaIR_all_unB_method.py
Methods/43_Forcing_Based/1_ERF_FaIR/FaIR_anthro_method.py
Methods/43_Forcing_Based/1_ERF_FaIR/FaIR_anthro_unB_method.py
Methods/43_Forcing_Based/1_ERF_FaIR/FaIR_comb_unB_method.py
Methods/43_Forcing_Based/1_ERF_FaIR/FaIR_nonat_method.py
Methods/43_Forcing_Based/1_ERF_FaIR/FaIR_nonat_unB_method.py
evaluating 13 of 0.1C thresholds, starting at 1.1C
11
FaIR_anthro sampled, d llike: -0.7551526902366681
FaIR_anthro sampled, d llike: -65.09858204282534
FaIR_anthro_unB sampled, d llike: -1.0243898961869689
FaIR_anthro_unB sampled, d llike: -64.17533938188033
FaIR_nonat sampled, d llike: 0.0110284749298723
FaIR_nonat sampled, d llike: 0.16226008671699643
FaIR_nonat_unB sampled, d llike: -0.11166869901339027
FaIR_nonat_unB sampled, d llike: 0.11402128404155332
FaIR_all sampled, d llike: -14914.716155727747
FaIR_all sampled, d llike: 0.10995513932542134
FaIR_all_unB sampled, d llike: -1.0433673703670272
FaIR_all_unB sampled, d llike: 0.05193664292749145
FaIR_comb_unB sampled, d llike: -0.5063037125477453
FaIR_comb_unB sampled, d llike: 0.1791716708274902
        method_name    method_class c/r  smooth_r  avg_unc.(1se)  #q<0.5  #q<0.1    log-likeli       RMS      bias        tlog-l      100log-l    100RMS     75RMS   100bias       l15       l20    bias50   Edyrs15    Edyrs20   Mdyrs15    Mdyrs20   Fdyrs15    Fdyrs20     EdyrsA    RMSyrsA  ncEdyrs     e100log-l   e100RMS    e75RMS  e100bias      el15      el20   ebias50   eEdyrs15   eEdyrs20   eMdyrs15   eMdyrs20   eFdyrs15   eFdyrs20    eEdyrsA   eRMSyrsA  nceEdyrs
21    FaIR_comb_unB   43/1_ERF_FaIR   c     3.064       0.078922      66      42     -1.237995  0.156801 -0.116212 -1.931272e+02  1.235612e+02  0.051509  0.055104 -0.031472  4.144754  3.347319 -0.059599  1.333333   3.000000  1.333333   3.000000  1.333333   3.000000   1.858974   3.191368     13.0  1.319090e+02  0.032540  0.036725 -0.028411  3.242497  4.259138 -0.029192   2.500000   1.250000   2.500000   1.250000   2.500000   1.250000   1.673077   1.673077      13.0
15   FaIR_nonat_unB   43/1_ERF_FaIR   c     3.035       0.090223      70       0     -0.353577  0.155663 -0.114171 -5.657234e+01  1.136304e+02  0.054975  0.059170 -0.028555  3.930952  2.894445 -0.065709  1.000000   3.333333  1.000000   3.333333  1.000000   3.333333   1.711538   3.460939     13.0  1.212107e+02  0.033071  0.038125 -0.025495  3.084752  3.614015 -0.035302   2.166667   1.583333   2.166667   1.583333   2.166667   1.583333   1.525641   1.525641      13.0
19     FaIR_all_unB   43/1_ERF_FaIR   c     4.232       0.091457      70      32     -1.484536  0.164336 -0.116370 -2.375258e+02  1.117391e+02  0.053398  0.058128 -0.028250  3.632365  3.429151 -0.065513  1.250000   2.750000  1.250000   2.750000  1.250000   2.750000   2.356838   5.079923     15.0  1.180251e+02  0.034657  0.038967 -0.025189  2.963167  3.511106 -0.035106   2.416667   1.000000   2.416667   1.000000   2.416667   1.000000   2.170940   2.170940      15.0
11  FaIR_anthro_unB   43/1_ERF_FaIR   c     2.316       0.095517      70      59     -2.003994  0.177315 -0.126954 -3.206390e+02  1.051374e+02  0.061904  0.064498 -0.027348  3.455148  3.246550 -0.073224  0.666667   3.416667  0.666667   3.416667  0.666667   3.416667   1.823718   4.267138     14.0  1.128926e+02  0.035034  0.039073 -0.024288  3.417527  3.470551 -0.042817   1.833333   1.666667   1.833333   1.666667   1.833333   1.666667   1.637821   1.637821      14.0
8         offset11y  42/1_Run_Means   c     3.001       0.032989     176     120     -0.637460  0.083651  0.065083 -1.466158e+02  1.029919e+02  0.047268  0.047727  0.027347  9.358527  8.465358  0.048487  0.916667  -0.916667  0.916667  -0.916667  0.916667  -0.916667  -0.500000   1.882499     14.0  5.213833e+00  0.067525  0.071683  0.030408  6.152177  2.244877  0.078894   2.083333  -2.666667   2.083333  -2.666667   2.083333  -2.666667  -0.685897   0.685897      14.0
1             lag5y  42/1_Run_Means   c     6.686       0.041497      96      22      1.048800  0.053797 -0.018206  2.412239e+02  9.318854e+01  0.047333  0.044153 -0.028264  0.672627  5.691536 -0.019018  3.166667   0.750000  3.166667   0.750000  3.166667   0.750000   2.237179   2.605365     14.0  1.597708e+01  0.065321  0.054661 -0.025204  0.351523  6.120508  0.011389   4.333333  -1.000000   4.333333  -1.000000   4.333333  -1.000000   2.051282   2.051282      14.0
2             raw1y  42/1_Run_Means   c    36.808       0.107468       0       0      0.904645  0.097792 -0.000060  2.080682e+02  9.210435e+01  0.085153  0.080740  0.005219  2.607412  1.862511  0.003654 -0.458333   1.000000 -2.333333   3.833333 -2.333333  -1.833333   0.328419   1.959853     40.2  8.323224e+01  0.095849  0.089711  0.008280  2.020404  3.717246  0.034060   0.708333  -0.750000   2.583333  -3.583333  -1.166667  -3.583333   0.142521   0.142521      40.2
9       FaIR_anthro   43/1_ERF_FaIR   c     1.953       0.095588     142      58     -2.061587  0.197296 -0.180059 -3.298540e+02  5.497661e+01  0.130864  0.141896 -0.121733  2.048643  1.327278 -0.156498  5.333333  10.666667  5.333333  10.666667  5.333333  10.666667   8.121795  10.151707     12.0  5.940021e+01  0.120157  0.125574 -0.118672  1.423047  1.844554 -0.126092   6.500000   8.916667   6.500000   8.916667   6.500000   8.916667   8.250000   8.250000      12.0
13       FaIR_nonat   43/1_ERF_FaIR   c     2.681       0.112610     142       0     -0.285755  0.189784 -0.178162 -4.572087e+01  5.226190e+01  0.138390  0.150798 -0.132101  1.696718  1.388465 -0.160930  5.833333  10.500000  5.833333  10.500000  5.833333  10.500000   8.634615  10.356029     12.0  5.650354e+01  0.130237  0.136433 -0.129040  1.216908  2.120579 -0.130524   7.000000   8.750000   7.000000   8.750000   7.000000   8.750000   8.762821   8.762821      12.0
0            lag10y  42/1_Run_Means   c     3.337       0.033933     111      77      0.254401  0.063690 -0.040344  5.851212e+01 -1.120724e+02  0.082308  0.084697 -0.073296  0.000938  0.969345 -0.053276  4.916667   5.000000  4.916667   5.000000  4.916667   5.000000   4.317308   4.394736     14.0 -2.084139e+02  0.092258  0.087023 -0.070236  0.001058  4.442795 -0.022869   6.083333   3.250000   6.083333   3.250000   6.083333   3.250000   4.131410   4.131410      14.0
17         FaIR_all   43/1_ERF_FaIR   c     3.550       0.005589     160     160 -16310.551945  0.211636 -0.198777 -2.609688e+06 -1.359692e+06  0.205054  0.219752 -0.200967  0.000000  0.000000 -0.232586  9.500000  16.083333  9.500000  17.000000  9.500000  15.166667  12.833333  14.299565     12.0 -1.309992e+06  0.198980  0.206358 -0.197907  0.000000  0.000000 -0.202179  10.666667  14.333333  10.666667  15.250000  10.666667  13.416667  13.192308  13.192308      12.0
4.917479638
finished this run
/oscar/data/deeps/private/bfoxkemp/jnickla1/Thorne_15_codefigurestats/Methods/43_Forcing_Based/1_ERF_FaIR/FaIR_comb_unB_method.py:153: RuntimeWarning: Mean of empty slice
  return np.nanmean(samp_cur[year_idx-1850, :], axis = 1)
/users/jnickla1/.conda/envs/cleanpy/lib/python3.13/site-packages/numpy/lib/_nanfunctions_impl.py:2019: RuntimeWarning: Degrees of freedom <= 0 for slice.
  var = nanvar(a, axis=axis, dtype=dtype, out=out, ddof=ddof,
/oscar/data/deeps/private/bfoxkemp/jnickla1/Thorne_15_codefigurestats/Methods/43_Forcing_Based/1_ERF_FaIR/FaIR_comb_unB_method.py:181: RuntimeWarning: Mean of empty slice
  cdist = np.nanmean(dist)
starting computation for fut_NorESM_RCP45_Volc
max_runs45
Model number:
44




Methods/42_Temp_Alone/1_Run_Means/cent10y_method.py
Methods/42_Temp_Alone/1_Run_Means/cent20y_method.py
Methods/42_Temp_Alone/1_Run_Means/cent21y_method.py
Methods/42_Temp_Alone/1_Run_Means/cent30y_method.py
Methods/42_Temp_Alone/1_Run_Means/lag10y_method.py
Methods/42_Temp_Alone/1_Run_Means/lag5y_method.py
Methods/42_Temp_Alone/1_Run_Means/offset11y_method.py
Methods/42_Temp_Alone/1_Run_Means/raw1y_method.py
Methods/43_Forcing_Based/1_ERF_FaIR/FaIR_all_method.py
Methods/43_Forcing_Based/1_ERF_FaIR/FaIR_all_unB_method.py
Methods/43_Forcing_Based/1_ERF_FaIR/FaIR_anthro_method.py
Methods/43_Forcing_Based/1_ERF_FaIR/FaIR_anthro_unB_method.py
Methods/43_Forcing_Based/1_ERF_FaIR/FaIR_comb_unB_method.py
Methods/43_Forcing_Based/1_ERF_FaIR/FaIR_nonat_method.py
Methods/43_Forcing_Based/1_ERF_FaIR/FaIR_nonat_unB_method.py
evaluating 14 of 0.1C thresholds, starting at 1.1C
11
FaIR_anthro sampled, d llike: -0.7370295904977855
FaIR_anthro sampled, d llike: -66.03900704133224
FaIR_anthro_unB sampled, d llike: -0.683143527516306
FaIR_anthro_unB sampled, d llike: -64.83602880571311
FaIR_nonat sampled, d llike: 0.05274135186341172
FaIR_nonat sampled, d llike: 0.19364404122375456
FaIR_nonat_unB sampled, d llike: -0.12192835184644235
FaIR_nonat_unB sampled, d llike: 0.1439495517834149
FaIR_all sampled, d llike: -13665.90140508068
FaIR_all sampled, d llike: 0.10178378769711005
FaIR_all_unB sampled, d llike: -0.9503640303212355
FaIR_all_unB sampled, d llike: 0.05426533476425566
FaIR_comb_unB sampled, d llike: -0.4593789479253019
FaIR_comb_unB sampled, d llike: 0.23667055929577518
        method_name    method_class c/r  smooth_r  avg_unc.(1se)  #q<0.5  #q<0.1    log-likeli       RMS      bias        tlog-l      100log-l    100RMS     75RMS   100bias       l15        l20    bias50   Edyrs15    Edyrs20   Mdyrs15    Mdyrs20   Fdyrs15    Fdyrs20     EdyrsA    RMSyrsA  ncEdyrs      e100log-l   e100RMS    e75RMS  e100bias       el15      el20   ebias50  eEdyrs15  eEdyrs20  eMdyrs15   eMdyrs20  eFdyrs15   eFdyrs20   eEdyrsA  eRMSyrsA  nceEdyrs
21    FaIR_comb_unB   43/1_ERF_FaIR   c     3.735       0.078534      74      46     -1.153912  0.156964 -0.116878 -1.800102e+02  1.223253e+02  0.055818  0.064069 -0.033566  4.153073   4.181276 -0.066896  0.916667   1.833333  0.916667   1.833333  0.916667   1.833333   2.071429   3.595356     14.0     126.913568  0.040891  0.046979  0.025162   4.178985  3.865986  0.019617 -1.000000 -1.583333 -1.000000  -1.583333 -1.000000  -1.583333 -1.698718  1.698718      13.0
8         offset11y  42/1_Run_Means   c     3.029       0.034442     181     111     -0.554287  0.083980  0.063243 -1.274859e+02  1.215743e+02  0.048857  0.051994  0.022387  4.785750  10.818841  0.042822  2.166667  -1.750000  2.166667  -1.750000  2.166667  -1.750000  -0.250000   1.457057     14.0    -299.597067  0.104084  0.118593  0.081114  10.049703  1.142529  0.129335  0.250000 -5.166667  0.250000  -5.166667  0.250000  -5.166667 -3.519231  3.519231      13.0
19     FaIR_all_unB   43/1_ERF_FaIR   c     6.217       0.091862      71      35     -1.324705  0.162616 -0.103003 -2.119528e+02  1.138825e+02  0.048777  0.051301 -0.005392  2.992571   3.528657 -0.036812  1.250000  -0.833333  1.250000  -0.833333  1.250000  -0.833333   1.103175   4.831372     17.0     102.888577  0.067862  0.074853  0.053335   3.876479  2.796211  0.049701 -0.666667 -4.250000 -0.666667  -4.250000 -0.666667  -4.250000 -1.731838  1.731838      17.0
15   FaIR_nonat_unB   43/1_ERF_FaIR   c     3.019       0.089485      89      31     -0.406816  0.159525 -0.123085 -6.509060e+01  1.051975e+02  0.073413  0.085390 -0.045259  3.816166   3.373364 -0.096277  0.750000   3.500000  0.750000   3.500000  0.750000   3.500000   3.244048   5.256751     14.0     119.109965  0.037799  0.042137  0.013469   3.705037  3.723030 -0.009764 -1.166667  0.083333 -1.166667   0.083333 -1.166667   0.083333 -0.564103  0.564103      13.0
11  FaIR_anthro_unB   43/1_ERF_FaIR   c     2.500       0.094969      88      55     -1.702377  0.181831 -0.139707 -2.723804e+02  9.702217e+01  0.081039  0.094197 -0.049916  3.592667   3.079104 -0.107910  0.416667   3.750000  0.416667   3.750000  0.416667   3.750000   3.583333   5.905590     14.0     112.608407  0.039598  0.044157  0.008812   3.669404  3.977590 -0.021397 -1.500000  0.333333 -1.500000   0.333333 -1.500000   0.333333 -0.371795  0.371795      13.0
2             raw1y  42/1_Run_Means   c    35.482       0.110069       0       0      0.874320  0.100488  0.001860  2.010936e+02  8.549497e+01  0.092824  0.092395  0.009868  3.066283   3.580177  0.010771  0.625000  -2.694444  1.916667  -7.500000 -0.666667  -7.500000   0.300694   2.610712     40.2      55.485573  0.124690  0.133089  0.068595   3.722336  3.893548  0.097284 -1.291667 -6.111111 -2.583333 -10.916667 -2.583333 -10.916667 -2.553953  2.553953      37.2
13       FaIR_nonat   43/1_ERF_FaIR   c     2.600       0.111700     158       0     -0.331656  0.196245 -0.187084 -5.306496e+01  4.181912e+01  0.154267  0.165465 -0.148821  1.824665   1.868086 -0.177092  5.166667  11.333333  5.166667  12.333333  5.166667  10.333333   9.065476  10.598859     14.0      78.072382  0.096098  0.087553 -0.090094   2.705092  2.510983 -0.090580  3.250000  7.916667  3.250000   8.916667  3.250000   6.916667  4.551282  4.551282      14.0
1             lag5y  42/1_Run_Means   c     6.827       0.042796     113      30      0.832584  0.059340 -0.018000  1.914943e+02  4.178340e+01  0.062317  0.062373 -0.027996  0.533350   2.577432 -0.020305  2.333333   1.500000  2.333333   1.500000  2.333333   1.500000   1.720238   1.940266     19.0     -56.581605  0.079665  0.083856  0.030732   7.350836  5.931130  0.066208  0.416667 -1.916667  0.416667  -1.916667  0.416667  -1.916667 -1.570513  1.570513      18.0
9       FaIR_anthro   43/1_ERF_FaIR   c     2.100       0.094975     159      61     -2.188157  0.204881 -0.192867 -3.501051e+02  3.656157e+01  0.149626  0.158576 -0.144371  1.948940   1.763105 -0.169995  5.083333   9.833333  5.083333   9.833333  5.083333   9.833333   8.726190  10.347580     13.0      80.788081  0.092272  0.080266 -0.085644   3.034443  2.785346 -0.083482  3.166667  6.416667  3.166667   6.416667  3.166667   6.416667  4.185897  4.185897      13.0
0            lag10y  42/1_Run_Means   c     3.142       0.035454     123      77      0.029438  0.067170 -0.041887  6.770646e+00 -1.666769e+02  0.089445  0.091593 -0.077498  0.001183   0.101118 -0.058461  4.583333   4.750000  4.583333   4.750000  4.583333   4.750000   4.607143   4.682266     14.0      -9.183050  0.068786  0.062079 -0.018771   0.041544  7.634689  0.028052  2.666667  1.333333  2.666667   1.333333  2.666667   1.333333  1.256410  1.256410      13.0
17         FaIR_all   43/1_ERF_FaIR   c     5.561       0.005573     160     160 -14886.533917  0.199390 -0.185629 -2.381845e+06 -1.141617e+06  0.183045  0.187130 -0.178162  0.000000   0.000000 -0.195904  6.250000  11.500000  6.250000  12.666667  6.250000  10.333333  10.375000  11.821979     16.0 -587249.315377  0.127975  0.108908 -0.119435   0.000000  0.000000 -0.109391  4.333333  8.083333  4.333333   9.250000  4.333333   6.916667  5.961538  5.961538      16.0
4.981674771
finished this run
starting computation for fut_ESM1-2-LR_SSP245_constVolc
max_runs45
Model number:
44




Methods/42_Temp_Alone/1_Run_Means/cent10y_method.py
Methods/42_Temp_Alone/1_Run_Means/cent20y_method.py
Methods/42_Temp_Alone/1_Run_Means/cent21y_method.py
Methods/42_Temp_Alone/1_Run_Means/cent30y_method.py
Methods/42_Temp_Alone/1_Run_Means/lag10y_method.py
Methods/42_Temp_Alone/1_Run_Means/lag5y_method.py
Methods/42_Temp_Alone/1_Run_Means/offset11y_method.py
Methods/42_Temp_Alone/1_Run_Means/raw1y_method.py
Methods/43_Forcing_Based/1_ERF_FaIR/FaIR_all_method.py
Methods/43_Forcing_Based/1_ERF_FaIR/FaIR_all_unB_method.py
Methods/43_Forcing_Based/1_ERF_FaIR/FaIR_anthro_method.py
Methods/43_Forcing_Based/1_ERF_FaIR/FaIR_anthro_unB_method.py
Methods/43_Forcing_Based/1_ERF_FaIR/FaIR_comb_unB_method.py
Methods/43_Forcing_Based/1_ERF_FaIR/FaIR_nonat_method.py
Methods/43_Forcing_Based/1_ERF_FaIR/FaIR_nonat_unB_method.py
evaluating 14 of 0.1C thresholds, starting at 1.1C
11
FaIR_anthro sampled, d llike: -0.04728302937500084
FaIR_anthro sampled, d llike: -0.3619475294572869
FaIR_anthro_unB sampled, d llike: -0.03295500980323962
FaIR_anthro_unB sampled, d llike: -0.27730488565141387
FaIR_nonat sampled, d llike: -0.0553176539785718
FaIR_nonat sampled, d llike: -0.05618621985493699
FaIR_nonat_unB sampled, d llike: -0.05531102432026569
FaIR_nonat_unB sampled, d llike: -0.05124723547121435
FaIR_all sampled, d llike: -1186.967923485524
FaIR_all sampled, d llike: -0.058668240714512265
FaIR_all_unB sampled, d llike: -0.03949395578050163
FaIR_all_unB sampled, d llike: -0.049805944596205354
FaIR_comb_unB sampled, d llike: -0.05451285027513175
FaIR_comb_unB sampled, d llike: -0.06646503343771692
        method_name    method_class c/r  smooth_r  avg_unc.(1se)  #q<0.5  #q<0.1   log-likeli       RMS      bias         tlog-l       100log-l    100RMS     75RMS   100bias            l15            l20    bias50   Edyrs15   Edyrs20   Mdyrs15    Mdyrs20   Fdyrs15   Fdyrs20    EdyrsA   RMSyrsA  ncEdyrs      e100log-l   e100RMS    e75RMS  e100bias       el15          el20   ebias50  eEdyrs15      eEdyrs20  eMdyrs15      eMdyrs20  eFdyrs15      eFdyrs20   eEdyrsA  eRMSyrsA  nceEdyrs
8         offset11y  42/1_Run_Means   c     2.699       0.039917     142      58    -0.015967  0.078340  0.057737      -3.688294     174.558665  0.034272  0.038620  0.017487   5.733653e+00   7.953284e+00  0.039813  0.916667 -2.833333  0.916667  -2.833333  0.916667 -2.833333 -1.386905  2.501091     14.0     164.654955  0.040498  0.034145  0.004696  10.794829  7.557032e+00  0.021528 -0.250000 -3.333333e+00 -0.250000 -3.333333e+00 -0.250000 -3.333333e+00 -1.160714  1.160714      14.0
21    FaIR_comb_unB   43/1_ERF_FaIR   c     1.981       0.072451       0       0     1.579799  0.027843 -0.002517     248.028365     140.894953  0.027741  0.024346 -0.000807   4.674331e+00   4.715479e+00  0.013281  0.916667  0.500000  0.916667   0.500000  0.916667  0.500000 -0.220238  1.740194     14.0     135.447427  0.039413  0.017115 -0.013598   5.411828  5.292380e+00 -0.005004 -0.250000  1.673470e-10 -0.250000  1.673470e-10 -0.250000  1.673470e-10  0.005952  0.005952      14.0
15   FaIR_nonat_unB   43/1_ERF_FaIR   c     1.907       0.082022       0       0     1.442277  0.033591 -0.003787     232.206555     131.669072  0.025989  0.022657  0.002035   4.147412e+00   4.189222e+00  0.007238  0.333333  0.833333  0.333333   0.833333  0.333333  0.833333 -0.291667  1.781881     14.0     126.786827  0.039904  0.024942 -0.010756   4.741917  4.790285e+00 -0.011047 -0.833333  3.333333e-01 -0.833333  3.333333e-01 -0.833333  3.333333e-01 -0.065476  0.065476      14.0
19     FaIR_all_unB   43/1_ERF_FaIR   c     3.158       0.085084       0       0     1.361943  0.044637  0.008990     219.272900     127.065010  0.029457  0.025934  0.002554   3.754939e+00   4.130863e+00  0.013241  0.583333  0.916667  0.583333   0.916667  0.583333  0.916667 -0.345238  1.929563     14.0     124.941395  0.037210  0.019947 -0.010237   4.650183  4.485765e+00 -0.005044 -0.583333  4.166667e-01 -0.583333  4.166667e-01 -0.583333  4.166667e-01 -0.119048  0.119048      14.0
9       FaIR_anthro   43/1_ERF_FaIR   c     1.274       0.086009       0       0     1.238027  0.051545 -0.003381     199.322270     121.199973  0.034027  0.030248  0.022194   3.728532e+00   3.807884e+00  0.017275 -1.000000 -1.250000 -1.000000  -1.250000 -1.000000 -1.250000 -1.238095  2.306607     14.0     119.641595  0.038492  0.035905  0.009404   3.474192  3.988763e+00 -0.001009 -2.166667 -1.750000e+00 -2.166667 -1.750000e+00 -2.166667 -1.750000e+00 -1.011905  1.011905      14.0
11  FaIR_anthro_unB   43/1_ERF_FaIR   c     1.350       0.085959       0       0     1.190719  0.061527  0.006714     191.705791     113.430987  0.056230  0.062446  0.040030   3.758505e+00   3.563954e+00  0.071909 -1.000000 -3.000000 -1.000000  -3.000000 -1.000000 -3.000000 -2.738095  3.640191     14.0     112.287119  0.057069  0.054036  0.027240   3.429445  3.458655e+00  0.053625 -2.166667 -3.500000e+00 -2.166667 -3.500000e+00 -2.166667 -3.500000e+00 -2.511905  2.511905      14.0
13       FaIR_nonat   43/1_ERF_FaIR   c     1.863       0.102394       0       0     1.228979  0.039860  0.004035     197.865639     111.393431  0.033145  0.029854  0.020525   3.329627e+00   3.472952e+00  0.018068 -0.583333 -1.083333 -0.583333  -1.083333 -0.583333 -1.083333 -1.360119  2.164061     16.0     110.550309  0.038671  0.034756  0.007735   3.496010  3.729867e+00 -0.000216 -1.750000 -1.583333e+00 -1.750000 -1.583333e+00 -1.750000 -1.583333e+00 -1.133929  1.133929      16.0
2             raw1y  42/1_Run_Means   c    27.866       0.131964       0       0     0.663469  0.123446 -0.002032     153.261446      72.082156  0.107269  0.111209  0.000328   3.168736e+00   1.629023e+00  0.000253  0.444444  6.104167  2.916667  14.916667 -1.416667 -5.000000 -0.641567  3.037630     54.3      69.298243  0.111644  0.113911 -0.012462   1.676710  2.723688e+00 -0.018032 -0.722222  5.604167e+00 -2.583333  1.441667e+01 -2.583333 -5.500000e+00 -0.415377  0.415377      54.3
1             lag5y  42/1_Run_Means   c     5.597       0.050307      80      31     0.654244  0.066444 -0.022411     151.130332      28.975035  0.059923  0.059454 -0.032673   7.138446e-01   6.601084e+00 -0.025953  1.666667  1.000000  1.666667   4.500000  1.666667 -2.500000  2.375000  2.885548     20.0     -60.467112  0.069615  0.061821 -0.045463   4.956449  7.334643e+00 -0.044238  0.500000  5.000000e-01  0.500000  4.000000e+00  0.500000 -3.000000e+00  2.601190  2.601190      20.0
0            lag10y  42/1_Run_Means   c     2.920       0.041164     151      41     0.334822  0.068970 -0.047167      77.343843    -124.101597  0.087911  0.082019 -0.082704   1.010842e-03   2.547679e+00 -0.062339  5.000000  3.583333  5.000000   3.583333  5.000000  3.583333  4.136905  4.418519     15.0    -216.926055  0.103965  0.082983 -0.095495   0.508395  2.996966e+00 -0.080624  3.833333  3.083333e+00  3.833333  3.083333e+00  3.833333  3.083333e+00  4.363095  4.363095      15.0
17         FaIR_all   43/1_ERF_FaIR   c     2.725       0.005573     151     144 -1308.736803  0.062832  0.037725 -210706.625290 -147148.917913  0.067747  0.054733  0.058227  7.864666e-285  2.470573e-106  0.041853 -1.833333 -2.916667 -1.833333  -2.916667 -1.833333 -2.916667 -3.071429  3.626402     14.0 -102544.156377  0.059271  0.059045  0.045436   0.000000  6.185794e-98  0.023569 -3.000000 -3.416667e+00 -3.000000 -3.416667e+00 -3.000000 -3.416667e+00 -2.845238  2.845238      14.0
5.4395175710000006
finished this run
/oscar/data/deeps/private/bfoxkemp/jnickla1/Thorne_15_codefigurestats/Methods/43_Forcing_Based/1_ERF_FaIR/FaIR_all_unB_method.py:90: RuntimeWarning: Mean of empty slice
  return np.nanmean(samp_cur[year_idx-1850, :], axis = 1)
/users/jnickla1/.conda/envs/cleanpy/lib/python3.13/site-packages/numpy/lib/_nanfunctions_impl.py:2019: RuntimeWarning: Degrees of freedom <= 0 for slice.
  var = nanvar(a, axis=axis, dtype=dtype, out=out, ddof=ddof,
/oscar/data/deeps/private/bfoxkemp/jnickla1/Thorne_15_codefigurestats/Methods/43_Forcing_Based/1_ERF_FaIR/FaIR_all_unB_method.py:118: RuntimeWarning: Mean of empty slice
  cdist = np.nanmean(dist)
/oscar/data/deeps/private/bfoxkemp/jnickla1/Thorne_15_codefigurestats/Methods/43_Forcing_Based/1_ERF_FaIR/FaIR_comb_unB_method.py:153: RuntimeWarning: Mean of empty slice
  return np.nanmean(samp_cur[year_idx-1850, :], axis = 1)
/users/jnickla1/.conda/envs/cleanpy/lib/python3.13/site-packages/numpy/lib/_nanfunctions_impl.py:2019: RuntimeWarning: Degrees of freedom <= 0 for slice.
  var = nanvar(a, axis=axis, dtype=dtype, out=out, ddof=ddof,
/oscar/data/deeps/private/bfoxkemp/jnickla1/Thorne_15_codefigurestats/Methods/43_Forcing_Based/1_ERF_FaIR/FaIR_comb_unB_method.py:181: RuntimeWarning: Mean of empty slice
  cdist = np.nanmean(dist)
starting computation for fut_ESM1-2-LR_SSP370_constVolc
max_runs45
Model number:
44




Methods/42_Temp_Alone/1_Run_Means/cent10y_method.py
Methods/42_Temp_Alone/1_Run_Means/cent20y_method.py
Methods/42_Temp_Alone/1_Run_Means/cent21y_method.py
Methods/42_Temp_Alone/1_Run_Means/cent30y_method.py
Methods/42_Temp_Alone/1_Run_Means/lag10y_method.py
Methods/42_Temp_Alone/1_Run_Means/lag5y_method.py
Methods/42_Temp_Alone/1_Run_Means/offset11y_method.py
Methods/42_Temp_Alone/1_Run_Means/raw1y_method.py
Methods/43_Forcing_Based/1_ERF_FaIR/FaIR_all_method.py
Methods/43_Forcing_Based/1_ERF_FaIR/FaIR_all_unB_method.py
Methods/43_Forcing_Based/1_ERF_FaIR/FaIR_anthro_method.py
Methods/43_Forcing_Based/1_ERF_FaIR/FaIR_anthro_unB_method.py
Methods/43_Forcing_Based/1_ERF_FaIR/FaIR_comb_unB_method.py
Methods/43_Forcing_Based/1_ERF_FaIR/FaIR_nonat_method.py
Methods/43_Forcing_Based/1_ERF_FaIR/FaIR_nonat_unB_method.py
evaluating 23 of 0.1C thresholds, starting at 1.1C
11
FaIR_anthro sampled, d llike: -0.031265539556348365
FaIR_anthro sampled, d llike: -0.5329332978099484
FaIR_anthro_unB sampled, d llike: -0.02531258814667048
FaIR_anthro_unB sampled, d llike: -0.509745638706686
FaIR_nonat sampled, d llike: -0.0475208486407801
FaIR_nonat sampled, d llike: -0.011109651813032029
FaIR_nonat_unB sampled, d llike: -0.04742284671590302
FaIR_nonat_unB sampled, d llike: -0.019002556278909344
FaIR_all sampled, d llike: -1110.5085762989377
FaIR_all sampled, d llike: -0.032603785896521575
FaIR_all_unB sampled, d llike: -0.031183619538748264
FaIR_all_unB sampled, d llike: -0.027010330746348732
FaIR_comb_unB sampled, d llike: -0.047980136815033436
FaIR_comb_unB sampled, d llike: -0.8285620743725332
        method_name    method_class c/r  smooth_r  avg_unc.(1se)  #q<0.5  #q<0.1   log-likeli       RMS      bias         tlog-l       100log-l    100RMS     75RMS   100bias        l15            l20    bias50   Edyrs15   Edyrs20   Mdyrs15   Mdyrs20   Fdyrs15   Fdyrs20    EdyrsA   RMSyrsA  ncEdyrs     e100log-l   e100RMS    e75RMS  e100bias       el15      el20   ebias50  eEdyrs15  eEdyrs20  eMdyrs15  eMdyrs20  eFdyrs15  eFdyrs20   eEdyrsA  eRMSyrsA  nceEdyrs
21    FaIR_comb_unB   43/1_ERF_FaIR   c     2.009       0.071343       0       0     1.600116  0.027977 -0.008754     251.218235     144.346990  0.028363  0.029425 -0.010395   4.928633   4.052957e+00 -0.017193 -0.416667  1.333333 -0.416667  1.333333 -0.416667  1.333333  0.452899  0.957585     23.0    118.755729  0.061252  0.055200 -0.047352   4.928794  2.451818 -0.046120 -0.166667  3.250000 -0.166667  3.250000 -0.166667  3.250000  1.416667  1.416667      23.0
15   FaIR_nonat_unB   43/1_ERF_FaIR   c     1.971       0.080764       0       0     1.462453  0.034120 -0.008752     235.454997     134.582401  0.027572  0.029223 -0.005431   4.263645   3.903073e+00 -0.017343 -1.000000  1.166667 -1.000000  1.166667 -1.000000  1.166667  0.217391  0.938637     23.0    117.792452  0.057734  0.053461 -0.042388   4.278528  2.973784 -0.046269 -0.750000  3.083333 -0.750000  3.083333 -0.750000  3.083333  1.181159  1.181159      23.0
19     FaIR_all_unB   43/1_ERF_FaIR   c     3.244       0.083853       0       0     1.383661  0.045056  0.003522     222.769342     130.032388  0.030703  0.030507 -0.005962   4.038598   3.402205e+00 -0.012640 -0.500000  1.416667 -0.500000  1.416667 -0.500000  1.416667  0.434783  1.053520     23.0    113.548467  0.059014  0.055067 -0.042920   4.047227  2.794848 -0.041566 -0.250000  3.333333 -0.250000  3.333333 -0.250000  3.333333  1.398551  1.398551      23.0
11  FaIR_anthro_unB   43/1_ERF_FaIR   c     1.592       0.083766       0       0     1.295926  0.049519 -0.016788     208.644139     129.345076  0.027304  0.028951 -0.001446   3.862541   4.041275e+00 -0.012916 -1.083333  1.250000 -1.083333  1.250000 -1.083333  1.250000  0.134058  0.906065     23.0    113.121526  0.055764  0.050629 -0.038404   3.876340  2.636034 -0.041843 -0.833333  3.166667 -0.833333  3.166667 -0.833333  3.166667  1.097826  1.097826      23.0
9       FaIR_anthro   43/1_ERF_FaIR   c     1.517       0.083785       0       0     1.233065  0.058278 -0.022343     198.523495     119.626251  0.049184  0.052219 -0.011314   3.742717   3.501332e+00 -0.057618 -1.333333  1.666667 -1.333333  1.666667 -1.333333  1.666667  0.753623  1.585334     23.0    106.011086  0.068673  0.077151 -0.048271   3.756980  2.252616 -0.086544 -1.083333  3.583333 -1.083333  3.583333 -1.083333  3.583333  1.717391  1.717391      23.0
13       FaIR_nonat   43/1_ERF_FaIR   c     1.958       0.100833       0       0     1.226606  0.046077 -0.016194     197.483626     111.045995  0.045423  0.049061 -0.013968   3.321443   3.023568e+00 -0.054203 -1.250000  1.583333 -1.250000  1.583333 -1.250000  1.583333  0.760870  1.516416     23.0    101.286623  0.067967  0.075239 -0.050925   3.329247  2.540225 -0.083129 -1.000000  3.500000 -1.000000  3.500000 -1.000000  3.500000  1.724638  1.724638      23.0
8         offset11y  42/1_Run_Means   c     2.667       0.042649     163      76    -0.374736  0.083800  0.035977     -86.564113      91.682845  0.058495  0.065451 -0.037749  10.053261   1.084522e+00 -0.071831 -1.000000  1.666667 -1.000000  1.666667 -1.000000  1.666667  1.597826  1.991604     23.0    -37.413924  0.086206  0.092645 -0.074706  10.273666  0.693627 -0.100757 -0.750000  3.583333 -0.750000  3.583333 -0.750000  3.583333  2.561594  2.561594      23.0
2             raw1y  42/1_Run_Means   c    26.434       0.133207       0       0     0.653283  0.124639 -0.003746     150.908323      69.684923  0.110716  0.115639 -0.004024   2.026376   2.569469e+00 -0.005543 -1.472222 -1.541667 -7.583333 -3.416667 -7.583333 -3.416667  0.127114  1.481106     50.3     62.659430  0.121352  0.123866 -0.040981   2.044048  3.101314 -0.034470 -1.222222  0.375000 -7.333333  2.250000 -7.333333 -1.500000  1.090882  1.090882      50.3
1             lag5y  42/1_Run_Means   c     5.460       0.051443     106      43     0.237268  0.076820 -0.033219      54.808844     -67.346453  0.085815  0.088625 -0.060108   5.055118   1.940551e+00 -0.076334  2.750000  1.500000  5.166667  1.500000  0.333333  1.500000  2.405797  2.846941     25.2   -299.849223  0.114187  0.114628 -0.097065   4.933302  1.018760 -0.105260  3.000000  3.416667  5.416667  3.416667  0.583333  3.416667  3.369565  3.369565      25.2
0            lag10y  42/1_Run_Means   c     2.844       0.043636     164      86    -1.478800  0.097807 -0.067363    -341.602801    -543.048241  0.141198  0.151305 -0.133970   0.415121   3.994853e-03 -0.164744  5.333333  3.916667  5.333333  3.916667  5.333333  3.916667  4.775362  4.874636     23.0   -959.269721  0.176465  0.181095 -0.170927   0.381482  0.000383 -0.193670  5.583333  5.833333  5.583333  5.833333  5.583333  5.833333  5.739130  5.739130      23.0
17         FaIR_all   43/1_ERF_FaIR   c     2.773       0.005555     147     138 -1219.666059  0.059227  0.018744 -196366.235518 -132363.436430  0.061807  0.044327  0.025352   0.000000  1.464924e-103 -0.026865 -1.916667  1.416667 -1.916667  1.416667 -1.916667  1.416667 -0.478261  1.968962     23.0 -87549.552309  0.054801  0.058668 -0.011605   0.000000  0.000000 -0.055791 -1.666667  3.333333 -1.666667  3.333333 -1.666667  3.333333  0.485507  0.485507      23.0
6.774807802
finished this run
All processes completed.
