/oscar/data/deeps/private/bfoxkemp/jnickla1/Thorne_15_codefigurestats/fut_evaluation_gen_ensemble.py:20: RuntimeWarning: Mean of empty slice
  return np.nanmean(standards_np,axis=0)
/oscar/data/deeps/private/bfoxkemp/jnickla1/Thorne_15_codefigurestats/fut_evaluation_gen_ensemble.py:20: RuntimeWarning: Mean of empty slice
  return np.nanmean(standards_np,axis=0)
/oscar/data/deeps/private/bfoxkemp/jnickla1/Thorne_15_codefigurestats/fut_evaluation_gen_ensemble.py:20: RuntimeWarning: Mean of empty slice
  return np.nanmean(standards_np,axis=0)
/oscar/data/deeps/private/bfoxkemp/jnickla1/Thorne_15_codefigurestats/fut_evaluation_gen_ensemble.py:20: RuntimeWarning: Mean of empty slice
  return np.nanmean(standards_np,axis=0)
/oscar/data/deeps/private/bfoxkemp/jnickla1/Thorne_15_codefigurestats/fut_evaluation_gen_ensemble.py:20: RuntimeWarning: Mean of empty slice
  return np.nanmean(standards_np,axis=0)
/oscar/data/deeps/private/bfoxkemp/jnickla1/Thorne_15_codefigurestats/Methods/43_Forcing_Based/1_ERF_FaIR/FaIR_all_method.py:53: RuntimeWarning: Mean of empty slice
  samp_mean =  np.nanmean(samp_cur, axis = 1)
/oscar/data/deeps/private/bfoxkemp/jnickla1/Thorne_15_codefigurestats/Methods/43_Forcing_Based/1_ERF_FaIR/FaIR_all_method.py:53: RuntimeWarning: Mean of empty slice
  samp_mean =  np.nanmean(samp_cur, axis = 1)
/oscar/data/deeps/private/bfoxkemp/jnickla1/Thorne_15_codefigurestats/Methods/43_Forcing_Based/1_ERF_FaIR/FaIR_all_unB_method.py:70: RuntimeWarning: Mean of empty slice
  samp_mean =  np.nanmean(samp_cur, axis = 1)
/oscar/data/deeps/private/bfoxkemp/jnickla1/Thorne_15_codefigurestats/Methods/43_Forcing_Based/1_ERF_FaIR/FaIR_all_unB_method.py:70: RuntimeWarning: Mean of empty slice
  samp_mean =  np.nanmean(samp_cur, axis = 1)
/oscar/data/deeps/private/bfoxkemp/jnickla1/Thorne_15_codefigurestats/Methods/43_Forcing_Based/1_ERF_FaIR/FaIR_anthro_method.py:53: RuntimeWarning: Mean of empty slice
  samp_mean =  np.nanmean(samp_cur, axis = 1)
/oscar/data/deeps/private/bfoxkemp/jnickla1/Thorne_15_codefigurestats/Methods/43_Forcing_Based/1_ERF_FaIR/FaIR_anthro_method.py:53: RuntimeWarning: Mean of empty slice
  samp_mean =  np.nanmean(samp_cur, axis = 1)
/oscar/data/deeps/private/bfoxkemp/jnickla1/Thorne_15_codefigurestats/Methods/43_Forcing_Based/1_ERF_FaIR/FaIR_anthro_unB_method.py:70: RuntimeWarning: Mean of empty slice
  samp_mean =  np.nanmean(samp_cur, axis = 1)
/oscar/data/deeps/private/bfoxkemp/jnickla1/Thorne_15_codefigurestats/Methods/43_Forcing_Based/1_ERF_FaIR/FaIR_anthro_unB_method.py:70: RuntimeWarning: Mean of empty slice
  samp_mean =  np.nanmean(samp_cur, axis = 1)
/oscar/data/deeps/private/bfoxkemp/jnickla1/Thorne_15_codefigurestats/Methods/43_Forcing_Based/1_ERF_FaIR/FaIR_comb_unB_method.py:70: RuntimeWarning: Mean of empty slice
  samp_mean =  np.nanmean(samp_cur, axis = 1)
/oscar/data/deeps/private/bfoxkemp/jnickla1/Thorne_15_codefigurestats/Methods/43_Forcing_Based/1_ERF_FaIR/FaIR_comb_unB_method.py:70: RuntimeWarning: Mean of empty slice
  samp_mean =  np.nanmean(samp_cur, axis = 1)
/oscar/data/deeps/private/bfoxkemp/jnickla1/Thorne_15_codefigurestats/Methods/43_Forcing_Based/1_ERF_FaIR/FaIR_comb_unB_method.py:127: RuntimeWarning: Mean of empty slice
  samp_meanAll =  np.nanmean(samp_curAll, axis = 1)
/oscar/data/deeps/private/bfoxkemp/jnickla1/Thorne_15_codefigurestats/Methods/43_Forcing_Based/1_ERF_FaIR/FaIR_comb_unB_method.py:127: RuntimeWarning: Mean of empty slice
  samp_meanAll =  np.nanmean(samp_curAll, axis = 1)
/oscar/data/deeps/private/bfoxkemp/jnickla1/Thorne_15_codefigurestats/Methods/43_Forcing_Based/1_ERF_FaIR/FaIR_nonat_method.py:53: RuntimeWarning: Mean of empty slice
  samp_mean =  np.nanmean(samp_cur, axis = 1)
/oscar/data/deeps/private/bfoxkemp/jnickla1/Thorne_15_codefigurestats/Methods/43_Forcing_Based/1_ERF_FaIR/FaIR_nonat_method.py:53: RuntimeWarning: Mean of empty slice
  samp_mean =  np.nanmean(samp_cur, axis = 1)
/oscar/data/deeps/private/bfoxkemp/jnickla1/Thorne_15_codefigurestats/Methods/43_Forcing_Based/1_ERF_FaIR/FaIR_nonat_unB_method.py:72: RuntimeWarning: Mean of empty slice
  samp_mean =  np.nanmean(samp_cur, axis = 1)
/oscar/data/deeps/private/bfoxkemp/jnickla1/Thorne_15_codefigurestats/Methods/43_Forcing_Based/1_ERF_FaIR/FaIR_nonat_unB_method.py:72: RuntimeWarning: Mean of empty slice
  samp_mean =  np.nanmean(samp_cur, axis = 1)
/oscar/data/deeps/private/bfoxkemp/jnickla1/Thorne_15_codefigurestats/Methods/43_Forcing_Based/1_ERF_FaIR/FaIR_all_method.py:68: RuntimeWarning: Mean of empty slice
  return np.nanmean(samp_cur[year_idx-1850, :], axis = 1)
/users/jnickla1/.conda/envs/cleanpy/lib/python3.13/site-packages/numpy/lib/_nanfunctions_impl.py:2019: RuntimeWarning: Degrees of freedom <= 0 for slice.
  var = nanvar(a, axis=axis, dtype=dtype, out=out, ddof=ddof,
/oscar/data/deeps/private/bfoxkemp/jnickla1/Thorne_15_codefigurestats/Methods/43_Forcing_Based/1_ERF_FaIR/FaIR_all_unB_method.py:90: RuntimeWarning: Mean of empty slice
  return np.nanmean(samp_cur[year_idx-1850, :], axis = 1)
/oscar/data/deeps/private/bfoxkemp/jnickla1/Thorne_15_codefigurestats/Methods/43_Forcing_Based/1_ERF_FaIR/FaIR_all_method.py:68: RuntimeWarning: Mean of empty slice
  return np.nanmean(samp_cur[year_idx-1850, :], axis = 1)
/users/jnickla1/.conda/envs/cleanpy/lib/python3.13/site-packages/numpy/lib/_nanfunctions_impl.py:2019: RuntimeWarning: Degrees of freedom <= 0 for slice.
  var = nanvar(a, axis=axis, dtype=dtype, out=out, ddof=ddof,
/oscar/data/deeps/private/bfoxkemp/jnickla1/Thorne_15_codefigurestats/Methods/43_Forcing_Based/1_ERF_FaIR/FaIR_anthro_method.py:67: RuntimeWarning: Mean of empty slice
  return np.nanmean(samp_cur[year_idx-1850, :], axis = 1)
/oscar/data/deeps/private/bfoxkemp/jnickla1/Thorne_15_codefigurestats/Methods/43_Forcing_Based/1_ERF_FaIR/FaIR_all_unB_method.py:90: RuntimeWarning: Mean of empty slice
  return np.nanmean(samp_cur[year_idx-1850, :], axis = 1)
/oscar/data/deeps/private/bfoxkemp/jnickla1/Thorne_15_codefigurestats/Methods/43_Forcing_Based/1_ERF_FaIR/FaIR_anthro_method.py:67: RuntimeWarning: Mean of empty slice
  return np.nanmean(samp_cur[year_idx-1850, :], axis = 1)
/oscar/data/deeps/private/bfoxkemp/jnickla1/Thorne_15_codefigurestats/Methods/43_Forcing_Based/1_ERF_FaIR/FaIR_anthro_unB_method.py:89: RuntimeWarning: Mean of empty slice
  return np.nanmean(samp_cur[year_idx-1850, :], axis = 1)
/oscar/data/deeps/private/bfoxkemp/jnickla1/Thorne_15_codefigurestats/Methods/43_Forcing_Based/1_ERF_FaIR/FaIR_anthro_unB_method.py:89: RuntimeWarning: Mean of empty slice
  return np.nanmean(samp_cur[year_idx-1850, :], axis = 1)
/oscar/data/deeps/private/bfoxkemp/jnickla1/Thorne_15_codefigurestats/Methods/43_Forcing_Based/1_ERF_FaIR/FaIR_comb_unB_method.py:153: RuntimeWarning: Mean of empty slice
  return np.nanmean(samp_cur[year_idx-1850, :], axis = 1)
/oscar/data/deeps/private/bfoxkemp/jnickla1/Thorne_15_codefigurestats/Methods/43_Forcing_Based/1_ERF_FaIR/FaIR_comb_unB_method.py:153: RuntimeWarning: Mean of empty slice
  return np.nanmean(samp_cur[year_idx-1850, :], axis = 1)
/oscar/data/deeps/private/bfoxkemp/jnickla1/Thorne_15_codefigurestats/Methods/43_Forcing_Based/1_ERF_FaIR/FaIR_nonat_method.py:68: RuntimeWarning: Mean of empty slice
  return np.nanmean(samp_cur[year_idx-1850, :], axis = 1)
/oscar/data/deeps/private/bfoxkemp/jnickla1/Thorne_15_codefigurestats/Methods/43_Forcing_Based/1_ERF_FaIR/FaIR_nonat_method.py:68: RuntimeWarning: Mean of empty slice
  return np.nanmean(samp_cur[year_idx-1850, :], axis = 1)
/oscar/data/deeps/private/bfoxkemp/jnickla1/Thorne_15_codefigurestats/Methods/43_Forcing_Based/1_ERF_FaIR/FaIR_nonat_unB_method.py:92: RuntimeWarning: Mean of empty slice
  return np.nanmean(samp_cur[year_idx-1850, :], axis = 1)
/oscar/data/deeps/private/bfoxkemp/jnickla1/Thorne_15_codefigurestats/Methods/43_Forcing_Based/1_ERF_FaIR/FaIR_nonat_unB_method.py:92: RuntimeWarning: Mean of empty slice
  return np.nanmean(samp_cur[year_idx-1850, :], axis = 1)
/oscar/data/deeps/private/bfoxkemp/jnickla1/Thorne_15_codefigurestats/Methods/43_Forcing_Based/1_ERF_FaIR/FaIR_anthro_method.py:67: RuntimeWarning: Mean of empty slice
  return np.nanmean(samp_cur[year_idx-1850, :], axis = 1)
/oscar/data/deeps/private/bfoxkemp/jnickla1/Thorne_15_codefigurestats/Methods/43_Forcing_Based/1_ERF_FaIR/FaIR_anthro_method.py:67: RuntimeWarning: Mean of empty slice
  return np.nanmean(samp_cur[year_idx-1850, :], axis = 1)
/oscar/data/deeps/private/bfoxkemp/jnickla1/Thorne_15_codefigurestats/Methods/43_Forcing_Based/1_ERF_FaIR/FaIR_anthro_unB_method.py:89: RuntimeWarning: Mean of empty slice
  return np.nanmean(samp_cur[year_idx-1850, :], axis = 1)
/oscar/data/deeps/private/bfoxkemp/jnickla1/Thorne_15_codefigurestats/Methods/43_Forcing_Based/1_ERF_FaIR/FaIR_nonat_method.py:68: RuntimeWarning: Mean of empty slice
  return np.nanmean(samp_cur[year_idx-1850, :], axis = 1)
/oscar/data/deeps/private/bfoxkemp/jnickla1/Thorne_15_codefigurestats/Methods/43_Forcing_Based/1_ERF_FaIR/FaIR_nonat_unB_method.py:92: RuntimeWarning: Mean of empty slice
  return np.nanmean(samp_cur[year_idx-1850, :], axis = 1)
/oscar/data/deeps/private/bfoxkemp/jnickla1/Thorne_15_codefigurestats/Methods/43_Forcing_Based/1_ERF_FaIR/FaIR_anthro_unB_method.py:89: RuntimeWarning: Mean of empty slice
  return np.nanmean(samp_cur[year_idx-1850, :], axis = 1)
/oscar/data/deeps/private/bfoxkemp/jnickla1/Thorne_15_codefigurestats/Methods/43_Forcing_Based/1_ERF_FaIR/FaIR_nonat_method.py:68: RuntimeWarning: Mean of empty slice
  return np.nanmean(samp_cur[year_idx-1850, :], axis = 1)
/oscar/data/deeps/private/bfoxkemp/jnickla1/Thorne_15_codefigurestats/Methods/43_Forcing_Based/1_ERF_FaIR/FaIR_all_method.py:68: RuntimeWarning: Mean of empty slice
  return np.nanmean(samp_cur[year_idx-1850, :], axis = 1)
/oscar/data/deeps/private/bfoxkemp/jnickla1/Thorne_15_codefigurestats/Methods/43_Forcing_Based/1_ERF_FaIR/FaIR_all_unB_method.py:90: RuntimeWarning: Mean of empty slice
  return np.nanmean(samp_cur[year_idx-1850, :], axis = 1)
/oscar/data/deeps/private/bfoxkemp/jnickla1/Thorne_15_codefigurestats/Methods/43_Forcing_Based/1_ERF_FaIR/FaIR_comb_unB_method.py:153: RuntimeWarning: Mean of empty slice
  return np.nanmean(samp_cur[year_idx-1850, :], axis = 1)
/oscar/data/deeps/private/bfoxkemp/jnickla1/Thorne_15_codefigurestats/Methods/43_Forcing_Based/1_ERF_FaIR/FaIR_nonat_unB_method.py:92: RuntimeWarning: Mean of empty slice
  return np.nanmean(samp_cur[year_idx-1850, :], axis = 1)
/oscar/data/deeps/private/bfoxkemp/jnickla1/Thorne_15_codefigurestats/Methods/43_Forcing_Based/1_ERF_FaIR/FaIR_all_method.py:68: RuntimeWarning: Mean of empty slice
  return np.nanmean(samp_cur[year_idx-1850, :], axis = 1)
/oscar/data/deeps/private/bfoxkemp/jnickla1/Thorne_15_codefigurestats/Methods/43_Forcing_Based/1_ERF_FaIR/FaIR_all_unB_method.py:90: RuntimeWarning: Mean of empty slice
  return np.nanmean(samp_cur[year_idx-1850, :], axis = 1)
/oscar/data/deeps/private/bfoxkemp/jnickla1/Thorne_15_codefigurestats/Methods/43_Forcing_Based/1_ERF_FaIR/FaIR_comb_unB_method.py:153: RuntimeWarning: Mean of empty slice
  return np.nanmean(samp_cur[year_idx-1850, :], axis = 1)
/oscar/data/deeps/private/bfoxkemp/jnickla1/Thorne_15_codefigurestats/Methods/43_Forcing_Based/1_ERF_FaIR/FaIR_anthro_method.py:67: RuntimeWarning: Mean of empty slice
  return np.nanmean(samp_cur[year_idx-1850, :], axis = 1)
/users/jnickla1/.conda/envs/cleanpy/lib/python3.13/site-packages/numpy/lib/_nanfunctions_impl.py:2019: RuntimeWarning: Degrees of freedom <= 0 for slice.
  var = nanvar(a, axis=axis, dtype=dtype, out=out, ddof=ddof,
/oscar/data/deeps/private/bfoxkemp/jnickla1/Thorne_15_codefigurestats/Methods/43_Forcing_Based/1_ERF_FaIR/FaIR_anthro_method.py:95: RuntimeWarning: Mean of empty slice
  cdist = np.nanmean(dist)
/oscar/data/deeps/private/bfoxkemp/jnickla1/Thorne_15_codefigurestats/Methods/43_Forcing_Based/1_ERF_FaIR/FaIR_anthro_method.py:67: RuntimeWarning: Mean of empty slice
  return np.nanmean(samp_cur[year_idx-1850, :], axis = 1)
/users/jnickla1/.conda/envs/cleanpy/lib/python3.13/site-packages/numpy/lib/_nanfunctions_impl.py:2019: RuntimeWarning: Degrees of freedom <= 0 for slice.
  var = nanvar(a, axis=axis, dtype=dtype, out=out, ddof=ddof,
/oscar/data/deeps/private/bfoxkemp/jnickla1/Thorne_15_codefigurestats/Methods/43_Forcing_Based/1_ERF_FaIR/FaIR_anthro_method.py:95: RuntimeWarning: Mean of empty slice
  cdist = np.nanmean(dist)
/oscar/data/deeps/private/bfoxkemp/jnickla1/Thorne_15_codefigurestats/Methods/43_Forcing_Based/1_ERF_FaIR/FaIR_all_method.py:53: RuntimeWarning: Mean of empty slice
  samp_mean =  np.nanmean(samp_cur, axis = 1)
/oscar/data/deeps/private/bfoxkemp/jnickla1/Thorne_15_codefigurestats/Methods/43_Forcing_Based/1_ERF_FaIR/FaIR_all_method.py:53: RuntimeWarning: Mean of empty slice
  samp_mean =  np.nanmean(samp_cur, axis = 1)
/oscar/data/deeps/private/bfoxkemp/jnickla1/Thorne_15_codefigurestats/Methods/43_Forcing_Based/1_ERF_FaIR/FaIR_all_method.py:53: RuntimeWarning: Mean of empty slice
  samp_mean =  np.nanmean(samp_cur, axis = 1)
/oscar/data/deeps/private/bfoxkemp/jnickla1/Thorne_15_codefigurestats/Methods/43_Forcing_Based/1_ERF_FaIR/FaIR_all_unB_method.py:70: RuntimeWarning: Mean of empty slice
  samp_mean =  np.nanmean(samp_cur, axis = 1)
/oscar/data/deeps/private/bfoxkemp/jnickla1/Thorne_15_codefigurestats/Methods/43_Forcing_Based/1_ERF_FaIR/FaIR_all_unB_method.py:70: RuntimeWarning: Mean of empty slice
  samp_mean =  np.nanmean(samp_cur, axis = 1)
/oscar/data/deeps/private/bfoxkemp/jnickla1/Thorne_15_codefigurestats/Methods/43_Forcing_Based/1_ERF_FaIR/FaIR_all_unB_method.py:70: RuntimeWarning: Mean of empty slice
  samp_mean =  np.nanmean(samp_cur, axis = 1)
/oscar/data/deeps/private/bfoxkemp/jnickla1/Thorne_15_codefigurestats/fut_evaluation_script.py:464: RuntimeWarning: Mean of empty slice
  evalmean = np.nanmean(diffcrossE) #if crossing multiple times take the mean
/oscar/data/deeps/private/bfoxkemp/jnickla1/Thorne_15_codefigurestats/Methods/43_Forcing_Based/1_ERF_FaIR/FaIR_anthro_method.py:53: RuntimeWarning: Mean of empty slice
  samp_mean =  np.nanmean(samp_cur, axis = 1)
/oscar/data/deeps/private/bfoxkemp/jnickla1/Thorne_15_codefigurestats/Methods/43_Forcing_Based/1_ERF_FaIR/FaIR_anthro_method.py:53: RuntimeWarning: Mean of empty slice
  samp_mean =  np.nanmean(samp_cur, axis = 1)
/oscar/data/deeps/private/bfoxkemp/jnickla1/Thorne_15_codefigurestats/Methods/43_Forcing_Based/1_ERF_FaIR/FaIR_anthro_method.py:53: RuntimeWarning: Mean of empty slice
  samp_mean =  np.nanmean(samp_cur, axis = 1)
/oscar/data/deeps/private/bfoxkemp/jnickla1/Thorne_15_codefigurestats/Methods/43_Forcing_Based/1_ERF_FaIR/FaIR_anthro_unB_method.py:70: RuntimeWarning: Mean of empty slice
  samp_mean =  np.nanmean(samp_cur, axis = 1)
/oscar/data/deeps/private/bfoxkemp/jnickla1/Thorne_15_codefigurestats/Methods/43_Forcing_Based/1_ERF_FaIR/FaIR_anthro_unB_method.py:70: RuntimeWarning: Mean of empty slice
  samp_mean =  np.nanmean(samp_cur, axis = 1)
/oscar/data/deeps/private/bfoxkemp/jnickla1/Thorne_15_codefigurestats/Methods/43_Forcing_Based/1_ERF_FaIR/FaIR_anthro_unB_method.py:70: RuntimeWarning: Mean of empty slice
  samp_mean =  np.nanmean(samp_cur, axis = 1)
/oscar/data/deeps/private/bfoxkemp/jnickla1/Thorne_15_codefigurestats/Methods/43_Forcing_Based/1_ERF_FaIR/FaIR_comb_unB_method.py:70: RuntimeWarning: Mean of empty slice
  samp_mean =  np.nanmean(samp_cur, axis = 1)
/oscar/data/deeps/private/bfoxkemp/jnickla1/Thorne_15_codefigurestats/Methods/43_Forcing_Based/1_ERF_FaIR/FaIR_comb_unB_method.py:70: RuntimeWarning: Mean of empty slice
  samp_mean =  np.nanmean(samp_cur, axis = 1)
/oscar/data/deeps/private/bfoxkemp/jnickla1/Thorne_15_codefigurestats/Methods/43_Forcing_Based/1_ERF_FaIR/FaIR_comb_unB_method.py:127: RuntimeWarning: Mean of empty slice
  samp_meanAll =  np.nanmean(samp_curAll, axis = 1)
/oscar/data/deeps/private/bfoxkemp/jnickla1/Thorne_15_codefigurestats/Methods/43_Forcing_Based/1_ERF_FaIR/FaIR_comb_unB_method.py:127: RuntimeWarning: Mean of empty slice
  samp_meanAll =  np.nanmean(samp_curAll, axis = 1)
/oscar/data/deeps/private/bfoxkemp/jnickla1/Thorne_15_codefigurestats/Methods/43_Forcing_Based/1_ERF_FaIR/FaIR_comb_unB_method.py:70: RuntimeWarning: Mean of empty slice
  samp_mean =  np.nanmean(samp_cur, axis = 1)
/oscar/data/deeps/private/bfoxkemp/jnickla1/Thorne_15_codefigurestats/Methods/43_Forcing_Based/1_ERF_FaIR/FaIR_comb_unB_method.py:127: RuntimeWarning: Mean of empty slice
  samp_meanAll =  np.nanmean(samp_curAll, axis = 1)
/oscar/data/deeps/private/bfoxkemp/jnickla1/Thorne_15_codefigurestats/Methods/43_Forcing_Based/1_ERF_FaIR/FaIR_nonat_method.py:53: RuntimeWarning: Mean of empty slice
  samp_mean =  np.nanmean(samp_cur, axis = 1)
/oscar/data/deeps/private/bfoxkemp/jnickla1/Thorne_15_codefigurestats/Methods/43_Forcing_Based/1_ERF_FaIR/FaIR_nonat_method.py:53: RuntimeWarning: Mean of empty slice
  samp_mean =  np.nanmean(samp_cur, axis = 1)
/oscar/data/deeps/private/bfoxkemp/jnickla1/Thorne_15_codefigurestats/Methods/43_Forcing_Based/1_ERF_FaIR/FaIR_nonat_unB_method.py:72: RuntimeWarning: Mean of empty slice
  samp_mean =  np.nanmean(samp_cur, axis = 1)
/oscar/data/deeps/private/bfoxkemp/jnickla1/Thorne_15_codefigurestats/Methods/43_Forcing_Based/1_ERF_FaIR/FaIR_nonat_unB_method.py:72: RuntimeWarning: Mean of empty slice
  samp_mean =  np.nanmean(samp_cur, axis = 1)
/oscar/data/deeps/private/bfoxkemp/jnickla1/Thorne_15_codefigurestats/Methods/43_Forcing_Based/1_ERF_FaIR/FaIR_nonat_method.py:53: RuntimeWarning: Mean of empty slice
  samp_mean =  np.nanmean(samp_cur, axis = 1)
/oscar/data/deeps/private/bfoxkemp/jnickla1/Thorne_15_codefigurestats/Methods/43_Forcing_Based/1_ERF_FaIR/FaIR_all_method.py:68: RuntimeWarning: Mean of empty slice
  return np.nanmean(samp_cur[year_idx-1850, :], axis = 1)
/oscar/data/deeps/private/bfoxkemp/jnickla1/Thorne_15_codefigurestats/Methods/43_Forcing_Based/1_ERF_FaIR/FaIR_all_method.py:68: RuntimeWarning: Mean of empty slice
  return np.nanmean(samp_cur[year_idx-1850, :], axis = 1)
/users/jnickla1/.conda/envs/cleanpy/lib/python3.13/site-packages/numpy/lib/_nanfunctions_impl.py:2019: RuntimeWarning: Degrees of freedom <= 0 for slice.
  var = nanvar(a, axis=axis, dtype=dtype, out=out, ddof=ddof,
/oscar/data/deeps/private/bfoxkemp/jnickla1/Thorne_15_codefigurestats/Methods/43_Forcing_Based/1_ERF_FaIR/FaIR_all_unB_method.py:90: RuntimeWarning: Mean of empty slice
  return np.nanmean(samp_cur[year_idx-1850, :], axis = 1)
/users/jnickla1/.conda/envs/cleanpy/lib/python3.13/site-packages/numpy/lib/_nanfunctions_impl.py:2019: RuntimeWarning: Degrees of freedom <= 0 for slice.
  var = nanvar(a, axis=axis, dtype=dtype, out=out, ddof=ddof,
/oscar/data/deeps/private/bfoxkemp/jnickla1/Thorne_15_codefigurestats/Methods/43_Forcing_Based/1_ERF_FaIR/FaIR_all_unB_method.py:90: RuntimeWarning: Mean of empty slice
  return np.nanmean(samp_cur[year_idx-1850, :], axis = 1)
/oscar/data/deeps/private/bfoxkemp/jnickla1/Thorne_15_codefigurestats/Methods/43_Forcing_Based/1_ERF_FaIR/FaIR_nonat_unB_method.py:72: RuntimeWarning: Mean of empty slice
  samp_mean =  np.nanmean(samp_cur, axis = 1)
/oscar/data/deeps/private/bfoxkemp/jnickla1/Thorne_15_codefigurestats/Methods/43_Forcing_Based/1_ERF_FaIR/FaIR_anthro_method.py:67: RuntimeWarning: Mean of empty slice
  return np.nanmean(samp_cur[year_idx-1850, :], axis = 1)
/oscar/data/deeps/private/bfoxkemp/jnickla1/Thorne_15_codefigurestats/Methods/43_Forcing_Based/1_ERF_FaIR/FaIR_anthro_method.py:67: RuntimeWarning: Mean of empty slice
  return np.nanmean(samp_cur[year_idx-1850, :], axis = 1)
/oscar/data/deeps/private/bfoxkemp/jnickla1/Thorne_15_codefigurestats/Methods/43_Forcing_Based/1_ERF_FaIR/FaIR_anthro_unB_method.py:89: RuntimeWarning: Mean of empty slice
  return np.nanmean(samp_cur[year_idx-1850, :], axis = 1)
/oscar/data/deeps/private/bfoxkemp/jnickla1/Thorne_15_codefigurestats/Methods/43_Forcing_Based/1_ERF_FaIR/FaIR_anthro_unB_method.py:89: RuntimeWarning: Mean of empty slice
  return np.nanmean(samp_cur[year_idx-1850, :], axis = 1)
/oscar/data/deeps/private/bfoxkemp/jnickla1/Thorne_15_codefigurestats/Methods/43_Forcing_Based/1_ERF_FaIR/FaIR_comb_unB_method.py:153: RuntimeWarning: Mean of empty slice
  return np.nanmean(samp_cur[year_idx-1850, :], axis = 1)
/oscar/data/deeps/private/bfoxkemp/jnickla1/Thorne_15_codefigurestats/Methods/43_Forcing_Based/1_ERF_FaIR/FaIR_comb_unB_method.py:153: RuntimeWarning: Mean of empty slice
  return np.nanmean(samp_cur[year_idx-1850, :], axis = 1)
/oscar/data/deeps/private/bfoxkemp/jnickla1/Thorne_15_codefigurestats/Methods/43_Forcing_Based/1_ERF_FaIR/FaIR_nonat_method.py:68: RuntimeWarning: Mean of empty slice
  return np.nanmean(samp_cur[year_idx-1850, :], axis = 1)
/oscar/data/deeps/private/bfoxkemp/jnickla1/Thorne_15_codefigurestats/Methods/43_Forcing_Based/1_ERF_FaIR/FaIR_nonat_method.py:68: RuntimeWarning: Mean of empty slice
  return np.nanmean(samp_cur[year_idx-1850, :], axis = 1)
/oscar/data/deeps/private/bfoxkemp/jnickla1/Thorne_15_codefigurestats/Methods/43_Forcing_Based/1_ERF_FaIR/FaIR_nonat_unB_method.py:92: RuntimeWarning: Mean of empty slice
  return np.nanmean(samp_cur[year_idx-1850, :], axis = 1)
/oscar/data/deeps/private/bfoxkemp/jnickla1/Thorne_15_codefigurestats/Methods/43_Forcing_Based/1_ERF_FaIR/FaIR_all_method.py:68: RuntimeWarning: Mean of empty slice
  return np.nanmean(samp_cur[year_idx-1850, :], axis = 1)
/oscar/data/deeps/private/bfoxkemp/jnickla1/Thorne_15_codefigurestats/Methods/43_Forcing_Based/1_ERF_FaIR/FaIR_nonat_unB_method.py:92: RuntimeWarning: Mean of empty slice
  return np.nanmean(samp_cur[year_idx-1850, :], axis = 1)
/users/jnickla1/.conda/envs/cleanpy/lib/python3.13/site-packages/numpy/lib/_nanfunctions_impl.py:2019: RuntimeWarning: Degrees of freedom <= 0 for slice.
  var = nanvar(a, axis=axis, dtype=dtype, out=out, ddof=ddof,
/oscar/data/deeps/private/bfoxkemp/jnickla1/Thorne_15_codefigurestats/Methods/43_Forcing_Based/1_ERF_FaIR/FaIR_all_unB_method.py:90: RuntimeWarning: Mean of empty slice
  return np.nanmean(samp_cur[year_idx-1850, :], axis = 1)
/oscar/data/deeps/private/bfoxkemp/jnickla1/Thorne_15_codefigurestats/Methods/43_Forcing_Based/1_ERF_FaIR/FaIR_anthro_method.py:67: RuntimeWarning: Mean of empty slice
  return np.nanmean(samp_cur[year_idx-1850, :], axis = 1)
/oscar/data/deeps/private/bfoxkemp/jnickla1/Thorne_15_codefigurestats/Methods/43_Forcing_Based/1_ERF_FaIR/FaIR_anthro_method.py:67: RuntimeWarning: Mean of empty slice
  return np.nanmean(samp_cur[year_idx-1850, :], axis = 1)
/oscar/data/deeps/private/bfoxkemp/jnickla1/Thorne_15_codefigurestats/Methods/43_Forcing_Based/1_ERF_FaIR/FaIR_anthro_method.py:67: RuntimeWarning: Mean of empty slice
  return np.nanmean(samp_cur[year_idx-1850, :], axis = 1)
/oscar/data/deeps/private/bfoxkemp/jnickla1/Thorne_15_codefigurestats/Methods/43_Forcing_Based/1_ERF_FaIR/FaIR_anthro_unB_method.py:89: RuntimeWarning: Mean of empty slice
  return np.nanmean(samp_cur[year_idx-1850, :], axis = 1)
/oscar/data/deeps/private/bfoxkemp/jnickla1/Thorne_15_codefigurestats/Methods/43_Forcing_Based/1_ERF_FaIR/FaIR_anthro_unB_method.py:89: RuntimeWarning: Mean of empty slice
  return np.nanmean(samp_cur[year_idx-1850, :], axis = 1)
/oscar/data/deeps/private/bfoxkemp/jnickla1/Thorne_15_codefigurestats/Methods/43_Forcing_Based/1_ERF_FaIR/FaIR_anthro_unB_method.py:89: RuntimeWarning: Mean of empty slice
  return np.nanmean(samp_cur[year_idx-1850, :], axis = 1)
/oscar/data/deeps/private/bfoxkemp/jnickla1/Thorne_15_codefigurestats/Methods/43_Forcing_Based/1_ERF_FaIR/FaIR_nonat_method.py:68: RuntimeWarning: Mean of empty slice
  return np.nanmean(samp_cur[year_idx-1850, :], axis = 1)
/oscar/data/deeps/private/bfoxkemp/jnickla1/Thorne_15_codefigurestats/Methods/43_Forcing_Based/1_ERF_FaIR/FaIR_nonat_method.py:68: RuntimeWarning: Mean of empty slice
  return np.nanmean(samp_cur[year_idx-1850, :], axis = 1)
/oscar/data/deeps/private/bfoxkemp/jnickla1/Thorne_15_codefigurestats/Methods/43_Forcing_Based/1_ERF_FaIR/FaIR_nonat_unB_method.py:92: RuntimeWarning: Mean of empty slice
  return np.nanmean(samp_cur[year_idx-1850, :], axis = 1)
/oscar/data/deeps/private/bfoxkemp/jnickla1/Thorne_15_codefigurestats/Methods/43_Forcing_Based/1_ERF_FaIR/FaIR_nonat_unB_method.py:92: RuntimeWarning: Mean of empty slice
  return np.nanmean(samp_cur[year_idx-1850, :], axis = 1)
/oscar/data/deeps/private/bfoxkemp/jnickla1/Thorne_15_codefigurestats/Methods/43_Forcing_Based/1_ERF_FaIR/FaIR_all_method.py:68: RuntimeWarning: Mean of empty slice
  return np.nanmean(samp_cur[year_idx-1850, :], axis = 1)
/oscar/data/deeps/private/bfoxkemp/jnickla1/Thorne_15_codefigurestats/Methods/43_Forcing_Based/1_ERF_FaIR/FaIR_comb_unB_method.py:153: RuntimeWarning: Mean of empty slice
  return np.nanmean(samp_cur[year_idx-1850, :], axis = 1)
/oscar/data/deeps/private/bfoxkemp/jnickla1/Thorne_15_codefigurestats/Methods/43_Forcing_Based/1_ERF_FaIR/FaIR_all_method.py:68: RuntimeWarning: Mean of empty slice
  return np.nanmean(samp_cur[year_idx-1850, :], axis = 1)
/oscar/data/deeps/private/bfoxkemp/jnickla1/Thorne_15_codefigurestats/Methods/43_Forcing_Based/1_ERF_FaIR/FaIR_all_unB_method.py:90: RuntimeWarning: Mean of empty slice
  return np.nanmean(samp_cur[year_idx-1850, :], axis = 1)
/oscar/data/deeps/private/bfoxkemp/jnickla1/Thorne_15_codefigurestats/Methods/43_Forcing_Based/1_ERF_FaIR/FaIR_comb_unB_method.py:153: RuntimeWarning: Mean of empty slice
  return np.nanmean(samp_cur[year_idx-1850, :], axis = 1)
/oscar/data/deeps/private/bfoxkemp/jnickla1/Thorne_15_codefigurestats/Methods/43_Forcing_Based/1_ERF_FaIR/FaIR_all_unB_method.py:90: RuntimeWarning: Mean of empty slice
  return np.nanmean(samp_cur[year_idx-1850, :], axis = 1)
/oscar/data/deeps/private/bfoxkemp/jnickla1/Thorne_15_codefigurestats/Methods/43_Forcing_Based/1_ERF_FaIR/FaIR_comb_unB_method.py:153: RuntimeWarning: Mean of empty slice
  return np.nanmean(samp_cur[year_idx-1850, :], axis = 1)
/oscar/data/deeps/private/bfoxkemp/jnickla1/Thorne_15_codefigurestats/Methods/43_Forcing_Based/1_ERF_FaIR/FaIR_nonat_method.py:68: RuntimeWarning: Mean of empty slice
  return np.nanmean(samp_cur[year_idx-1850, :], axis = 1)
/oscar/data/deeps/private/bfoxkemp/jnickla1/Thorne_15_codefigurestats/Methods/43_Forcing_Based/1_ERF_FaIR/FaIR_anthro_unB_method.py:89: RuntimeWarning: Mean of empty slice
  return np.nanmean(samp_cur[year_idx-1850, :], axis = 1)
/users/jnickla1/.conda/envs/cleanpy/lib/python3.13/site-packages/numpy/lib/_nanfunctions_impl.py:2019: RuntimeWarning: Degrees of freedom <= 0 for slice.
  var = nanvar(a, axis=axis, dtype=dtype, out=out, ddof=ddof,
/oscar/data/deeps/private/bfoxkemp/jnickla1/Thorne_15_codefigurestats/Methods/43_Forcing_Based/1_ERF_FaIR/FaIR_anthro_unB_method.py:117: RuntimeWarning: Mean of empty slice
  cdist = np.nanmean(dist)
/oscar/data/deeps/private/bfoxkemp/jnickla1/Thorne_15_codefigurestats/Methods/43_Forcing_Based/1_ERF_FaIR/FaIR_anthro_unB_method.py:89: RuntimeWarning: Mean of empty slice
  return np.nanmean(samp_cur[year_idx-1850, :], axis = 1)
/users/jnickla1/.conda/envs/cleanpy/lib/python3.13/site-packages/numpy/lib/_nanfunctions_impl.py:2019: RuntimeWarning: Degrees of freedom <= 0 for slice.
  var = nanvar(a, axis=axis, dtype=dtype, out=out, ddof=ddof,
/oscar/data/deeps/private/bfoxkemp/jnickla1/Thorne_15_codefigurestats/Methods/43_Forcing_Based/1_ERF_FaIR/FaIR_anthro_unB_method.py:117: RuntimeWarning: Mean of empty slice
  cdist = np.nanmean(dist)
/oscar/data/deeps/private/bfoxkemp/jnickla1/Thorne_15_codefigurestats/Methods/43_Forcing_Based/1_ERF_FaIR/FaIR_nonat_unB_method.py:92: RuntimeWarning: Mean of empty slice
  return np.nanmean(samp_cur[year_idx-1850, :], axis = 1)
/oscar/data/deeps/private/bfoxkemp/jnickla1/Thorne_15_codefigurestats/Methods/43_Forcing_Based/1_ERF_FaIR/FaIR_anthro_method.py:67: RuntimeWarning: Mean of empty slice
  return np.nanmean(samp_cur[year_idx-1850, :], axis = 1)
/oscar/data/deeps/private/bfoxkemp/jnickla1/Thorne_15_codefigurestats/Methods/43_Forcing_Based/1_ERF_FaIR/FaIR_anthro_unB_method.py:89: RuntimeWarning: Mean of empty slice
  return np.nanmean(samp_cur[year_idx-1850, :], axis = 1)
/oscar/data/deeps/private/bfoxkemp/jnickla1/Thorne_15_codefigurestats/Methods/43_Forcing_Based/1_ERF_FaIR/FaIR_nonat_method.py:68: RuntimeWarning: Mean of empty slice
  return np.nanmean(samp_cur[year_idx-1850, :], axis = 1)
/oscar/data/deeps/private/bfoxkemp/jnickla1/Thorne_15_codefigurestats/Methods/43_Forcing_Based/1_ERF_FaIR/FaIR_nonat_unB_method.py:92: RuntimeWarning: Mean of empty slice
  return np.nanmean(samp_cur[year_idx-1850, :], axis = 1)
/oscar/data/deeps/private/bfoxkemp/jnickla1/Thorne_15_codefigurestats/Methods/43_Forcing_Based/1_ERF_FaIR/FaIR_all_method.py:68: RuntimeWarning: Mean of empty slice
  return np.nanmean(samp_cur[year_idx-1850, :], axis = 1)
/oscar/data/deeps/private/bfoxkemp/jnickla1/Thorne_15_codefigurestats/Methods/43_Forcing_Based/1_ERF_FaIR/FaIR_all_unB_method.py:90: RuntimeWarning: Mean of empty slice
  return np.nanmean(samp_cur[year_idx-1850, :], axis = 1)
/oscar/data/deeps/private/bfoxkemp/jnickla1/Thorne_15_codefigurestats/Methods/43_Forcing_Based/1_ERF_FaIR/FaIR_comb_unB_method.py:153: RuntimeWarning: Mean of empty slice
  return np.nanmean(samp_cur[year_idx-1850, :], axis = 1)
/oscar/data/deeps/private/bfoxkemp/jnickla1/Thorne_15_codefigurestats/Methods/43_Forcing_Based/1_ERF_FaIR/FaIR_anthro_method.py:67: RuntimeWarning: Mean of empty slice
  return np.nanmean(samp_cur[year_idx-1850, :], axis = 1)
/users/jnickla1/.conda/envs/cleanpy/lib/python3.13/site-packages/numpy/lib/_nanfunctions_impl.py:2019: RuntimeWarning: Degrees of freedom <= 0 for slice.
  var = nanvar(a, axis=axis, dtype=dtype, out=out, ddof=ddof,
/oscar/data/deeps/private/bfoxkemp/jnickla1/Thorne_15_codefigurestats/Methods/43_Forcing_Based/1_ERF_FaIR/FaIR_anthro_method.py:95: RuntimeWarning: Mean of empty slice
  cdist = np.nanmean(dist)
/oscar/data/deeps/private/bfoxkemp/jnickla1/Thorne_15_codefigurestats/Methods/43_Forcing_Based/1_ERF_FaIR/FaIR_anthro_method.py:67: RuntimeWarning: Mean of empty slice
  return np.nanmean(samp_cur[year_idx-1850, :], axis = 1)
/users/jnickla1/.conda/envs/cleanpy/lib/python3.13/site-packages/numpy/lib/_nanfunctions_impl.py:2019: RuntimeWarning: Degrees of freedom <= 0 for slice.
  var = nanvar(a, axis=axis, dtype=dtype, out=out, ddof=ddof,
/oscar/data/deeps/private/bfoxkemp/jnickla1/Thorne_15_codefigurestats/Methods/43_Forcing_Based/1_ERF_FaIR/FaIR_anthro_method.py:95: RuntimeWarning: Mean of empty slice
  cdist = np.nanmean(dist)
/oscar/data/deeps/private/bfoxkemp/jnickla1/Thorne_15_codefigurestats/fut_evaluation_script.py:427: RuntimeWarning: Mean of empty slice
  evalmean = np.nanmean(diffcross) #if crossing multiple times take the mean
/oscar/data/deeps/private/bfoxkemp/jnickla1/Thorne_15_codefigurestats/Methods/43_Forcing_Based/1_ERF_FaIR/FaIR_anthro_method.py:67: RuntimeWarning: Mean of empty slice
  return np.nanmean(samp_cur[year_idx-1850, :], axis = 1)
/users/jnickla1/.conda/envs/cleanpy/lib/python3.13/site-packages/numpy/lib/_nanfunctions_impl.py:2019: RuntimeWarning: Degrees of freedom <= 0 for slice.
  var = nanvar(a, axis=axis, dtype=dtype, out=out, ddof=ddof,
/oscar/data/deeps/private/bfoxkemp/jnickla1/Thorne_15_codefigurestats/Methods/43_Forcing_Based/1_ERF_FaIR/FaIR_anthro_method.py:95: RuntimeWarning: Mean of empty slice
  cdist = np.nanmean(dist)
/oscar/data/deeps/private/bfoxkemp/jnickla1/Thorne_15_codefigurestats/fut_evaluation_script.py:427: RuntimeWarning: Mean of empty slice
  evalmean = np.nanmean(diffcross) #if crossing multiple times take the mean
/oscar/data/deeps/private/bfoxkemp/jnickla1/Thorne_15_codefigurestats/fut_evaluation_script.py:464: RuntimeWarning: Mean of empty slice
  evalmean = np.nanmean(diffcrossE) #if crossing multiple times take the mean
/oscar/data/deeps/private/bfoxkemp/jnickla1/Thorne_15_codefigurestats/Methods/43_Forcing_Based/1_ERF_FaIR/FaIR_nonat_method.py:68: RuntimeWarning: Mean of empty slice
  return np.nanmean(samp_cur[year_idx-1850, :], axis = 1)
/users/jnickla1/.conda/envs/cleanpy/lib/python3.13/site-packages/numpy/lib/_nanfunctions_impl.py:2019: RuntimeWarning: Degrees of freedom <= 0 for slice.
  var = nanvar(a, axis=axis, dtype=dtype, out=out, ddof=ddof,
/oscar/data/deeps/private/bfoxkemp/jnickla1/Thorne_15_codefigurestats/Methods/43_Forcing_Based/1_ERF_FaIR/FaIR_nonat_method.py:96: RuntimeWarning: Mean of empty slice
  cdist = np.nanmean(dist)
/oscar/data/deeps/private/bfoxkemp/jnickla1/Thorne_15_codefigurestats/Methods/43_Forcing_Based/1_ERF_FaIR/FaIR_nonat_method.py:68: RuntimeWarning: Mean of empty slice
  return np.nanmean(samp_cur[year_idx-1850, :], axis = 1)
/users/jnickla1/.conda/envs/cleanpy/lib/python3.13/site-packages/numpy/lib/_nanfunctions_impl.py:2019: RuntimeWarning: Degrees of freedom <= 0 for slice.
  var = nanvar(a, axis=axis, dtype=dtype, out=out, ddof=ddof,
/oscar/data/deeps/private/bfoxkemp/jnickla1/Thorne_15_codefigurestats/Methods/43_Forcing_Based/1_ERF_FaIR/FaIR_nonat_method.py:96: RuntimeWarning: Mean of empty slice
  cdist = np.nanmean(dist)
/oscar/data/deeps/private/bfoxkemp/jnickla1/Thorne_15_codefigurestats/Methods/43_Forcing_Based/1_ERF_FaIR/FaIR_anthro_unB_method.py:89: RuntimeWarning: Mean of empty slice
  return np.nanmean(samp_cur[year_idx-1850, :], axis = 1)
/users/jnickla1/.conda/envs/cleanpy/lib/python3.13/site-packages/numpy/lib/_nanfunctions_impl.py:2019: RuntimeWarning: Degrees of freedom <= 0 for slice.
  var = nanvar(a, axis=axis, dtype=dtype, out=out, ddof=ddof,
/oscar/data/deeps/private/bfoxkemp/jnickla1/Thorne_15_codefigurestats/Methods/43_Forcing_Based/1_ERF_FaIR/FaIR_anthro_unB_method.py:117: RuntimeWarning: Mean of empty slice
  cdist = np.nanmean(dist)
/oscar/data/deeps/private/bfoxkemp/jnickla1/Thorne_15_codefigurestats/Methods/43_Forcing_Based/1_ERF_FaIR/FaIR_anthro_unB_method.py:89: RuntimeWarning: Mean of empty slice
  return np.nanmean(samp_cur[year_idx-1850, :], axis = 1)
/users/jnickla1/.conda/envs/cleanpy/lib/python3.13/site-packages/numpy/lib/_nanfunctions_impl.py:2019: RuntimeWarning: Degrees of freedom <= 0 for slice.
  var = nanvar(a, axis=axis, dtype=dtype, out=out, ddof=ddof,
/oscar/data/deeps/private/bfoxkemp/jnickla1/Thorne_15_codefigurestats/Methods/43_Forcing_Based/1_ERF_FaIR/FaIR_anthro_unB_method.py:117: RuntimeWarning: Mean of empty slice
  cdist = np.nanmean(dist)
/oscar/data/deeps/private/bfoxkemp/jnickla1/Thorne_15_codefigurestats/fut_evaluation_script.py:427: RuntimeWarning: Mean of empty slice
  evalmean = np.nanmean(diffcross) #if crossing multiple times take the mean
/oscar/data/deeps/private/bfoxkemp/jnickla1/Thorne_15_codefigurestats/fut_evaluation_script.py:464: RuntimeWarning: Mean of empty slice
  evalmean = np.nanmean(diffcrossE) #if crossing multiple times take the mean
/oscar/data/deeps/private/bfoxkemp/jnickla1/Thorne_15_codefigurestats/Methods/43_Forcing_Based/1_ERF_FaIR/FaIR_anthro_unB_method.py:89: RuntimeWarning: Mean of empty slice
  return np.nanmean(samp_cur[year_idx-1850, :], axis = 1)
/users/jnickla1/.conda/envs/cleanpy/lib/python3.13/site-packages/numpy/lib/_nanfunctions_impl.py:2019: RuntimeWarning: Degrees of freedom <= 0 for slice.
  var = nanvar(a, axis=axis, dtype=dtype, out=out, ddof=ddof,
/oscar/data/deeps/private/bfoxkemp/jnickla1/Thorne_15_codefigurestats/Methods/43_Forcing_Based/1_ERF_FaIR/FaIR_anthro_unB_method.py:117: RuntimeWarning: Mean of empty slice
  cdist = np.nanmean(dist)
/oscar/data/deeps/private/bfoxkemp/jnickla1/Thorne_15_codefigurestats/Methods/43_Forcing_Based/1_ERF_FaIR/FaIR_nonat_method.py:68: RuntimeWarning: Mean of empty slice
  return np.nanmean(samp_cur[year_idx-1850, :], axis = 1)
/users/jnickla1/.conda/envs/cleanpy/lib/python3.13/site-packages/numpy/lib/_nanfunctions_impl.py:2019: RuntimeWarning: Degrees of freedom <= 0 for slice.
  var = nanvar(a, axis=axis, dtype=dtype, out=out, ddof=ddof,
/oscar/data/deeps/private/bfoxkemp/jnickla1/Thorne_15_codefigurestats/Methods/43_Forcing_Based/1_ERF_FaIR/FaIR_nonat_method.py:96: RuntimeWarning: Mean of empty slice
  cdist = np.nanmean(dist)
/oscar/data/deeps/private/bfoxkemp/jnickla1/Thorne_15_codefigurestats/Methods/43_Forcing_Based/1_ERF_FaIR/FaIR_nonat_unB_method.py:92: RuntimeWarning: Mean of empty slice
  return np.nanmean(samp_cur[year_idx-1850, :], axis = 1)
/users/jnickla1/.conda/envs/cleanpy/lib/python3.13/site-packages/numpy/lib/_nanfunctions_impl.py:2019: RuntimeWarning: Degrees of freedom <= 0 for slice.
  var = nanvar(a, axis=axis, dtype=dtype, out=out, ddof=ddof,
/oscar/data/deeps/private/bfoxkemp/jnickla1/Thorne_15_codefigurestats/Methods/43_Forcing_Based/1_ERF_FaIR/FaIR_nonat_unB_method.py:120: RuntimeWarning: Mean of empty slice
  cdist = np.nanmean(dist)
/oscar/data/deeps/private/bfoxkemp/jnickla1/Thorne_15_codefigurestats/Methods/43_Forcing_Based/1_ERF_FaIR/FaIR_nonat_unB_method.py:92: RuntimeWarning: Mean of empty slice
  return np.nanmean(samp_cur[year_idx-1850, :], axis = 1)
/users/jnickla1/.conda/envs/cleanpy/lib/python3.13/site-packages/numpy/lib/_nanfunctions_impl.py:2019: RuntimeWarning: Degrees of freedom <= 0 for slice.
  var = nanvar(a, axis=axis, dtype=dtype, out=out, ddof=ddof,
/oscar/data/deeps/private/bfoxkemp/jnickla1/Thorne_15_codefigurestats/Methods/43_Forcing_Based/1_ERF_FaIR/FaIR_nonat_unB_method.py:120: RuntimeWarning: Mean of empty slice
  cdist = np.nanmean(dist)
/oscar/data/deeps/private/bfoxkemp/jnickla1/Thorne_15_codefigurestats/Methods/43_Forcing_Based/1_ERF_FaIR/FaIR_nonat_method.py:68: RuntimeWarning: Mean of empty slice
  return np.nanmean(samp_cur[year_idx-1850, :], axis = 1)
/users/jnickla1/.conda/envs/cleanpy/lib/python3.13/site-packages/numpy/lib/_nanfunctions_impl.py:2019: RuntimeWarning: Degrees of freedom <= 0 for slice.
  var = nanvar(a, axis=axis, dtype=dtype, out=out, ddof=ddof,
/oscar/data/deeps/private/bfoxkemp/jnickla1/Thorne_15_codefigurestats/Methods/43_Forcing_Based/1_ERF_FaIR/FaIR_nonat_method.py:96: RuntimeWarning: Mean of empty slice
  cdist = np.nanmean(dist)
/oscar/data/deeps/private/bfoxkemp/jnickla1/Thorne_15_codefigurestats/fut_evaluation_script.py:427: RuntimeWarning: Mean of empty slice
  evalmean = np.nanmean(diffcross) #if crossing multiple times take the mean
/oscar/data/deeps/private/bfoxkemp/jnickla1/Thorne_15_codefigurestats/fut_evaluation_script.py:464: RuntimeWarning: Mean of empty slice
  evalmean = np.nanmean(diffcrossE) #if crossing multiple times take the mean
/oscar/data/deeps/private/bfoxkemp/jnickla1/Thorne_15_codefigurestats/Methods/43_Forcing_Based/1_ERF_FaIR/FaIR_nonat_unB_method.py:92: RuntimeWarning: Mean of empty slice
  return np.nanmean(samp_cur[year_idx-1850, :], axis = 1)
/users/jnickla1/.conda/envs/cleanpy/lib/python3.13/site-packages/numpy/lib/_nanfunctions_impl.py:2019: RuntimeWarning: Degrees of freedom <= 0 for slice.
  var = nanvar(a, axis=axis, dtype=dtype, out=out, ddof=ddof,
/oscar/data/deeps/private/bfoxkemp/jnickla1/Thorne_15_codefigurestats/Methods/43_Forcing_Based/1_ERF_FaIR/FaIR_nonat_unB_method.py:120: RuntimeWarning: Mean of empty slice
  cdist = np.nanmean(dist)
/oscar/data/deeps/private/bfoxkemp/jnickla1/Thorne_15_codefigurestats/Methods/43_Forcing_Based/1_ERF_FaIR/FaIR_all_method.py:68: RuntimeWarning: Mean of empty slice
  return np.nanmean(samp_cur[year_idx-1850, :], axis = 1)
/users/jnickla1/.conda/envs/cleanpy/lib/python3.13/site-packages/numpy/lib/_nanfunctions_impl.py:2019: RuntimeWarning: Degrees of freedom <= 0 for slice.
  var = nanvar(a, axis=axis, dtype=dtype, out=out, ddof=ddof,
/oscar/data/deeps/private/bfoxkemp/jnickla1/Thorne_15_codefigurestats/Methods/43_Forcing_Based/1_ERF_FaIR/FaIR_all_method.py:96: RuntimeWarning: Mean of empty slice
  cdist = np.nanmean(dist)
/oscar/data/deeps/private/bfoxkemp/jnickla1/Thorne_15_codefigurestats/Methods/43_Forcing_Based/1_ERF_FaIR/FaIR_all_method.py:68: RuntimeWarning: Mean of empty slice
  return np.nanmean(samp_cur[year_idx-1850, :], axis = 1)
/users/jnickla1/.conda/envs/cleanpy/lib/python3.13/site-packages/numpy/lib/_nanfunctions_impl.py:2019: RuntimeWarning: Degrees of freedom <= 0 for slice.
  var = nanvar(a, axis=axis, dtype=dtype, out=out, ddof=ddof,
/oscar/data/deeps/private/bfoxkemp/jnickla1/Thorne_15_codefigurestats/Methods/43_Forcing_Based/1_ERF_FaIR/FaIR_all_method.py:96: RuntimeWarning: Mean of empty slice
  cdist = np.nanmean(dist)
/oscar/data/deeps/private/bfoxkemp/jnickla1/Thorne_15_codefigurestats/fut_evaluation_script.py:427: RuntimeWarning: Mean of empty slice
  evalmean = np.nanmean(diffcross) #if crossing multiple times take the mean
/oscar/data/deeps/private/bfoxkemp/jnickla1/Thorne_15_codefigurestats/Methods/43_Forcing_Based/1_ERF_FaIR/FaIR_nonat_unB_method.py:92: RuntimeWarning: Mean of empty slice
  return np.nanmean(samp_cur[year_idx-1850, :], axis = 1)
/users/jnickla1/.conda/envs/cleanpy/lib/python3.13/site-packages/numpy/lib/_nanfunctions_impl.py:2019: RuntimeWarning: Degrees of freedom <= 0 for slice.
  var = nanvar(a, axis=axis, dtype=dtype, out=out, ddof=ddof,
/oscar/data/deeps/private/bfoxkemp/jnickla1/Thorne_15_codefigurestats/Methods/43_Forcing_Based/1_ERF_FaIR/FaIR_nonat_unB_method.py:120: RuntimeWarning: Mean of empty slice
  cdist = np.nanmean(dist)
/oscar/data/deeps/private/bfoxkemp/jnickla1/Thorne_15_codefigurestats/Methods/43_Forcing_Based/1_ERF_FaIR/FaIR_nonat_method.py:68: RuntimeWarning: Mean of empty slice
  return np.nanmean(samp_cur[year_idx-1850, :], axis = 1)
/users/jnickla1/.conda/envs/cleanpy/lib/python3.13/site-packages/numpy/lib/_nanfunctions_impl.py:2019: RuntimeWarning: Degrees of freedom <= 0 for slice.
  var = nanvar(a, axis=axis, dtype=dtype, out=out, ddof=ddof,
/oscar/data/deeps/private/bfoxkemp/jnickla1/Thorne_15_codefigurestats/Methods/43_Forcing_Based/1_ERF_FaIR/FaIR_nonat_method.py:96: RuntimeWarning: Mean of empty slice
  cdist = np.nanmean(dist)
/oscar/data/deeps/private/bfoxkemp/jnickla1/Thorne_15_codefigurestats/fut_evaluation_script.py:464: RuntimeWarning: Mean of empty slice
  evalmean = np.nanmean(diffcrossE) #if crossing multiple times take the mean
/oscar/data/deeps/private/bfoxkemp/jnickla1/Thorne_15_codefigurestats/fut_evaluation_script.py:427: RuntimeWarning: Mean of empty slice
  evalmean = np.nanmean(diffcross) #if crossing multiple times take the mean
/oscar/data/deeps/private/bfoxkemp/jnickla1/Thorne_15_codefigurestats/fut_evaluation_script.py:427: RuntimeWarning: Mean of empty slice
  evalmean = np.nanmean(diffcross) #if crossing multiple times take the mean
/oscar/data/deeps/private/bfoxkemp/jnickla1/Thorne_15_codefigurestats/Methods/43_Forcing_Based/1_ERF_FaIR/FaIR_all_method.py:68: RuntimeWarning: Mean of empty slice
  return np.nanmean(samp_cur[year_idx-1850, :], axis = 1)
/users/jnickla1/.conda/envs/cleanpy/lib/python3.13/site-packages/numpy/lib/_nanfunctions_impl.py:2019: RuntimeWarning: Degrees of freedom <= 0 for slice.
  var = nanvar(a, axis=axis, dtype=dtype, out=out, ddof=ddof,
/oscar/data/deeps/private/bfoxkemp/jnickla1/Thorne_15_codefigurestats/Methods/43_Forcing_Based/1_ERF_FaIR/FaIR_all_method.py:96: RuntimeWarning: Mean of empty slice
  cdist = np.nanmean(dist)
/oscar/data/deeps/private/bfoxkemp/jnickla1/Thorne_15_codefigurestats/fut_evaluation_script.py:464: RuntimeWarning: Mean of empty slice
  evalmean = np.nanmean(diffcrossE) #if crossing multiple times take the mean
/oscar/data/deeps/private/bfoxkemp/jnickla1/Thorne_15_codefigurestats/fut_evaluation_script.py:464: RuntimeWarning: Mean of empty slice
  evalmean = np.nanmean(diffcrossE) #if crossing multiple times take the mean
/oscar/data/deeps/private/bfoxkemp/jnickla1/Thorne_15_codefigurestats/Methods/43_Forcing_Based/1_ERF_FaIR/FaIR_all_method.py:68: RuntimeWarning: Mean of empty slice
  return np.nanmean(samp_cur[year_idx-1850, :], axis = 1)
/users/jnickla1/.conda/envs/cleanpy/lib/python3.13/site-packages/numpy/lib/_nanfunctions_impl.py:2019: RuntimeWarning: Degrees of freedom <= 0 for slice.
  var = nanvar(a, axis=axis, dtype=dtype, out=out, ddof=ddof,
/oscar/data/deeps/private/bfoxkemp/jnickla1/Thorne_15_codefigurestats/Methods/43_Forcing_Based/1_ERF_FaIR/FaIR_all_method.py:96: RuntimeWarning: Mean of empty slice
  cdist = np.nanmean(dist)
/oscar/data/deeps/private/bfoxkemp/jnickla1/Thorne_15_codefigurestats/Methods/43_Forcing_Based/1_ERF_FaIR/FaIR_all_unB_method.py:90: RuntimeWarning: Mean of empty slice
  return np.nanmean(samp_cur[year_idx-1850, :], axis = 1)
/users/jnickla1/.conda/envs/cleanpy/lib/python3.13/site-packages/numpy/lib/_nanfunctions_impl.py:2019: RuntimeWarning: Degrees of freedom <= 0 for slice.
  var = nanvar(a, axis=axis, dtype=dtype, out=out, ddof=ddof,
/oscar/data/deeps/private/bfoxkemp/jnickla1/Thorne_15_codefigurestats/Methods/43_Forcing_Based/1_ERF_FaIR/FaIR_all_unB_method.py:118: RuntimeWarning: Mean of empty slice
  cdist = np.nanmean(dist)
/oscar/data/deeps/private/bfoxkemp/jnickla1/Thorne_15_codefigurestats/Methods/43_Forcing_Based/1_ERF_FaIR/FaIR_all_unB_method.py:90: RuntimeWarning: Mean of empty slice
  return np.nanmean(samp_cur[year_idx-1850, :], axis = 1)
/users/jnickla1/.conda/envs/cleanpy/lib/python3.13/site-packages/numpy/lib/_nanfunctions_impl.py:2019: RuntimeWarning: Degrees of freedom <= 0 for slice.
  var = nanvar(a, axis=axis, dtype=dtype, out=out, ddof=ddof,
/oscar/data/deeps/private/bfoxkemp/jnickla1/Thorne_15_codefigurestats/Methods/43_Forcing_Based/1_ERF_FaIR/FaIR_all_unB_method.py:118: RuntimeWarning: Mean of empty slice
  cdist = np.nanmean(dist)
/oscar/data/deeps/private/bfoxkemp/jnickla1/Thorne_15_codefigurestats/Methods/43_Forcing_Based/1_ERF_FaIR/FaIR_all_unB_method.py:90: RuntimeWarning: Mean of empty slice
  return np.nanmean(samp_cur[year_idx-1850, :], axis = 1)
/users/jnickla1/.conda/envs/cleanpy/lib/python3.13/site-packages/numpy/lib/_nanfunctions_impl.py:2019: RuntimeWarning: Degrees of freedom <= 0 for slice.
  var = nanvar(a, axis=axis, dtype=dtype, out=out, ddof=ddof,
/oscar/data/deeps/private/bfoxkemp/jnickla1/Thorne_15_codefigurestats/Methods/43_Forcing_Based/1_ERF_FaIR/FaIR_all_unB_method.py:118: RuntimeWarning: Mean of empty slice
  cdist = np.nanmean(dist)
/oscar/data/deeps/private/bfoxkemp/jnickla1/Thorne_15_codefigurestats/Methods/43_Forcing_Based/1_ERF_FaIR/FaIR_nonat_unB_method.py:92: RuntimeWarning: Mean of empty slice
  return np.nanmean(samp_cur[year_idx-1850, :], axis = 1)
/users/jnickla1/.conda/envs/cleanpy/lib/python3.13/site-packages/numpy/lib/_nanfunctions_impl.py:2019: RuntimeWarning: Degrees of freedom <= 0 for slice.
  var = nanvar(a, axis=axis, dtype=dtype, out=out, ddof=ddof,
/oscar/data/deeps/private/bfoxkemp/jnickla1/Thorne_15_codefigurestats/Methods/43_Forcing_Based/1_ERF_FaIR/FaIR_nonat_unB_method.py:120: RuntimeWarning: Mean of empty slice
  cdist = np.nanmean(dist)
/oscar/data/deeps/private/bfoxkemp/jnickla1/Thorne_15_codefigurestats/fut_evaluation_script.py:427: RuntimeWarning: Mean of empty slice
  evalmean = np.nanmean(diffcross) #if crossing multiple times take the mean
/oscar/data/deeps/private/bfoxkemp/jnickla1/Thorne_15_codefigurestats/fut_evaluation_script.py:464: RuntimeWarning: Mean of empty slice
  evalmean = np.nanmean(diffcrossE) #if crossing multiple times take the mean
/oscar/data/deeps/private/bfoxkemp/jnickla1/Thorne_15_codefigurestats/Methods/43_Forcing_Based/1_ERF_FaIR/FaIR_comb_unB_method.py:153: RuntimeWarning: Mean of empty slice
  return np.nanmean(samp_cur[year_idx-1850, :], axis = 1)
/users/jnickla1/.conda/envs/cleanpy/lib/python3.13/site-packages/numpy/lib/_nanfunctions_impl.py:2019: RuntimeWarning: Degrees of freedom <= 0 for slice.
  var = nanvar(a, axis=axis, dtype=dtype, out=out, ddof=ddof,
/oscar/data/deeps/private/bfoxkemp/jnickla1/Thorne_15_codefigurestats/Methods/43_Forcing_Based/1_ERF_FaIR/FaIR_comb_unB_method.py:181: RuntimeWarning: Mean of empty slice
  cdist = np.nanmean(dist)
/oscar/data/deeps/private/bfoxkemp/jnickla1/Thorne_15_codefigurestats/Methods/43_Forcing_Based/1_ERF_FaIR/FaIR_comb_unB_method.py:153: RuntimeWarning: Mean of empty slice
  return np.nanmean(samp_cur[year_idx-1850, :], axis = 1)
/users/jnickla1/.conda/envs/cleanpy/lib/python3.13/site-packages/numpy/lib/_nanfunctions_impl.py:2019: RuntimeWarning: Degrees of freedom <= 0 for slice.
  var = nanvar(a, axis=axis, dtype=dtype, out=out, ddof=ddof,
/oscar/data/deeps/private/bfoxkemp/jnickla1/Thorne_15_codefigurestats/Methods/43_Forcing_Based/1_ERF_FaIR/FaIR_comb_unB_method.py:181: RuntimeWarning: Mean of empty slice
  cdist = np.nanmean(dist)
/oscar/data/deeps/private/bfoxkemp/jnickla1/Thorne_15_codefigurestats/Methods/43_Forcing_Based/1_ERF_FaIR/FaIR_all_unB_method.py:90: RuntimeWarning: Mean of empty slice
  return np.nanmean(samp_cur[year_idx-1850, :], axis = 1)
/users/jnickla1/.conda/envs/cleanpy/lib/python3.13/site-packages/numpy/lib/_nanfunctions_impl.py:2019: RuntimeWarning: Degrees of freedom <= 0 for slice.
  var = nanvar(a, axis=axis, dtype=dtype, out=out, ddof=ddof,
/oscar/data/deeps/private/bfoxkemp/jnickla1/Thorne_15_codefigurestats/Methods/43_Forcing_Based/1_ERF_FaIR/FaIR_all_unB_method.py:118: RuntimeWarning: Mean of empty slice
  cdist = np.nanmean(dist)
/oscar/data/deeps/private/bfoxkemp/jnickla1/Thorne_15_codefigurestats/Methods/43_Forcing_Based/1_ERF_FaIR/FaIR_comb_unB_method.py:153: RuntimeWarning: Mean of empty slice
  return np.nanmean(samp_cur[year_idx-1850, :], axis = 1)
/users/jnickla1/.conda/envs/cleanpy/lib/python3.13/site-packages/numpy/lib/_nanfunctions_impl.py:2019: RuntimeWarning: Degrees of freedom <= 0 for slice.
  var = nanvar(a, axis=axis, dtype=dtype, out=out, ddof=ddof,
/oscar/data/deeps/private/bfoxkemp/jnickla1/Thorne_15_codefigurestats/Methods/43_Forcing_Based/1_ERF_FaIR/FaIR_comb_unB_method.py:181: RuntimeWarning: Mean of empty slice
  cdist = np.nanmean(dist)
/oscar/data/deeps/private/bfoxkemp/jnickla1/Thorne_15_codefigurestats/fut_evaluation_script.py:427: RuntimeWarning: Mean of empty slice
  evalmean = np.nanmean(diffcross) #if crossing multiple times take the mean
/oscar/data/deeps/private/bfoxkemp/jnickla1/Thorne_15_codefigurestats/fut_evaluation_script.py:464: RuntimeWarning: Mean of empty slice
  evalmean = np.nanmean(diffcrossE) #if crossing multiple times take the mean
/oscar/data/deeps/private/bfoxkemp/jnickla1/Thorne_15_codefigurestats/Methods/43_Forcing_Based/1_ERF_FaIR/FaIR_all_method.py:68: RuntimeWarning: Mean of empty slice
  return np.nanmean(samp_cur[year_idx-1850, :], axis = 1)
/users/jnickla1/.conda/envs/cleanpy/lib/python3.13/site-packages/numpy/lib/_nanfunctions_impl.py:2019: RuntimeWarning: Degrees of freedom <= 0 for slice.
  var = nanvar(a, axis=axis, dtype=dtype, out=out, ddof=ddof,
/oscar/data/deeps/private/bfoxkemp/jnickla1/Thorne_15_codefigurestats/Methods/43_Forcing_Based/1_ERF_FaIR/FaIR_all_method.py:96: RuntimeWarning: Mean of empty slice
  cdist = np.nanmean(dist)
starting computation for fut_NorESM_RCP45_VolcConst
max_runs6
Model number:
5




Methods/42_Temp_Alone/1_Run_Means/cent10y_method.py
Methods/42_Temp_Alone/1_Run_Means/cent20y_method.py
Methods/42_Temp_Alone/1_Run_Means/cent21y_method.py
Methods/42_Temp_Alone/1_Run_Means/cent30y_method.py
Methods/42_Temp_Alone/1_Run_Means/lag10y_method.py
Methods/42_Temp_Alone/1_Run_Means/lag5y_method.py
Methods/42_Temp_Alone/1_Run_Means/offset11y_method.py
Methods/42_Temp_Alone/1_Run_Means/raw1y_method.py
Methods/43_Forcing_Based/1_ERF_FaIR/FaIR_all_method.py
Methods/43_Forcing_Based/1_ERF_FaIR/FaIR_all_unB_method.py
Methods/43_Forcing_Based/1_ERF_FaIR/FaIR_anthro_method.py
Methods/43_Forcing_Based/1_ERF_FaIR/FaIR_anthro_unB_method.py
Methods/43_Forcing_Based/1_ERF_FaIR/FaIR_comb_unB_method.py
Methods/43_Forcing_Based/1_ERF_FaIR/FaIR_nonat_method.py
Methods/43_Forcing_Based/1_ERF_FaIR/FaIR_nonat_unB_method.py
evaluating 12 of 0.1C thresholds, starting at 1.1C
11
FaIR_anthro sampled, d llike: 0.08204627093877342
FaIR_anthro sampled, d llike: -41.369913075905025
FaIR_anthro_unB sampled, d llike: 0.00905365769476045
FaIR_anthro_unB sampled, d llike: -43.61606656043117
FaIR_nonat sampled, d llike: 0.03604468902192254
FaIR_nonat sampled, d llike: 0.08839557106362228
FaIR_nonat_unB sampled, d llike: 0.025163768866310998
FaIR_nonat_unB sampled, d llike: 0.044723308920063126
FaIR_all sampled, d llike: -9074.963411780365
FaIR_all sampled, d llike: 0.09194690372267339
FaIR_all_unB sampled, d llike: -0.45689992789170025
FaIR_all_unB sampled, d llike: 0.010986468734727223
FaIR_comb_unB sampled, d llike: -0.03643742668400629
FaIR_comb_unB sampled, d llike: 0.09405563696455177
        method_name    method_class c/r  smooth_r  avg_unc.(1se)  #q<0.5  #q<0.1   log-likeli       RMS      bias        tlog-l       100log-l    100RMS     75RMS   100bias        l15        l20    bias50       Edyrs15    Edyrs20       Mdyrs15    Mdyrs20       Fdyrs15    Fdyrs20    EdyrsA    RMSyrsA  ncEdyrs     e100log-l   e100RMS    e75RMS  e100bias          el15          el20   ebias50  eEdyrs15   eEdyrs20  eMdyrs15   eMdyrs20  eFdyrs15   eFdyrs20    eEdyrsA   eRMSyrsA  nceEdyrs
8         offset11y  42/1_Run_Means   c     2.982       0.032345     172     111    -0.430865  0.081452  0.063503 -9.909898e+01     167.675888  0.035687  0.040218  0.023306  18.581594   9.530340  0.044356  1.464286e-10  -1.000000  1.464286e-10  -1.000000  1.464286e-10  -1.000000 -1.180556   2.110928     12.0  9.350116e+01  0.047944  0.051791 -0.040019  2.237935e+00  1.456881e-02 -0.035535  2.750000   4.666667  2.750000   4.666667  2.750000   4.666667   2.660256   2.660256      13.0
21    FaIR_comb_unB   43/1_ERF_FaIR   c     2.714       0.079851      65       0     0.282901  0.120341 -0.054568  4.413263e+01     126.121874  0.042428  0.044603  0.030219   4.265179   3.363813  0.028092 -2.333333e+00  -3.833333 -2.333333e+00  -3.833333 -2.333333e+00  -3.833333 -2.527778   2.777431     12.0  1.267862e+02  0.044829  0.045489 -0.033106  4.369488e+00  4.271674e+00 -0.051799  0.416667   1.833333  0.416667   1.833333  0.416667   1.833333   1.705128   1.705128      13.0
15   FaIR_nonat_unB   43/1_ERF_FaIR   c     2.786       0.091211      58       0     0.560495  0.119553 -0.053738  8.967920e+01     115.579222  0.044883  0.044976  0.032744   3.903470   3.264518  0.021720 -2.500000e+00  -2.333333 -2.500000e+00  -2.333333 -2.500000e+00  -2.333333 -2.420139   2.695080     13.0  1.172672e+02  0.047161  0.050610 -0.030581  3.927850e+00  3.787370e+00 -0.058171  0.250000   3.333333  0.250000   3.333333  0.250000   3.333333   1.804487   1.804487      14.0
19     FaIR_all_unB   43/1_ERF_FaIR   c     3.860       0.092156      44       3    -0.163558  0.131204 -0.056079 -2.616935e+01     113.790526  0.048278  0.048980  0.032849   3.685445   3.043427  0.021074 -2.333333e+00  -3.750000 -2.333333e+00  -3.750000 -2.333333e+00  -3.750000 -2.451389   2.885247     12.0  1.143407e+02  0.049057  0.053001 -0.030476  3.913844e+00  3.711526e+00 -0.058817  0.416667   1.916667  0.416667   1.916667  0.416667   1.916667   2.070513   2.070513      13.0
11  FaIR_anthro_unB   43/1_ERF_FaIR   c     2.223       0.096159      62       0    -0.041896  0.138805 -0.066823 -6.703432e+00     108.990974  0.048875  0.048219  0.033356   3.379806   3.506211  0.016020 -3.416667e+00  -1.916667 -3.416667e+00  -1.916667 -3.416667e+00  -1.916667 -2.534722   2.955593     12.0  1.080238e+02  0.051613  0.054818 -0.029969  3.575618e+00  3.205275e+00 -0.063871 -0.666667   3.750000 -0.666667   3.750000 -0.666667   3.750000   1.737179   1.737179      13.0
9       FaIR_anthro   43/1_ERF_FaIR   c     1.983       0.096178      66       0    -0.046097  0.144475 -0.119943 -7.375479e+00      97.916794  0.072302  0.073696 -0.061037   2.884281   2.564050 -0.085349  2.833333e+00   6.500000  2.833333e+00   6.500000  2.833333e+00   6.500000  3.430556   4.748294     12.0  4.980532e+01  0.132916  0.142600 -0.124362  2.525905e+00  1.418190e+00 -0.165240  5.583333  12.166667  5.583333  12.166667  5.583333  12.166667   8.653846   8.653846      12.0
2             raw1y  42/1_Run_Means   c    36.247       0.106818       0       0     0.904286  0.096914 -0.000415  2.079859e+02      94.290854  0.082586  0.084752  0.002693   3.857451   4.013685 -0.003815  1.500000e+00   1.958333  2.833333e+00   9.500000  1.666667e-01  -4.000000  0.326389   1.653925     35.2  7.588704e+01  0.103867  0.109838 -0.060632  1.085648e+00  9.086902e-01 -0.083706  4.250000   7.625000  5.583333  15.166667  2.916667   1.666667   4.209936   4.209936      39.2
13       FaIR_nonat   43/1_ERF_FaIR   c     2.539       0.113920      53       0     0.525658  0.135218 -0.116973  8.410530e+01      88.040327  0.078851  0.081546 -0.070756   2.762932   2.676904 -0.091897  3.500000e+00   6.750000  3.500000e+00   6.750000  3.500000e+00   6.750000  4.163194   5.180998     13.0  4.804670e+01  0.140854  0.151607 -0.134081  2.242085e+00  1.525096e+00 -0.171788  6.250000  12.416667  6.250000  12.416667  6.250000  12.416667   9.330128   9.330128      13.0
1             lag5y  42/1_Run_Means   c     6.217       0.040028      73      31     0.767849  0.058149 -0.018771  1.766052e+02      63.462542  0.051057  0.051780 -0.031568   0.354531  10.897081 -0.026912  3.666667e+00   3.000000  3.666667e+00   4.583333  3.666667e+00   1.416667  1.975694   2.348198     16.0 -5.534463e+02  0.103641  0.110916 -0.094893  1.497721e-16  4.703164e-07 -0.106803  6.416667   8.666667  6.416667  10.250000  6.416667   7.083333   5.996795   5.996795      17.0
0            lag10y  42/1_Run_Means   c     3.129       0.033205     151      76    -0.054017  0.064227 -0.041960 -1.242381e+01    -178.386347  0.082449  0.079182 -0.077785   0.000082   0.721446 -0.058765  6.166667e+00   4.833333  6.166667e+00   4.833333  6.166667e+00   4.833333  4.437500   4.549433     12.0 -1.011841e+03  0.143731  0.148573 -0.141110  5.450439e-13  3.947617e-15 -0.138656  8.916667  10.500000  8.916667  10.500000  8.916667  10.500000   8.410256   8.410256      13.0
17         FaIR_all   43/1_ERF_FaIR   c     3.403       0.005559     160     160 -9918.180048  0.160498 -0.141311 -1.586909e+06 -675549.471491  0.145847  0.150253 -0.139855   0.000000   0.000000 -0.164280  6.916667e+00  14.791667  6.916667e+00  15.666667  6.916667e+00  13.916667  9.718750  11.714689     12.0 -1.431829e+06  0.208805  0.221360 -0.203180  0.000000e+00  0.000000e+00 -0.244171  9.666667  20.458333  9.666667  21.333333  9.666667  19.583333  13.798077  13.798077      11.0
5.0337730689999995
finished this run
starting computation for fut_NorESM_RCP45_Volc
max_runs6
Model number:
5




Methods/42_Temp_Alone/1_Run_Means/cent10y_method.py
Methods/42_Temp_Alone/1_Run_Means/cent20y_method.py
Methods/42_Temp_Alone/1_Run_Means/cent21y_method.py
Methods/42_Temp_Alone/1_Run_Means/cent30y_method.py
Methods/42_Temp_Alone/1_Run_Means/lag10y_method.py
Methods/42_Temp_Alone/1_Run_Means/lag5y_method.py
Methods/42_Temp_Alone/1_Run_Means/offset11y_method.py
Methods/42_Temp_Alone/1_Run_Means/raw1y_method.py
Methods/43_Forcing_Based/1_ERF_FaIR/FaIR_all_method.py
Methods/43_Forcing_Based/1_ERF_FaIR/FaIR_all_unB_method.py
Methods/43_Forcing_Based/1_ERF_FaIR/FaIR_anthro_method.py
Methods/43_Forcing_Based/1_ERF_FaIR/FaIR_anthro_unB_method.py
Methods/43_Forcing_Based/1_ERF_FaIR/FaIR_comb_unB_method.py
Methods/43_Forcing_Based/1_ERF_FaIR/FaIR_nonat_method.py
Methods/43_Forcing_Based/1_ERF_FaIR/FaIR_nonat_unB_method.py
evaluating 13 of 0.1C thresholds, starting at 1.1C
11
FaIR_anthro sampled, d llike: 0.07578253685079527
FaIR_anthro sampled, d llike: -42.08432134619267
FaIR_anthro_unB sampled, d llike: 0.0760420550140668
FaIR_anthro_unB sampled, d llike: -44.95723279759018
FaIR_nonat sampled, d llike: 0.04541251420922082
FaIR_nonat sampled, d llike: 0.08963667468779137
FaIR_nonat_unB sampled, d llike: 0.017399437762598446
FaIR_nonat_unB sampled, d llike: 0.049975240366707696
FaIR_all sampled, d llike: -7323.373595251235
FaIR_all sampled, d llike: 0.07567890422553228
FaIR_all_unB sampled, d llike: -0.44215342794819323
FaIR_all_unB sampled, d llike: 0.008045794475449591
FaIR_comb_unB sampled, d llike: -0.03118428044882854
FaIR_comb_unB sampled, d llike: -0.16116985384454008
        method_name    method_class c/r  smooth_r  avg_unc.(1se)  #q<0.5  #q<0.1   log-likeli       RMS      bias        tlog-l       100log-l    100RMS     75RMS   100bias           l15        l20    bias50   Edyrs15   Edyrs20   Mdyrs15   Mdyrs20   Fdyrs15   Fdyrs20    EdyrsA    RMSyrsA  ncEdyrs      e100log-l   e100RMS    e75RMS  e100bias           el15      el20   ebias50  eEdyrs15  eEdyrs20  eMdyrs15   eMdyrs20  eFdyrs15   eFdyrs20   eEdyrsA  eRMSyrsA  nceEdyrs
8         offset11y  42/1_Run_Means   c     2.861       0.033550     161     119    -0.557894  0.084256  0.063675 -1.283155e+02     138.837645  0.049552  0.057627  0.023937  1.294684e+01  12.475288  0.056388  1.166667 -3.500000  1.166667 -3.500000  1.166667 -3.500000 -1.224359   2.912635       13      86.764579  0.062816  0.071798  0.037897   2.020043e+01  6.818232  0.077805  0.583333 -5.333333  0.583333  -5.333333  0.583333  -5.333333 -2.551282  2.551282        13
21    FaIR_comb_unB   43/1_ERF_FaIR   c     2.671       0.079938      68       0     0.259574  0.122565 -0.052082  4.049359e+01     119.682920  0.052263  0.058060  0.034255  3.543357e+00   4.005399  0.048311 -2.750000 -3.250000 -2.750000 -3.250000 -2.750000 -3.250000 -2.326923   3.061600       13     108.884420  0.067789  0.074585  0.048215   3.251565e+00  3.332902  0.069728 -3.333333 -5.083333 -3.333333  -5.083333 -3.333333  -5.083333 -3.653846  3.653846        13
15   FaIR_nonat_unB   43/1_ERF_FaIR   c     2.715       0.090990      61       0     0.562605  0.119552 -0.060063  9.001675e+01     115.728566  0.042528  0.044538  0.021297  3.377340e+00   3.869541  0.015339 -2.666667 -0.416667 -2.666667 -0.416667 -2.666667 -0.416667 -1.442308   2.580851       13     112.154215  0.050966  0.054117  0.035258   3.177374e+00  3.358619  0.036756 -3.250000 -2.250000 -3.250000  -2.250000 -3.250000  -2.250000 -2.769231  2.769231        13
11  FaIR_anthro_unB   43/1_ERF_FaIR   c     2.114       0.096299      62       0     0.060720  0.138051 -0.074019  9.715203e+00     108.887398  0.043512  0.044494  0.020296  2.785153e+00   3.810828  0.009823 -2.750000 -0.416667 -2.750000 -0.416667 -2.750000 -0.416667 -1.166667   2.513000       13     106.503446  0.052385  0.054400  0.034257   2.754957e+00  3.376250  0.031240 -3.333333 -2.250000 -3.333333  -2.250000 -3.333333  -2.250000 -2.493590  2.493590        13
19     FaIR_all_unB   43/1_ERF_FaIR   c     4.234       0.093423      48       0    -0.227421  0.138174 -0.038366 -3.638739e+01      97.067870  0.077238  0.087830  0.063926  2.436302e+00   3.003672  0.084029 -3.500000 -6.000000 -3.500000 -6.000000 -3.500000 -6.000000 -4.025641   4.588168       14      85.058691  0.096663  0.110180  0.077886   2.255526e+00  2.119309  0.105446 -4.083333 -7.833333 -4.083333  -7.833333 -4.083333  -7.833333 -5.352564  5.352564        14
9       FaIR_anthro   43/1_ERF_FaIR   c     1.904       0.096289      79      27    -0.078936  0.148171 -0.127071 -1.262971e+01      88.892163  0.084143  0.086206 -0.074107  3.085720e+00   2.359691 -0.093150  1.916667  7.416667  1.916667  7.416667  1.916667  7.416667  4.557692   5.744237       13      93.122425  0.071690  0.061529 -0.060146   3.084950e+00  2.950281 -0.071733  1.333333  5.583333  1.333333   5.583333  1.333333   5.583333  3.230769  3.230769        13
2             raw1y  42/1_Run_Means   c    33.442       0.109757       0       0     0.869226  0.100102 -0.000561  1.999219e+02      86.307371  0.091877  0.097739  0.002510  3.282714e+00   2.365999 -0.005376  1.583333 -0.333333  1.583333 -9.666667  1.583333 -9.666667  0.497115   2.448389       40      79.588311  0.099916  0.108403  0.016471   3.489454e+00  1.163738  0.016041  1.000000 -2.166667  1.000000 -11.500000  1.000000 -11.500000 -0.829808  0.829808        40
13       FaIR_nonat   43/1_ERF_FaIR   c     2.485       0.113595      62       0     0.495105  0.139755 -0.123325  7.921678e+01      82.372017  0.090540  0.093521 -0.082180  2.972597e+00   2.282793 -0.099649  2.416667  7.583333  2.416667  7.583333  2.416667  7.583333  5.068376   6.289226       15      86.546158  0.076722  0.067777 -0.068220   2.972330e+00  2.846357 -0.078232  1.833333  5.750000  1.833333   5.750000  1.833333   5.750000  3.741453  3.741453        15
1             lag5y  42/1_Run_Means   c     6.092       0.041143      87      36     0.467412  0.060753 -0.018770  1.075048e+02      -4.583388  0.057930  0.062205 -0.031375  1.191519e-04   0.000019 -0.020689  2.916667  3.083333  2.916667  3.083333  2.916667  3.083333  2.035256   2.292890       18      28.364348  0.059387  0.061315 -0.017414   2.890598e-03  6.989239  0.000728  2.333333  1.250000  2.333333   1.250000  2.333333   1.250000  0.708333  0.708333        18
0            lag10y  42/1_Run_Means   c     2.930       0.034436     135      77    -0.102338  0.066917 -0.041747 -2.353765e+01    -186.819530  0.087478  0.083483 -0.077051  1.485719e-08   0.000082 -0.047575  4.916667  5.833333  4.916667  5.833333  4.916667  5.833333  4.368590   4.518495       14    -118.157649  0.080326  0.064571 -0.063091   6.412787e-07  1.062376 -0.026158  4.333333  4.000000  4.333333   4.000000  4.333333   4.000000  3.041667  3.041667        14
17         FaIR_all   43/1_ERF_FaIR   c     3.801       0.005581     160     160 -7983.601317  0.144708 -0.123598 -1.277376e+06 -406209.075029  0.113976  0.112010 -0.108718  0.000000e+00   0.000000 -0.125098  3.750000  8.583333  3.750000  8.583333  3.750000  8.583333  7.769231  10.311650       12 -359143.655388  0.104303  0.090902 -0.094758  7.847631e-289  0.000000 -0.103681  3.166667  6.750000  3.166667   6.750000  3.166667   6.750000  6.410256  6.410256        12
5.0666565199999996
finished this run
starting computation for fut_ESM1-2-LR_SSP126_constVolc
max_runs6
Model number:
5




Methods/42_Temp_Alone/1_Run_Means/cent10y_method.py
Methods/42_Temp_Alone/1_Run_Means/cent20y_method.py
Methods/42_Temp_Alone/1_Run_Means/cent21y_method.py
Methods/42_Temp_Alone/1_Run_Means/cent30y_method.py
Methods/42_Temp_Alone/1_Run_Means/lag10y_method.py
Methods/42_Temp_Alone/1_Run_Means/lag5y_method.py
Methods/42_Temp_Alone/1_Run_Means/offset11y_method.py
Methods/42_Temp_Alone/1_Run_Means/raw1y_method.py
Methods/43_Forcing_Based/1_ERF_FaIR/FaIR_all_method.py
Methods/43_Forcing_Based/1_ERF_FaIR/FaIR_all_unB_method.py
Methods/43_Forcing_Based/1_ERF_FaIR/FaIR_anthro_method.py
Methods/43_Forcing_Based/1_ERF_FaIR/FaIR_anthro_unB_method.py
Methods/43_Forcing_Based/1_ERF_FaIR/FaIR_comb_unB_method.py
Methods/43_Forcing_Based/1_ERF_FaIR/FaIR_nonat_method.py
Methods/43_Forcing_Based/1_ERF_FaIR/FaIR_nonat_unB_method.py
evaluating 6 of 0.1C thresholds, starting at 1.1C
11
FaIR_anthro sampled, d llike: -0.01028772367731512
FaIR_anthro sampled, d llike: -0.3149755952410107
FaIR_anthro_unB sampled, d llike: -0.018528982367203017
FaIR_anthro_unB sampled, d llike: -0.36162092084745623
FaIR_nonat sampled, d llike: -0.04026072777363221
FaIR_nonat sampled, d llike: -0.0679239557657979
FaIR_nonat_unB sampled, d llike: -0.03965125565191108
FaIR_nonat_unB sampled, d llike: -0.06218362078277484
FaIR_all sampled, d llike: -2136.6979264832275
FaIR_all sampled, d llike: -0.05964689155697123
FaIR_all_unB sampled, d llike: -0.026325923602484202
FaIR_all_unB sampled, d llike: -0.056596524905961565
FaIR_comb_unB sampled, d llike: -0.042562543119414764
FaIR_comb_unB sampled, d llike: 0.09961977492871676
        method_name    method_class c/r  smooth_r  avg_unc.(1se)  #q<0.5  #q<0.1   log-likeli       RMS      bias         tlog-l       100log-l    100RMS     75RMS   100bias        l15  l20    bias50    Edyrs15  Edyrs20    Mdyrs15  Mdyrs20    Fdyrs15  Fdyrs20    EdyrsA    RMSyrsA  ncEdyrs      e100log-l   e100RMS    e75RMS  e100bias       el15  el20   ebias50   eEdyrs15  eEdyrs20   eMdyrs15  eMdyrs20   eFdyrs15  eFdyrs20   eEdyrsA  eRMSyrsA  nceEdyrs
21    FaIR_comb_unB   43/1_ERF_FaIR   c     2.303       0.072935       0       0     1.433935  0.049682 -0.005396     225.127863     123.182107  0.058613  0.065891 -0.003355   2.593690  0.0 -0.044114  -6.916667       -1  -6.916667       -1  -6.916667       -1  3.180556  10.670193      5.0      93.336895  0.090437  0.100974  0.031356   2.722206   0.0 -0.030055 -13.416667        -1 -13.416667        -1 -13.416667        -1 -1.236111  1.236111       5.0
9       FaIR_anthro   43/1_ERF_FaIR   c     1.983       0.083050       0       0     1.150679  0.068765 -0.010241     185.259261     116.869584  0.062291  0.071514  0.022284   2.165894  0.0 -0.019331  -7.916667       -1  -7.916667       -1  -7.916667       -1  2.388889  10.782466      5.0      88.195048  0.102483  0.112236  0.056996   2.347721   0.0 -0.005272 -14.416667        -1 -14.416667        -1 -14.416667        -1 -2.027778  2.027778       5.0
19     FaIR_all_unB   43/1_ERF_FaIR   c     3.742       0.085615       0       0     1.263403  0.060811  0.004624     203.407888     115.271527  0.059919  0.067092 -0.001592   2.594826  0.0 -0.047341  -7.000000       -1  -7.000000       -1  -7.000000       -1  2.930556  10.706252      5.0      92.668846  0.093832  0.103095  0.033119   3.167859   0.0 -0.033282 -13.500000        -1 -13.500000        -1 -13.500000        -1 -1.486111  1.486111       5.0
15   FaIR_nonat_unB   43/1_ERF_FaIR   c     2.344       0.082708       0       0     1.312867  0.055932 -0.008024     211.371607     114.773082  0.063343  0.072359 -0.002295   2.678532  0.0 -0.051425  -7.333333       -1  -7.333333       -1  -7.333333       -1  2.805556  10.720243      5.0      88.026029  0.096345  0.106385  0.032417   2.697101   0.0 -0.037366 -13.833333        -1 -13.833333        -1 -13.833333        -1 -1.611111  1.611111       5.0
11  FaIR_anthro_unB   43/1_ERF_FaIR   c     2.036       0.083093       0       0     1.127287  0.068493 -0.025315     181.493265     112.551567  0.061897  0.071103 -0.004444   2.753160  0.0 -0.052807  -7.083333       -1  -7.083333       -1  -7.083333       -1  2.930556  10.684176      5.0      94.232260  0.093284  0.103349  0.030267   3.055449   0.0 -0.038748 -13.583333        -1 -13.583333        -1 -13.583333        -1 -9.208333  9.208333       6.0
13       FaIR_nonat   43/1_ERF_FaIR   c     2.353       0.103277       0       0     1.161409  0.058599  0.003841     186.986784     103.796861  0.065198  0.074338  0.022239   2.154196  0.0 -0.023137  -8.166667       -1  -8.166667       -1  -8.166667       -1  2.319444  10.826547      5.0      82.013231  0.105670  0.115291  0.056950   2.122262   0.0 -0.009078 -14.666667        -1 -14.666667        -1 -14.666667        -1 -2.097222  2.097222       5.0
0            lag10y  42/1_Run_Means   c     3.099       0.035608      86       6     1.375389  0.055415 -0.030811     317.714768      96.690130  0.064766  0.035219 -0.040293  14.714959  0.0 -0.004862   4.250000       -1  10.166667       -1  -1.666667       -1  4.166667   4.249728      9.2      10.782315  0.064111  0.055244 -0.005582  14.974160   0.0  0.009197  -2.250000        -1  -8.166667        -1  -8.166667        -1  0.555556  0.555556       8.2
2             raw1y  42/1_Run_Means   c    27.671       0.115258       0       0     0.818028  0.104790  0.000481     188.964475      78.738624  0.101500  0.087756  0.005413   2.670086  0.0  0.002425   7.550000       -1  20.083333       -1  -6.583333       -1 -0.545370   4.128792     25.5      60.020736  0.122731  0.112801  0.040124   3.638729   0.0  0.016484   4.097222        -1  19.333333        -1 -13.083333        -1 -3.560648  3.560648      24.6
1             lag5y  42/1_Run_Means   c     5.664       0.044562      40      20     0.743606  0.054018 -0.013192     171.773023     -28.939457  0.052706  0.045586 -0.012822   6.332177  0.0  0.001510   3.638889       -1   9.416667       -1  -4.333333       -1  1.158565   3.363292     11.3    -403.432022  0.073963  0.078504  0.021889  14.016502   0.0  0.015569  -2.861111        -1 -10.833333        -1 -10.833333        -1 -1.202546  1.202546      11.3
8         offset11y  42/1_Run_Means   c     2.660       0.034418     191     150    -1.910699  0.090047  0.075851    -441.371470    -229.210233  0.083997  0.097765  0.064137   0.000656  0.0  0.103602  -6.250000       -1  -6.250000       -1  -6.250000       -1  3.548611  10.534844      6.0    -642.606242  0.118231  0.135384  0.098849   0.000244   0.0  0.117661 -12.750000        -1 -12.750000        -1 -12.750000        -1 -8.923611  8.923611       7.0
17         FaIR_all   43/1_ERF_FaIR   c     3.191       0.005559     154     141 -2331.862722  0.077243  0.033871 -375429.898313 -307157.352589  0.091679  0.094974  0.058983   0.000000  0.0 -0.003279 -11.083333       -1 -11.083333       -1 -11.083333       -1 -2.250000   6.754457      9.0 -709416.043328  0.134457  0.138195  0.093694   0.000000   0.0  0.010780 -17.583333        -1 -17.583333        -1 -17.583333        -1 -5.861111  5.861111       7.0
5.098160504999999
finished this run
/oscar/data/deeps/private/bfoxkemp/jnickla1/Thorne_15_codefigurestats/Methods/43_Forcing_Based/1_ERF_FaIR/FaIR_comb_unB_method.py:153: RuntimeWarning: Mean of empty slice
  return np.nanmean(samp_cur[year_idx-1850, :], axis = 1)
/users/jnickla1/.conda/envs/cleanpy/lib/python3.13/site-packages/numpy/lib/_nanfunctions_impl.py:2019: RuntimeWarning: Degrees of freedom <= 0 for slice.
  var = nanvar(a, axis=axis, dtype=dtype, out=out, ddof=ddof,
/oscar/data/deeps/private/bfoxkemp/jnickla1/Thorne_15_codefigurestats/Methods/43_Forcing_Based/1_ERF_FaIR/FaIR_comb_unB_method.py:181: RuntimeWarning: Mean of empty slice
  cdist = np.nanmean(dist)
starting computation for fut_ESM1-2-LR_SSP245_constVolc
max_runs6
Model number:
5




Methods/42_Temp_Alone/1_Run_Means/cent10y_method.py
Methods/42_Temp_Alone/1_Run_Means/cent20y_method.py
Methods/42_Temp_Alone/1_Run_Means/cent21y_method.py
Methods/42_Temp_Alone/1_Run_Means/cent30y_method.py
Methods/42_Temp_Alone/1_Run_Means/lag10y_method.py
Methods/42_Temp_Alone/1_Run_Means/lag5y_method.py
Methods/42_Temp_Alone/1_Run_Means/offset11y_method.py
Methods/42_Temp_Alone/1_Run_Means/raw1y_method.py
Methods/43_Forcing_Based/1_ERF_FaIR/FaIR_all_method.py
Methods/43_Forcing_Based/1_ERF_FaIR/FaIR_all_unB_method.py
Methods/43_Forcing_Based/1_ERF_FaIR/FaIR_anthro_method.py
Methods/43_Forcing_Based/1_ERF_FaIR/FaIR_anthro_unB_method.py
Methods/43_Forcing_Based/1_ERF_FaIR/FaIR_comb_unB_method.py
Methods/43_Forcing_Based/1_ERF_FaIR/FaIR_nonat_method.py
Methods/43_Forcing_Based/1_ERF_FaIR/FaIR_nonat_unB_method.py
evaluating 14 of 0.1C thresholds, starting at 1.1C
11
FaIR_anthro sampled, d llike: -0.015446500152217935
FaIR_anthro sampled, d llike: -0.7379235360939016
FaIR_anthro_unB sampled, d llike: -0.03136150585394515
FaIR_anthro_unB sampled, d llike: -0.7653901691389542
FaIR_nonat sampled, d llike: -0.04309986184913184
FaIR_nonat sampled, d llike: -0.05076929283719922
FaIR_nonat_unB sampled, d llike: -0.039958032805505805
FaIR_nonat_unB sampled, d llike: -0.042719890505240166
FaIR_all sampled, d llike: -1309.4078010824885
FaIR_all sampled, d llike: -0.05659935426717988
FaIR_all_unB sampled, d llike: -0.025660188864201627
FaIR_all_unB sampled, d llike: -0.0444607700463846
FaIR_comb_unB sampled, d llike: -0.037408404432817344
FaIR_comb_unB sampled, d llike: -0.01202941625546472
        method_name    method_class c/r  smooth_r  avg_unc.(1se)  #q<0.5  #q<0.1   log-likeli       RMS      bias         tlog-l       100log-l    100RMS     75RMS   100bias       l15           l20    bias50   Edyrs15   Edyrs20   Mdyrs15   Mdyrs20   Fdyrs15   Fdyrs20    EdyrsA   RMSyrsA  ncEdyrs      e100log-l   e100RMS    e75RMS  e100bias      el15          el20   ebias50  eEdyrs15  eEdyrs20  eMdyrs15  eMdyrs20  eFdyrs15  eFdyrs20   eEdyrsA  eRMSyrsA  nceEdyrs
8         offset11y  42/1_Run_Means   c     2.622       0.037780     142      88    -0.223637  0.075955  0.057642     -51.660033     160.501204  0.033427  0.036702  0.017915  7.812464  6.934155e+00  0.028156 -0.916667  0.166667 -0.916667  0.166667 -0.916667  0.166667 -0.949405  1.802397     15.0      59.466164  0.060321  0.067591  0.040206  3.611489  6.172695e+00  0.060493 -2.166667  1.083333 -2.166667  1.083333 -2.166667  1.083333 -2.568452  2.568452      15.0
21    FaIR_comb_unB   43/1_ERF_FaIR   c     2.002       0.075601       0       0     1.533160  0.033062 -0.009914     240.706197     138.468902  0.032818  0.033930 -0.010289  4.267412  4.747992e+00 -0.029728 -1.583333  0.416667 -1.583333  0.416667 -1.583333  0.416667  0.422619  1.542230     14.0     135.134630  0.036745  0.035687  0.012002  4.519154  4.435603e+00  0.002609 -2.833333  1.333333 -2.833333  1.333333 -2.833333  1.333333 -1.196429  1.196429      14.0
15   FaIR_nonat_unB   43/1_ERF_FaIR   c     1.970       0.085591       0       0     1.391762  0.040061 -0.011197     224.073667     127.349082  0.036445  0.038235 -0.007126  3.676547  4.135605e+00 -0.034329 -2.000000  0.500000 -2.000000  0.500000 -2.000000  0.500000  0.360119  1.933961     15.0     124.836247  0.039870  0.037735  0.015165  4.175319  3.874573e+00 -0.001992 -3.250000  1.416667 -3.250000  1.416667 -3.250000  1.416667 -1.258929  1.258929      15.0
19     FaIR_all_unB   43/1_ERF_FaIR   c     3.427       0.088615       0       0     1.324623  0.048636  0.000725     213.264381     124.808113  0.034487  0.034738 -0.007296  3.597926  4.074952e+00 -0.029506 -1.500000  0.750000 -1.500000  0.750000 -1.500000  0.750000  0.375000  1.553127     14.0     122.591447  0.039173  0.036915  0.014994  4.003018  3.798676e+00  0.002831 -2.750000  1.666667 -2.750000  1.666667 -2.750000  1.666667 -1.244048  1.244048      14.0
9       FaIR_anthro   43/1_ERF_FaIR   c     1.405       0.087103       0       0     1.176590  0.058733 -0.017869     189.430950     121.160369  0.040693  0.041658  0.008849  3.459824  3.949836e+00 -0.024264 -2.583333 -1.166667 -2.583333 -1.166667 -2.583333 -1.166667 -0.446429  2.110889     14.0     114.810132  0.049536  0.047482  0.031139  3.211258  4.202017e+00  0.008074 -3.833333 -0.250000 -3.833333 -0.250000 -3.833333 -0.250000 -2.065476  2.065476      14.0
11  FaIR_anthro_unB   43/1_ERF_FaIR   c     1.429       0.087089       0       0     1.155684  0.059432 -0.007795     186.065097     117.716712  0.042390  0.044743  0.026697  3.372701  3.381707e+00  0.020312 -2.666667 -2.666667 -2.666667 -2.666667 -2.666667 -2.666667 -1.708333  2.100524     14.0     107.413964  0.063661  0.067830  0.048987  3.127949  3.744610e+00  0.052650 -3.916667 -1.750000 -3.916667 -1.750000 -3.916667 -1.750000 -3.327381  3.327381      14.0
13       FaIR_nonat   43/1_ERF_FaIR   c     1.982       0.106844       0       0     1.192300  0.043780 -0.002772     191.960265     108.578447  0.039637  0.039577  0.011358  2.893919  3.420392e+00 -0.020069 -2.666667 -0.666667 -2.666667 -0.666667 -2.666667 -0.666667 -0.619048  1.869768     14.0     104.402109  0.050505  0.048315  0.033649  3.237696  3.147814e+00  0.012268 -3.916667  0.250000 -3.916667  0.250000 -3.916667  0.250000 -2.238095  2.238095      14.0
2             raw1y  42/1_Run_Means   c    27.484       0.124045       0       0     0.730180  0.114081 -0.000310     168.671640      60.180102  0.124354  0.116885  0.003406  0.837546  3.302911e+00 -0.003264  2.194444  0.791667  5.333333  8.750000 -1.666667 -5.166667 -0.314966  2.363073     50.3      56.121227  0.129161  0.122089  0.025696  3.332583  2.580624e+00  0.029073  0.944444  1.708333  4.083333  9.666667 -2.916667 -4.250000 -1.934014  1.934014      50.3
0            lag10y  42/1_Run_Means   c     3.159       0.038984     144      47     0.789655  0.066588 -0.047399     182.410415     -38.614223  0.087492  0.083804 -0.082402  2.390549  1.978889e+00 -0.073995  5.916667  2.583333  5.916667  2.583333  5.916667  2.583333  4.577381  4.788949     17.0      40.722369  0.075264  0.069437 -0.060111  6.355983  1.099583e+00 -0.041658  4.666667  3.500000  4.666667  3.500000  4.666667  3.500000  2.958333  2.958333      17.0
1             lag5y  42/1_Run_Means   c     5.546       0.048078      39       7     0.699706  0.058703 -0.021769     161.632073     -39.080407  0.064174  0.063064 -0.034595  6.775352  1.046453e+01 -0.035936  3.250000 -2.000000  6.250000 -2.000000  0.250000 -2.000000  2.580357  3.663875     20.2      -7.074502  0.059537  0.058996 -0.012305  6.860732  2.818256e+00 -0.003598  2.000000 -1.083333  5.000000 -1.083333 -1.000000 -1.083333  0.961310  0.961310      20.2
17         FaIR_all   43/1_ERF_FaIR   c     2.917       0.005572     150     135 -1436.287849  0.062516  0.027435 -231242.343659 -158749.173148  0.068416  0.056332  0.048386  0.000000  3.225717e-37  0.002629 -4.333333 -2.250000 -4.333333 -2.250000 -4.333333 -2.250000 -2.333333  3.342547     14.0 -236850.403746  0.083201  0.072826  0.070676  0.000000  9.466573e-13  0.034966 -5.583333 -1.333333 -5.583333 -1.333333 -5.583333 -1.333333 -3.952381  3.952381      14.0
5.578973175
finished this run
/oscar/data/deeps/private/bfoxkemp/jnickla1/Thorne_15_codefigurestats/Methods/43_Forcing_Based/1_ERF_FaIR/FaIR_all_unB_method.py:90: RuntimeWarning: Mean of empty slice
  return np.nanmean(samp_cur[year_idx-1850, :], axis = 1)
/users/jnickla1/.conda/envs/cleanpy/lib/python3.13/site-packages/numpy/lib/_nanfunctions_impl.py:2019: RuntimeWarning: Degrees of freedom <= 0 for slice.
  var = nanvar(a, axis=axis, dtype=dtype, out=out, ddof=ddof,
/oscar/data/deeps/private/bfoxkemp/jnickla1/Thorne_15_codefigurestats/Methods/43_Forcing_Based/1_ERF_FaIR/FaIR_all_unB_method.py:118: RuntimeWarning: Mean of empty slice
  cdist = np.nanmean(dist)
/oscar/data/deeps/private/bfoxkemp/jnickla1/Thorne_15_codefigurestats/Methods/43_Forcing_Based/1_ERF_FaIR/FaIR_comb_unB_method.py:153: RuntimeWarning: Mean of empty slice
  return np.nanmean(samp_cur[year_idx-1850, :], axis = 1)
/users/jnickla1/.conda/envs/cleanpy/lib/python3.13/site-packages/numpy/lib/_nanfunctions_impl.py:2019: RuntimeWarning: Degrees of freedom <= 0 for slice.
  var = nanvar(a, axis=axis, dtype=dtype, out=out, ddof=ddof,
/oscar/data/deeps/private/bfoxkemp/jnickla1/Thorne_15_codefigurestats/Methods/43_Forcing_Based/1_ERF_FaIR/FaIR_comb_unB_method.py:181: RuntimeWarning: Mean of empty slice
  cdist = np.nanmean(dist)
starting computation for fut_ESM1-2-LR_SSP370_constVolc
max_runs6
Model number:
5




Methods/42_Temp_Alone/1_Run_Means/cent10y_method.py
Methods/42_Temp_Alone/1_Run_Means/cent20y_method.py
Methods/42_Temp_Alone/1_Run_Means/cent21y_method.py
Methods/42_Temp_Alone/1_Run_Means/cent30y_method.py
Methods/42_Temp_Alone/1_Run_Means/lag10y_method.py
Methods/42_Temp_Alone/1_Run_Means/lag5y_method.py
Methods/42_Temp_Alone/1_Run_Means/offset11y_method.py
Methods/42_Temp_Alone/1_Run_Means/raw1y_method.py
Methods/43_Forcing_Based/1_ERF_FaIR/FaIR_all_method.py
Methods/43_Forcing_Based/1_ERF_FaIR/FaIR_all_unB_method.py
Methods/43_Forcing_Based/1_ERF_FaIR/FaIR_anthro_method.py
Methods/43_Forcing_Based/1_ERF_FaIR/FaIR_anthro_unB_method.py
Methods/43_Forcing_Based/1_ERF_FaIR/FaIR_comb_unB_method.py
Methods/43_Forcing_Based/1_ERF_FaIR/FaIR_nonat_method.py
Methods/43_Forcing_Based/1_ERF_FaIR/FaIR_nonat_unB_method.py
evaluating 24 of 0.1C thresholds, starting at 1.1C
11
FaIR_anthro sampled, d llike: -0.019675088465859636
FaIR_anthro sampled, d llike: -1.680651673816456
FaIR_anthro_unB sampled, d llike: -0.017612791070152678
FaIR_anthro_unB sampled, d llike: -1.4431947701208834
FaIR_nonat sampled, d llike: -0.04666869797849982
FaIR_nonat sampled, d llike: 0.004997919996508671
FaIR_nonat_unB sampled, d llike: -0.04768592598931365
FaIR_nonat_unB sampled, d llike: -0.0024163671560279987
FaIR_all sampled, d llike: -1506.17068005336
FaIR_all sampled, d llike: -0.020400281303900147
FaIR_all_unB sampled, d llike: -0.03742833092536069
FaIR_all_unB sampled, d llike: -0.01317993089972802
FaIR_comb_unB sampled, d llike: -0.048923829891755366
FaIR_comb_unB sampled, d llike: -0.19724471492130213
        method_name    method_class c/r  smooth_r  avg_unc.(1se)  #q<0.5  #q<0.1   log-likeli       RMS      bias         tlog-l       100log-l    100RMS     75RMS   100bias            l15       l20    bias50   Edyrs15   Edyrs20   Mdyrs15   Mdyrs20   Fdyrs15   Fdyrs20    EdyrsA   RMSyrsA  ncEdyrs      e100log-l   e100RMS    e75RMS  e100bias           el15           el20   ebias50  eEdyrs15  eEdyrs20  eMdyrs15  eMdyrs20  eFdyrs15  eFdyrs20   eEdyrsA  eRMSyrsA  nceEdyrs
8         offset11y  42/1_Run_Means   c     2.523       0.039589     170      93    -0.369867  0.082047  0.035649     -85.439360     126.721877  0.059669  0.067899 -0.037913   1.382112e+01  0.789803 -0.069181  1.333333  3.000000  1.333333  3.000000  1.333333  3.000000  1.305556  2.088604     24.0     129.077689  0.047441  0.051967 -0.019457   6.900420e+00   3.974406e+00 -0.013329  2.416667  2.166667  2.416667  2.166667  2.416667  2.166667  0.634058  0.634058      23.0
21    FaIR_comb_unB   43/1_ERF_FaIR   c     2.162       0.073248       0       0     1.449348  0.046320 -0.011359     227.547681     125.753910  0.053650  0.058338 -0.013586   5.141480e+00  2.044509 -0.038448 -0.083333  2.916667 -0.083333  2.916667 -0.083333  2.916667  0.548611  1.852488     24.0     130.632143  0.046913  0.049366  0.004870   5.273091e+00   3.022935e+00  0.017404  1.000000  2.083333  1.000000  2.083333  1.000000  2.083333 -0.115942  0.115942      23.0
15   FaIR_nonat_unB   43/1_ERF_FaIR   c     2.267       0.083101       0       0     1.343615  0.050074 -0.011673     216.321981     119.711750  0.053945  0.056644 -0.008770   4.585990e+00  2.526616 -0.038523 -1.583333  2.750000 -1.583333  2.750000 -1.583333  2.750000  0.288194  1.980592     24.0     123.591940  0.046775  0.046330  0.009686   4.928468e+00   3.287592e+00  0.017329 -0.500000  1.916667 -0.500000  1.916667 -0.500000  1.916667 -0.394928  0.394928      23.0
19     FaIR_all_unB   43/1_ERF_FaIR   c     3.464       0.086141       0       0     1.273840  0.057354  0.000343     205.088199     117.482118  0.053514  0.056093 -0.009163   4.217893e+00  2.556089 -0.032232  0.083333  3.000000  0.083333  3.000000  0.083333  3.000000  0.513889  1.796988     24.0     118.606502  0.051176  0.052679  0.009293   4.434329e+00   3.126475e+00  0.023620  1.166667  2.166667  1.166667  2.166667  1.166667  2.166667 -0.144928  0.144928      23.0
11  FaIR_anthro_unB   43/1_ERF_FaIR   c     1.981       0.084374       0       0     1.142792  0.066011 -0.028299     183.989472     115.097585  0.056952  0.060310 -0.009742   4.175239e+00  2.435838 -0.046388 -2.166667  2.666667 -2.166667  2.666667 -2.166667  2.666667  0.354167  2.085416     24.0     121.360525  0.044368  0.042786  0.008713   4.364945e+00   2.930725e+00  0.009464 -1.083333  1.833333 -1.083333  1.833333 -1.083333  1.833333 -0.329710  0.329710      23.0
9       FaIR_anthro   43/1_ERF_FaIR   c     1.973       0.084362       0       0     1.102365  0.070781 -0.033843     177.480711     108.678173  0.066347  0.071903 -0.019578   4.153915e+00  2.127525 -0.067797 -1.833333  2.916667 -1.833333  2.916667 -1.833333  2.916667  0.743056  2.345208     24.0     120.796266  0.046125  0.044552 -0.001122   4.323139e+00   2.589976e+00 -0.011945 -0.750000  2.083333 -0.750000  2.083333 -0.750000  2.083333  0.050725  0.050725      23.0
13       FaIR_nonat   43/1_ERF_FaIR   c     2.260       0.103747       0       0     1.152569  0.057140 -0.018476     185.563560     102.479256  0.062921  0.067312 -0.017302   3.587485e+00  2.274015 -0.059528 -0.166667  3.000000 -0.166667  3.000000 -0.166667  3.000000  0.711806  2.246332     24.0     107.997020  0.047293  0.045695  0.001154   3.926132e+00   2.825495e+00 -0.003676  0.916667  2.166667  0.916667  2.166667  0.916667  2.166667  0.028986  0.028986      23.0
2             raw1y  42/1_Run_Means   c    27.472       0.119832       0       0     0.765297  0.110307 -0.002345     176.783534      67.322069  0.115389  0.115883 -0.001759   1.714672e+00  2.536348  0.000668  2.375000  0.750000  3.833333  2.750000  0.916667 -1.250000  0.062558  1.647669     58.2      56.925606  0.127278  0.129549  0.016697   3.105352e+00   8.551411e-01  0.056520  3.458333 -0.083333  4.916667 -2.083333  2.000000 -2.083333 -0.590519  0.590519      55.2
1             lag5y  42/1_Run_Means   c     5.454       0.048776      70      19     0.931013  0.065959 -0.031707     215.064077      14.351597  0.080090  0.081252 -0.059823   1.411339e-04  1.775954 -0.065596  3.166667  1.166667  3.166667  1.166667  3.166667  1.166667  1.965278  2.337546     27.0      -6.021187  0.075631  0.074644 -0.041367   6.760498e-04   4.950579e+00 -0.009744  4.250000  0.333333  4.250000  0.333333  4.250000  0.333333  1.293478  1.293478      26.0
0            lag10y  42/1_Run_Means   c     2.867       0.040532     152      96    -0.416186  0.095652 -0.067489     -96.139078    -317.163716  0.140088  0.155057 -0.133400   8.826778e-07  0.000937 -0.160381  5.166667  4.750000  5.166667  4.750000  5.166667  4.750000  4.607639  4.717573     24.0    -298.066199  0.122777  0.133102 -0.114944   5.579647e-07   1.725563e-01 -0.104529  6.250000  3.916667  6.250000  3.916667  6.250000  3.916667  3.923913  3.923913      23.0
17         FaIR_all   43/1_ERF_FaIR   c     2.978       0.005567     153     141 -1647.962480  0.065811  0.013075 -265321.959274 -197049.393951  0.074241  0.059938  0.022187  1.570257e-239  0.000000 -0.030864 -3.750000  2.250000 -3.750000  2.250000 -3.750000  2.250000 -0.493056  2.656447     24.0 -167845.409009  0.069107  0.050170  0.040642  2.254890e-169  1.328209e-204  0.024988 -2.666667  1.416667 -2.666667  1.416667 -2.666667  1.416667 -1.224638  1.224638      23.0
6.936726763
finished this run
All processes completed.
