/oscar/data/deeps/private/bfoxkemp/jnickla1/Thorne_15_codefigurestats/fut_evaluation_gen_ensemble.py:20: RuntimeWarning: Mean of empty slice
  return np.nanmean(standards_np,axis=0)
/oscar/data/deeps/private/bfoxkemp/jnickla1/Thorne_15_codefigurestats/fut_evaluation_gen_ensemble.py:20: RuntimeWarning: Mean of empty slice
  return np.nanmean(standards_np,axis=0)
/oscar/data/deeps/private/bfoxkemp/jnickla1/Thorne_15_codefigurestats/Methods/43_Forcing_Based/1_ERF_FaIR/FaIR_all_method.py:53: RuntimeWarning: Mean of empty slice
  samp_mean =  np.nanmean(samp_cur, axis = 1)
/oscar/data/deeps/private/bfoxkemp/jnickla1/Thorne_15_codefigurestats/Methods/43_Forcing_Based/1_ERF_FaIR/FaIR_all_method.py:53: RuntimeWarning: Mean of empty slice
  samp_mean =  np.nanmean(samp_cur, axis = 1)
/oscar/data/deeps/private/bfoxkemp/jnickla1/Thorne_15_codefigurestats/Methods/43_Forcing_Based/1_ERF_FaIR/FaIR_all_unB_method.py:70: RuntimeWarning: Mean of empty slice
  samp_mean =  np.nanmean(samp_cur, axis = 1)
/oscar/data/deeps/private/bfoxkemp/jnickla1/Thorne_15_codefigurestats/Methods/43_Forcing_Based/1_ERF_FaIR/FaIR_all_unB_method.py:70: RuntimeWarning: Mean of empty slice
  samp_mean =  np.nanmean(samp_cur, axis = 1)
/oscar/data/deeps/private/bfoxkemp/jnickla1/Thorne_15_codefigurestats/Methods/43_Forcing_Based/1_ERF_FaIR/FaIR_anthro_method.py:53: RuntimeWarning: Mean of empty slice
  samp_mean =  np.nanmean(samp_cur, axis = 1)
/oscar/data/deeps/private/bfoxkemp/jnickla1/Thorne_15_codefigurestats/Methods/43_Forcing_Based/1_ERF_FaIR/FaIR_anthro_method.py:53: RuntimeWarning: Mean of empty slice
  samp_mean =  np.nanmean(samp_cur, axis = 1)
/oscar/data/deeps/private/bfoxkemp/jnickla1/Thorne_15_codefigurestats/Methods/43_Forcing_Based/1_ERF_FaIR/FaIR_anthro_unB_method.py:70: RuntimeWarning: Mean of empty slice
  samp_mean =  np.nanmean(samp_cur, axis = 1)
/oscar/data/deeps/private/bfoxkemp/jnickla1/Thorne_15_codefigurestats/Methods/43_Forcing_Based/1_ERF_FaIR/FaIR_anthro_unB_method.py:70: RuntimeWarning: Mean of empty slice
  samp_mean =  np.nanmean(samp_cur, axis = 1)
/oscar/data/deeps/private/bfoxkemp/jnickla1/Thorne_15_codefigurestats/Methods/43_Forcing_Based/1_ERF_FaIR/FaIR_comb_unB_method.py:70: RuntimeWarning: Mean of empty slice
  samp_mean =  np.nanmean(samp_cur, axis = 1)
/oscar/data/deeps/private/bfoxkemp/jnickla1/Thorne_15_codefigurestats/Methods/43_Forcing_Based/1_ERF_FaIR/FaIR_comb_unB_method.py:70: RuntimeWarning: Mean of empty slice
  samp_mean =  np.nanmean(samp_cur, axis = 1)
/oscar/data/deeps/private/bfoxkemp/jnickla1/Thorne_15_codefigurestats/Methods/43_Forcing_Based/1_ERF_FaIR/FaIR_comb_unB_method.py:127: RuntimeWarning: Mean of empty slice
  samp_meanAll =  np.nanmean(samp_curAll, axis = 1)
/oscar/data/deeps/private/bfoxkemp/jnickla1/Thorne_15_codefigurestats/Methods/43_Forcing_Based/1_ERF_FaIR/FaIR_comb_unB_method.py:127: RuntimeWarning: Mean of empty slice
  samp_meanAll =  np.nanmean(samp_curAll, axis = 1)
/oscar/data/deeps/private/bfoxkemp/jnickla1/Thorne_15_codefigurestats/Methods/43_Forcing_Based/1_ERF_FaIR/FaIR_nonat_method.py:53: RuntimeWarning: Mean of empty slice
  samp_mean =  np.nanmean(samp_cur, axis = 1)
/oscar/data/deeps/private/bfoxkemp/jnickla1/Thorne_15_codefigurestats/Methods/43_Forcing_Based/1_ERF_FaIR/FaIR_nonat_method.py:53: RuntimeWarning: Mean of empty slice
  samp_mean =  np.nanmean(samp_cur, axis = 1)
/oscar/data/deeps/private/bfoxkemp/jnickla1/Thorne_15_codefigurestats/Methods/43_Forcing_Based/1_ERF_FaIR/FaIR_nonat_unB_method.py:72: RuntimeWarning: Mean of empty slice
  samp_mean =  np.nanmean(samp_cur, axis = 1)
/oscar/data/deeps/private/bfoxkemp/jnickla1/Thorne_15_codefigurestats/Methods/43_Forcing_Based/1_ERF_FaIR/FaIR_nonat_unB_method.py:72: RuntimeWarning: Mean of empty slice
  samp_mean =  np.nanmean(samp_cur, axis = 1)
/oscar/data/deeps/private/bfoxkemp/jnickla1/Thorne_15_codefigurestats/Methods/43_Forcing_Based/1_ERF_FaIR/FaIR_all_method.py:68: RuntimeWarning: Mean of empty slice
  return np.nanmean(samp_cur[year_idx-1850, :], axis = 1)
/oscar/data/deeps/private/bfoxkemp/jnickla1/Thorne_15_codefigurestats/Methods/43_Forcing_Based/1_ERF_FaIR/FaIR_all_method.py:68: RuntimeWarning: Mean of empty slice
  return np.nanmean(samp_cur[year_idx-1850, :], axis = 1)
/users/jnickla1/.conda/envs/cleanpy/lib/python3.13/site-packages/numpy/lib/_nanfunctions_impl.py:2019: RuntimeWarning: Degrees of freedom <= 0 for slice.
  var = nanvar(a, axis=axis, dtype=dtype, out=out, ddof=ddof,
/oscar/data/deeps/private/bfoxkemp/jnickla1/Thorne_15_codefigurestats/Methods/43_Forcing_Based/1_ERF_FaIR/FaIR_all_unB_method.py:90: RuntimeWarning: Mean of empty slice
  return np.nanmean(samp_cur[year_idx-1850, :], axis = 1)
/users/jnickla1/.conda/envs/cleanpy/lib/python3.13/site-packages/numpy/lib/_nanfunctions_impl.py:2019: RuntimeWarning: Degrees of freedom <= 0 for slice.
  var = nanvar(a, axis=axis, dtype=dtype, out=out, ddof=ddof,
/oscar/data/deeps/private/bfoxkemp/jnickla1/Thorne_15_codefigurestats/Methods/43_Forcing_Based/1_ERF_FaIR/FaIR_all_unB_method.py:90: RuntimeWarning: Mean of empty slice
  return np.nanmean(samp_cur[year_idx-1850, :], axis = 1)
/oscar/data/deeps/private/bfoxkemp/jnickla1/Thorne_15_codefigurestats/Methods/43_Forcing_Based/1_ERF_FaIR/FaIR_anthro_method.py:67: RuntimeWarning: Mean of empty slice
  return np.nanmean(samp_cur[year_idx-1850, :], axis = 1)
/oscar/data/deeps/private/bfoxkemp/jnickla1/Thorne_15_codefigurestats/Methods/43_Forcing_Based/1_ERF_FaIR/FaIR_anthro_method.py:67: RuntimeWarning: Mean of empty slice
  return np.nanmean(samp_cur[year_idx-1850, :], axis = 1)
/oscar/data/deeps/private/bfoxkemp/jnickla1/Thorne_15_codefigurestats/Methods/43_Forcing_Based/1_ERF_FaIR/FaIR_anthro_unB_method.py:89: RuntimeWarning: Mean of empty slice
  return np.nanmean(samp_cur[year_idx-1850, :], axis = 1)
/oscar/data/deeps/private/bfoxkemp/jnickla1/Thorne_15_codefigurestats/Methods/43_Forcing_Based/1_ERF_FaIR/FaIR_anthro_unB_method.py:89: RuntimeWarning: Mean of empty slice
  return np.nanmean(samp_cur[year_idx-1850, :], axis = 1)
/oscar/data/deeps/private/bfoxkemp/jnickla1/Thorne_15_codefigurestats/Methods/43_Forcing_Based/1_ERF_FaIR/FaIR_comb_unB_method.py:153: RuntimeWarning: Mean of empty slice
  return np.nanmean(samp_cur[year_idx-1850, :], axis = 1)
/oscar/data/deeps/private/bfoxkemp/jnickla1/Thorne_15_codefigurestats/Methods/43_Forcing_Based/1_ERF_FaIR/FaIR_comb_unB_method.py:153: RuntimeWarning: Mean of empty slice
  return np.nanmean(samp_cur[year_idx-1850, :], axis = 1)
/oscar/data/deeps/private/bfoxkemp/jnickla1/Thorne_15_codefigurestats/Methods/43_Forcing_Based/1_ERF_FaIR/FaIR_nonat_method.py:68: RuntimeWarning: Mean of empty slice
  return np.nanmean(samp_cur[year_idx-1850, :], axis = 1)
/oscar/data/deeps/private/bfoxkemp/jnickla1/Thorne_15_codefigurestats/Methods/43_Forcing_Based/1_ERF_FaIR/FaIR_nonat_method.py:68: RuntimeWarning: Mean of empty slice
  return np.nanmean(samp_cur[year_idx-1850, :], axis = 1)
/oscar/data/deeps/private/bfoxkemp/jnickla1/Thorne_15_codefigurestats/Methods/43_Forcing_Based/1_ERF_FaIR/FaIR_nonat_unB_method.py:92: RuntimeWarning: Mean of empty slice
  return np.nanmean(samp_cur[year_idx-1850, :], axis = 1)
/oscar/data/deeps/private/bfoxkemp/jnickla1/Thorne_15_codefigurestats/Methods/43_Forcing_Based/1_ERF_FaIR/FaIR_nonat_unB_method.py:92: RuntimeWarning: Mean of empty slice
  return np.nanmean(samp_cur[year_idx-1850, :], axis = 1)
/oscar/data/deeps/private/bfoxkemp/jnickla1/Thorne_15_codefigurestats/Methods/43_Forcing_Based/1_ERF_FaIR/FaIR_anthro_method.py:67: RuntimeWarning: Mean of empty slice
  return np.nanmean(samp_cur[year_idx-1850, :], axis = 1)
/oscar/data/deeps/private/bfoxkemp/jnickla1/Thorne_15_codefigurestats/Methods/43_Forcing_Based/1_ERF_FaIR/FaIR_anthro_unB_method.py:89: RuntimeWarning: Mean of empty slice
  return np.nanmean(samp_cur[year_idx-1850, :], axis = 1)
/oscar/data/deeps/private/bfoxkemp/jnickla1/Thorne_15_codefigurestats/Methods/43_Forcing_Based/1_ERF_FaIR/FaIR_nonat_method.py:68: RuntimeWarning: Mean of empty slice
  return np.nanmean(samp_cur[year_idx-1850, :], axis = 1)
/oscar/data/deeps/private/bfoxkemp/jnickla1/Thorne_15_codefigurestats/Methods/43_Forcing_Based/1_ERF_FaIR/FaIR_anthro_method.py:67: RuntimeWarning: Mean of empty slice
  return np.nanmean(samp_cur[year_idx-1850, :], axis = 1)
/oscar/data/deeps/private/bfoxkemp/jnickla1/Thorne_15_codefigurestats/Methods/43_Forcing_Based/1_ERF_FaIR/FaIR_anthro_unB_method.py:89: RuntimeWarning: Mean of empty slice
  return np.nanmean(samp_cur[year_idx-1850, :], axis = 1)
/oscar/data/deeps/private/bfoxkemp/jnickla1/Thorne_15_codefigurestats/Methods/43_Forcing_Based/1_ERF_FaIR/FaIR_nonat_method.py:68: RuntimeWarning: Mean of empty slice
  return np.nanmean(samp_cur[year_idx-1850, :], axis = 1)
/oscar/data/deeps/private/bfoxkemp/jnickla1/Thorne_15_codefigurestats/Methods/43_Forcing_Based/1_ERF_FaIR/FaIR_nonat_unB_method.py:92: RuntimeWarning: Mean of empty slice
  return np.nanmean(samp_cur[year_idx-1850, :], axis = 1)
/oscar/data/deeps/private/bfoxkemp/jnickla1/Thorne_15_codefigurestats/Methods/43_Forcing_Based/1_ERF_FaIR/FaIR_all_method.py:68: RuntimeWarning: Mean of empty slice
  return np.nanmean(samp_cur[year_idx-1850, :], axis = 1)
/oscar/data/deeps/private/bfoxkemp/jnickla1/Thorne_15_codefigurestats/Methods/43_Forcing_Based/1_ERF_FaIR/FaIR_all_unB_method.py:90: RuntimeWarning: Mean of empty slice
  return np.nanmean(samp_cur[year_idx-1850, :], axis = 1)
/oscar/data/deeps/private/bfoxkemp/jnickla1/Thorne_15_codefigurestats/Methods/43_Forcing_Based/1_ERF_FaIR/FaIR_comb_unB_method.py:153: RuntimeWarning: Mean of empty slice
  return np.nanmean(samp_cur[year_idx-1850, :], axis = 1)
/oscar/data/deeps/private/bfoxkemp/jnickla1/Thorne_15_codefigurestats/Methods/43_Forcing_Based/1_ERF_FaIR/FaIR_nonat_unB_method.py:92: RuntimeWarning: Mean of empty slice
  return np.nanmean(samp_cur[year_idx-1850, :], axis = 1)
/oscar/data/deeps/private/bfoxkemp/jnickla1/Thorne_15_codefigurestats/Methods/43_Forcing_Based/1_ERF_FaIR/FaIR_all_method.py:68: RuntimeWarning: Mean of empty slice
  return np.nanmean(samp_cur[year_idx-1850, :], axis = 1)
/oscar/data/deeps/private/bfoxkemp/jnickla1/Thorne_15_codefigurestats/Methods/43_Forcing_Based/1_ERF_FaIR/FaIR_all_unB_method.py:90: RuntimeWarning: Mean of empty slice
  return np.nanmean(samp_cur[year_idx-1850, :], axis = 1)
/oscar/data/deeps/private/bfoxkemp/jnickla1/Thorne_15_codefigurestats/Methods/43_Forcing_Based/1_ERF_FaIR/FaIR_comb_unB_method.py:153: RuntimeWarning: Mean of empty slice
  return np.nanmean(samp_cur[year_idx-1850, :], axis = 1)
/oscar/data/deeps/private/bfoxkemp/jnickla1/Thorne_15_codefigurestats/Methods/43_Forcing_Based/1_ERF_FaIR/FaIR_anthro_method.py:67: RuntimeWarning: Mean of empty slice
  return np.nanmean(samp_cur[year_idx-1850, :], axis = 1)
/users/jnickla1/.conda/envs/cleanpy/lib/python3.13/site-packages/numpy/lib/_nanfunctions_impl.py:2019: RuntimeWarning: Degrees of freedom <= 0 for slice.
  var = nanvar(a, axis=axis, dtype=dtype, out=out, ddof=ddof,
/oscar/data/deeps/private/bfoxkemp/jnickla1/Thorne_15_codefigurestats/Methods/43_Forcing_Based/1_ERF_FaIR/FaIR_anthro_method.py:95: RuntimeWarning: Mean of empty slice
  cdist = np.nanmean(dist)
/oscar/data/deeps/private/bfoxkemp/jnickla1/Thorne_15_codefigurestats/Methods/43_Forcing_Based/1_ERF_FaIR/FaIR_anthro_method.py:67: RuntimeWarning: Mean of empty slice
  return np.nanmean(samp_cur[year_idx-1850, :], axis = 1)
/users/jnickla1/.conda/envs/cleanpy/lib/python3.13/site-packages/numpy/lib/_nanfunctions_impl.py:2019: RuntimeWarning: Degrees of freedom <= 0 for slice.
  var = nanvar(a, axis=axis, dtype=dtype, out=out, ddof=ddof,
/oscar/data/deeps/private/bfoxkemp/jnickla1/Thorne_15_codefigurestats/Methods/43_Forcing_Based/1_ERF_FaIR/FaIR_anthro_method.py:95: RuntimeWarning: Mean of empty slice
  cdist = np.nanmean(dist)
/oscar/data/deeps/private/bfoxkemp/jnickla1/Thorne_15_codefigurestats/fut_evaluation_script.py:427: RuntimeWarning: Mean of empty slice
  evalmean = np.nanmean(diffcross) #if crossing multiple times take the mean
/oscar/data/deeps/private/bfoxkemp/jnickla1/Thorne_15_codefigurestats/fut_evaluation_script.py:464: RuntimeWarning: Mean of empty slice
  evalmean = np.nanmean(diffcrossE) #if crossing multiple times take the mean
/oscar/data/deeps/private/bfoxkemp/jnickla1/Thorne_15_codefigurestats/Methods/43_Forcing_Based/1_ERF_FaIR/FaIR_anthro_unB_method.py:89: RuntimeWarning: Mean of empty slice
  return np.nanmean(samp_cur[year_idx-1850, :], axis = 1)
/users/jnickla1/.conda/envs/cleanpy/lib/python3.13/site-packages/numpy/lib/_nanfunctions_impl.py:2019: RuntimeWarning: Degrees of freedom <= 0 for slice.
  var = nanvar(a, axis=axis, dtype=dtype, out=out, ddof=ddof,
/oscar/data/deeps/private/bfoxkemp/jnickla1/Thorne_15_codefigurestats/Methods/43_Forcing_Based/1_ERF_FaIR/FaIR_anthro_unB_method.py:117: RuntimeWarning: Mean of empty slice
  cdist = np.nanmean(dist)
/oscar/data/deeps/private/bfoxkemp/jnickla1/Thorne_15_codefigurestats/Methods/43_Forcing_Based/1_ERF_FaIR/FaIR_anthro_unB_method.py:89: RuntimeWarning: Mean of empty slice
  return np.nanmean(samp_cur[year_idx-1850, :], axis = 1)
/users/jnickla1/.conda/envs/cleanpy/lib/python3.13/site-packages/numpy/lib/_nanfunctions_impl.py:2019: RuntimeWarning: Degrees of freedom <= 0 for slice.
  var = nanvar(a, axis=axis, dtype=dtype, out=out, ddof=ddof,
/oscar/data/deeps/private/bfoxkemp/jnickla1/Thorne_15_codefigurestats/Methods/43_Forcing_Based/1_ERF_FaIR/FaIR_anthro_unB_method.py:117: RuntimeWarning: Mean of empty slice
  cdist = np.nanmean(dist)
/oscar/data/deeps/private/bfoxkemp/jnickla1/Thorne_15_codefigurestats/Methods/43_Forcing_Based/1_ERF_FaIR/FaIR_nonat_method.py:68: RuntimeWarning: Mean of empty slice
  return np.nanmean(samp_cur[year_idx-1850, :], axis = 1)
/users/jnickla1/.conda/envs/cleanpy/lib/python3.13/site-packages/numpy/lib/_nanfunctions_impl.py:2019: RuntimeWarning: Degrees of freedom <= 0 for slice.
  var = nanvar(a, axis=axis, dtype=dtype, out=out, ddof=ddof,
/oscar/data/deeps/private/bfoxkemp/jnickla1/Thorne_15_codefigurestats/Methods/43_Forcing_Based/1_ERF_FaIR/FaIR_nonat_method.py:96: RuntimeWarning: Mean of empty slice
  cdist = np.nanmean(dist)
/oscar/data/deeps/private/bfoxkemp/jnickla1/Thorne_15_codefigurestats/Methods/43_Forcing_Based/1_ERF_FaIR/FaIR_nonat_method.py:68: RuntimeWarning: Mean of empty slice
  return np.nanmean(samp_cur[year_idx-1850, :], axis = 1)
/users/jnickla1/.conda/envs/cleanpy/lib/python3.13/site-packages/numpy/lib/_nanfunctions_impl.py:2019: RuntimeWarning: Degrees of freedom <= 0 for slice.
  var = nanvar(a, axis=axis, dtype=dtype, out=out, ddof=ddof,
/oscar/data/deeps/private/bfoxkemp/jnickla1/Thorne_15_codefigurestats/Methods/43_Forcing_Based/1_ERF_FaIR/FaIR_nonat_method.py:96: RuntimeWarning: Mean of empty slice
  cdist = np.nanmean(dist)
/oscar/data/deeps/private/bfoxkemp/jnickla1/Thorne_15_codefigurestats/fut_evaluation_script.py:427: RuntimeWarning: Mean of empty slice
  evalmean = np.nanmean(diffcross) #if crossing multiple times take the mean
/oscar/data/deeps/private/bfoxkemp/jnickla1/Thorne_15_codefigurestats/fut_evaluation_script.py:464: RuntimeWarning: Mean of empty slice
  evalmean = np.nanmean(diffcrossE) #if crossing multiple times take the mean
/oscar/data/deeps/private/bfoxkemp/jnickla1/Thorne_15_codefigurestats/Methods/43_Forcing_Based/1_ERF_FaIR/FaIR_nonat_unB_method.py:92: RuntimeWarning: Mean of empty slice
  return np.nanmean(samp_cur[year_idx-1850, :], axis = 1)
/users/jnickla1/.conda/envs/cleanpy/lib/python3.13/site-packages/numpy/lib/_nanfunctions_impl.py:2019: RuntimeWarning: Degrees of freedom <= 0 for slice.
  var = nanvar(a, axis=axis, dtype=dtype, out=out, ddof=ddof,
/oscar/data/deeps/private/bfoxkemp/jnickla1/Thorne_15_codefigurestats/Methods/43_Forcing_Based/1_ERF_FaIR/FaIR_nonat_unB_method.py:120: RuntimeWarning: Mean of empty slice
  cdist = np.nanmean(dist)
/oscar/data/deeps/private/bfoxkemp/jnickla1/Thorne_15_codefigurestats/Methods/43_Forcing_Based/1_ERF_FaIR/FaIR_nonat_unB_method.py:92: RuntimeWarning: Mean of empty slice
  return np.nanmean(samp_cur[year_idx-1850, :], axis = 1)
/users/jnickla1/.conda/envs/cleanpy/lib/python3.13/site-packages/numpy/lib/_nanfunctions_impl.py:2019: RuntimeWarning: Degrees of freedom <= 0 for slice.
  var = nanvar(a, axis=axis, dtype=dtype, out=out, ddof=ddof,
/oscar/data/deeps/private/bfoxkemp/jnickla1/Thorne_15_codefigurestats/Methods/43_Forcing_Based/1_ERF_FaIR/FaIR_nonat_unB_method.py:120: RuntimeWarning: Mean of empty slice
  cdist = np.nanmean(dist)
/oscar/data/deeps/private/bfoxkemp/jnickla1/Thorne_15_codefigurestats/Methods/43_Forcing_Based/1_ERF_FaIR/FaIR_all_method.py:68: RuntimeWarning: Mean of empty slice
  return np.nanmean(samp_cur[year_idx-1850, :], axis = 1)
/users/jnickla1/.conda/envs/cleanpy/lib/python3.13/site-packages/numpy/lib/_nanfunctions_impl.py:2019: RuntimeWarning: Degrees of freedom <= 0 for slice.
  var = nanvar(a, axis=axis, dtype=dtype, out=out, ddof=ddof,
/oscar/data/deeps/private/bfoxkemp/jnickla1/Thorne_15_codefigurestats/Methods/43_Forcing_Based/1_ERF_FaIR/FaIR_all_method.py:96: RuntimeWarning: Mean of empty slice
  cdist = np.nanmean(dist)
/oscar/data/deeps/private/bfoxkemp/jnickla1/Thorne_15_codefigurestats/Methods/43_Forcing_Based/1_ERF_FaIR/FaIR_all_method.py:68: RuntimeWarning: Mean of empty slice
  return np.nanmean(samp_cur[year_idx-1850, :], axis = 1)
/users/jnickla1/.conda/envs/cleanpy/lib/python3.13/site-packages/numpy/lib/_nanfunctions_impl.py:2019: RuntimeWarning: Degrees of freedom <= 0 for slice.
  var = nanvar(a, axis=axis, dtype=dtype, out=out, ddof=ddof,
/oscar/data/deeps/private/bfoxkemp/jnickla1/Thorne_15_codefigurestats/Methods/43_Forcing_Based/1_ERF_FaIR/FaIR_all_method.py:96: RuntimeWarning: Mean of empty slice
  cdist = np.nanmean(dist)
/oscar/data/deeps/private/bfoxkemp/jnickla1/Thorne_15_codefigurestats/fut_evaluation_script.py:427: RuntimeWarning: Mean of empty slice
  evalmean = np.nanmean(diffcross) #if crossing multiple times take the mean
/oscar/data/deeps/private/bfoxkemp/jnickla1/Thorne_15_codefigurestats/fut_evaluation_script.py:427: RuntimeWarning: Mean of empty slice
  evalmean = np.nanmean(diffcross) #if crossing multiple times take the mean
/oscar/data/deeps/private/bfoxkemp/jnickla1/Thorne_15_codefigurestats/fut_evaluation_script.py:464: RuntimeWarning: Mean of empty slice
  evalmean = np.nanmean(diffcrossE) #if crossing multiple times take the mean
/oscar/data/deeps/private/bfoxkemp/jnickla1/Thorne_15_codefigurestats/fut_evaluation_script.py:464: RuntimeWarning: Mean of empty slice
  evalmean = np.nanmean(diffcrossE) #if crossing multiple times take the mean
/oscar/data/deeps/private/bfoxkemp/jnickla1/Thorne_15_codefigurestats/Methods/43_Forcing_Based/1_ERF_FaIR/FaIR_all_unB_method.py:90: RuntimeWarning: Mean of empty slice
  return np.nanmean(samp_cur[year_idx-1850, :], axis = 1)
/users/jnickla1/.conda/envs/cleanpy/lib/python3.13/site-packages/numpy/lib/_nanfunctions_impl.py:2019: RuntimeWarning: Degrees of freedom <= 0 for slice.
  var = nanvar(a, axis=axis, dtype=dtype, out=out, ddof=ddof,
/oscar/data/deeps/private/bfoxkemp/jnickla1/Thorne_15_codefigurestats/Methods/43_Forcing_Based/1_ERF_FaIR/FaIR_all_unB_method.py:118: RuntimeWarning: Mean of empty slice
  cdist = np.nanmean(dist)
/oscar/data/deeps/private/bfoxkemp/jnickla1/Thorne_15_codefigurestats/Methods/43_Forcing_Based/1_ERF_FaIR/FaIR_all_unB_method.py:90: RuntimeWarning: Mean of empty slice
  return np.nanmean(samp_cur[year_idx-1850, :], axis = 1)
/users/jnickla1/.conda/envs/cleanpy/lib/python3.13/site-packages/numpy/lib/_nanfunctions_impl.py:2019: RuntimeWarning: Degrees of freedom <= 0 for slice.
  var = nanvar(a, axis=axis, dtype=dtype, out=out, ddof=ddof,
/oscar/data/deeps/private/bfoxkemp/jnickla1/Thorne_15_codefigurestats/Methods/43_Forcing_Based/1_ERF_FaIR/FaIR_all_unB_method.py:118: RuntimeWarning: Mean of empty slice
  cdist = np.nanmean(dist)
/oscar/data/deeps/private/bfoxkemp/jnickla1/Thorne_15_codefigurestats/Methods/43_Forcing_Based/1_ERF_FaIR/FaIR_comb_unB_method.py:153: RuntimeWarning: Mean of empty slice
  return np.nanmean(samp_cur[year_idx-1850, :], axis = 1)
/users/jnickla1/.conda/envs/cleanpy/lib/python3.13/site-packages/numpy/lib/_nanfunctions_impl.py:2019: RuntimeWarning: Degrees of freedom <= 0 for slice.
  var = nanvar(a, axis=axis, dtype=dtype, out=out, ddof=ddof,
/oscar/data/deeps/private/bfoxkemp/jnickla1/Thorne_15_codefigurestats/Methods/43_Forcing_Based/1_ERF_FaIR/FaIR_comb_unB_method.py:181: RuntimeWarning: Mean of empty slice
  cdist = np.nanmean(dist)
/oscar/data/deeps/private/bfoxkemp/jnickla1/Thorne_15_codefigurestats/Methods/43_Forcing_Based/1_ERF_FaIR/FaIR_comb_unB_method.py:153: RuntimeWarning: Mean of empty slice
  return np.nanmean(samp_cur[year_idx-1850, :], axis = 1)
/users/jnickla1/.conda/envs/cleanpy/lib/python3.13/site-packages/numpy/lib/_nanfunctions_impl.py:2019: RuntimeWarning: Degrees of freedom <= 0 for slice.
  var = nanvar(a, axis=axis, dtype=dtype, out=out, ddof=ddof,
/oscar/data/deeps/private/bfoxkemp/jnickla1/Thorne_15_codefigurestats/Methods/43_Forcing_Based/1_ERF_FaIR/FaIR_comb_unB_method.py:181: RuntimeWarning: Mean of empty slice
  cdist = np.nanmean(dist)
starting computation for fut_NorESM_RCP45_Volc
max_runs59
Model number:
58




Methods/42_Temp_Alone/1_Run_Means/cent10y_method.py
Methods/42_Temp_Alone/1_Run_Means/cent20y_method.py
Methods/42_Temp_Alone/1_Run_Means/cent21y_method.py
Methods/42_Temp_Alone/1_Run_Means/cent30y_method.py
Methods/42_Temp_Alone/1_Run_Means/lag10y_method.py
Methods/42_Temp_Alone/1_Run_Means/lag5y_method.py
Methods/42_Temp_Alone/1_Run_Means/offset11y_method.py
Methods/42_Temp_Alone/1_Run_Means/raw1y_method.py
Methods/43_Forcing_Based/1_ERF_FaIR/FaIR_all_method.py
Methods/43_Forcing_Based/1_ERF_FaIR/FaIR_all_unB_method.py
Methods/43_Forcing_Based/1_ERF_FaIR/FaIR_anthro_method.py
Methods/43_Forcing_Based/1_ERF_FaIR/FaIR_anthro_unB_method.py
Methods/43_Forcing_Based/1_ERF_FaIR/FaIR_comb_unB_method.py
Methods/43_Forcing_Based/1_ERF_FaIR/FaIR_nonat_method.py
Methods/43_Forcing_Based/1_ERF_FaIR/FaIR_nonat_unB_method.py
evaluating 13 of 0.1째C thresholds, starting at 1.1째C
11
FaIR_anthro sampled, d llike: -0.007855472544517572
FaIR_anthro sampled, d llike: -56.49552085070112
FaIR_anthro_unB sampled, d llike: -0.019730607631124997
FaIR_anthro_unB sampled, d llike: -57.28224327285099
FaIR_nonat sampled, d llike: 0.060137088144533335
FaIR_nonat sampled, d llike: 0.0987978630665392
FaIR_nonat_unB sampled, d llike: 0.053163607852655725
FaIR_nonat_unB sampled, d llike: 0.05828483538869182
FaIR_all sampled, d llike: -11509.384638290212
FaIR_all sampled, d llike: 0.09739254953122495
FaIR_all_unB sampled, d llike: -0.6369357551762853
FaIR_all_unB sampled, d llike: 0.034379997259327756
FaIR_comb_unB sampled, d llike: -0.11420669851965623
FaIR_comb_unB sampled, d llike: 0.07357405900576008
        method_name    method_class c/r  smooth_r  avg_unc.(1se)  #q<0.5  #q<0.1    log-likeli       RMS      bias        tlog-l       100log-l    100RMS     75RMS   100bias       l15           l20    bias50   Edyrs15    Edyrs20   Mdyrs15    Mdyrs20   Fdyrs15   Fdyrs20    EdyrsA    RMSyrsA  ncEdyrs      e100log-l   e100RMS    e75RMS  e100bias       el15      el20   ebias50  eEdyrs15   eEdyrs20  eMdyrs15   eMdyrs20  eFdyrs15  eFdyrs20   eEdyrsA  eRMSyrsA  nceEdyrs
8         offset11y  42/1_Run_Means   c     2.759       0.033606     143     104     -0.427265  0.083233  0.062617 -9.827103e+01     146.077010  0.049757  0.057266  0.023763  9.521556  1.027358e+01  0.046746  1.416667  -1.250000  1.416667  -1.250000  1.416667 -1.250000 -1.471154   2.962844     14.0      -6.831472  0.061834  0.064485  0.034723  10.080398  1.750950  0.025152  0.416667  -4.583333  0.416667  -4.583333  0.416667 -4.583333 -1.907051  1.907051      14.0
21    FaIR_comb_unB   43/1_ERF_FaIR   c     3.437       0.079674      66       0     -0.158347  0.135525 -0.072444 -2.470216e+01     124.607161  0.045111  0.044195  0.017877  3.683546  4.292866e+00 -0.004765 -3.583333   1.583333 -3.583333   1.583333 -3.583333  1.583333 -1.012821   2.450798     15.0      98.074894  0.078651  0.082149  0.028837   2.579200  3.857668 -0.026359 -4.583333  -1.750000 -4.583333  -1.750000 -4.583333 -1.750000 -1.448718  1.448718      15.0
15   FaIR_nonat_unB   43/1_ERF_FaIR   c     2.808       0.090972      70       0      0.353598  0.132874 -0.076536  5.657568e+01     116.407589  0.043320  0.041768  0.012053  3.308402  3.441057e+00 -0.018304 -3.583333   3.583333 -3.583333   3.583333 -3.583333  3.583333 -0.721154   2.656858     14.0     100.163591  0.072605  0.071513  0.023013   3.022483  3.749096 -0.039898 -4.583333   0.250000 -4.583333   0.250000 -4.583333  0.250000 -1.157051  1.157051      14.0
11  FaIR_anthro_unB   43/1_ERF_FaIR   c     2.185       0.096287      70       0     -0.361414  0.151682 -0.085161 -5.782619e+01     108.661990  0.048145  0.045675  0.019407  2.992621  3.674653e+00 -0.010793 -4.500000   3.000000 -4.500000   3.000000 -4.500000  3.000000 -1.211538   2.883326     13.0      93.800117  0.076480  0.074748  0.030367   2.759266  3.742691 -0.032387 -5.500000  -0.333333 -5.500000  -0.333333 -5.500000 -0.333333 -1.647436  1.647436      13.0
19     FaIR_all_unB   43/1_ERF_FaIR   c     6.056       0.092800      75      13     -0.765973  0.155437 -0.069920 -1.225556e+02      93.575282  0.083688  0.090141  0.028069  2.871567  3.359209e+00 -0.013675 -4.500000  10.805556 -4.500000  19.166667 -4.500000 -2.000000 -1.145299   5.354004     20.0      63.350851  0.120101  0.129785  0.039030   2.142774  3.034189 -0.035269 -5.500000   7.472222 -5.500000  15.833333 -5.500000 -5.333333 -1.581197  1.581197      20.0
2             raw1y  42/1_Run_Means   c    32.393       0.110451       1       0      0.858145  0.101165 -0.000561  1.973735e+02      81.692135  0.097412  0.105753  0.004025  2.437838  2.548569e+00 -0.001381 -1.527778  10.145833 -4.916667  19.583333 -4.916667  0.250000 -0.850214   5.860179     39.3      64.089273  0.116559  0.126118  0.014986   1.191681  3.883764 -0.022975 -2.527778   6.812500 -5.916667  16.250000 -5.916667 -3.083333 -1.286111  1.286111      39.3
9       FaIR_anthro   43/1_ERF_FaIR   c     1.851       0.096290      97      20     -0.533550  0.163547 -0.144951 -8.536800e+01      78.856482  0.094699  0.086791 -0.086895  3.210413  1.703340e+00 -0.092048  2.083333   8.750000  2.083333   8.750000  2.083333  8.750000  4.993590   5.777249     13.0      86.957552  0.092123  0.096541 -0.075934   3.502654  2.550316 -0.113642  1.083333   5.416667  1.083333   5.416667  1.083333  5.416667  4.557692  4.557692      13.0
13       FaIR_nonat   43/1_ERF_FaIR   c     2.428       0.113562      89       0      0.314595  0.154249 -0.139720  5.033522e+01      76.762445  0.097488  0.093569 -0.091450  2.815255  1.902766e+00 -0.098909  2.416667   9.250000  2.416667   9.250000  2.416667  9.250000  5.326923   6.074722     13.0      80.920283  0.095345  0.102661 -0.080489   3.042100  2.516467 -0.120503  1.416667   5.916667  1.416667   5.916667  1.416667  5.916667  4.891026  4.891026      13.0
1             lag5y  42/1_Run_Means   c     5.974       0.040259     104      55     -0.078350  0.063056 -0.019500 -1.802051e+01    -133.559322  0.066216  0.073613 -0.032976  3.239524  9.023441e-10 -0.024951  2.750000  12.333333  2.750000  20.250000  2.750000  4.416667  2.128205   4.380537     18.0    -268.751344  0.080336  0.092809 -0.022015   0.187656  3.784581 -0.046545  1.750000   9.000000  1.750000  16.916667  1.750000  1.083333  1.692308  1.692308      18.0
0            lag10y  42/1_Run_Means   c     2.810       0.034407     154      96     -0.537904  0.067423 -0.042788 -1.237178e+02    -278.317847  0.088799  0.089775 -0.077457  0.119401  2.876060e-15 -0.056433  3.750000   5.500000  3.750000   5.500000  3.750000  5.500000  4.483974   4.556287     14.0     -65.402186  0.085928  0.095705 -0.066497   0.137647  0.002865 -0.078027  2.750000   2.166667  2.750000   2.166667  2.750000  2.166667  4.048077  4.048077      14.0
17         FaIR_all   43/1_ERF_FaIR   c     5.449       0.005586     160     160 -12572.658015  0.181440 -0.155232 -2.011625e+06 -868936.996067  0.165225  0.174663 -0.144673  0.000000  0.000000e+00 -0.188577  2.666667  16.041667  2.666667  23.083333  2.666667  9.000000  9.653846  12.075362     16.0 -923666.957896  0.176294  0.197230 -0.133713   0.000000  0.000000 -0.210172  1.666667  12.708333  1.666667  19.750000  1.666667  5.666667  9.788462  9.788462      16.0
4.419060235
finished this run
starting computation for fut_NorESM_RCP45_VolcConst
max_runs59
Model number:
58




Methods/42_Temp_Alone/1_Run_Means/cent10y_method.py
Methods/42_Temp_Alone/1_Run_Means/cent20y_method.py
Methods/42_Temp_Alone/1_Run_Means/cent21y_method.py
Methods/42_Temp_Alone/1_Run_Means/cent30y_method.py
Methods/42_Temp_Alone/1_Run_Means/lag10y_method.py
Methods/42_Temp_Alone/1_Run_Means/lag5y_method.py
Methods/42_Temp_Alone/1_Run_Means/offset11y_method.py
Methods/42_Temp_Alone/1_Run_Means/raw1y_method.py
Methods/43_Forcing_Based/1_ERF_FaIR/FaIR_all_method.py
Methods/43_Forcing_Based/1_ERF_FaIR/FaIR_all_unB_method.py
Methods/43_Forcing_Based/1_ERF_FaIR/FaIR_anthro_method.py
Methods/43_Forcing_Based/1_ERF_FaIR/FaIR_anthro_unB_method.py
Methods/43_Forcing_Based/1_ERF_FaIR/FaIR_comb_unB_method.py
Methods/43_Forcing_Based/1_ERF_FaIR/FaIR_nonat_method.py
Methods/43_Forcing_Based/1_ERF_FaIR/FaIR_nonat_unB_method.py
evaluating 13 of 0.1째C thresholds, starting at 1.1째C
11
FaIR_anthro sampled, d llike: -0.1775801336096654
FaIR_anthro sampled, d llike: -59.91203922067348
FaIR_anthro_unB sampled, d llike: -0.13422586760999128
FaIR_anthro_unB sampled, d llike: -58.72043226740816
FaIR_nonat sampled, d llike: 0.03919558478038926
FaIR_nonat sampled, d llike: 0.11961458654594864
FaIR_nonat_unB sampled, d llike: 0.047073961279366305
FaIR_nonat_unB sampled, d llike: 0.07413612189097178
FaIR_all sampled, d llike: -11423.62825565764
FaIR_all sampled, d llike: 0.100528941585657
FaIR_all_unB sampled, d llike: -0.854579261673864
FaIR_all_unB sampled, d llike: 0.02951302599196326
FaIR_comb_unB sampled, d llike: -0.06719929586268669
FaIR_comb_unB sampled, d llike: 0.16768088517741175
        method_name    method_class c/r  smooth_r  avg_unc.(1se)  #q<0.5  #q<0.1    log-likeli       RMS      bias        tlog-l       100log-l    100RMS     75RMS   100bias       l15       l20    bias50   Edyrs15    Edyrs20   Mdyrs15    Mdyrs20   Fdyrs15    Fdyrs20     EdyrsA    RMSyrsA  ncEdyrs     e100log-l   e100RMS    e75RMS  e100bias       el15      el20   ebias50  eEdyrs15      eEdyrs20  eMdyrs15      eMdyrs20  eFdyrs15      eFdyrs20    eEdyrsA   eRMSyrsA  nceEdyrs
21    FaIR_comb_unB   43/1_ERF_FaIR   c     2.941       0.081190      66       0     -0.085572  0.132973 -0.074383 -1.334921e+01     130.991528  0.028017  0.029492  0.014752  4.290429  4.525570  0.014293 -0.500000  -1.333333 -0.500000  -1.333333 -0.500000  -1.333333  -1.195513   1.672626       15  1.314013e+02  0.028191  0.028579  0.002360   3.497405  4.241950 -0.011517 -2.166667 -1.666667e-01 -2.166667 -1.666667e-01 -2.166667 -1.666667e-01  -0.464744   0.464744        15
8         offset11y  42/1_Run_Means   c     2.797       0.032524     183     119     -0.524524  0.081780  0.063325 -1.206404e+02     123.294406  0.043201  0.046670  0.025349  9.230440  6.911098  0.040184 -0.416667  -1.583333 -0.416667  -1.583333 -0.416667  -1.583333  -1.435897   2.927909       13  1.702970e+02  0.034238  0.037744  0.012957   1.466760  9.536399  0.014374 -2.083333 -4.166667e-01 -2.083333 -4.166667e-01 -2.083333 -4.166667e-01  -0.705128   0.705128        13
15   FaIR_nonat_unB   43/1_ERF_FaIR   c     2.902       0.092752      70       0      0.365710  0.130141 -0.074647  5.851354e+01     120.140572  0.027863  0.028366  0.015325  3.758003  3.927587  0.004103 -1.166667  -0.500000 -1.166667  -0.500000 -1.166667  -0.500000  -1.000000   1.648620       14  1.195662e+02  0.031720  0.034486  0.002933   3.073854  3.885487 -0.021707 -2.833333  6.666667e-01 -2.833333  6.666667e-01 -2.833333  6.666667e-01  -0.269231   0.269231        14
19     FaIR_all_unB   43/1_ERF_FaIR   c     4.027       0.093805      63       7     -0.854952  0.144570 -0.077424 -1.367924e+02     118.099318  0.029188  0.030221  0.015276  3.666181  3.588306  0.003182 -0.583333  -1.750000 -0.583333  -1.750000 -0.583333  -1.750000  -0.935897   1.732051       13  1.169267e+02  0.034954  0.038094  0.002884   2.976988  3.665762 -0.022628 -2.250000 -5.833333e-01 -2.250000 -5.833333e-01 -2.250000 -5.833333e-01  -0.205128   0.205128        13
11  FaIR_anthro_unB   43/1_ERF_FaIR   c     2.256       0.098006      70      46     -0.505874  0.149819 -0.080075 -8.093992e+01     110.434690  0.038884  0.040222  0.028134  3.370173  3.204679  0.020096 -1.416667  -1.166667 -1.416667  -1.166667 -1.416667  -1.166667  -1.967949   2.477355       13  1.112225e+02  0.037606  0.039235  0.015742   2.827897  3.471675 -0.005714 -3.083333  1.673470e-10 -3.083333  1.673470e-10 -3.083333  1.673470e-10  -1.237179   1.237179        13
2             raw1y  42/1_Run_Means   c    33.602       0.105987       0       0      0.911297  0.096304 -0.000856  2.095984e+02      93.300655  0.084107  0.083266  0.003047  2.309420  3.671245 -0.001548 -3.000000   1.277778 -3.000000   5.083333 -3.000000  -2.416667  -1.427961   2.544432       36  8.802791e+01  0.090491  0.092217 -0.009344   4.088098  0.455590 -0.027359 -4.666667  2.444444e+00 -4.666667  6.250000e+00 -4.666667 -1.250000e+00  -0.697192   0.697192        36
9       FaIR_anthro   43/1_ERF_FaIR   c     2.016       0.097978      74      46     -0.689592  0.159844 -0.139860 -1.103347e+02      87.266710  0.083699  0.086647 -0.078096  2.558724  2.261025 -0.101698  2.916667   7.250000  2.916667   7.250000  2.916667   7.250000   6.192308   8.878994       12  7.598711e+01  0.099482  0.104105 -0.090488   2.880837  2.019773 -0.127508  1.250000  8.416667e+00  1.250000  8.416667e+00  1.250000  8.416667e+00   6.602564   6.602564        12
13       FaIR_nonat   43/1_ERF_FaIR   c     2.608       0.115808      69       0      0.310112  0.152066 -0.137867  4.961793e+01      78.300253  0.092020  0.095640 -0.088161  2.542262  2.338436 -0.109111  3.416667   8.000000  3.416667   8.000000  3.416667   8.000000   6.865385   9.158592       12  7.030532e+01  0.107163  0.112302 -0.100552   2.788560  2.016259 -0.134921  1.750000  9.166667e+00  1.750000  9.166667e+00  1.750000  9.166667e+00   7.275641   7.275641        12
1             lag5y  42/1_Run_Means   c     6.406       0.039715      97      47      0.731140  0.058436 -0.019272  1.681622e+02      50.752625  0.054707  0.045754 -0.032617  9.533476  5.559296 -0.028241 -0.416667  -1.583333 -0.416667  -1.583333 -0.416667  -1.583333   1.958333   2.654243       16 -5.338784e+01  0.067395  0.063614 -0.045009   0.654127  8.317066 -0.054052 -2.083333 -4.166667e-01 -2.083333 -4.166667e-01 -2.083333 -4.166667e-01   2.689103   2.689103        16
0            lag10y  42/1_Run_Means   c     2.959       0.033395     155      72     -0.213804  0.064446 -0.042091 -4.917503e+01    -209.552744  0.083261  0.078316 -0.075900  1.603780  3.082582 -0.062572  2.500000   2.166667  2.500000   2.166667  2.500000   2.166667   4.243590   4.393444       13 -3.706075e+02  0.094366  0.090433 -0.088291  10.585661  0.957190 -0.088382  0.833333  3.333333e+00  0.833333  3.333333e+00  0.833333  3.333333e+00   4.974359   4.974359        13
17         FaIR_all   43/1_ERF_FaIR   c     3.556       0.005583     160     160 -12461.105456  0.179514 -0.162664 -1.993777e+06 -840992.491742  0.160369  0.165408 -0.157427  0.000000  0.000000 -0.181644  7.250000  13.083333  7.250000  14.000000  7.250000  12.166667  11.500000  13.667956       12 -1.000160e+06  0.175062  0.181271 -0.169819   0.000000  0.000000 -0.207454  5.583333  1.425000e+01  5.583333  1.516667e+01  5.583333  1.333333e+01  11.673077  11.673077        12
4.4312494540000005
finished this run
All processes completed.
