/oscar/data/deeps/private/bfoxkemp/jnickla1/Thorne_15_codefigurestats/fut_evaluation_gen_ensemble.py:20: RuntimeWarning: Mean of empty slice
  return np.nanmean(standards_np,axis=0)
/oscar/data/deeps/private/bfoxkemp/jnickla1/Thorne_15_codefigurestats/fut_evaluation_gen_ensemble.py:20: RuntimeWarning: Mean of empty slice
  return np.nanmean(standards_np,axis=0)
/oscar/data/deeps/private/bfoxkemp/jnickla1/Thorne_15_codefigurestats/fut_evaluation_gen_ensemble.py:20: RuntimeWarning: Mean of empty slice
  return np.nanmean(standards_np,axis=0)
/oscar/data/deeps/private/bfoxkemp/jnickla1/Thorne_15_codefigurestats/fut_evaluation_gen_ensemble.py:20: RuntimeWarning: Mean of empty slice
  return np.nanmean(standards_np,axis=0)
/oscar/data/deeps/private/bfoxkemp/jnickla1/Thorne_15_codefigurestats/fut_evaluation_gen_ensemble.py:20: RuntimeWarning: Mean of empty slice
  return np.nanmean(standards_np,axis=0)
/oscar/data/deeps/private/bfoxkemp/jnickla1/Thorne_15_codefigurestats/Methods/43_Forcing_Based/1_ERF_FaIR/FaIR_all_method.py:53: RuntimeWarning: Mean of empty slice
  samp_mean =  np.nanmean(samp_cur, axis = 1)
/oscar/data/deeps/private/bfoxkemp/jnickla1/Thorne_15_codefigurestats/Methods/43_Forcing_Based/1_ERF_FaIR/FaIR_all_unB_method.py:70: RuntimeWarning: Mean of empty slice
  samp_mean =  np.nanmean(samp_cur, axis = 1)
/oscar/data/deeps/private/bfoxkemp/jnickla1/Thorne_15_codefigurestats/Methods/43_Forcing_Based/1_ERF_FaIR/FaIR_all_method.py:53: RuntimeWarning: Mean of empty slice
  samp_mean =  np.nanmean(samp_cur, axis = 1)
/oscar/data/deeps/private/bfoxkemp/jnickla1/Thorne_15_codefigurestats/Methods/43_Forcing_Based/1_ERF_FaIR/FaIR_anthro_method.py:53: RuntimeWarning: Mean of empty slice
  samp_mean =  np.nanmean(samp_cur, axis = 1)
/oscar/data/deeps/private/bfoxkemp/jnickla1/Thorne_15_codefigurestats/Methods/43_Forcing_Based/1_ERF_FaIR/FaIR_all_unB_method.py:70: RuntimeWarning: Mean of empty slice
  samp_mean =  np.nanmean(samp_cur, axis = 1)
/oscar/data/deeps/private/bfoxkemp/jnickla1/Thorne_15_codefigurestats/Methods/43_Forcing_Based/1_ERF_FaIR/FaIR_anthro_unB_method.py:70: RuntimeWarning: Mean of empty slice
  samp_mean =  np.nanmean(samp_cur, axis = 1)
/oscar/data/deeps/private/bfoxkemp/jnickla1/Thorne_15_codefigurestats/Methods/43_Forcing_Based/1_ERF_FaIR/FaIR_anthro_method.py:53: RuntimeWarning: Mean of empty slice
  samp_mean =  np.nanmean(samp_cur, axis = 1)
/oscar/data/deeps/private/bfoxkemp/jnickla1/Thorne_15_codefigurestats/Methods/43_Forcing_Based/1_ERF_FaIR/FaIR_comb_unB_method.py:70: RuntimeWarning: Mean of empty slice
  samp_mean =  np.nanmean(samp_cur, axis = 1)
/oscar/data/deeps/private/bfoxkemp/jnickla1/Thorne_15_codefigurestats/Methods/43_Forcing_Based/1_ERF_FaIR/FaIR_anthro_unB_method.py:70: RuntimeWarning: Mean of empty slice
  samp_mean =  np.nanmean(samp_cur, axis = 1)
/oscar/data/deeps/private/bfoxkemp/jnickla1/Thorne_15_codefigurestats/Methods/43_Forcing_Based/1_ERF_FaIR/FaIR_comb_unB_method.py:126: RuntimeWarning: Mean of empty slice
  samp_meanAll =  np.nanmean(samp_curAll, axis = 1)
/oscar/data/deeps/private/bfoxkemp/jnickla1/Thorne_15_codefigurestats/Methods/43_Forcing_Based/1_ERF_FaIR/FaIR_comb_unB_method.py:70: RuntimeWarning: Mean of empty slice
  samp_mean =  np.nanmean(samp_cur, axis = 1)
/oscar/data/deeps/private/bfoxkemp/jnickla1/Thorne_15_codefigurestats/Methods/43_Forcing_Based/1_ERF_FaIR/FaIR_comb_unB_method.py:126: RuntimeWarning: Mean of empty slice
  samp_meanAll =  np.nanmean(samp_curAll, axis = 1)
/oscar/data/deeps/private/bfoxkemp/jnickla1/Thorne_15_codefigurestats/Methods/43_Forcing_Based/1_ERF_FaIR/FaIR_nonat_method.py:53: RuntimeWarning: Mean of empty slice
  samp_mean =  np.nanmean(samp_cur, axis = 1)
/oscar/data/deeps/private/bfoxkemp/jnickla1/Thorne_15_codefigurestats/Methods/43_Forcing_Based/1_ERF_FaIR/FaIR_nonat_unB_method.py:72: RuntimeWarning: Mean of empty slice
  samp_mean =  np.nanmean(samp_cur, axis = 1)
/oscar/data/deeps/private/bfoxkemp/jnickla1/Thorne_15_codefigurestats/Methods/43_Forcing_Based/1_ERF_FaIR/FaIR_nonat_method.py:53: RuntimeWarning: Mean of empty slice
  samp_mean =  np.nanmean(samp_cur, axis = 1)
/oscar/data/deeps/private/bfoxkemp/jnickla1/Thorne_15_codefigurestats/Methods/43_Forcing_Based/1_ERF_FaIR/FaIR_all_method.py:71: RuntimeWarning: Mean of empty slice
  return np.nanmean(samp_cur[year_idx-1850, :], axis = 1)
/users/jnickla1/.conda/envs/cleanpy/lib/python3.13/site-packages/numpy/lib/_nanfunctions_impl.py:2019: RuntimeWarning: Degrees of freedom <= 0 for slice.
  var = nanvar(a, axis=axis, dtype=dtype, out=out, ddof=ddof,
/oscar/data/deeps/private/bfoxkemp/jnickla1/Thorne_15_codefigurestats/Methods/43_Forcing_Based/1_ERF_FaIR/FaIR_all_unB_method.py:95: RuntimeWarning: Mean of empty slice
  return np.nanmean(samp_cur[year_idx-1850, :], axis = 1)
/oscar/data/deeps/private/bfoxkemp/jnickla1/Thorne_15_codefigurestats/Methods/43_Forcing_Based/1_ERF_FaIR/FaIR_nonat_unB_method.py:72: RuntimeWarning: Mean of empty slice
  samp_mean =  np.nanmean(samp_cur, axis = 1)
/oscar/data/deeps/private/bfoxkemp/jnickla1/Thorne_15_codefigurestats/Methods/43_Forcing_Based/1_ERF_FaIR/FaIR_anthro_method.py:71: RuntimeWarning: Mean of empty slice
  return np.nanmean(samp_cur[year_idx-1850, :], axis = 1)
/oscar/data/deeps/private/bfoxkemp/jnickla1/Thorne_15_codefigurestats/Methods/43_Forcing_Based/1_ERF_FaIR/FaIR_anthro_unB_method.py:94: RuntimeWarning: Mean of empty slice
  return np.nanmean(samp_cur[year_idx-1850, :], axis = 1)
/oscar/data/deeps/private/bfoxkemp/jnickla1/Thorne_15_codefigurestats/Methods/43_Forcing_Based/1_ERF_FaIR/FaIR_comb_unB_method.py:155: RuntimeWarning: Mean of empty slice
  return np.nanmean(samp_cur[year_idx-1850, :], axis = 1)
/oscar/data/deeps/private/bfoxkemp/jnickla1/Thorne_15_codefigurestats/Methods/43_Forcing_Based/1_ERF_FaIR/FaIR_all_method.py:71: RuntimeWarning: Mean of empty slice
  return np.nanmean(samp_cur[year_idx-1850, :], axis = 1)
/users/jnickla1/.conda/envs/cleanpy/lib/python3.13/site-packages/numpy/lib/_nanfunctions_impl.py:2019: RuntimeWarning: Degrees of freedom <= 0 for slice.
  var = nanvar(a, axis=axis, dtype=dtype, out=out, ddof=ddof,
/oscar/data/deeps/private/bfoxkemp/jnickla1/Thorne_15_codefigurestats/Methods/43_Forcing_Based/1_ERF_FaIR/FaIR_all_unB_method.py:95: RuntimeWarning: Mean of empty slice
  return np.nanmean(samp_cur[year_idx-1850, :], axis = 1)
/oscar/data/deeps/private/bfoxkemp/jnickla1/Thorne_15_codefigurestats/Methods/43_Forcing_Based/1_ERF_FaIR/FaIR_nonat_method.py:70: RuntimeWarning: Mean of empty slice
  return np.nanmean(samp_cur[year_idx-1850, :], axis = 1)
/oscar/data/deeps/private/bfoxkemp/jnickla1/Thorne_15_codefigurestats/Methods/43_Forcing_Based/1_ERF_FaIR/FaIR_anthro_method.py:71: RuntimeWarning: Mean of empty slice
  return np.nanmean(samp_cur[year_idx-1850, :], axis = 1)
/oscar/data/deeps/private/bfoxkemp/jnickla1/Thorne_15_codefigurestats/Methods/43_Forcing_Based/1_ERF_FaIR/FaIR_anthro_unB_method.py:94: RuntimeWarning: Mean of empty slice
  return np.nanmean(samp_cur[year_idx-1850, :], axis = 1)
/oscar/data/deeps/private/bfoxkemp/jnickla1/Thorne_15_codefigurestats/Methods/43_Forcing_Based/1_ERF_FaIR/FaIR_nonat_unB_method.py:97: RuntimeWarning: Mean of empty slice
  return np.nanmean(samp_cur[year_idx-1850, :], axis = 1)
/oscar/data/deeps/private/bfoxkemp/jnickla1/Thorne_15_codefigurestats/Methods/43_Forcing_Based/1_ERF_FaIR/FaIR_comb_unB_method.py:155: RuntimeWarning: Mean of empty slice
  return np.nanmean(samp_cur[year_idx-1850, :], axis = 1)
/oscar/data/deeps/private/bfoxkemp/jnickla1/Thorne_15_codefigurestats/Methods/43_Forcing_Based/1_ERF_FaIR/FaIR_nonat_method.py:70: RuntimeWarning: Mean of empty slice
  return np.nanmean(samp_cur[year_idx-1850, :], axis = 1)
/oscar/data/deeps/private/bfoxkemp/jnickla1/Thorne_15_codefigurestats/Methods/43_Forcing_Based/1_ERF_FaIR/FaIR_anthro_method.py:71: RuntimeWarning: Mean of empty slice
  return np.nanmean(samp_cur[year_idx-1850, :], axis = 1)
/oscar/data/deeps/private/bfoxkemp/jnickla1/Thorne_15_codefigurestats/Methods/43_Forcing_Based/1_ERF_FaIR/FaIR_anthro_unB_method.py:94: RuntimeWarning: Mean of empty slice
  return np.nanmean(samp_cur[year_idx-1850, :], axis = 1)
/oscar/data/deeps/private/bfoxkemp/jnickla1/Thorne_15_codefigurestats/Methods/43_Forcing_Based/1_ERF_FaIR/FaIR_nonat_unB_method.py:97: RuntimeWarning: Mean of empty slice
  return np.nanmean(samp_cur[year_idx-1850, :], axis = 1)
/oscar/data/deeps/private/bfoxkemp/jnickla1/Thorne_15_codefigurestats/Methods/43_Forcing_Based/1_ERF_FaIR/FaIR_nonat_method.py:70: RuntimeWarning: Mean of empty slice
  return np.nanmean(samp_cur[year_idx-1850, :], axis = 1)
/oscar/data/deeps/private/bfoxkemp/jnickla1/Thorne_15_codefigurestats/Methods/43_Forcing_Based/1_ERF_FaIR/FaIR_nonat_unB_method.py:97: RuntimeWarning: Mean of empty slice
  return np.nanmean(samp_cur[year_idx-1850, :], axis = 1)
/oscar/data/deeps/private/bfoxkemp/jnickla1/Thorne_15_codefigurestats/Methods/43_Forcing_Based/1_ERF_FaIR/FaIR_all_method.py:71: RuntimeWarning: Mean of empty slice
  return np.nanmean(samp_cur[year_idx-1850, :], axis = 1)
/oscar/data/deeps/private/bfoxkemp/jnickla1/Thorne_15_codefigurestats/Methods/43_Forcing_Based/1_ERF_FaIR/FaIR_all_unB_method.py:95: RuntimeWarning: Mean of empty slice
  return np.nanmean(samp_cur[year_idx-1850, :], axis = 1)
/oscar/data/deeps/private/bfoxkemp/jnickla1/Thorne_15_codefigurestats/Methods/43_Forcing_Based/1_ERF_FaIR/FaIR_comb_unB_method.py:155: RuntimeWarning: Mean of empty slice
  return np.nanmean(samp_cur[year_idx-1850, :], axis = 1)
/oscar/data/deeps/private/bfoxkemp/jnickla1/Thorne_15_codefigurestats/Methods/43_Forcing_Based/1_ERF_FaIR/FaIR_anthro_method.py:71: RuntimeWarning: Mean of empty slice
  return np.nanmean(samp_cur[year_idx-1850, :], axis = 1)
/oscar/data/deeps/private/bfoxkemp/jnickla1/Thorne_15_codefigurestats/Methods/43_Forcing_Based/1_ERF_FaIR/FaIR_anthro_unB_method.py:94: RuntimeWarning: Mean of empty slice
  return np.nanmean(samp_cur[year_idx-1850, :], axis = 1)
/oscar/data/deeps/private/bfoxkemp/jnickla1/Thorne_15_codefigurestats/Methods/43_Forcing_Based/1_ERF_FaIR/FaIR_nonat_method.py:70: RuntimeWarning: Mean of empty slice
  return np.nanmean(samp_cur[year_idx-1850, :], axis = 1)
/oscar/data/deeps/private/bfoxkemp/jnickla1/Thorne_15_codefigurestats/Methods/43_Forcing_Based/1_ERF_FaIR/FaIR_nonat_unB_method.py:97: RuntimeWarning: Mean of empty slice
  return np.nanmean(samp_cur[year_idx-1850, :], axis = 1)
/oscar/data/deeps/private/bfoxkemp/jnickla1/Thorne_15_codefigurestats/Methods/43_Forcing_Based/1_ERF_FaIR/FaIR_all_method.py:71: RuntimeWarning: Mean of empty slice
  return np.nanmean(samp_cur[year_idx-1850, :], axis = 1)
/oscar/data/deeps/private/bfoxkemp/jnickla1/Thorne_15_codefigurestats/Methods/43_Forcing_Based/1_ERF_FaIR/FaIR_all_unB_method.py:95: RuntimeWarning: Mean of empty slice
  return np.nanmean(samp_cur[year_idx-1850, :], axis = 1)
/oscar/data/deeps/private/bfoxkemp/jnickla1/Thorne_15_codefigurestats/Methods/43_Forcing_Based/1_ERF_FaIR/FaIR_comb_unB_method.py:155: RuntimeWarning: Mean of empty slice
  return np.nanmean(samp_cur[year_idx-1850, :], axis = 1)
/oscar/data/deeps/private/bfoxkemp/jnickla1/Thorne_15_codefigurestats/Methods/43_Forcing_Based/1_ERF_FaIR/FaIR_anthro_method.py:71: RuntimeWarning: Mean of empty slice
  return np.nanmean(samp_cur[year_idx-1850, :], axis = 1)
/users/jnickla1/.conda/envs/cleanpy/lib/python3.13/site-packages/numpy/lib/_nanfunctions_impl.py:2019: RuntimeWarning: Degrees of freedom <= 0 for slice.
  var = nanvar(a, axis=axis, dtype=dtype, out=out, ddof=ddof,
/oscar/data/deeps/private/bfoxkemp/jnickla1/Thorne_15_codefigurestats/Methods/43_Forcing_Based/1_ERF_FaIR/FaIR_anthro_method.py:99: RuntimeWarning: Mean of empty slice
  cdist = np.nanmean(dist)
/oscar/data/deeps/private/bfoxkemp/jnickla1/Thorne_15_codefigurestats/Methods/43_Forcing_Based/1_ERF_FaIR/FaIR_anthro_method.py:71: RuntimeWarning: Mean of empty slice
  return np.nanmean(samp_cur[year_idx-1850, :], axis = 1)
/users/jnickla1/.conda/envs/cleanpy/lib/python3.13/site-packages/numpy/lib/_nanfunctions_impl.py:2019: RuntimeWarning: Degrees of freedom <= 0 for slice.
  var = nanvar(a, axis=axis, dtype=dtype, out=out, ddof=ddof,
/oscar/data/deeps/private/bfoxkemp/jnickla1/Thorne_15_codefigurestats/Methods/43_Forcing_Based/1_ERF_FaIR/FaIR_anthro_method.py:99: RuntimeWarning: Mean of empty slice
  cdist = np.nanmean(dist)
/oscar/data/deeps/private/bfoxkemp/jnickla1/Thorne_15_codefigurestats/fut_evaluation_script.py:427: RuntimeWarning: Mean of empty slice
  evalmean = np.nanmean(diffcross) #if crossing multiple times take the mean
/oscar/data/deeps/private/bfoxkemp/jnickla1/Thorne_15_codefigurestats/fut_evaluation_script.py:464: RuntimeWarning: Mean of empty slice
  evalmean = np.nanmean(diffcrossE) #if crossing multiple times take the mean
/oscar/data/deeps/private/bfoxkemp/jnickla1/Thorne_15_codefigurestats/Methods/43_Forcing_Based/1_ERF_FaIR/FaIR_anthro_unB_method.py:94: RuntimeWarning: Mean of empty slice
  return np.nanmean(samp_cur[year_idx-1850, :], axis = 1)
/users/jnickla1/.conda/envs/cleanpy/lib/python3.13/site-packages/numpy/lib/_nanfunctions_impl.py:2019: RuntimeWarning: Degrees of freedom <= 0 for slice.
  var = nanvar(a, axis=axis, dtype=dtype, out=out, ddof=ddof,
/oscar/data/deeps/private/bfoxkemp/jnickla1/Thorne_15_codefigurestats/Methods/43_Forcing_Based/1_ERF_FaIR/FaIR_anthro_unB_method.py:122: RuntimeWarning: Mean of empty slice
  cdist = np.nanmean(dist)
/oscar/data/deeps/private/bfoxkemp/jnickla1/Thorne_15_codefigurestats/Methods/43_Forcing_Based/1_ERF_FaIR/FaIR_anthro_unB_method.py:94: RuntimeWarning: Mean of empty slice
  return np.nanmean(samp_cur[year_idx-1850, :], axis = 1)
/users/jnickla1/.conda/envs/cleanpy/lib/python3.13/site-packages/numpy/lib/_nanfunctions_impl.py:2019: RuntimeWarning: Degrees of freedom <= 0 for slice.
  var = nanvar(a, axis=axis, dtype=dtype, out=out, ddof=ddof,
/oscar/data/deeps/private/bfoxkemp/jnickla1/Thorne_15_codefigurestats/Methods/43_Forcing_Based/1_ERF_FaIR/FaIR_anthro_unB_method.py:122: RuntimeWarning: Mean of empty slice
  cdist = np.nanmean(dist)
/oscar/data/deeps/private/bfoxkemp/jnickla1/Thorne_15_codefigurestats/Methods/43_Forcing_Based/1_ERF_FaIR/FaIR_all_method.py:53: RuntimeWarning: Mean of empty slice
  samp_mean =  np.nanmean(samp_cur, axis = 1)
/oscar/data/deeps/private/bfoxkemp/jnickla1/Thorne_15_codefigurestats/Methods/43_Forcing_Based/1_ERF_FaIR/FaIR_all_method.py:53: RuntimeWarning: Mean of empty slice
  samp_mean =  np.nanmean(samp_cur, axis = 1)
/oscar/data/deeps/private/bfoxkemp/jnickla1/Thorne_15_codefigurestats/Methods/43_Forcing_Based/1_ERF_FaIR/FaIR_all_unB_method.py:70: RuntimeWarning: Mean of empty slice
  samp_mean =  np.nanmean(samp_cur, axis = 1)
/oscar/data/deeps/private/bfoxkemp/jnickla1/Thorne_15_codefigurestats/Methods/43_Forcing_Based/1_ERF_FaIR/FaIR_all_unB_method.py:70: RuntimeWarning: Mean of empty slice
  samp_mean =  np.nanmean(samp_cur, axis = 1)
/oscar/data/deeps/private/bfoxkemp/jnickla1/Thorne_15_codefigurestats/Methods/43_Forcing_Based/1_ERF_FaIR/FaIR_anthro_method.py:53: RuntimeWarning: Mean of empty slice
  samp_mean =  np.nanmean(samp_cur, axis = 1)
/oscar/data/deeps/private/bfoxkemp/jnickla1/Thorne_15_codefigurestats/Methods/43_Forcing_Based/1_ERF_FaIR/FaIR_all_method.py:53: RuntimeWarning: Mean of empty slice
  samp_mean =  np.nanmean(samp_cur, axis = 1)
/oscar/data/deeps/private/bfoxkemp/jnickla1/Thorne_15_codefigurestats/Methods/43_Forcing_Based/1_ERF_FaIR/FaIR_anthro_method.py:53: RuntimeWarning: Mean of empty slice
  samp_mean =  np.nanmean(samp_cur, axis = 1)
/oscar/data/deeps/private/bfoxkemp/jnickla1/Thorne_15_codefigurestats/Methods/43_Forcing_Based/1_ERF_FaIR/FaIR_all_unB_method.py:70: RuntimeWarning: Mean of empty slice
  samp_mean =  np.nanmean(samp_cur, axis = 1)
/oscar/data/deeps/private/bfoxkemp/jnickla1/Thorne_15_codefigurestats/Methods/43_Forcing_Based/1_ERF_FaIR/FaIR_anthro_unB_method.py:70: RuntimeWarning: Mean of empty slice
  samp_mean =  np.nanmean(samp_cur, axis = 1)
/oscar/data/deeps/private/bfoxkemp/jnickla1/Thorne_15_codefigurestats/Methods/43_Forcing_Based/1_ERF_FaIR/FaIR_anthro_unB_method.py:70: RuntimeWarning: Mean of empty slice
  samp_mean =  np.nanmean(samp_cur, axis = 1)
/oscar/data/deeps/private/bfoxkemp/jnickla1/Thorne_15_codefigurestats/Methods/43_Forcing_Based/1_ERF_FaIR/FaIR_anthro_method.py:53: RuntimeWarning: Mean of empty slice
  samp_mean =  np.nanmean(samp_cur, axis = 1)
/oscar/data/deeps/private/bfoxkemp/jnickla1/Thorne_15_codefigurestats/Methods/43_Forcing_Based/1_ERF_FaIR/FaIR_comb_unB_method.py:70: RuntimeWarning: Mean of empty slice
  samp_mean =  np.nanmean(samp_cur, axis = 1)
/oscar/data/deeps/private/bfoxkemp/jnickla1/Thorne_15_codefigurestats/Methods/43_Forcing_Based/1_ERF_FaIR/FaIR_comb_unB_method.py:126: RuntimeWarning: Mean of empty slice
  samp_meanAll =  np.nanmean(samp_curAll, axis = 1)
/oscar/data/deeps/private/bfoxkemp/jnickla1/Thorne_15_codefigurestats/Methods/43_Forcing_Based/1_ERF_FaIR/FaIR_anthro_unB_method.py:70: RuntimeWarning: Mean of empty slice
  samp_mean =  np.nanmean(samp_cur, axis = 1)
/oscar/data/deeps/private/bfoxkemp/jnickla1/Thorne_15_codefigurestats/Methods/43_Forcing_Based/1_ERF_FaIR/FaIR_comb_unB_method.py:70: RuntimeWarning: Mean of empty slice
  samp_mean =  np.nanmean(samp_cur, axis = 1)
/oscar/data/deeps/private/bfoxkemp/jnickla1/Thorne_15_codefigurestats/Methods/43_Forcing_Based/1_ERF_FaIR/FaIR_comb_unB_method.py:126: RuntimeWarning: Mean of empty slice
  samp_meanAll =  np.nanmean(samp_curAll, axis = 1)
/oscar/data/deeps/private/bfoxkemp/jnickla1/Thorne_15_codefigurestats/Methods/43_Forcing_Based/1_ERF_FaIR/FaIR_comb_unB_method.py:70: RuntimeWarning: Mean of empty slice
  samp_mean =  np.nanmean(samp_cur, axis = 1)
/oscar/data/deeps/private/bfoxkemp/jnickla1/Thorne_15_codefigurestats/Methods/43_Forcing_Based/1_ERF_FaIR/FaIR_nonat_method.py:53: RuntimeWarning: Mean of empty slice
  samp_mean =  np.nanmean(samp_cur, axis = 1)
/oscar/data/deeps/private/bfoxkemp/jnickla1/Thorne_15_codefigurestats/Methods/43_Forcing_Based/1_ERF_FaIR/FaIR_comb_unB_method.py:126: RuntimeWarning: Mean of empty slice
  samp_meanAll =  np.nanmean(samp_curAll, axis = 1)
/oscar/data/deeps/private/bfoxkemp/jnickla1/Thorne_15_codefigurestats/Methods/43_Forcing_Based/1_ERF_FaIR/FaIR_nonat_method.py:53: RuntimeWarning: Mean of empty slice
  samp_mean =  np.nanmean(samp_cur, axis = 1)
/oscar/data/deeps/private/bfoxkemp/jnickla1/Thorne_15_codefigurestats/Methods/43_Forcing_Based/1_ERF_FaIR/FaIR_nonat_unB_method.py:72: RuntimeWarning: Mean of empty slice
  samp_mean =  np.nanmean(samp_cur, axis = 1)
/oscar/data/deeps/private/bfoxkemp/jnickla1/Thorne_15_codefigurestats/Methods/43_Forcing_Based/1_ERF_FaIR/FaIR_nonat_method.py:53: RuntimeWarning: Mean of empty slice
  samp_mean =  np.nanmean(samp_cur, axis = 1)
/oscar/data/deeps/private/bfoxkemp/jnickla1/Thorne_15_codefigurestats/Methods/43_Forcing_Based/1_ERF_FaIR/FaIR_nonat_unB_method.py:72: RuntimeWarning: Mean of empty slice
  samp_mean =  np.nanmean(samp_cur, axis = 1)
/oscar/data/deeps/private/bfoxkemp/jnickla1/Thorne_15_codefigurestats/Methods/43_Forcing_Based/1_ERF_FaIR/FaIR_all_method.py:71: RuntimeWarning: Mean of empty slice
  return np.nanmean(samp_cur[year_idx-1850, :], axis = 1)
/users/jnickla1/.conda/envs/cleanpy/lib/python3.13/site-packages/numpy/lib/_nanfunctions_impl.py:2019: RuntimeWarning: Degrees of freedom <= 0 for slice.
  var = nanvar(a, axis=axis, dtype=dtype, out=out, ddof=ddof,
/oscar/data/deeps/private/bfoxkemp/jnickla1/Thorne_15_codefigurestats/Methods/43_Forcing_Based/1_ERF_FaIR/FaIR_all_unB_method.py:95: RuntimeWarning: Mean of empty slice
  return np.nanmean(samp_cur[year_idx-1850, :], axis = 1)
/oscar/data/deeps/private/bfoxkemp/jnickla1/Thorne_15_codefigurestats/Methods/43_Forcing_Based/1_ERF_FaIR/FaIR_anthro_method.py:71: RuntimeWarning: Mean of empty slice
  return np.nanmean(samp_cur[year_idx-1850, :], axis = 1)
/oscar/data/deeps/private/bfoxkemp/jnickla1/Thorne_15_codefigurestats/Methods/43_Forcing_Based/1_ERF_FaIR/FaIR_nonat_unB_method.py:72: RuntimeWarning: Mean of empty slice
  samp_mean =  np.nanmean(samp_cur, axis = 1)
/oscar/data/deeps/private/bfoxkemp/jnickla1/Thorne_15_codefigurestats/Methods/43_Forcing_Based/1_ERF_FaIR/FaIR_anthro_unB_method.py:94: RuntimeWarning: Mean of empty slice
  return np.nanmean(samp_cur[year_idx-1850, :], axis = 1)
/oscar/data/deeps/private/bfoxkemp/jnickla1/Thorne_15_codefigurestats/Methods/43_Forcing_Based/1_ERF_FaIR/FaIR_all_method.py:71: RuntimeWarning: Mean of empty slice
  return np.nanmean(samp_cur[year_idx-1850, :], axis = 1)
/users/jnickla1/.conda/envs/cleanpy/lib/python3.13/site-packages/numpy/lib/_nanfunctions_impl.py:2019: RuntimeWarning: Degrees of freedom <= 0 for slice.
  var = nanvar(a, axis=axis, dtype=dtype, out=out, ddof=ddof,
/oscar/data/deeps/private/bfoxkemp/jnickla1/Thorne_15_codefigurestats/Methods/43_Forcing_Based/1_ERF_FaIR/FaIR_all_unB_method.py:95: RuntimeWarning: Mean of empty slice
  return np.nanmean(samp_cur[year_idx-1850, :], axis = 1)
/oscar/data/deeps/private/bfoxkemp/jnickla1/Thorne_15_codefigurestats/Methods/43_Forcing_Based/1_ERF_FaIR/FaIR_comb_unB_method.py:155: RuntimeWarning: Mean of empty slice
  return np.nanmean(samp_cur[year_idx-1850, :], axis = 1)
/oscar/data/deeps/private/bfoxkemp/jnickla1/Thorne_15_codefigurestats/Methods/43_Forcing_Based/1_ERF_FaIR/FaIR_all_method.py:71: RuntimeWarning: Mean of empty slice
  return np.nanmean(samp_cur[year_idx-1850, :], axis = 1)
/oscar/data/deeps/private/bfoxkemp/jnickla1/Thorne_15_codefigurestats/Methods/43_Forcing_Based/1_ERF_FaIR/FaIR_anthro_method.py:71: RuntimeWarning: Mean of empty slice
  return np.nanmean(samp_cur[year_idx-1850, :], axis = 1)
/users/jnickla1/.conda/envs/cleanpy/lib/python3.13/site-packages/numpy/lib/_nanfunctions_impl.py:2019: RuntimeWarning: Degrees of freedom <= 0 for slice.
  var = nanvar(a, axis=axis, dtype=dtype, out=out, ddof=ddof,
/oscar/data/deeps/private/bfoxkemp/jnickla1/Thorne_15_codefigurestats/Methods/43_Forcing_Based/1_ERF_FaIR/FaIR_all_unB_method.py:95: RuntimeWarning: Mean of empty slice
  return np.nanmean(samp_cur[year_idx-1850, :], axis = 1)
/oscar/data/deeps/private/bfoxkemp/jnickla1/Thorne_15_codefigurestats/Methods/43_Forcing_Based/1_ERF_FaIR/FaIR_nonat_method.py:70: RuntimeWarning: Mean of empty slice
  return np.nanmean(samp_cur[year_idx-1850, :], axis = 1)
/oscar/data/deeps/private/bfoxkemp/jnickla1/Thorne_15_codefigurestats/Methods/43_Forcing_Based/1_ERF_FaIR/FaIR_anthro_unB_method.py:94: RuntimeWarning: Mean of empty slice
  return np.nanmean(samp_cur[year_idx-1850, :], axis = 1)
/oscar/data/deeps/private/bfoxkemp/jnickla1/Thorne_15_codefigurestats/Methods/43_Forcing_Based/1_ERF_FaIR/FaIR_anthro_method.py:71: RuntimeWarning: Mean of empty slice
  return np.nanmean(samp_cur[year_idx-1850, :], axis = 1)
/oscar/data/deeps/private/bfoxkemp/jnickla1/Thorne_15_codefigurestats/Methods/43_Forcing_Based/1_ERF_FaIR/FaIR_nonat_unB_method.py:97: RuntimeWarning: Mean of empty slice
  return np.nanmean(samp_cur[year_idx-1850, :], axis = 1)
/oscar/data/deeps/private/bfoxkemp/jnickla1/Thorne_15_codefigurestats/Methods/43_Forcing_Based/1_ERF_FaIR/FaIR_comb_unB_method.py:155: RuntimeWarning: Mean of empty slice
  return np.nanmean(samp_cur[year_idx-1850, :], axis = 1)
/oscar/data/deeps/private/bfoxkemp/jnickla1/Thorne_15_codefigurestats/Methods/43_Forcing_Based/1_ERF_FaIR/FaIR_anthro_unB_method.py:94: RuntimeWarning: Mean of empty slice
  return np.nanmean(samp_cur[year_idx-1850, :], axis = 1)
/oscar/data/deeps/private/bfoxkemp/jnickla1/Thorne_15_codefigurestats/Methods/43_Forcing_Based/1_ERF_FaIR/FaIR_nonat_method.py:70: RuntimeWarning: Mean of empty slice
  return np.nanmean(samp_cur[year_idx-1850, :], axis = 1)
/oscar/data/deeps/private/bfoxkemp/jnickla1/Thorne_15_codefigurestats/Methods/43_Forcing_Based/1_ERF_FaIR/FaIR_comb_unB_method.py:155: RuntimeWarning: Mean of empty slice
  return np.nanmean(samp_cur[year_idx-1850, :], axis = 1)
/oscar/data/deeps/private/bfoxkemp/jnickla1/Thorne_15_codefigurestats/Methods/43_Forcing_Based/1_ERF_FaIR/FaIR_anthro_method.py:71: RuntimeWarning: Mean of empty slice
  return np.nanmean(samp_cur[year_idx-1850, :], axis = 1)
/oscar/data/deeps/private/bfoxkemp/jnickla1/Thorne_15_codefigurestats/Methods/43_Forcing_Based/1_ERF_FaIR/FaIR_nonat_method.py:70: RuntimeWarning: Mean of empty slice
  return np.nanmean(samp_cur[year_idx-1850, :], axis = 1)
/oscar/data/deeps/private/bfoxkemp/jnickla1/Thorne_15_codefigurestats/Methods/43_Forcing_Based/1_ERF_FaIR/FaIR_nonat_unB_method.py:97: RuntimeWarning: Mean of empty slice
  return np.nanmean(samp_cur[year_idx-1850, :], axis = 1)
/oscar/data/deeps/private/bfoxkemp/jnickla1/Thorne_15_codefigurestats/Methods/43_Forcing_Based/1_ERF_FaIR/FaIR_anthro_unB_method.py:94: RuntimeWarning: Mean of empty slice
  return np.nanmean(samp_cur[year_idx-1850, :], axis = 1)
/oscar/data/deeps/private/bfoxkemp/jnickla1/Thorne_15_codefigurestats/Methods/43_Forcing_Based/1_ERF_FaIR/FaIR_nonat_method.py:70: RuntimeWarning: Mean of empty slice
  return np.nanmean(samp_cur[year_idx-1850, :], axis = 1)
/oscar/data/deeps/private/bfoxkemp/jnickla1/Thorne_15_codefigurestats/Methods/43_Forcing_Based/1_ERF_FaIR/FaIR_nonat_unB_method.py:97: RuntimeWarning: Mean of empty slice
  return np.nanmean(samp_cur[year_idx-1850, :], axis = 1)
/oscar/data/deeps/private/bfoxkemp/jnickla1/Thorne_15_codefigurestats/Methods/43_Forcing_Based/1_ERF_FaIR/FaIR_nonat_unB_method.py:97: RuntimeWarning: Mean of empty slice
  return np.nanmean(samp_cur[year_idx-1850, :], axis = 1)
/oscar/data/deeps/private/bfoxkemp/jnickla1/Thorne_15_codefigurestats/Methods/43_Forcing_Based/1_ERF_FaIR/FaIR_all_method.py:71: RuntimeWarning: Mean of empty slice
  return np.nanmean(samp_cur[year_idx-1850, :], axis = 1)
/oscar/data/deeps/private/bfoxkemp/jnickla1/Thorne_15_codefigurestats/Methods/43_Forcing_Based/1_ERF_FaIR/FaIR_all_unB_method.py:95: RuntimeWarning: Mean of empty slice
  return np.nanmean(samp_cur[year_idx-1850, :], axis = 1)
/oscar/data/deeps/private/bfoxkemp/jnickla1/Thorne_15_codefigurestats/Methods/43_Forcing_Based/1_ERF_FaIR/FaIR_comb_unB_method.py:155: RuntimeWarning: Mean of empty slice
  return np.nanmean(samp_cur[year_idx-1850, :], axis = 1)
/oscar/data/deeps/private/bfoxkemp/jnickla1/Thorne_15_codefigurestats/Methods/43_Forcing_Based/1_ERF_FaIR/FaIR_anthro_method.py:71: RuntimeWarning: Mean of empty slice
  return np.nanmean(samp_cur[year_idx-1850, :], axis = 1)
/oscar/data/deeps/private/bfoxkemp/jnickla1/Thorne_15_codefigurestats/Methods/43_Forcing_Based/1_ERF_FaIR/FaIR_anthro_method.py:71: RuntimeWarning: Mean of empty slice
  return np.nanmean(samp_cur[year_idx-1850, :], axis = 1)
/oscar/data/deeps/private/bfoxkemp/jnickla1/Thorne_15_codefigurestats/Methods/43_Forcing_Based/1_ERF_FaIR/FaIR_anthro_unB_method.py:94: RuntimeWarning: Mean of empty slice
  return np.nanmean(samp_cur[year_idx-1850, :], axis = 1)
/oscar/data/deeps/private/bfoxkemp/jnickla1/Thorne_15_codefigurestats/Methods/43_Forcing_Based/1_ERF_FaIR/FaIR_nonat_method.py:70: RuntimeWarning: Mean of empty slice
  return np.nanmean(samp_cur[year_idx-1850, :], axis = 1)
/oscar/data/deeps/private/bfoxkemp/jnickla1/Thorne_15_codefigurestats/Methods/43_Forcing_Based/1_ERF_FaIR/FaIR_nonat_unB_method.py:97: RuntimeWarning: Mean of empty slice
  return np.nanmean(samp_cur[year_idx-1850, :], axis = 1)
/oscar/data/deeps/private/bfoxkemp/jnickla1/Thorne_15_codefigurestats/Methods/43_Forcing_Based/1_ERF_FaIR/FaIR_anthro_unB_method.py:94: RuntimeWarning: Mean of empty slice
  return np.nanmean(samp_cur[year_idx-1850, :], axis = 1)
/oscar/data/deeps/private/bfoxkemp/jnickla1/Thorne_15_codefigurestats/Methods/43_Forcing_Based/1_ERF_FaIR/FaIR_nonat_method.py:70: RuntimeWarning: Mean of empty slice
  return np.nanmean(samp_cur[year_idx-1850, :], axis = 1)
/oscar/data/deeps/private/bfoxkemp/jnickla1/Thorne_15_codefigurestats/Methods/43_Forcing_Based/1_ERF_FaIR/FaIR_nonat_unB_method.py:97: RuntimeWarning: Mean of empty slice
  return np.nanmean(samp_cur[year_idx-1850, :], axis = 1)
/oscar/data/deeps/private/bfoxkemp/jnickla1/Thorne_15_codefigurestats/Methods/43_Forcing_Based/1_ERF_FaIR/FaIR_all_method.py:71: RuntimeWarning: Mean of empty slice
  return np.nanmean(samp_cur[year_idx-1850, :], axis = 1)
/oscar/data/deeps/private/bfoxkemp/jnickla1/Thorne_15_codefigurestats/Methods/43_Forcing_Based/1_ERF_FaIR/FaIR_all_unB_method.py:95: RuntimeWarning: Mean of empty slice
  return np.nanmean(samp_cur[year_idx-1850, :], axis = 1)
/oscar/data/deeps/private/bfoxkemp/jnickla1/Thorne_15_codefigurestats/Methods/43_Forcing_Based/1_ERF_FaIR/FaIR_comb_unB_method.py:155: RuntimeWarning: Mean of empty slice
  return np.nanmean(samp_cur[year_idx-1850, :], axis = 1)
/oscar/data/deeps/private/bfoxkemp/jnickla1/Thorne_15_codefigurestats/Methods/43_Forcing_Based/1_ERF_FaIR/FaIR_all_method.py:71: RuntimeWarning: Mean of empty slice
  return np.nanmean(samp_cur[year_idx-1850, :], axis = 1)
/oscar/data/deeps/private/bfoxkemp/jnickla1/Thorne_15_codefigurestats/Methods/43_Forcing_Based/1_ERF_FaIR/FaIR_all_unB_method.py:95: RuntimeWarning: Mean of empty slice
  return np.nanmean(samp_cur[year_idx-1850, :], axis = 1)
/oscar/data/deeps/private/bfoxkemp/jnickla1/Thorne_15_codefigurestats/Methods/43_Forcing_Based/1_ERF_FaIR/FaIR_comb_unB_method.py:155: RuntimeWarning: Mean of empty slice
  return np.nanmean(samp_cur[year_idx-1850, :], axis = 1)
/oscar/data/deeps/private/bfoxkemp/jnickla1/Thorne_15_codefigurestats/Methods/43_Forcing_Based/1_ERF_FaIR/FaIR_anthro_method.py:71: RuntimeWarning: Mean of empty slice
  return np.nanmean(samp_cur[year_idx-1850, :], axis = 1)
/users/jnickla1/.conda/envs/cleanpy/lib/python3.13/site-packages/numpy/lib/_nanfunctions_impl.py:2019: RuntimeWarning: Degrees of freedom <= 0 for slice.
  var = nanvar(a, axis=axis, dtype=dtype, out=out, ddof=ddof,
/oscar/data/deeps/private/bfoxkemp/jnickla1/Thorne_15_codefigurestats/Methods/43_Forcing_Based/1_ERF_FaIR/FaIR_anthro_method.py:99: RuntimeWarning: Mean of empty slice
  cdist = np.nanmean(dist)
/oscar/data/deeps/private/bfoxkemp/jnickla1/Thorne_15_codefigurestats/Methods/43_Forcing_Based/1_ERF_FaIR/FaIR_anthro_method.py:71: RuntimeWarning: Mean of empty slice
  return np.nanmean(samp_cur[year_idx-1850, :], axis = 1)
/oscar/data/deeps/private/bfoxkemp/jnickla1/Thorne_15_codefigurestats/Methods/43_Forcing_Based/1_ERF_FaIR/FaIR_anthro_method.py:71: RuntimeWarning: Mean of empty slice
  return np.nanmean(samp_cur[year_idx-1850, :], axis = 1)
/users/jnickla1/.conda/envs/cleanpy/lib/python3.13/site-packages/numpy/lib/_nanfunctions_impl.py:2019: RuntimeWarning: Degrees of freedom <= 0 for slice.
  var = nanvar(a, axis=axis, dtype=dtype, out=out, ddof=ddof,
/oscar/data/deeps/private/bfoxkemp/jnickla1/Thorne_15_codefigurestats/Methods/43_Forcing_Based/1_ERF_FaIR/FaIR_anthro_method.py:99: RuntimeWarning: Mean of empty slice
  cdist = np.nanmean(dist)
/users/jnickla1/.conda/envs/cleanpy/lib/python3.13/site-packages/numpy/lib/_nanfunctions_impl.py:2019: RuntimeWarning: Degrees of freedom <= 0 for slice.
  var = nanvar(a, axis=axis, dtype=dtype, out=out, ddof=ddof,
/oscar/data/deeps/private/bfoxkemp/jnickla1/Thorne_15_codefigurestats/Methods/43_Forcing_Based/1_ERF_FaIR/FaIR_anthro_method.py:99: RuntimeWarning: Mean of empty slice
  cdist = np.nanmean(dist)
/oscar/data/deeps/private/bfoxkemp/jnickla1/Thorne_15_codefigurestats/Methods/43_Forcing_Based/1_ERF_FaIR/FaIR_nonat_method.py:70: RuntimeWarning: Mean of empty slice
  return np.nanmean(samp_cur[year_idx-1850, :], axis = 1)
/users/jnickla1/.conda/envs/cleanpy/lib/python3.13/site-packages/numpy/lib/_nanfunctions_impl.py:2019: RuntimeWarning: Degrees of freedom <= 0 for slice.
  var = nanvar(a, axis=axis, dtype=dtype, out=out, ddof=ddof,
/oscar/data/deeps/private/bfoxkemp/jnickla1/Thorne_15_codefigurestats/Methods/43_Forcing_Based/1_ERF_FaIR/FaIR_nonat_method.py:98: RuntimeWarning: Mean of empty slice
  cdist = np.nanmean(dist)
/oscar/data/deeps/private/bfoxkemp/jnickla1/Thorne_15_codefigurestats/Methods/43_Forcing_Based/1_ERF_FaIR/FaIR_nonat_method.py:70: RuntimeWarning: Mean of empty slice
  return np.nanmean(samp_cur[year_idx-1850, :], axis = 1)
/users/jnickla1/.conda/envs/cleanpy/lib/python3.13/site-packages/numpy/lib/_nanfunctions_impl.py:2019: RuntimeWarning: Degrees of freedom <= 0 for slice.
  var = nanvar(a, axis=axis, dtype=dtype, out=out, ddof=ddof,
/oscar/data/deeps/private/bfoxkemp/jnickla1/Thorne_15_codefigurestats/Methods/43_Forcing_Based/1_ERF_FaIR/FaIR_nonat_method.py:98: RuntimeWarning: Mean of empty slice
  cdist = np.nanmean(dist)
/oscar/data/deeps/private/bfoxkemp/jnickla1/Thorne_15_codefigurestats/fut_evaluation_script.py:427: RuntimeWarning: Mean of empty slice
  evalmean = np.nanmean(diffcross) #if crossing multiple times take the mean
/oscar/data/deeps/private/bfoxkemp/jnickla1/Thorne_15_codefigurestats/Methods/43_Forcing_Based/1_ERF_FaIR/FaIR_anthro_unB_method.py:94: RuntimeWarning: Mean of empty slice
  return np.nanmean(samp_cur[year_idx-1850, :], axis = 1)
/users/jnickla1/.conda/envs/cleanpy/lib/python3.13/site-packages/numpy/lib/_nanfunctions_impl.py:2019: RuntimeWarning: Degrees of freedom <= 0 for slice.
  var = nanvar(a, axis=axis, dtype=dtype, out=out, ddof=ddof,
/oscar/data/deeps/private/bfoxkemp/jnickla1/Thorne_15_codefigurestats/Methods/43_Forcing_Based/1_ERF_FaIR/FaIR_anthro_unB_method.py:122: RuntimeWarning: Mean of empty slice
  cdist = np.nanmean(dist)
/oscar/data/deeps/private/bfoxkemp/jnickla1/Thorne_15_codefigurestats/fut_evaluation_script.py:464: RuntimeWarning: Mean of empty slice
  evalmean = np.nanmean(diffcrossE) #if crossing multiple times take the mean
/oscar/data/deeps/private/bfoxkemp/jnickla1/Thorne_15_codefigurestats/Methods/43_Forcing_Based/1_ERF_FaIR/FaIR_anthro_unB_method.py:94: RuntimeWarning: Mean of empty slice
  return np.nanmean(samp_cur[year_idx-1850, :], axis = 1)
/users/jnickla1/.conda/envs/cleanpy/lib/python3.13/site-packages/numpy/lib/_nanfunctions_impl.py:2019: RuntimeWarning: Degrees of freedom <= 0 for slice.
  var = nanvar(a, axis=axis, dtype=dtype, out=out, ddof=ddof,
/oscar/data/deeps/private/bfoxkemp/jnickla1/Thorne_15_codefigurestats/Methods/43_Forcing_Based/1_ERF_FaIR/FaIR_anthro_unB_method.py:122: RuntimeWarning: Mean of empty slice
  cdist = np.nanmean(dist)
/oscar/data/deeps/private/bfoxkemp/jnickla1/Thorne_15_codefigurestats/Methods/43_Forcing_Based/1_ERF_FaIR/FaIR_nonat_unB_method.py:97: RuntimeWarning: Mean of empty slice
  return np.nanmean(samp_cur[year_idx-1850, :], axis = 1)
/users/jnickla1/.conda/envs/cleanpy/lib/python3.13/site-packages/numpy/lib/_nanfunctions_impl.py:2019: RuntimeWarning: Degrees of freedom <= 0 for slice.
  var = nanvar(a, axis=axis, dtype=dtype, out=out, ddof=ddof,
/oscar/data/deeps/private/bfoxkemp/jnickla1/Thorne_15_codefigurestats/Methods/43_Forcing_Based/1_ERF_FaIR/FaIR_nonat_unB_method.py:125: RuntimeWarning: Mean of empty slice
  cdist = np.nanmean(dist)
/oscar/data/deeps/private/bfoxkemp/jnickla1/Thorne_15_codefigurestats/Methods/43_Forcing_Based/1_ERF_FaIR/FaIR_nonat_unB_method.py:97: RuntimeWarning: Mean of empty slice
  return np.nanmean(samp_cur[year_idx-1850, :], axis = 1)
/users/jnickla1/.conda/envs/cleanpy/lib/python3.13/site-packages/numpy/lib/_nanfunctions_impl.py:2019: RuntimeWarning: Degrees of freedom <= 0 for slice.
  var = nanvar(a, axis=axis, dtype=dtype, out=out, ddof=ddof,
/oscar/data/deeps/private/bfoxkemp/jnickla1/Thorne_15_codefigurestats/Methods/43_Forcing_Based/1_ERF_FaIR/FaIR_nonat_unB_method.py:125: RuntimeWarning: Mean of empty slice
  cdist = np.nanmean(dist)
/oscar/data/deeps/private/bfoxkemp/jnickla1/Thorne_15_codefigurestats/Methods/43_Forcing_Based/1_ERF_FaIR/FaIR_anthro_unB_method.py:94: RuntimeWarning: Mean of empty slice
  return np.nanmean(samp_cur[year_idx-1850, :], axis = 1)
/users/jnickla1/.conda/envs/cleanpy/lib/python3.13/site-packages/numpy/lib/_nanfunctions_impl.py:2019: RuntimeWarning: Degrees of freedom <= 0 for slice.
  var = nanvar(a, axis=axis, dtype=dtype, out=out, ddof=ddof,
/oscar/data/deeps/private/bfoxkemp/jnickla1/Thorne_15_codefigurestats/Methods/43_Forcing_Based/1_ERF_FaIR/FaIR_anthro_unB_method.py:122: RuntimeWarning: Mean of empty slice
  cdist = np.nanmean(dist)
/oscar/data/deeps/private/bfoxkemp/jnickla1/Thorne_15_codefigurestats/Methods/43_Forcing_Based/1_ERF_FaIR/FaIR_nonat_method.py:70: RuntimeWarning: Mean of empty slice
  return np.nanmean(samp_cur[year_idx-1850, :], axis = 1)
/users/jnickla1/.conda/envs/cleanpy/lib/python3.13/site-packages/numpy/lib/_nanfunctions_impl.py:2019: RuntimeWarning: Degrees of freedom <= 0 for slice.
  var = nanvar(a, axis=axis, dtype=dtype, out=out, ddof=ddof,
/oscar/data/deeps/private/bfoxkemp/jnickla1/Thorne_15_codefigurestats/Methods/43_Forcing_Based/1_ERF_FaIR/FaIR_nonat_method.py:98: RuntimeWarning: Mean of empty slice
  cdist = np.nanmean(dist)
/oscar/data/deeps/private/bfoxkemp/jnickla1/Thorne_15_codefigurestats/Methods/43_Forcing_Based/1_ERF_FaIR/FaIR_nonat_method.py:70: RuntimeWarning: Mean of empty slice
  return np.nanmean(samp_cur[year_idx-1850, :], axis = 1)
/users/jnickla1/.conda/envs/cleanpy/lib/python3.13/site-packages/numpy/lib/_nanfunctions_impl.py:2019: RuntimeWarning: Degrees of freedom <= 0 for slice.
  var = nanvar(a, axis=axis, dtype=dtype, out=out, ddof=ddof,
/oscar/data/deeps/private/bfoxkemp/jnickla1/Thorne_15_codefigurestats/Methods/43_Forcing_Based/1_ERF_FaIR/FaIR_nonat_method.py:98: RuntimeWarning: Mean of empty slice
  cdist = np.nanmean(dist)
/oscar/data/deeps/private/bfoxkemp/jnickla1/Thorne_15_codefigurestats/Methods/43_Forcing_Based/1_ERF_FaIR/FaIR_all_method.py:71: RuntimeWarning: Mean of empty slice
  return np.nanmean(samp_cur[year_idx-1850, :], axis = 1)
/users/jnickla1/.conda/envs/cleanpy/lib/python3.13/site-packages/numpy/lib/_nanfunctions_impl.py:2019: RuntimeWarning: Degrees of freedom <= 0 for slice.
  var = nanvar(a, axis=axis, dtype=dtype, out=out, ddof=ddof,
/oscar/data/deeps/private/bfoxkemp/jnickla1/Thorne_15_codefigurestats/Methods/43_Forcing_Based/1_ERF_FaIR/FaIR_all_method.py:99: RuntimeWarning: Mean of empty slice
  cdist = np.nanmean(dist)
/oscar/data/deeps/private/bfoxkemp/jnickla1/Thorne_15_codefigurestats/Methods/43_Forcing_Based/1_ERF_FaIR/FaIR_all_method.py:71: RuntimeWarning: Mean of empty slice
  return np.nanmean(samp_cur[year_idx-1850, :], axis = 1)
/users/jnickla1/.conda/envs/cleanpy/lib/python3.13/site-packages/numpy/lib/_nanfunctions_impl.py:2019: RuntimeWarning: Degrees of freedom <= 0 for slice.
  var = nanvar(a, axis=axis, dtype=dtype, out=out, ddof=ddof,
/oscar/data/deeps/private/bfoxkemp/jnickla1/Thorne_15_codefigurestats/Methods/43_Forcing_Based/1_ERF_FaIR/FaIR_all_method.py:99: RuntimeWarning: Mean of empty slice
  cdist = np.nanmean(dist)
/oscar/data/deeps/private/bfoxkemp/jnickla1/Thorne_15_codefigurestats/Methods/43_Forcing_Based/1_ERF_FaIR/FaIR_nonat_unB_method.py:97: RuntimeWarning: Mean of empty slice
  return np.nanmean(samp_cur[year_idx-1850, :], axis = 1)
/users/jnickla1/.conda/envs/cleanpy/lib/python3.13/site-packages/numpy/lib/_nanfunctions_impl.py:2019: RuntimeWarning: Degrees of freedom <= 0 for slice.
  var = nanvar(a, axis=axis, dtype=dtype, out=out, ddof=ddof,
/oscar/data/deeps/private/bfoxkemp/jnickla1/Thorne_15_codefigurestats/Methods/43_Forcing_Based/1_ERF_FaIR/FaIR_nonat_unB_method.py:125: RuntimeWarning: Mean of empty slice
  cdist = np.nanmean(dist)
/oscar/data/deeps/private/bfoxkemp/jnickla1/Thorne_15_codefigurestats/fut_evaluation_script.py:427: RuntimeWarning: Mean of empty slice
  evalmean = np.nanmean(diffcross) #if crossing multiple times take the mean
/oscar/data/deeps/private/bfoxkemp/jnickla1/Thorne_15_codefigurestats/Methods/43_Forcing_Based/1_ERF_FaIR/FaIR_nonat_unB_method.py:97: RuntimeWarning: Mean of empty slice
  return np.nanmean(samp_cur[year_idx-1850, :], axis = 1)
/users/jnickla1/.conda/envs/cleanpy/lib/python3.13/site-packages/numpy/lib/_nanfunctions_impl.py:2019: RuntimeWarning: Degrees of freedom <= 0 for slice.
  var = nanvar(a, axis=axis, dtype=dtype, out=out, ddof=ddof,
/oscar/data/deeps/private/bfoxkemp/jnickla1/Thorne_15_codefigurestats/Methods/43_Forcing_Based/1_ERF_FaIR/FaIR_nonat_unB_method.py:125: RuntimeWarning: Mean of empty slice
  cdist = np.nanmean(dist)
/oscar/data/deeps/private/bfoxkemp/jnickla1/Thorne_15_codefigurestats/Methods/43_Forcing_Based/1_ERF_FaIR/FaIR_nonat_method.py:70: RuntimeWarning: Mean of empty slice
  return np.nanmean(samp_cur[year_idx-1850, :], axis = 1)
/users/jnickla1/.conda/envs/cleanpy/lib/python3.13/site-packages/numpy/lib/_nanfunctions_impl.py:2019: RuntimeWarning: Degrees of freedom <= 0 for slice.
  var = nanvar(a, axis=axis, dtype=dtype, out=out, ddof=ddof,
/oscar/data/deeps/private/bfoxkemp/jnickla1/Thorne_15_codefigurestats/Methods/43_Forcing_Based/1_ERF_FaIR/FaIR_nonat_method.py:98: RuntimeWarning: Mean of empty slice
  cdist = np.nanmean(dist)
/oscar/data/deeps/private/bfoxkemp/jnickla1/Thorne_15_codefigurestats/fut_evaluation_script.py:427: RuntimeWarning: Mean of empty slice
  evalmean = np.nanmean(diffcross) #if crossing multiple times take the mean
/oscar/data/deeps/private/bfoxkemp/jnickla1/Thorne_15_codefigurestats/fut_evaluation_script.py:464: RuntimeWarning: Mean of empty slice
  evalmean = np.nanmean(diffcrossE) #if crossing multiple times take the mean
/oscar/data/deeps/private/bfoxkemp/jnickla1/Thorne_15_codefigurestats/fut_evaluation_script.py:464: RuntimeWarning: Mean of empty slice
  evalmean = np.nanmean(diffcrossE) #if crossing multiple times take the mean
/oscar/data/deeps/private/bfoxkemp/jnickla1/Thorne_15_codefigurestats/Methods/43_Forcing_Based/1_ERF_FaIR/FaIR_all_method.py:71: RuntimeWarning: Mean of empty slice
  return np.nanmean(samp_cur[year_idx-1850, :], axis = 1)
/users/jnickla1/.conda/envs/cleanpy/lib/python3.13/site-packages/numpy/lib/_nanfunctions_impl.py:2019: RuntimeWarning: Degrees of freedom <= 0 for slice.
  var = nanvar(a, axis=axis, dtype=dtype, out=out, ddof=ddof,
/oscar/data/deeps/private/bfoxkemp/jnickla1/Thorne_15_codefigurestats/Methods/43_Forcing_Based/1_ERF_FaIR/FaIR_all_method.py:99: RuntimeWarning: Mean of empty slice
  cdist = np.nanmean(dist)
/oscar/data/deeps/private/bfoxkemp/jnickla1/Thorne_15_codefigurestats/Methods/43_Forcing_Based/1_ERF_FaIR/FaIR_all_unB_method.py:95: RuntimeWarning: Mean of empty slice
  return np.nanmean(samp_cur[year_idx-1850, :], axis = 1)
/users/jnickla1/.conda/envs/cleanpy/lib/python3.13/site-packages/numpy/lib/_nanfunctions_impl.py:2019: RuntimeWarning: Degrees of freedom <= 0 for slice.
  var = nanvar(a, axis=axis, dtype=dtype, out=out, ddof=ddof,
/oscar/data/deeps/private/bfoxkemp/jnickla1/Thorne_15_codefigurestats/Methods/43_Forcing_Based/1_ERF_FaIR/FaIR_all_unB_method.py:123: RuntimeWarning: Mean of empty slice
  cdist = np.nanmean(dist)
/oscar/data/deeps/private/bfoxkemp/jnickla1/Thorne_15_codefigurestats/Methods/43_Forcing_Based/1_ERF_FaIR/FaIR_all_unB_method.py:95: RuntimeWarning: Mean of empty slice
  return np.nanmean(samp_cur[year_idx-1850, :], axis = 1)
/users/jnickla1/.conda/envs/cleanpy/lib/python3.13/site-packages/numpy/lib/_nanfunctions_impl.py:2019: RuntimeWarning: Degrees of freedom <= 0 for slice.
  var = nanvar(a, axis=axis, dtype=dtype, out=out, ddof=ddof,
/oscar/data/deeps/private/bfoxkemp/jnickla1/Thorne_15_codefigurestats/Methods/43_Forcing_Based/1_ERF_FaIR/FaIR_all_unB_method.py:123: RuntimeWarning: Mean of empty slice
  cdist = np.nanmean(dist)
/oscar/data/deeps/private/bfoxkemp/jnickla1/Thorne_15_codefigurestats/Methods/43_Forcing_Based/1_ERF_FaIR/FaIR_all_method.py:71: RuntimeWarning: Mean of empty slice
  return np.nanmean(samp_cur[year_idx-1850, :], axis = 1)
/users/jnickla1/.conda/envs/cleanpy/lib/python3.13/site-packages/numpy/lib/_nanfunctions_impl.py:2019: RuntimeWarning: Degrees of freedom <= 0 for slice.
  var = nanvar(a, axis=axis, dtype=dtype, out=out, ddof=ddof,
/oscar/data/deeps/private/bfoxkemp/jnickla1/Thorne_15_codefigurestats/Methods/43_Forcing_Based/1_ERF_FaIR/FaIR_all_method.py:99: RuntimeWarning: Mean of empty slice
  cdist = np.nanmean(dist)
/oscar/data/deeps/private/bfoxkemp/jnickla1/Thorne_15_codefigurestats/Methods/43_Forcing_Based/1_ERF_FaIR/FaIR_all_unB_method.py:95: RuntimeWarning: Mean of empty slice
  return np.nanmean(samp_cur[year_idx-1850, :], axis = 1)
/users/jnickla1/.conda/envs/cleanpy/lib/python3.13/site-packages/numpy/lib/_nanfunctions_impl.py:2019: RuntimeWarning: Degrees of freedom <= 0 for slice.
  var = nanvar(a, axis=axis, dtype=dtype, out=out, ddof=ddof,
/oscar/data/deeps/private/bfoxkemp/jnickla1/Thorne_15_codefigurestats/Methods/43_Forcing_Based/1_ERF_FaIR/FaIR_all_unB_method.py:123: RuntimeWarning: Mean of empty slice
  cdist = np.nanmean(dist)
/oscar/data/deeps/private/bfoxkemp/jnickla1/Thorne_15_codefigurestats/Methods/43_Forcing_Based/1_ERF_FaIR/FaIR_comb_unB_method.py:155: RuntimeWarning: Mean of empty slice
  return np.nanmean(samp_cur[year_idx-1850, :], axis = 1)
/users/jnickla1/.conda/envs/cleanpy/lib/python3.13/site-packages/numpy/lib/_nanfunctions_impl.py:2019: RuntimeWarning: Degrees of freedom <= 0 for slice.
  var = nanvar(a, axis=axis, dtype=dtype, out=out, ddof=ddof,
/oscar/data/deeps/private/bfoxkemp/jnickla1/Thorne_15_codefigurestats/Methods/43_Forcing_Based/1_ERF_FaIR/FaIR_comb_unB_method.py:183: RuntimeWarning: Mean of empty slice
  cdist = np.nanmean(dist)
/oscar/data/deeps/private/bfoxkemp/jnickla1/Thorne_15_codefigurestats/Methods/43_Forcing_Based/1_ERF_FaIR/FaIR_nonat_unB_method.py:97: RuntimeWarning: Mean of empty slice
  return np.nanmean(samp_cur[year_idx-1850, :], axis = 1)
/users/jnickla1/.conda/envs/cleanpy/lib/python3.13/site-packages/numpy/lib/_nanfunctions_impl.py:2019: RuntimeWarning: Degrees of freedom <= 0 for slice.
  var = nanvar(a, axis=axis, dtype=dtype, out=out, ddof=ddof,
/oscar/data/deeps/private/bfoxkemp/jnickla1/Thorne_15_codefigurestats/Methods/43_Forcing_Based/1_ERF_FaIR/FaIR_nonat_unB_method.py:125: RuntimeWarning: Mean of empty slice
  cdist = np.nanmean(dist)
/oscar/data/deeps/private/bfoxkemp/jnickla1/Thorne_15_codefigurestats/Methods/43_Forcing_Based/1_ERF_FaIR/FaIR_comb_unB_method.py:155: RuntimeWarning: Mean of empty slice
  return np.nanmean(samp_cur[year_idx-1850, :], axis = 1)
/users/jnickla1/.conda/envs/cleanpy/lib/python3.13/site-packages/numpy/lib/_nanfunctions_impl.py:2019: RuntimeWarning: Degrees of freedom <= 0 for slice.
  var = nanvar(a, axis=axis, dtype=dtype, out=out, ddof=ddof,
/oscar/data/deeps/private/bfoxkemp/jnickla1/Thorne_15_codefigurestats/Methods/43_Forcing_Based/1_ERF_FaIR/FaIR_comb_unB_method.py:183: RuntimeWarning: Mean of empty slice
  cdist = np.nanmean(dist)
/oscar/data/deeps/private/bfoxkemp/jnickla1/Thorne_15_codefigurestats/Methods/43_Forcing_Based/1_ERF_FaIR/FaIR_comb_unB_method.py:155: RuntimeWarning: Mean of empty slice
  return np.nanmean(samp_cur[year_idx-1850, :], axis = 1)
/users/jnickla1/.conda/envs/cleanpy/lib/python3.13/site-packages/numpy/lib/_nanfunctions_impl.py:2019: RuntimeWarning: Degrees of freedom <= 0 for slice.
  var = nanvar(a, axis=axis, dtype=dtype, out=out, ddof=ddof,
/oscar/data/deeps/private/bfoxkemp/jnickla1/Thorne_15_codefigurestats/Methods/43_Forcing_Based/1_ERF_FaIR/FaIR_comb_unB_method.py:183: RuntimeWarning: Mean of empty slice
  cdist = np.nanmean(dist)
/oscar/data/deeps/private/bfoxkemp/jnickla1/Thorne_15_codefigurestats/Methods/43_Forcing_Based/1_ERF_FaIR/FaIR_all_unB_method.py:95: RuntimeWarning: Mean of empty slice
  return np.nanmean(samp_cur[year_idx-1850, :], axis = 1)
/users/jnickla1/.conda/envs/cleanpy/lib/python3.13/site-packages/numpy/lib/_nanfunctions_impl.py:2019: RuntimeWarning: Degrees of freedom <= 0 for slice.
  var = nanvar(a, axis=axis, dtype=dtype, out=out, ddof=ddof,
/oscar/data/deeps/private/bfoxkemp/jnickla1/Thorne_15_codefigurestats/Methods/43_Forcing_Based/1_ERF_FaIR/FaIR_all_unB_method.py:123: RuntimeWarning: Mean of empty slice
  cdist = np.nanmean(dist)
starting computation for fut_NorESM_RCP45_VolcConst
max_runs50
Model number:
49




Methods/42_Temp_Alone/1_Run_Means/cent10y_method.py
Methods/42_Temp_Alone/1_Run_Means/cent20y_method.py
Methods/42_Temp_Alone/1_Run_Means/cent21y_method.py
Methods/42_Temp_Alone/1_Run_Means/cent30y_method.py
Methods/42_Temp_Alone/1_Run_Means/lag10y_method.py
Methods/42_Temp_Alone/1_Run_Means/lag5y_method.py
Methods/42_Temp_Alone/1_Run_Means/offset11y_method.py
Methods/42_Temp_Alone/1_Run_Means/raw1y_method.py
Methods/43_Forcing_Based/1_ERF_FaIR/FaIR_all_method.py
Methods/43_Forcing_Based/1_ERF_FaIR/FaIR_all_unB_method.py
Methods/43_Forcing_Based/1_ERF_FaIR/FaIR_anthro_method.py
Methods/43_Forcing_Based/1_ERF_FaIR/FaIR_anthro_unB_method.py
Methods/43_Forcing_Based/1_ERF_FaIR/FaIR_comb_unB_method.py
Methods/43_Forcing_Based/1_ERF_FaIR/FaIR_nonat_method.py
Methods/43_Forcing_Based/1_ERF_FaIR/FaIR_nonat_unB_method.py
evaluating 13 of 0.1°C thresholds, starting at 1.1°C
11
FaIR_anthro sampled, d llike: -0.6615621208687577
FaIR_anthro sampled, d llike: -56.86988954104115
FaIR_anthro_unB sampled, d llike: -0.009867106562806538
FaIR_anthro_unB sampled, d llike: -5.675332463138971
FaIR_nonat sampled, d llike: 0.007525547177701236
FaIR_nonat sampled, d llike: 0.14195618146824002
FaIR_nonat_unB sampled, d llike: 0.004296947595248568
FaIR_nonat_unB sampled, d llike: -0.01851190025014804
FaIR_all sampled, d llike: -12841.940167090665
FaIR_all sampled, d llike: 0.11798336632260154
FaIR_all_unB sampled, d llike: -0.03299790432060434
FaIR_all_unB sampled, d llike: -0.02904258943909488
FaIR_comb_unB sampled, d llike: -0.01405258209260385
FaIR_comb_unB sampled, d llike: 0.07224188276927838
        method_name    method_class c/r  smooth_r  avg_unc.(1se)  #q<0.5  #q<0.1    log-likeli       RMS      bias        tlog-l      100log-l    100RMS     75RMS   100bias        l15       l20    bias50   Edyrs15    Edyrs20   Mdyrs15    Mdyrs20   Fdyrs15    Fdyrs20     EdyrsA    RMSyrsA  ncEdyrs     e100log-l   e100RMS    e75RMS  e100bias       el15       el20   ebias50  eEdyrs15   eEdyrs20  eMdyrs15   eMdyrs20  eFdyrs15   eFdyrs20    eEdyrsA   eRMSyrsA  nceEdyrs
21    FaIR_comb_unB   43/1_ERF_FaIR   c     2.680       0.078620       0       0      1.372665  0.051827 -0.028912  2.141358e+02  1.344111e+02  0.024590  0.018532  0.001055   4.725252  4.335602 -0.013648 -0.083333   0.833333 -0.083333   0.833333 -0.083333   0.833333   0.192308   1.925703     13.0  1.315913e+02  0.035891  0.040267 -0.018429   4.643293   4.439707 -0.047104 -0.250000   1.250000 -0.250000   1.250000 -0.250000   1.250000   1.621795   1.621795      13.0
15   FaIR_nonat_unB   43/1_ERF_FaIR   c     2.665       0.089869       0       0      1.129060  0.073202 -0.043854  1.806496e+02  1.227619e+02  0.027034  0.021162 -0.000323   3.933970  3.674246 -0.016803 -0.250000   1.583333 -0.250000   1.583333 -0.250000   1.583333   0.083333   1.672905     14.0  1.208028e+02  0.037911  0.042158 -0.019807   3.873881   3.702716 -0.050259 -0.416667   2.000000 -0.416667   2.000000 -0.416667   2.000000   1.512821   1.512821      14.0
19     FaIR_all_unB   43/1_ERF_FaIR   c     3.625       0.091052       0       0      1.249762  0.055371 -0.013851  1.999620e+02  1.206753e+02  0.028341  0.023849  0.001573   3.886708  3.717621 -0.018081 -0.333333   0.166667 -0.333333   0.166667 -0.333333   0.166667   0.576923   3.117191     13.0  1.174954e+02  0.042779  0.047700 -0.017911   3.841522   3.759617 -0.051537 -0.500000   0.583333 -0.500000   0.583333 -0.500000   0.583333   2.006410   2.006410      13.0
11  FaIR_anthro_unB   43/1_ERF_FaIR   c     2.030       0.095490      49       0      0.682529  0.099523 -0.060218  1.092046e+02  1.123547e+02  0.032416  0.023897  0.001268   3.665399  3.126382 -0.018427 -0.416667   1.333333 -0.416667   1.333333 -0.416667   1.333333  -0.054487   1.946706     14.0  1.110501e+02  0.041235  0.043944 -0.018216   3.645936   3.293616 -0.051883 -0.583333   1.750000 -0.583333   1.750000 -0.583333   1.750000   1.375000   1.375000      14.0
8         offset11y  42/1_Run_Means   c     2.834       0.033537     174     121     -0.589065  0.082561  0.066101 -1.354850e+02  9.998508e+01  0.045903  0.050260  0.028438  11.535257  5.863795  0.047902  0.250000  -1.083333  0.250000  -1.083333  0.250000  -1.083333  -1.416667   2.806909     13.0  1.859512e+02  0.031207  0.030268  0.008954  11.846327  10.826271  0.014446  0.083333  -0.666667  0.083333  -0.666667  0.083333  -0.666667   0.012821   0.012821      13.0
2             raw1y  42/1_Run_Means   c    35.392       0.110025       0       0      0.874414  0.100469  0.000576  2.011152e+02  9.013213e+01  0.086841  0.071191  0.007453   3.911988  0.538807  0.010394  2.833333  -0.277778  7.416667  -3.833333 -1.750000  -3.833333  -0.233974   1.243326     35.2  8.742063e+01  0.090379  0.075437 -0.012031   3.893827   3.614815 -0.023062  2.666667   0.138889  7.250000   3.666667 -1.916667  -3.416667   1.195513   1.195513      35.2
9       FaIR_anthro   43/1_ERF_FaIR   c     2.030       0.095490     140      54     -1.672835  0.184184 -0.166268 -2.676537e+02  6.827121e+01  0.109674  0.111685 -0.104782   2.166798  1.812958 -0.124477  5.083333   9.166667  5.083333   9.166667  5.083333   9.166667   7.961538  10.191542     12.0  5.104637e+01  0.129655  0.138307 -0.124266   2.299635   1.629724 -0.157933  4.916667   9.583333  4.916667   9.583333  4.916667   9.583333   8.935897   8.935897      12.0
13       FaIR_nonat   43/1_ERF_FaIR   c     2.679       0.112210     138       0     -0.082359  0.175488 -0.163190 -1.317744e+01  6.600498e+01  0.117087  0.121534 -0.113923   2.028479  2.062723 -0.130403  5.666667   9.833333  5.666667  10.583333  5.666667   9.083333   8.525641  10.566082     14.0  5.248673e+01  0.137268  0.147554 -0.133407   2.165885   1.757115 -0.163859  5.500000  10.250000  5.500000  11.000000  5.500000   9.500000   9.500000   9.500000      14.0
1             lag5y  42/1_Run_Means   c     6.365       0.042147      89      21      0.759215  0.055797 -0.017438  1.746194e+02  4.957964e+00  0.054012  0.047923 -0.027949   6.233039  3.253527 -0.017955  0.916667  -1.000000  0.916667  -1.000000  0.916667  -1.000000   1.997863   2.473950     18.0 -1.213386e+02  0.066343  0.063981 -0.047433   9.041753  13.972703 -0.051411  0.750000  -0.583333  0.750000  -0.583333  0.750000  -0.583333   3.427350   3.427350      18.0
0            lag10y  42/1_Run_Means   c     3.214       0.034571     110      57      0.373328  0.061130 -0.039375  8.586533e+01 -1.340502e+02  0.080861  0.079917 -0.072366   0.017179  4.489234 -0.054112  4.250000   2.750000  4.250000   2.750000  4.250000   2.750000   4.509615   4.618932     14.0 -3.670627e+02  0.097064  0.099629 -0.091850   0.045578   0.491443 -0.087567  4.083333   3.166667  4.083333   3.166667  4.083333   3.166667   5.939103   5.939103      14.0
17         FaIR_all   43/1_ERF_FaIR   c     3.476       0.005581     160     160 -14035.460366  0.195641 -0.183523 -2.245674e+06 -1.099265e+06  0.185012  0.191572 -0.182835   0.000000  0.000000 -0.202489  8.916667  19.916667  8.916667  19.916667  8.916667  19.916667  13.391026  15.183229     10.0 -1.338504e+06  0.206015  0.218207 -0.202319   0.000000   0.000000 -0.235945  8.750000  20.333333  8.750000  20.333333  8.750000  20.333333  13.929487  13.929487      10.0
4.555752538999999
finished this run
starting computation for fut_NorESM_RCP45_Volc
max_runs50
Model number:
49




Methods/42_Temp_Alone/1_Run_Means/cent10y_method.py
Methods/42_Temp_Alone/1_Run_Means/cent20y_method.py
Methods/42_Temp_Alone/1_Run_Means/cent21y_method.py
Methods/42_Temp_Alone/1_Run_Means/cent30y_method.py
Methods/42_Temp_Alone/1_Run_Means/lag10y_method.py
Methods/42_Temp_Alone/1_Run_Means/lag5y_method.py
Methods/42_Temp_Alone/1_Run_Means/offset11y_method.py
Methods/42_Temp_Alone/1_Run_Means/raw1y_method.py
Methods/43_Forcing_Based/1_ERF_FaIR/FaIR_all_method.py
Methods/43_Forcing_Based/1_ERF_FaIR/FaIR_all_unB_method.py
Methods/43_Forcing_Based/1_ERF_FaIR/FaIR_anthro_method.py
Methods/43_Forcing_Based/1_ERF_FaIR/FaIR_anthro_unB_method.py
Methods/43_Forcing_Based/1_ERF_FaIR/FaIR_comb_unB_method.py
Methods/43_Forcing_Based/1_ERF_FaIR/FaIR_nonat_method.py
Methods/43_Forcing_Based/1_ERF_FaIR/FaIR_nonat_unB_method.py
evaluating 13 of 0.1°C thresholds, starting at 1.1°C
11
FaIR_anthro sampled, d llike: -0.3889052998539462
FaIR_anthro sampled, d llike: -52.39591078689973
FaIR_anthro_unB sampled, d llike: 0.0016196772977860041
FaIR_anthro_unB sampled, d llike: -5.174343224333837
FaIR_nonat sampled, d llike: 0.028314662136693286
FaIR_nonat sampled, d llike: 0.15385815383410023
FaIR_nonat_unB sampled, d llike: 0.002896278609247238
FaIR_nonat_unB sampled, d llike: -0.021455076954584484
FaIR_all sampled, d llike: -15117.01984744536
FaIR_all sampled, d llike: 0.11220193443733717
FaIR_all_unB sampled, d llike: -0.020560064729979732
FaIR_all_unB sampled, d llike: -0.041826444509698524
FaIR_comb_unB sampled, d llike: 0.0012032414184661722
FaIR_comb_unB sampled, d llike: -0.10300815760681054
        method_name    method_class c/r  smooth_r  avg_unc.(1se)  #q<0.5  #q<0.1    log-likeli       RMS      bias        tlog-l      100log-l    100RMS     75RMS   100bias       l15       l20    bias50   Edyrs15    Edyrs20    Mdyrs15    Mdyrs20   Fdyrs15    Fdyrs20     EdyrsA    RMSyrsA  ncEdyrs     e100log-l   e100RMS    e75RMS  e100bias          el15          el20   ebias50   eEdyrs15   eEdyrs20   eMdyrs15   eMdyrs20   eFdyrs15   eFdyrs20    eEdyrsA   eRMSyrsA  nceEdyrs
21    FaIR_comb_unB   43/1_ERF_FaIR   c     3.102       0.078143       0       0      1.263390  0.067533 -0.031003  1.970888e+02  1.140063e+02  0.064618  0.071704 -0.004988  3.090812  4.144774 -0.038322 -4.416667   2.083333  -4.416667   3.833333 -4.416667   0.333333   0.131410   4.176543     15.0  9.473688e+01  0.087421  0.097360 -0.008086  1.823810e+00  1.725061e+00 -0.086312  -6.250000   8.250000  -6.250000  10.000000  -6.250000   6.500000   0.580128   0.580128      15.0
15   FaIR_nonat_unB   43/1_ERF_FaIR   c     2.448       0.089472       0       0      1.063101  0.081294 -0.042403  1.700961e+02  1.111527e+02  0.056096  0.062308 -0.000302  3.017458  3.596772 -0.024458 -3.750000   0.583333  -3.750000   0.583333 -3.750000   0.583333  -0.275641   3.874983     13.0  9.873386e+01  0.076426  0.084199 -0.003400  2.150281e+00  2.331343e+00 -0.072448  -5.583333   6.750000  -5.583333   6.750000  -5.583333   6.750000   0.173077   0.173077      13.0
11  FaIR_anthro_unB   43/1_ERF_FaIR   c     2.124       0.094878      46       0      0.642614  0.105788 -0.059092  1.028182e+02  1.021875e+02  0.059955  0.066990  0.000791  2.820325  2.770904 -0.023811 -3.750000   1.250000  -3.750000   1.250000 -3.750000   1.250000  -0.269231   4.092415     13.0  9.523954e+01  0.077731  0.085373 -0.002307  1.900341e+00  2.287032e+00 -0.071801  -5.583333   7.416667  -5.583333   7.416667  -5.583333   7.416667   0.179487   0.179487      13.0
8         offset11y  42/1_Run_Means   c     2.939       0.034996     166     116     -0.609826  0.082625  0.064266 -1.402599e+02  9.502217e+01  0.046214  0.051913  0.022970  5.373715  7.256074  0.035658 -3.916667   0.500000  -3.916667   0.500000 -3.916667   0.500000  -1.173077   2.536802     14.0 -2.801938e+01  0.070831  0.076993  0.019872  4.099027e+00  1.757570e-02 -0.012332  -5.750000   6.666667  -5.750000   6.666667  -5.750000   6.666667  -0.724359   0.724359      14.0
19     FaIR_all_unB   43/1_ERF_FaIR   c     6.281       0.090455       0       0      1.041575  0.086726 -0.021284  1.666520e+02  8.528010e+01  0.095873  0.106349 -0.013702  2.523734  3.795705 -0.069909 -4.833333   2.250000  -4.833333   5.416667 -4.833333  -0.916667   1.488248   4.298245     21.0  6.008998e+01  0.121773  0.133969 -0.016800  1.303366e+00  1.257209e+00 -0.117899  -6.666667   8.416667  -6.666667  11.583333  -6.666667   5.250000   1.936966   1.936966      21.0
2             raw1y  42/1_Run_Means   c    34.803       0.115782       0       0      0.810136  0.106588 -0.001906  1.863313e+02  7.552767e+01  0.104444  0.105270  0.000330  3.686539  0.918823 -0.008014 -3.187500  -4.083333  -9.833333 -16.000000 -9.833333 -16.000000  -0.472756   3.340390     39.4  6.162066e+01  0.120506  0.117691 -0.002769  3.285119e+00  1.218739e-01 -0.056004  -5.020833   2.083333 -11.666667  10.833333 -11.666667  -9.833333  -0.024038   0.024038      39.4
9       FaIR_anthro   43/1_ERF_FaIR   c     2.124       0.094878     117      51     -1.450137  0.187006 -0.165142 -2.320220e+02  5.918744e+01  0.121134  0.116436 -0.105259  3.352865  2.302777 -0.129861  1.333333   8.916667   1.333333   8.916667  1.333333   8.916667   6.458333   7.819725     14.0  5.409797e+01  0.133334  0.145677 -0.108357  3.641000e+00  8.360928e-01 -0.177851  -0.500000  15.083333  -0.500000  15.083333  -0.500000  15.083333   6.907051   6.907051      14.0
13       FaIR_nonat   43/1_ERF_FaIR   c     2.452       0.111707     120       0     -0.097200  0.178058 -0.161721 -1.555202e+01  5.723904e+01  0.126965  0.122192 -0.113902  2.893967  1.818712 -0.138058  2.083333   9.250000   2.083333   9.250000  2.083333   9.250000   6.961538   8.216359     14.0  5.145996e+01  0.139708  0.152800 -0.117000  3.089241e+00  6.809010e-01 -0.186048   0.250000  15.416667   0.250000  15.416667   0.250000  15.416667   7.410256   7.410256      14.0
1             lag5y  42/1_Run_Means   c     6.055       0.043679     103      32      0.752230  0.062000 -0.019486  1.730129e+02 -8.439505e-01  0.070162  0.073671 -0.033964  0.113390  6.752463 -0.031782  4.791667  -0.500000   6.000000  -0.500000  3.583333  -0.500000   2.057692   2.428959     18.2 -3.228608e+01  0.092977  0.104409 -0.037062  6.565215e+00  3.827449e-11 -0.079772   2.958333   5.666667   4.166667   5.666667   1.750000   5.666667   2.506410   2.506410      18.2
0            lag10y  42/1_Run_Means   c     3.226       0.036004     111      61      0.629926  0.064496 -0.041224  1.448831e+02 -8.422245e+01  0.088244  0.079010 -0.077870  0.125802  0.742084 -0.066709  6.833333   2.416667   6.833333   2.416667  6.833333   2.416667   4.304487   4.582649     15.0 -2.056380e+02  0.107250  0.119484 -0.080968  2.147504e+00  1.068652e-17 -0.114699   5.000000   8.583333   5.000000   8.583333   5.000000   8.583333   4.753205   4.753205      15.0
17         FaIR_all   43/1_ERF_FaIR   c     6.184       0.005578     160     160 -16566.013387  0.213391 -0.191138 -2.650562e+06 -1.552538e+06  0.219662  0.225389 -0.198110  0.000000  0.000000 -0.254317  8.041667  12.500000  12.000000  12.500000  4.083333  12.500000  12.780983  14.056336     18.2 -1.691019e+06  0.234587  0.256700 -0.201208  8.590796e-50  0.000000e+00 -0.302307  11.916667  18.666667  23.333333  18.666667   2.250000  18.666667  13.732906  13.732906      19.3
4.6581750699999995
finished this run
/oscar/data/deeps/private/bfoxkemp/jnickla1/Thorne_15_codefigurestats/Methods/43_Forcing_Based/1_ERF_FaIR/FaIR_all_method.py:71: RuntimeWarning: Mean of empty slice
  return np.nanmean(samp_cur[year_idx-1850, :], axis = 1)
/users/jnickla1/.conda/envs/cleanpy/lib/python3.13/site-packages/numpy/lib/_nanfunctions_impl.py:2019: RuntimeWarning: Degrees of freedom <= 0 for slice.
  var = nanvar(a, axis=axis, dtype=dtype, out=out, ddof=ddof,
/oscar/data/deeps/private/bfoxkemp/jnickla1/Thorne_15_codefigurestats/Methods/43_Forcing_Based/1_ERF_FaIR/FaIR_all_method.py:99: RuntimeWarning: Mean of empty slice
  cdist = np.nanmean(dist)
starting computation for fut_ESM1-2-LR_SSP126_constVolc
max_runs50
Model number:
49




Methods/42_Temp_Alone/1_Run_Means/cent10y_method.py
Methods/42_Temp_Alone/1_Run_Means/cent20y_method.py
Methods/42_Temp_Alone/1_Run_Means/cent21y_method.py
Methods/42_Temp_Alone/1_Run_Means/cent30y_method.py
Methods/42_Temp_Alone/1_Run_Means/lag10y_method.py
Methods/42_Temp_Alone/1_Run_Means/lag5y_method.py
Methods/42_Temp_Alone/1_Run_Means/offset11y_method.py
Methods/42_Temp_Alone/1_Run_Means/raw1y_method.py
Methods/43_Forcing_Based/1_ERF_FaIR/FaIR_all_method.py
Methods/43_Forcing_Based/1_ERF_FaIR/FaIR_all_unB_method.py
Methods/43_Forcing_Based/1_ERF_FaIR/FaIR_anthro_method.py
Methods/43_Forcing_Based/1_ERF_FaIR/FaIR_anthro_unB_method.py
Methods/43_Forcing_Based/1_ERF_FaIR/FaIR_comb_unB_method.py
Methods/43_Forcing_Based/1_ERF_FaIR/FaIR_nonat_method.py
Methods/43_Forcing_Based/1_ERF_FaIR/FaIR_nonat_unB_method.py
evaluating 6 of 0.1°C thresholds, starting at 1.1°C
11
FaIR_anthro sampled, d llike: -0.0011846800857253648
FaIR_anthro sampled, d llike: -0.25847626425905823
FaIR_anthro_unB sampled, d llike: 0.0012690969962270149
FaIR_anthro_unB sampled, d llike: -0.12778869457758057
FaIR_nonat sampled, d llike: -0.026614894422850366
FaIR_nonat sampled, d llike: -0.06664512719562032
FaIR_nonat_unB sampled, d llike: -0.024559784912837612
FaIR_nonat_unB sampled, d llike: -0.06518165608620952
FaIR_all sampled, d llike: -2403.0779699101267
FaIR_all sampled, d llike: -0.06018665676777735
FaIR_all_unB sampled, d llike: -0.0034722060765901563
FaIR_all_unB sampled, d llike: -0.04998390656258933
FaIR_comb_unB sampled, d llike: -0.02004551970074986
FaIR_comb_unB sampled, d llike: 0.11602751516421894
        method_name    method_class c/r  smooth_r  avg_unc.(1se)  #q<0.5  #q<0.1   log-likeli       RMS      bias         tlog-l       100log-l    100RMS     75RMS   100bias            l15  l20    bias50    Edyrs15  Edyrs20    Mdyrs15  Mdyrs20    Fdyrs15  Fdyrs20    EdyrsA    RMSyrsA  ncEdyrs      e100log-l   e100RMS    e75RMS  e100bias          el15  el20   ebias50  eEdyrs15  eEdyrs20   eMdyrs15  eMdyrs20  eFdyrs15  eFdyrs20   eEdyrsA  eRMSyrsA  nceEdyrs
21    FaIR_comb_unB   43/1_ERF_FaIR   c     1.962       0.072048       0       0     1.404950  0.055904  0.003087     220.577180     122.667591  0.062548  0.055656  0.027771   5.181163e+00  0.0 -0.023476  -3.083333       -1  -3.083333       -1  -3.083333       -1 -3.381944   6.462611      7.0     133.322788  0.049780  0.037995  0.025957  5.248894e+00   0.0 -0.008354  0.166667        -1   0.166667        -1  0.166667        -1 -1.965278  1.965278       7.0
1             lag5y  42/1_Run_Means   c     5.211       0.048818      55      11     1.218979  0.057308 -0.013090     281.584191     118.700569  0.050888  0.050406 -0.008823   1.504677e+00  0.0  0.009825   3.750000       -1   3.750000       -1   3.750000       -1  3.250000   3.600813     10.0      82.319848  0.065486  0.061680 -0.010637  1.772807e-01   0.0  0.024947  7.000000        -1   7.000000        -1  7.000000        -1  4.666667  4.666667      10.0
15   FaIR_nonat_unB   43/1_ERF_FaIR   c     1.919       0.081776       0       0     1.350830  0.053913  0.002603     217.483674     118.296536  0.060916  0.055940  0.025006   4.667768e+00  0.0 -0.024790  -2.750000       -1  -2.750000       -1  -2.750000       -1 -2.638889   6.955713      8.0     127.165056  0.047645  0.038425  0.023192  4.699966e+00   0.0 -0.009668  0.500000        -1   0.500000        -1  0.500000        -1 -1.222222  1.222222       8.0
11  FaIR_anthro_unB   43/1_ERF_FaIR   c     1.561       0.083382       0       0     1.239355  0.065753 -0.011570     199.536154     117.413312  0.062350  0.059200  0.025730   4.323340e+00  0.0 -0.023913  -3.666667       -1  -3.666667       -1  -3.666667       -1 -2.798611   7.782135      8.0     126.329207  0.046909  0.041013  0.023917  4.283304e+00   0.0 -0.008790 -0.416667        -1  -0.416667        -1 -0.416667        -1 -1.381944  1.381944       8.0
9       FaIR_anthro   43/1_ERF_FaIR   c     1.561       0.083382       0       0     1.261242  0.064859 -0.004120     203.060031     115.631450  0.065776  0.061288  0.033180   4.385868e+00  0.0 -0.016463  -4.250000       -1  -4.250000       -1  -4.250000       -1 -3.229167   8.750479      7.0     124.641032  0.051111  0.043680  0.031367  4.235223e+00   0.0 -0.001340 -1.000000        -1  -1.000000        -1 -1.000000        -1 -1.812500  1.812500       7.0
0            lag10y  42/1_Run_Means   c     2.726       0.038771     108      20     1.086755  0.055476 -0.029585     251.040422     106.833112  0.054327  0.049504 -0.031271   1.283203e-01  0.0  0.007676   4.666667       -1   4.666667       -1   4.666667       -1  5.500000   6.541357      7.0      28.345205  0.068844  0.065741 -0.033085  1.452448e-01   0.0  0.022798  7.916667        -1   7.916667        -1  7.916667        -1  6.916667  6.916667       7.0
19     FaIR_all_unB   43/1_ERF_FaIR   c     2.991       0.084458       0       0     1.179537  0.074763  0.006581     189.905388     106.706579  0.075857  0.061412  0.032852   4.413450e+00  0.0 -0.032488  -0.166667       -1  -0.166667       -1  -0.166667       -1 -3.777778   7.828456      7.0     114.161687  0.065935  0.044154  0.031038  4.442921e+00   0.0 -0.017365  3.083333        -1   3.083333        -1  3.083333        -1 -2.361111  2.361111       7.0
13       FaIR_nonat   43/1_ERF_FaIR   c     1.965       0.102096       0       0     1.187930  0.056489  0.003808     191.256690     105.242849  0.063247  0.057083  0.030245   3.728326e+00  0.0 -0.019551  -3.583333       -1  -3.583333       -1  -3.583333       -1 -3.256944   7.438191      8.0     111.320402  0.050403  0.039844  0.028431  3.753076e+00   0.0 -0.004429 -0.333333        -1  -0.333333        -1 -0.333333        -1 -1.840278  1.840278       8.0
2             raw1y  42/1_Run_Means   c    26.782       0.126187       0       0     0.705176  0.117650  0.000027     162.895664      62.022073  0.122275  0.117017  0.005769   2.146082e+00  0.0  0.007198  -0.250000       -1 -10.750000       -1 -10.750000       -1 -0.006283   3.673147     30.5      59.100885  0.125948  0.117999  0.003955  3.255324e+00   0.0  0.022320  3.000000        -1  10.916667        -1 -7.500000        -1  1.410384  1.410384      30.5
8         offset11y  42/1_Run_Means   c     2.420       0.037461     200     107    -1.047371  0.091175  0.077095    -241.942768     -79.521679  0.087392  0.099140  0.073808   3.596703e+00  0.0  0.116355  -5.833333       -1  -5.833333       -1  -5.833333       -1 -3.062500   3.523934      8.0    -127.675698  0.095050  0.106779  0.071994  7.631873e+00   0.0  0.131477 -2.583333        -1  -2.583333        -1 -2.583333        -1 -1.645833  1.645833       8.0
17         FaIR_all   43/1_ERF_FaIR   c     2.799       0.005563     150     140 -2619.621939  0.086295  0.043845 -421759.132255 -347847.908238  0.095268  0.073069  0.066340  1.317197e-228  0.0  0.001001 -11.833333       -1 -11.833333       -1 -11.833333       -1 -6.666667  10.550145      7.0 -296657.338888  0.086878  0.058323  0.064526  7.559849e-34   0.0  0.016123 -8.583333        -1  -8.583333        -1 -8.583333        -1 -5.250000  5.250000       7.0
4.775032363
finished this run
/oscar/data/deeps/private/bfoxkemp/jnickla1/Thorne_15_codefigurestats/Methods/43_Forcing_Based/1_ERF_FaIR/FaIR_comb_unB_method.py:155: RuntimeWarning: Mean of empty slice
  return np.nanmean(samp_cur[year_idx-1850, :], axis = 1)
/users/jnickla1/.conda/envs/cleanpy/lib/python3.13/site-packages/numpy/lib/_nanfunctions_impl.py:2019: RuntimeWarning: Degrees of freedom <= 0 for slice.
  var = nanvar(a, axis=axis, dtype=dtype, out=out, ddof=ddof,
/oscar/data/deeps/private/bfoxkemp/jnickla1/Thorne_15_codefigurestats/Methods/43_Forcing_Based/1_ERF_FaIR/FaIR_comb_unB_method.py:183: RuntimeWarning: Mean of empty slice
  cdist = np.nanmean(dist)
starting computation for fut_ESM1-2-LR_SSP245_constVolc
max_runs50
Model number:
49




Methods/42_Temp_Alone/1_Run_Means/cent10y_method.py
Methods/42_Temp_Alone/1_Run_Means/cent20y_method.py
Methods/42_Temp_Alone/1_Run_Means/cent21y_method.py
Methods/42_Temp_Alone/1_Run_Means/cent30y_method.py
Methods/42_Temp_Alone/1_Run_Means/lag10y_method.py
Methods/42_Temp_Alone/1_Run_Means/lag5y_method.py
Methods/42_Temp_Alone/1_Run_Means/offset11y_method.py
Methods/42_Temp_Alone/1_Run_Means/raw1y_method.py
Methods/43_Forcing_Based/1_ERF_FaIR/FaIR_all_method.py
Methods/43_Forcing_Based/1_ERF_FaIR/FaIR_all_unB_method.py
Methods/43_Forcing_Based/1_ERF_FaIR/FaIR_anthro_method.py
Methods/43_Forcing_Based/1_ERF_FaIR/FaIR_anthro_unB_method.py
Methods/43_Forcing_Based/1_ERF_FaIR/FaIR_comb_unB_method.py
Methods/43_Forcing_Based/1_ERF_FaIR/FaIR_nonat_method.py
Methods/43_Forcing_Based/1_ERF_FaIR/FaIR_nonat_unB_method.py
evaluating 13 of 0.1°C thresholds, starting at 1.1°C
11
FaIR_anthro sampled, d llike: -0.022697389257396505
FaIR_anthro sampled, d llike: -0.489160893487191
FaIR_anthro_unB sampled, d llike: -0.02207878854029932
FaIR_anthro_unB sampled, d llike: -0.40708076896385736
FaIR_nonat sampled, d llike: -0.04004087241128995
FaIR_nonat sampled, d llike: -0.04799185036751252
FaIR_nonat_unB sampled, d llike: -0.03717549863567693
FaIR_nonat_unB sampled, d llike: -0.04658771342666257
FaIR_all sampled, d llike: -1915.067142356102
FaIR_all sampled, d llike: -0.04466389790916492
FaIR_all_unB sampled, d llike: -0.019568077922311522
FaIR_all_unB sampled, d llike: -0.03770896555998715
FaIR_comb_unB sampled, d llike: -0.03058022016676354
FaIR_comb_unB sampled, d llike: -0.007919197120789145
        method_name    method_class c/r  smooth_r  avg_unc.(1se)  #q<0.5  #q<0.1   log-likeli       RMS      bias         tlog-l       100log-l    100RMS     75RMS   100bias       l15            l20    bias50   Edyrs15   Edyrs20   Mdyrs15   Mdyrs20   Fdyrs15   Fdyrs20    EdyrsA   RMSyrsA  ncEdyrs      e100log-l   e100RMS    e75RMS  e100bias      el15          el20   ebias50  eEdyrs15  eEdyrs20  eMdyrs15  eMdyrs20  eFdyrs15  eFdyrs20   eEdyrsA  eRMSyrsA  nceEdyrs
8         offset11y  42/1_Run_Means   c     2.577       0.037880     165      61    -0.029192  0.076882  0.058296      -6.743431     155.677659  0.039239  0.039163  0.026087  7.300623   9.499253e+00  0.038800  0.250000 -0.250000  0.250000 -0.250000  0.250000 -0.250000 -1.355769  2.654243     14.0     160.290333  0.040899  0.035498  0.021167  7.317900  3.511127e+00  0.018899 -0.333333  2.000000 -0.333333  2.000000 -0.333333  2.000000 -1.086310  1.086310      15.0
21    FaIR_comb_unB   43/1_ERF_FaIR   c     2.118       0.075157       0       0     1.459637  0.044810  0.003928     229.162990     129.030028  0.046336  0.029983  0.026450  4.961430   4.902971e+00 -0.000582 -1.083333 -1.333333 -1.083333 -1.333333 -1.083333 -1.333333 -1.423077  2.748931     13.0     128.343041  0.047774  0.032188  0.021529  4.585546  4.599424e+00 -0.020484 -1.666667  0.916667 -1.666667  0.916667 -1.666667  0.916667 -0.630952  0.630952      14.0
15   FaIR_nonat_unB   43/1_ERF_FaIR   c     2.144       0.085239       0       0     1.380885  0.042581  0.002047     222.322502     122.877047  0.042234  0.029229  0.024233  4.455306   4.220018e+00  0.001038 -1.083333 -1.333333 -1.083333 -1.333333 -1.083333 -1.333333 -1.275641  2.406255     13.0     122.943720  0.043330  0.031386  0.019313  4.245369  4.022125e+00 -0.018863 -1.666667  0.916667 -1.666667  0.916667 -1.666667  0.916667 -0.431548  0.431548      15.0
11  FaIR_anthro_unB   43/1_ERF_FaIR   c     1.718       0.088498       0       0     1.252599  0.055280 -0.009851     201.668425     115.809669  0.043958  0.032391  0.025905  3.872391   3.725401e+00  0.003884 -1.416667 -2.000000 -1.416667 -2.000000 -1.416667 -2.000000 -1.647436  2.671970     13.0     117.441124  0.042716  0.033119  0.020985  3.725635  4.187453e+00 -0.016018 -2.000000  0.250000 -2.000000  0.250000 -2.000000  0.250000 -0.702381  0.702381      14.0
9       FaIR_anthro   43/1_ERF_FaIR   c     1.718       0.088498       0       0     1.264002  0.054698 -0.005751     203.504316     114.758590  0.046492  0.034487  0.030005  3.830740   3.663511e+00  0.007984 -1.500000 -2.166667 -1.500000 -2.166667 -1.500000 -2.166667 -1.858974  2.807195     13.0     116.477445  0.044872  0.034225  0.025085  3.674392  4.152372e+00 -0.011918 -2.083333  0.083333 -2.083333  0.083333 -2.083333  0.083333 -0.934524  0.934524      14.0
19     FaIR_all_unB   43/1_ERF_FaIR   c     3.233       0.087942       0       0     1.206027  0.066047  0.005165     194.170306     113.247657  0.058020  0.033793  0.031707  4.146702   4.277899e+00 -0.006827 -1.166667 -1.000000 -1.166667 -1.000000 -1.166667 -1.000000 -1.564103  3.160419     13.0     111.133620  0.061842  0.037821  0.026787  3.816771  3.856500e+00 -0.026728 -1.750000  1.250000 -1.750000  1.250000 -1.750000  1.250000 -0.669643  0.669643      15.0
13       FaIR_nonat   43/1_ERF_FaIR   c     2.200       0.106423       0       0     1.189366  0.045846  0.003516     191.487870     105.192387  0.045632  0.031775  0.029763  3.578212   3.365059e+00  0.006568 -1.166667 -1.583333 -1.166667 -1.583333 -1.166667 -1.583333 -1.653846  2.606902     14.0     105.444057  0.046062  0.032430  0.024843  3.469303  3.276529e+00 -0.013333 -1.750000  0.666667 -1.750000  0.666667 -1.750000  0.666667 -0.839286  0.839286      15.0
1             lag5y  42/1_Run_Means   c     5.834       0.048800      58      15     1.144779  0.058451 -0.021267     264.444000     101.560379  0.054088  0.055321 -0.029581  4.271039   6.282782e+00 -0.029072  1.000000  0.916667  1.000000  0.916667  1.000000  0.916667  1.980769  2.421580     17.0      60.908527  0.064918  0.063753 -0.034501  4.512887  3.135402e-02 -0.048974  0.416667  3.166667  0.416667  3.166667  0.416667  3.166667  2.708333  2.708333      18.0
2             raw1y  42/1_Run_Means   c    29.793       0.125645       0       0     0.709044  0.117226 -0.001878     163.789274      62.822223  0.121235  0.112190  0.000932  0.099357   1.077276e+00 -0.010389 -0.888889  0.375000 -5.916667  2.666667 -5.916667 -1.916667 -0.536004  2.749661     48.3      60.677667  0.123937  0.113124 -0.003988  0.072597  3.365374e+00 -0.030290 -1.472222  2.625000 -6.500000  4.916667 -6.500000  0.333333 -0.142956  0.142956      53.3
0            lag10y  42/1_Run_Means   c     2.757       0.039061     156      42     0.649603  0.066876 -0.046672     150.058320       5.851011  0.080576  0.084431 -0.074646  1.378523   1.293582e+00 -0.063693  5.333333  4.750000  5.333333  4.750000  5.333333  4.750000  4.067308  4.290360     14.0     -67.860239  0.087822  0.092562 -0.079567  2.052057  2.442950e-07 -0.083594  4.750000  7.000000  4.750000  7.000000  4.750000  7.000000  4.747024  4.747024      15.0
17         FaIR_all   43/1_ERF_FaIR   c     2.944       0.005561     154     142 -2094.673678  0.079275  0.044355 -337242.462215 -256283.609041  0.082840  0.054581  0.067093  0.000000  3.027794e-175  0.028559 -3.083333 -2.500000 -3.083333 -2.500000 -3.083333 -2.500000 -3.782051  4.630584     13.0 -273099.533180  0.083501  0.051962  0.062173  0.000000  2.519573e+00  0.008658 -3.666667 -0.250000 -3.666667 -0.250000 -3.666667 -0.250000 -2.910714  2.910714      14.0
5.278077747
finished this run
/oscar/data/deeps/private/bfoxkemp/jnickla1/Thorne_15_codefigurestats/Methods/43_Forcing_Based/1_ERF_FaIR/FaIR_all_unB_method.py:95: RuntimeWarning: Mean of empty slice
  return np.nanmean(samp_cur[year_idx-1850, :], axis = 1)
/users/jnickla1/.conda/envs/cleanpy/lib/python3.13/site-packages/numpy/lib/_nanfunctions_impl.py:2019: RuntimeWarning: Degrees of freedom <= 0 for slice.
  var = nanvar(a, axis=axis, dtype=dtype, out=out, ddof=ddof,
/oscar/data/deeps/private/bfoxkemp/jnickla1/Thorne_15_codefigurestats/Methods/43_Forcing_Based/1_ERF_FaIR/FaIR_all_unB_method.py:123: RuntimeWarning: Mean of empty slice
  cdist = np.nanmean(dist)
/oscar/data/deeps/private/bfoxkemp/jnickla1/Thorne_15_codefigurestats/Methods/43_Forcing_Based/1_ERF_FaIR/FaIR_comb_unB_method.py:155: RuntimeWarning: Mean of empty slice
  return np.nanmean(samp_cur[year_idx-1850, :], axis = 1)
/users/jnickla1/.conda/envs/cleanpy/lib/python3.13/site-packages/numpy/lib/_nanfunctions_impl.py:2019: RuntimeWarning: Degrees of freedom <= 0 for slice.
  var = nanvar(a, axis=axis, dtype=dtype, out=out, ddof=ddof,
/oscar/data/deeps/private/bfoxkemp/jnickla1/Thorne_15_codefigurestats/Methods/43_Forcing_Based/1_ERF_FaIR/FaIR_comb_unB_method.py:183: RuntimeWarning: Mean of empty slice
  cdist = np.nanmean(dist)
starting computation for fut_ESM1-2-LR_SSP370_constVolc
max_runs50
Model number:
49




Methods/42_Temp_Alone/1_Run_Means/cent10y_method.py
Methods/42_Temp_Alone/1_Run_Means/cent20y_method.py
Methods/42_Temp_Alone/1_Run_Means/cent21y_method.py
Methods/42_Temp_Alone/1_Run_Means/cent30y_method.py
Methods/42_Temp_Alone/1_Run_Means/lag10y_method.py
Methods/42_Temp_Alone/1_Run_Means/lag5y_method.py
Methods/42_Temp_Alone/1_Run_Means/offset11y_method.py
Methods/42_Temp_Alone/1_Run_Means/raw1y_method.py
Methods/43_Forcing_Based/1_ERF_FaIR/FaIR_all_method.py
Methods/43_Forcing_Based/1_ERF_FaIR/FaIR_all_unB_method.py
Methods/43_Forcing_Based/1_ERF_FaIR/FaIR_anthro_method.py
Methods/43_Forcing_Based/1_ERF_FaIR/FaIR_anthro_unB_method.py
Methods/43_Forcing_Based/1_ERF_FaIR/FaIR_comb_unB_method.py
Methods/43_Forcing_Based/1_ERF_FaIR/FaIR_nonat_method.py
Methods/43_Forcing_Based/1_ERF_FaIR/FaIR_nonat_unB_method.py
evaluating 23 of 0.1°C thresholds, starting at 1.1°C
11
FaIR_anthro sampled, d llike: -0.021127868481554346
FaIR_anthro sampled, d llike: -0.14405901779925778
FaIR_anthro_unB sampled, d llike: -0.009027265026749776
FaIR_anthro_unB sampled, d llike: -1.0454946982623459
FaIR_nonat sampled, d llike: -0.0349955334326395
FaIR_nonat sampled, d llike: -0.007862185236913621
FaIR_nonat_unB sampled, d llike: -0.0281758797239422
FaIR_nonat_unB sampled, d llike: -0.02025941647214813
FaIR_all sampled, d llike: -1874.6364769224178
FaIR_all sampled, d llike: -0.017500180917459085
FaIR_all_unB sampled, d llike: -0.008172695706182953
FaIR_all_unB sampled, d llike: -0.013843800477336021
FaIR_comb_unB sampled, d llike: -0.016976831946934334
FaIR_comb_unB sampled, d llike: -0.24928383269525325
        method_name    method_class c/r  smooth_r  avg_unc.(1se)  #q<0.5  #q<0.1   log-likeli       RMS      bias         tlog-l       100log-l    100RMS     75RMS   100bias           l15       l20    bias50   Edyrs15   Edyrs20   Mdyrs15   Mdyrs20   Fdyrs15   Fdyrs20    EdyrsA   RMSyrsA  ncEdyrs      e100log-l   e100RMS    e75RMS  e100bias          el15       el20   ebias50  eEdyrs15  eEdyrs20  eMdyrs15  eMdyrs20  eFdyrs15  eFdyrs20   eEdyrsA  eRMSyrsA  nceEdyrs
15   FaIR_nonat_unB   43/1_ERF_FaIR   c     1.832       0.083093       0       0     1.353204  0.051707  0.016880     217.865901     115.274843  0.061874  0.042374  0.027023  4.699243e+00  4.545021 -0.003584 -0.750000  0.666667 -0.750000  0.666667 -0.750000  0.666667 -0.760870  2.516971     23.0     117.191070  0.059370  0.040667  0.010393  4.753605e+00   4.574681 -0.036136 -0.666667  0.333333 -0.666667  0.333333 -0.666667  0.333333  0.018116  0.018116      23.0
9       FaIR_anthro   43/1_ERF_FaIR   c     1.699       0.085898       0       0     1.255671  0.059486 -0.021578     202.163067     114.838605  0.056081  0.049350  0.002298  3.955808e+00  3.344128 -0.031214 -0.166667  1.666667 -0.166667  1.666667 -0.166667  1.666667  0.123188  2.139320     23.0     112.749545  0.059517  0.058293 -0.014333  3.946212e+00   3.533499 -0.063766 -0.083333  1.333333 -0.083333  1.333333 -0.083333  1.333333  0.902174  0.902174      23.0
21    FaIR_comb_unB   43/1_ERF_FaIR   c     1.906       0.073194       0       0     1.380490  0.057284  0.019730     216.736916     112.686903  0.069533  0.045850  0.028694  5.385461e+00  5.276486 -0.010635 -0.833333  0.833333 -0.833333  0.833333 -0.833333  0.833333 -0.789855  2.831628     23.0     113.879105  0.068349  0.046320  0.012064  5.412849e+00   5.310784 -0.043188 -0.750000  0.500000 -0.750000  0.500000 -0.750000  0.500000 -0.010870  0.010870      23.0
11  FaIR_anthro_unB   43/1_ERF_FaIR   c     1.699       0.085898       0       0     1.331388  0.055793  0.006322     214.353530     111.801997  0.063653  0.045583  0.030198  4.102904e+00  3.912920 -0.003314 -1.583333  0.833333 -1.583333  0.833333 -1.583333  0.833333 -0.887681  2.537699     23.0     114.555474  0.059337  0.042395  0.013567  4.092695e+00   4.121130 -0.035866 -1.500000  0.500000 -1.500000  0.500000 -1.500000  0.500000 -0.108696  0.108696      23.0
13       FaIR_nonat   43/1_ERF_FaIR   c     1.879       0.103731       0       0     1.192473  0.051803 -0.012135     191.988228     106.039334  0.055698  0.047875  0.002043  3.736387e+00  3.528948 -0.028564  0.666667  1.500000  0.666667  1.500000  0.666667  1.500000  0.144928  2.140026     23.0     103.741953  0.060246  0.057125 -0.014587  3.677279e+00   3.603939 -0.061116  0.750000  1.166667  0.750000  1.166667  0.750000  1.166667  0.923913  0.923913      23.0
19     FaIR_all_unB   43/1_ERF_FaIR   c     3.006       0.085899       0       0     1.178144  0.073162  0.017395     189.681128     103.042884  0.076864  0.046941  0.032875  4.648820e+00  4.437931 -0.010931 -0.583333  0.750000 -0.583333  0.750000 -0.583333  0.750000 -0.873188  3.052826     23.0     102.432706  0.076970  0.047613  0.016245  4.662231e+00   4.465542 -0.043484 -0.500000  0.416667 -0.500000  0.416667 -0.500000  0.416667 -0.094203  0.094203      23.0
8         offset11y  42/1_Run_Means   c     2.558       0.040767     174      67    -0.323927  0.081742  0.036721     -74.827121      87.593968  0.059133  0.064539 -0.028681  5.940847e+00  4.880240 -0.061084  1.666667  1.500000  1.666667  1.500000  1.666667  1.500000  1.409420  1.887139     24.0       3.710651  0.082088  0.090384 -0.045311  5.385898e+00   6.160518 -0.093636  1.750000  1.166667  1.750000  1.166667  1.750000  1.166667  2.188406  2.188406      24.0
2             raw1y  42/1_Run_Means   c    27.966       0.128075       0       0     0.686633  0.119783 -0.003466     158.612169      58.093212  0.127424  0.124121 -0.003099  2.903192e+00  0.536833 -0.002329  0.277778  0.958333  3.250000  2.333333 -2.750000 -0.416667 -0.403339  1.787767     55.3      53.016835  0.133691  0.129070 -0.019729  2.846050e+00   0.456600 -0.034882  0.361111  0.625000  3.333333  2.000000 -2.666667 -0.750000  0.375647  0.375647      55.3
1             lag5y  42/1_Run_Means   c     5.492       0.049575      75      27     0.464298  0.071050 -0.031197     107.252948     -55.630673  0.084067  0.091628 -0.054787  4.873929e+00  1.675391 -0.063698  2.333333  1.333333  3.833333  1.333333  0.833333  1.333333  2.189614  2.762549     27.2    -163.852693  0.105711  0.113449 -0.071417  4.371171e+00   1.965940 -0.096250  2.416667  1.000000  3.916667  1.000000  0.916667  1.000000  2.968599  2.968599      27.2
0            lag10y  42/1_Run_Means   c     2.771       0.041663     169      86    -0.983997  0.095004 -0.066425    -227.303242    -371.510552  0.134353  0.151521 -0.124790  1.264653e-01  0.044117 -0.153638  4.750000  5.083333  4.750000  5.083333  4.750000  5.083333  4.663043  4.795863     23.0    -547.011656  0.156713  0.176780 -0.141420  9.454559e-02   0.085612 -0.186190  4.833333  4.750000  4.833333  4.750000  4.833333  4.750000  5.442029  5.442029      23.0
17         FaIR_all   43/1_ERF_FaIR   c     2.803       0.005553     150     141 -2047.000646  0.077620  0.029811 -329567.104052 -254007.455315  0.080937  0.047493  0.041516  5.693809e-71  5.476671 -0.002291 -0.833333  0.583333 -0.833333  0.583333 -0.833333  0.583333 -1.181159  3.208345     23.0 -250441.521345  0.079245  0.043979  0.024886  8.873839e-41  91.526421 -0.034843 -0.750000  0.250000 -0.750000  0.250000 -0.750000  0.250000 -0.402174  0.402174      23.0
6.63847857
finished this run
All processes completed.
