## SLURM PROLOG ###############################################################
##    Job ID : 14551487
##  Job Name : all_crossing_eval
##  Nodelist : node2339
##      CPUs : 1
##   Mem/CPU : 5120 MB
## Directory : /oscar/data/deeps/private/bfoxkemp/jnickla1/Thorne_15_codefigurestats
##   Job Started : Wed Nov 26 10:11:32 PM EST 2025
###############################################################################
/oscar/data/deeps/private/bfoxkemp/jnickla1/Thorne_15_codefigurestats/fut_evaluation_gen_ensemble.py:20: RuntimeWarning: Mean of empty slice
  return np.nanmean(standards_np,axis=0)
/oscar/data/deeps/private/bfoxkemp/jnickla1/Thorne_15_codefigurestats/fut_evaluation_gen_ensemble.py:20: RuntimeWarning: Mean of empty slice
  return np.nanmean(standards_np,axis=0)
/oscar/data/deeps/private/bfoxkemp/jnickla1/Thorne_15_codefigurestats/fut_evaluation_gen_ensemble.py:20: RuntimeWarning: Mean of empty slice
  return np.nanmean(standards_np,axis=0)
/oscar/data/deeps/private/bfoxkemp/jnickla1/Thorne_15_codefigurestats/fut_evaluation_gen_ensemble.py:20: RuntimeWarning: Mean of empty slice
  return np.nanmean(standards_np,axis=0)
/oscar/data/deeps/private/bfoxkemp/jnickla1/Thorne_15_codefigurestats/fut_evaluation_gen_ensemble.py:20: RuntimeWarning: Mean of empty slice
  return np.nanmean(standards_np,axis=0)
/oscar/data/deeps/private/bfoxkemp/jnickla1/Thorne_15_codefigurestats/Methods/43_Forcing_Based/1_ERF_FaIR/FaIR_all_method.py:53: RuntimeWarning: Mean of empty slice
  samp_mean =  np.nanmean(samp_cur, axis = 1)
/oscar/data/deeps/private/bfoxkemp/jnickla1/Thorne_15_codefigurestats/Methods/43_Forcing_Based/1_ERF_FaIR/FaIR_all_method.py:53: RuntimeWarning: Mean of empty slice
  samp_mean =  np.nanmean(samp_cur, axis = 1)
/oscar/data/deeps/private/bfoxkemp/jnickla1/Thorne_15_codefigurestats/Methods/43_Forcing_Based/1_ERF_FaIR/FaIR_all_unB_method.py:70: RuntimeWarning: Mean of empty slice
  samp_mean =  np.nanmean(samp_cur, axis = 1)
/oscar/data/deeps/private/bfoxkemp/jnickla1/Thorne_15_codefigurestats/Methods/43_Forcing_Based/1_ERF_FaIR/FaIR_all_unB_method.py:70: RuntimeWarning: Mean of empty slice
  samp_mean =  np.nanmean(samp_cur, axis = 1)
/oscar/data/deeps/private/bfoxkemp/jnickla1/Thorne_15_codefigurestats/Methods/43_Forcing_Based/1_ERF_FaIR/FaIR_anthro_method.py:53: RuntimeWarning: Mean of empty slice
  samp_mean =  np.nanmean(samp_cur, axis = 1)
/oscar/data/deeps/private/bfoxkemp/jnickla1/Thorne_15_codefigurestats/Methods/43_Forcing_Based/1_ERF_FaIR/FaIR_anthro_method.py:53: RuntimeWarning: Mean of empty slice
  samp_mean =  np.nanmean(samp_cur, axis = 1)
/oscar/data/deeps/private/bfoxkemp/jnickla1/Thorne_15_codefigurestats/Methods/43_Forcing_Based/1_ERF_FaIR/FaIR_anthro_unB_method.py:70: RuntimeWarning: Mean of empty slice
  samp_mean =  np.nanmean(samp_cur, axis = 1)
/oscar/data/deeps/private/bfoxkemp/jnickla1/Thorne_15_codefigurestats/Methods/43_Forcing_Based/1_ERF_FaIR/FaIR_anthro_unB_method.py:70: RuntimeWarning: Mean of empty slice
  samp_mean =  np.nanmean(samp_cur, axis = 1)
/oscar/data/deeps/private/bfoxkemp/jnickla1/Thorne_15_codefigurestats/Methods/43_Forcing_Based/1_ERF_FaIR/FaIR_comb_unB_method.py:70: RuntimeWarning: Mean of empty slice
  samp_mean =  np.nanmean(samp_cur, axis = 1)
/oscar/data/deeps/private/bfoxkemp/jnickla1/Thorne_15_codefigurestats/Methods/43_Forcing_Based/1_ERF_FaIR/FaIR_comb_unB_method.py:126: RuntimeWarning: Mean of empty slice
  samp_meanAll =  np.nanmean(samp_curAll, axis = 1)
/oscar/data/deeps/private/bfoxkemp/jnickla1/Thorne_15_codefigurestats/Methods/43_Forcing_Based/1_ERF_FaIR/FaIR_comb_unB_method.py:70: RuntimeWarning: Mean of empty slice
  samp_mean =  np.nanmean(samp_cur, axis = 1)
/oscar/data/deeps/private/bfoxkemp/jnickla1/Thorne_15_codefigurestats/Methods/43_Forcing_Based/1_ERF_FaIR/FaIR_comb_unB_method.py:126: RuntimeWarning: Mean of empty slice
  samp_meanAll =  np.nanmean(samp_curAll, axis = 1)
/oscar/data/deeps/private/bfoxkemp/jnickla1/Thorne_15_codefigurestats/Methods/43_Forcing_Based/1_ERF_FaIR/FaIR_nonat_method.py:53: RuntimeWarning: Mean of empty slice
  samp_mean =  np.nanmean(samp_cur, axis = 1)
/oscar/data/deeps/private/bfoxkemp/jnickla1/Thorne_15_codefigurestats/Methods/43_Forcing_Based/1_ERF_FaIR/FaIR_nonat_method.py:53: RuntimeWarning: Mean of empty slice
  samp_mean =  np.nanmean(samp_cur, axis = 1)
/oscar/data/deeps/private/bfoxkemp/jnickla1/Thorne_15_codefigurestats/Methods/43_Forcing_Based/1_ERF_FaIR/FaIR_nonat_unB_method.py:72: RuntimeWarning: Mean of empty slice
  samp_mean =  np.nanmean(samp_cur, axis = 1)
/oscar/data/deeps/private/bfoxkemp/jnickla1/Thorne_15_codefigurestats/Methods/43_Forcing_Based/1_ERF_FaIR/FaIR_nonat_unB_method.py:72: RuntimeWarning: Mean of empty slice
  samp_mean =  np.nanmean(samp_cur, axis = 1)
/oscar/data/deeps/private/bfoxkemp/jnickla1/Thorne_15_codefigurestats/Methods/43_Forcing_Based/1_ERF_FaIR/FaIR_all_method.py:71: RuntimeWarning: Mean of empty slice
  return np.nanmean(samp_cur[year_idx-1850, :], axis = 1)
/users/jnickla1/.conda/envs/cleanpy/lib/python3.13/site-packages/numpy/lib/_nanfunctions_impl.py:2019: RuntimeWarning: Degrees of freedom <= 0 for slice.
  var = nanvar(a, axis=axis, dtype=dtype, out=out, ddof=ddof,
/oscar/data/deeps/private/bfoxkemp/jnickla1/Thorne_15_codefigurestats/Methods/43_Forcing_Based/1_ERF_FaIR/FaIR_all_unB_method.py:95: RuntimeWarning: Mean of empty slice
  return np.nanmean(samp_cur[year_idx-1850, :], axis = 1)
/oscar/data/deeps/private/bfoxkemp/jnickla1/Thorne_15_codefigurestats/Methods/43_Forcing_Based/1_ERF_FaIR/FaIR_anthro_method.py:71: RuntimeWarning: Mean of empty slice
  return np.nanmean(samp_cur[year_idx-1850, :], axis = 1)
/oscar/data/deeps/private/bfoxkemp/jnickla1/Thorne_15_codefigurestats/Methods/43_Forcing_Based/1_ERF_FaIR/FaIR_all_method.py:71: RuntimeWarning: Mean of empty slice
  return np.nanmean(samp_cur[year_idx-1850, :], axis = 1)
/users/jnickla1/.conda/envs/cleanpy/lib/python3.13/site-packages/numpy/lib/_nanfunctions_impl.py:2019: RuntimeWarning: Degrees of freedom <= 0 for slice.
  var = nanvar(a, axis=axis, dtype=dtype, out=out, ddof=ddof,
/oscar/data/deeps/private/bfoxkemp/jnickla1/Thorne_15_codefigurestats/Methods/43_Forcing_Based/1_ERF_FaIR/FaIR_all_unB_method.py:95: RuntimeWarning: Mean of empty slice
  return np.nanmean(samp_cur[year_idx-1850, :], axis = 1)
/oscar/data/deeps/private/bfoxkemp/jnickla1/Thorne_15_codefigurestats/Methods/43_Forcing_Based/1_ERF_FaIR/FaIR_anthro_unB_method.py:94: RuntimeWarning: Mean of empty slice
  return np.nanmean(samp_cur[year_idx-1850, :], axis = 1)
/oscar/data/deeps/private/bfoxkemp/jnickla1/Thorne_15_codefigurestats/Methods/43_Forcing_Based/1_ERF_FaIR/FaIR_comb_unB_method.py:155: RuntimeWarning: Mean of empty slice
  return np.nanmean(samp_cur[year_idx-1850, :], axis = 1)
/oscar/data/deeps/private/bfoxkemp/jnickla1/Thorne_15_codefigurestats/Methods/43_Forcing_Based/1_ERF_FaIR/FaIR_anthro_method.py:71: RuntimeWarning: Mean of empty slice
  return np.nanmean(samp_cur[year_idx-1850, :], axis = 1)
/oscar/data/deeps/private/bfoxkemp/jnickla1/Thorne_15_codefigurestats/Methods/43_Forcing_Based/1_ERF_FaIR/FaIR_anthro_unB_method.py:94: RuntimeWarning: Mean of empty slice
  return np.nanmean(samp_cur[year_idx-1850, :], axis = 1)
/oscar/data/deeps/private/bfoxkemp/jnickla1/Thorne_15_codefigurestats/Methods/43_Forcing_Based/1_ERF_FaIR/FaIR_nonat_method.py:70: RuntimeWarning: Mean of empty slice
  return np.nanmean(samp_cur[year_idx-1850, :], axis = 1)
/oscar/data/deeps/private/bfoxkemp/jnickla1/Thorne_15_codefigurestats/Methods/43_Forcing_Based/1_ERF_FaIR/FaIR_comb_unB_method.py:155: RuntimeWarning: Mean of empty slice
  return np.nanmean(samp_cur[year_idx-1850, :], axis = 1)
/oscar/data/deeps/private/bfoxkemp/jnickla1/Thorne_15_codefigurestats/Methods/43_Forcing_Based/1_ERF_FaIR/FaIR_nonat_method.py:70: RuntimeWarning: Mean of empty slice
  return np.nanmean(samp_cur[year_idx-1850, :], axis = 1)
/oscar/data/deeps/private/bfoxkemp/jnickla1/Thorne_15_codefigurestats/Methods/43_Forcing_Based/1_ERF_FaIR/FaIR_nonat_unB_method.py:97: RuntimeWarning: Mean of empty slice
  return np.nanmean(samp_cur[year_idx-1850, :], axis = 1)
/oscar/data/deeps/private/bfoxkemp/jnickla1/Thorne_15_codefigurestats/Methods/43_Forcing_Based/1_ERF_FaIR/FaIR_nonat_unB_method.py:97: RuntimeWarning: Mean of empty slice
  return np.nanmean(samp_cur[year_idx-1850, :], axis = 1)
/oscar/data/deeps/private/bfoxkemp/jnickla1/Thorne_15_codefigurestats/Methods/43_Forcing_Based/1_ERF_FaIR/FaIR_anthro_method.py:71: RuntimeWarning: Mean of empty slice
  return np.nanmean(samp_cur[year_idx-1850, :], axis = 1)
/oscar/data/deeps/private/bfoxkemp/jnickla1/Thorne_15_codefigurestats/Methods/43_Forcing_Based/1_ERF_FaIR/FaIR_anthro_method.py:71: RuntimeWarning: Mean of empty slice
  return np.nanmean(samp_cur[year_idx-1850, :], axis = 1)
/oscar/data/deeps/private/bfoxkemp/jnickla1/Thorne_15_codefigurestats/Methods/43_Forcing_Based/1_ERF_FaIR/FaIR_anthro_unB_method.py:94: RuntimeWarning: Mean of empty slice
  return np.nanmean(samp_cur[year_idx-1850, :], axis = 1)
/oscar/data/deeps/private/bfoxkemp/jnickla1/Thorne_15_codefigurestats/Methods/43_Forcing_Based/1_ERF_FaIR/FaIR_nonat_method.py:70: RuntimeWarning: Mean of empty slice
  return np.nanmean(samp_cur[year_idx-1850, :], axis = 1)
/oscar/data/deeps/private/bfoxkemp/jnickla1/Thorne_15_codefigurestats/Methods/43_Forcing_Based/1_ERF_FaIR/FaIR_nonat_unB_method.py:97: RuntimeWarning: Mean of empty slice
  return np.nanmean(samp_cur[year_idx-1850, :], axis = 1)
/oscar/data/deeps/private/bfoxkemp/jnickla1/Thorne_15_codefigurestats/Methods/43_Forcing_Based/1_ERF_FaIR/FaIR_anthro_unB_method.py:94: RuntimeWarning: Mean of empty slice
  return np.nanmean(samp_cur[year_idx-1850, :], axis = 1)
/oscar/data/deeps/private/bfoxkemp/jnickla1/Thorne_15_codefigurestats/Methods/43_Forcing_Based/1_ERF_FaIR/FaIR_nonat_method.py:70: RuntimeWarning: Mean of empty slice
  return np.nanmean(samp_cur[year_idx-1850, :], axis = 1)
/oscar/data/deeps/private/bfoxkemp/jnickla1/Thorne_15_codefigurestats/Methods/43_Forcing_Based/1_ERF_FaIR/FaIR_nonat_unB_method.py:97: RuntimeWarning: Mean of empty slice
  return np.nanmean(samp_cur[year_idx-1850, :], axis = 1)
/oscar/data/deeps/private/bfoxkemp/jnickla1/Thorne_15_codefigurestats/Methods/43_Forcing_Based/1_ERF_FaIR/FaIR_all_method.py:71: RuntimeWarning: Mean of empty slice
  return np.nanmean(samp_cur[year_idx-1850, :], axis = 1)
/oscar/data/deeps/private/bfoxkemp/jnickla1/Thorne_15_codefigurestats/Methods/43_Forcing_Based/1_ERF_FaIR/FaIR_all_method.py:71: RuntimeWarning: Mean of empty slice
  return np.nanmean(samp_cur[year_idx-1850, :], axis = 1)
/oscar/data/deeps/private/bfoxkemp/jnickla1/Thorne_15_codefigurestats/Methods/43_Forcing_Based/1_ERF_FaIR/FaIR_all_unB_method.py:95: RuntimeWarning: Mean of empty slice
  return np.nanmean(samp_cur[year_idx-1850, :], axis = 1)
/oscar/data/deeps/private/bfoxkemp/jnickla1/Thorne_15_codefigurestats/Methods/43_Forcing_Based/1_ERF_FaIR/FaIR_comb_unB_method.py:155: RuntimeWarning: Mean of empty slice
  return np.nanmean(samp_cur[year_idx-1850, :], axis = 1)
/oscar/data/deeps/private/bfoxkemp/jnickla1/Thorne_15_codefigurestats/Methods/43_Forcing_Based/1_ERF_FaIR/FaIR_all_unB_method.py:95: RuntimeWarning: Mean of empty slice
  return np.nanmean(samp_cur[year_idx-1850, :], axis = 1)
/oscar/data/deeps/private/bfoxkemp/jnickla1/Thorne_15_codefigurestats/Methods/43_Forcing_Based/1_ERF_FaIR/FaIR_comb_unB_method.py:155: RuntimeWarning: Mean of empty slice
  return np.nanmean(samp_cur[year_idx-1850, :], axis = 1)
/oscar/data/deeps/private/bfoxkemp/jnickla1/Thorne_15_codefigurestats/Methods/43_Forcing_Based/1_ERF_FaIR/FaIR_anthro_method.py:71: RuntimeWarning: Mean of empty slice
  return np.nanmean(samp_cur[year_idx-1850, :], axis = 1)
/oscar/data/deeps/private/bfoxkemp/jnickla1/Thorne_15_codefigurestats/Methods/43_Forcing_Based/1_ERF_FaIR/FaIR_anthro_method.py:71: RuntimeWarning: Mean of empty slice
  return np.nanmean(samp_cur[year_idx-1850, :], axis = 1)
/users/jnickla1/.conda/envs/cleanpy/lib/python3.13/site-packages/numpy/lib/_nanfunctions_impl.py:2019: RuntimeWarning: Degrees of freedom <= 0 for slice.
  var = nanvar(a, axis=axis, dtype=dtype, out=out, ddof=ddof,
/oscar/data/deeps/private/bfoxkemp/jnickla1/Thorne_15_codefigurestats/Methods/43_Forcing_Based/1_ERF_FaIR/FaIR_anthro_method.py:99: RuntimeWarning: Mean of empty slice
  cdist = np.nanmean(dist)
/users/jnickla1/.conda/envs/cleanpy/lib/python3.13/site-packages/numpy/lib/_nanfunctions_impl.py:2019: RuntimeWarning: Degrees of freedom <= 0 for slice.
  var = nanvar(a, axis=axis, dtype=dtype, out=out, ddof=ddof,
/oscar/data/deeps/private/bfoxkemp/jnickla1/Thorne_15_codefigurestats/Methods/43_Forcing_Based/1_ERF_FaIR/FaIR_anthro_method.py:99: RuntimeWarning: Mean of empty slice
  cdist = np.nanmean(dist)
/oscar/data/deeps/private/bfoxkemp/jnickla1/Thorne_15_codefigurestats/Methods/43_Forcing_Based/1_ERF_FaIR/FaIR_anthro_unB_method.py:94: RuntimeWarning: Mean of empty slice
  return np.nanmean(samp_cur[year_idx-1850, :], axis = 1)
/users/jnickla1/.conda/envs/cleanpy/lib/python3.13/site-packages/numpy/lib/_nanfunctions_impl.py:2019: RuntimeWarning: Degrees of freedom <= 0 for slice.
  var = nanvar(a, axis=axis, dtype=dtype, out=out, ddof=ddof,
/oscar/data/deeps/private/bfoxkemp/jnickla1/Thorne_15_codefigurestats/Methods/43_Forcing_Based/1_ERF_FaIR/FaIR_anthro_unB_method.py:122: RuntimeWarning: Mean of empty slice
  cdist = np.nanmean(dist)
/oscar/data/deeps/private/bfoxkemp/jnickla1/Thorne_15_codefigurestats/Methods/43_Forcing_Based/1_ERF_FaIR/FaIR_anthro_unB_method.py:94: RuntimeWarning: Mean of empty slice
  return np.nanmean(samp_cur[year_idx-1850, :], axis = 1)
/users/jnickla1/.conda/envs/cleanpy/lib/python3.13/site-packages/numpy/lib/_nanfunctions_impl.py:2019: RuntimeWarning: Degrees of freedom <= 0 for slice.
  var = nanvar(a, axis=axis, dtype=dtype, out=out, ddof=ddof,
/oscar/data/deeps/private/bfoxkemp/jnickla1/Thorne_15_codefigurestats/Methods/43_Forcing_Based/1_ERF_FaIR/FaIR_anthro_unB_method.py:122: RuntimeWarning: Mean of empty slice
  cdist = np.nanmean(dist)
/oscar/data/deeps/private/bfoxkemp/jnickla1/Thorne_15_codefigurestats/Methods/43_Forcing_Based/1_ERF_FaIR/FaIR_all_method.py:53: RuntimeWarning: Mean of empty slice
  samp_mean =  np.nanmean(samp_cur, axis = 1)
/oscar/data/deeps/private/bfoxkemp/jnickla1/Thorne_15_codefigurestats/Methods/43_Forcing_Based/1_ERF_FaIR/FaIR_all_unB_method.py:70: RuntimeWarning: Mean of empty slice
  samp_mean =  np.nanmean(samp_cur, axis = 1)
/oscar/data/deeps/private/bfoxkemp/jnickla1/Thorne_15_codefigurestats/Methods/43_Forcing_Based/1_ERF_FaIR/FaIR_all_method.py:53: RuntimeWarning: Mean of empty slice
  samp_mean =  np.nanmean(samp_cur, axis = 1)
/oscar/data/deeps/private/bfoxkemp/jnickla1/Thorne_15_codefigurestats/Methods/43_Forcing_Based/1_ERF_FaIR/FaIR_anthro_method.py:53: RuntimeWarning: Mean of empty slice
  samp_mean =  np.nanmean(samp_cur, axis = 1)
/oscar/data/deeps/private/bfoxkemp/jnickla1/Thorne_15_codefigurestats/Methods/43_Forcing_Based/1_ERF_FaIR/FaIR_all_method.py:53: RuntimeWarning: Mean of empty slice
  samp_mean =  np.nanmean(samp_cur, axis = 1)
/oscar/data/deeps/private/bfoxkemp/jnickla1/Thorne_15_codefigurestats/Methods/43_Forcing_Based/1_ERF_FaIR/FaIR_all_unB_method.py:70: RuntimeWarning: Mean of empty slice
  samp_mean =  np.nanmean(samp_cur, axis = 1)
/oscar/data/deeps/private/bfoxkemp/jnickla1/Thorne_15_codefigurestats/Methods/43_Forcing_Based/1_ERF_FaIR/FaIR_anthro_unB_method.py:70: RuntimeWarning: Mean of empty slice
  samp_mean =  np.nanmean(samp_cur, axis = 1)
/oscar/data/deeps/private/bfoxkemp/jnickla1/Thorne_15_codefigurestats/Methods/43_Forcing_Based/1_ERF_FaIR/FaIR_all_unB_method.py:70: RuntimeWarning: Mean of empty slice
  samp_mean =  np.nanmean(samp_cur, axis = 1)
/oscar/data/deeps/private/bfoxkemp/jnickla1/Thorne_15_codefigurestats/Methods/43_Forcing_Based/1_ERF_FaIR/FaIR_comb_unB_method.py:70: RuntimeWarning: Mean of empty slice
  samp_mean =  np.nanmean(samp_cur, axis = 1)
/oscar/data/deeps/private/bfoxkemp/jnickla1/Thorne_15_codefigurestats/Methods/43_Forcing_Based/1_ERF_FaIR/FaIR_anthro_method.py:53: RuntimeWarning: Mean of empty slice
  samp_mean =  np.nanmean(samp_cur, axis = 1)
/oscar/data/deeps/private/bfoxkemp/jnickla1/Thorne_15_codefigurestats/Methods/43_Forcing_Based/1_ERF_FaIR/FaIR_comb_unB_method.py:126: RuntimeWarning: Mean of empty slice
  samp_meanAll =  np.nanmean(samp_curAll, axis = 1)
/oscar/data/deeps/private/bfoxkemp/jnickla1/Thorne_15_codefigurestats/Methods/43_Forcing_Based/1_ERF_FaIR/FaIR_anthro_method.py:53: RuntimeWarning: Mean of empty slice
  samp_mean =  np.nanmean(samp_cur, axis = 1)
/oscar/data/deeps/private/bfoxkemp/jnickla1/Thorne_15_codefigurestats/Methods/43_Forcing_Based/1_ERF_FaIR/FaIR_anthro_unB_method.py:70: RuntimeWarning: Mean of empty slice
  samp_mean =  np.nanmean(samp_cur, axis = 1)
/oscar/data/deeps/private/bfoxkemp/jnickla1/Thorne_15_codefigurestats/Methods/43_Forcing_Based/1_ERF_FaIR/FaIR_nonat_method.py:53: RuntimeWarning: Mean of empty slice
  samp_mean =  np.nanmean(samp_cur, axis = 1)
/oscar/data/deeps/private/bfoxkemp/jnickla1/Thorne_15_codefigurestats/Methods/43_Forcing_Based/1_ERF_FaIR/FaIR_anthro_unB_method.py:70: RuntimeWarning: Mean of empty slice
  samp_mean =  np.nanmean(samp_cur, axis = 1)
/oscar/data/deeps/private/bfoxkemp/jnickla1/Thorne_15_codefigurestats/Methods/43_Forcing_Based/1_ERF_FaIR/FaIR_comb_unB_method.py:70: RuntimeWarning: Mean of empty slice
  samp_mean =  np.nanmean(samp_cur, axis = 1)
/oscar/data/deeps/private/bfoxkemp/jnickla1/Thorne_15_codefigurestats/Methods/43_Forcing_Based/1_ERF_FaIR/FaIR_nonat_unB_method.py:72: RuntimeWarning: Mean of empty slice
  samp_mean =  np.nanmean(samp_cur, axis = 1)
/oscar/data/deeps/private/bfoxkemp/jnickla1/Thorne_15_codefigurestats/Methods/43_Forcing_Based/1_ERF_FaIR/FaIR_comb_unB_method.py:126: RuntimeWarning: Mean of empty slice
  samp_meanAll =  np.nanmean(samp_curAll, axis = 1)
/oscar/data/deeps/private/bfoxkemp/jnickla1/Thorne_15_codefigurestats/Methods/43_Forcing_Based/1_ERF_FaIR/FaIR_comb_unB_method.py:70: RuntimeWarning: Mean of empty slice
  samp_mean =  np.nanmean(samp_cur, axis = 1)
/oscar/data/deeps/private/bfoxkemp/jnickla1/Thorne_15_codefigurestats/Methods/43_Forcing_Based/1_ERF_FaIR/FaIR_comb_unB_method.py:126: RuntimeWarning: Mean of empty slice
  samp_meanAll =  np.nanmean(samp_curAll, axis = 1)
/oscar/data/deeps/private/bfoxkemp/jnickla1/Thorne_15_codefigurestats/Methods/43_Forcing_Based/1_ERF_FaIR/FaIR_all_method.py:71: RuntimeWarning: Mean of empty slice
  return np.nanmean(samp_cur[year_idx-1850, :], axis = 1)
/users/jnickla1/.conda/envs/cleanpy/lib/python3.13/site-packages/numpy/lib/_nanfunctions_impl.py:2019: RuntimeWarning: Degrees of freedom <= 0 for slice.
  var = nanvar(a, axis=axis, dtype=dtype, out=out, ddof=ddof,
/oscar/data/deeps/private/bfoxkemp/jnickla1/Thorne_15_codefigurestats/Methods/43_Forcing_Based/1_ERF_FaIR/FaIR_all_unB_method.py:95: RuntimeWarning: Mean of empty slice
  return np.nanmean(samp_cur[year_idx-1850, :], axis = 1)
/oscar/data/deeps/private/bfoxkemp/jnickla1/Thorne_15_codefigurestats/Methods/43_Forcing_Based/1_ERF_FaIR/FaIR_anthro_method.py:71: RuntimeWarning: Mean of empty slice
  return np.nanmean(samp_cur[year_idx-1850, :], axis = 1)
/oscar/data/deeps/private/bfoxkemp/jnickla1/Thorne_15_codefigurestats/Methods/43_Forcing_Based/1_ERF_FaIR/FaIR_anthro_unB_method.py:94: RuntimeWarning: Mean of empty slice
  return np.nanmean(samp_cur[year_idx-1850, :], axis = 1)
/oscar/data/deeps/private/bfoxkemp/jnickla1/Thorne_15_codefigurestats/Methods/43_Forcing_Based/1_ERF_FaIR/FaIR_nonat_method.py:53: RuntimeWarning: Mean of empty slice
  samp_mean =  np.nanmean(samp_cur, axis = 1)
/oscar/data/deeps/private/bfoxkemp/jnickla1/Thorne_15_codefigurestats/Methods/43_Forcing_Based/1_ERF_FaIR/FaIR_comb_unB_method.py:155: RuntimeWarning: Mean of empty slice
  return np.nanmean(samp_cur[year_idx-1850, :], axis = 1)
/oscar/data/deeps/private/bfoxkemp/jnickla1/Thorne_15_codefigurestats/Methods/43_Forcing_Based/1_ERF_FaIR/FaIR_nonat_method.py:53: RuntimeWarning: Mean of empty slice
  samp_mean =  np.nanmean(samp_cur, axis = 1)
/oscar/data/deeps/private/bfoxkemp/jnickla1/Thorne_15_codefigurestats/Methods/43_Forcing_Based/1_ERF_FaIR/FaIR_nonat_method.py:70: RuntimeWarning: Mean of empty slice
  return np.nanmean(samp_cur[year_idx-1850, :], axis = 1)
/oscar/data/deeps/private/bfoxkemp/jnickla1/Thorne_15_codefigurestats/Methods/43_Forcing_Based/1_ERF_FaIR/FaIR_nonat_unB_method.py:72: RuntimeWarning: Mean of empty slice
  samp_mean =  np.nanmean(samp_cur, axis = 1)
/oscar/data/deeps/private/bfoxkemp/jnickla1/Thorne_15_codefigurestats/Methods/43_Forcing_Based/1_ERF_FaIR/FaIR_nonat_unB_method.py:97: RuntimeWarning: Mean of empty slice
  return np.nanmean(samp_cur[year_idx-1850, :], axis = 1)
/oscar/data/deeps/private/bfoxkemp/jnickla1/Thorne_15_codefigurestats/Methods/43_Forcing_Based/1_ERF_FaIR/FaIR_nonat_unB_method.py:72: RuntimeWarning: Mean of empty slice
  samp_mean =  np.nanmean(samp_cur, axis = 1)
/oscar/data/deeps/private/bfoxkemp/jnickla1/Thorne_15_codefigurestats/Methods/43_Forcing_Based/1_ERF_FaIR/FaIR_anthro_method.py:71: RuntimeWarning: Mean of empty slice
  return np.nanmean(samp_cur[year_idx-1850, :], axis = 1)
/oscar/data/deeps/private/bfoxkemp/jnickla1/Thorne_15_codefigurestats/Methods/43_Forcing_Based/1_ERF_FaIR/FaIR_anthro_unB_method.py:94: RuntimeWarning: Mean of empty slice
  return np.nanmean(samp_cur[year_idx-1850, :], axis = 1)
/oscar/data/deeps/private/bfoxkemp/jnickla1/Thorne_15_codefigurestats/Methods/43_Forcing_Based/1_ERF_FaIR/FaIR_nonat_method.py:70: RuntimeWarning: Mean of empty slice
  return np.nanmean(samp_cur[year_idx-1850, :], axis = 1)
/oscar/data/deeps/private/bfoxkemp/jnickla1/Thorne_15_codefigurestats/Methods/43_Forcing_Based/1_ERF_FaIR/FaIR_nonat_unB_method.py:97: RuntimeWarning: Mean of empty slice
  return np.nanmean(samp_cur[year_idx-1850, :], axis = 1)
/oscar/data/deeps/private/bfoxkemp/jnickla1/Thorne_15_codefigurestats/Methods/43_Forcing_Based/1_ERF_FaIR/FaIR_all_method.py:71: RuntimeWarning: Mean of empty slice
  return np.nanmean(samp_cur[year_idx-1850, :], axis = 1)
/oscar/data/deeps/private/bfoxkemp/jnickla1/Thorne_15_codefigurestats/Methods/43_Forcing_Based/1_ERF_FaIR/FaIR_all_method.py:71: RuntimeWarning: Mean of empty slice
  return np.nanmean(samp_cur[year_idx-1850, :], axis = 1)
/users/jnickla1/.conda/envs/cleanpy/lib/python3.13/site-packages/numpy/lib/_nanfunctions_impl.py:2019: RuntimeWarning: Degrees of freedom <= 0 for slice.
  var = nanvar(a, axis=axis, dtype=dtype, out=out, ddof=ddof,
/oscar/data/deeps/private/bfoxkemp/jnickla1/Thorne_15_codefigurestats/Methods/43_Forcing_Based/1_ERF_FaIR/FaIR_all_unB_method.py:95: RuntimeWarning: Mean of empty slice
  return np.nanmean(samp_cur[year_idx-1850, :], axis = 1)
/oscar/data/deeps/private/bfoxkemp/jnickla1/Thorne_15_codefigurestats/Methods/43_Forcing_Based/1_ERF_FaIR/FaIR_all_unB_method.py:95: RuntimeWarning: Mean of empty slice
  return np.nanmean(samp_cur[year_idx-1850, :], axis = 1)
/oscar/data/deeps/private/bfoxkemp/jnickla1/Thorne_15_codefigurestats/Methods/43_Forcing_Based/1_ERF_FaIR/FaIR_comb_unB_method.py:155: RuntimeWarning: Mean of empty slice
  return np.nanmean(samp_cur[year_idx-1850, :], axis = 1)
/oscar/data/deeps/private/bfoxkemp/jnickla1/Thorne_15_codefigurestats/Methods/43_Forcing_Based/1_ERF_FaIR/FaIR_all_method.py:71: RuntimeWarning: Mean of empty slice
  return np.nanmean(samp_cur[year_idx-1850, :], axis = 1)
/users/jnickla1/.conda/envs/cleanpy/lib/python3.13/site-packages/numpy/lib/_nanfunctions_impl.py:2019: RuntimeWarning: Degrees of freedom <= 0 for slice.
  var = nanvar(a, axis=axis, dtype=dtype, out=out, ddof=ddof,
/oscar/data/deeps/private/bfoxkemp/jnickla1/Thorne_15_codefigurestats/Methods/43_Forcing_Based/1_ERF_FaIR/FaIR_all_unB_method.py:95: RuntimeWarning: Mean of empty slice
  return np.nanmean(samp_cur[year_idx-1850, :], axis = 1)
/oscar/data/deeps/private/bfoxkemp/jnickla1/Thorne_15_codefigurestats/Methods/43_Forcing_Based/1_ERF_FaIR/FaIR_anthro_method.py:71: RuntimeWarning: Mean of empty slice
  return np.nanmean(samp_cur[year_idx-1850, :], axis = 1)
/oscar/data/deeps/private/bfoxkemp/jnickla1/Thorne_15_codefigurestats/Methods/43_Forcing_Based/1_ERF_FaIR/FaIR_anthro_method.py:71: RuntimeWarning: Mean of empty slice
  return np.nanmean(samp_cur[year_idx-1850, :], axis = 1)
/oscar/data/deeps/private/bfoxkemp/jnickla1/Thorne_15_codefigurestats/Methods/43_Forcing_Based/1_ERF_FaIR/FaIR_anthro_unB_method.py:94: RuntimeWarning: Mean of empty slice
  return np.nanmean(samp_cur[year_idx-1850, :], axis = 1)
/oscar/data/deeps/private/bfoxkemp/jnickla1/Thorne_15_codefigurestats/Methods/43_Forcing_Based/1_ERF_FaIR/FaIR_anthro_unB_method.py:94: RuntimeWarning: Mean of empty slice
  return np.nanmean(samp_cur[year_idx-1850, :], axis = 1)
/oscar/data/deeps/private/bfoxkemp/jnickla1/Thorne_15_codefigurestats/Methods/43_Forcing_Based/1_ERF_FaIR/FaIR_comb_unB_method.py:155: RuntimeWarning: Mean of empty slice
  return np.nanmean(samp_cur[year_idx-1850, :], axis = 1)
/oscar/data/deeps/private/bfoxkemp/jnickla1/Thorne_15_codefigurestats/Methods/43_Forcing_Based/1_ERF_FaIR/FaIR_comb_unB_method.py:155: RuntimeWarning: Mean of empty slice
  return np.nanmean(samp_cur[year_idx-1850, :], axis = 1)
/oscar/data/deeps/private/bfoxkemp/jnickla1/Thorne_15_codefigurestats/Methods/43_Forcing_Based/1_ERF_FaIR/FaIR_nonat_method.py:70: RuntimeWarning: Mean of empty slice
  return np.nanmean(samp_cur[year_idx-1850, :], axis = 1)
/oscar/data/deeps/private/bfoxkemp/jnickla1/Thorne_15_codefigurestats/Methods/43_Forcing_Based/1_ERF_FaIR/FaIR_nonat_method.py:70: RuntimeWarning: Mean of empty slice
  return np.nanmean(samp_cur[year_idx-1850, :], axis = 1)
/oscar/data/deeps/private/bfoxkemp/jnickla1/Thorne_15_codefigurestats/Methods/43_Forcing_Based/1_ERF_FaIR/FaIR_nonat_unB_method.py:97: RuntimeWarning: Mean of empty slice
  return np.nanmean(samp_cur[year_idx-1850, :], axis = 1)
/oscar/data/deeps/private/bfoxkemp/jnickla1/Thorne_15_codefigurestats/Methods/43_Forcing_Based/1_ERF_FaIR/FaIR_nonat_unB_method.py:97: RuntimeWarning: Mean of empty slice
  return np.nanmean(samp_cur[year_idx-1850, :], axis = 1)
/oscar/data/deeps/private/bfoxkemp/jnickla1/Thorne_15_codefigurestats/Methods/43_Forcing_Based/1_ERF_FaIR/FaIR_anthro_method.py:71: RuntimeWarning: Mean of empty slice
  return np.nanmean(samp_cur[year_idx-1850, :], axis = 1)
/oscar/data/deeps/private/bfoxkemp/jnickla1/Thorne_15_codefigurestats/Methods/43_Forcing_Based/1_ERF_FaIR/FaIR_anthro_method.py:71: RuntimeWarning: Mean of empty slice
  return np.nanmean(samp_cur[year_idx-1850, :], axis = 1)
/oscar/data/deeps/private/bfoxkemp/jnickla1/Thorne_15_codefigurestats/Methods/43_Forcing_Based/1_ERF_FaIR/FaIR_anthro_unB_method.py:94: RuntimeWarning: Mean of empty slice
  return np.nanmean(samp_cur[year_idx-1850, :], axis = 1)
/oscar/data/deeps/private/bfoxkemp/jnickla1/Thorne_15_codefigurestats/Methods/43_Forcing_Based/1_ERF_FaIR/FaIR_anthro_unB_method.py:94: RuntimeWarning: Mean of empty slice
  return np.nanmean(samp_cur[year_idx-1850, :], axis = 1)
/oscar/data/deeps/private/bfoxkemp/jnickla1/Thorne_15_codefigurestats/Methods/43_Forcing_Based/1_ERF_FaIR/FaIR_nonat_method.py:70: RuntimeWarning: Mean of empty slice
  return np.nanmean(samp_cur[year_idx-1850, :], axis = 1)
/oscar/data/deeps/private/bfoxkemp/jnickla1/Thorne_15_codefigurestats/Methods/43_Forcing_Based/1_ERF_FaIR/FaIR_nonat_method.py:70: RuntimeWarning: Mean of empty slice
  return np.nanmean(samp_cur[year_idx-1850, :], axis = 1)
/oscar/data/deeps/private/bfoxkemp/jnickla1/Thorne_15_codefigurestats/Methods/43_Forcing_Based/1_ERF_FaIR/FaIR_nonat_unB_method.py:97: RuntimeWarning: Mean of empty slice
  return np.nanmean(samp_cur[year_idx-1850, :], axis = 1)
/oscar/data/deeps/private/bfoxkemp/jnickla1/Thorne_15_codefigurestats/Methods/43_Forcing_Based/1_ERF_FaIR/FaIR_all_method.py:71: RuntimeWarning: Mean of empty slice
  return np.nanmean(samp_cur[year_idx-1850, :], axis = 1)
/oscar/data/deeps/private/bfoxkemp/jnickla1/Thorne_15_codefigurestats/Methods/43_Forcing_Based/1_ERF_FaIR/FaIR_nonat_unB_method.py:97: RuntimeWarning: Mean of empty slice
  return np.nanmean(samp_cur[year_idx-1850, :], axis = 1)
/oscar/data/deeps/private/bfoxkemp/jnickla1/Thorne_15_codefigurestats/Methods/43_Forcing_Based/1_ERF_FaIR/FaIR_anthro_method.py:71: RuntimeWarning: Mean of empty slice
  return np.nanmean(samp_cur[year_idx-1850, :], axis = 1)
/oscar/data/deeps/private/bfoxkemp/jnickla1/Thorne_15_codefigurestats/Methods/43_Forcing_Based/1_ERF_FaIR/FaIR_all_method.py:71: RuntimeWarning: Mean of empty slice
  return np.nanmean(samp_cur[year_idx-1850, :], axis = 1)
/oscar/data/deeps/private/bfoxkemp/jnickla1/Thorne_15_codefigurestats/Methods/43_Forcing_Based/1_ERF_FaIR/FaIR_all_unB_method.py:95: RuntimeWarning: Mean of empty slice
  return np.nanmean(samp_cur[year_idx-1850, :], axis = 1)
/oscar/data/deeps/private/bfoxkemp/jnickla1/Thorne_15_codefigurestats/Methods/43_Forcing_Based/1_ERF_FaIR/FaIR_all_unB_method.py:95: RuntimeWarning: Mean of empty slice
  return np.nanmean(samp_cur[year_idx-1850, :], axis = 1)
/oscar/data/deeps/private/bfoxkemp/jnickla1/Thorne_15_codefigurestats/Methods/43_Forcing_Based/1_ERF_FaIR/FaIR_comb_unB_method.py:155: RuntimeWarning: Mean of empty slice
  return np.nanmean(samp_cur[year_idx-1850, :], axis = 1)
/oscar/data/deeps/private/bfoxkemp/jnickla1/Thorne_15_codefigurestats/Methods/43_Forcing_Based/1_ERF_FaIR/FaIR_comb_unB_method.py:155: RuntimeWarning: Mean of empty slice
  return np.nanmean(samp_cur[year_idx-1850, :], axis = 1)
/users/jnickla1/.conda/envs/cleanpy/lib/python3.13/site-packages/numpy/lib/_nanfunctions_impl.py:2019: RuntimeWarning: Degrees of freedom <= 0 for slice.
  var = nanvar(a, axis=axis, dtype=dtype, out=out, ddof=ddof,
/oscar/data/deeps/private/bfoxkemp/jnickla1/Thorne_15_codefigurestats/Methods/43_Forcing_Based/1_ERF_FaIR/FaIR_anthro_method.py:99: RuntimeWarning: Mean of empty slice
  cdist = np.nanmean(dist)
/oscar/data/deeps/private/bfoxkemp/jnickla1/Thorne_15_codefigurestats/Methods/43_Forcing_Based/1_ERF_FaIR/FaIR_anthro_method.py:71: RuntimeWarning: Mean of empty slice
  return np.nanmean(samp_cur[year_idx-1850, :], axis = 1)
/users/jnickla1/.conda/envs/cleanpy/lib/python3.13/site-packages/numpy/lib/_nanfunctions_impl.py:2019: RuntimeWarning: Degrees of freedom <= 0 for slice.
  var = nanvar(a, axis=axis, dtype=dtype, out=out, ddof=ddof,
/oscar/data/deeps/private/bfoxkemp/jnickla1/Thorne_15_codefigurestats/Methods/43_Forcing_Based/1_ERF_FaIR/FaIR_anthro_method.py:99: RuntimeWarning: Mean of empty slice
  cdist = np.nanmean(dist)
/oscar/data/deeps/private/bfoxkemp/jnickla1/Thorne_15_codefigurestats/Methods/43_Forcing_Based/1_ERF_FaIR/FaIR_anthro_method.py:71: RuntimeWarning: Mean of empty slice
  return np.nanmean(samp_cur[year_idx-1850, :], axis = 1)
/users/jnickla1/.conda/envs/cleanpy/lib/python3.13/site-packages/numpy/lib/_nanfunctions_impl.py:2019: RuntimeWarning: Degrees of freedom <= 0 for slice.
  var = nanvar(a, axis=axis, dtype=dtype, out=out, ddof=ddof,
/oscar/data/deeps/private/bfoxkemp/jnickla1/Thorne_15_codefigurestats/Methods/43_Forcing_Based/1_ERF_FaIR/FaIR_anthro_method.py:99: RuntimeWarning: Mean of empty slice
  cdist = np.nanmean(dist)
/oscar/data/deeps/private/bfoxkemp/jnickla1/Thorne_15_codefigurestats/Methods/43_Forcing_Based/1_ERF_FaIR/FaIR_nonat_method.py:70: RuntimeWarning: Mean of empty slice
  return np.nanmean(samp_cur[year_idx-1850, :], axis = 1)
/users/jnickla1/.conda/envs/cleanpy/lib/python3.13/site-packages/numpy/lib/_nanfunctions_impl.py:2019: RuntimeWarning: Degrees of freedom <= 0 for slice.
  var = nanvar(a, axis=axis, dtype=dtype, out=out, ddof=ddof,
/oscar/data/deeps/private/bfoxkemp/jnickla1/Thorne_15_codefigurestats/Methods/43_Forcing_Based/1_ERF_FaIR/FaIR_nonat_method.py:98: RuntimeWarning: Mean of empty slice
  cdist = np.nanmean(dist)
/oscar/data/deeps/private/bfoxkemp/jnickla1/Thorne_15_codefigurestats/Methods/43_Forcing_Based/1_ERF_FaIR/FaIR_nonat_method.py:70: RuntimeWarning: Mean of empty slice
  return np.nanmean(samp_cur[year_idx-1850, :], axis = 1)
/users/jnickla1/.conda/envs/cleanpy/lib/python3.13/site-packages/numpy/lib/_nanfunctions_impl.py:2019: RuntimeWarning: Degrees of freedom <= 0 for slice.
  var = nanvar(a, axis=axis, dtype=dtype, out=out, ddof=ddof,
/oscar/data/deeps/private/bfoxkemp/jnickla1/Thorne_15_codefigurestats/Methods/43_Forcing_Based/1_ERF_FaIR/FaIR_nonat_method.py:98: RuntimeWarning: Mean of empty slice
  cdist = np.nanmean(dist)
/oscar/data/deeps/private/bfoxkemp/jnickla1/Thorne_15_codefigurestats/Methods/43_Forcing_Based/1_ERF_FaIR/FaIR_anthro_unB_method.py:94: RuntimeWarning: Mean of empty slice
  return np.nanmean(samp_cur[year_idx-1850, :], axis = 1)
/users/jnickla1/.conda/envs/cleanpy/lib/python3.13/site-packages/numpy/lib/_nanfunctions_impl.py:2019: RuntimeWarning: Degrees of freedom <= 0 for slice.
  var = nanvar(a, axis=axis, dtype=dtype, out=out, ddof=ddof,
/oscar/data/deeps/private/bfoxkemp/jnickla1/Thorne_15_codefigurestats/Methods/43_Forcing_Based/1_ERF_FaIR/FaIR_anthro_unB_method.py:122: RuntimeWarning: Mean of empty slice
  cdist = np.nanmean(dist)
/oscar/data/deeps/private/bfoxkemp/jnickla1/Thorne_15_codefigurestats/Methods/43_Forcing_Based/1_ERF_FaIR/FaIR_anthro_unB_method.py:94: RuntimeWarning: Mean of empty slice
  return np.nanmean(samp_cur[year_idx-1850, :], axis = 1)
/users/jnickla1/.conda/envs/cleanpy/lib/python3.13/site-packages/numpy/lib/_nanfunctions_impl.py:2019: RuntimeWarning: Degrees of freedom <= 0 for slice.
  var = nanvar(a, axis=axis, dtype=dtype, out=out, ddof=ddof,
/oscar/data/deeps/private/bfoxkemp/jnickla1/Thorne_15_codefigurestats/Methods/43_Forcing_Based/1_ERF_FaIR/FaIR_anthro_unB_method.py:122: RuntimeWarning: Mean of empty slice
  cdist = np.nanmean(dist)
/oscar/data/deeps/private/bfoxkemp/jnickla1/Thorne_15_codefigurestats/Methods/43_Forcing_Based/1_ERF_FaIR/FaIR_nonat_unB_method.py:97: RuntimeWarning: Mean of empty slice
  return np.nanmean(samp_cur[year_idx-1850, :], axis = 1)
/users/jnickla1/.conda/envs/cleanpy/lib/python3.13/site-packages/numpy/lib/_nanfunctions_impl.py:2019: RuntimeWarning: Degrees of freedom <= 0 for slice.
  var = nanvar(a, axis=axis, dtype=dtype, out=out, ddof=ddof,
/oscar/data/deeps/private/bfoxkemp/jnickla1/Thorne_15_codefigurestats/Methods/43_Forcing_Based/1_ERF_FaIR/FaIR_nonat_unB_method.py:125: RuntimeWarning: Mean of empty slice
  cdist = np.nanmean(dist)
/oscar/data/deeps/private/bfoxkemp/jnickla1/Thorne_15_codefigurestats/Methods/43_Forcing_Based/1_ERF_FaIR/FaIR_nonat_unB_method.py:97: RuntimeWarning: Mean of empty slice
  return np.nanmean(samp_cur[year_idx-1850, :], axis = 1)
/users/jnickla1/.conda/envs/cleanpy/lib/python3.13/site-packages/numpy/lib/_nanfunctions_impl.py:2019: RuntimeWarning: Degrees of freedom <= 0 for slice.
  var = nanvar(a, axis=axis, dtype=dtype, out=out, ddof=ddof,
/oscar/data/deeps/private/bfoxkemp/jnickla1/Thorne_15_codefigurestats/Methods/43_Forcing_Based/1_ERF_FaIR/FaIR_nonat_unB_method.py:125: RuntimeWarning: Mean of empty slice
  cdist = np.nanmean(dist)
/oscar/data/deeps/private/bfoxkemp/jnickla1/Thorne_15_codefigurestats/Methods/43_Forcing_Based/1_ERF_FaIR/FaIR_anthro_unB_method.py:94: RuntimeWarning: Mean of empty slice
  return np.nanmean(samp_cur[year_idx-1850, :], axis = 1)
/users/jnickla1/.conda/envs/cleanpy/lib/python3.13/site-packages/numpy/lib/_nanfunctions_impl.py:2019: RuntimeWarning: Degrees of freedom <= 0 for slice.
  var = nanvar(a, axis=axis, dtype=dtype, out=out, ddof=ddof,
/oscar/data/deeps/private/bfoxkemp/jnickla1/Thorne_15_codefigurestats/Methods/43_Forcing_Based/1_ERF_FaIR/FaIR_anthro_unB_method.py:122: RuntimeWarning: Mean of empty slice
  cdist = np.nanmean(dist)
/oscar/data/deeps/private/bfoxkemp/jnickla1/Thorne_15_codefigurestats/Methods/43_Forcing_Based/1_ERF_FaIR/FaIR_nonat_method.py:70: RuntimeWarning: Mean of empty slice
  return np.nanmean(samp_cur[year_idx-1850, :], axis = 1)
/users/jnickla1/.conda/envs/cleanpy/lib/python3.13/site-packages/numpy/lib/_nanfunctions_impl.py:2019: RuntimeWarning: Degrees of freedom <= 0 for slice.
  var = nanvar(a, axis=axis, dtype=dtype, out=out, ddof=ddof,
/oscar/data/deeps/private/bfoxkemp/jnickla1/Thorne_15_codefigurestats/Methods/43_Forcing_Based/1_ERF_FaIR/FaIR_nonat_method.py:98: RuntimeWarning: Mean of empty slice
  cdist = np.nanmean(dist)
/oscar/data/deeps/private/bfoxkemp/jnickla1/Thorne_15_codefigurestats/Methods/43_Forcing_Based/1_ERF_FaIR/FaIR_nonat_method.py:70: RuntimeWarning: Mean of empty slice
  return np.nanmean(samp_cur[year_idx-1850, :], axis = 1)
/users/jnickla1/.conda/envs/cleanpy/lib/python3.13/site-packages/numpy/lib/_nanfunctions_impl.py:2019: RuntimeWarning: Degrees of freedom <= 0 for slice.
  var = nanvar(a, axis=axis, dtype=dtype, out=out, ddof=ddof,
/oscar/data/deeps/private/bfoxkemp/jnickla1/Thorne_15_codefigurestats/Methods/43_Forcing_Based/1_ERF_FaIR/FaIR_nonat_method.py:98: RuntimeWarning: Mean of empty slice
  cdist = np.nanmean(dist)
/oscar/data/deeps/private/bfoxkemp/jnickla1/Thorne_15_codefigurestats/Methods/43_Forcing_Based/1_ERF_FaIR/FaIR_all_method.py:71: RuntimeWarning: Mean of empty slice
  return np.nanmean(samp_cur[year_idx-1850, :], axis = 1)
/users/jnickla1/.conda/envs/cleanpy/lib/python3.13/site-packages/numpy/lib/_nanfunctions_impl.py:2019: RuntimeWarning: Degrees of freedom <= 0 for slice.
  var = nanvar(a, axis=axis, dtype=dtype, out=out, ddof=ddof,
/oscar/data/deeps/private/bfoxkemp/jnickla1/Thorne_15_codefigurestats/Methods/43_Forcing_Based/1_ERF_FaIR/FaIR_all_method.py:99: RuntimeWarning: Mean of empty slice
  cdist = np.nanmean(dist)
/oscar/data/deeps/private/bfoxkemp/jnickla1/Thorne_15_codefigurestats/Methods/43_Forcing_Based/1_ERF_FaIR/FaIR_all_method.py:71: RuntimeWarning: Mean of empty slice
  return np.nanmean(samp_cur[year_idx-1850, :], axis = 1)
/users/jnickla1/.conda/envs/cleanpy/lib/python3.13/site-packages/numpy/lib/_nanfunctions_impl.py:2019: RuntimeWarning: Degrees of freedom <= 0 for slice.
  var = nanvar(a, axis=axis, dtype=dtype, out=out, ddof=ddof,
/oscar/data/deeps/private/bfoxkemp/jnickla1/Thorne_15_codefigurestats/Methods/43_Forcing_Based/1_ERF_FaIR/FaIR_all_method.py:99: RuntimeWarning: Mean of empty slice
  cdist = np.nanmean(dist)
/oscar/data/deeps/private/bfoxkemp/jnickla1/Thorne_15_codefigurestats/Methods/43_Forcing_Based/1_ERF_FaIR/FaIR_nonat_unB_method.py:97: RuntimeWarning: Mean of empty slice
  return np.nanmean(samp_cur[year_idx-1850, :], axis = 1)
/users/jnickla1/.conda/envs/cleanpy/lib/python3.13/site-packages/numpy/lib/_nanfunctions_impl.py:2019: RuntimeWarning: Degrees of freedom <= 0 for slice.
  var = nanvar(a, axis=axis, dtype=dtype, out=out, ddof=ddof,
/oscar/data/deeps/private/bfoxkemp/jnickla1/Thorne_15_codefigurestats/Methods/43_Forcing_Based/1_ERF_FaIR/FaIR_nonat_unB_method.py:125: RuntimeWarning: Mean of empty slice
  cdist = np.nanmean(dist)
/oscar/data/deeps/private/bfoxkemp/jnickla1/Thorne_15_codefigurestats/fut_evaluation_script.py:427: RuntimeWarning: Mean of empty slice
  evalmean = np.nanmean(diffcross) #if crossing multiple times take the mean
/oscar/data/deeps/private/bfoxkemp/jnickla1/Thorne_15_codefigurestats/Methods/43_Forcing_Based/1_ERF_FaIR/FaIR_nonat_unB_method.py:97: RuntimeWarning: Mean of empty slice
  return np.nanmean(samp_cur[year_idx-1850, :], axis = 1)
/users/jnickla1/.conda/envs/cleanpy/lib/python3.13/site-packages/numpy/lib/_nanfunctions_impl.py:2019: RuntimeWarning: Degrees of freedom <= 0 for slice.
  var = nanvar(a, axis=axis, dtype=dtype, out=out, ddof=ddof,
/oscar/data/deeps/private/bfoxkemp/jnickla1/Thorne_15_codefigurestats/Methods/43_Forcing_Based/1_ERF_FaIR/FaIR_nonat_unB_method.py:125: RuntimeWarning: Mean of empty slice
  cdist = np.nanmean(dist)
/oscar/data/deeps/private/bfoxkemp/jnickla1/Thorne_15_codefigurestats/fut_evaluation_script.py:464: RuntimeWarning: Mean of empty slice
  evalmean = np.nanmean(diffcrossE) #if crossing multiple times take the mean
/oscar/data/deeps/private/bfoxkemp/jnickla1/Thorne_15_codefigurestats/Methods/43_Forcing_Based/1_ERF_FaIR/FaIR_nonat_method.py:70: RuntimeWarning: Mean of empty slice
  return np.nanmean(samp_cur[year_idx-1850, :], axis = 1)
/users/jnickla1/.conda/envs/cleanpy/lib/python3.13/site-packages/numpy/lib/_nanfunctions_impl.py:2019: RuntimeWarning: Degrees of freedom <= 0 for slice.
  var = nanvar(a, axis=axis, dtype=dtype, out=out, ddof=ddof,
/oscar/data/deeps/private/bfoxkemp/jnickla1/Thorne_15_codefigurestats/Methods/43_Forcing_Based/1_ERF_FaIR/FaIR_nonat_method.py:98: RuntimeWarning: Mean of empty slice
  cdist = np.nanmean(dist)
/oscar/data/deeps/private/bfoxkemp/jnickla1/Thorne_15_codefigurestats/Methods/43_Forcing_Based/1_ERF_FaIR/FaIR_all_unB_method.py:95: RuntimeWarning: Mean of empty slice
  return np.nanmean(samp_cur[year_idx-1850, :], axis = 1)
/users/jnickla1/.conda/envs/cleanpy/lib/python3.13/site-packages/numpy/lib/_nanfunctions_impl.py:2019: RuntimeWarning: Degrees of freedom <= 0 for slice.
  var = nanvar(a, axis=axis, dtype=dtype, out=out, ddof=ddof,
/oscar/data/deeps/private/bfoxkemp/jnickla1/Thorne_15_codefigurestats/Methods/43_Forcing_Based/1_ERF_FaIR/FaIR_all_unB_method.py:123: RuntimeWarning: Mean of empty slice
  cdist = np.nanmean(dist)
/oscar/data/deeps/private/bfoxkemp/jnickla1/Thorne_15_codefigurestats/Methods/43_Forcing_Based/1_ERF_FaIR/FaIR_all_method.py:71: RuntimeWarning: Mean of empty slice
  return np.nanmean(samp_cur[year_idx-1850, :], axis = 1)
/users/jnickla1/.conda/envs/cleanpy/lib/python3.13/site-packages/numpy/lib/_nanfunctions_impl.py:2019: RuntimeWarning: Degrees of freedom <= 0 for slice.
  var = nanvar(a, axis=axis, dtype=dtype, out=out, ddof=ddof,
/oscar/data/deeps/private/bfoxkemp/jnickla1/Thorne_15_codefigurestats/Methods/43_Forcing_Based/1_ERF_FaIR/FaIR_all_method.py:99: RuntimeWarning: Mean of empty slice
  cdist = np.nanmean(dist)
/oscar/data/deeps/private/bfoxkemp/jnickla1/Thorne_15_codefigurestats/Methods/43_Forcing_Based/1_ERF_FaIR/FaIR_all_unB_method.py:95: RuntimeWarning: Mean of empty slice
  return np.nanmean(samp_cur[year_idx-1850, :], axis = 1)
/users/jnickla1/.conda/envs/cleanpy/lib/python3.13/site-packages/numpy/lib/_nanfunctions_impl.py:2019: RuntimeWarning: Degrees of freedom <= 0 for slice.
  var = nanvar(a, axis=axis, dtype=dtype, out=out, ddof=ddof,
/oscar/data/deeps/private/bfoxkemp/jnickla1/Thorne_15_codefigurestats/Methods/43_Forcing_Based/1_ERF_FaIR/FaIR_all_unB_method.py:123: RuntimeWarning: Mean of empty slice
  cdist = np.nanmean(dist)
/oscar/data/deeps/private/bfoxkemp/jnickla1/Thorne_15_codefigurestats/Methods/43_Forcing_Based/1_ERF_FaIR/FaIR_all_method.py:71: RuntimeWarning: Mean of empty slice
  return np.nanmean(samp_cur[year_idx-1850, :], axis = 1)
/users/jnickla1/.conda/envs/cleanpy/lib/python3.13/site-packages/numpy/lib/_nanfunctions_impl.py:2019: RuntimeWarning: Degrees of freedom <= 0 for slice.
  var = nanvar(a, axis=axis, dtype=dtype, out=out, ddof=ddof,
/oscar/data/deeps/private/bfoxkemp/jnickla1/Thorne_15_codefigurestats/Methods/43_Forcing_Based/1_ERF_FaIR/FaIR_all_method.py:99: RuntimeWarning: Mean of empty slice
  cdist = np.nanmean(dist)
/oscar/data/deeps/private/bfoxkemp/jnickla1/Thorne_15_codefigurestats/Methods/43_Forcing_Based/1_ERF_FaIR/FaIR_comb_unB_method.py:155: RuntimeWarning: Mean of empty slice
  return np.nanmean(samp_cur[year_idx-1850, :], axis = 1)
/users/jnickla1/.conda/envs/cleanpy/lib/python3.13/site-packages/numpy/lib/_nanfunctions_impl.py:2019: RuntimeWarning: Degrees of freedom <= 0 for slice.
  var = nanvar(a, axis=axis, dtype=dtype, out=out, ddof=ddof,
/oscar/data/deeps/private/bfoxkemp/jnickla1/Thorne_15_codefigurestats/Methods/43_Forcing_Based/1_ERF_FaIR/FaIR_comb_unB_method.py:183: RuntimeWarning: Mean of empty slice
  cdist = np.nanmean(dist)
/oscar/data/deeps/private/bfoxkemp/jnickla1/Thorne_15_codefigurestats/Methods/43_Forcing_Based/1_ERF_FaIR/FaIR_all_unB_method.py:95: RuntimeWarning: Mean of empty slice
  return np.nanmean(samp_cur[year_idx-1850, :], axis = 1)
/users/jnickla1/.conda/envs/cleanpy/lib/python3.13/site-packages/numpy/lib/_nanfunctions_impl.py:2019: RuntimeWarning: Degrees of freedom <= 0 for slice.
  var = nanvar(a, axis=axis, dtype=dtype, out=out, ddof=ddof,
/oscar/data/deeps/private/bfoxkemp/jnickla1/Thorne_15_codefigurestats/Methods/43_Forcing_Based/1_ERF_FaIR/FaIR_all_unB_method.py:123: RuntimeWarning: Mean of empty slice
  cdist = np.nanmean(dist)
/oscar/data/deeps/private/bfoxkemp/jnickla1/Thorne_15_codefigurestats/Methods/43_Forcing_Based/1_ERF_FaIR/FaIR_comb_unB_method.py:155: RuntimeWarning: Mean of empty slice
  return np.nanmean(samp_cur[year_idx-1850, :], axis = 1)
/users/jnickla1/.conda/envs/cleanpy/lib/python3.13/site-packages/numpy/lib/_nanfunctions_impl.py:2019: RuntimeWarning: Degrees of freedom <= 0 for slice.
  var = nanvar(a, axis=axis, dtype=dtype, out=out, ddof=ddof,
/oscar/data/deeps/private/bfoxkemp/jnickla1/Thorne_15_codefigurestats/Methods/43_Forcing_Based/1_ERF_FaIR/FaIR_comb_unB_method.py:183: RuntimeWarning: Mean of empty slice
  cdist = np.nanmean(dist)
/oscar/data/deeps/private/bfoxkemp/jnickla1/Thorne_15_codefigurestats/Methods/43_Forcing_Based/1_ERF_FaIR/FaIR_nonat_unB_method.py:97: RuntimeWarning: Mean of empty slice
  return np.nanmean(samp_cur[year_idx-1850, :], axis = 1)
/users/jnickla1/.conda/envs/cleanpy/lib/python3.13/site-packages/numpy/lib/_nanfunctions_impl.py:2019: RuntimeWarning: Degrees of freedom <= 0 for slice.
  var = nanvar(a, axis=axis, dtype=dtype, out=out, ddof=ddof,
/oscar/data/deeps/private/bfoxkemp/jnickla1/Thorne_15_codefigurestats/Methods/43_Forcing_Based/1_ERF_FaIR/FaIR_nonat_unB_method.py:125: RuntimeWarning: Mean of empty slice
  cdist = np.nanmean(dist)
/oscar/data/deeps/private/bfoxkemp/jnickla1/Thorne_15_codefigurestats/Methods/43_Forcing_Based/1_ERF_FaIR/FaIR_comb_unB_method.py:155: RuntimeWarning: Mean of empty slice
  return np.nanmean(samp_cur[year_idx-1850, :], axis = 1)
/users/jnickla1/.conda/envs/cleanpy/lib/python3.13/site-packages/numpy/lib/_nanfunctions_impl.py:2019: RuntimeWarning: Degrees of freedom <= 0 for slice.
  var = nanvar(a, axis=axis, dtype=dtype, out=out, ddof=ddof,
/oscar/data/deeps/private/bfoxkemp/jnickla1/Thorne_15_codefigurestats/Methods/43_Forcing_Based/1_ERF_FaIR/FaIR_comb_unB_method.py:183: RuntimeWarning: Mean of empty slice
  cdist = np.nanmean(dist)
/oscar/data/deeps/private/bfoxkemp/jnickla1/Thorne_15_codefigurestats/Methods/43_Forcing_Based/1_ERF_FaIR/FaIR_all_unB_method.py:95: RuntimeWarning: Mean of empty slice
  return np.nanmean(samp_cur[year_idx-1850, :], axis = 1)
/users/jnickla1/.conda/envs/cleanpy/lib/python3.13/site-packages/numpy/lib/_nanfunctions_impl.py:2019: RuntimeWarning: Degrees of freedom <= 0 for slice.
  var = nanvar(a, axis=axis, dtype=dtype, out=out, ddof=ddof,
/oscar/data/deeps/private/bfoxkemp/jnickla1/Thorne_15_codefigurestats/Methods/43_Forcing_Based/1_ERF_FaIR/FaIR_all_unB_method.py:123: RuntimeWarning: Mean of empty slice
  cdist = np.nanmean(dist)
starting computation for fut_NorESM_RCP45_Volc
max_runs18
Model number:
17




Methods/42_Temp_Alone/1_Run_Means/cent10y_method.py
Methods/42_Temp_Alone/1_Run_Means/cent20y_method.py
Methods/42_Temp_Alone/1_Run_Means/cent21y_method.py
Methods/42_Temp_Alone/1_Run_Means/cent30y_method.py
Methods/42_Temp_Alone/1_Run_Means/lag10y_method.py
Methods/42_Temp_Alone/1_Run_Means/lag5y_method.py
Methods/42_Temp_Alone/1_Run_Means/offset11y_method.py
Methods/42_Temp_Alone/1_Run_Means/raw1y_method.py
Methods/43_Forcing_Based/1_ERF_FaIR/FaIR_all_method.py
Methods/43_Forcing_Based/1_ERF_FaIR/FaIR_all_unB_method.py
Methods/43_Forcing_Based/1_ERF_FaIR/FaIR_anthro_method.py
Methods/43_Forcing_Based/1_ERF_FaIR/FaIR_anthro_unB_method.py
Methods/43_Forcing_Based/1_ERF_FaIR/FaIR_comb_unB_method.py
Methods/43_Forcing_Based/1_ERF_FaIR/FaIR_nonat_method.py
Methods/43_Forcing_Based/1_ERF_FaIR/FaIR_nonat_unB_method.py
evaluating 13 of 0.1°C thresholds, starting at 1.1°C
11
FaIR_anthro sampled, d llike: 0.09142598010621697
FaIR_anthro sampled, d llike: -19.170181614529355
FaIR_anthro_unB sampled, d llike: -0.01976669195541292
FaIR_anthro_unB sampled, d llike: -1.0986983999673785
FaIR_nonat sampled, d llike: 0.02933932271123596
FaIR_nonat sampled, d llike: 0.08911677160674944
FaIR_nonat_unB sampled, d llike: -0.024421660541020795
FaIR_nonat_unB sampled, d llike: -0.056603836443553046
FaIR_all sampled, d llike: -7088.652176034349
FaIR_all sampled, d llike: 0.0756096810706669
FaIR_all_unB sampled, d llike: -0.0020569793627049915
FaIR_all_unB sampled, d llike: -0.05593007380697523
FaIR_comb_unB sampled, d llike: -0.02273575819362761
FaIR_comb_unB sampled, d llike: -0.5013711061537018
        method_name    method_class c/r  smooth_r  avg_unc.(1se)  #q<0.5  #q<0.1   log-likeli       RMS      bias        tlog-l       100log-l    100RMS     75RMS   100bias            l15        l20    bias50   Edyrs15   Edyrs20   Mdyrs15   Mdyrs20   Fdyrs15   Fdyrs20    EdyrsA   RMSyrsA  ncEdyrs      e100log-l   e100RMS    e75RMS  e100bias       el15       el20   ebias50  eEdyrs15  eEdyrs20  eMdyrs15  eMdyrs20  eFdyrs15  eFdyrs20   eEdyrsA  eRMSyrsA  nceEdyrs
15   FaIR_nonat_unB   43/1_ERF_FaIR   c     3.135       0.091831       0       0     1.134821  0.075900  0.017072  1.815714e+02      92.744471  0.082761  0.090459  0.059505   2.439289e+00   3.576335  0.042584 -5.416667 -2.333333 -5.416667 -2.333333 -5.416667 -2.333333 -2.974359  3.503204       13      74.487001  0.104065  0.106522  0.097169   1.594865   3.236426  0.074729 -7.083333 -5.083333 -7.083333 -5.083333 -7.083333 -5.083333 -5.730769  5.730769        13
11  FaIR_anthro_unB   43/1_ERF_FaIR   c     2.232       0.097195       0       0     0.993009  0.087434 -0.002491  1.588815e+02      92.239297  0.082847  0.091247  0.057347   2.269074e+00   3.373996  0.041072 -5.333333 -1.916667 -5.333333 -1.916667 -5.333333 -1.916667 -2.871795  3.552717       13      76.528777  0.103879  0.107700  0.095011   1.495307   2.876624  0.073216 -7.000000 -4.666667 -7.000000 -4.666667 -7.000000 -4.666667 -5.628205  5.628205        13
9       FaIR_anthro   43/1_ERF_FaIR   c     2.232       0.097195      75       0     0.133546  0.139354 -0.108541  2.136739e+01      91.840683  0.077117  0.078979 -0.048703   3.117285e+00   2.372461 -0.064978 -0.083333  6.000000 -0.083333  6.000000 -0.083333  6.000000  2.974359  4.293829       13     106.775974  0.043425  0.040695 -0.011039   2.956531   3.255432 -0.032834 -1.750000  3.250000 -1.750000  3.250000 -1.750000  3.250000  0.217949  0.217949        13
2             raw1y  42/1_Run_Means   c    33.727       0.103991       2       1     0.930451  0.093176  0.003796  2.140036e+02      87.835946  0.090998  0.093659  0.010750   4.170990e+00   3.955624  0.027281 -0.750000 -1.083333 -0.750000 -7.083333 -0.750000 -7.083333  0.514637  2.418692       34      82.278113  0.096991  0.097486  0.048414   3.923894   2.759778  0.059426 -2.416667 -3.833333 -2.416667 -9.833333 -2.416667 -9.833333 -2.241774  2.241774        34
13       FaIR_nonat   43/1_ERF_FaIR   c     3.132       0.114657       0       0     0.616866  0.126934 -0.101492  9.869858e+01      85.898494  0.078960  0.082973 -0.054095   2.780485e+00   2.247309 -0.071016  0.750000  5.833333  0.750000  5.833333  0.750000  5.833333  3.250000  4.331299       13      97.377116  0.040715  0.040429 -0.016431   2.765964   2.609293 -0.038871 -0.916667  3.083333 -0.916667  3.083333 -0.916667  3.083333  0.493590  0.493590        13
21    FaIR_comb_unB   43/1_ERF_FaIR   c     4.652       0.080862       0       0     1.126489  0.080113  0.039741  1.757323e+02      84.607887  0.093652  0.103190  0.074318   2.368698e+00   3.705734  0.065285 -6.000000 -3.750000 -6.000000 -3.750000 -6.000000 -3.750000 -3.842949  4.166426       14      57.258420  0.118172  0.123939  0.111982   1.105912   2.916751  0.097430 -7.666667 -6.500000 -7.666667 -6.500000 -7.666667 -6.500000 -5.532051  5.532051        15
19     FaIR_all_unB   43/1_ERF_FaIR   c     9.614       0.096115       0       0     0.817986  0.107125  0.067600  1.308777e+02      64.644338  0.116294  0.125889  0.098617   1.919554e+00   2.818887  0.093858 -6.750000 -5.750000 -6.750000 -5.750000 -6.750000 -5.750000 -5.423077  5.612962       14      38.654406  0.144657  0.151697  0.136280   0.817529   2.139821  0.126003 -8.416667 -8.500000 -8.416667 -8.500000 -8.416667 -8.500000 -8.179487  8.179487        14
1             lag5y  42/1_Run_Means   c     6.399       0.041321     115      39     0.307573  0.060907 -0.015232  7.074168e+01      11.783615  0.059456  0.060650 -0.023674   9.264389e-01  13.949914 -0.001673  2.000000  3.083333  2.000000  5.250000  2.000000  0.916667  1.464744  2.406061       16      59.598730  0.046224  0.045471  0.013990   9.100239  11.791996  0.030471  0.333333  0.333333  0.333333  2.500000  0.333333 -1.833333 -1.291667  1.291667        16
8         offset11y  42/1_Run_Means   c     2.755       0.033485     163     115    -1.877644  0.090437  0.066439 -4.318582e+02       6.857294  0.067216  0.077241  0.033229   1.139943e+01  10.359549  0.064248  0.833333 -1.500000  0.833333 -1.500000  0.833333 -1.500000 -1.019231  1.946260       13    -144.909318  0.078857  0.085462  0.070893  11.228890   0.960057  0.096393 -0.833333 -4.250000 -0.833333 -4.250000 -0.833333 -4.250000 -3.775641  3.775641        13
0            lag10y  42/1_Run_Means   c     2.971       0.034407     154      98    -0.818508  0.070877 -0.038702 -1.882569e+02    -327.166920  0.089074  0.088625 -0.067456   2.266047e-04   0.330883 -0.037343  4.500000  5.500000  4.500000  5.500000  4.500000  5.500000  4.064103  4.222194       13      47.939130  0.045665  0.041825 -0.029792   0.095032   3.783250 -0.005198  2.833333  2.750000  2.833333  2.750000  2.833333  2.750000  1.307692  1.307692        13
17         FaIR_all   43/1_ERF_FaIR   c     9.578       0.005591     157     151 -7710.435271  0.138513 -0.105254 -1.233670e+06 -381188.552905  0.105637  0.096606 -0.085791  3.734883e-202   0.000000 -0.090550  1.000000  7.083333  1.000000  7.083333  1.000000  7.083333  4.926282  5.905065       15 -165066.959223  0.068335  0.053273 -0.048128   0.252051   0.000000 -0.058405 -0.666667  4.333333 -0.666667  4.333333 -0.666667  4.333333  2.169872  2.169872        15
4.535882401
finished this run
starting computation for fut_NorESM_RCP45_VolcConst
max_runs18
Model number:
17




Methods/42_Temp_Alone/1_Run_Means/cent10y_method.py
Methods/42_Temp_Alone/1_Run_Means/cent20y_method.py
Methods/42_Temp_Alone/1_Run_Means/cent21y_method.py
Methods/42_Temp_Alone/1_Run_Means/cent30y_method.py
Methods/42_Temp_Alone/1_Run_Means/lag10y_method.py
Methods/42_Temp_Alone/1_Run_Means/lag5y_method.py
Methods/42_Temp_Alone/1_Run_Means/offset11y_method.py
Methods/42_Temp_Alone/1_Run_Means/raw1y_method.py
Methods/43_Forcing_Based/1_ERF_FaIR/FaIR_all_method.py
Methods/43_Forcing_Based/1_ERF_FaIR/FaIR_all_unB_method.py
Methods/43_Forcing_Based/1_ERF_FaIR/FaIR_anthro_method.py
Methods/43_Forcing_Based/1_ERF_FaIR/FaIR_anthro_unB_method.py
Methods/43_Forcing_Based/1_ERF_FaIR/FaIR_comb_unB_method.py
Methods/43_Forcing_Based/1_ERF_FaIR/FaIR_nonat_method.py
Methods/43_Forcing_Based/1_ERF_FaIR/FaIR_nonat_unB_method.py
evaluating 13 of 0.1°C thresholds, starting at 1.1°C
11
FaIR_anthro sampled, d llike: 0.06736691185711247
FaIR_anthro sampled, d llike: -19.856428880294406
FaIR_anthro_unB sampled, d llike: -0.023264943790543446
FaIR_anthro_unB sampled, d llike: -0.9100505302921077
FaIR_nonat sampled, d llike: 0.014926994215151868
FaIR_nonat sampled, d llike: 0.05153683906346579
FaIR_nonat_unB sampled, d llike: -0.027185246562932974
FaIR_nonat_unB sampled, d llike: -0.050917968711262196
FaIR_all sampled, d llike: -8035.33086358671
FaIR_all sampled, d llike: 0.08081337484612236
FaIR_all_unB sampled, d llike: -0.010719984355400891
FaIR_all_unB sampled, d llike: -0.06096809872072506
FaIR_comb_unB sampled, d llike: -0.01980345204047529
FaIR_comb_unB sampled, d llike: -0.09590846014611432
        method_name    method_class c/r  smooth_r  avg_unc.(1se)  #q<0.5  #q<0.1   log-likeli       RMS      bias        tlog-l       100log-l    100RMS     75RMS   100bias        l15           l20    bias50   Edyrs15    Edyrs20   Mdyrs15    Mdyrs20   Fdyrs15    Fdyrs20    EdyrsA    RMSyrsA  ncEdyrs      e100log-l   e100RMS    e75RMS  e100bias       el15          el20   ebias50  eEdyrs15   eEdyrs20  eMdyrs15   eMdyrs20  eFdyrs15   eFdyrs20   eEdyrsA  eRMSyrsA  nceEdyrs
8         offset11y  42/1_Run_Means   c     2.798       0.031267     177     116    -1.332764  0.085191  0.064233 -3.065357e+02     131.855133  0.046605  0.052715  0.027904  13.014340  2.159021e+01  0.044515  0.333333   0.583333  0.333333   0.583333  0.333333   0.583333 -1.820513   4.269500     13.0      89.612001  0.047705  0.049313  0.019059  12.246331  5.313920e-01  0.014145  0.500000   3.500000  0.500000   3.500000  0.500000   3.500000 -0.724359  0.724359      13.0
21    FaIR_comb_unB   43/1_ERF_FaIR   c     3.162       0.081203       0       0     1.238992  0.068359  0.032868  1.932827e+02     103.228557  0.074584  0.075950  0.063857   2.907116  3.697177e+00  0.045972 -6.416667  -4.500000 -6.416667  -4.500000 -6.416667  -4.500000 -4.256410   4.796277     13.0     105.807647  0.069893  0.061290  0.055011   3.026607  4.240634e+00  0.015603 -6.250000  -1.583333 -6.250000  -1.583333 -6.250000  -1.583333 -3.160256  3.160256      13.0
9       FaIR_anthro   43/1_ERF_FaIR   c     2.432       0.098039      70       0     0.120421  0.136263 -0.106978  1.926736e+01      99.992929  0.062515  0.062638 -0.044458   3.239282  3.064594e+00 -0.065400  0.416667   6.000000  0.416667   6.000000  0.416667   6.000000  2.801282   4.271064     13.0      96.522722  0.072127  0.080023 -0.053304   3.215862  2.069350e+00 -0.095769  0.583333   8.916667  0.583333   8.916667  0.583333   8.916667  3.897436  3.897436      13.0
15   FaIR_nonat_unB   43/1_ERF_FaIR   c     3.291       0.092893       0       0     1.167427  0.071207  0.018146  1.867883e+02      97.848702  0.074159  0.074399  0.062920   2.820566  3.497925e+00  0.043305 -6.666667  -3.666667 -6.666667  -3.666667 -6.666667  -3.666667 -4.201923   4.849511     14.0      99.542256  0.070658  0.061156  0.054074   2.898070  3.663023e+00  0.012936 -6.500000  -0.750000 -6.500000  -0.750000 -6.500000  -0.750000 -3.105769  3.105769      14.0
19     FaIR_all_unB   43/1_ERF_FaIR   c     4.230       0.093802       0       0     1.000717  0.085781  0.047499  1.601146e+02      96.479927  0.076868  0.077192  0.064232   2.638368  3.204103e+00  0.041195 -6.916667  -5.416667 -6.916667  -5.416667 -6.916667  -5.416667 -4.179487   4.751406     13.0      97.503909  0.073075  0.062816  0.055387   2.727141  3.614179e+00  0.010826 -6.750000  -2.500000 -6.750000  -2.500000 -6.750000  -2.500000 -3.083333  3.083333      13.0
11  FaIR_anthro_unB   43/1_ERF_FaIR   c     2.432       0.098039       0       0     1.002644  0.084404 -0.000928  1.604230e+02      94.270850  0.075665  0.076601  0.061592   2.501338  3.077019e+00  0.040650 -6.416667  -4.083333 -6.416667  -4.083333 -6.416667  -4.083333 -4.128205   4.772943     13.0      94.551607  0.071715  0.063924  0.052746   2.612512  3.609210e+00  0.010281 -6.250000  -1.166667 -6.250000  -1.166667 -6.250000  -1.166667 -3.032051  3.032051      13.0
13       FaIR_nonat   43/1_ERF_FaIR   c     3.264       0.115991       0       0     0.634736  0.123139 -0.100384  1.015578e+02      91.834683  0.064103  0.066252 -0.050680   3.017618  2.508865e+00 -0.070295  1.000000   5.916667  1.000000   5.916667  1.000000   5.916667  3.089744   4.455861     13.0      88.741934  0.074913  0.084613 -0.059526   2.965393  2.456303e+00 -0.100664  1.166667   8.833333  1.166667   8.833333  1.166667   8.833333  4.185897  4.185897      13.0
2             raw1y  42/1_Run_Means   c    33.883       0.103497       0       0     0.940046  0.092294  0.000863  2.162107e+02      89.813383  0.088840  0.093717  0.003566   3.966630  3.544135e+00  0.002847  1.250000   2.666667  3.166667   4.250000 -0.583333   1.083333 -0.095833   3.387765     39.3      84.738270  0.094382  0.100104 -0.005280   4.034273  2.310008e+00 -0.027522  1.416667   5.583333  3.333333   7.166667 -0.416667   4.000000  1.000321  1.000321      39.3
1             lag5y  42/1_Run_Means   c     6.302       0.037801     127      42     0.221953  0.060622 -0.017655  5.104930e+01      -7.864880  0.058705  0.063042 -0.029556   0.385102  3.319099e-09 -0.026534  2.583333   4.000000  2.583333   4.000000  2.583333   4.000000  1.936966   2.537577     18.0    -264.640469  0.070674  0.080226 -0.038401   0.283666  3.108366e-08 -0.056903  2.750000   6.916667  2.750000   6.916667  2.750000   6.916667  3.033120  3.033120      18.0
0            lag10y  42/1_Run_Means   c     3.250       0.031986     137      89    -0.545925  0.067749 -0.041174 -1.255627e+02    -262.614996  0.082321  0.081408 -0.073462   0.006933  3.408223e-14 -0.058739  5.833333   6.333333  5.833333   6.333333  5.833333   6.333333  4.096154   4.398608     14.0    -535.977297  0.093839  0.102519 -0.082307   0.003025  3.928246e-13 -0.089108  6.000000   9.250000  6.000000   9.250000  6.000000   9.250000  5.192308  5.192308      14.0
17         FaIR_all   43/1_ERF_FaIR   c     4.252       0.005565     157     153 -8767.314133  0.149984 -0.125470 -1.402770e+06 -511742.127296  0.127378  0.130966 -0.120176   0.000000  0.000000e+00 -0.143213  4.583333  10.416667  4.583333  10.416667  4.583333  10.416667  9.185897  11.780738     11.0 -574716.571695  0.137546  0.150167 -0.129021   0.000000  0.000000e+00 -0.173582  4.750000  13.333333  4.750000  13.333333  4.750000  13.333333  9.807692  9.807692      11.0
4.5740970569999995
finished this run
starting computation for fut_ESM1-2-LR_SSP126_constVolc
max_runs18
Model number:
17




Methods/42_Temp_Alone/1_Run_Means/cent10y_method.py
Methods/42_Temp_Alone/1_Run_Means/cent20y_method.py
Methods/42_Temp_Alone/1_Run_Means/cent21y_method.py
Methods/42_Temp_Alone/1_Run_Means/cent30y_method.py
Methods/42_Temp_Alone/1_Run_Means/lag10y_method.py
Methods/42_Temp_Alone/1_Run_Means/lag5y_method.py
Methods/42_Temp_Alone/1_Run_Means/offset11y_method.py
Methods/42_Temp_Alone/1_Run_Means/raw1y_method.py
Methods/43_Forcing_Based/1_ERF_FaIR/FaIR_all_method.py
Methods/43_Forcing_Based/1_ERF_FaIR/FaIR_all_unB_method.py
Methods/43_Forcing_Based/1_ERF_FaIR/FaIR_anthro_method.py
Methods/43_Forcing_Based/1_ERF_FaIR/FaIR_anthro_unB_method.py
Methods/43_Forcing_Based/1_ERF_FaIR/FaIR_comb_unB_method.py
Methods/43_Forcing_Based/1_ERF_FaIR/FaIR_nonat_method.py
Methods/43_Forcing_Based/1_ERF_FaIR/FaIR_nonat_unB_method.py
evaluating 6 of 0.1°C thresholds, starting at 1.1°C
11
FaIR_anthro sampled, d llike: -0.008307425175752892
FaIR_anthro sampled, d llike: -0.9623339953696914
FaIR_anthro_unB sampled, d llike: 0.0017011887923314983
FaIR_anthro_unB sampled, d llike: -1.3058481246666906
FaIR_nonat sampled, d llike: -0.037984902969051104
FaIR_nonat sampled, d llike: -0.043484967538971464
FaIR_nonat_unB sampled, d llike: -0.034049844505600335
FaIR_nonat_unB sampled, d llike: -0.0401633829661574
FaIR_all sampled, d llike: -2261.243240222093
FaIR_all sampled, d llike: -0.053300962975147304
FaIR_all_unB sampled, d llike: -0.03459372062225308
FaIR_all_unB sampled, d llike: -0.03999638617163659
FaIR_comb_unB sampled, d llike: -0.028834009522076043
FaIR_comb_unB sampled, d llike: 0.040180968069624456
        method_name    method_class c/r  smooth_r  avg_unc.(1se)  #q<0.5  #q<0.1   log-likeli       RMS      bias         tlog-l       100log-l    100RMS     75RMS   100bias            l15  l20    bias50   Edyrs15  Edyrs20    Mdyrs15  Mdyrs20   Fdyrs15  Fdyrs20    EdyrsA   RMSyrsA  ncEdyrs      e100log-l   e100RMS    e75RMS  e100bias      el15  el20   ebias50  eEdyrs15  eEdyrs20   eMdyrs15  eMdyrs20  eFdyrs15  eFdyrs20   eEdyrsA  eRMSyrsA  nceEdyrs
21    FaIR_comb_unB   43/1_ERF_FaIR   c     1.736       0.070200       0       0     1.425023  0.054044 -0.005997     223.728645     128.144218  0.056811  0.055776  0.016845   4.844155e+00  0.0 -0.022392 -1.416667       -1  -1.416667       -1 -1.416667       -1 -2.930556  5.049409      6.0     120.069613  0.065838  0.059514  0.057120  4.954572   0.0  0.039323 -3.500000        -1  -3.500000        -1 -3.500000        -1 -5.625000  5.625000       6.0
15   FaIR_nonat_unB   43/1_ERF_FaIR   c     1.654       0.079583       0       0     1.356785  0.053608 -0.007314     218.442374     123.435635  0.055881  0.055584  0.013742   4.304552e+00  0.0 -0.024617 -1.250000       -1  -1.250000       -1 -1.250000       -1 -2.805556  5.114431      6.0     118.435979  0.063644  0.058190  0.054018  4.384508   0.0  0.037098 -3.333333        -1  -3.333333        -1 -3.333333        -1 -5.500000  5.500000       6.0
11  FaIR_anthro_unB   43/1_ERF_FaIR   c     1.420       0.081294       0       0     1.099206  0.071381 -0.023810     176.972147     120.158907  0.057186  0.058363  0.011528   3.784301e+00  0.0 -0.029460 -0.750000       -1  -0.750000       -1 -0.750000       -1 -2.555556  5.162184      6.0     118.858315  0.062177  0.057125  0.051804  4.229936   0.0  0.032255 -2.833333        -1  -2.833333        -1 -2.833333        -1 -5.250000  5.250000       6.0
9       FaIR_anthro   43/1_ERF_FaIR   c     1.420       0.081294       0       0     1.133439  0.069253 -0.016360     182.483694     119.668615  0.059140  0.058735  0.018978   3.863186e+00  0.0 -0.022010 -1.666667       -1  -1.666667       -1 -1.666667       -1 -3.027778  5.222592      6.0     114.664158  0.068508  0.063279  0.059254  4.221616   0.0  0.039705 -3.750000        -1  -3.750000        -1 -3.750000        -1 -5.722222  5.722222       6.0
19     FaIR_all_unB   43/1_ERF_FaIR   c     2.675       0.082477       0       0     1.168958  0.073070 -0.001948     188.202268     111.737864  0.069662  0.060920  0.022677   4.191550e+00  0.0 -0.030511 -3.333333       -1  -5.333333       -1 -5.333333       -1 -4.013889  5.987352      7.2     107.549150  0.077506  0.060753  0.062953  4.314178   0.0  0.031203 -5.416667        -1  -7.416667        -1 -7.416667        -1 -6.708333  6.708333       7.2
1             lag5y  42/1_Run_Means   c     4.982       0.050230      53      18     1.070692  0.063605 -0.014831     247.329784     110.866578  0.047229  0.039476 -0.011389   5.334569e+00  0.0  0.009689  0.916667       -1   0.916667       -1  0.916667       -1  1.687500  2.267996      7.0       7.857426  0.068159  0.070408  0.028887  1.507227   0.0  0.071404 -1.166667        -1  -1.166667        -1 -1.166667        -1  1.500000  1.500000       8.0
13       FaIR_nonat   43/1_ERF_FaIR   c     1.699       0.099347       0       0     1.203102  0.054776 -0.003908     193.699470     110.002175  0.057394  0.055993  0.018981   3.445436e+00  0.0 -0.019378 -1.500000       -1  -1.500000       -1 -1.500000       -1 -3.041667  5.110243      6.0     105.288595  0.068147  0.062627  0.059257  3.545096   0.0  0.042337 -3.583333        -1  -3.583333        -1 -3.583333        -1 -5.736111  5.736111       6.0
0            lag10y  42/1_Run_Means   c     2.693       0.040568      86      31     1.115541  0.058558 -0.031307     257.689864      76.471097  0.059494  0.048824 -0.035690   2.381823e-01  0.0  0.010254  5.416667       -1   5.416667       -1  5.416667       -1  4.180556  4.460864      6.0      30.238247  0.067280  0.069630  0.004586  9.928822   0.0  0.071968  3.333333        -1   3.333333        -1  3.333333        -1  1.486111  1.486111       6.0
2             raw1y  42/1_Run_Means   c    25.451       0.134017       3       0     0.643778  0.125815 -0.001293     148.712694      72.988394  0.105011  0.109830  0.001660   2.721931e+00  0.0  0.002929  4.000000       -1  17.250000       -1 -5.250000       -1  2.394676  4.231470     25.4      64.614327  0.118367  0.126821  0.041936  1.520761   0.0  0.064644  1.916667        -1  15.166667        -1 -7.333333        -1  0.582176  0.582176      27.4
8         offset11y  42/1_Run_Means   c     2.588       0.039246     178     101    -1.067297  0.091267  0.075254    -246.545655     -99.521534  0.086021  0.098782  0.069351   1.203997e+01  0.0  0.120074 -0.500000       -1  -0.500000       -1 -0.500000       -1 -1.666667  2.363887      6.0    -516.691648  0.129994  0.149069  0.109627  1.232487   0.0  0.181789 -2.583333        -1  -2.583333        -1 -2.583333        -1 -4.361111  4.361111       6.0
17         FaIR_all   43/1_ERF_FaIR   c     2.458       0.005555     147     130 -2462.542796  0.079757  0.025527 -396469.390080 -281592.060135  0.086563  0.069627  0.056166  2.847024e-230  0.0  0.002977 -7.666667       -1  -7.666667       -1 -7.666667       -1 -6.347222  7.193184      6.0 -422039.811767  0.106513  0.089230  0.096441  0.000000   0.0  0.064692 -9.750000        -1  -9.750000        -1 -9.750000        -1 -9.041667  9.041667       6.0
4.8388414520000005
finished this run
/oscar/data/deeps/private/bfoxkemp/jnickla1/Thorne_15_codefigurestats/Methods/43_Forcing_Based/1_ERF_FaIR/FaIR_comb_unB_method.py:155: RuntimeWarning: Mean of empty slice
  return np.nanmean(samp_cur[year_idx-1850, :], axis = 1)
/users/jnickla1/.conda/envs/cleanpy/lib/python3.13/site-packages/numpy/lib/_nanfunctions_impl.py:2019: RuntimeWarning: Degrees of freedom <= 0 for slice.
  var = nanvar(a, axis=axis, dtype=dtype, out=out, ddof=ddof,
/oscar/data/deeps/private/bfoxkemp/jnickla1/Thorne_15_codefigurestats/Methods/43_Forcing_Based/1_ERF_FaIR/FaIR_comb_unB_method.py:183: RuntimeWarning: Mean of empty slice
  cdist = np.nanmean(dist)
/oscar/data/deeps/private/bfoxkemp/jnickla1/Thorne_15_codefigurestats/Methods/43_Forcing_Based/1_ERF_FaIR/FaIR_all_method.py:71: RuntimeWarning: Mean of empty slice
  return np.nanmean(samp_cur[year_idx-1850, :], axis = 1)
/users/jnickla1/.conda/envs/cleanpy/lib/python3.13/site-packages/numpy/lib/_nanfunctions_impl.py:2019: RuntimeWarning: Degrees of freedom <= 0 for slice.
  var = nanvar(a, axis=axis, dtype=dtype, out=out, ddof=ddof,
/oscar/data/deeps/private/bfoxkemp/jnickla1/Thorne_15_codefigurestats/Methods/43_Forcing_Based/1_ERF_FaIR/FaIR_all_method.py:99: RuntimeWarning: Mean of empty slice
  cdist = np.nanmean(dist)
starting computation for fut_ESM1-2-LR_SSP245_constVolc
max_runs18
Model number:
17




Methods/42_Temp_Alone/1_Run_Means/cent10y_method.py
Methods/42_Temp_Alone/1_Run_Means/cent20y_method.py
Methods/42_Temp_Alone/1_Run_Means/cent21y_method.py
Methods/42_Temp_Alone/1_Run_Means/cent30y_method.py
Methods/42_Temp_Alone/1_Run_Means/lag10y_method.py
Methods/42_Temp_Alone/1_Run_Means/lag5y_method.py
Methods/42_Temp_Alone/1_Run_Means/offset11y_method.py
Methods/42_Temp_Alone/1_Run_Means/raw1y_method.py
Methods/43_Forcing_Based/1_ERF_FaIR/FaIR_all_method.py
Methods/43_Forcing_Based/1_ERF_FaIR/FaIR_all_unB_method.py
Methods/43_Forcing_Based/1_ERF_FaIR/FaIR_anthro_method.py
Methods/43_Forcing_Based/1_ERF_FaIR/FaIR_anthro_unB_method.py
Methods/43_Forcing_Based/1_ERF_FaIR/FaIR_comb_unB_method.py
Methods/43_Forcing_Based/1_ERF_FaIR/FaIR_nonat_method.py
Methods/43_Forcing_Based/1_ERF_FaIR/FaIR_nonat_unB_method.py
evaluating 14 of 0.1°C thresholds, starting at 1.1°C
11
FaIR_anthro sampled, d llike: -0.02534382070501806
FaIR_anthro sampled, d llike: -1.1401663536398337
FaIR_anthro_unB sampled, d llike: -0.021652251411050205
FaIR_anthro_unB sampled, d llike: -1.3347689706872037
FaIR_nonat sampled, d llike: -0.051433040960793486
FaIR_nonat sampled, d llike: -0.04171335611790683
FaIR_nonat_unB sampled, d llike: -0.044970301781159794
FaIR_nonat_unB sampled, d llike: -0.03917174826478731
FaIR_all sampled, d llike: -1707.7204377211742
FaIR_all sampled, d llike: -0.04398564172047603
FaIR_all_unB sampled, d llike: -0.03650240944788807
FaIR_all_unB sampled, d llike: -0.03802562892297445
FaIR_comb_unB sampled, d llike: -0.03680576768287658
FaIR_comb_unB sampled, d llike: -0.0033057358334022124
        method_name    method_class c/r  smooth_r  avg_unc.(1se)  #q<0.5  #q<0.1   log-likeli       RMS      bias         tlog-l       100log-l    100RMS     75RMS   100bias       l15        l20    bias50   Edyrs15   Edyrs20   Mdyrs15    Mdyrs20   Fdyrs15   Fdyrs20    EdyrsA   RMSyrsA  ncEdyrs      e100log-l   e100RMS    e75RMS  e100bias      el15       el20   ebias50  eEdyrs15  eEdyrs20  eMdyrs15  eMdyrs20  eFdyrs15  eFdyrs20   eEdyrsA  eRMSyrsA  nceEdyrs
8         offset11y  42/1_Run_Means   c     2.610       0.040207     124      63     0.063473  0.077596  0.056296      14.662314     161.686435  0.039235  0.043469  0.021227  9.580190   9.376079  0.040347  0.500000 -1.833333  0.500000  -1.833333  0.500000 -1.833333 -0.791667  1.994163     14.0      43.503606  0.072902  0.081811  0.061064  6.736983   1.107560  0.086848 -1.333333 -5.916667 -1.333333 -5.916667 -1.333333 -5.916667 -3.327381  3.327381      14.0
21    FaIR_comb_unB   43/1_ERF_FaIR   c     1.867       0.072587       0       0     1.490186  0.043144 -0.007034     233.959185     136.426286  0.040205  0.028946  0.012287  4.631758   4.604773 -0.013037 -0.916667  2.000000 -0.916667   2.000000 -0.916667  2.000000 -0.392857  2.048519     14.0     123.116450  0.057406  0.049610  0.052124  3.785900   4.460193  0.033463 -2.750000 -2.083333 -2.750000 -2.083333 -2.750000 -2.083333 -2.928571  2.928571      14.0
15   FaIR_nonat_unB   43/1_ERF_FaIR   c     1.689       0.082224       0       0     1.394058  0.043099 -0.009527     224.443412     128.924419  0.036526  0.027782  0.009965  4.133973   4.158411 -0.011611 -0.916667  2.083333 -0.916667   2.083333 -0.916667  2.083333 -0.375000  1.939179     14.0     118.980293  0.054906  0.050250  0.049802  3.548572   3.787774  0.034889 -2.750000 -2.000000 -2.750000 -2.000000 -2.750000 -2.000000 -2.910714  2.910714      14.0
11  FaIR_anthro_unB   43/1_ERF_FaIR   c     1.607       0.085084       0       0     1.114662  0.062390 -0.023986     179.460506     120.937657  0.039013  0.030656  0.008959  3.635406   4.034131 -0.016250 -0.916667  1.833333 -0.916667   1.833333 -0.916667  1.833333 -0.184524  2.138902     14.0     114.141506  0.054443  0.048451  0.048796  3.076233   3.618598  0.030250 -2.750000 -2.250000 -2.750000 -2.250000 -2.750000 -2.250000 -2.720238  2.720238      14.0
9       FaIR_anthro   43/1_ERF_FaIR   c     1.607       0.085084       0       0     1.135448  0.060931 -0.019886     182.807139     120.478852  0.040154  0.030075  0.013059  3.592560   4.055651 -0.012150 -1.083333  1.666667 -1.083333   1.666667 -1.083333  1.666667 -0.404762  2.111477     14.0     112.102970  0.058147  0.052144  0.052896  2.991971   3.544246  0.034350 -2.916667 -2.416667 -2.916667 -2.416667 -2.916667 -2.416667 -2.940476  2.940476      14.0
19     FaIR_all_unB   43/1_ERF_FaIR   c     2.859       0.085136       0       0     1.217636  0.064938 -0.005258     196.039337     118.717656  0.053376  0.033453  0.018267  3.950993   4.071411 -0.018021 -0.916667  1.833333 -0.916667   1.833333 -0.916667  1.833333 -0.434524  2.568795     15.0     108.807003  0.068492  0.051900  0.058105  3.060244   3.784095  0.028479 -2.750000 -2.250000 -2.750000 -2.250000 -2.750000 -2.250000 -2.970238  2.970238      15.0
13       FaIR_nonat   43/1_ERF_FaIR   c     1.735       0.102646       0       0     1.211814  0.044187 -0.005798     195.102030     110.679867  0.038404  0.027643  0.015495  3.315531   3.437541 -0.006081 -1.083333  1.583333 -1.083333   1.583333 -1.083333  1.583333 -0.642857  1.943651     14.0     102.639264  0.059967  0.055373  0.055332  3.101943   3.097166  0.040419 -2.916667 -2.500000 -2.916667 -2.500000 -2.916667 -2.500000 -3.178571  3.178571      14.0
1             lag5y  42/1_Run_Means   c     5.280       0.050818      57      20     1.044049  0.067325 -0.022698     241.175282     104.712076  0.058881  0.058351 -0.031359  2.454299   9.765210 -0.022628  1.166667  4.000000  1.166667   4.000000  1.166667  4.000000  2.318452  2.674584     17.0     101.526102  0.057776  0.057428  0.008479  8.110863   7.686338  0.023872 -0.666667 -0.083333 -0.666667 -0.083333 -0.666667 -0.083333 -0.217262  0.217262      17.0
2             raw1y  42/1_Run_Means   c    27.202       0.135368       2       0     0.632111  0.127226 -0.001490     146.017599      70.172427  0.109242  0.116146  0.001157  2.685190   1.900313  0.009440  0.250000  2.125000  8.416667  12.500000 -6.666667 -4.000000  0.414782  1.592940     50.3      63.186760  0.120329  0.131375  0.040995  1.683198   2.276918  0.055940 -1.583333 -1.958333 -8.500000  8.416667 -8.500000 -8.083333 -2.120933  2.120933      50.3
0            lag10y  42/1_Run_Means   c     2.726       0.041442     139      58     0.577186  0.070547 -0.048472     133.330017     -47.888750  0.086422  0.088584 -0.079263  0.230740   0.463747 -0.060955  4.750000  4.333333  4.750000   4.333333  4.750000  4.333333  4.202381  4.499780     14.0      85.243521  0.057540  0.052639 -0.039425  3.841741  11.884338 -0.014454  2.916667  0.250000  2.916667  0.250000  2.916667  0.250000  1.666667  1.666667      14.0
17         FaIR_all   43/1_ERF_FaIR   c     2.630       0.005554     147     128 -1870.251133  0.071682  0.024053 -301110.432426 -192732.582069  0.073444  0.044764  0.053653  0.000000  60.054475  0.017365 -2.166667 -0.250000 -2.166667  -0.250000 -2.166667 -0.250000 -2.678571  3.579455     15.0 -340463.448051  0.100277  0.084202  0.093491  0.000000   0.000000  0.063865 -4.000000 -4.333333 -4.000000 -4.333333 -4.000000 -4.333333 -5.214286  5.214286      15.0
5.341511131
finished this run
/oscar/data/deeps/private/bfoxkemp/jnickla1/Thorne_15_codefigurestats/Methods/43_Forcing_Based/1_ERF_FaIR/FaIR_all_unB_method.py:95: RuntimeWarning: Mean of empty slice
  return np.nanmean(samp_cur[year_idx-1850, :], axis = 1)
/users/jnickla1/.conda/envs/cleanpy/lib/python3.13/site-packages/numpy/lib/_nanfunctions_impl.py:2019: RuntimeWarning: Degrees of freedom <= 0 for slice.
  var = nanvar(a, axis=axis, dtype=dtype, out=out, ddof=ddof,
/oscar/data/deeps/private/bfoxkemp/jnickla1/Thorne_15_codefigurestats/Methods/43_Forcing_Based/1_ERF_FaIR/FaIR_all_unB_method.py:123: RuntimeWarning: Mean of empty slice
  cdist = np.nanmean(dist)
/oscar/data/deeps/private/bfoxkemp/jnickla1/Thorne_15_codefigurestats/Methods/43_Forcing_Based/1_ERF_FaIR/FaIR_comb_unB_method.py:155: RuntimeWarning: Mean of empty slice
  return np.nanmean(samp_cur[year_idx-1850, :], axis = 1)
/users/jnickla1/.conda/envs/cleanpy/lib/python3.13/site-packages/numpy/lib/_nanfunctions_impl.py:2019: RuntimeWarning: Degrees of freedom <= 0 for slice.
  var = nanvar(a, axis=axis, dtype=dtype, out=out, ddof=ddof,
/oscar/data/deeps/private/bfoxkemp/jnickla1/Thorne_15_codefigurestats/Methods/43_Forcing_Based/1_ERF_FaIR/FaIR_comb_unB_method.py:183: RuntimeWarning: Mean of empty slice
  cdist = np.nanmean(dist)
starting computation for fut_ESM1-2-LR_SSP370_constVolc
max_runs18
Model number:
17




Methods/42_Temp_Alone/1_Run_Means/cent10y_method.py
Methods/42_Temp_Alone/1_Run_Means/cent20y_method.py
Methods/42_Temp_Alone/1_Run_Means/cent21y_method.py
Methods/42_Temp_Alone/1_Run_Means/cent30y_method.py
Methods/42_Temp_Alone/1_Run_Means/lag10y_method.py
Methods/42_Temp_Alone/1_Run_Means/lag5y_method.py
Methods/42_Temp_Alone/1_Run_Means/offset11y_method.py
Methods/42_Temp_Alone/1_Run_Means/raw1y_method.py
Methods/43_Forcing_Based/1_ERF_FaIR/FaIR_all_method.py
Methods/43_Forcing_Based/1_ERF_FaIR/FaIR_all_unB_method.py
Methods/43_Forcing_Based/1_ERF_FaIR/FaIR_anthro_method.py
Methods/43_Forcing_Based/1_ERF_FaIR/FaIR_anthro_unB_method.py
Methods/43_Forcing_Based/1_ERF_FaIR/FaIR_comb_unB_method.py
Methods/43_Forcing_Based/1_ERF_FaIR/FaIR_nonat_method.py
Methods/43_Forcing_Based/1_ERF_FaIR/FaIR_nonat_unB_method.py
evaluating 24 of 0.1°C thresholds, starting at 1.1°C
11
FaIR_anthro sampled, d llike: -0.006706618694222843
FaIR_anthro sampled, d llike: -1.5455434700094652
FaIR_anthro_unB sampled, d llike: -0.024726375604807282
FaIR_anthro_unB sampled, d llike: -0.4296932608804562
FaIR_nonat sampled, d llike: -0.04118475148561429
FaIR_nonat sampled, d llike: -0.028205391758264975
FaIR_nonat_unB sampled, d llike: -0.037179733189095954
FaIR_nonat_unB sampled, d llike: -0.04148538303276972
FaIR_all sampled, d llike: -1667.9338352947389
FaIR_all sampled, d llike: -0.05637672164829932
FaIR_all_unB sampled, d llike: -0.014662382414142083
FaIR_all_unB sampled, d llike: -0.0576020590800852
FaIR_comb_unB sampled, d llike: -0.020457461301170765
FaIR_comb_unB sampled, d llike: -0.37378761996919113
        method_name    method_class c/r  smooth_r  avg_unc.(1se)  #q<0.5  #q<0.1   log-likeli       RMS      bias         tlog-l       100log-l    100RMS     75RMS   100bias       l15           l20    bias50   Edyrs15   Edyrs20   Mdyrs15   Mdyrs20   Fdyrs15   Fdyrs20    EdyrsA   RMSyrsA  ncEdyrs      e100log-l   e100RMS    e75RMS  e100bias           el15       el20   ebias50  eEdyrs15  eEdyrs20  eMdyrs15  eMdyrs20  eFdyrs15  eFdyrs20   eEdyrsA  eRMSyrsA  nceEdyrs
8         offset11y  42/1_Run_Means   c     2.453       0.042697     163      57    -0.062451  0.080732  0.034855     -14.426249     132.597872  0.052913  0.059907 -0.033200  7.025899  1.664152e+00 -0.063183  0.833333  1.416667  0.833333  1.416667  0.833333  1.416667  1.416667  1.776095     24.0     163.275468  0.039994  0.038197 -0.007365   4.486985e+00   5.542757 -0.025122  1.333333  0.666667  1.333333  0.666667  1.333333  0.666667  0.503623  0.503623      23.0
21    FaIR_comb_unB   43/1_ERF_FaIR   c     1.883       0.071501       0       0     1.440428  0.051784  0.007848     226.147188     121.703829  0.061916  0.047419  0.012922  4.236225  4.658731e+00 -0.034516 -3.666667  1.416667 -3.666667  1.416667 -3.666667  1.416667 -0.170139  2.215724     24.0     117.367815  0.066168  0.038853  0.038756   4.673109e+00   5.770450  0.003545 -3.166667  0.666667 -3.166667  0.666667 -3.166667  0.666667 -1.094203  1.094203      23.0
15   FaIR_nonat_unB   43/1_ERF_FaIR   c     1.853       0.081007       0       0     1.387393  0.047609  0.004347     223.370297     121.649095  0.054383  0.042601  0.011117  4.283186  4.616834e+00 -0.027435 -3.083333  1.333333 -3.083333  1.333333 -3.083333  1.333333 -0.190972  1.961360     24.0     118.099200  0.059524  0.036766  0.036952   4.611911e+00   5.148186  0.010626 -2.583333  0.583333 -2.583333  0.583333 -2.583333  0.583333 -1.101449  1.101449      23.0
11  FaIR_anthro_unB   43/1_ERF_FaIR   c     1.520       0.084021       0       0     1.238694  0.059518 -0.008858     199.429796     117.607513  0.057927  0.046515  0.010780  3.809273  3.705061e+00 -0.033733 -3.083333  1.416667 -3.083333  1.416667 -3.083333  1.416667 -0.125000  2.050999     24.0     115.047046  0.061737  0.038090  0.036615   4.360878e+00   4.632572  0.004328 -2.583333  0.666667 -2.583333  0.666667 -2.583333  0.666667 -1.036232  1.036232      23.0
9       FaIR_anthro   43/1_ERF_FaIR   c     1.520       0.084021       0       0     1.105524  0.069391 -0.036758     177.989369     115.390821  0.059435  0.061137 -0.017120  4.618548  2.935526e+00 -0.061633 -1.083333  2.250000 -1.083333  2.250000 -1.083333  2.250000  0.847222  2.013410     24.0     121.544095  0.050466  0.038164  0.008715   5.040369e+00   3.832286 -0.023572 -0.583333  1.500000 -0.583333  1.500000 -0.583333  1.500000 -0.057971  0.057971      23.0
19     FaIR_all_unB   43/1_ERF_FaIR   c     2.898       0.084140       0       0     1.207886  0.069495  0.006207     194.469569     110.282937  0.069097  0.046873  0.017980  4.031196  4.358006e+00 -0.032467 -2.833333  1.500000 -2.833333  1.500000 -2.833333  1.500000 -0.267361  2.358925     24.0     105.565849  0.074841  0.039667  0.043814   4.592894e+00   5.093745  0.005594 -2.333333  0.750000 -2.333333  0.750000 -2.333333  0.750000 -1.184783  1.184783      23.0
13       FaIR_nonat   43/1_ERF_FaIR   c     1.897       0.101124       0       0     1.193157  0.053376 -0.022467     192.098307     108.543776  0.055010  0.055125 -0.013863  3.805711  3.414410e+00 -0.052415 -0.916667  2.000000 -0.916667  2.000000 -0.916667  2.000000  0.727431  1.805923     25.0     110.759919  0.048176  0.034226  0.011972   3.997177e+00   3.877067 -0.014354 -0.416667  1.250000 -0.416667  1.250000 -0.416667  1.250000 -0.172101  0.172101      24.0
2             raw1y  42/1_Run_Means   c    26.309       0.132893       3       0     0.651636  0.124895 -0.003998     150.527935      74.929373  0.102185  0.102825 -0.005207  3.034386  3.159747e+00 -0.001710 -2.208333  1.375000 -4.500000  3.083333 -4.500000 -0.333333  0.016782  1.777274     52.2      74.371824  0.103135  0.105001  0.020627   1.838387e+00   1.776457  0.036351 -1.708333  0.625000 -4.000000  2.333333 -4.000000 -1.083333 -0.939010  0.939010      50.2
1             lag5y  42/1_Run_Means   c     5.078       0.051729     100      33     0.389408  0.074284 -0.033409      89.953309     -46.509898  0.077255  0.082499 -0.058548  8.469518  2.028046e+00 -0.069808  1.416667  0.833333  1.416667  0.833333  1.416667  0.833333  2.131944  2.451969     24.0      68.928203  0.060605  0.060595 -0.032713   8.883280e+00  11.241275 -0.031747  1.916667  0.083333  1.916667  0.083333  1.916667  0.083333  1.264493  1.264493      23.0
0            lag10y  42/1_Run_Means   c     2.610       0.043737     151      96    -0.679868  0.096261 -0.068235    -157.049438    -338.268205  0.135488  0.150441 -0.129430  0.263439  9.756691e-03 -0.155750  3.250000  3.916667  3.250000  3.916667  3.250000  3.916667  4.607639  4.688904     24.0    -159.489403  0.110789  0.123478 -0.103596   6.635755e-02   0.259358 -0.117689  3.750000  3.166667  3.750000  3.166667  3.750000  3.166667  3.684783  3.684783      23.0
17         FaIR_all   43/1_ERF_FaIR   c     2.668       0.005569     149     133 -1823.377737  0.071015  0.008834 -293563.815678 -181116.972519  0.071832  0.044990  0.026620  0.000000  1.437564e-32 -0.023826 -3.666667  1.083333 -3.666667  1.083333 -3.666667  1.083333 -0.590278  2.498495     24.0 -240020.723448  0.080206  0.043431  0.052455  1.350064e-231  80.737526  0.014235 -3.166667  0.333333 -3.166667  0.333333 -3.166667  0.333333 -1.514493  1.514493      23.0
6.816767102
finished this run
All processes completed.
