/oscar/data/deeps/private/bfoxkemp/jnickla1/Thorne_15_codefigurestats/fut_evaluation_gen_ensemble.py:20: RuntimeWarning: Mean of empty slice
  return np.nanmean(standards_np,axis=0)
/oscar/data/deeps/private/bfoxkemp/jnickla1/Thorne_15_codefigurestats/fut_evaluation_gen_ensemble.py:20: RuntimeWarning: Mean of empty slice
  return np.nanmean(standards_np,axis=0)
/oscar/data/deeps/private/bfoxkemp/jnickla1/Thorne_15_codefigurestats/fut_evaluation_gen_ensemble.py:20: RuntimeWarning: Mean of empty slice
  return np.nanmean(standards_np,axis=0)
/oscar/data/deeps/private/bfoxkemp/jnickla1/Thorne_15_codefigurestats/fut_evaluation_gen_ensemble.py:20: RuntimeWarning: Mean of empty slice
  return np.nanmean(standards_np,axis=0)
/oscar/data/deeps/private/bfoxkemp/jnickla1/Thorne_15_codefigurestats/fut_evaluation_gen_ensemble.py:20: RuntimeWarning: Mean of empty slice
  return np.nanmean(standards_np,axis=0)
/oscar/data/deeps/private/bfoxkemp/jnickla1/Thorne_15_codefigurestats/Methods/43_Forcing_Based/1_ERF_FaIR/FaIR_all_method.py:53: RuntimeWarning: Mean of empty slice
  samp_mean =  np.nanmean(samp_cur, axis = 1)
/oscar/data/deeps/private/bfoxkemp/jnickla1/Thorne_15_codefigurestats/Methods/43_Forcing_Based/1_ERF_FaIR/FaIR_all_method.py:53: RuntimeWarning: Mean of empty slice
  samp_mean =  np.nanmean(samp_cur, axis = 1)
/oscar/data/deeps/private/bfoxkemp/jnickla1/Thorne_15_codefigurestats/Methods/43_Forcing_Based/1_ERF_FaIR/FaIR_all_unB_method.py:70: RuntimeWarning: Mean of empty slice
  samp_mean =  np.nanmean(samp_cur, axis = 1)
/oscar/data/deeps/private/bfoxkemp/jnickla1/Thorne_15_codefigurestats/Methods/43_Forcing_Based/1_ERF_FaIR/FaIR_all_unB_method.py:70: RuntimeWarning: Mean of empty slice
  samp_mean =  np.nanmean(samp_cur, axis = 1)
/oscar/data/deeps/private/bfoxkemp/jnickla1/Thorne_15_codefigurestats/Methods/43_Forcing_Based/1_ERF_FaIR/FaIR_anthro_method.py:53: RuntimeWarning: Mean of empty slice
  samp_mean =  np.nanmean(samp_cur, axis = 1)
/oscar/data/deeps/private/bfoxkemp/jnickla1/Thorne_15_codefigurestats/Methods/43_Forcing_Based/1_ERF_FaIR/FaIR_anthro_method.py:53: RuntimeWarning: Mean of empty slice
  samp_mean =  np.nanmean(samp_cur, axis = 1)
/oscar/data/deeps/private/bfoxkemp/jnickla1/Thorne_15_codefigurestats/Methods/43_Forcing_Based/1_ERF_FaIR/FaIR_anthro_unB_method.py:70: RuntimeWarning: Mean of empty slice
  samp_mean =  np.nanmean(samp_cur, axis = 1)
/oscar/data/deeps/private/bfoxkemp/jnickla1/Thorne_15_codefigurestats/Methods/43_Forcing_Based/1_ERF_FaIR/FaIR_anthro_unB_method.py:70: RuntimeWarning: Mean of empty slice
  samp_mean =  np.nanmean(samp_cur, axis = 1)
/oscar/data/deeps/private/bfoxkemp/jnickla1/Thorne_15_codefigurestats/Methods/43_Forcing_Based/1_ERF_FaIR/FaIR_comb_unB_method.py:70: RuntimeWarning: Mean of empty slice
  samp_mean =  np.nanmean(samp_cur, axis = 1)
/oscar/data/deeps/private/bfoxkemp/jnickla1/Thorne_15_codefigurestats/Methods/43_Forcing_Based/1_ERF_FaIR/FaIR_comb_unB_method.py:70: RuntimeWarning: Mean of empty slice
  samp_mean =  np.nanmean(samp_cur, axis = 1)
/oscar/data/deeps/private/bfoxkemp/jnickla1/Thorne_15_codefigurestats/Methods/43_Forcing_Based/1_ERF_FaIR/FaIR_comb_unB_method.py:126: RuntimeWarning: Mean of empty slice
  samp_meanAll =  np.nanmean(samp_curAll, axis = 1)
/oscar/data/deeps/private/bfoxkemp/jnickla1/Thorne_15_codefigurestats/Methods/43_Forcing_Based/1_ERF_FaIR/FaIR_comb_unB_method.py:126: RuntimeWarning: Mean of empty slice
  samp_meanAll =  np.nanmean(samp_curAll, axis = 1)
/oscar/data/deeps/private/bfoxkemp/jnickla1/Thorne_15_codefigurestats/Methods/43_Forcing_Based/1_ERF_FaIR/FaIR_nonat_method.py:53: RuntimeWarning: Mean of empty slice
  samp_mean =  np.nanmean(samp_cur, axis = 1)
/oscar/data/deeps/private/bfoxkemp/jnickla1/Thorne_15_codefigurestats/Methods/43_Forcing_Based/1_ERF_FaIR/FaIR_nonat_method.py:53: RuntimeWarning: Mean of empty slice
  samp_mean =  np.nanmean(samp_cur, axis = 1)
/oscar/data/deeps/private/bfoxkemp/jnickla1/Thorne_15_codefigurestats/Methods/43_Forcing_Based/1_ERF_FaIR/FaIR_nonat_unB_method.py:72: RuntimeWarning: Mean of empty slice
  samp_mean =  np.nanmean(samp_cur, axis = 1)
/oscar/data/deeps/private/bfoxkemp/jnickla1/Thorne_15_codefigurestats/Methods/43_Forcing_Based/1_ERF_FaIR/FaIR_nonat_unB_method.py:72: RuntimeWarning: Mean of empty slice
  samp_mean =  np.nanmean(samp_cur, axis = 1)
/oscar/data/deeps/private/bfoxkemp/jnickla1/Thorne_15_codefigurestats/Methods/43_Forcing_Based/1_ERF_FaIR/FaIR_all_method.py:68: RuntimeWarning: Mean of empty slice
  return np.nanmean(samp_cur[year_idx-1850, :], axis = 1)
/oscar/data/deeps/private/bfoxkemp/jnickla1/Thorne_15_codefigurestats/Methods/43_Forcing_Based/1_ERF_FaIR/FaIR_all_method.py:68: RuntimeWarning: Mean of empty slice
  return np.nanmean(samp_cur[year_idx-1850, :], axis = 1)
/users/jnickla1/.conda/envs/cleanpy/lib/python3.13/site-packages/numpy/lib/_nanfunctions_impl.py:2019: RuntimeWarning: Degrees of freedom <= 0 for slice.
  var = nanvar(a, axis=axis, dtype=dtype, out=out, ddof=ddof,
/oscar/data/deeps/private/bfoxkemp/jnickla1/Thorne_15_codefigurestats/Methods/43_Forcing_Based/1_ERF_FaIR/FaIR_all_unB_method.py:90: RuntimeWarning: Mean of empty slice
  return np.nanmean(samp_cur[year_idx-1850, :], axis = 1)
/users/jnickla1/.conda/envs/cleanpy/lib/python3.13/site-packages/numpy/lib/_nanfunctions_impl.py:2019: RuntimeWarning: Degrees of freedom <= 0 for slice.
  var = nanvar(a, axis=axis, dtype=dtype, out=out, ddof=ddof,
/oscar/data/deeps/private/bfoxkemp/jnickla1/Thorne_15_codefigurestats/Methods/43_Forcing_Based/1_ERF_FaIR/FaIR_all_unB_method.py:90: RuntimeWarning: Mean of empty slice
  return np.nanmean(samp_cur[year_idx-1850, :], axis = 1)
/oscar/data/deeps/private/bfoxkemp/jnickla1/Thorne_15_codefigurestats/Methods/43_Forcing_Based/1_ERF_FaIR/FaIR_anthro_method.py:67: RuntimeWarning: Mean of empty slice
  return np.nanmean(samp_cur[year_idx-1850, :], axis = 1)
/oscar/data/deeps/private/bfoxkemp/jnickla1/Thorne_15_codefigurestats/Methods/43_Forcing_Based/1_ERF_FaIR/FaIR_anthro_method.py:67: RuntimeWarning: Mean of empty slice
  return np.nanmean(samp_cur[year_idx-1850, :], axis = 1)
/oscar/data/deeps/private/bfoxkemp/jnickla1/Thorne_15_codefigurestats/Methods/43_Forcing_Based/1_ERF_FaIR/FaIR_anthro_unB_method.py:89: RuntimeWarning: Mean of empty slice
  return np.nanmean(samp_cur[year_idx-1850, :], axis = 1)
/oscar/data/deeps/private/bfoxkemp/jnickla1/Thorne_15_codefigurestats/Methods/43_Forcing_Based/1_ERF_FaIR/FaIR_anthro_unB_method.py:89: RuntimeWarning: Mean of empty slice
  return np.nanmean(samp_cur[year_idx-1850, :], axis = 1)
/oscar/data/deeps/private/bfoxkemp/jnickla1/Thorne_15_codefigurestats/Methods/43_Forcing_Based/1_ERF_FaIR/FaIR_comb_unB_method.py:152: RuntimeWarning: Mean of empty slice
  return np.nanmean(samp_cur[year_idx-1850, :], axis = 1)
/oscar/data/deeps/private/bfoxkemp/jnickla1/Thorne_15_codefigurestats/Methods/43_Forcing_Based/1_ERF_FaIR/FaIR_comb_unB_method.py:152: RuntimeWarning: Mean of empty slice
  return np.nanmean(samp_cur[year_idx-1850, :], axis = 1)
/oscar/data/deeps/private/bfoxkemp/jnickla1/Thorne_15_codefigurestats/Methods/43_Forcing_Based/1_ERF_FaIR/FaIR_nonat_method.py:68: RuntimeWarning: Mean of empty slice
  return np.nanmean(samp_cur[year_idx-1850, :], axis = 1)
/oscar/data/deeps/private/bfoxkemp/jnickla1/Thorne_15_codefigurestats/Methods/43_Forcing_Based/1_ERF_FaIR/FaIR_nonat_method.py:68: RuntimeWarning: Mean of empty slice
  return np.nanmean(samp_cur[year_idx-1850, :], axis = 1)
/oscar/data/deeps/private/bfoxkemp/jnickla1/Thorne_15_codefigurestats/Methods/43_Forcing_Based/1_ERF_FaIR/FaIR_nonat_unB_method.py:92: RuntimeWarning: Mean of empty slice
  return np.nanmean(samp_cur[year_idx-1850, :], axis = 1)
/oscar/data/deeps/private/bfoxkemp/jnickla1/Thorne_15_codefigurestats/Methods/43_Forcing_Based/1_ERF_FaIR/FaIR_nonat_unB_method.py:92: RuntimeWarning: Mean of empty slice
  return np.nanmean(samp_cur[year_idx-1850, :], axis = 1)
/oscar/data/deeps/private/bfoxkemp/jnickla1/Thorne_15_codefigurestats/Methods/43_Forcing_Based/1_ERF_FaIR/FaIR_anthro_method.py:67: RuntimeWarning: Mean of empty slice
  return np.nanmean(samp_cur[year_idx-1850, :], axis = 1)
/oscar/data/deeps/private/bfoxkemp/jnickla1/Thorne_15_codefigurestats/Methods/43_Forcing_Based/1_ERF_FaIR/FaIR_anthro_method.py:67: RuntimeWarning: Mean of empty slice
  return np.nanmean(samp_cur[year_idx-1850, :], axis = 1)
/oscar/data/deeps/private/bfoxkemp/jnickla1/Thorne_15_codefigurestats/Methods/43_Forcing_Based/1_ERF_FaIR/FaIR_anthro_unB_method.py:89: RuntimeWarning: Mean of empty slice
  return np.nanmean(samp_cur[year_idx-1850, :], axis = 1)
/oscar/data/deeps/private/bfoxkemp/jnickla1/Thorne_15_codefigurestats/Methods/43_Forcing_Based/1_ERF_FaIR/FaIR_anthro_unB_method.py:89: RuntimeWarning: Mean of empty slice
  return np.nanmean(samp_cur[year_idx-1850, :], axis = 1)
/oscar/data/deeps/private/bfoxkemp/jnickla1/Thorne_15_codefigurestats/Methods/43_Forcing_Based/1_ERF_FaIR/FaIR_nonat_method.py:68: RuntimeWarning: Mean of empty slice
  return np.nanmean(samp_cur[year_idx-1850, :], axis = 1)
/oscar/data/deeps/private/bfoxkemp/jnickla1/Thorne_15_codefigurestats/Methods/43_Forcing_Based/1_ERF_FaIR/FaIR_nonat_unB_method.py:92: RuntimeWarning: Mean of empty slice
  return np.nanmean(samp_cur[year_idx-1850, :], axis = 1)
/oscar/data/deeps/private/bfoxkemp/jnickla1/Thorne_15_codefigurestats/Methods/43_Forcing_Based/1_ERF_FaIR/FaIR_all_method.py:68: RuntimeWarning: Mean of empty slice
  return np.nanmean(samp_cur[year_idx-1850, :], axis = 1)
/oscar/data/deeps/private/bfoxkemp/jnickla1/Thorne_15_codefigurestats/Methods/43_Forcing_Based/1_ERF_FaIR/FaIR_nonat_method.py:68: RuntimeWarning: Mean of empty slice
  return np.nanmean(samp_cur[year_idx-1850, :], axis = 1)
/oscar/data/deeps/private/bfoxkemp/jnickla1/Thorne_15_codefigurestats/Methods/43_Forcing_Based/1_ERF_FaIR/FaIR_nonat_unB_method.py:92: RuntimeWarning: Mean of empty slice
  return np.nanmean(samp_cur[year_idx-1850, :], axis = 1)
/oscar/data/deeps/private/bfoxkemp/jnickla1/Thorne_15_codefigurestats/Methods/43_Forcing_Based/1_ERF_FaIR/FaIR_all_method.py:68: RuntimeWarning: Mean of empty slice
  return np.nanmean(samp_cur[year_idx-1850, :], axis = 1)
/oscar/data/deeps/private/bfoxkemp/jnickla1/Thorne_15_codefigurestats/Methods/43_Forcing_Based/1_ERF_FaIR/FaIR_all_unB_method.py:90: RuntimeWarning: Mean of empty slice
  return np.nanmean(samp_cur[year_idx-1850, :], axis = 1)
/oscar/data/deeps/private/bfoxkemp/jnickla1/Thorne_15_codefigurestats/Methods/43_Forcing_Based/1_ERF_FaIR/FaIR_comb_unB_method.py:152: RuntimeWarning: Mean of empty slice
  return np.nanmean(samp_cur[year_idx-1850, :], axis = 1)
/oscar/data/deeps/private/bfoxkemp/jnickla1/Thorne_15_codefigurestats/Methods/43_Forcing_Based/1_ERF_FaIR/FaIR_all_unB_method.py:90: RuntimeWarning: Mean of empty slice
  return np.nanmean(samp_cur[year_idx-1850, :], axis = 1)
/oscar/data/deeps/private/bfoxkemp/jnickla1/Thorne_15_codefigurestats/Methods/43_Forcing_Based/1_ERF_FaIR/FaIR_comb_unB_method.py:152: RuntimeWarning: Mean of empty slice
  return np.nanmean(samp_cur[year_idx-1850, :], axis = 1)
/oscar/data/deeps/private/bfoxkemp/jnickla1/Thorne_15_codefigurestats/fut_evaluation_script.py:464: RuntimeWarning: Mean of empty slice
  evalmean = np.nanmean(diffcrossE) #if crossing multiple times take the mean
/oscar/data/deeps/private/bfoxkemp/jnickla1/Thorne_15_codefigurestats/Methods/43_Forcing_Based/1_ERF_FaIR/FaIR_anthro_method.py:67: RuntimeWarning: Mean of empty slice
  return np.nanmean(samp_cur[year_idx-1850, :], axis = 1)
/users/jnickla1/.conda/envs/cleanpy/lib/python3.13/site-packages/numpy/lib/_nanfunctions_impl.py:2019: RuntimeWarning: Degrees of freedom <= 0 for slice.
  var = nanvar(a, axis=axis, dtype=dtype, out=out, ddof=ddof,
/oscar/data/deeps/private/bfoxkemp/jnickla1/Thorne_15_codefigurestats/Methods/43_Forcing_Based/1_ERF_FaIR/FaIR_anthro_method.py:95: RuntimeWarning: Mean of empty slice
  cdist = np.nanmean(dist)
/oscar/data/deeps/private/bfoxkemp/jnickla1/Thorne_15_codefigurestats/Methods/43_Forcing_Based/1_ERF_FaIR/FaIR_anthro_method.py:67: RuntimeWarning: Mean of empty slice
  return np.nanmean(samp_cur[year_idx-1850, :], axis = 1)
/users/jnickla1/.conda/envs/cleanpy/lib/python3.13/site-packages/numpy/lib/_nanfunctions_impl.py:2019: RuntimeWarning: Degrees of freedom <= 0 for slice.
  var = nanvar(a, axis=axis, dtype=dtype, out=out, ddof=ddof,
/oscar/data/deeps/private/bfoxkemp/jnickla1/Thorne_15_codefigurestats/Methods/43_Forcing_Based/1_ERF_FaIR/FaIR_anthro_method.py:95: RuntimeWarning: Mean of empty slice
  cdist = np.nanmean(dist)
/oscar/data/deeps/private/bfoxkemp/jnickla1/Thorne_15_codefigurestats/fut_evaluation_script.py:427: RuntimeWarning: Mean of empty slice
  evalmean = np.nanmean(diffcross) #if crossing multiple times take the mean
/oscar/data/deeps/private/bfoxkemp/jnickla1/Thorne_15_codefigurestats/Methods/43_Forcing_Based/1_ERF_FaIR/FaIR_all_method.py:53: RuntimeWarning: Mean of empty slice
  samp_mean =  np.nanmean(samp_cur, axis = 1)
/oscar/data/deeps/private/bfoxkemp/jnickla1/Thorne_15_codefigurestats/Methods/43_Forcing_Based/1_ERF_FaIR/FaIR_all_unB_method.py:70: RuntimeWarning: Mean of empty slice
  samp_mean =  np.nanmean(samp_cur, axis = 1)
/oscar/data/deeps/private/bfoxkemp/jnickla1/Thorne_15_codefigurestats/Methods/43_Forcing_Based/1_ERF_FaIR/FaIR_all_method.py:53: RuntimeWarning: Mean of empty slice
  samp_mean =  np.nanmean(samp_cur, axis = 1)
/oscar/data/deeps/private/bfoxkemp/jnickla1/Thorne_15_codefigurestats/Methods/43_Forcing_Based/1_ERF_FaIR/FaIR_all_method.py:53: RuntimeWarning: Mean of empty slice
  samp_mean =  np.nanmean(samp_cur, axis = 1)
/oscar/data/deeps/private/bfoxkemp/jnickla1/Thorne_15_codefigurestats/Methods/43_Forcing_Based/1_ERF_FaIR/FaIR_anthro_method.py:53: RuntimeWarning: Mean of empty slice
  samp_mean =  np.nanmean(samp_cur, axis = 1)
/oscar/data/deeps/private/bfoxkemp/jnickla1/Thorne_15_codefigurestats/fut_evaluation_script.py:464: RuntimeWarning: Mean of empty slice
  evalmean = np.nanmean(diffcrossE) #if crossing multiple times take the mean
/oscar/data/deeps/private/bfoxkemp/jnickla1/Thorne_15_codefigurestats/Methods/43_Forcing_Based/1_ERF_FaIR/FaIR_all_unB_method.py:70: RuntimeWarning: Mean of empty slice
  samp_mean =  np.nanmean(samp_cur, axis = 1)
/oscar/data/deeps/private/bfoxkemp/jnickla1/Thorne_15_codefigurestats/Methods/43_Forcing_Based/1_ERF_FaIR/FaIR_anthro_unB_method.py:70: RuntimeWarning: Mean of empty slice
  samp_mean =  np.nanmean(samp_cur, axis = 1)
/oscar/data/deeps/private/bfoxkemp/jnickla1/Thorne_15_codefigurestats/fut_evaluation_script.py:464: RuntimeWarning: Mean of empty slice
  evalmean = np.nanmean(diffcrossE) #if crossing multiple times take the mean
/oscar/data/deeps/private/bfoxkemp/jnickla1/Thorne_15_codefigurestats/Methods/43_Forcing_Based/1_ERF_FaIR/FaIR_all_unB_method.py:70: RuntimeWarning: Mean of empty slice
  samp_mean =  np.nanmean(samp_cur, axis = 1)
/oscar/data/deeps/private/bfoxkemp/jnickla1/Thorne_15_codefigurestats/Methods/43_Forcing_Based/1_ERF_FaIR/FaIR_anthro_method.py:53: RuntimeWarning: Mean of empty slice
  samp_mean =  np.nanmean(samp_cur, axis = 1)
/oscar/data/deeps/private/bfoxkemp/jnickla1/Thorne_15_codefigurestats/Methods/43_Forcing_Based/1_ERF_FaIR/FaIR_comb_unB_method.py:70: RuntimeWarning: Mean of empty slice
  samp_mean =  np.nanmean(samp_cur, axis = 1)
/oscar/data/deeps/private/bfoxkemp/jnickla1/Thorne_15_codefigurestats/Methods/43_Forcing_Based/1_ERF_FaIR/FaIR_comb_unB_method.py:126: RuntimeWarning: Mean of empty slice
  samp_meanAll =  np.nanmean(samp_curAll, axis = 1)
/oscar/data/deeps/private/bfoxkemp/jnickla1/Thorne_15_codefigurestats/Methods/43_Forcing_Based/1_ERF_FaIR/FaIR_anthro_method.py:53: RuntimeWarning: Mean of empty slice
  samp_mean =  np.nanmean(samp_cur, axis = 1)
/oscar/data/deeps/private/bfoxkemp/jnickla1/Thorne_15_codefigurestats/Methods/43_Forcing_Based/1_ERF_FaIR/FaIR_anthro_unB_method.py:70: RuntimeWarning: Mean of empty slice
  samp_mean =  np.nanmean(samp_cur, axis = 1)
/oscar/data/deeps/private/bfoxkemp/jnickla1/Thorne_15_codefigurestats/Methods/43_Forcing_Based/1_ERF_FaIR/FaIR_nonat_method.py:53: RuntimeWarning: Mean of empty slice
  samp_mean =  np.nanmean(samp_cur, axis = 1)
/oscar/data/deeps/private/bfoxkemp/jnickla1/Thorne_15_codefigurestats/Methods/43_Forcing_Based/1_ERF_FaIR/FaIR_anthro_unB_method.py:70: RuntimeWarning: Mean of empty slice
  samp_mean =  np.nanmean(samp_cur, axis = 1)
/oscar/data/deeps/private/bfoxkemp/jnickla1/Thorne_15_codefigurestats/Methods/43_Forcing_Based/1_ERF_FaIR/FaIR_comb_unB_method.py:70: RuntimeWarning: Mean of empty slice
  samp_mean =  np.nanmean(samp_cur, axis = 1)
/oscar/data/deeps/private/bfoxkemp/jnickla1/Thorne_15_codefigurestats/Methods/43_Forcing_Based/1_ERF_FaIR/FaIR_comb_unB_method.py:126: RuntimeWarning: Mean of empty slice
  samp_meanAll =  np.nanmean(samp_curAll, axis = 1)
/oscar/data/deeps/private/bfoxkemp/jnickla1/Thorne_15_codefigurestats/Methods/43_Forcing_Based/1_ERF_FaIR/FaIR_nonat_unB_method.py:72: RuntimeWarning: Mean of empty slice
  samp_mean =  np.nanmean(samp_cur, axis = 1)
/oscar/data/deeps/private/bfoxkemp/jnickla1/Thorne_15_codefigurestats/Methods/43_Forcing_Based/1_ERF_FaIR/FaIR_comb_unB_method.py:70: RuntimeWarning: Mean of empty slice
  samp_mean =  np.nanmean(samp_cur, axis = 1)
/oscar/data/deeps/private/bfoxkemp/jnickla1/Thorne_15_codefigurestats/Methods/43_Forcing_Based/1_ERF_FaIR/FaIR_comb_unB_method.py:126: RuntimeWarning: Mean of empty slice
  samp_meanAll =  np.nanmean(samp_curAll, axis = 1)
/oscar/data/deeps/private/bfoxkemp/jnickla1/Thorne_15_codefigurestats/Methods/43_Forcing_Based/1_ERF_FaIR/FaIR_all_method.py:68: RuntimeWarning: Mean of empty slice
  return np.nanmean(samp_cur[year_idx-1850, :], axis = 1)
/users/jnickla1/.conda/envs/cleanpy/lib/python3.13/site-packages/numpy/lib/_nanfunctions_impl.py:2019: RuntimeWarning: Degrees of freedom <= 0 for slice.
  var = nanvar(a, axis=axis, dtype=dtype, out=out, ddof=ddof,
/oscar/data/deeps/private/bfoxkemp/jnickla1/Thorne_15_codefigurestats/Methods/43_Forcing_Based/1_ERF_FaIR/FaIR_all_unB_method.py:90: RuntimeWarning: Mean of empty slice
  return np.nanmean(samp_cur[year_idx-1850, :], axis = 1)
/oscar/data/deeps/private/bfoxkemp/jnickla1/Thorne_15_codefigurestats/Methods/43_Forcing_Based/1_ERF_FaIR/FaIR_nonat_method.py:53: RuntimeWarning: Mean of empty slice
  samp_mean =  np.nanmean(samp_cur, axis = 1)
/oscar/data/deeps/private/bfoxkemp/jnickla1/Thorne_15_codefigurestats/Methods/43_Forcing_Based/1_ERF_FaIR/FaIR_anthro_method.py:67: RuntimeWarning: Mean of empty slice
  return np.nanmean(samp_cur[year_idx-1850, :], axis = 1)
/oscar/data/deeps/private/bfoxkemp/jnickla1/Thorne_15_codefigurestats/Methods/43_Forcing_Based/1_ERF_FaIR/FaIR_anthro_unB_method.py:89: RuntimeWarning: Mean of empty slice
  return np.nanmean(samp_cur[year_idx-1850, :], axis = 1)
/oscar/data/deeps/private/bfoxkemp/jnickla1/Thorne_15_codefigurestats/Methods/43_Forcing_Based/1_ERF_FaIR/FaIR_comb_unB_method.py:152: RuntimeWarning: Mean of empty slice
  return np.nanmean(samp_cur[year_idx-1850, :], axis = 1)
/oscar/data/deeps/private/bfoxkemp/jnickla1/Thorne_15_codefigurestats/Methods/43_Forcing_Based/1_ERF_FaIR/FaIR_nonat_method.py:68: RuntimeWarning: Mean of empty slice
  return np.nanmean(samp_cur[year_idx-1850, :], axis = 1)
/oscar/data/deeps/private/bfoxkemp/jnickla1/Thorne_15_codefigurestats/Methods/43_Forcing_Based/1_ERF_FaIR/FaIR_nonat_unB_method.py:72: RuntimeWarning: Mean of empty slice
  samp_mean =  np.nanmean(samp_cur, axis = 1)
/oscar/data/deeps/private/bfoxkemp/jnickla1/Thorne_15_codefigurestats/Methods/43_Forcing_Based/1_ERF_FaIR/FaIR_nonat_unB_method.py:92: RuntimeWarning: Mean of empty slice
  return np.nanmean(samp_cur[year_idx-1850, :], axis = 1)
/oscar/data/deeps/private/bfoxkemp/jnickla1/Thorne_15_codefigurestats/Methods/43_Forcing_Based/1_ERF_FaIR/FaIR_nonat_method.py:53: RuntimeWarning: Mean of empty slice
  samp_mean =  np.nanmean(samp_cur, axis = 1)
/oscar/data/deeps/private/bfoxkemp/jnickla1/Thorne_15_codefigurestats/Methods/43_Forcing_Based/1_ERF_FaIR/FaIR_anthro_method.py:67: RuntimeWarning: Mean of empty slice
  return np.nanmean(samp_cur[year_idx-1850, :], axis = 1)
/oscar/data/deeps/private/bfoxkemp/jnickla1/Thorne_15_codefigurestats/Methods/43_Forcing_Based/1_ERF_FaIR/FaIR_all_method.py:68: RuntimeWarning: Mean of empty slice
  return np.nanmean(samp_cur[year_idx-1850, :], axis = 1)
/oscar/data/deeps/private/bfoxkemp/jnickla1/Thorne_15_codefigurestats/Methods/43_Forcing_Based/1_ERF_FaIR/FaIR_anthro_unB_method.py:89: RuntimeWarning: Mean of empty slice
  return np.nanmean(samp_cur[year_idx-1850, :], axis = 1)
/oscar/data/deeps/private/bfoxkemp/jnickla1/Thorne_15_codefigurestats/Methods/43_Forcing_Based/1_ERF_FaIR/FaIR_nonat_method.py:68: RuntimeWarning: Mean of empty slice
  return np.nanmean(samp_cur[year_idx-1850, :], axis = 1)
/oscar/data/deeps/private/bfoxkemp/jnickla1/Thorne_15_codefigurestats/Methods/43_Forcing_Based/1_ERF_FaIR/FaIR_nonat_unB_method.py:92: RuntimeWarning: Mean of empty slice
  return np.nanmean(samp_cur[year_idx-1850, :], axis = 1)
/oscar/data/deeps/private/bfoxkemp/jnickla1/Thorne_15_codefigurestats/Methods/43_Forcing_Based/1_ERF_FaIR/FaIR_all_method.py:68: RuntimeWarning: Mean of empty slice
  return np.nanmean(samp_cur[year_idx-1850, :], axis = 1)
/users/jnickla1/.conda/envs/cleanpy/lib/python3.13/site-packages/numpy/lib/_nanfunctions_impl.py:2019: RuntimeWarning: Degrees of freedom <= 0 for slice.
  var = nanvar(a, axis=axis, dtype=dtype, out=out, ddof=ddof,
/oscar/data/deeps/private/bfoxkemp/jnickla1/Thorne_15_codefigurestats/Methods/43_Forcing_Based/1_ERF_FaIR/FaIR_all_unB_method.py:90: RuntimeWarning: Mean of empty slice
  return np.nanmean(samp_cur[year_idx-1850, :], axis = 1)
/oscar/data/deeps/private/bfoxkemp/jnickla1/Thorne_15_codefigurestats/Methods/43_Forcing_Based/1_ERF_FaIR/FaIR_anthro_method.py:67: RuntimeWarning: Mean of empty slice
  return np.nanmean(samp_cur[year_idx-1850, :], axis = 1)
/oscar/data/deeps/private/bfoxkemp/jnickla1/Thorne_15_codefigurestats/Methods/43_Forcing_Based/1_ERF_FaIR/FaIR_all_unB_method.py:90: RuntimeWarning: Mean of empty slice
  return np.nanmean(samp_cur[year_idx-1850, :], axis = 1)
/oscar/data/deeps/private/bfoxkemp/jnickla1/Thorne_15_codefigurestats/Methods/43_Forcing_Based/1_ERF_FaIR/FaIR_comb_unB_method.py:152: RuntimeWarning: Mean of empty slice
  return np.nanmean(samp_cur[year_idx-1850, :], axis = 1)
/oscar/data/deeps/private/bfoxkemp/jnickla1/Thorne_15_codefigurestats/Methods/43_Forcing_Based/1_ERF_FaIR/FaIR_nonat_unB_method.py:72: RuntimeWarning: Mean of empty slice
  samp_mean =  np.nanmean(samp_cur, axis = 1)
/oscar/data/deeps/private/bfoxkemp/jnickla1/Thorne_15_codefigurestats/Methods/43_Forcing_Based/1_ERF_FaIR/FaIR_anthro_unB_method.py:89: RuntimeWarning: Mean of empty slice
  return np.nanmean(samp_cur[year_idx-1850, :], axis = 1)
/oscar/data/deeps/private/bfoxkemp/jnickla1/Thorne_15_codefigurestats/Methods/43_Forcing_Based/1_ERF_FaIR/FaIR_comb_unB_method.py:152: RuntimeWarning: Mean of empty slice
  return np.nanmean(samp_cur[year_idx-1850, :], axis = 1)
/oscar/data/deeps/private/bfoxkemp/jnickla1/Thorne_15_codefigurestats/Methods/43_Forcing_Based/1_ERF_FaIR/FaIR_nonat_method.py:68: RuntimeWarning: Mean of empty slice
  return np.nanmean(samp_cur[year_idx-1850, :], axis = 1)
/oscar/data/deeps/private/bfoxkemp/jnickla1/Thorne_15_codefigurestats/Methods/43_Forcing_Based/1_ERF_FaIR/FaIR_nonat_unB_method.py:92: RuntimeWarning: Mean of empty slice
  return np.nanmean(samp_cur[year_idx-1850, :], axis = 1)
/oscar/data/deeps/private/bfoxkemp/jnickla1/Thorne_15_codefigurestats/Methods/43_Forcing_Based/1_ERF_FaIR/FaIR_all_method.py:68: RuntimeWarning: Mean of empty slice
  return np.nanmean(samp_cur[year_idx-1850, :], axis = 1)
/users/jnickla1/.conda/envs/cleanpy/lib/python3.13/site-packages/numpy/lib/_nanfunctions_impl.py:2019: RuntimeWarning: Degrees of freedom <= 0 for slice.
  var = nanvar(a, axis=axis, dtype=dtype, out=out, ddof=ddof,
/oscar/data/deeps/private/bfoxkemp/jnickla1/Thorne_15_codefigurestats/Methods/43_Forcing_Based/1_ERF_FaIR/FaIR_all_unB_method.py:90: RuntimeWarning: Mean of empty slice
  return np.nanmean(samp_cur[year_idx-1850, :], axis = 1)
/oscar/data/deeps/private/bfoxkemp/jnickla1/Thorne_15_codefigurestats/Methods/43_Forcing_Based/1_ERF_FaIR/FaIR_anthro_method.py:67: RuntimeWarning: Mean of empty slice
  return np.nanmean(samp_cur[year_idx-1850, :], axis = 1)
/oscar/data/deeps/private/bfoxkemp/jnickla1/Thorne_15_codefigurestats/Methods/43_Forcing_Based/1_ERF_FaIR/FaIR_anthro_method.py:67: RuntimeWarning: Mean of empty slice
  return np.nanmean(samp_cur[year_idx-1850, :], axis = 1)
/oscar/data/deeps/private/bfoxkemp/jnickla1/Thorne_15_codefigurestats/Methods/43_Forcing_Based/1_ERF_FaIR/FaIR_anthro_unB_method.py:89: RuntimeWarning: Mean of empty slice
  return np.nanmean(samp_cur[year_idx-1850, :], axis = 1)
/oscar/data/deeps/private/bfoxkemp/jnickla1/Thorne_15_codefigurestats/Methods/43_Forcing_Based/1_ERF_FaIR/FaIR_nonat_method.py:68: RuntimeWarning: Mean of empty slice
  return np.nanmean(samp_cur[year_idx-1850, :], axis = 1)
/oscar/data/deeps/private/bfoxkemp/jnickla1/Thorne_15_codefigurestats/Methods/43_Forcing_Based/1_ERF_FaIR/FaIR_nonat_unB_method.py:92: RuntimeWarning: Mean of empty slice
  return np.nanmean(samp_cur[year_idx-1850, :], axis = 1)
/oscar/data/deeps/private/bfoxkemp/jnickla1/Thorne_15_codefigurestats/Methods/43_Forcing_Based/1_ERF_FaIR/FaIR_anthro_unB_method.py:89: RuntimeWarning: Mean of empty slice
  return np.nanmean(samp_cur[year_idx-1850, :], axis = 1)
/oscar/data/deeps/private/bfoxkemp/jnickla1/Thorne_15_codefigurestats/Methods/43_Forcing_Based/1_ERF_FaIR/FaIR_all_method.py:68: RuntimeWarning: Mean of empty slice
  return np.nanmean(samp_cur[year_idx-1850, :], axis = 1)
/oscar/data/deeps/private/bfoxkemp/jnickla1/Thorne_15_codefigurestats/Methods/43_Forcing_Based/1_ERF_FaIR/FaIR_all_unB_method.py:90: RuntimeWarning: Mean of empty slice
  return np.nanmean(samp_cur[year_idx-1850, :], axis = 1)
/oscar/data/deeps/private/bfoxkemp/jnickla1/Thorne_15_codefigurestats/Methods/43_Forcing_Based/1_ERF_FaIR/FaIR_comb_unB_method.py:152: RuntimeWarning: Mean of empty slice
  return np.nanmean(samp_cur[year_idx-1850, :], axis = 1)
/oscar/data/deeps/private/bfoxkemp/jnickla1/Thorne_15_codefigurestats/Methods/43_Forcing_Based/1_ERF_FaIR/FaIR_anthro_unB_method.py:89: RuntimeWarning: Mean of empty slice
  return np.nanmean(samp_cur[year_idx-1850, :], axis = 1)
/users/jnickla1/.conda/envs/cleanpy/lib/python3.13/site-packages/numpy/lib/_nanfunctions_impl.py:2019: RuntimeWarning: Degrees of freedom <= 0 for slice.
  var = nanvar(a, axis=axis, dtype=dtype, out=out, ddof=ddof,
/oscar/data/deeps/private/bfoxkemp/jnickla1/Thorne_15_codefigurestats/Methods/43_Forcing_Based/1_ERF_FaIR/FaIR_anthro_unB_method.py:117: RuntimeWarning: Mean of empty slice
  cdist = np.nanmean(dist)
/oscar/data/deeps/private/bfoxkemp/jnickla1/Thorne_15_codefigurestats/Methods/43_Forcing_Based/1_ERF_FaIR/FaIR_comb_unB_method.py:152: RuntimeWarning: Mean of empty slice
  return np.nanmean(samp_cur[year_idx-1850, :], axis = 1)
/oscar/data/deeps/private/bfoxkemp/jnickla1/Thorne_15_codefigurestats/Methods/43_Forcing_Based/1_ERF_FaIR/FaIR_anthro_unB_method.py:89: RuntimeWarning: Mean of empty slice
  return np.nanmean(samp_cur[year_idx-1850, :], axis = 1)
/users/jnickla1/.conda/envs/cleanpy/lib/python3.13/site-packages/numpy/lib/_nanfunctions_impl.py:2019: RuntimeWarning: Degrees of freedom <= 0 for slice.
  var = nanvar(a, axis=axis, dtype=dtype, out=out, ddof=ddof,
/oscar/data/deeps/private/bfoxkemp/jnickla1/Thorne_15_codefigurestats/Methods/43_Forcing_Based/1_ERF_FaIR/FaIR_anthro_unB_method.py:117: RuntimeWarning: Mean of empty slice
  cdist = np.nanmean(dist)
/oscar/data/deeps/private/bfoxkemp/jnickla1/Thorne_15_codefigurestats/Methods/43_Forcing_Based/1_ERF_FaIR/FaIR_nonat_method.py:68: RuntimeWarning: Mean of empty slice
  return np.nanmean(samp_cur[year_idx-1850, :], axis = 1)
/oscar/data/deeps/private/bfoxkemp/jnickla1/Thorne_15_codefigurestats/Methods/43_Forcing_Based/1_ERF_FaIR/FaIR_nonat_unB_method.py:92: RuntimeWarning: Mean of empty slice
  return np.nanmean(samp_cur[year_idx-1850, :], axis = 1)
/oscar/data/deeps/private/bfoxkemp/jnickla1/Thorne_15_codefigurestats/Methods/43_Forcing_Based/1_ERF_FaIR/FaIR_anthro_method.py:67: RuntimeWarning: Mean of empty slice
  return np.nanmean(samp_cur[year_idx-1850, :], axis = 1)
/users/jnickla1/.conda/envs/cleanpy/lib/python3.13/site-packages/numpy/lib/_nanfunctions_impl.py:2019: RuntimeWarning: Degrees of freedom <= 0 for slice.
  var = nanvar(a, axis=axis, dtype=dtype, out=out, ddof=ddof,
/oscar/data/deeps/private/bfoxkemp/jnickla1/Thorne_15_codefigurestats/Methods/43_Forcing_Based/1_ERF_FaIR/FaIR_anthro_method.py:95: RuntimeWarning: Mean of empty slice
  cdist = np.nanmean(dist)
/oscar/data/deeps/private/bfoxkemp/jnickla1/Thorne_15_codefigurestats/Methods/43_Forcing_Based/1_ERF_FaIR/FaIR_anthro_method.py:67: RuntimeWarning: Mean of empty slice
  return np.nanmean(samp_cur[year_idx-1850, :], axis = 1)
/oscar/data/deeps/private/bfoxkemp/jnickla1/Thorne_15_codefigurestats/Methods/43_Forcing_Based/1_ERF_FaIR/FaIR_anthro_unB_method.py:89: RuntimeWarning: Mean of empty slice
  return np.nanmean(samp_cur[year_idx-1850, :], axis = 1)
/oscar/data/deeps/private/bfoxkemp/jnickla1/Thorne_15_codefigurestats/Methods/43_Forcing_Based/1_ERF_FaIR/FaIR_nonat_method.py:68: RuntimeWarning: Mean of empty slice
  return np.nanmean(samp_cur[year_idx-1850, :], axis = 1)
/oscar/data/deeps/private/bfoxkemp/jnickla1/Thorne_15_codefigurestats/Methods/43_Forcing_Based/1_ERF_FaIR/FaIR_nonat_unB_method.py:92: RuntimeWarning: Mean of empty slice
  return np.nanmean(samp_cur[year_idx-1850, :], axis = 1)
/oscar/data/deeps/private/bfoxkemp/jnickla1/Thorne_15_codefigurestats/Methods/43_Forcing_Based/1_ERF_FaIR/FaIR_all_method.py:68: RuntimeWarning: Mean of empty slice
  return np.nanmean(samp_cur[year_idx-1850, :], axis = 1)
/oscar/data/deeps/private/bfoxkemp/jnickla1/Thorne_15_codefigurestats/Methods/43_Forcing_Based/1_ERF_FaIR/FaIR_all_unB_method.py:90: RuntimeWarning: Mean of empty slice
  return np.nanmean(samp_cur[year_idx-1850, :], axis = 1)
/oscar/data/deeps/private/bfoxkemp/jnickla1/Thorne_15_codefigurestats/Methods/43_Forcing_Based/1_ERF_FaIR/FaIR_comb_unB_method.py:152: RuntimeWarning: Mean of empty slice
  return np.nanmean(samp_cur[year_idx-1850, :], axis = 1)
/oscar/data/deeps/private/bfoxkemp/jnickla1/Thorne_15_codefigurestats/Methods/43_Forcing_Based/1_ERF_FaIR/FaIR_anthro_method.py:67: RuntimeWarning: Mean of empty slice
  return np.nanmean(samp_cur[year_idx-1850, :], axis = 1)
/users/jnickla1/.conda/envs/cleanpy/lib/python3.13/site-packages/numpy/lib/_nanfunctions_impl.py:2019: RuntimeWarning: Degrees of freedom <= 0 for slice.
  var = nanvar(a, axis=axis, dtype=dtype, out=out, ddof=ddof,
/oscar/data/deeps/private/bfoxkemp/jnickla1/Thorne_15_codefigurestats/Methods/43_Forcing_Based/1_ERF_FaIR/FaIR_anthro_method.py:95: RuntimeWarning: Mean of empty slice
  cdist = np.nanmean(dist)
/oscar/data/deeps/private/bfoxkemp/jnickla1/Thorne_15_codefigurestats/Methods/43_Forcing_Based/1_ERF_FaIR/FaIR_anthro_method.py:67: RuntimeWarning: Mean of empty slice
  return np.nanmean(samp_cur[year_idx-1850, :], axis = 1)
/users/jnickla1/.conda/envs/cleanpy/lib/python3.13/site-packages/numpy/lib/_nanfunctions_impl.py:2019: RuntimeWarning: Degrees of freedom <= 0 for slice.
  var = nanvar(a, axis=axis, dtype=dtype, out=out, ddof=ddof,
/oscar/data/deeps/private/bfoxkemp/jnickla1/Thorne_15_codefigurestats/Methods/43_Forcing_Based/1_ERF_FaIR/FaIR_anthro_method.py:95: RuntimeWarning: Mean of empty slice
  cdist = np.nanmean(dist)
/oscar/data/deeps/private/bfoxkemp/jnickla1/Thorne_15_codefigurestats/Methods/43_Forcing_Based/1_ERF_FaIR/FaIR_nonat_method.py:68: RuntimeWarning: Mean of empty slice
  return np.nanmean(samp_cur[year_idx-1850, :], axis = 1)
/oscar/data/deeps/private/bfoxkemp/jnickla1/Thorne_15_codefigurestats/Methods/43_Forcing_Based/1_ERF_FaIR/FaIR_nonat_method.py:68: RuntimeWarning: Mean of empty slice
  return np.nanmean(samp_cur[year_idx-1850, :], axis = 1)
/users/jnickla1/.conda/envs/cleanpy/lib/python3.13/site-packages/numpy/lib/_nanfunctions_impl.py:2019: RuntimeWarning: Degrees of freedom <= 0 for slice.
  var = nanvar(a, axis=axis, dtype=dtype, out=out, ddof=ddof,
/oscar/data/deeps/private/bfoxkemp/jnickla1/Thorne_15_codefigurestats/Methods/43_Forcing_Based/1_ERF_FaIR/FaIR_nonat_method.py:96: RuntimeWarning: Mean of empty slice
  cdist = np.nanmean(dist)
/users/jnickla1/.conda/envs/cleanpy/lib/python3.13/site-packages/numpy/lib/_nanfunctions_impl.py:2019: RuntimeWarning: Degrees of freedom <= 0 for slice.
  var = nanvar(a, axis=axis, dtype=dtype, out=out, ddof=ddof,
/oscar/data/deeps/private/bfoxkemp/jnickla1/Thorne_15_codefigurestats/Methods/43_Forcing_Based/1_ERF_FaIR/FaIR_nonat_method.py:96: RuntimeWarning: Mean of empty slice
  cdist = np.nanmean(dist)
/oscar/data/deeps/private/bfoxkemp/jnickla1/Thorne_15_codefigurestats/Methods/43_Forcing_Based/1_ERF_FaIR/FaIR_anthro_unB_method.py:89: RuntimeWarning: Mean of empty slice
  return np.nanmean(samp_cur[year_idx-1850, :], axis = 1)
/oscar/data/deeps/private/bfoxkemp/jnickla1/Thorne_15_codefigurestats/Methods/43_Forcing_Based/1_ERF_FaIR/FaIR_anthro_unB_method.py:89: RuntimeWarning: Mean of empty slice
  return np.nanmean(samp_cur[year_idx-1850, :], axis = 1)
/users/jnickla1/.conda/envs/cleanpy/lib/python3.13/site-packages/numpy/lib/_nanfunctions_impl.py:2019: RuntimeWarning: Degrees of freedom <= 0 for slice.
  var = nanvar(a, axis=axis, dtype=dtype, out=out, ddof=ddof,
/oscar/data/deeps/private/bfoxkemp/jnickla1/Thorne_15_codefigurestats/Methods/43_Forcing_Based/1_ERF_FaIR/FaIR_anthro_unB_method.py:117: RuntimeWarning: Mean of empty slice
  cdist = np.nanmean(dist)
/users/jnickla1/.conda/envs/cleanpy/lib/python3.13/site-packages/numpy/lib/_nanfunctions_impl.py:2019: RuntimeWarning: Degrees of freedom <= 0 for slice.
  var = nanvar(a, axis=axis, dtype=dtype, out=out, ddof=ddof,
/oscar/data/deeps/private/bfoxkemp/jnickla1/Thorne_15_codefigurestats/Methods/43_Forcing_Based/1_ERF_FaIR/FaIR_anthro_unB_method.py:117: RuntimeWarning: Mean of empty slice
  cdist = np.nanmean(dist)
/oscar/data/deeps/private/bfoxkemp/jnickla1/Thorne_15_codefigurestats/fut_evaluation_script.py:427: RuntimeWarning: Mean of empty slice
  evalmean = np.nanmean(diffcross) #if crossing multiple times take the mean
/oscar/data/deeps/private/bfoxkemp/jnickla1/Thorne_15_codefigurestats/fut_evaluation_script.py:464: RuntimeWarning: Mean of empty slice
  evalmean = np.nanmean(diffcrossE) #if crossing multiple times take the mean
/oscar/data/deeps/private/bfoxkemp/jnickla1/Thorne_15_codefigurestats/fut_evaluation_script.py:464: RuntimeWarning: Mean of empty slice
  evalmean = np.nanmean(diffcrossE) #if crossing multiple times take the mean
/oscar/data/deeps/private/bfoxkemp/jnickla1/Thorne_15_codefigurestats/Methods/43_Forcing_Based/1_ERF_FaIR/FaIR_anthro_unB_method.py:89: RuntimeWarning: Mean of empty slice
  return np.nanmean(samp_cur[year_idx-1850, :], axis = 1)
/users/jnickla1/.conda/envs/cleanpy/lib/python3.13/site-packages/numpy/lib/_nanfunctions_impl.py:2019: RuntimeWarning: Degrees of freedom <= 0 for slice.
  var = nanvar(a, axis=axis, dtype=dtype, out=out, ddof=ddof,
/oscar/data/deeps/private/bfoxkemp/jnickla1/Thorne_15_codefigurestats/Methods/43_Forcing_Based/1_ERF_FaIR/FaIR_anthro_unB_method.py:117: RuntimeWarning: Mean of empty slice
  cdist = np.nanmean(dist)
/oscar/data/deeps/private/bfoxkemp/jnickla1/Thorne_15_codefigurestats/Methods/43_Forcing_Based/1_ERF_FaIR/FaIR_nonat_unB_method.py:92: RuntimeWarning: Mean of empty slice
  return np.nanmean(samp_cur[year_idx-1850, :], axis = 1)
/oscar/data/deeps/private/bfoxkemp/jnickla1/Thorne_15_codefigurestats/Methods/43_Forcing_Based/1_ERF_FaIR/FaIR_nonat_method.py:68: RuntimeWarning: Mean of empty slice
  return np.nanmean(samp_cur[year_idx-1850, :], axis = 1)
/users/jnickla1/.conda/envs/cleanpy/lib/python3.13/site-packages/numpy/lib/_nanfunctions_impl.py:2019: RuntimeWarning: Degrees of freedom <= 0 for slice.
  var = nanvar(a, axis=axis, dtype=dtype, out=out, ddof=ddof,
/oscar/data/deeps/private/bfoxkemp/jnickla1/Thorne_15_codefigurestats/Methods/43_Forcing_Based/1_ERF_FaIR/FaIR_nonat_unB_method.py:120: RuntimeWarning: Mean of empty slice
  cdist = np.nanmean(dist)
/users/jnickla1/.conda/envs/cleanpy/lib/python3.13/site-packages/numpy/lib/_nanfunctions_impl.py:2019: RuntimeWarning: Degrees of freedom <= 0 for slice.
  var = nanvar(a, axis=axis, dtype=dtype, out=out, ddof=ddof,
/oscar/data/deeps/private/bfoxkemp/jnickla1/Thorne_15_codefigurestats/Methods/43_Forcing_Based/1_ERF_FaIR/FaIR_nonat_method.py:96: RuntimeWarning: Mean of empty slice
  cdist = np.nanmean(dist)
/oscar/data/deeps/private/bfoxkemp/jnickla1/Thorne_15_codefigurestats/Methods/43_Forcing_Based/1_ERF_FaIR/FaIR_nonat_unB_method.py:92: RuntimeWarning: Mean of empty slice
  return np.nanmean(samp_cur[year_idx-1850, :], axis = 1)
/users/jnickla1/.conda/envs/cleanpy/lib/python3.13/site-packages/numpy/lib/_nanfunctions_impl.py:2019: RuntimeWarning: Degrees of freedom <= 0 for slice.
  var = nanvar(a, axis=axis, dtype=dtype, out=out, ddof=ddof,
/oscar/data/deeps/private/bfoxkemp/jnickla1/Thorne_15_codefigurestats/Methods/43_Forcing_Based/1_ERF_FaIR/FaIR_nonat_unB_method.py:120: RuntimeWarning: Mean of empty slice
  cdist = np.nanmean(dist)
/oscar/data/deeps/private/bfoxkemp/jnickla1/Thorne_15_codefigurestats/Methods/43_Forcing_Based/1_ERF_FaIR/FaIR_nonat_method.py:68: RuntimeWarning: Mean of empty slice
  return np.nanmean(samp_cur[year_idx-1850, :], axis = 1)
/users/jnickla1/.conda/envs/cleanpy/lib/python3.13/site-packages/numpy/lib/_nanfunctions_impl.py:2019: RuntimeWarning: Degrees of freedom <= 0 for slice.
  var = nanvar(a, axis=axis, dtype=dtype, out=out, ddof=ddof,
/oscar/data/deeps/private/bfoxkemp/jnickla1/Thorne_15_codefigurestats/Methods/43_Forcing_Based/1_ERF_FaIR/FaIR_nonat_method.py:96: RuntimeWarning: Mean of empty slice
  cdist = np.nanmean(dist)
/oscar/data/deeps/private/bfoxkemp/jnickla1/Thorne_15_codefigurestats/Methods/43_Forcing_Based/1_ERF_FaIR/FaIR_nonat_unB_method.py:92: RuntimeWarning: Mean of empty slice
  return np.nanmean(samp_cur[year_idx-1850, :], axis = 1)
/users/jnickla1/.conda/envs/cleanpy/lib/python3.13/site-packages/numpy/lib/_nanfunctions_impl.py:2019: RuntimeWarning: Degrees of freedom <= 0 for slice.
  var = nanvar(a, axis=axis, dtype=dtype, out=out, ddof=ddof,
/oscar/data/deeps/private/bfoxkemp/jnickla1/Thorne_15_codefigurestats/Methods/43_Forcing_Based/1_ERF_FaIR/FaIR_nonat_unB_method.py:120: RuntimeWarning: Mean of empty slice
  cdist = np.nanmean(dist)
/oscar/data/deeps/private/bfoxkemp/jnickla1/Thorne_15_codefigurestats/Methods/43_Forcing_Based/1_ERF_FaIR/FaIR_all_method.py:68: RuntimeWarning: Mean of empty slice
  return np.nanmean(samp_cur[year_idx-1850, :], axis = 1)
/users/jnickla1/.conda/envs/cleanpy/lib/python3.13/site-packages/numpy/lib/_nanfunctions_impl.py:2019: RuntimeWarning: Degrees of freedom <= 0 for slice.
  var = nanvar(a, axis=axis, dtype=dtype, out=out, ddof=ddof,
/oscar/data/deeps/private/bfoxkemp/jnickla1/Thorne_15_codefigurestats/Methods/43_Forcing_Based/1_ERF_FaIR/FaIR_all_method.py:96: RuntimeWarning: Mean of empty slice
  cdist = np.nanmean(dist)
/oscar/data/deeps/private/bfoxkemp/jnickla1/Thorne_15_codefigurestats/Methods/43_Forcing_Based/1_ERF_FaIR/FaIR_all_method.py:68: RuntimeWarning: Mean of empty slice
  return np.nanmean(samp_cur[year_idx-1850, :], axis = 1)
/users/jnickla1/.conda/envs/cleanpy/lib/python3.13/site-packages/numpy/lib/_nanfunctions_impl.py:2019: RuntimeWarning: Degrees of freedom <= 0 for slice.
  var = nanvar(a, axis=axis, dtype=dtype, out=out, ddof=ddof,
/oscar/data/deeps/private/bfoxkemp/jnickla1/Thorne_15_codefigurestats/Methods/43_Forcing_Based/1_ERF_FaIR/FaIR_all_method.py:96: RuntimeWarning: Mean of empty slice
  cdist = np.nanmean(dist)
/oscar/data/deeps/private/bfoxkemp/jnickla1/Thorne_15_codefigurestats/Methods/43_Forcing_Based/1_ERF_FaIR/FaIR_nonat_unB_method.py:92: RuntimeWarning: Mean of empty slice
  return np.nanmean(samp_cur[year_idx-1850, :], axis = 1)
/users/jnickla1/.conda/envs/cleanpy/lib/python3.13/site-packages/numpy/lib/_nanfunctions_impl.py:2019: RuntimeWarning: Degrees of freedom <= 0 for slice.
  var = nanvar(a, axis=axis, dtype=dtype, out=out, ddof=ddof,
/oscar/data/deeps/private/bfoxkemp/jnickla1/Thorne_15_codefigurestats/Methods/43_Forcing_Based/1_ERF_FaIR/FaIR_nonat_unB_method.py:120: RuntimeWarning: Mean of empty slice
  cdist = np.nanmean(dist)
/oscar/data/deeps/private/bfoxkemp/jnickla1/Thorne_15_codefigurestats/Methods/43_Forcing_Based/1_ERF_FaIR/FaIR_nonat_method.py:68: RuntimeWarning: Mean of empty slice
  return np.nanmean(samp_cur[year_idx-1850, :], axis = 1)
/users/jnickla1/.conda/envs/cleanpy/lib/python3.13/site-packages/numpy/lib/_nanfunctions_impl.py:2019: RuntimeWarning: Degrees of freedom <= 0 for slice.
  var = nanvar(a, axis=axis, dtype=dtype, out=out, ddof=ddof,
/oscar/data/deeps/private/bfoxkemp/jnickla1/Thorne_15_codefigurestats/Methods/43_Forcing_Based/1_ERF_FaIR/FaIR_nonat_method.py:96: RuntimeWarning: Mean of empty slice
  cdist = np.nanmean(dist)
/oscar/data/deeps/private/bfoxkemp/jnickla1/Thorne_15_codefigurestats/fut_evaluation_script.py:427: RuntimeWarning: Mean of empty slice
  evalmean = np.nanmean(diffcross) #if crossing multiple times take the mean
/oscar/data/deeps/private/bfoxkemp/jnickla1/Thorne_15_codefigurestats/Methods/43_Forcing_Based/1_ERF_FaIR/FaIR_all_method.py:68: RuntimeWarning: Mean of empty slice
  return np.nanmean(samp_cur[year_idx-1850, :], axis = 1)
/users/jnickla1/.conda/envs/cleanpy/lib/python3.13/site-packages/numpy/lib/_nanfunctions_impl.py:2019: RuntimeWarning: Degrees of freedom <= 0 for slice.
  var = nanvar(a, axis=axis, dtype=dtype, out=out, ddof=ddof,
/oscar/data/deeps/private/bfoxkemp/jnickla1/Thorne_15_codefigurestats/Methods/43_Forcing_Based/1_ERF_FaIR/FaIR_all_method.py:96: RuntimeWarning: Mean of empty slice
  cdist = np.nanmean(dist)
/oscar/data/deeps/private/bfoxkemp/jnickla1/Thorne_15_codefigurestats/fut_evaluation_script.py:464: RuntimeWarning: Mean of empty slice
  evalmean = np.nanmean(diffcrossE) #if crossing multiple times take the mean
/oscar/data/deeps/private/bfoxkemp/jnickla1/Thorne_15_codefigurestats/fut_evaluation_script.py:464: RuntimeWarning: Mean of empty slice
  evalmean = np.nanmean(diffcrossE) #if crossing multiple times take the mean
/oscar/data/deeps/private/bfoxkemp/jnickla1/Thorne_15_codefigurestats/Methods/43_Forcing_Based/1_ERF_FaIR/FaIR_all_method.py:68: RuntimeWarning: Mean of empty slice
  return np.nanmean(samp_cur[year_idx-1850, :], axis = 1)
/users/jnickla1/.conda/envs/cleanpy/lib/python3.13/site-packages/numpy/lib/_nanfunctions_impl.py:2019: RuntimeWarning: Degrees of freedom <= 0 for slice.
  var = nanvar(a, axis=axis, dtype=dtype, out=out, ddof=ddof,
/oscar/data/deeps/private/bfoxkemp/jnickla1/Thorne_15_codefigurestats/Methods/43_Forcing_Based/1_ERF_FaIR/FaIR_all_method.py:96: RuntimeWarning: Mean of empty slice
  cdist = np.nanmean(dist)
/oscar/data/deeps/private/bfoxkemp/jnickla1/Thorne_15_codefigurestats/Methods/43_Forcing_Based/1_ERF_FaIR/FaIR_all_unB_method.py:90: RuntimeWarning: Mean of empty slice
  return np.nanmean(samp_cur[year_idx-1850, :], axis = 1)
/users/jnickla1/.conda/envs/cleanpy/lib/python3.13/site-packages/numpy/lib/_nanfunctions_impl.py:2019: RuntimeWarning: Degrees of freedom <= 0 for slice.
  var = nanvar(a, axis=axis, dtype=dtype, out=out, ddof=ddof,
/oscar/data/deeps/private/bfoxkemp/jnickla1/Thorne_15_codefigurestats/Methods/43_Forcing_Based/1_ERF_FaIR/FaIR_all_unB_method.py:118: RuntimeWarning: Mean of empty slice
  cdist = np.nanmean(dist)
/oscar/data/deeps/private/bfoxkemp/jnickla1/Thorne_15_codefigurestats/Methods/43_Forcing_Based/1_ERF_FaIR/FaIR_all_unB_method.py:90: RuntimeWarning: Mean of empty slice
  return np.nanmean(samp_cur[year_idx-1850, :], axis = 1)
/users/jnickla1/.conda/envs/cleanpy/lib/python3.13/site-packages/numpy/lib/_nanfunctions_impl.py:2019: RuntimeWarning: Degrees of freedom <= 0 for slice.
  var = nanvar(a, axis=axis, dtype=dtype, out=out, ddof=ddof,
/oscar/data/deeps/private/bfoxkemp/jnickla1/Thorne_15_codefigurestats/Methods/43_Forcing_Based/1_ERF_FaIR/FaIR_all_unB_method.py:118: RuntimeWarning: Mean of empty slice
  cdist = np.nanmean(dist)
/oscar/data/deeps/private/bfoxkemp/jnickla1/Thorne_15_codefigurestats/Methods/43_Forcing_Based/1_ERF_FaIR/FaIR_nonat_unB_method.py:92: RuntimeWarning: Mean of empty slice
  return np.nanmean(samp_cur[year_idx-1850, :], axis = 1)
/users/jnickla1/.conda/envs/cleanpy/lib/python3.13/site-packages/numpy/lib/_nanfunctions_impl.py:2019: RuntimeWarning: Degrees of freedom <= 0 for slice.
  var = nanvar(a, axis=axis, dtype=dtype, out=out, ddof=ddof,
/oscar/data/deeps/private/bfoxkemp/jnickla1/Thorne_15_codefigurestats/Methods/43_Forcing_Based/1_ERF_FaIR/FaIR_nonat_unB_method.py:120: RuntimeWarning: Mean of empty slice
  cdist = np.nanmean(dist)
/oscar/data/deeps/private/bfoxkemp/jnickla1/Thorne_15_codefigurestats/Methods/43_Forcing_Based/1_ERF_FaIR/FaIR_all_unB_method.py:90: RuntimeWarning: Mean of empty slice
  return np.nanmean(samp_cur[year_idx-1850, :], axis = 1)
/users/jnickla1/.conda/envs/cleanpy/lib/python3.13/site-packages/numpy/lib/_nanfunctions_impl.py:2019: RuntimeWarning: Degrees of freedom <= 0 for slice.
  var = nanvar(a, axis=axis, dtype=dtype, out=out, ddof=ddof,
/oscar/data/deeps/private/bfoxkemp/jnickla1/Thorne_15_codefigurestats/Methods/43_Forcing_Based/1_ERF_FaIR/FaIR_all_unB_method.py:118: RuntimeWarning: Mean of empty slice
  cdist = np.nanmean(dist)
/oscar/data/deeps/private/bfoxkemp/jnickla1/Thorne_15_codefigurestats/fut_evaluation_script.py:464: RuntimeWarning: Mean of empty slice
  evalmean = np.nanmean(diffcrossE) #if crossing multiple times take the mean
/oscar/data/deeps/private/bfoxkemp/jnickla1/Thorne_15_codefigurestats/Methods/43_Forcing_Based/1_ERF_FaIR/FaIR_comb_unB_method.py:152: RuntimeWarning: Mean of empty slice
  return np.nanmean(samp_cur[year_idx-1850, :], axis = 1)
/users/jnickla1/.conda/envs/cleanpy/lib/python3.13/site-packages/numpy/lib/_nanfunctions_impl.py:2019: RuntimeWarning: Degrees of freedom <= 0 for slice.
  var = nanvar(a, axis=axis, dtype=dtype, out=out, ddof=ddof,
/oscar/data/deeps/private/bfoxkemp/jnickla1/Thorne_15_codefigurestats/Methods/43_Forcing_Based/1_ERF_FaIR/FaIR_comb_unB_method.py:180: RuntimeWarning: Mean of empty slice
  cdist = np.nanmean(dist)
/oscar/data/deeps/private/bfoxkemp/jnickla1/Thorne_15_codefigurestats/Methods/43_Forcing_Based/1_ERF_FaIR/FaIR_comb_unB_method.py:152: RuntimeWarning: Mean of empty slice
  return np.nanmean(samp_cur[year_idx-1850, :], axis = 1)
/users/jnickla1/.conda/envs/cleanpy/lib/python3.13/site-packages/numpy/lib/_nanfunctions_impl.py:2019: RuntimeWarning: Degrees of freedom <= 0 for slice.
  var = nanvar(a, axis=axis, dtype=dtype, out=out, ddof=ddof,
/oscar/data/deeps/private/bfoxkemp/jnickla1/Thorne_15_codefigurestats/Methods/43_Forcing_Based/1_ERF_FaIR/FaIR_comb_unB_method.py:180: RuntimeWarning: Mean of empty slice
  cdist = np.nanmean(dist)
/oscar/data/deeps/private/bfoxkemp/jnickla1/Thorne_15_codefigurestats/Methods/43_Forcing_Based/1_ERF_FaIR/FaIR_all_unB_method.py:90: RuntimeWarning: Mean of empty slice
  return np.nanmean(samp_cur[year_idx-1850, :], axis = 1)
/users/jnickla1/.conda/envs/cleanpy/lib/python3.13/site-packages/numpy/lib/_nanfunctions_impl.py:2019: RuntimeWarning: Degrees of freedom <= 0 for slice.
  var = nanvar(a, axis=axis, dtype=dtype, out=out, ddof=ddof,
/oscar/data/deeps/private/bfoxkemp/jnickla1/Thorne_15_codefigurestats/Methods/43_Forcing_Based/1_ERF_FaIR/FaIR_all_unB_method.py:118: RuntimeWarning: Mean of empty slice
  cdist = np.nanmean(dist)
/oscar/data/deeps/private/bfoxkemp/jnickla1/Thorne_15_codefigurestats/Methods/43_Forcing_Based/1_ERF_FaIR/FaIR_comb_unB_method.py:152: RuntimeWarning: Mean of empty slice
  return np.nanmean(samp_cur[year_idx-1850, :], axis = 1)
/users/jnickla1/.conda/envs/cleanpy/lib/python3.13/site-packages/numpy/lib/_nanfunctions_impl.py:2019: RuntimeWarning: Degrees of freedom <= 0 for slice.
  var = nanvar(a, axis=axis, dtype=dtype, out=out, ddof=ddof,
/oscar/data/deeps/private/bfoxkemp/jnickla1/Thorne_15_codefigurestats/Methods/43_Forcing_Based/1_ERF_FaIR/FaIR_comb_unB_method.py:180: RuntimeWarning: Mean of empty slice
  cdist = np.nanmean(dist)
/oscar/data/deeps/private/bfoxkemp/jnickla1/Thorne_15_codefigurestats/Methods/43_Forcing_Based/1_ERF_FaIR/FaIR_all_method.py:68: RuntimeWarning: Mean of empty slice
  return np.nanmean(samp_cur[year_idx-1850, :], axis = 1)
/users/jnickla1/.conda/envs/cleanpy/lib/python3.13/site-packages/numpy/lib/_nanfunctions_impl.py:2019: RuntimeWarning: Degrees of freedom <= 0 for slice.
  var = nanvar(a, axis=axis, dtype=dtype, out=out, ddof=ddof,
/oscar/data/deeps/private/bfoxkemp/jnickla1/Thorne_15_codefigurestats/Methods/43_Forcing_Based/1_ERF_FaIR/FaIR_all_method.py:96: RuntimeWarning: Mean of empty slice
  cdist = np.nanmean(dist)
starting computation for fut_NorESM_RCP45_Volc
max_runs1
Model number:
0




Methods/42_Temp_Alone/1_Run_Means/cent10y_method.py
Methods/42_Temp_Alone/1_Run_Means/cent20y_method.py
Methods/42_Temp_Alone/1_Run_Means/cent21y_method.py
Methods/42_Temp_Alone/1_Run_Means/cent30y_method.py
Methods/42_Temp_Alone/1_Run_Means/lag10y_method.py
Methods/42_Temp_Alone/1_Run_Means/lag5y_method.py
Methods/42_Temp_Alone/1_Run_Means/offset11y_method.py
Methods/42_Temp_Alone/1_Run_Means/raw1y_method.py
Methods/43_Forcing_Based/1_ERF_FaIR/FaIR_all_method.py
Methods/43_Forcing_Based/1_ERF_FaIR/FaIR_all_unB_method.py
Methods/43_Forcing_Based/1_ERF_FaIR/FaIR_anthro_method.py
Methods/43_Forcing_Based/1_ERF_FaIR/FaIR_anthro_unB_method.py
Methods/43_Forcing_Based/1_ERF_FaIR/FaIR_comb_unB_method.py
Methods/43_Forcing_Based/1_ERF_FaIR/FaIR_nonat_method.py
Methods/43_Forcing_Based/1_ERF_FaIR/FaIR_nonat_unB_method.py
evaluating 11 of 0.1C thresholds, starting at 1.1C
11
FaIR_anthro sampled, d llike: 0.025887519061429942
FaIR_anthro sampled, d llike: -48.34032058116641
FaIR_anthro_unB sampled, d llike: 0.00015481779165660292
FaIR_anthro_unB sampled, d llike: -3.5873317096593245
FaIR_nonat sampled, d llike: 0.04828762214943322
FaIR_nonat sampled, d llike: 0.10524831244488211
FaIR_nonat_unB sampled, d llike: -0.00267009979013344
FaIR_nonat_unB sampled, d llike: -0.03080720684273741
FaIR_all sampled, d llike: -11412.337190206808
FaIR_all sampled, d llike: 0.10090064203418658
FaIR_all_unB sampled, d llike: -0.01418019330461573
FaIR_all_unB sampled, d llike: -0.04669908731793315
FaIR_comb_unB sampled, d llike: -0.013232804174679869
FaIR_comb_unB sampled, d llike: -0.08250051560594479
        method_name    method_class c/r  smooth_r  avg_unc.(1se)  #q<0.5  #q<0.1    log-likeli       RMS      bias        tlog-l      100log-l    100RMS     75RMS   100bias       l15        l20    bias50   Edyrs15    Edyrs20   Mdyrs15    Mdyrs20   Fdyrs15   Fdyrs20    EdyrsA   RMSyrsA  ncEdyrs     e100log-l   e100RMS    e75RMS  e100bias          el15       el20   ebias50  eEdyrs15  eEdyrs20  eMdyrs15   eMdyrs20  eFdyrs15  eFdyrs20    eEdyrsA   eRMSyrsA  nceEdyrs
21    FaIR_comb_unB   43/1_ERF_FaIR   c     4.014       0.079942       0       0      1.295976  0.063495  0.014351  2.021723e+02  1.115060e+02  0.067161  0.070625  0.046067  3.962488   4.078202  0.036782 -4.333333  -0.250000 -4.333333  -0.250000 -4.333333 -0.250000 -2.178030  3.439250     12.0  1.210827e+02  0.051207  0.054840  0.005107  4.157152e+00   3.664359 -0.013706 -0.666667 -2.000000 -0.666667  -2.000000 -0.666667 -2.000000   0.868590   0.868590      17.0
15   FaIR_nonat_unB   43/1_ERF_FaIR   c     2.773       0.091631       0       0      1.055449  0.087254  0.003142  1.688719e+02  9.019303e+01  0.092488  0.100920  0.053180  3.533124   3.662596  0.044204 -5.333333   1.083333 -5.333333   1.083333 -5.333333  1.083333 -2.098485  4.185789     11.0  1.181632e+02  0.035382  0.029536  0.012221  3.469444e+00   3.394074 -0.006284 -1.666667 -0.666667 -1.666667  -0.666667 -1.666667 -0.666667  -0.271368   0.271368      15.0
11  FaIR_anthro_unB   43/1_ERF_FaIR   c     2.153       0.097291       0       0      0.811293  0.101456 -0.012482  1.298068e+02  8.991953e+01  0.094036  0.102169  0.054615  3.264113   3.626899  0.044906 -5.666667   0.500000 -5.666667   0.500000 -5.666667  0.500000 -2.295455  4.231839     11.0  1.117226e+02  0.038722  0.032783  0.013655  3.219448e+00   3.255919 -0.005582 -2.000000 -1.250000 -2.000000  -1.250000 -2.000000 -1.250000  -0.581197   0.581197      15.0
19     FaIR_all_unB   43/1_ERF_FaIR   c     7.784       0.092571       0       0      1.007636  0.091318  0.016624  1.612217e+02  8.614117e+01  0.096249  0.104944  0.026370  3.985650   3.130563  0.000028 -3.750000  11.000000 -3.750000  23.750000 -3.750000 -1.750000  0.006313  4.844142     18.0 -1.816528e+00  0.141843  0.163083 -0.014590  3.755164e+00   2.947227 -0.050461 -0.083333  9.250000 -0.083333  22.000000 -0.083333 -3.500000   3.020299   3.020299      21.0
2             raw1y  42/1_Run_Means   c    33.463       0.109451       0       0      0.875239  0.099510 -0.001186  2.013049e+02  8.377759e+01  0.095027  0.093590  0.000340  2.588919   3.704377  0.002056 -1.708333   1.916667 -4.083333   6.250000 -4.083333 -2.416667  0.135985  2.693391     28.2  3.536255e+01  0.141669  0.154221 -0.040619  3.668796e+00   1.870106 -0.048432  1.958333  7.805556  4.333333  23.083333 -0.416667 -4.166667   1.765171   1.765171      36.2
9       FaIR_anthro   43/1_ERF_FaIR   c     2.164       0.097283     100       0     -0.302173  0.155562 -0.118542 -4.834768e+01  8.110612e+01  0.092261  0.092111 -0.051427  3.278460   1.764449 -0.061136  1.416667   8.000000  1.416667   8.000000  1.416667  8.000000  3.378788  5.316736     11.0  7.615423e+01  0.099250  0.100962 -0.092387  2.783198e+00   2.552587 -0.111624  5.083333  6.250000  5.083333   6.250000  5.083333  6.250000   7.057692   7.057692      14.0
13       FaIR_nonat   43/1_ERF_FaIR   c     2.784       0.114413      81       0      0.404984  0.146771 -0.115456  6.479742e+01  7.689030e+01  0.096821  0.098970 -0.060404  2.993699   1.989092 -0.069318  1.750000   8.166667  1.750000   8.166667  1.750000  8.166667  3.795455  5.490177     11.0  7.088420e+01  0.106664  0.111128 -0.101364  2.545494e+00   2.242956 -0.119806  5.416667  6.416667  5.416667   6.416667  5.416667  6.416667   7.301282   7.301282      13.0
1             lag5y  42/1_Run_Means   c     6.049       0.040784     102      42      0.346385  0.060825 -0.016616  7.966854e+01 -5.627249e+01  0.061589  0.066384 -0.027057  2.483975  14.659648 -0.007090  2.333333   0.083333  2.333333   0.083333  2.333333  0.083333  1.965909  2.290358     12.0 -3.661083e+02  0.116247  0.130868 -0.068017  2.895892e-02   0.543455 -0.057578  6.000000 -1.666667  6.000000  -1.666667  6.000000 -1.666667   4.493590   4.493590      15.0
0            lag10y  42/1_Run_Means   c     2.959       0.034449     155      79     -0.264986  0.067728 -0.037141 -6.094669e+01 -2.622273e+02  0.090326  0.091735 -0.065255  0.001332   0.828219 -0.026686  4.250000   2.500000  4.250000   2.500000  4.250000  2.500000  4.234848  4.347950     11.0 -5.355936e+02  0.128611  0.137981 -0.106215  9.630053e-10  11.575514 -0.077174  7.916667  0.750000  7.916667   0.750000  7.916667  0.750000   6.384615   6.384615      12.0
8         offset11y  42/1_Run_Means   c     2.740       0.033596     173     121     -2.455831  0.091116  0.068770 -5.648411e+02 -2.978647e+02  0.075767  0.086857  0.036899  5.961549   8.608368  0.078882  1.416667  -1.333333  1.416667  -1.333333  1.416667 -1.333333 -0.753788  2.067859     12.0 -5.003553e+01  0.068963  0.078307 -0.004061  1.256501e-01   0.068297  0.028394  5.083333 -3.083333  5.083333  -3.083333  5.083333 -3.083333   1.141026   1.141026      16.0
17         FaIR_all   43/1_ERF_FaIR   c     7.663       0.005590     160     160 -12492.594271  0.184005 -0.155944 -1.998815e+06 -1.016446e+06  0.183150  0.196002 -0.158034  0.000000   0.000000 -0.184368  5.416667   9.958333  5.416667  11.416667  5.416667  8.500000  7.015152  7.589471     14.0 -1.744974e+06  0.243936  0.270671 -0.198994  0.000000e+00   0.000000 -0.234856  9.083333  8.208333  9.083333   9.666667  9.083333  6.750000  10.557692  10.557692      14.0
4.64979143
finished this run
starting computation for fut_NorESM_RCP45_VolcConst
max_runs1
Model number:
0




Methods/42_Temp_Alone/1_Run_Means/cent10y_method.py
Methods/42_Temp_Alone/1_Run_Means/cent20y_method.py
Methods/42_Temp_Alone/1_Run_Means/cent21y_method.py
Methods/42_Temp_Alone/1_Run_Means/cent30y_method.py
Methods/42_Temp_Alone/1_Run_Means/lag10y_method.py
Methods/42_Temp_Alone/1_Run_Means/lag5y_method.py
Methods/42_Temp_Alone/1_Run_Means/offset11y_method.py
Methods/42_Temp_Alone/1_Run_Means/raw1y_method.py
Methods/43_Forcing_Based/1_ERF_FaIR/FaIR_all_method.py
Methods/43_Forcing_Based/1_ERF_FaIR/FaIR_all_unB_method.py
Methods/43_Forcing_Based/1_ERF_FaIR/FaIR_anthro_method.py
Methods/43_Forcing_Based/1_ERF_FaIR/FaIR_anthro_unB_method.py
Methods/43_Forcing_Based/1_ERF_FaIR/FaIR_comb_unB_method.py
Methods/43_Forcing_Based/1_ERF_FaIR/FaIR_nonat_method.py
Methods/43_Forcing_Based/1_ERF_FaIR/FaIR_nonat_unB_method.py
evaluating 13 of 0.1C thresholds, starting at 1.1C
11
FaIR_anthro sampled, d llike: 0.0007941258294992259
FaIR_anthro sampled, d llike: -46.669881687320554
FaIR_anthro_unB sampled, d llike: -0.03078862054033138
FaIR_anthro_unB sampled, d llike: -3.743167243479216
FaIR_nonat sampled, d llike: 0.03609509752509715
FaIR_nonat sampled, d llike: 0.08852656447179798
FaIR_nonat_unB sampled, d llike: -0.020459391679691796
FaIR_nonat_unB sampled, d llike: -0.04494755701450681
FaIR_all sampled, d llike: -10219.782600762972
FaIR_all sampled, d llike: 0.10952497857076904
FaIR_all_unB sampled, d llike: -0.010727657240779287
FaIR_all_unB sampled, d llike: -0.03878601529012071
FaIR_comb_unB sampled, d llike: -0.02877238252774994
FaIR_comb_unB sampled, d llike: -0.013850039490059418
        method_name    method_class c/r  smooth_r  avg_unc.(1se)  #q<0.5  #q<0.1    log-likeli       RMS      bias        tlog-l       100log-l    100RMS     75RMS   100bias       l15       l20    bias50   Edyrs15    Edyrs20   Mdyrs15    Mdyrs20   Fdyrs15    Fdyrs20     EdyrsA    RMSyrsA  ncEdyrs     e100log-l   e100RMS    e75RMS  e100bias       el15       el20   ebias50  eEdyrs15   eEdyrs20  eMdyrs15   eMdyrs20  eFdyrs15   eFdyrs20    eEdyrsA   eRMSyrsA  nceEdyrs
8         offset11y  42/1_Run_Means   c     2.844       0.032126     165     108     -0.599898  0.081458  0.063202 -1.379765e+02     129.084244  0.038465  0.044660  0.022119  5.348440  2.531761  0.046030 -1.250000  -4.166667 -1.250000  -4.166667 -1.250000  -4.166667  -1.333333   2.309864     13.0  1.551117e+02  0.037262  0.039772 -0.014408  12.576571  17.817377  0.004044  0.333333   0.083333  0.333333   0.083333  0.333333   0.083333   0.814103   0.814103      13.0
21    FaIR_comb_unB   43/1_ERF_FaIR   c     2.761       0.080369       0       0      1.366991  0.051810  0.006024  2.132506e+02     123.695726  0.047332  0.049774  0.031500  3.098367  3.715363  0.012154 -4.750000  -4.500000 -4.750000  -4.500000 -4.750000  -4.500000  -2.134615   2.899215     13.0  1.293901e+02  0.036879  0.037987 -0.005027   3.863240   4.046100 -0.029832 -3.166667  -0.250000 -3.166667  -0.250000 -3.166667  -0.250000   0.012821   0.012821      13.0
15   FaIR_nonat_unB   43/1_ERF_FaIR   c     2.728       0.091846       0       0      1.217128  0.062641 -0.009574  1.947405e+02     115.310456  0.046743  0.048347  0.030290  3.191591  3.627000  0.009469 -4.833333  -3.750000 -4.833333  -3.750000 -4.833333  -3.750000  -2.064103   2.782923     13.0  1.189796e+02  0.039053  0.039618 -0.006238   3.504634   3.787096 -0.032517 -3.250000   0.500000 -3.250000   0.500000 -3.250000   0.500000   0.083333   0.083333      13.0
19     FaIR_all_unB   43/1_ERF_FaIR   c     3.644       0.092805       0       0      1.155314  0.068900  0.019794  1.848503e+02     111.158580  0.053195  0.054617  0.032020  3.036668  3.374086  0.008032 -4.500000  -5.333333 -4.500000  -5.333333 -4.500000  -5.333333  -2.019231   3.392189     13.0  1.156722e+02  0.043184  0.044435 -0.004508   3.421503   3.644233 -0.033954 -2.916667  -1.083333 -2.916667  -1.083333 -2.916667  -1.083333   0.128205   0.128205      13.0
11  FaIR_anthro_unB   43/1_ERF_FaIR   c     2.135       0.096911       0       0      0.920845  0.081808 -0.025129  1.473351e+02     107.900525  0.050082  0.052211  0.032049  2.795047  3.032605  0.009251 -4.833333  -3.583333 -4.833333  -3.583333 -4.833333  -3.583333  -2.083333   2.899952     13.0  1.096857e+02  0.041863  0.041548 -0.004478   3.336074   3.425853 -0.032736 -3.250000   0.666667 -3.250000   0.666667 -3.250000   0.666667   0.064103   0.064103      13.0
2             raw1y  42/1_Run_Means   c    35.118       0.106190       0       0      0.914687  0.095949  0.000792  2.103781e+02      92.349258  0.085260  0.090298  0.004845  3.002909  2.181805  0.008023 -0.638889  -1.900000 -5.750000 -10.750000 -5.750000 -10.750000   0.472703   2.289112     45.3  8.610916e+01  0.092706  0.097922 -0.031682   3.722321   3.770264 -0.033963  0.944444   2.350000  6.416667  10.000000 -4.166667  -6.500000   2.620139   2.620139      45.3
9       FaIR_anthro   43/1_ERF_FaIR   c     2.130       0.096933      74      23     -0.310114  0.152519 -0.131163 -4.961823e+01      89.153663  0.083425  0.084680 -0.074005  3.228834  3.079725 -0.096819  3.083333   6.916667  3.083333   6.916667  3.083333   6.916667   5.666667   8.465427     12.0  6.170435e+01  0.118118  0.121029 -0.110532   2.703417   1.993160 -0.138805  4.666667  11.166667  4.666667  11.166667  4.666667  11.166667   7.653846   7.653846      12.0
13       FaIR_nonat   43/1_ERF_FaIR   c     2.689       0.114650      62       0      0.419174  0.144026 -0.128193  6.706777e+01      80.331714  0.090620  0.092734 -0.083323  2.974140  2.732660 -0.104190  4.750000   6.166667  4.750000   6.750000  4.750000   5.583333   6.301282   8.720218     13.0  5.837398e+01  0.125913  0.130060 -0.119851   2.664574   2.206154 -0.146176  6.333333  10.416667  6.333333  11.000000  6.333333   9.833333   8.288462   8.288462      13.0
1             lag5y  42/1_Run_Means   c     6.616       0.039811      93      32      0.821386  0.057850 -0.018047  1.889188e+02      50.304435  0.054160  0.054575 -0.031265  3.748648  8.901100 -0.020673  6.083333   2.166667  6.083333   2.166667  6.083333   2.166667   2.657051   3.364776     17.0 -2.213208e+02  0.082421  0.084654 -0.067792   2.023862   0.000067 -0.062659  7.666667   6.416667  7.666667   6.416667  7.666667   6.416667   4.804487   4.804487      17.0
0            lag10y  42/1_Run_Means   c     3.137       0.033005     157      76      0.303879  0.064421 -0.042075  6.989224e+01    -135.390614  0.084641  0.079464 -0.078412  1.563196  0.223696 -0.056211  7.083333   3.500000  7.083333   3.500000  7.083333   3.500000   3.948718   4.157040     13.0 -5.185107e+02  0.120309  0.118496 -0.114940   0.011214   0.000756 -0.098197  8.666667   7.750000  8.666667   7.750000  8.666667   7.750000   6.096154   6.096154      13.0
17         FaIR_all   43/1_ERF_FaIR   c     3.626       0.005580     160     160 -11160.235542  0.170524 -0.152660 -1.785638e+06 -813993.359869  0.158215  0.161280 -0.152402  0.000000  0.000000 -0.176392  7.333333  14.166667  7.333333  14.166667  7.333333  14.166667  10.814103  12.977277     11.0 -1.260826e+06  0.193752  0.199358 -0.188930   0.000000   0.000000 -0.218378  8.916667  18.416667  8.916667  18.416667  8.916667  18.416667  12.519231  12.519231      11.0
4.675322426
finished this run
/oscar/data/deeps/private/bfoxkemp/jnickla1/Thorne_15_codefigurestats/Methods/43_Forcing_Based/1_ERF_FaIR/FaIR_comb_unB_method.py:152: RuntimeWarning: Mean of empty slice
  return np.nanmean(samp_cur[year_idx-1850, :], axis = 1)
/users/jnickla1/.conda/envs/cleanpy/lib/python3.13/site-packages/numpy/lib/_nanfunctions_impl.py:2019: RuntimeWarning: Degrees of freedom <= 0 for slice.
  var = nanvar(a, axis=axis, dtype=dtype, out=out, ddof=ddof,
/oscar/data/deeps/private/bfoxkemp/jnickla1/Thorne_15_codefigurestats/Methods/43_Forcing_Based/1_ERF_FaIR/FaIR_comb_unB_method.py:180: RuntimeWarning: Mean of empty slice
  cdist = np.nanmean(dist)
starting computation for fut_ESM1-2-LR_SSP126_constVolc
max_runs1
Model number:
0




Methods/42_Temp_Alone/1_Run_Means/cent10y_method.py
Methods/42_Temp_Alone/1_Run_Means/cent20y_method.py
Methods/42_Temp_Alone/1_Run_Means/cent21y_method.py
Methods/42_Temp_Alone/1_Run_Means/cent30y_method.py
Methods/42_Temp_Alone/1_Run_Means/lag10y_method.py
Methods/42_Temp_Alone/1_Run_Means/lag5y_method.py
Methods/42_Temp_Alone/1_Run_Means/offset11y_method.py
Methods/42_Temp_Alone/1_Run_Means/raw1y_method.py
Methods/43_Forcing_Based/1_ERF_FaIR/FaIR_all_method.py
Methods/43_Forcing_Based/1_ERF_FaIR/FaIR_all_unB_method.py
Methods/43_Forcing_Based/1_ERF_FaIR/FaIR_anthro_method.py
Methods/43_Forcing_Based/1_ERF_FaIR/FaIR_anthro_unB_method.py
Methods/43_Forcing_Based/1_ERF_FaIR/FaIR_comb_unB_method.py
Methods/43_Forcing_Based/1_ERF_FaIR/FaIR_nonat_method.py
Methods/43_Forcing_Based/1_ERF_FaIR/FaIR_nonat_unB_method.py
evaluating 6 of 0.1C thresholds, starting at 1.1C
11
FaIR_anthro sampled, d llike: -0.011779276214158863
FaIR_anthro sampled, d llike: -0.11446886338618628
FaIR_anthro_unB sampled, d llike: -0.008559061600022844
FaIR_anthro_unB sampled, d llike: -0.2200989314354692
FaIR_nonat sampled, d llike: -0.03641755043873829
FaIR_nonat sampled, d llike: -0.06606915829696747
FaIR_nonat_unB sampled, d llike: -0.03187368322669748
FaIR_nonat_unB sampled, d llike: -0.06585050005325799
FaIR_all sampled, d llike: -2293.948125706571
FaIR_all sampled, d llike: -0.05041041197572582
FaIR_all_unB sampled, d llike: -0.02279776268212297
FaIR_all_unB sampled, d llike: -0.057693566882759506
FaIR_comb_unB sampled, d llike: -0.029000326570556734
FaIR_comb_unB sampled, d llike: 0.03257408877530643
        method_name    method_class c/r  smooth_r  avg_unc.(1se)  #q<0.5  #q<0.1   log-likeli       RMS      bias         tlog-l       100log-l    100RMS     75RMS   100bias        l15  l20    bias50    Edyrs15  Edyrs20    Mdyrs15  Mdyrs20    Fdyrs15  Fdyrs20    EdyrsA   RMSyrsA  ncEdyrs      e100log-l   e100RMS    e75RMS  e100bias      el15  el20   ebias50   eEdyrs15  eEdyrs20   eMdyrs15  eMdyrs20   eFdyrs15  eFdyrs20   eEdyrsA  eRMSyrsA  nceEdyrs
21    FaIR_comb_unB   43/1_ERF_FaIR   c     2.000       0.073729       0       0     1.357780  0.057323 -0.006323     213.171493     117.702451  0.063149  0.060523  0.016573   4.253330  0.0 -0.030916  -8.916667       -1 -10.250000       -1 -10.250000       -1 -3.930556  5.767385      7.2     101.980847  0.083199  0.067725  0.062306  4.872120   0.0  0.010878  -9.916667        -1 -11.250000        -1 -11.250000        -1 -7.430556  7.430556       7.2
15   FaIR_nonat_unB   43/1_ERF_FaIR   c     1.926       0.083652       0       0     1.311029  0.054916 -0.008306     211.075673     114.411457  0.061964  0.060460  0.013383   4.068074  0.0 -0.032654  -9.041667       -1 -10.666667       -1 -10.666667       -1 -3.756944  5.706787      7.2     103.821694  0.080587  0.067071  0.059115  4.397891   0.0  0.009140 -10.041667        -1 -11.666667        -1 -11.666667        -1 -7.256944  7.256944       7.2
9       FaIR_anthro   43/1_ERF_FaIR   c     1.889       0.084172       0       0     1.128271  0.068116 -0.020672     181.651659     114.111445  0.060707  0.060207  0.015306   4.261264  0.0 -0.025383  -9.333333       -1 -11.000000       -1 -11.000000       -1 -3.708333  5.749094      7.2     106.776742  0.079132  0.070362  0.061038  3.952608   0.0  0.016411 -10.333333        -1 -12.000000        -1 -12.000000        -1 -7.208333  7.208333       7.2
11  FaIR_anthro_unB   43/1_ERF_FaIR   c     1.877       0.084138       0       0     1.081535  0.070770 -0.028145     174.127214     113.917213  0.059274  0.059951  0.007837   4.241961  0.0 -0.032875  -8.833333       -1 -10.333333       -1 -10.333333       -1 -3.388889  5.571505      7.2     111.117990  0.073533  0.065521  0.053569  4.058084   0.0  0.008919  -9.833333        -1 -11.333333        -1 -11.333333        -1 -6.888889  6.888889       7.2
13       FaIR_nonat   43/1_ERF_FaIR   c     1.983       0.104419       0       0     1.153788  0.056597 -0.005395     185.759805     102.363623  0.063277  0.060576  0.018597   3.307251  0.0 -0.027445  -9.416667       -1 -10.916667       -1 -10.916667       -1 -3.972222  5.884498      7.2      94.788448  0.084479  0.070368  0.064329  3.559367   0.0  0.014349 -10.416667        -1 -11.916667        -1 -11.916667        -1 -7.472222  7.472222       7.2
19     FaIR_all_unB   43/1_ERF_FaIR   c     3.403       0.086443       0       0     1.120679  0.076206 -0.003072     180.429257     102.320513  0.076171  0.067390  0.022645   3.933303  0.0 -0.040007  -9.416667       -1 -10.916667       -1 -10.916667       -1 -5.138889  7.041708      7.2      87.888584  0.098768  0.071940  0.068377  4.253036   0.0  0.001787 -10.416667        -1 -11.916667        -1 -11.916667        -1 -8.638889  8.638889       7.2
0            lag10y  42/1_Run_Means   c     2.882       0.037748     124      21     1.068680  0.061289 -0.032017     246.865066      68.258821  0.062931  0.047813 -0.034049   2.127993  0.0  0.001564   2.250000       -1   2.250000       -1   2.250000       -1  4.152778  4.791848      6.0      72.023224  0.062860  0.057736  0.011683  4.856194   0.0  0.043358   1.250000        -1   1.250000        -1   1.250000        -1  3.069444  3.069444       7.0
2             raw1y  42/1_Run_Means   c    31.193       0.126172       0       0     0.705922  0.117077 -0.000464     163.068095      56.571651  0.129059  0.124019  0.006712   2.936340  0.0  0.012519  -5.766667       -1 -20.250000       -1 -20.250000       -1 -0.944643  4.355387     26.5      41.845058  0.145736  0.137364  0.052444  3.264808   0.0  0.054313  -6.766667        -1 -21.250000        -1 -21.250000        -1 -3.598302  3.598302      28.5
1             lag5y  42/1_Run_Means   c     5.541       0.046494      76      20     0.382103  0.066792 -0.014821      88.265729     -74.150497  0.072408  0.059960 -0.010193  10.136989  0.0  0.002469  -0.208333       -1  -2.416667       -1  -2.416667       -1  0.479167  0.854759     11.2    -204.960103  0.088374  0.075177  0.035540  9.439103   0.0  0.044263  -1.208333        -1  -3.416667        -1  -3.416667        -1 -1.409722  1.409722      12.2
8         offset11y  42/1_Run_Means   c     2.659       0.036610     200     136    -1.436527  0.091364  0.074389    -331.837776    -129.336516  0.088747  0.095916  0.070342   4.511924  0.0  0.110277  -5.416667       -1  -5.416667       -1  -5.416667       -1 -3.486111  4.215409      6.0    -404.877613  0.130688  0.137548  0.116074  4.656354   0.0  0.152071  -6.416667        -1  -6.416667        -1  -6.416667        -1 -6.986111  6.986111       6.0
17         FaIR_all   43/1_ERF_FaIR   c     2.970       0.005582     145     122 -2501.044103  0.080043  0.026842 -402668.100579 -309969.286503  0.091883  0.073796  0.056146   0.000000  0.0 -0.006544 -13.083333       -1 -13.083333       -1 -13.083333       -1 -8.236111  8.925424      6.0 -617751.836014  0.124346  0.094328  0.101878  0.000000   0.0  0.035249 -14.083333        -1 -14.083333        -1 -14.083333        -1 -8.791667  8.791667       7.0
4.708086581
finished this run
starting computation for fut_ESM1-2-LR_SSP245_constVolc
max_runs1
Model number:
0




Methods/42_Temp_Alone/1_Run_Means/cent10y_method.py
Methods/42_Temp_Alone/1_Run_Means/cent20y_method.py
Methods/42_Temp_Alone/1_Run_Means/cent21y_method.py
Methods/42_Temp_Alone/1_Run_Means/cent30y_method.py
Methods/42_Temp_Alone/1_Run_Means/lag10y_method.py
Methods/42_Temp_Alone/1_Run_Means/lag5y_method.py
Methods/42_Temp_Alone/1_Run_Means/offset11y_method.py
Methods/42_Temp_Alone/1_Run_Means/raw1y_method.py
Methods/43_Forcing_Based/1_ERF_FaIR/FaIR_all_method.py
Methods/43_Forcing_Based/1_ERF_FaIR/FaIR_all_unB_method.py
Methods/43_Forcing_Based/1_ERF_FaIR/FaIR_anthro_method.py
Methods/43_Forcing_Based/1_ERF_FaIR/FaIR_anthro_unB_method.py
Methods/43_Forcing_Based/1_ERF_FaIR/FaIR_comb_unB_method.py
Methods/43_Forcing_Based/1_ERF_FaIR/FaIR_nonat_method.py
Methods/43_Forcing_Based/1_ERF_FaIR/FaIR_nonat_unB_method.py
evaluating 14 of 0.1C thresholds, starting at 1.1C
11
FaIR_anthro sampled, d llike: -0.019137808426076486
FaIR_anthro sampled, d llike: -0.3323863366780131
FaIR_anthro_unB sampled, d llike: -0.01410349976181724
FaIR_anthro_unB sampled, d llike: -0.3846206380340792
FaIR_nonat sampled, d llike: -0.04404796381782372
FaIR_nonat sampled, d llike: -0.04354585576058745
FaIR_nonat_unB sampled, d llike: -0.03907734971383481
FaIR_nonat_unB sampled, d llike: -0.043170296233772
FaIR_all sampled, d llike: -1911.800397717975
FaIR_all sampled, d llike: -0.03912367447520171
FaIR_all_unB sampled, d llike: -0.05064682101138196
FaIR_all_unB sampled, d llike: -0.030323860877570108
FaIR_comb_unB sampled, d llike: -0.030870004340283197
FaIR_comb_unB sampled, d llike: -0.016942244225079173
        method_name    method_class c/r  smooth_r  avg_unc.(1se)  #q<0.5  #q<0.1   log-likeli       RMS      bias         tlog-l       100log-l    100RMS     75RMS   100bias       l15            l20    bias50   Edyrs15   Edyrs20   Mdyrs15   Mdyrs20   Fdyrs15   Fdyrs20    EdyrsA   RMSyrsA  ncEdyrs      e100log-l   e100RMS    e75RMS  e100bias      el15           el20   ebias50  eEdyrs15      eEdyrs20  eMdyrs15      eMdyrs20  eFdyrs15      eFdyrs20   eEdyrsA  eRMSyrsA  nceEdyrs
8         offset11y  42/1_Run_Means   c     2.880       0.033862     156     107    -0.236599  0.077693  0.056603     -54.654461     147.846799  0.044826  0.034474  0.025193  9.596734   7.735338e+00  0.034198 -0.333333 -2.916667 -0.333333 -2.916667 -0.333333 -2.916667 -1.488095  2.540349     14.0      64.943652  0.069078  0.045776  0.047823  6.044790   1.611190e+01  0.036672 -2.000000 -2.333333e+00 -2.000000 -2.333333e+00 -2.000000 -2.333333e+00 -2.458333  2.458333      14.0
21    FaIR_comb_unB   43/1_ERF_FaIR   c     2.595       0.077495       0       0     1.415628  0.047445 -0.002632     222.253600     125.277697  0.049026  0.031796  0.019824  4.277939   4.120450e+00 -0.010167 -1.250000 -0.666667 -1.250000 -0.666667 -1.250000 -0.666667 -0.803571  2.897642     14.0     111.479448  0.066820  0.039185  0.042453  4.294934   4.112739e+00 -0.007694 -2.916667 -8.333333e-02 -2.916667 -8.333333e-02 -2.916667 -8.333333e-02 -1.773810  1.773810      14.0
15   FaIR_nonat_unB   43/1_ERF_FaIR   c     2.413       0.087760       0       0     1.343488  0.044435 -0.005948     216.301532     119.671123  0.044685  0.030072  0.017390  3.851473   3.806293e+00 -0.008308 -1.250000 -0.583333 -1.250000 -0.583333 -1.250000 -0.583333 -0.815476  2.611312     14.0     110.134624  0.061457  0.038359  0.040019  3.989196   3.766694e+00 -0.005834 -2.916667  1.673470e-10 -2.916667  1.673470e-10 -2.916667  1.673470e-10 -1.785714  1.785714      14.0
11  FaIR_anthro_unB   43/1_ERF_FaIR   c     1.928       0.089289       0       0     1.120259  0.062018 -0.022978     180.361717     116.108892  0.043597  0.030979  0.014198  3.856291   3.610644e+00 -0.007147 -1.333333 -1.083333 -1.333333 -1.083333 -1.333333 -1.083333 -0.720238  2.374739     14.0     110.160862  0.055978  0.038644  0.036827  3.565530   3.712244e+00 -0.004673 -3.000000 -5.000000e-01 -3.000000 -5.000000e-01 -3.000000 -5.000000e-01 -1.690476  1.690476      14.0
9       FaIR_anthro   43/1_ERF_FaIR   c     1.894       0.089290       0       0     1.137774  0.060633 -0.018892     183.181669     115.417742  0.045078  0.031819  0.018286  3.822227   3.527057e+00 -0.003061 -1.416667 -1.166667 -1.416667 -1.166667 -1.416667 -1.166667 -0.964286  2.386927     14.0     108.499757  0.058749  0.040735  0.040915  3.477686   3.634083e+00 -0.000588 -3.083333 -5.833333e-01 -3.083333 -5.833333e-01 -3.083333 -5.833333e-01 -1.934524  1.934524      14.0
19     FaIR_all_unB   43/1_ERF_FaIR   c     4.111       0.090813       0       0     1.140286  0.067916 -0.001981     183.586109     109.945965  0.059505  0.036302  0.025672  3.652615   3.806625e+00 -0.016253 -1.333333 -0.500000 -1.333333 -0.500000 -1.333333 -0.500000 -1.000000  3.666667     14.0      94.112936  0.081332  0.043711  0.048301  3.515146   3.757332e+00 -0.013780 -3.000000  8.333333e-02 -3.000000  8.333333e-02 -3.000000  8.333333e-02 -1.964286  1.964286      14.0
13       FaIR_nonat   43/1_ERF_FaIR   c     2.478       0.109562       0       0     1.156523  0.046637 -0.002660     186.200188     102.736918  0.047105  0.031264  0.022912  3.096166   3.018757e+00 -0.002780 -1.416667 -0.750000 -1.416667 -0.750000 -1.416667 -0.750000 -1.178571  2.598458     14.0      95.787728  0.065192  0.041223  0.045541  3.338878   3.007504e+00 -0.000307 -3.083333 -1.666667e-01 -3.083333 -1.666667e-01 -3.083333 -1.666667e-01 -2.148810  2.148810      14.0
2             raw1y  42/1_Run_Means   c    33.924       0.114129       0       0     0.830803  0.103810 -0.000340     191.915487      83.218543  0.096006  0.088865  0.007027  1.791014   3.707673e+00  0.007214 -0.722222  0.791667 -3.916667  1.916667 -3.916667 -0.333333 -0.584325  2.874323     43.3      71.398892  0.110199  0.095555  0.029656  1.287906   3.744104e+00  0.009688 -2.388889  1.375000e+00 -5.583333  2.500000e+00 -5.583333  2.500000e-01 -1.554563  1.554563      43.3
1             lag5y  42/1_Run_Means   c     6.123       0.041806      92      32     0.492356  0.062335 -0.021692     113.734165     -48.682061  0.061499  0.054361 -0.027635  8.513244   2.165487e-01 -0.023545  2.000000  3.000000  4.416667  3.000000 -0.416667  3.000000  1.523810  2.254240     19.2    -191.360750  0.070816  0.053292 -0.005006  8.606754   5.993687e-02 -0.021072  0.333333  3.583333e+00  2.750000  3.583333e+00 -2.083333  3.583333e+00  0.553571  0.553571      19.2
0            lag10y  42/1_Run_Means   c     3.168       0.034697     150      79     0.041809  0.070645 -0.048213       9.657848    -168.948397  0.084225  0.085071 -0.075162  1.303107   1.785650e-04 -0.067219  4.583333  4.500000  4.583333  4.500000  4.583333  4.500000  4.500000  4.876857     14.0    -127.001260  0.074583  0.073730 -0.052533  3.182879   9.072162e-06 -0.064745  2.916667  5.083333e+00  2.916667  5.083333e+00  2.916667  5.083333e+00  3.529762  3.529762      14.0
17         FaIR_all   43/1_ERF_FaIR   c     3.583       0.005603     144     132 -2087.988363  0.073542  0.029560 -336166.126509 -242529.865270  0.081333  0.051336  0.061072  0.000000  6.395774e-266  0.019124 -3.166667 -4.666667 -3.166667 -4.666667 -3.166667 -4.666667 -3.648810  4.785115     14.0 -452016.009242  0.106265  0.064933  0.083701  0.000000  2.823810e-151  0.021597 -4.833333 -4.083333e+00 -4.833333 -4.083333e+00 -4.833333 -4.083333e+00 -4.619048  4.619048      14.0
5.116938012
finished this run
/oscar/data/deeps/private/bfoxkemp/jnickla1/Thorne_15_codefigurestats/Methods/43_Forcing_Based/1_ERF_FaIR/FaIR_all_unB_method.py:90: RuntimeWarning: Mean of empty slice
  return np.nanmean(samp_cur[year_idx-1850, :], axis = 1)
/users/jnickla1/.conda/envs/cleanpy/lib/python3.13/site-packages/numpy/lib/_nanfunctions_impl.py:2019: RuntimeWarning: Degrees of freedom <= 0 for slice.
  var = nanvar(a, axis=axis, dtype=dtype, out=out, ddof=ddof,
/oscar/data/deeps/private/bfoxkemp/jnickla1/Thorne_15_codefigurestats/Methods/43_Forcing_Based/1_ERF_FaIR/FaIR_all_unB_method.py:118: RuntimeWarning: Mean of empty slice
  cdist = np.nanmean(dist)
/oscar/data/deeps/private/bfoxkemp/jnickla1/Thorne_15_codefigurestats/Methods/43_Forcing_Based/1_ERF_FaIR/FaIR_comb_unB_method.py:152: RuntimeWarning: Mean of empty slice
  return np.nanmean(samp_cur[year_idx-1850, :], axis = 1)
/users/jnickla1/.conda/envs/cleanpy/lib/python3.13/site-packages/numpy/lib/_nanfunctions_impl.py:2019: RuntimeWarning: Degrees of freedom <= 0 for slice.
  var = nanvar(a, axis=axis, dtype=dtype, out=out, ddof=ddof,
/oscar/data/deeps/private/bfoxkemp/jnickla1/Thorne_15_codefigurestats/Methods/43_Forcing_Based/1_ERF_FaIR/FaIR_comb_unB_method.py:180: RuntimeWarning: Mean of empty slice
  cdist = np.nanmean(dist)
starting computation for fut_ESM1-2-LR_SSP370_constVolc
max_runs1
Model number:
0




Methods/42_Temp_Alone/1_Run_Means/cent10y_method.py
Methods/42_Temp_Alone/1_Run_Means/cent20y_method.py
Methods/42_Temp_Alone/1_Run_Means/cent21y_method.py
Methods/42_Temp_Alone/1_Run_Means/cent30y_method.py
Methods/42_Temp_Alone/1_Run_Means/lag10y_method.py
Methods/42_Temp_Alone/1_Run_Means/lag5y_method.py
Methods/42_Temp_Alone/1_Run_Means/offset11y_method.py
Methods/42_Temp_Alone/1_Run_Means/raw1y_method.py
Methods/43_Forcing_Based/1_ERF_FaIR/FaIR_all_method.py
Methods/43_Forcing_Based/1_ERF_FaIR/FaIR_all_unB_method.py
Methods/43_Forcing_Based/1_ERF_FaIR/FaIR_anthro_method.py
Methods/43_Forcing_Based/1_ERF_FaIR/FaIR_anthro_unB_method.py
Methods/43_Forcing_Based/1_ERF_FaIR/FaIR_comb_unB_method.py
Methods/43_Forcing_Based/1_ERF_FaIR/FaIR_nonat_method.py
Methods/43_Forcing_Based/1_ERF_FaIR/FaIR_nonat_unB_method.py
evaluating 23 of 0.1C thresholds, starting at 1.1C
11
FaIR_anthro sampled, d llike: -0.039454681894456556
FaIR_anthro sampled, d llike: -1.1356797586588545
FaIR_anthro_unB sampled, d llike: -0.04470579447963918
FaIR_anthro_unB sampled, d llike: -0.5917608506821461
FaIR_nonat sampled, d llike: -0.049051258977233836
FaIR_nonat sampled, d llike: 0.04495604154929789
FaIR_nonat_unB sampled, d llike: -0.04046442893220514
FaIR_nonat_unB sampled, d llike: 0.017597978873540754
FaIR_all sampled, d llike: -1992.1139047616039
FaIR_all sampled, d llike: 0.006707673645932166
FaIR_all_unB sampled, d llike: -0.028023520904838284
FaIR_all_unB sampled, d llike: 0.016587981024560494
FaIR_comb_unB sampled, d llike: -0.02300222839495869
FaIR_comb_unB sampled, d llike: -0.26656484523110957
        method_name    method_class c/r  smooth_r  avg_unc.(1se)  #q<0.5  #q<0.1   log-likeli       RMS      bias         tlog-l       100log-l    100RMS     75RMS   100bias            l15       l20    bias50   Edyrs15   Edyrs20   Mdyrs15   Mdyrs20   Fdyrs15   Fdyrs20    EdyrsA   RMSyrsA  ncEdyrs      e100log-l   e100RMS    e75RMS  e100bias           el15      el20   ebias50      eEdyrs15      eEdyrs20      eMdyrs15      eMdyrs20      eFdyrs15      eFdyrs20   eEdyrsA  eRMSyrsA  nceEdyrs
8         offset11y  42/1_Run_Means   c     2.757       0.039836     184     105    -0.369791  0.081333  0.037013     -85.421727     117.079532  0.058979  0.056229 -0.024536   7.284186e+00  3.986117 -0.051040  0.416667  1.250000  0.416667  1.250000  0.416667  1.250000  0.978261  2.142705     23.0      87.180489  0.066944  0.040609  0.013352   6.126928e+00  6.459456 -0.001513  9.166667e-01 -1.000000e+00  9.166667e-01 -1.000000e+00  9.166667e-01 -1.000000e+00 -0.170290  0.170290      23.0
15   FaIR_nonat_unB   43/1_ERF_FaIR   c     2.076       0.084146       0       0     1.317105  0.053042  0.008720     212.053959     108.687396  0.066911  0.052383  0.020281   4.300932e+00  2.358670 -0.005537 -1.666667  2.250000 -1.666667  2.250000 -1.666667  2.250000 -0.586957  2.753347     23.0     100.660300  0.078756  0.047178  0.058169   4.542047e+00  5.031687  0.043990 -1.166667e+00  1.591616e-10 -1.166667e+00  1.591616e-10 -1.166667e+00  1.591616e-10 -1.735507  1.735507      23.0
11  FaIR_anthro_unB   43/1_ERF_FaIR   c     1.926       0.085298       0       0     1.217616  0.060612 -0.008439     196.036116     107.114959  0.065356  0.054595  0.015449   4.090261e+00  2.122952 -0.011251 -1.833333  2.416667 -1.833333  2.416667 -1.833333  2.416667 -0.344203  2.623806     23.0     105.489174  0.071993  0.044854  0.053338   4.106653e+00  4.507151  0.038276 -1.333333e+00  1.666667e-01 -1.333333e+00  1.666667e-01 -1.333333e+00  1.666667e-01 -1.492754  1.492754      23.0
9       FaIR_anthro   43/1_ERF_FaIR   c     1.916       0.085260       0       0     1.074792  0.070195 -0.036350     173.041477     105.730720  0.064726  0.063860 -0.012418   4.264682e+00  1.536544 -0.039135 -0.583333  3.583333 -0.583333  3.583333 -0.583333  3.583333  0.550725  2.544056     23.0     115.145362  0.054674  0.033664  0.025470   4.069604e+00  3.848866  0.010392 -8.333333e-02  1.333333e+00 -8.333333e-02  1.333333e+00 -8.333333e-02  1.333333e+00 -0.597826  0.597826      23.0
21    FaIR_comb_unB   43/1_ERF_FaIR   c     2.096       0.074127       0       0     1.338723  0.059607  0.013048     210.179567     105.578209  0.074083  0.055749  0.022152   4.886444e+00  2.372512 -0.012865 -1.750000  2.416667 -1.750000  2.416667 -1.750000  2.416667 -0.615942  3.092378     23.0      95.906399  0.085154  0.045674  0.060041   4.907369e+00  5.753403  0.036662 -1.250000e+00  1.666667e-01 -1.250000e+00  1.666667e-01 -1.250000e+00  1.666667e-01 -1.764493  1.764493      23.0
13       FaIR_nonat   43/1_ERF_FaIR   c     2.151       0.104994       0       0     1.137658  0.057050 -0.018578     183.162865      99.498093  0.063943  0.059734 -0.004699   3.784640e+00  1.839687 -0.030562 -0.500000  2.833333 -0.500000  2.833333 -0.500000  2.833333  0.228261  2.540077     23.0     100.685013  0.062616  0.035756  0.033190   3.525862e+00  3.838592  0.018965  1.439275e-10  5.833333e-01  1.439275e-10  5.833333e-01  1.439275e-10  5.833333e-01 -0.920290  0.920290      23.0
19     FaIR_all_unB   43/1_ERF_FaIR   c     3.531       0.087011       0       0     1.136288  0.074587  0.010735     182.942346      99.039170  0.079278  0.054148  0.027954   4.080303e+00  2.549596 -0.010478 -1.500000  2.083333 -1.500000  2.083333 -1.500000  2.083333 -0.789855  3.370804     23.0      86.398605  0.094983  0.047264  0.065842   4.322648e+00  4.796805  0.039049 -1.000000e+00 -1.666667e-01 -1.000000e+00 -1.666667e-01 -1.000000e+00 -1.666667e-01 -1.938406  1.938406      23.0
2             raw1y  42/1_Run_Means   c    31.485       0.124480       0       0     0.723243  0.115108 -0.002118     167.069056      60.144832  0.124481  0.124731  0.002514   2.706424e+00  3.294061  0.002189 -1.555556  0.333333 -7.916667  4.500000 -7.916667 -3.916667 -0.294444  1.705160     57.3      46.347961  0.140212  0.135446  0.040402   8.811308e-01  2.453893  0.051716 -1.055556e+00 -1.916667e+00 -7.416667e+00 -6.166667e+00 -7.416667e+00 -6.166667e+00 -1.442995  1.442995      57.3
1             lag5y  42/1_Run_Means   c     5.869       0.048580     106      29     0.407671  0.069364 -0.031263      94.171927     -68.244299  0.078307  0.078701 -0.051931   2.168717e+00  8.330359 -0.064814  3.958333  3.083333  5.333333  3.083333  2.583333  3.083333  2.074275  2.335742     29.2    -139.760393  0.077710  0.064313 -0.014043   8.564604e-01  9.653697 -0.015287  4.458333e+00  8.333333e-01  5.833333e+00  8.333333e-01  3.083333e+00  8.333333e-01  0.925725  0.925725      29.2
0            lag10y  42/1_Run_Means   c     3.120       0.040799     156      99    -0.155627  0.094825 -0.066102     -35.949886    -214.556131  0.131341  0.145133 -0.120574   1.149084e+00  0.094105 -0.144393  6.083333  4.666667  6.083333  4.666667  6.083333  4.666667  4.704710  4.843045     24.0     -70.700077  0.105919  0.113957 -0.082686   4.095206e-01  2.894801 -0.094866  6.583333e+00  2.416667e+00  6.583333e+00  2.416667e+00  6.583333e+00  2.416667e+00  3.556159  3.556159      24.0
17         FaIR_all   43/1_ERF_FaIR   c     3.099       0.005572     142     125 -2172.699785  0.074150  0.015775 -349804.665374 -256564.855457  0.082682  0.053787  0.036575  4.181483e-308  0.000000 -0.001828 -2.083333  1.666667 -2.083333  1.666667 -2.083333  1.666667 -1.090580  3.501423     23.0 -425692.587417  0.101135  0.053015  0.074463  7.852011e-189  0.000105  0.047699 -1.583333e+00 -5.833333e-01 -1.583333e+00 -5.833333e-01 -1.583333e+00 -5.833333e-01 -2.239130  2.239130      23.0
6.3935321929999995
finished this run
All processes completed.
