## SLURM PROLOG ###############################################################
##    Job ID : 14398258
##  Job Name : all_comp2_eval
##  Nodelist : node2339
##      CPUs : 1
##   Mem/CPU : 20480 MB
## Directory : /oscar/data/deeps/private/bfoxkemp/jnickla1/Thorne_15_codefigurestats
##   Job Started : Sat Nov 22 12:52:31 AM EST 2025
###############################################################################
0
42
/oscar/data/deeps/private/bfoxkemp/jnickla1/Thorne_15_codefigurestats/fut_evaluation_gen_ensemble.py:20: RuntimeWarning: Mean of empty slice
  return np.nanmean(standards_np,axis=0)
starting computation for fut_ESM1-2-LR_SSP126_constVolc
max_runs44
Model number:
42




Methods/43_Forcing_Based/2_Kalman/EBMKF_ta4_method.py
Loading ensemble arrays...
287.68041960722314
1.5343079737883158
inbndf = 2338.7066717616
B1B0 = 306.7789574620613
rad1850 = 240.60316514155105
B1 = 6597.544789821407
B0 = 0.046498957905576524
outbndf = 0.0003741071797620331
CONSISTENCY CHECK
OHCA + surf = 108.34988126893975
sum TOA = 139.34136590090668
Error:
0.22241410102156373
OHCA_scale:
1.3066869098879976
Methods/43_Forcing_Based/3_Human_Induced/GWI_tot_CGWL_method.py
Methods/42_Temp_Alone/1_Run_Means/cent20y_method.py
evaluating 2 of 0.1°C thresholds, starting at 1.5°C
Results from EBMKF_ta4 (Method Class: 43_Forcing_Based/2_Kalman):
EBMKF_ta4
0
Results from GWI_tot_CGWL (Method Class: 43_Forcing_Based/3_Human_Induced):
GWI_tot_CGWL sampled, d llike: -0.056042916886328564
GWI_tot_CGWL
1
41.39113827
finished this run
Model number:
43




Methods/43_Forcing_Based/2_Kalman/EBMKF_ta4_method.py
287.5588388038288
1.6023858658619474
inbndf = 2338.7066717616
B1B0 = 307.0884116451108
rad1850 = 240.6712059095603
B1 = 6599.95822194012
B0 = 0.04652884174694658
outbndf = 0.0003742440310168926
CONSISTENCY CHECK
OHCA + surf = 109.1761759894775
sum TOA = 124.42318630692635
Error:
0.12254155169951698
OHCA_scale:
1.1505382614426505
Methods/43_Forcing_Based/3_Human_Induced/GWI_tot_CGWL_method.py
Methods/42_Temp_Alone/1_Run_Means/cent20y_method.py
evaluating 2 of 0.1°C thresholds, starting at 1.5°C
Results from EBMKF_ta4 (Method Class: 43_Forcing_Based/2_Kalman):
EBMKF_ta4
0
Results from GWI_tot_CGWL (Method Class: 43_Forcing_Based/3_Human_Induced):
GWI_tot_CGWL sampled, d llike: 0.023220743622329287
GWI_tot_CGWL
1
80.544716115
finished this run
1
42
/oscar/data/deeps/private/bfoxkemp/jnickla1/Thorne_15_codefigurestats/fut_evaluation_gen_ensemble.py:20: RuntimeWarning: Mean of empty slice
  return np.nanmean(standards_np,axis=0)
starting computation for fut_ESM1-2-LR_SSP245_constVolc
max_runs44
Model number:
42




Methods/43_Forcing_Based/2_Kalman/EBMKF_ta4_method.py
Loading ensemble arrays...
287.68041960722314
2.3618694158456606
inbndf = 2338.7066717616
B1B0 = 306.7789574620613
rad1850 = 240.60316514155105
B1 = 6597.544789821407
B0 = 0.046498957905576524
outbndf = 0.0003741071797620331
CONSISTENCY CHECK
OHCA + surf = 142.6000233587835
sum TOA = 168.6449705037204
Error:
0.1544365483722643
OHCA_scale:
1.2010705793555498
Methods/43_Forcing_Based/3_Human_Induced/GWI_tot_CGWL_method.py
Methods/42_Temp_Alone/1_Run_Means/cent20y_method.py
evaluating 10 of 0.1°C thresholds, starting at 1.5°C
Results from EBMKF_ta4 (Method Class: 43_Forcing_Based/2_Kalman):
EBMKF_ta4
0
Results from GWI_tot_CGWL (Method Class: 43_Forcing_Based/3_Human_Induced):
GWI_tot_CGWL sampled, d llike: -0.010186367592863066
GWI_tot_CGWL
1
42.440745619
finished this run
Model number:
43




Methods/43_Forcing_Based/2_Kalman/EBMKF_ta4_method.py
287.5588388038288
2.3622246138401692
inbndf = 2338.7066717616
B1B0 = 307.0884116451108
rad1850 = 240.6712059095603
B1 = 6599.95822194012
B0 = 0.04652884174694658
outbndf = 0.0003742440310168926
CONSISTENCY CHECK
OHCA + surf = 141.86300470802055
sum TOA = 160.34964566406882
Error:
0.11528956537127384
OHCA_scale:
1.1421094276626813
Methods/43_Forcing_Based/3_Human_Induced/GWI_tot_CGWL_method.py
Methods/42_Temp_Alone/1_Run_Means/cent20y_method.py
evaluating 10 of 0.1°C thresholds, starting at 1.5°C
Results from EBMKF_ta4 (Method Class: 43_Forcing_Based/2_Kalman):
EBMKF_ta4
0
Results from GWI_tot_CGWL (Method Class: 43_Forcing_Based/3_Human_Induced):
GWI_tot_CGWL sampled, d llike: 0.0017465444968012278
GWI_tot_CGWL
1
82.984407782
finished this run
2
42
/oscar/data/deeps/private/bfoxkemp/jnickla1/Thorne_15_codefigurestats/fut_evaluation_gen_ensemble.py:20: RuntimeWarning: Mean of empty slice
  return np.nanmean(standards_np,axis=0)
starting computation for fut_ESM1-2-LR_SSP370_constVolc
max_runs44
Model number:
42




Methods/43_Forcing_Based/2_Kalman/EBMKF_ta4_method.py
Loading ensemble arrays...
287.68041960722314
3.232991648918528
inbndf = 2338.7066717616
B1B0 = 306.7789574620613
rad1850 = 240.60316514155105
B1 = 6597.544789821407
B0 = 0.046498957905576524
outbndf = 0.0003741071797620331
CONSISTENCY CHECK
OHCA + surf = 178.21801591249442
sum TOA = 195.10652376440441
Error:
0.08656044670399253
OHCA_scale:
1.106354403367193
Methods/43_Forcing_Based/3_Human_Induced/GWI_tot_CGWL_method.py
Methods/42_Temp_Alone/1_Run_Means/cent20y_method.py
evaluating 20 of 0.1°C thresholds, starting at 1.5°C
Results from EBMKF_ta4 (Method Class: 43_Forcing_Based/2_Kalman):
EBMKF_ta4
0
Results from GWI_tot_CGWL (Method Class: 43_Forcing_Based/3_Human_Induced):
GWI_tot_CGWL sampled, d llike: 0.0019949207173162176
GWI_tot_CGWL
1
43.706244434
finished this run
Model number:
43




Methods/43_Forcing_Based/2_Kalman/EBMKF_ta4_method.py
287.5588388038288
3.189136031483372
inbndf = 2338.7066717616
B1B0 = 307.0884116451108
rad1850 = 240.6712059095603
B1 = 6599.95822194012
B0 = 0.04652884174694658
outbndf = 0.0003742440310168926
CONSISTENCY CHECK
OHCA + surf = 176.73286084815726
sum TOA = 188.5767549323765
Error:
0.06280675520408888
OHCA_scale:
1.075517962196823
Methods/43_Forcing_Based/3_Human_Induced/GWI_tot_CGWL_method.py
Methods/42_Temp_Alone/1_Run_Means/cent20y_method.py
evaluating 20 of 0.1°C thresholds, starting at 1.5°C
Results from EBMKF_ta4 (Method Class: 43_Forcing_Based/2_Kalman):
EBMKF_ta4
0
Results from GWI_tot_CGWL (Method Class: 43_Forcing_Based/3_Human_Induced):
GWI_tot_CGWL sampled, d llike: -0.25305263319391413
GWI_tot_CGWL
1
86.095239933
finished this run
3
42
/oscar/data/deeps/private/bfoxkemp/jnickla1/Thorne_15_codefigurestats/fut_evaluation_gen_ensemble.py:20: RuntimeWarning: Mean of empty slice
  return np.nanmean(standards_np,axis=0)
starting computation for fut_NorESM_RCP45_Volc
max_runs44
Model number:
42




Methods/43_Forcing_Based/2_Kalman/EBMKF_ta4_method.py
Loading ensemble arrays...
287.447435675771
2.142718912760472
inbndf = 2338.7066717616
B1B0 = 307.37235014236836
rad1850 = 240.5969279714726
B1 = 6599.750109421536
B0 = 0.04657333157259637
outbndf = 0.0003742322302046388
CONSISTENCY CHECK
OHCA + surf = 166.5771498120657
sum TOA = 164.55145292627543
Error:
-0.012310416284794864
OHCA_scale:
0.9868529672959298
Methods/43_Forcing_Based/3_Human_Induced/GWI_tot_CGWL_method.py
Methods/42_Temp_Alone/1_Run_Means/cent20y_method.py
evaluating 10 of 0.1°C thresholds, starting at 1.5°C
Results from EBMKF_ta4 (Method Class: 43_Forcing_Based/2_Kalman):
EBMKF_ta4
0
Results from GWI_tot_CGWL (Method Class: 43_Forcing_Based/3_Human_Induced):
GWI_tot_CGWL sampled, d llike: -0.0016421585896808644
GWI_tot_CGWL
1
40.843663119
finished this run
Model number:
43




Methods/43_Forcing_Based/2_Kalman/EBMKF_ta4_method.py
287.3700707232145
2.1509330397573763
inbndf = 2338.7066717616
B1B0 = 307.5697531849554
rad1850 = 240.65246326299
B1 = 6601.584479015508
B0 = 0.046590292703612146
outbndf = 0.0003743362462980954
CONSISTENCY CHECK
OHCA + surf = 168.29793371349746
sum TOA = 170.84511198653604
Error:
0.014909283873683885
OHCA_scale:
1.0163042468989805
Methods/43_Forcing_Based/3_Human_Induced/GWI_tot_CGWL_method.py
Methods/42_Temp_Alone/1_Run_Means/cent20y_method.py
evaluating 10 of 0.1°C thresholds, starting at 1.5°C
Results from EBMKF_ta4 (Method Class: 43_Forcing_Based/2_Kalman):
EBMKF_ta4
0
Results from GWI_tot_CGWL (Method Class: 43_Forcing_Based/3_Human_Induced):
GWI_tot_CGWL sampled, d llike: -0.04417709339124554
GWI_tot_CGWL
1
81.477465211
finished this run
4
42
/oscar/data/deeps/private/bfoxkemp/jnickla1/Thorne_15_codefigurestats/fut_evaluation_gen_ensemble.py:20: RuntimeWarning: Mean of empty slice
  return np.nanmean(standards_np,axis=0)
starting computation for fut_NorESM_RCP45_VolcConst
max_runs44
Model number:
42




Methods/43_Forcing_Based/2_Kalman/EBMKF_ta4_method.py
Loading ensemble arrays...
287.447435675771
2.1026350911459417
inbndf = 2338.7066717616
B1B0 = 307.37235014236836
rad1850 = 240.5969279714726
B1 = 6599.750109421536
B0 = 0.04657333157259637
outbndf = 0.0003742322302046388
CONSISTENCY CHECK
OHCA + surf = 164.77157235847014
sum TOA = 166.16879756579343
Error:
0.00840846914577975
OHCA_scale:
1.0090927672419325
Methods/43_Forcing_Based/3_Human_Induced/GWI_tot_CGWL_method.py
Methods/42_Temp_Alone/1_Run_Means/cent20y_method.py
evaluating 9 of 0.1°C thresholds, starting at 1.5°C
Results from EBMKF_ta4 (Method Class: 43_Forcing_Based/2_Kalman):
EBMKF_ta4
0
Results from GWI_tot_CGWL (Method Class: 43_Forcing_Based/3_Human_Induced):
GWI_tot_CGWL sampled, d llike: 0.014379760420805354
GWI_tot_CGWL
1
42.028352791
finished this run
Model number:
43




Methods/43_Forcing_Based/2_Kalman/EBMKF_ta4_method.py
287.3700707232145
2.1162744140624454
inbndf = 2338.7066717616
B1B0 = 307.5697531849554
rad1850 = 240.65246326299
B1 = 6601.584479015508
B0 = 0.046590292703612146
outbndf = 0.0003743362462980954
CONSISTENCY CHECK
OHCA + surf = 164.78884785646903
sum TOA = 161.96109531083084
Error:
-0.01745945555759094
OHCA_scale:
0.9816209204162094
Methods/43_Forcing_Based/3_Human_Induced/GWI_tot_CGWL_method.py
Methods/42_Temp_Alone/1_Run_Means/cent20y_method.py
evaluating 9 of 0.1°C thresholds, starting at 1.5°C
Results from EBMKF_ta4 (Method Class: 43_Forcing_Based/2_Kalman):
EBMKF_ta4
0
Results from GWI_tot_CGWL (Method Class: 43_Forcing_Based/3_Human_Induced):
GWI_tot_CGWL sampled, d llike: -0.05698548636051859
GWI_tot_CGWL
1
83.41921998000001
finished this run
