## SLURM PROLOG ###############################################################
##    Job ID : 14398246
##  Job Name : all_comp2_eval
##  Nodelist : node2336
##      CPUs : 1
##   Mem/CPU : 20480 MB
## Directory : /oscar/data/deeps/private/bfoxkemp/jnickla1/Thorne_15_codefigurestats
##   Job Started : Sat Nov 22 12:52:32 AM EST 2025
###############################################################################
0
18
/oscar/data/deeps/private/bfoxkemp/jnickla1/Thorne_15_codefigurestats/fut_evaluation_gen_ensemble.py:20: RuntimeWarning: Mean of empty slice
  return np.nanmean(standards_np,axis=0)
/oscar/data/deeps/private/bfoxkemp/jnickla1/Thorne_15_codefigurestats/fut_2_script.py:351: RuntimeWarning: Mean of empty slice
  evalmean = np.nanmean(diffcross) #if crossing multiple times take the mean
starting computation for fut_ESM1-2-LR_SSP126_constVolc
max_runs20
Model number:
18




Methods/43_Forcing_Based/2_Kalman/EBMKF_ta4_method.py
Loading ensemble arrays...
287.6484249783169
1.5680807856671208
inbndf = 2338.7066717616
B1B0 = 306.86034903578025
rad1850 = 240.62106952138726
B1 = 6598.17976966221
B0 = 0.04650681850874909
outbndf = 0.00037414318565892596
CONSISTENCY CHECK
OHCA + surf = 106.35253712777443
sum TOA = 140.27008779076016
Error:
0.24180173547463868
OHCA_scale:
1.3423135366310397
Methods/43_Forcing_Based/3_Human_Induced/GWI_tot_CGWL_method.py
Methods/42_Temp_Alone/1_Run_Means/cent20y_method.py
evaluating 2 of 0.1°C thresholds, starting at 1.5°C
Results from EBMKF_ta4 (Method Class: 43_Forcing_Based/2_Kalman):
EBMKF_ta4
0
Results from GWI_tot_CGWL (Method Class: 43_Forcing_Based/3_Human_Induced):
GWI_tot_CGWL sampled, d llike: -0.017747984737582767
GWI_tot_CGWL
1
42.993307697
finished this run
Model number:
19




Methods/43_Forcing_Based/2_Kalman/EBMKF_ta4_method.py
287.6866726709019
1.4895102734517423
inbndf = 2338.7066717616
B1B0 = 306.7630537872772
rad1850 = 240.59966596723692
B1 = 6597.420699289358
B0 = 0.046497421912220976
outbndf = 0.0003741001433325038
CONSISTENCY CHECK
OHCA + surf = 108.01723105961564
sum TOA = 131.63048861649906
Error:
0.17939048775910757
OHCA_scale:
1.2349549728476696
Methods/43_Forcing_Based/3_Human_Induced/GWI_tot_CGWL_method.py
Methods/42_Temp_Alone/1_Run_Means/cent20y_method.py
evaluating 1 of 0.1°C thresholds, starting at 1.5°C
Results from EBMKF_ta4 (Method Class: 43_Forcing_Based/2_Kalman):
EBMKF_ta4
0
Results from GWI_tot_CGWL (Method Class: 43_Forcing_Based/3_Human_Induced):
GWI_tot_CGWL sampled, d llike: -0.04207525691761349
GWI_tot_CGWL
1
83.610287347
finished this run
1
18
/oscar/data/deeps/private/bfoxkemp/jnickla1/Thorne_15_codefigurestats/fut_evaluation_gen_ensemble.py:20: RuntimeWarning: Mean of empty slice
  return np.nanmean(standards_np,axis=0)
starting computation for fut_ESM1-2-LR_SSP245_constVolc
max_runs20
Model number:
18




Methods/43_Forcing_Based/2_Kalman/EBMKF_ta4_method.py
Loading ensemble arrays...
287.6484249783169
2.3439303108008858
inbndf = 2338.7066717616
B1B0 = 306.86034903578025
rad1850 = 240.62106952138726
B1 = 6598.17976966221
B0 = 0.04650681850874909
outbndf = 0.00037414318565892596
CONSISTENCY CHECK
OHCA + surf = 142.57580698100872
sum TOA = 172.0714888992635
Error:
0.17141527691157804
OHCA_scale:
1.226966801576184
Methods/43_Forcing_Based/3_Human_Induced/GWI_tot_CGWL_method.py
Methods/42_Temp_Alone/1_Run_Means/cent20y_method.py
evaluating 10 of 0.1°C thresholds, starting at 1.5°C
Results from EBMKF_ta4 (Method Class: 43_Forcing_Based/2_Kalman):
EBMKF_ta4
0
Results from GWI_tot_CGWL (Method Class: 43_Forcing_Based/3_Human_Induced):
GWI_tot_CGWL sampled, d llike: 0.0072558532474313875
GWI_tot_CGWL
1
41.53421196
finished this run
Model number:
19




Methods/43_Forcing_Based/2_Kalman/EBMKF_ta4_method.py
287.6866726709019
2.29851793002598
inbndf = 2338.7066717616
B1B0 = 306.7630537872772
rad1850 = 240.59966596723692
B1 = 6597.420699289358
B0 = 0.046497421912220976
outbndf = 0.0003741001433325038
CONSISTENCY CHECK
OHCA + surf = 141.53335332674268
sum TOA = 162.95555428889668
Error:
0.1314603914891758
OHCA_scale:
1.1656850858451167
Methods/43_Forcing_Based/3_Human_Induced/GWI_tot_CGWL_method.py
Methods/42_Temp_Alone/1_Run_Means/cent20y_method.py
evaluating 9 of 0.1°C thresholds, starting at 1.5°C
Results from EBMKF_ta4 (Method Class: 43_Forcing_Based/2_Kalman):
EBMKF_ta4
0
Results from GWI_tot_CGWL (Method Class: 43_Forcing_Based/3_Human_Induced):
GWI_tot_CGWL sampled, d llike: -0.1444595969512018
GWI_tot_CGWL
1
80.700090901
finished this run
2
18
/oscar/data/deeps/private/bfoxkemp/jnickla1/Thorne_15_codefigurestats/fut_evaluation_gen_ensemble.py:20: RuntimeWarning: Mean of empty slice
  return np.nanmean(standards_np,axis=0)
starting computation for fut_ESM1-2-LR_SSP370_constVolc
max_runs20
Model number:
18




Methods/43_Forcing_Based/2_Kalman/EBMKF_ta4_method.py
Loading ensemble arrays...
287.6484249783169
3.1947430956316225
inbndf = 2338.7066717616
B1B0 = 306.86034903578025
rad1850 = 240.62106952138726
B1 = 6598.17976966221
B0 = 0.04650681850874909
outbndf = 0.00037414318565892596
CONSISTENCY CHECK
OHCA + surf = 176.62656155864545
sum TOA = 194.94412646916783
Error:
0.09396315365992564
OHCA_scale:
1.1169504417795717
Methods/43_Forcing_Based/3_Human_Induced/GWI_tot_CGWL_method.py
Methods/42_Temp_Alone/1_Run_Means/cent20y_method.py
evaluating 20 of 0.1°C thresholds, starting at 1.5°C
Results from EBMKF_ta4 (Method Class: 43_Forcing_Based/2_Kalman):
EBMKF_ta4
0
Results from GWI_tot_CGWL (Method Class: 43_Forcing_Based/3_Human_Induced):
GWI_tot_CGWL sampled, d llike: 0.013789493351099358
GWI_tot_CGWL
1
42.105872624999996
finished this run
Model number:
19




Methods/43_Forcing_Based/2_Kalman/EBMKF_ta4_method.py
287.6866726709019
3.1345683410913807
inbndf = 2338.7066717616
B1B0 = 306.7630537872772
rad1850 = 240.59966596723692
B1 = 6597.420699289358
B0 = 0.046497421912220976
outbndf = 0.0003741001433325038
CONSISTENCY CHECK
OHCA + surf = 179.08799971956495
sum TOA = 190.6579422178594
Error:
0.060684293366985984
OHCA_scale:
1.072714380421792
Methods/43_Forcing_Based/3_Human_Induced/GWI_tot_CGWL_method.py
Methods/42_Temp_Alone/1_Run_Means/cent20y_method.py
evaluating 19 of 0.1°C thresholds, starting at 1.5°C
Results from EBMKF_ta4 (Method Class: 43_Forcing_Based/2_Kalman):
EBMKF_ta4
0
Results from GWI_tot_CGWL (Method Class: 43_Forcing_Based/3_Human_Induced):
GWI_tot_CGWL sampled, d llike: -0.6160239945802675
GWI_tot_CGWL
1
82.005365758
finished this run
3
18
/oscar/data/deeps/private/bfoxkemp/jnickla1/Thorne_15_codefigurestats/fut_evaluation_gen_ensemble.py:20: RuntimeWarning: Mean of empty slice
  return np.nanmean(standards_np,axis=0)
starting computation for fut_NorESM_RCP45_Volc
max_runs20
Model number:
18




Methods/43_Forcing_Based/2_Kalman/EBMKF_ta4_method.py
Loading ensemble arrays...
287.3883140062353
2.1710489908853674
inbndf = 2338.7066717616
B1B0 = 307.5231877385577
rad1850 = 240.63936701818852
B1 = 6601.151866017829
B0 = 0.046586291904850884
outbndf = 0.000374311715410675
CONSISTENCY CHECK
OHCA + surf = 169.6220277479988
sum TOA = 160.6576695196065
Error:
-0.05579788537451882
OHCA_scale:
0.9429763156135325
Methods/43_Forcing_Based/3_Human_Induced/GWI_tot_CGWL_method.py
Methods/42_Temp_Alone/1_Run_Means/cent20y_method.py
evaluating 9 of 0.1°C thresholds, starting at 1.5°C
Results from EBMKF_ta4 (Method Class: 43_Forcing_Based/2_Kalman):
EBMKF_ta4
0
Results from GWI_tot_CGWL (Method Class: 43_Forcing_Based/3_Human_Induced):
GWI_tot_CGWL sampled, d llike: 0.024854316834301615
GWI_tot_CGWL
1
39.895963988000005
finished this run
Model number:
19




Methods/43_Forcing_Based/2_Kalman/EBMKF_ta4_method.py
287.36350491025814
2.1305792748649424
inbndf = 2338.7066717616
B1B0 = 307.5865146794651
rad1850 = 240.6571767277736
B1 = 6601.740185871134
B0 = 0.04659173278853861
outbndf = 0.00037434507549963676
CONSISTENCY CHECK
OHCA + surf = 169.04268158347378
sum TOA = 159.53771098476972
Error:
-0.05957820593032988
OHCA_scale:
0.93896626491643
Methods/43_Forcing_Based/3_Human_Induced/GWI_tot_CGWL_method.py
Methods/42_Temp_Alone/1_Run_Means/cent20y_method.py
evaluating 9 of 0.1°C thresholds, starting at 1.5°C
Results from EBMKF_ta4 (Method Class: 43_Forcing_Based/2_Kalman):
EBMKF_ta4
0
Results from GWI_tot_CGWL (Method Class: 43_Forcing_Based/3_Human_Induced):
GWI_tot_CGWL sampled, d llike: -0.005917456438855773
GWI_tot_CGWL
1
77.79795181
finished this run
4
18
/oscar/data/deeps/private/bfoxkemp/jnickla1/Thorne_15_codefigurestats/fut_evaluation_gen_ensemble.py:20: RuntimeWarning: Mean of empty slice
  return np.nanmean(standards_np,axis=0)
starting computation for fut_NorESM_RCP45_VolcConst
max_runs20
Model number:
18




Methods/43_Forcing_Based/2_Kalman/EBMKF_ta4_method.py
Loading ensemble arrays...
287.3883140062353
2.163701375325445
inbndf = 2338.7066717616
B1B0 = 307.5231877385577
rad1850 = 240.63936701818852
B1 = 6601.151866017829
B0 = 0.046586291904850884
outbndf = 0.000374311715410675
CONSISTENCY CHECK
OHCA + surf = 167.58408024429468
sum TOA = 161.48308861909993
Error:
-0.03778099414227544
OHCA_scale:
0.9609091650512686
Methods/43_Forcing_Based/3_Human_Induced/GWI_tot_CGWL_method.py
Methods/42_Temp_Alone/1_Run_Means/cent20y_method.py
evaluating 9 of 0.1°C thresholds, starting at 1.5°C
Results from EBMKF_ta4 (Method Class: 43_Forcing_Based/2_Kalman):
EBMKF_ta4
0
Results from GWI_tot_CGWL (Method Class: 43_Forcing_Based/3_Human_Induced):
GWI_tot_CGWL sampled, d llike: 0.0494802959271885
GWI_tot_CGWL
1
40.069625064
finished this run
Model number:
19




Methods/43_Forcing_Based/2_Kalman/EBMKF_ta4_method.py
287.36350491025814
2.153203328450445
inbndf = 2338.7066717616
B1B0 = 307.5865146794651
rad1850 = 240.6571767277736
B1 = 6601.740185871134
B0 = 0.04659173278853861
outbndf = 0.00037434507549963676
CONSISTENCY CHECK
OHCA + surf = 167.7218725582959
sum TOA = 171.28996809142603
Error:
0.020830732662788943
OHCA_scale:
1.0228984066602107
Methods/43_Forcing_Based/3_Human_Induced/GWI_tot_CGWL_method.py
Methods/42_Temp_Alone/1_Run_Means/cent20y_method.py
evaluating 9 of 0.1°C thresholds, starting at 1.5°C
Results from EBMKF_ta4 (Method Class: 43_Forcing_Based/2_Kalman):
EBMKF_ta4
0
Results from GWI_tot_CGWL (Method Class: 43_Forcing_Based/3_Human_Induced):
GWI_tot_CGWL sampled, d llike: 0.0409479939442432
GWI_tot_CGWL
1
78.3785855
finished this run
