## SLURM PROLOG ###############################################################
##    Job ID : 14446526
##  Job Name : all_crossing_eval
##  Nodelist : node2345
##      CPUs : 1
##   Mem/CPU : 5120 MB
## Directory : /oscar/data/deeps/private/bfoxkemp/jnickla1/Thorne_15_codefigurestats
##   Job Started : Sun Nov 23 11:54:14 AM EST 2025
###############################################################################
/oscar/data/deeps/private/bfoxkemp/jnickla1/Thorne_15_codefigurestats/fut_evaluation_gen_ensemble.py:20: RuntimeWarning: Mean of empty slice
  return np.nanmean(standards_np,axis=0)
/oscar/data/deeps/private/bfoxkemp/jnickla1/Thorne_15_codefigurestats/fut_evaluation_gen_ensemble.py:20: RuntimeWarning: Mean of empty slice
  return np.nanmean(standards_np,axis=0)
/oscar/data/deeps/private/bfoxkemp/jnickla1/Thorne_15_codefigurestats/fut_evaluation_gen_ensemble.py:20: RuntimeWarning: Mean of empty slice
  return np.nanmean(standards_np,axis=0)
/oscar/data/deeps/private/bfoxkemp/jnickla1/Thorne_15_codefigurestats/fut_evaluation_gen_ensemble.py:20: RuntimeWarning: Mean of empty slice
  return np.nanmean(standards_np,axis=0)
/oscar/data/deeps/private/bfoxkemp/jnickla1/Thorne_15_codefigurestats/fut_evaluation_gen_ensemble.py:20: RuntimeWarning: Mean of empty slice
  return np.nanmean(standards_np,axis=0)
/oscar/data/deeps/private/bfoxkemp/jnickla1/Thorne_15_codefigurestats/Methods/42_Temp_Alone/3_ST_Fits/opt_clim_norm_method.py:49: RuntimeWarning: divide by zero encountered in scalar divide
  sigma = np.sqrt(np.sum((model - temps[sp:ep]) ** 2) / (len(model) - 2))  # regression std error
/oscar/data/deeps/private/bfoxkemp/jnickla1/Thorne_15_codefigurestats/Methods/42_Temp_Alone/3_ST_Fits/opt_clim_norm_method.py:49: RuntimeWarning: divide by zero encountered in scalar divide
  sigma = np.sqrt(np.sum((model - temps[sp:ep]) ** 2) / (len(model) - 2))  # regression std error
/oscar/data/deeps/private/bfoxkemp/jnickla1/Thorne_15_codefigurestats/Methods/43_Forcing_Based/1_ERF_FaIR/FaIR_all_method.py:53: RuntimeWarning: Mean of empty slice
  samp_mean =  np.nanmean(samp_cur, axis = 1)
/oscar/data/deeps/private/bfoxkemp/jnickla1/Thorne_15_codefigurestats/Methods/43_Forcing_Based/1_ERF_FaIR/FaIR_all_unB_method.py:69: RuntimeWarning: Mean of empty slice
  samp_mean =  np.nanmean(samp_cur, axis = 1)
starting computation for fut_NorESM_RCP45_Volc
Model number:
28




Methods/42_Temp_Alone/1_Run_Means/cent10y_method.py
Methods/42_Temp_Alone/1_Run_Means/cent20y_method.py
Methods/42_Temp_Alone/1_Run_Means/cent21y_method.py
Methods/42_Temp_Alone/1_Run_Means/cent30y_method.py
Methods/42_Temp_Alone/1_Run_Means/lag10y_method.py
Methods/42_Temp_Alone/1_Run_Means/lag5y_method.py
Methods/42_Temp_Alone/1_Run_Means/offset11y_method.py
Methods/42_Temp_Alone/1_Run_Means/raw1y_method.py
Methods/42_Temp_Alone/2_LT_Fits/Bayes_seq_CP_method.py
Methods/42_Temp_Alone/2_LT_Fits/OLS_AR5all_method.py
Methods/42_Temp_Alone/2_LT_Fits/OLS_AR5split_method.py
Methods/42_Temp_Alone/2_LT_Fits/OLS_hinge75_method.py
Methods/42_Temp_Alone/2_LT_Fits/OLS_refit_method.py
Methods/42_Temp_Alone/2_LT_Fits/TheilSen_h7075_method.py
Methods/42_Temp_Alone/2_LT_Fits/butterworth_method.py
Methods/42_Temp_Alone/2_LT_Fits/hinge75meet_method.py
Methods/42_Temp_Alone/2_LT_Fits/quartic_method.py
Methods/42_Temp_Alone/3_ST_Fits/etrend15y_method.py
Methods/42_Temp_Alone/3_ST_Fits/etrend30y_3CS_method.py
Methods/42_Temp_Alone/3_ST_Fits/etrend30y_method.py
Methods/42_Temp_Alone/3_ST_Fits/lowess1dg20wnc_method.py
Methods/42_Temp_Alone/3_ST_Fits/lowess1dt10wnc_method.py
Methods/42_Temp_Alone/3_ST_Fits/lowess1dt20wARMA_method.py
Methods/42_Temp_Alone/3_ST_Fits/lowess1dt20wAR_method.py
Methods/42_Temp_Alone/3_ST_Fits/lowess1dt20wnc_method.py
Methods/42_Temp_Alone/3_ST_Fits/lowess1dt26wnc_method.py
Methods/42_Temp_Alone/3_ST_Fits/lowess1dt30wnc_method.py
Methods/42_Temp_Alone/3_ST_Fits/lowess1dt36wnc_method.py
Methods/42_Temp_Alone/3_ST_Fits/lowess2dt20wnc_method.py
Methods/42_Temp_Alone/3_ST_Fits/lowess2dt30wnc_method.py
Methods/42_Temp_Alone/3_ST_Fits/min_month_proj_method.py
Methods/42_Temp_Alone/3_ST_Fits/opt_clim_norm_method.py
0
50
58
62
66
77
85
114
122
132
138
144
151
158
160
162
164
167
171
175
179
204
209
214
222
228
232
236
241
245
248
Methods/42_Temp_Alone/4_GAM_AR1/GAM_AR0_method.py
Methods/42_Temp_Alone/4_GAM_AR1/GAM_AR1_method.py
Methods/42_Temp_Alone/4_GAM_AR1/cubic_spline_method.py
Methods/42_Temp_Alone/5_Kalman/Kal_flexLin_method.py
Methods/42_Temp_Alone/5_Kalman/Kal_flexLin_ocn_method.py
Methods/42_Temp_Alone/5_Kalman/Kalman_RW_method.py
Methods/42_Temp_Alone/5_Kalman/Kalman_RW_ocn_method.py
Methods/42_Temp_Alone/6_Remove_IV/lfca_SST_method.py
Methods/42_Temp_Alone/6_Remove_IV/lfca_TAS_method.py
Methods/42_Temp_Alone/6_Remove_IV/removeGreensfx_method.py
28
Minimum MSE: 5.44884893223981e-10
Minimum MSE Index: 35
Methods/42_Temp_Alone/6_Remove_IV/removeMEI_cons_method.py
Methods/42_Temp_Alone/6_Remove_IV/removeMEI_volc_cons_method.py
Methods/42_Temp_Alone/6_Remove_IV/removeMEI_volc_refit_method.py
Methods/43_Forcing_Based/0_Linear/OLS_refit_CO2forc_method.py
Fitted line
0.010771274515528674 -3.0035925382944395
Methods/43_Forcing_Based/0_Linear/cons_hArrh_CO2forc_method.py
Methods/43_Forcing_Based/1_ERF_FaIR/FaIR_all_method.py
Methods/43_Forcing_Based/1_ERF_FaIR/FaIR_all_unB_method.py
Traceback (most recent call last):
  File "/oscar/data/deeps/private/bfoxkemp/jnickla1/Thorne_15_codefigurestats/hist_fitprob.py", line 230, in <module>
    results = run_methods(years, simall,
                          (np.concatenate((temps_CIl_hist,futCIl)), np.concatenate((temps_CIu_hist,futCIu)) ),
                          model_run, experiment_type)
  File "/oscar/data/deeps/private/bfoxkemp/jnickla1/Thorne_15_codefigurestats/hist_fitprob.py", line 64, in run_methods
    result = method_module.run_method(years, avg_temperatures, temp_uncert,model_run, experiment_type)
  File "/oscar/data/deeps/private/bfoxkemp/jnickla1/Thorne_15_codefigurestats/Methods/43_Forcing_Based/1_ERF_FaIR/FaIR_all_unB_method.py", line 81, in run_method
    samp_ret = retro_array[100:,:] - newcorrecton[:, np.newaxis]   #starts in 1750 so crop to 100th index
               ~~~~~~~~~~~~~~~~~~~~^~~~~~~~~~~~~~~~~~~~~~~~~~~~~
ValueError: operands could not be broadcast together with shapes (252,266) (250,1) 
/oscar/data/deeps/private/bfoxkemp/jnickla1/Thorne_15_codefigurestats/Methods/42_Temp_Alone/3_ST_Fits/opt_clim_norm_method.py:49: RuntimeWarning: divide by zero encountered in scalar divide
  sigma = np.sqrt(np.sum((model - temps[sp:ep]) ** 2) / (len(model) - 2))  # regression std error
/oscar/data/deeps/private/bfoxkemp/jnickla1/Thorne_15_codefigurestats/Methods/43_Forcing_Based/1_ERF_FaIR/FaIR_all_method.py:53: RuntimeWarning: Mean of empty slice
  samp_mean =  np.nanmean(samp_cur, axis = 1)
/oscar/data/deeps/private/bfoxkemp/jnickla1/Thorne_15_codefigurestats/Methods/43_Forcing_Based/1_ERF_FaIR/FaIR_all_unB_method.py:69: RuntimeWarning: Mean of empty slice
  samp_mean =  np.nanmean(samp_cur, axis = 1)
starting computation for fut_NorESM_RCP45_VolcConst
Model number:
28




Methods/42_Temp_Alone/1_Run_Means/cent10y_method.py
Methods/42_Temp_Alone/1_Run_Means/cent20y_method.py
Methods/42_Temp_Alone/1_Run_Means/cent21y_method.py
Methods/42_Temp_Alone/1_Run_Means/cent30y_method.py
Methods/42_Temp_Alone/1_Run_Means/lag10y_method.py
Methods/42_Temp_Alone/1_Run_Means/lag5y_method.py
Methods/42_Temp_Alone/1_Run_Means/offset11y_method.py
Methods/42_Temp_Alone/1_Run_Means/raw1y_method.py
Methods/42_Temp_Alone/2_LT_Fits/Bayes_seq_CP_method.py
Methods/42_Temp_Alone/2_LT_Fits/OLS_AR5all_method.py
Methods/42_Temp_Alone/2_LT_Fits/OLS_AR5split_method.py
Methods/42_Temp_Alone/2_LT_Fits/OLS_hinge75_method.py
Methods/42_Temp_Alone/2_LT_Fits/OLS_refit_method.py
Methods/42_Temp_Alone/2_LT_Fits/TheilSen_h7075_method.py
Methods/42_Temp_Alone/2_LT_Fits/butterworth_method.py
Methods/42_Temp_Alone/2_LT_Fits/hinge75meet_method.py
Methods/42_Temp_Alone/2_LT_Fits/quartic_method.py
Methods/42_Temp_Alone/3_ST_Fits/etrend15y_method.py
Methods/42_Temp_Alone/3_ST_Fits/etrend30y_3CS_method.py
Methods/42_Temp_Alone/3_ST_Fits/etrend30y_method.py
Methods/42_Temp_Alone/3_ST_Fits/lowess1dg20wnc_method.py
Methods/42_Temp_Alone/3_ST_Fits/lowess1dt10wnc_method.py
Methods/42_Temp_Alone/3_ST_Fits/lowess1dt20wARMA_method.py
Methods/42_Temp_Alone/3_ST_Fits/lowess1dt20wAR_method.py
Methods/42_Temp_Alone/3_ST_Fits/lowess1dt20wnc_method.py
Methods/42_Temp_Alone/3_ST_Fits/lowess1dt26wnc_method.py
Methods/42_Temp_Alone/3_ST_Fits/lowess1dt30wnc_method.py
Methods/42_Temp_Alone/3_ST_Fits/lowess1dt36wnc_method.py
Methods/42_Temp_Alone/3_ST_Fits/lowess2dt20wnc_method.py
Methods/42_Temp_Alone/3_ST_Fits/lowess2dt30wnc_method.py
Methods/42_Temp_Alone/3_ST_Fits/min_month_proj_method.py
Methods/42_Temp_Alone/3_ST_Fits/opt_clim_norm_method.py
0
50
58
62
66
77
85
114
122
132
138
144
146
148
151
155
159
163
166
169
171
173
176
179
182
185
189
193
197
200
204
209
216
220
224
230
242
245
248
Methods/42_Temp_Alone/4_GAM_AR1/GAM_AR0_method.py
Methods/42_Temp_Alone/4_GAM_AR1/GAM_AR1_method.py
Methods/42_Temp_Alone/4_GAM_AR1/cubic_spline_method.py
Methods/42_Temp_Alone/5_Kalman/Kal_flexLin_method.py
Methods/42_Temp_Alone/5_Kalman/Kal_flexLin_ocn_method.py
Methods/42_Temp_Alone/5_Kalman/Kalman_RW_method.py
Methods/42_Temp_Alone/5_Kalman/Kalman_RW_ocn_method.py
Methods/42_Temp_Alone/6_Remove_IV/lfca_SST_method.py
Methods/42_Temp_Alone/6_Remove_IV/lfca_TAS_method.py
Methods/42_Temp_Alone/6_Remove_IV/removeGreensfx_method.py
28
Minimum MSE: 5.110854929083845e-10
Minimum MSE Index: 35
Methods/42_Temp_Alone/6_Remove_IV/removeMEI_cons_method.py
Methods/42_Temp_Alone/6_Remove_IV/removeMEI_volc_cons_method.py
Methods/42_Temp_Alone/6_Remove_IV/removeMEI_volc_refit_method.py
Methods/43_Forcing_Based/0_Linear/OLS_refit_CO2forc_method.py
Fitted line
0.010611216693217036 -2.949865071763549
Methods/43_Forcing_Based/0_Linear/cons_hArrh_CO2forc_method.py
Methods/43_Forcing_Based/1_ERF_FaIR/FaIR_all_method.py
Methods/43_Forcing_Based/1_ERF_FaIR/FaIR_all_unB_method.py
Traceback (most recent call last):
  File "/oscar/data/deeps/private/bfoxkemp/jnickla1/Thorne_15_codefigurestats/hist_fitprob.py", line 230, in <module>
    results = run_methods(years, simall,
                          (np.concatenate((temps_CIl_hist,futCIl)), np.concatenate((temps_CIu_hist,futCIu)) ),
                          model_run, experiment_type)
  File "/oscar/data/deeps/private/bfoxkemp/jnickla1/Thorne_15_codefigurestats/hist_fitprob.py", line 64, in run_methods
    result = method_module.run_method(years, avg_temperatures, temp_uncert,model_run, experiment_type)
  File "/oscar/data/deeps/private/bfoxkemp/jnickla1/Thorne_15_codefigurestats/Methods/43_Forcing_Based/1_ERF_FaIR/FaIR_all_unB_method.py", line 81, in run_method
    samp_ret = retro_array[100:,:] - newcorrecton[:, np.newaxis]   #starts in 1750 so crop to 100th index
               ~~~~~~~~~~~~~~~~~~~~^~~~~~~~~~~~~~~~~~~~~~~~~~~~~
ValueError: operands could not be broadcast together with shapes (252,269) (250,1) 
/oscar/data/deeps/private/bfoxkemp/jnickla1/Thorne_15_codefigurestats/Methods/42_Temp_Alone/3_ST_Fits/opt_clim_norm_method.py:49: RuntimeWarning: divide by zero encountered in scalar divide
  sigma = np.sqrt(np.sum((model - temps[sp:ep]) ** 2) / (len(model) - 2))  # regression std error
/oscar/data/deeps/private/bfoxkemp/jnickla1/Thorne_15_codefigurestats/Methods/43_Forcing_Based/1_ERF_FaIR/FaIR_all_method.py:53: RuntimeWarning: Mean of empty slice
  samp_mean =  np.nanmean(samp_cur, axis = 1)
/oscar/data/deeps/private/bfoxkemp/jnickla1/Thorne_15_codefigurestats/Methods/43_Forcing_Based/1_ERF_FaIR/FaIR_all_unB_method.py:69: RuntimeWarning: Mean of empty slice
  samp_mean =  np.nanmean(samp_cur, axis = 1)
starting computation for fut_ESM1-2-LR_SSP245_constVolc
Model number:
28




Methods/42_Temp_Alone/1_Run_Means/cent10y_method.py
Methods/42_Temp_Alone/1_Run_Means/cent20y_method.py
Methods/42_Temp_Alone/1_Run_Means/cent21y_method.py
Methods/42_Temp_Alone/1_Run_Means/cent30y_method.py
Methods/42_Temp_Alone/1_Run_Means/lag10y_method.py
Methods/42_Temp_Alone/1_Run_Means/lag5y_method.py
Methods/42_Temp_Alone/1_Run_Means/offset11y_method.py
Methods/42_Temp_Alone/1_Run_Means/raw1y_method.py
Methods/42_Temp_Alone/2_LT_Fits/Bayes_seq_CP_method.py
Methods/42_Temp_Alone/2_LT_Fits/OLS_AR5all_method.py
Methods/42_Temp_Alone/2_LT_Fits/OLS_AR5split_method.py
Methods/42_Temp_Alone/2_LT_Fits/OLS_hinge75_method.py
Methods/42_Temp_Alone/2_LT_Fits/OLS_refit_method.py
Methods/42_Temp_Alone/2_LT_Fits/TheilSen_h7075_method.py
Methods/42_Temp_Alone/2_LT_Fits/butterworth_method.py
Methods/42_Temp_Alone/2_LT_Fits/hinge75meet_method.py
Methods/42_Temp_Alone/2_LT_Fits/quartic_method.py
Methods/42_Temp_Alone/3_ST_Fits/etrend15y_method.py
Methods/42_Temp_Alone/3_ST_Fits/etrend30y_3CS_method.py
Methods/42_Temp_Alone/3_ST_Fits/etrend30y_method.py
Methods/42_Temp_Alone/3_ST_Fits/lowess1dg20wnc_method.py
Methods/42_Temp_Alone/3_ST_Fits/lowess1dt10wnc_method.py
Methods/42_Temp_Alone/3_ST_Fits/lowess1dt20wARMA_method.py
Methods/42_Temp_Alone/3_ST_Fits/lowess1dt20wAR_method.py
Methods/42_Temp_Alone/3_ST_Fits/lowess1dt20wnc_method.py
Methods/42_Temp_Alone/3_ST_Fits/lowess1dt26wnc_method.py
Methods/42_Temp_Alone/3_ST_Fits/lowess1dt30wnc_method.py
Methods/42_Temp_Alone/3_ST_Fits/lowess1dt36wnc_method.py
Methods/42_Temp_Alone/3_ST_Fits/lowess2dt20wnc_method.py
Methods/42_Temp_Alone/3_ST_Fits/lowess2dt30wnc_method.py
Methods/42_Temp_Alone/3_ST_Fits/min_month_proj_method.py
Methods/42_Temp_Alone/3_ST_Fits/opt_clim_norm_method.py
0
15
21
27
39
46
68
68
79
82
85
88
92
103
112
117
121
126
131
138
143
149
157
160
163
166
171
176
181
186
189
192
196
200
205
212
219
224
231
236
241
245
247
249
Methods/42_Temp_Alone/4_GAM_AR1/GAM_AR0_method.py
Methods/42_Temp_Alone/4_GAM_AR1/GAM_AR1_method.py
Methods/42_Temp_Alone/4_GAM_AR1/cubic_spline_method.py
Methods/42_Temp_Alone/5_Kalman/Kal_flexLin_method.py
Methods/42_Temp_Alone/5_Kalman/Kal_flexLin_ocn_method.py
Methods/42_Temp_Alone/5_Kalman/Kalman_RW_method.py
Methods/42_Temp_Alone/5_Kalman/Kalman_RW_ocn_method.py
Methods/42_Temp_Alone/6_Remove_IV/lfca_SST_method.py
Methods/42_Temp_Alone/6_Remove_IV/lfca_TAS_method.py
Methods/42_Temp_Alone/6_Remove_IV/removeGreensfx_method.py
Minimum MSE: 4.533549713414686e-08
Minimum MSE Index: 35
Methods/42_Temp_Alone/6_Remove_IV/removeMEI_cons_method.py
Methods/42_Temp_Alone/6_Remove_IV/removeMEI_volc_cons_method.py
Methods/42_Temp_Alone/6_Remove_IV/removeMEI_volc_refit_method.py
Methods/43_Forcing_Based/0_Linear/OLS_refit_CO2forc_method.py
Fitted line
0.007888031785264501 -2.184614356836623
Methods/43_Forcing_Based/0_Linear/cons_hArrh_CO2forc_method.py
Methods/43_Forcing_Based/1_ERF_FaIR/FaIR_all_method.py
Methods/43_Forcing_Based/1_ERF_FaIR/FaIR_all_unB_method.py
Traceback (most recent call last):
  File "/oscar/data/deeps/private/bfoxkemp/jnickla1/Thorne_15_codefigurestats/hist_fitprob.py", line 230, in <module>
    results = run_methods(years, simall,
                          (np.concatenate((temps_CIl_hist,futCIl)), np.concatenate((temps_CIu_hist,futCIu)) ),
                          model_run, experiment_type)
  File "/oscar/data/deeps/private/bfoxkemp/jnickla1/Thorne_15_codefigurestats/hist_fitprob.py", line 64, in run_methods
    result = method_module.run_method(years, avg_temperatures, temp_uncert,model_run, experiment_type)
  File "/oscar/data/deeps/private/bfoxkemp/jnickla1/Thorne_15_codefigurestats/Methods/43_Forcing_Based/1_ERF_FaIR/FaIR_all_unB_method.py", line 81, in run_method
    samp_ret = retro_array[100:,:] - newcorrecton[:, np.newaxis]   #starts in 1750 so crop to 100th index
               ~~~~~~~~~~~~~~~~~~~~^~~~~~~~~~~~~~~~~~~~~~~~~~~~~
ValueError: operands could not be broadcast together with shapes (252,272) (251,1) 
/oscar/data/deeps/private/bfoxkemp/jnickla1/Thorne_15_codefigurestats/Methods/43_Forcing_Based/1_ERF_FaIR/FaIR_all_method.py:53: RuntimeWarning: Mean of empty slice
  samp_mean =  np.nanmean(samp_cur, axis = 1)
/oscar/data/deeps/private/bfoxkemp/jnickla1/Thorne_15_codefigurestats/Methods/43_Forcing_Based/1_ERF_FaIR/FaIR_all_unB_method.py:69: RuntimeWarning: Mean of empty slice
  samp_mean =  np.nanmean(samp_cur, axis = 1)
starting computation for fut_ESM1-2-LR_SSP370_constVolc
Model number:
28




Methods/42_Temp_Alone/1_Run_Means/cent10y_method.py
Methods/42_Temp_Alone/1_Run_Means/cent20y_method.py
Methods/42_Temp_Alone/1_Run_Means/cent21y_method.py
Methods/42_Temp_Alone/1_Run_Means/cent30y_method.py
Methods/42_Temp_Alone/1_Run_Means/lag10y_method.py
Methods/42_Temp_Alone/1_Run_Means/lag5y_method.py
Methods/42_Temp_Alone/1_Run_Means/offset11y_method.py
Methods/42_Temp_Alone/1_Run_Means/raw1y_method.py
Methods/42_Temp_Alone/2_LT_Fits/Bayes_seq_CP_method.py
Methods/42_Temp_Alone/2_LT_Fits/OLS_AR5all_method.py
Methods/42_Temp_Alone/2_LT_Fits/OLS_AR5split_method.py
Methods/42_Temp_Alone/2_LT_Fits/OLS_hinge75_method.py
Methods/42_Temp_Alone/2_LT_Fits/OLS_refit_method.py
Methods/42_Temp_Alone/2_LT_Fits/TheilSen_h7075_method.py
Methods/42_Temp_Alone/2_LT_Fits/butterworth_method.py
Methods/42_Temp_Alone/2_LT_Fits/hinge75meet_method.py
Methods/42_Temp_Alone/2_LT_Fits/quartic_method.py
Methods/42_Temp_Alone/3_ST_Fits/etrend15y_method.py
Methods/42_Temp_Alone/3_ST_Fits/etrend30y_3CS_method.py
Methods/42_Temp_Alone/3_ST_Fits/etrend30y_method.py
Methods/42_Temp_Alone/3_ST_Fits/lowess1dg20wnc_method.py
Methods/42_Temp_Alone/3_ST_Fits/lowess1dt10wnc_method.py
Methods/42_Temp_Alone/3_ST_Fits/lowess1dt20wARMA_method.py
Methods/42_Temp_Alone/3_ST_Fits/lowess1dt20wAR_method.py
Methods/42_Temp_Alone/3_ST_Fits/lowess1dt20wnc_method.py
Methods/42_Temp_Alone/3_ST_Fits/lowess1dt26wnc_method.py
Methods/42_Temp_Alone/3_ST_Fits/lowess1dt30wnc_method.py
Methods/42_Temp_Alone/3_ST_Fits/lowess1dt36wnc_method.py
Methods/42_Temp_Alone/3_ST_Fits/lowess2dt20wnc_method.py
Methods/42_Temp_Alone/3_ST_Fits/lowess2dt30wnc_method.py
Methods/42_Temp_Alone/3_ST_Fits/min_month_proj_method.py
Methods/42_Temp_Alone/3_ST_Fits/opt_clim_norm_method.py
0
15
21
27
39
46
68
68
79
82
85
88
92
103
112
117
121
126
131
138
143
149
157
161
165
169
174
177
180
184
189
193
197
200
203
206
210
214
218
221
224
226
228
230
232
234
236
238
240
242
245
248
Methods/42_Temp_Alone/4_GAM_AR1/GAM_AR0_method.py
Methods/42_Temp_Alone/4_GAM_AR1/GAM_AR1_method.py
Methods/42_Temp_Alone/4_GAM_AR1/cubic_spline_method.py
Methods/42_Temp_Alone/5_Kalman/Kal_flexLin_method.py
Methods/42_Temp_Alone/5_Kalman/Kal_flexLin_ocn_method.py
Methods/42_Temp_Alone/5_Kalman/Kalman_RW_method.py
Methods/42_Temp_Alone/5_Kalman/Kalman_RW_ocn_method.py
Methods/42_Temp_Alone/6_Remove_IV/lfca_SST_method.py
Methods/42_Temp_Alone/6_Remove_IV/lfca_TAS_method.py
Methods/42_Temp_Alone/6_Remove_IV/removeGreensfx_method.py
Minimum MSE: 5.957089044272834e-08
Minimum MSE Index: 35
Methods/42_Temp_Alone/6_Remove_IV/removeMEI_cons_method.py
Methods/42_Temp_Alone/6_Remove_IV/removeMEI_volc_cons_method.py
Methods/42_Temp_Alone/6_Remove_IV/removeMEI_volc_refit_method.py
Methods/43_Forcing_Based/0_Linear/OLS_refit_CO2forc_method.py
Fitted line
0.007016580552343311 -1.8863974732046813
Methods/43_Forcing_Based/0_Linear/cons_hArrh_CO2forc_method.py
Methods/43_Forcing_Based/1_ERF_FaIR/FaIR_all_method.py
Methods/43_Forcing_Based/1_ERF_FaIR/FaIR_all_unB_method.py
Traceback (most recent call last):
  File "/oscar/data/deeps/private/bfoxkemp/jnickla1/Thorne_15_codefigurestats/hist_fitprob.py", line 230, in <module>
    results = run_methods(years, simall,
                          (np.concatenate((temps_CIl_hist,futCIl)), np.concatenate((temps_CIu_hist,futCIu)) ),
                          model_run, experiment_type)
  File "/oscar/data/deeps/private/bfoxkemp/jnickla1/Thorne_15_codefigurestats/hist_fitprob.py", line 64, in run_methods
    result = method_module.run_method(years, avg_temperatures, temp_uncert,model_run, experiment_type)
  File "/oscar/data/deeps/private/bfoxkemp/jnickla1/Thorne_15_codefigurestats/Methods/43_Forcing_Based/1_ERF_FaIR/FaIR_all_unB_method.py", line 81, in run_method
    samp_ret = retro_array[100:,:] - newcorrecton[:, np.newaxis]   #starts in 1750 so crop to 100th index
               ~~~~~~~~~~~~~~~~~~~~^~~~~~~~~~~~~~~~~~~~~~~~~~~~~
ValueError: operands could not be broadcast together with shapes (252,416) (251,1) 
/oscar/data/deeps/private/bfoxkemp/jnickla1/Thorne_15_codefigurestats/Methods/43_Forcing_Based/1_ERF_FaIR/FaIR_all_method.py:53: RuntimeWarning: Mean of empty slice
  samp_mean =  np.nanmean(samp_cur, axis = 1)
/oscar/data/deeps/private/bfoxkemp/jnickla1/Thorne_15_codefigurestats/Methods/43_Forcing_Based/1_ERF_FaIR/FaIR_all_unB_method.py:69: RuntimeWarning: Mean of empty slice
  samp_mean =  np.nanmean(samp_cur, axis = 1)
starting computation for fut_ESM1-2-LR_SSP126_constVolc
Model number:
28




Methods/42_Temp_Alone/1_Run_Means/cent10y_method.py
Methods/42_Temp_Alone/1_Run_Means/cent20y_method.py
Methods/42_Temp_Alone/1_Run_Means/cent21y_method.py
Methods/42_Temp_Alone/1_Run_Means/cent30y_method.py
Methods/42_Temp_Alone/1_Run_Means/lag10y_method.py
Methods/42_Temp_Alone/1_Run_Means/lag5y_method.py
Methods/42_Temp_Alone/1_Run_Means/offset11y_method.py
Methods/42_Temp_Alone/1_Run_Means/raw1y_method.py
Methods/42_Temp_Alone/2_LT_Fits/Bayes_seq_CP_method.py
Methods/42_Temp_Alone/2_LT_Fits/OLS_AR5all_method.py
Methods/42_Temp_Alone/2_LT_Fits/OLS_AR5split_method.py
Methods/42_Temp_Alone/2_LT_Fits/OLS_hinge75_method.py
Methods/42_Temp_Alone/2_LT_Fits/OLS_refit_method.py
Methods/42_Temp_Alone/2_LT_Fits/TheilSen_h7075_method.py
Methods/42_Temp_Alone/2_LT_Fits/butterworth_method.py
Methods/42_Temp_Alone/2_LT_Fits/hinge75meet_method.py
Methods/42_Temp_Alone/2_LT_Fits/quartic_method.py
Methods/42_Temp_Alone/3_ST_Fits/etrend15y_method.py
Methods/42_Temp_Alone/3_ST_Fits/etrend30y_3CS_method.py
Methods/42_Temp_Alone/3_ST_Fits/etrend30y_method.py
Methods/42_Temp_Alone/3_ST_Fits/lowess1dg20wnc_method.py
Methods/42_Temp_Alone/3_ST_Fits/lowess1dt10wnc_method.py
Methods/42_Temp_Alone/3_ST_Fits/lowess1dt20wARMA_method.py
Methods/42_Temp_Alone/3_ST_Fits/lowess1dt20wAR_method.py
Methods/42_Temp_Alone/3_ST_Fits/lowess1dt20wnc_method.py
Methods/42_Temp_Alone/3_ST_Fits/lowess1dt26wnc_method.py
Methods/42_Temp_Alone/3_ST_Fits/lowess1dt30wnc_method.py
Methods/42_Temp_Alone/3_ST_Fits/lowess1dt36wnc_method.py
Methods/42_Temp_Alone/3_ST_Fits/lowess2dt20wnc_method.py
Methods/42_Temp_Alone/3_ST_Fits/lowess2dt30wnc_method.py
Methods/42_Temp_Alone/3_ST_Fits/min_month_proj_method.py
Methods/42_Temp_Alone/3_ST_Fits/opt_clim_norm_method.py
0
15
21
27
39
46
68
68
79
82
85
88
92
103
112
117
121
126
131
138
143
149
157
161
165
172
175
179
185
195
245
247
249
Methods/42_Temp_Alone/4_GAM_AR1/GAM_AR0_method.py
Methods/42_Temp_Alone/4_GAM_AR1/GAM_AR1_method.py
Methods/42_Temp_Alone/4_GAM_AR1/cubic_spline_method.py
Methods/42_Temp_Alone/5_Kalman/Kal_flexLin_method.py
Methods/42_Temp_Alone/5_Kalman/Kal_flexLin_ocn_method.py
Methods/42_Temp_Alone/5_Kalman/Kalman_RW_method.py
Methods/42_Temp_Alone/5_Kalman/Kalman_RW_ocn_method.py
Methods/42_Temp_Alone/6_Remove_IV/lfca_SST_method.py
Methods/42_Temp_Alone/6_Remove_IV/lfca_TAS_method.py
Methods/42_Temp_Alone/6_Remove_IV/removeGreensfx_method.py
Minimum MSE: 3.3333851234829126e-08
Minimum MSE Index: 35
Methods/42_Temp_Alone/6_Remove_IV/removeMEI_cons_method.py
Methods/42_Temp_Alone/6_Remove_IV/removeMEI_volc_cons_method.py
Methods/42_Temp_Alone/6_Remove_IV/removeMEI_volc_refit_method.py
Methods/43_Forcing_Based/0_Linear/OLS_refit_CO2forc_method.py
Fitted line
0.00892806044430283 -2.523019137267068
Methods/43_Forcing_Based/0_Linear/cons_hArrh_CO2forc_method.py
Methods/43_Forcing_Based/1_ERF_FaIR/FaIR_all_method.py
Methods/43_Forcing_Based/1_ERF_FaIR/FaIR_all_unB_method.py
Traceback (most recent call last):
  File "/oscar/data/deeps/private/bfoxkemp/jnickla1/Thorne_15_codefigurestats/hist_fitprob.py", line 230, in <module>
    results = run_methods(years, simall,
                          (np.concatenate((temps_CIl_hist,futCIl)), np.concatenate((temps_CIu_hist,futCIu)) ),
                          model_run, experiment_type)
  File "/oscar/data/deeps/private/bfoxkemp/jnickla1/Thorne_15_codefigurestats/hist_fitprob.py", line 64, in run_methods
    result = method_module.run_method(years, avg_temperatures, temp_uncert,model_run, experiment_type)
  File "/oscar/data/deeps/private/bfoxkemp/jnickla1/Thorne_15_codefigurestats/Methods/43_Forcing_Based/1_ERF_FaIR/FaIR_all_unB_method.py", line 81, in run_method
    samp_ret = retro_array[100:,:] - newcorrecton[:, np.newaxis]   #starts in 1750 so crop to 100th index
               ~~~~~~~~~~~~~~~~~~~~^~~~~~~~~~~~~~~~~~~~~~~~~~~~~
ValueError: operands could not be broadcast together with shapes (252,569) (251,1) 
All processes completed.
