## SLURM PROLOG ###############################################################
##    Job ID : 14446523
##  Job Name : all_crossing_eval
##  Nodelist : node2344
##      CPUs : 1
##   Mem/CPU : 5120 MB
## Directory : /oscar/data/deeps/private/bfoxkemp/jnickla1/Thorne_15_codefigurestats
##   Job Started : Sun Nov 23 11:54:14 AM EST 2025
###############################################################################
/oscar/data/deeps/private/bfoxkemp/jnickla1/Thorne_15_codefigurestats/fut_evaluation_gen_ensemble.py:20: RuntimeWarning: Mean of empty slice
  return np.nanmean(standards_np,axis=0)
/oscar/data/deeps/private/bfoxkemp/jnickla1/Thorne_15_codefigurestats/fut_evaluation_gen_ensemble.py:20: RuntimeWarning: Mean of empty slice
  return np.nanmean(standards_np,axis=0)
/oscar/data/deeps/private/bfoxkemp/jnickla1/Thorne_15_codefigurestats/fut_evaluation_gen_ensemble.py:20: RuntimeWarning: Mean of empty slice
  return np.nanmean(standards_np,axis=0)
/oscar/data/deeps/private/bfoxkemp/jnickla1/Thorne_15_codefigurestats/fut_evaluation_gen_ensemble.py:20: RuntimeWarning: Mean of empty slice
  return np.nanmean(standards_np,axis=0)
/oscar/data/deeps/private/bfoxkemp/jnickla1/Thorne_15_codefigurestats/fut_evaluation_gen_ensemble.py:20: RuntimeWarning: Mean of empty slice
  return np.nanmean(standards_np,axis=0)
/oscar/data/deeps/private/bfoxkemp/jnickla1/Thorne_15_codefigurestats/Methods/43_Forcing_Based/1_ERF_FaIR/FaIR_all_method.py:53: RuntimeWarning: Mean of empty slice
  samp_mean =  np.nanmean(samp_cur, axis = 1)
/oscar/data/deeps/private/bfoxkemp/jnickla1/Thorne_15_codefigurestats/Methods/43_Forcing_Based/1_ERF_FaIR/FaIR_all_unB_method.py:69: RuntimeWarning: Mean of empty slice
  samp_mean =  np.nanmean(samp_cur, axis = 1)
starting computation for fut_NorESM_RCP45_VolcConst
Model number:
22




Methods/42_Temp_Alone/1_Run_Means/cent10y_method.py
Methods/42_Temp_Alone/1_Run_Means/cent20y_method.py
Methods/42_Temp_Alone/1_Run_Means/cent21y_method.py
Methods/42_Temp_Alone/1_Run_Means/cent30y_method.py
Methods/42_Temp_Alone/1_Run_Means/lag10y_method.py
Methods/42_Temp_Alone/1_Run_Means/lag5y_method.py
Methods/42_Temp_Alone/1_Run_Means/offset11y_method.py
Methods/42_Temp_Alone/1_Run_Means/raw1y_method.py
Methods/42_Temp_Alone/2_LT_Fits/Bayes_seq_CP_method.py
Methods/42_Temp_Alone/2_LT_Fits/OLS_AR5all_method.py
Methods/42_Temp_Alone/2_LT_Fits/OLS_AR5split_method.py
Methods/42_Temp_Alone/2_LT_Fits/OLS_hinge75_method.py
Methods/42_Temp_Alone/2_LT_Fits/OLS_refit_method.py
Methods/42_Temp_Alone/2_LT_Fits/TheilSen_h7075_method.py
Methods/42_Temp_Alone/2_LT_Fits/butterworth_method.py
Methods/42_Temp_Alone/2_LT_Fits/hinge75meet_method.py
Methods/42_Temp_Alone/2_LT_Fits/quartic_method.py
Methods/42_Temp_Alone/3_ST_Fits/etrend15y_method.py
Methods/42_Temp_Alone/3_ST_Fits/etrend30y_3CS_method.py
Methods/42_Temp_Alone/3_ST_Fits/etrend30y_method.py
Methods/42_Temp_Alone/3_ST_Fits/lowess1dg20wnc_method.py
Methods/42_Temp_Alone/3_ST_Fits/lowess1dt10wnc_method.py
Methods/42_Temp_Alone/3_ST_Fits/lowess1dt20wARMA_method.py
Methods/42_Temp_Alone/3_ST_Fits/lowess1dt20wAR_method.py
Methods/42_Temp_Alone/3_ST_Fits/lowess1dt20wnc_method.py
Methods/42_Temp_Alone/3_ST_Fits/lowess1dt26wnc_method.py
Methods/42_Temp_Alone/3_ST_Fits/lowess1dt30wnc_method.py
Methods/42_Temp_Alone/3_ST_Fits/lowess1dt36wnc_method.py
Methods/42_Temp_Alone/3_ST_Fits/lowess2dt20wnc_method.py
Methods/42_Temp_Alone/3_ST_Fits/lowess2dt30wnc_method.py
Methods/42_Temp_Alone/3_ST_Fits/min_month_proj_method.py
Methods/42_Temp_Alone/3_ST_Fits/opt_clim_norm_method.py
0
50
58
62
66
77
85
114
120
130
134
138
141
146
156
160
165
169
172
175
179
182
186
191
198
202
206
209
213
219
Methods/42_Temp_Alone/4_GAM_AR1/GAM_AR0_method.py
Methods/42_Temp_Alone/4_GAM_AR1/GAM_AR1_method.py
Methods/42_Temp_Alone/4_GAM_AR1/cubic_spline_method.py
Methods/42_Temp_Alone/5_Kalman/Kal_flexLin_method.py
Methods/42_Temp_Alone/5_Kalman/Kal_flexLin_ocn_method.py
Methods/42_Temp_Alone/5_Kalman/Kalman_RW_method.py
Methods/42_Temp_Alone/5_Kalman/Kalman_RW_ocn_method.py
Methods/42_Temp_Alone/6_Remove_IV/lfca_SST_method.py
Methods/42_Temp_Alone/6_Remove_IV/lfca_TAS_method.py
Methods/42_Temp_Alone/6_Remove_IV/removeGreensfx_method.py
22
Minimum MSE: 4.076847526235383e-10
Minimum MSE Index: 29
Methods/42_Temp_Alone/6_Remove_IV/removeMEI_cons_method.py
Methods/42_Temp_Alone/6_Remove_IV/removeMEI_volc_cons_method.py
Methods/42_Temp_Alone/6_Remove_IV/removeMEI_volc_refit_method.py
Methods/43_Forcing_Based/0_Linear/OLS_refit_CO2forc_method.py
Fitted line
0.010728750242109363 -3.043981149850877
Methods/43_Forcing_Based/0_Linear/cons_hArrh_CO2forc_method.py
Methods/43_Forcing_Based/1_ERF_FaIR/FaIR_all_method.py
Methods/43_Forcing_Based/1_ERF_FaIR/FaIR_all_unB_method.py
Traceback (most recent call last):
  File "/oscar/data/deeps/private/bfoxkemp/jnickla1/Thorne_15_codefigurestats/hist_fitprob.py", line 230, in <module>
    results = run_methods(years, simall,
                          (np.concatenate((temps_CIl_hist,futCIl)), np.concatenate((temps_CIu_hist,futCIu)) ),
                          model_run, experiment_type)
  File "/oscar/data/deeps/private/bfoxkemp/jnickla1/Thorne_15_codefigurestats/hist_fitprob.py", line 64, in run_methods
    result = method_module.run_method(years, avg_temperatures, temp_uncert,model_run, experiment_type)
  File "/oscar/data/deeps/private/bfoxkemp/jnickla1/Thorne_15_codefigurestats/Methods/43_Forcing_Based/1_ERF_FaIR/FaIR_all_unB_method.py", line 81, in run_method
    samp_ret = retro_array[100:,:] - newcorrecton[:, np.newaxis]   #starts in 1750 so crop to 100th index
               ~~~~~~~~~~~~~~~~~~~~^~~~~~~~~~~~~~~~~~~~~~~~~~~~~
ValueError: operands could not be broadcast together with shapes (252,256) (250,1) 
/oscar/data/deeps/private/bfoxkemp/jnickla1/Thorne_15_codefigurestats/Methods/43_Forcing_Based/1_ERF_FaIR/FaIR_all_method.py:53: RuntimeWarning: Mean of empty slice
  samp_mean =  np.nanmean(samp_cur, axis = 1)
/oscar/data/deeps/private/bfoxkemp/jnickla1/Thorne_15_codefigurestats/Methods/43_Forcing_Based/1_ERF_FaIR/FaIR_all_unB_method.py:69: RuntimeWarning: Mean of empty slice
  samp_mean =  np.nanmean(samp_cur, axis = 1)
starting computation for fut_NorESM_RCP45_Volc
Model number:
22




Methods/42_Temp_Alone/1_Run_Means/cent10y_method.py
Methods/42_Temp_Alone/1_Run_Means/cent20y_method.py
Methods/42_Temp_Alone/1_Run_Means/cent21y_method.py
Methods/42_Temp_Alone/1_Run_Means/cent30y_method.py
Methods/42_Temp_Alone/1_Run_Means/lag10y_method.py
Methods/42_Temp_Alone/1_Run_Means/lag5y_method.py
Methods/42_Temp_Alone/1_Run_Means/offset11y_method.py
Methods/42_Temp_Alone/1_Run_Means/raw1y_method.py
Methods/42_Temp_Alone/2_LT_Fits/Bayes_seq_CP_method.py
Methods/42_Temp_Alone/2_LT_Fits/OLS_AR5all_method.py
Methods/42_Temp_Alone/2_LT_Fits/OLS_AR5split_method.py
Methods/42_Temp_Alone/2_LT_Fits/OLS_hinge75_method.py
Methods/42_Temp_Alone/2_LT_Fits/OLS_refit_method.py
Methods/42_Temp_Alone/2_LT_Fits/TheilSen_h7075_method.py
Methods/42_Temp_Alone/2_LT_Fits/butterworth_method.py
Methods/42_Temp_Alone/2_LT_Fits/hinge75meet_method.py
Methods/42_Temp_Alone/2_LT_Fits/quartic_method.py
Methods/42_Temp_Alone/3_ST_Fits/etrend15y_method.py
Methods/42_Temp_Alone/3_ST_Fits/etrend30y_3CS_method.py
Methods/42_Temp_Alone/3_ST_Fits/etrend30y_method.py
Methods/42_Temp_Alone/3_ST_Fits/lowess1dg20wnc_method.py
Methods/42_Temp_Alone/3_ST_Fits/lowess1dt10wnc_method.py
Methods/42_Temp_Alone/3_ST_Fits/lowess1dt20wARMA_method.py
Methods/42_Temp_Alone/3_ST_Fits/lowess1dt20wAR_method.py
Methods/42_Temp_Alone/3_ST_Fits/lowess1dt20wnc_method.py
Methods/42_Temp_Alone/3_ST_Fits/lowess1dt26wnc_method.py
Methods/42_Temp_Alone/3_ST_Fits/lowess1dt30wnc_method.py
Methods/42_Temp_Alone/3_ST_Fits/lowess1dt36wnc_method.py
Methods/42_Temp_Alone/3_ST_Fits/lowess2dt20wnc_method.py
Methods/42_Temp_Alone/3_ST_Fits/lowess2dt30wnc_method.py
Methods/42_Temp_Alone/3_ST_Fits/min_month_proj_method.py
Methods/42_Temp_Alone/3_ST_Fits/opt_clim_norm_method.py
0
50
58
62
66
77
85
114
120
130
134
138
141
146
153
158
163
167
171
175
179
182
185
188
191
194
197
200
203
208
213
223
232
240
Methods/42_Temp_Alone/4_GAM_AR1/GAM_AR0_method.py
Methods/42_Temp_Alone/4_GAM_AR1/GAM_AR1_method.py
Methods/42_Temp_Alone/4_GAM_AR1/cubic_spline_method.py
Methods/42_Temp_Alone/5_Kalman/Kal_flexLin_method.py
Methods/42_Temp_Alone/5_Kalman/Kal_flexLin_ocn_method.py
Methods/42_Temp_Alone/5_Kalman/Kalman_RW_method.py
Methods/42_Temp_Alone/5_Kalman/Kalman_RW_ocn_method.py
Methods/42_Temp_Alone/6_Remove_IV/lfca_SST_method.py
Methods/42_Temp_Alone/6_Remove_IV/lfca_TAS_method.py
Methods/42_Temp_Alone/6_Remove_IV/removeGreensfx_method.py
22
Minimum MSE: 3.979722181431574e-10
Minimum MSE Index: 29
Methods/42_Temp_Alone/6_Remove_IV/removeMEI_cons_method.py
Methods/42_Temp_Alone/6_Remove_IV/removeMEI_volc_cons_method.py
Methods/42_Temp_Alone/6_Remove_IV/removeMEI_volc_refit_method.py
Methods/43_Forcing_Based/0_Linear/OLS_refit_CO2forc_method.py
Fitted line
0.010968422829431885 -3.1202299450963404
Methods/43_Forcing_Based/0_Linear/cons_hArrh_CO2forc_method.py
Methods/43_Forcing_Based/1_ERF_FaIR/FaIR_all_method.py
Methods/43_Forcing_Based/1_ERF_FaIR/FaIR_all_unB_method.py
Traceback (most recent call last):
  File "/oscar/data/deeps/private/bfoxkemp/jnickla1/Thorne_15_codefigurestats/hist_fitprob.py", line 230, in <module>
    results = run_methods(years, simall,
                          (np.concatenate((temps_CIl_hist,futCIl)), np.concatenate((temps_CIu_hist,futCIu)) ),
                          model_run, experiment_type)
  File "/oscar/data/deeps/private/bfoxkemp/jnickla1/Thorne_15_codefigurestats/hist_fitprob.py", line 64, in run_methods
    result = method_module.run_method(years, avg_temperatures, temp_uncert,model_run, experiment_type)
  File "/oscar/data/deeps/private/bfoxkemp/jnickla1/Thorne_15_codefigurestats/Methods/43_Forcing_Based/1_ERF_FaIR/FaIR_all_unB_method.py", line 81, in run_method
    samp_ret = retro_array[100:,:] - newcorrecton[:, np.newaxis]   #starts in 1750 so crop to 100th index
               ~~~~~~~~~~~~~~~~~~~~^~~~~~~~~~~~~~~~~~~~~~~~~~~~~
ValueError: operands could not be broadcast together with shapes (252,220) (250,1) 
/oscar/data/deeps/private/bfoxkemp/jnickla1/Thorne_15_codefigurestats/Methods/43_Forcing_Based/1_ERF_FaIR/FaIR_all_method.py:53: RuntimeWarning: Mean of empty slice
  samp_mean =  np.nanmean(samp_cur, axis = 1)
/oscar/data/deeps/private/bfoxkemp/jnickla1/Thorne_15_codefigurestats/Methods/43_Forcing_Based/1_ERF_FaIR/FaIR_all_unB_method.py:69: RuntimeWarning: Mean of empty slice
  samp_mean =  np.nanmean(samp_cur, axis = 1)
starting computation for fut_ESM1-2-LR_SSP126_constVolc
Model number:
22




Methods/42_Temp_Alone/1_Run_Means/cent10y_method.py
Methods/42_Temp_Alone/1_Run_Means/cent20y_method.py
Methods/42_Temp_Alone/1_Run_Means/cent21y_method.py
Methods/42_Temp_Alone/1_Run_Means/cent30y_method.py
Methods/42_Temp_Alone/1_Run_Means/lag10y_method.py
Methods/42_Temp_Alone/1_Run_Means/lag5y_method.py
Methods/42_Temp_Alone/1_Run_Means/offset11y_method.py
Methods/42_Temp_Alone/1_Run_Means/raw1y_method.py
Methods/42_Temp_Alone/2_LT_Fits/Bayes_seq_CP_method.py
Methods/42_Temp_Alone/2_LT_Fits/OLS_AR5all_method.py
Methods/42_Temp_Alone/2_LT_Fits/OLS_AR5split_method.py
Methods/42_Temp_Alone/2_LT_Fits/OLS_hinge75_method.py
Methods/42_Temp_Alone/2_LT_Fits/OLS_refit_method.py
Methods/42_Temp_Alone/2_LT_Fits/TheilSen_h7075_method.py
Methods/42_Temp_Alone/2_LT_Fits/butterworth_method.py
Methods/42_Temp_Alone/2_LT_Fits/hinge75meet_method.py
Methods/42_Temp_Alone/2_LT_Fits/quartic_method.py
Methods/42_Temp_Alone/3_ST_Fits/etrend15y_method.py
Methods/42_Temp_Alone/3_ST_Fits/etrend30y_3CS_method.py
Methods/42_Temp_Alone/3_ST_Fits/etrend30y_method.py
Methods/42_Temp_Alone/3_ST_Fits/lowess1dg20wnc_method.py
Methods/42_Temp_Alone/3_ST_Fits/lowess1dt10wnc_method.py
Methods/42_Temp_Alone/3_ST_Fits/lowess1dt20wARMA_method.py
Methods/42_Temp_Alone/3_ST_Fits/lowess1dt20wAR_method.py
Methods/42_Temp_Alone/3_ST_Fits/lowess1dt20wnc_method.py
Methods/42_Temp_Alone/3_ST_Fits/lowess1dt26wnc_method.py
Methods/42_Temp_Alone/3_ST_Fits/lowess1dt30wnc_method.py
Methods/42_Temp_Alone/3_ST_Fits/lowess1dt36wnc_method.py
Methods/42_Temp_Alone/3_ST_Fits/lowess2dt20wnc_method.py
Methods/42_Temp_Alone/3_ST_Fits/lowess2dt30wnc_method.py
Methods/42_Temp_Alone/3_ST_Fits/min_month_proj_method.py
Methods/42_Temp_Alone/3_ST_Fits/opt_clim_norm_method.py
0
17
26
43
93
104
109
114
127
134
138
142
145
148
151
154
159
164
168
173
183
188
195
202
230
Methods/42_Temp_Alone/4_GAM_AR1/GAM_AR0_method.py
Methods/42_Temp_Alone/4_GAM_AR1/GAM_AR1_method.py
Methods/42_Temp_Alone/4_GAM_AR1/cubic_spline_method.py
Methods/42_Temp_Alone/5_Kalman/Kal_flexLin_method.py
Methods/42_Temp_Alone/5_Kalman/Kal_flexLin_ocn_method.py
Methods/42_Temp_Alone/5_Kalman/Kalman_RW_method.py
Methods/42_Temp_Alone/5_Kalman/Kalman_RW_ocn_method.py
Methods/42_Temp_Alone/6_Remove_IV/lfca_SST_method.py
Methods/42_Temp_Alone/6_Remove_IV/lfca_TAS_method.py
Methods/42_Temp_Alone/6_Remove_IV/removeGreensfx_method.py
Minimum MSE: 2.4597078152055474e-08
Minimum MSE Index: 29
Methods/42_Temp_Alone/6_Remove_IV/removeMEI_cons_method.py
Methods/42_Temp_Alone/6_Remove_IV/removeMEI_volc_cons_method.py
Methods/42_Temp_Alone/6_Remove_IV/removeMEI_volc_refit_method.py
Methods/43_Forcing_Based/0_Linear/OLS_refit_CO2forc_method.py
Fitted line
0.008834213232280596 -2.5216669645504255
Methods/43_Forcing_Based/0_Linear/cons_hArrh_CO2forc_method.py
Methods/43_Forcing_Based/1_ERF_FaIR/FaIR_all_method.py
Methods/43_Forcing_Based/1_ERF_FaIR/FaIR_all_unB_method.py
Traceback (most recent call last):
  File "/oscar/data/deeps/private/bfoxkemp/jnickla1/Thorne_15_codefigurestats/hist_fitprob.py", line 230, in <module>
    results = run_methods(years, simall,
                          (np.concatenate((temps_CIl_hist,futCIl)), np.concatenate((temps_CIu_hist,futCIu)) ),
                          model_run, experiment_type)
  File "/oscar/data/deeps/private/bfoxkemp/jnickla1/Thorne_15_codefigurestats/hist_fitprob.py", line 64, in run_methods
    result = method_module.run_method(years, avg_temperatures, temp_uncert,model_run, experiment_type)
  File "/oscar/data/deeps/private/bfoxkemp/jnickla1/Thorne_15_codefigurestats/Methods/43_Forcing_Based/1_ERF_FaIR/FaIR_all_unB_method.py", line 81, in run_method
    samp_ret = retro_array[100:,:] - newcorrecton[:, np.newaxis]   #starts in 1750 so crop to 100th index
               ~~~~~~~~~~~~~~~~~~~~^~~~~~~~~~~~~~~~~~~~~~~~~~~~~
ValueError: operands could not be broadcast together with shapes (252,443) (251,1) 
/oscar/data/deeps/private/bfoxkemp/jnickla1/Thorne_15_codefigurestats/Methods/43_Forcing_Based/1_ERF_FaIR/FaIR_all_method.py:53: RuntimeWarning: Mean of empty slice
  samp_mean =  np.nanmean(samp_cur, axis = 1)
/oscar/data/deeps/private/bfoxkemp/jnickla1/Thorne_15_codefigurestats/Methods/43_Forcing_Based/1_ERF_FaIR/FaIR_all_unB_method.py:69: RuntimeWarning: Mean of empty slice
  samp_mean =  np.nanmean(samp_cur, axis = 1)
starting computation for fut_ESM1-2-LR_SSP245_constVolc
Model number:
22




Methods/42_Temp_Alone/1_Run_Means/cent10y_method.py
Methods/42_Temp_Alone/1_Run_Means/cent20y_method.py
Methods/42_Temp_Alone/1_Run_Means/cent21y_method.py
Methods/42_Temp_Alone/1_Run_Means/cent30y_method.py
Methods/42_Temp_Alone/1_Run_Means/lag10y_method.py
Methods/42_Temp_Alone/1_Run_Means/lag5y_method.py
Methods/42_Temp_Alone/1_Run_Means/offset11y_method.py
Methods/42_Temp_Alone/1_Run_Means/raw1y_method.py
Methods/42_Temp_Alone/2_LT_Fits/Bayes_seq_CP_method.py
Methods/42_Temp_Alone/2_LT_Fits/OLS_AR5all_method.py
Methods/42_Temp_Alone/2_LT_Fits/OLS_AR5split_method.py
Methods/42_Temp_Alone/2_LT_Fits/OLS_hinge75_method.py
Methods/42_Temp_Alone/2_LT_Fits/OLS_refit_method.py
Methods/42_Temp_Alone/2_LT_Fits/TheilSen_h7075_method.py
Methods/42_Temp_Alone/2_LT_Fits/butterworth_method.py
Methods/42_Temp_Alone/2_LT_Fits/hinge75meet_method.py
Methods/42_Temp_Alone/2_LT_Fits/quartic_method.py
Methods/42_Temp_Alone/3_ST_Fits/etrend15y_method.py
Methods/42_Temp_Alone/3_ST_Fits/etrend30y_3CS_method.py
Methods/42_Temp_Alone/3_ST_Fits/etrend30y_method.py
Methods/42_Temp_Alone/3_ST_Fits/lowess1dg20wnc_method.py
Methods/42_Temp_Alone/3_ST_Fits/lowess1dt10wnc_method.py
Methods/42_Temp_Alone/3_ST_Fits/lowess1dt20wARMA_method.py
Methods/42_Temp_Alone/3_ST_Fits/lowess1dt20wAR_method.py
Methods/42_Temp_Alone/3_ST_Fits/lowess1dt20wnc_method.py
Methods/42_Temp_Alone/3_ST_Fits/lowess1dt26wnc_method.py
Methods/42_Temp_Alone/3_ST_Fits/lowess1dt30wnc_method.py
Methods/42_Temp_Alone/3_ST_Fits/lowess1dt36wnc_method.py
Methods/42_Temp_Alone/3_ST_Fits/lowess2dt20wnc_method.py
Methods/42_Temp_Alone/3_ST_Fits/lowess2dt30wnc_method.py
Methods/42_Temp_Alone/3_ST_Fits/min_month_proj_method.py
Methods/42_Temp_Alone/3_ST_Fits/opt_clim_norm_method.py
0
17
26
43
93
104
109
114
127
134
138
142
145
148
151
154
157
161
166
171
176
182
186
190
194
199
203
207
211
217
228
235
247
Methods/42_Temp_Alone/4_GAM_AR1/GAM_AR0_method.py
Methods/42_Temp_Alone/4_GAM_AR1/GAM_AR1_method.py
Methods/42_Temp_Alone/4_GAM_AR1/cubic_spline_method.py
Methods/42_Temp_Alone/5_Kalman/Kal_flexLin_method.py
Methods/42_Temp_Alone/5_Kalman/Kal_flexLin_ocn_method.py
Methods/42_Temp_Alone/5_Kalman/Kalman_RW_method.py
Methods/42_Temp_Alone/5_Kalman/Kalman_RW_ocn_method.py
Methods/42_Temp_Alone/6_Remove_IV/lfca_SST_method.py
Methods/42_Temp_Alone/6_Remove_IV/lfca_TAS_method.py
Methods/42_Temp_Alone/6_Remove_IV/removeGreensfx_method.py
Minimum MSE: 3.5842528944840524e-08
Minimum MSE Index: 29
Methods/42_Temp_Alone/6_Remove_IV/removeMEI_cons_method.py
Methods/42_Temp_Alone/6_Remove_IV/removeMEI_volc_cons_method.py
Methods/42_Temp_Alone/6_Remove_IV/removeMEI_volc_refit_method.py
Methods/43_Forcing_Based/0_Linear/OLS_refit_CO2forc_method.py
Fitted line
0.007971112186548958 -2.2417164101985163
Methods/43_Forcing_Based/0_Linear/cons_hArrh_CO2forc_method.py
Methods/43_Forcing_Based/1_ERF_FaIR/FaIR_all_method.py
Methods/43_Forcing_Based/1_ERF_FaIR/FaIR_all_unB_method.py
Traceback (most recent call last):
  File "/oscar/data/deeps/private/bfoxkemp/jnickla1/Thorne_15_codefigurestats/hist_fitprob.py", line 230, in <module>
    results = run_methods(years, simall,
                          (np.concatenate((temps_CIl_hist,futCIl)), np.concatenate((temps_CIu_hist,futCIu)) ),
                          model_run, experiment_type)
  File "/oscar/data/deeps/private/bfoxkemp/jnickla1/Thorne_15_codefigurestats/hist_fitprob.py", line 64, in run_methods
    result = method_module.run_method(years, avg_temperatures, temp_uncert,model_run, experiment_type)
  File "/oscar/data/deeps/private/bfoxkemp/jnickla1/Thorne_15_codefigurestats/Methods/43_Forcing_Based/1_ERF_FaIR/FaIR_all_unB_method.py", line 81, in run_method
    samp_ret = retro_array[100:,:] - newcorrecton[:, np.newaxis]   #starts in 1750 so crop to 100th index
               ~~~~~~~~~~~~~~~~~~~~^~~~~~~~~~~~~~~~~~~~~~~~~~~~~
ValueError: operands could not be broadcast together with shapes (252,277) (251,1) 
/oscar/data/deeps/private/bfoxkemp/jnickla1/Thorne_15_codefigurestats/Methods/43_Forcing_Based/1_ERF_FaIR/FaIR_all_method.py:53: RuntimeWarning: Mean of empty slice
  samp_mean =  np.nanmean(samp_cur, axis = 1)
/oscar/data/deeps/private/bfoxkemp/jnickla1/Thorne_15_codefigurestats/Methods/43_Forcing_Based/1_ERF_FaIR/FaIR_all_unB_method.py:69: RuntimeWarning: Mean of empty slice
  samp_mean =  np.nanmean(samp_cur, axis = 1)
starting computation for fut_ESM1-2-LR_SSP370_constVolc
Model number:
22




Methods/42_Temp_Alone/1_Run_Means/cent10y_method.py
Methods/42_Temp_Alone/1_Run_Means/cent20y_method.py
Methods/42_Temp_Alone/1_Run_Means/cent21y_method.py
Methods/42_Temp_Alone/1_Run_Means/cent30y_method.py
Methods/42_Temp_Alone/1_Run_Means/lag10y_method.py
Methods/42_Temp_Alone/1_Run_Means/lag5y_method.py
Methods/42_Temp_Alone/1_Run_Means/offset11y_method.py
Methods/42_Temp_Alone/1_Run_Means/raw1y_method.py
Methods/42_Temp_Alone/2_LT_Fits/Bayes_seq_CP_method.py
Methods/42_Temp_Alone/2_LT_Fits/OLS_AR5all_method.py
Methods/42_Temp_Alone/2_LT_Fits/OLS_AR5split_method.py
Methods/42_Temp_Alone/2_LT_Fits/OLS_hinge75_method.py
Methods/42_Temp_Alone/2_LT_Fits/OLS_refit_method.py
Methods/42_Temp_Alone/2_LT_Fits/TheilSen_h7075_method.py
Methods/42_Temp_Alone/2_LT_Fits/butterworth_method.py
Methods/42_Temp_Alone/2_LT_Fits/hinge75meet_method.py
Methods/42_Temp_Alone/2_LT_Fits/quartic_method.py
Methods/42_Temp_Alone/3_ST_Fits/etrend15y_method.py
Methods/42_Temp_Alone/3_ST_Fits/etrend30y_3CS_method.py
Methods/42_Temp_Alone/3_ST_Fits/etrend30y_method.py
Methods/42_Temp_Alone/3_ST_Fits/lowess1dg20wnc_method.py
Methods/42_Temp_Alone/3_ST_Fits/lowess1dt10wnc_method.py
Methods/42_Temp_Alone/3_ST_Fits/lowess1dt20wARMA_method.py
Methods/42_Temp_Alone/3_ST_Fits/lowess1dt20wAR_method.py
Methods/42_Temp_Alone/3_ST_Fits/lowess1dt20wnc_method.py
Methods/42_Temp_Alone/3_ST_Fits/lowess1dt26wnc_method.py
Methods/42_Temp_Alone/3_ST_Fits/lowess1dt30wnc_method.py
Methods/42_Temp_Alone/3_ST_Fits/lowess1dt36wnc_method.py
Methods/42_Temp_Alone/3_ST_Fits/lowess2dt20wnc_method.py
Methods/42_Temp_Alone/3_ST_Fits/lowess2dt30wnc_method.py
Methods/42_Temp_Alone/3_ST_Fits/min_month_proj_method.py
Methods/42_Temp_Alone/3_ST_Fits/opt_clim_norm_method.py
0
17
26
43
93
104
109
114
127
134
138
142
145
148
151
154
157
161
168
172
175
178
180
184
187
190
193
196
200
204
207
210
213
216
219
222
225
228
231
234
237
239
241
243
246
248
Methods/42_Temp_Alone/4_GAM_AR1/GAM_AR0_method.py
Methods/42_Temp_Alone/4_GAM_AR1/GAM_AR1_method.py
Methods/42_Temp_Alone/4_GAM_AR1/cubic_spline_method.py
Methods/42_Temp_Alone/5_Kalman/Kal_flexLin_method.py
Methods/42_Temp_Alone/5_Kalman/Kal_flexLin_ocn_method.py
Methods/42_Temp_Alone/5_Kalman/Kalman_RW_method.py
Methods/42_Temp_Alone/5_Kalman/Kalman_RW_ocn_method.py
Methods/42_Temp_Alone/6_Remove_IV/lfca_SST_method.py
Methods/42_Temp_Alone/6_Remove_IV/lfca_TAS_method.py
Methods/42_Temp_Alone/6_Remove_IV/removeGreensfx_method.py
Minimum MSE: 5.582213091770427e-08
Minimum MSE Index: 29
Methods/42_Temp_Alone/6_Remove_IV/removeMEI_cons_method.py
Methods/42_Temp_Alone/6_Remove_IV/removeMEI_volc_cons_method.py
Methods/42_Temp_Alone/6_Remove_IV/removeMEI_volc_refit_method.py
Methods/43_Forcing_Based/0_Linear/OLS_refit_CO2forc_method.py
Fitted line
0.007022822320270951 -1.927346683178254
Methods/43_Forcing_Based/0_Linear/cons_hArrh_CO2forc_method.py
Methods/43_Forcing_Based/1_ERF_FaIR/FaIR_all_method.py
Methods/43_Forcing_Based/1_ERF_FaIR/FaIR_all_unB_method.py
Traceback (most recent call last):
  File "/oscar/data/deeps/private/bfoxkemp/jnickla1/Thorne_15_codefigurestats/hist_fitprob.py", line 230, in <module>
    results = run_methods(years, simall,
                          (np.concatenate((temps_CIl_hist,futCIl)), np.concatenate((temps_CIu_hist,futCIu)) ),
                          model_run, experiment_type)
  File "/oscar/data/deeps/private/bfoxkemp/jnickla1/Thorne_15_codefigurestats/hist_fitprob.py", line 64, in run_methods
    result = method_module.run_method(years, avg_temperatures, temp_uncert,model_run, experiment_type)
  File "/oscar/data/deeps/private/bfoxkemp/jnickla1/Thorne_15_codefigurestats/Methods/43_Forcing_Based/1_ERF_FaIR/FaIR_all_unB_method.py", line 81, in run_method
    samp_ret = retro_array[100:,:] - newcorrecton[:, np.newaxis]   #starts in 1750 so crop to 100th index
               ~~~~~~~~~~~~~~~~~~~~^~~~~~~~~~~~~~~~~~~~~~~~~~~~~
ValueError: operands could not be broadcast together with shapes (252,433) (251,1) 
All processes completed.
