## SLURM PROLOG ###############################################################
##    Job ID : 14446540
##  Job Name : all_crossing_eval
##  Nodelist : node2301
##      CPUs : 1
##   Mem/CPU : 5120 MB
## Directory : /oscar/data/deeps/private/bfoxkemp/jnickla1/Thorne_15_codefigurestats
##   Job Started : Sun Nov 23 11:54:14 AM EST 2025
###############################################################################
/oscar/data/deeps/private/bfoxkemp/jnickla1/Thorne_15_codefigurestats/fut_evaluation_gen_ensemble.py:20: RuntimeWarning: Mean of empty slice
  return np.nanmean(standards_np,axis=0)
/oscar/data/deeps/private/bfoxkemp/jnickla1/Thorne_15_codefigurestats/fut_evaluation_gen_ensemble.py:20: RuntimeWarning: Mean of empty slice
  return np.nanmean(standards_np,axis=0)
/oscar/data/deeps/private/bfoxkemp/jnickla1/Thorne_15_codefigurestats/Methods/42_Temp_Alone/3_ST_Fits/opt_clim_norm_method.py:49: RuntimeWarning: divide by zero encountered in scalar divide
  sigma = np.sqrt(np.sum((model - temps[sp:ep]) ** 2) / (len(model) - 2))  # regression std error
/oscar/data/deeps/private/bfoxkemp/jnickla1/Thorne_15_codefigurestats/Methods/43_Forcing_Based/1_ERF_FaIR/FaIR_all_method.py:53: RuntimeWarning: Mean of empty slice
  samp_mean =  np.nanmean(samp_cur, axis = 1)
/oscar/data/deeps/private/bfoxkemp/jnickla1/Thorne_15_codefigurestats/Methods/43_Forcing_Based/1_ERF_FaIR/FaIR_all_unB_method.py:69: RuntimeWarning: Mean of empty slice
  samp_mean =  np.nanmean(samp_cur, axis = 1)
starting computation for fut_NorESM_RCP45_Volc
Model number:
56




Methods/42_Temp_Alone/1_Run_Means/cent10y_method.py
Methods/42_Temp_Alone/1_Run_Means/cent20y_method.py
Methods/42_Temp_Alone/1_Run_Means/cent21y_method.py
Methods/42_Temp_Alone/1_Run_Means/cent30y_method.py
Methods/42_Temp_Alone/1_Run_Means/lag10y_method.py
Methods/42_Temp_Alone/1_Run_Means/lag5y_method.py
Methods/42_Temp_Alone/1_Run_Means/offset11y_method.py
Methods/42_Temp_Alone/1_Run_Means/raw1y_method.py
Methods/42_Temp_Alone/2_LT_Fits/Bayes_seq_CP_method.py
Methods/42_Temp_Alone/2_LT_Fits/OLS_AR5all_method.py
Methods/42_Temp_Alone/2_LT_Fits/OLS_AR5split_method.py
Methods/42_Temp_Alone/2_LT_Fits/OLS_hinge75_method.py
Methods/42_Temp_Alone/2_LT_Fits/OLS_refit_method.py
Methods/42_Temp_Alone/2_LT_Fits/TheilSen_h7075_method.py
Methods/42_Temp_Alone/2_LT_Fits/butterworth_method.py
Methods/42_Temp_Alone/2_LT_Fits/hinge75meet_method.py
Methods/42_Temp_Alone/2_LT_Fits/quartic_method.py
Methods/42_Temp_Alone/3_ST_Fits/etrend15y_method.py
Methods/42_Temp_Alone/3_ST_Fits/etrend30y_3CS_method.py
Methods/42_Temp_Alone/3_ST_Fits/etrend30y_method.py
Methods/42_Temp_Alone/3_ST_Fits/lowess1dg20wnc_method.py
Methods/42_Temp_Alone/3_ST_Fits/lowess1dt10wnc_method.py
Methods/42_Temp_Alone/3_ST_Fits/lowess1dt20wARMA_method.py
Methods/42_Temp_Alone/3_ST_Fits/lowess1dt20wAR_method.py
Methods/42_Temp_Alone/3_ST_Fits/lowess1dt20wnc_method.py
Methods/42_Temp_Alone/3_ST_Fits/lowess1dt26wnc_method.py
Methods/42_Temp_Alone/3_ST_Fits/lowess1dt30wnc_method.py
Methods/42_Temp_Alone/3_ST_Fits/lowess1dt36wnc_method.py
Methods/42_Temp_Alone/3_ST_Fits/lowess2dt20wnc_method.py
Methods/42_Temp_Alone/3_ST_Fits/lowess2dt30wnc_method.py
Methods/42_Temp_Alone/3_ST_Fits/min_month_proj_method.py
Methods/42_Temp_Alone/3_ST_Fits/opt_clim_norm_method.py
0
11
29
45
55
61
111
117
122
126
134
138
142
145
148
152
159
163
165
167
178
192
210
216
227
233
240
Methods/42_Temp_Alone/4_GAM_AR1/GAM_AR0_method.py
Methods/42_Temp_Alone/4_GAM_AR1/GAM_AR1_method.py
Methods/42_Temp_Alone/4_GAM_AR1/cubic_spline_method.py
Methods/42_Temp_Alone/5_Kalman/Kal_flexLin_method.py
Methods/42_Temp_Alone/5_Kalman/Kal_flexLin_ocn_method.py
Methods/42_Temp_Alone/5_Kalman/Kalman_RW_method.py
Methods/42_Temp_Alone/5_Kalman/Kalman_RW_ocn_method.py
Methods/42_Temp_Alone/6_Remove_IV/lfca_SST_method.py
Methods/42_Temp_Alone/6_Remove_IV/lfca_TAS_method.py
Methods/42_Temp_Alone/6_Remove_IV/removeGreensfx_method.py
56
Minimum MSE: 8.954495764670889e-10
Minimum MSE Index: 5
Methods/42_Temp_Alone/6_Remove_IV/removeMEI_cons_method.py
Methods/42_Temp_Alone/6_Remove_IV/removeMEI_volc_cons_method.py
Methods/42_Temp_Alone/6_Remove_IV/removeMEI_volc_refit_method.py
Methods/43_Forcing_Based/0_Linear/OLS_refit_CO2forc_method.py
Fitted line
0.009719070062147296 -2.6722189069379985
Methods/43_Forcing_Based/0_Linear/cons_hArrh_CO2forc_method.py
Methods/43_Forcing_Based/1_ERF_FaIR/FaIR_all_method.py
Methods/43_Forcing_Based/1_ERF_FaIR/FaIR_all_unB_method.py
Traceback (most recent call last):
  File "/oscar/data/deeps/private/bfoxkemp/jnickla1/Thorne_15_codefigurestats/hist_fitprob.py", line 230, in <module>
    results = run_methods(years, simall,
                          (np.concatenate((temps_CIl_hist,futCIl)), np.concatenate((temps_CIu_hist,futCIu)) ),
                          model_run, experiment_type)
  File "/oscar/data/deeps/private/bfoxkemp/jnickla1/Thorne_15_codefigurestats/hist_fitprob.py", line 64, in run_methods
    result = method_module.run_method(years, avg_temperatures, temp_uncert,model_run, experiment_type)
  File "/oscar/data/deeps/private/bfoxkemp/jnickla1/Thorne_15_codefigurestats/Methods/43_Forcing_Based/1_ERF_FaIR/FaIR_all_unB_method.py", line 81, in run_method
    samp_ret = retro_array[100:,:] - newcorrecton[:, np.newaxis]   #starts in 1750 so crop to 100th index
               ~~~~~~~~~~~~~~~~~~~~^~~~~~~~~~~~~~~~~~~~~~~~~~~~~
ValueError: operands could not be broadcast together with shapes (252,118) (250,1) 
/oscar/data/deeps/private/bfoxkemp/jnickla1/Thorne_15_codefigurestats/Methods/43_Forcing_Based/1_ERF_FaIR/FaIR_all_method.py:53: RuntimeWarning: Mean of empty slice
  samp_mean =  np.nanmean(samp_cur, axis = 1)
/oscar/data/deeps/private/bfoxkemp/jnickla1/Thorne_15_codefigurestats/Methods/43_Forcing_Based/1_ERF_FaIR/FaIR_all_unB_method.py:69: RuntimeWarning: Mean of empty slice
  samp_mean =  np.nanmean(samp_cur, axis = 1)
starting computation for fut_NorESM_RCP45_VolcConst
Model number:
56




Methods/42_Temp_Alone/1_Run_Means/cent10y_method.py
Methods/42_Temp_Alone/1_Run_Means/cent20y_method.py
Methods/42_Temp_Alone/1_Run_Means/cent21y_method.py
Methods/42_Temp_Alone/1_Run_Means/cent30y_method.py
Methods/42_Temp_Alone/1_Run_Means/lag10y_method.py
Methods/42_Temp_Alone/1_Run_Means/lag5y_method.py
Methods/42_Temp_Alone/1_Run_Means/offset11y_method.py
Methods/42_Temp_Alone/1_Run_Means/raw1y_method.py
Methods/42_Temp_Alone/2_LT_Fits/Bayes_seq_CP_method.py
Methods/42_Temp_Alone/2_LT_Fits/OLS_AR5all_method.py
Methods/42_Temp_Alone/2_LT_Fits/OLS_AR5split_method.py
Methods/42_Temp_Alone/2_LT_Fits/OLS_hinge75_method.py
Methods/42_Temp_Alone/2_LT_Fits/OLS_refit_method.py
Methods/42_Temp_Alone/2_LT_Fits/TheilSen_h7075_method.py
Methods/42_Temp_Alone/2_LT_Fits/butterworth_method.py
Methods/42_Temp_Alone/2_LT_Fits/hinge75meet_method.py
Methods/42_Temp_Alone/2_LT_Fits/quartic_method.py
Methods/42_Temp_Alone/3_ST_Fits/etrend15y_method.py
Methods/42_Temp_Alone/3_ST_Fits/etrend30y_3CS_method.py
Methods/42_Temp_Alone/3_ST_Fits/etrend30y_method.py
Methods/42_Temp_Alone/3_ST_Fits/lowess1dg20wnc_method.py
Methods/42_Temp_Alone/3_ST_Fits/lowess1dt10wnc_method.py
Methods/42_Temp_Alone/3_ST_Fits/lowess1dt20wARMA_method.py
Methods/42_Temp_Alone/3_ST_Fits/lowess1dt20wAR_method.py
Methods/42_Temp_Alone/3_ST_Fits/lowess1dt20wnc_method.py
Methods/42_Temp_Alone/3_ST_Fits/lowess1dt26wnc_method.py
Methods/42_Temp_Alone/3_ST_Fits/lowess1dt30wnc_method.py
Methods/42_Temp_Alone/3_ST_Fits/lowess1dt36wnc_method.py
Methods/42_Temp_Alone/3_ST_Fits/lowess2dt20wnc_method.py
Methods/42_Temp_Alone/3_ST_Fits/lowess2dt30wnc_method.py
Methods/42_Temp_Alone/3_ST_Fits/min_month_proj_method.py
Methods/42_Temp_Alone/3_ST_Fits/opt_clim_norm_method.py
0
11
29
45
55
61
111
117
122
126
134
138
142
146
150
156
160
164
168
172
175
178
181
184
187
190
194
197
200
204
208
213
217
221
224
227
230
235
248
Methods/42_Temp_Alone/4_GAM_AR1/GAM_AR0_method.py
Methods/42_Temp_Alone/4_GAM_AR1/GAM_AR1_method.py
Methods/42_Temp_Alone/4_GAM_AR1/cubic_spline_method.py
Methods/42_Temp_Alone/5_Kalman/Kal_flexLin_method.py
Methods/42_Temp_Alone/5_Kalman/Kal_flexLin_ocn_method.py
Methods/42_Temp_Alone/5_Kalman/Kalman_RW_method.py
Methods/42_Temp_Alone/5_Kalman/Kalman_RW_ocn_method.py
Methods/42_Temp_Alone/6_Remove_IV/lfca_SST_method.py
Methods/42_Temp_Alone/6_Remove_IV/lfca_TAS_method.py
Methods/42_Temp_Alone/6_Remove_IV/removeGreensfx_method.py
56
Minimum MSE: 9.898627333892093e-10
Minimum MSE Index: 5
Methods/42_Temp_Alone/6_Remove_IV/removeMEI_cons_method.py
Methods/42_Temp_Alone/6_Remove_IV/removeMEI_volc_cons_method.py
Methods/42_Temp_Alone/6_Remove_IV/removeMEI_volc_refit_method.py
Methods/43_Forcing_Based/0_Linear/OLS_refit_CO2forc_method.py
Fitted line
0.010586320360247958 -2.9405370922748344
Methods/43_Forcing_Based/0_Linear/cons_hArrh_CO2forc_method.py
Methods/43_Forcing_Based/1_ERF_FaIR/FaIR_all_method.py
Methods/43_Forcing_Based/1_ERF_FaIR/FaIR_all_unB_method.py
Traceback (most recent call last):
  File "/oscar/data/deeps/private/bfoxkemp/jnickla1/Thorne_15_codefigurestats/hist_fitprob.py", line 230, in <module>
    results = run_methods(years, simall,
                          (np.concatenate((temps_CIl_hist,futCIl)), np.concatenate((temps_CIu_hist,futCIu)) ),
                          model_run, experiment_type)
  File "/oscar/data/deeps/private/bfoxkemp/jnickla1/Thorne_15_codefigurestats/hist_fitprob.py", line 64, in run_methods
    result = method_module.run_method(years, avg_temperatures, temp_uncert,model_run, experiment_type)
  File "/oscar/data/deeps/private/bfoxkemp/jnickla1/Thorne_15_codefigurestats/Methods/43_Forcing_Based/1_ERF_FaIR/FaIR_all_unB_method.py", line 81, in run_method
    samp_ret = retro_array[100:,:] - newcorrecton[:, np.newaxis]   #starts in 1750 so crop to 100th index
               ~~~~~~~~~~~~~~~~~~~~^~~~~~~~~~~~~~~~~~~~~~~~~~~~~
ValueError: operands could not be broadcast together with shapes (252,262) (250,1) 
All processes completed.
