## SLURM PROLOG ###############################################################
##    Job ID : 14446537
##  Job Name : all_crossing_eval
##  Nodelist : node2350
##      CPUs : 1
##   Mem/CPU : 5120 MB
## Directory : /oscar/data/deeps/private/bfoxkemp/jnickla1/Thorne_15_codefigurestats
##   Job Started : Sun Nov 23 11:54:14 AM EST 2025
###############################################################################
/oscar/data/deeps/private/bfoxkemp/jnickla1/Thorne_15_codefigurestats/fut_evaluation_gen_ensemble.py:20: RuntimeWarning: Mean of empty slice
  return np.nanmean(standards_np,axis=0)
/oscar/data/deeps/private/bfoxkemp/jnickla1/Thorne_15_codefigurestats/fut_evaluation_gen_ensemble.py:20: RuntimeWarning: Mean of empty slice
  return np.nanmean(standards_np,axis=0)
/oscar/data/deeps/private/bfoxkemp/jnickla1/Thorne_15_codefigurestats/Methods/43_Forcing_Based/1_ERF_FaIR/FaIR_all_method.py:53: RuntimeWarning: Mean of empty slice
  samp_mean =  np.nanmean(samp_cur, axis = 1)
/oscar/data/deeps/private/bfoxkemp/jnickla1/Thorne_15_codefigurestats/Methods/43_Forcing_Based/1_ERF_FaIR/FaIR_all_unB_method.py:69: RuntimeWarning: Mean of empty slice
  samp_mean =  np.nanmean(samp_cur, axis = 1)
starting computation for fut_NorESM_RCP45_Volc
Model number:
50




Methods/42_Temp_Alone/1_Run_Means/cent10y_method.py
Methods/42_Temp_Alone/1_Run_Means/cent20y_method.py
Methods/42_Temp_Alone/1_Run_Means/cent21y_method.py
Methods/42_Temp_Alone/1_Run_Means/cent30y_method.py
Methods/42_Temp_Alone/1_Run_Means/lag10y_method.py
Methods/42_Temp_Alone/1_Run_Means/lag5y_method.py
Methods/42_Temp_Alone/1_Run_Means/offset11y_method.py
Methods/42_Temp_Alone/1_Run_Means/raw1y_method.py
Methods/42_Temp_Alone/2_LT_Fits/Bayes_seq_CP_method.py
Methods/42_Temp_Alone/2_LT_Fits/OLS_AR5all_method.py
Methods/42_Temp_Alone/2_LT_Fits/OLS_AR5split_method.py
Methods/42_Temp_Alone/2_LT_Fits/OLS_hinge75_method.py
Methods/42_Temp_Alone/2_LT_Fits/OLS_refit_method.py
Methods/42_Temp_Alone/2_LT_Fits/TheilSen_h7075_method.py
Methods/42_Temp_Alone/2_LT_Fits/butterworth_method.py
Methods/42_Temp_Alone/2_LT_Fits/hinge75meet_method.py
Methods/42_Temp_Alone/2_LT_Fits/quartic_method.py
Methods/42_Temp_Alone/3_ST_Fits/etrend15y_method.py
Methods/42_Temp_Alone/3_ST_Fits/etrend30y_3CS_method.py
Methods/42_Temp_Alone/3_ST_Fits/etrend30y_method.py
Methods/42_Temp_Alone/3_ST_Fits/lowess1dg20wnc_method.py
Methods/42_Temp_Alone/3_ST_Fits/lowess1dt10wnc_method.py
Methods/42_Temp_Alone/3_ST_Fits/lowess1dt20wARMA_method.py
Methods/42_Temp_Alone/3_ST_Fits/lowess1dt20wAR_method.py
Methods/42_Temp_Alone/3_ST_Fits/lowess1dt20wnc_method.py
Methods/42_Temp_Alone/3_ST_Fits/lowess1dt26wnc_method.py
Methods/42_Temp_Alone/3_ST_Fits/lowess1dt30wnc_method.py
Methods/42_Temp_Alone/3_ST_Fits/lowess1dt36wnc_method.py
Methods/42_Temp_Alone/3_ST_Fits/lowess2dt20wnc_method.py
Methods/42_Temp_Alone/3_ST_Fits/lowess2dt30wnc_method.py
Methods/42_Temp_Alone/3_ST_Fits/min_month_proj_method.py
Methods/42_Temp_Alone/3_ST_Fits/opt_clim_norm_method.py
0
17
27
53
59
67
87
100
100
117
133
137
141
144
147
150
155
162
165
167
170
173
176
182
192
196
200
204
208
211
214
217
221
Methods/42_Temp_Alone/4_GAM_AR1/GAM_AR0_method.py
Methods/42_Temp_Alone/4_GAM_AR1/GAM_AR1_method.py
Methods/42_Temp_Alone/4_GAM_AR1/cubic_spline_method.py
Methods/42_Temp_Alone/5_Kalman/Kal_flexLin_method.py
Methods/42_Temp_Alone/5_Kalman/Kal_flexLin_ocn_method.py
Methods/42_Temp_Alone/5_Kalman/Kalman_RW_method.py
Methods/42_Temp_Alone/5_Kalman/Kalman_RW_ocn_method.py
Methods/42_Temp_Alone/6_Remove_IV/lfca_SST_method.py
Methods/42_Temp_Alone/6_Remove_IV/lfca_TAS_method.py
Methods/42_Temp_Alone/6_Remove_IV/removeGreensfx_method.py
50
Minimum MSE: 5.30077793233404e-10
Minimum MSE Index: 55
Methods/42_Temp_Alone/6_Remove_IV/removeMEI_cons_method.py
Methods/42_Temp_Alone/6_Remove_IV/removeMEI_volc_cons_method.py
Methods/42_Temp_Alone/6_Remove_IV/removeMEI_volc_refit_method.py
Methods/43_Forcing_Based/0_Linear/OLS_refit_CO2forc_method.py
Fitted line
0.010536835264160277 -2.9359198937581064
Methods/43_Forcing_Based/0_Linear/cons_hArrh_CO2forc_method.py
Methods/43_Forcing_Based/1_ERF_FaIR/FaIR_all_method.py
Methods/43_Forcing_Based/1_ERF_FaIR/FaIR_all_unB_method.py
Traceback (most recent call last):
  File "/oscar/data/deeps/private/bfoxkemp/jnickla1/Thorne_15_codefigurestats/hist_fitprob.py", line 230, in <module>
    results = run_methods(years, simall,
                          (np.concatenate((temps_CIl_hist,futCIl)), np.concatenate((temps_CIu_hist,futCIu)) ),
                          model_run, experiment_type)
  File "/oscar/data/deeps/private/bfoxkemp/jnickla1/Thorne_15_codefigurestats/hist_fitprob.py", line 64, in run_methods
    result = method_module.run_method(years, avg_temperatures, temp_uncert,model_run, experiment_type)
  File "/oscar/data/deeps/private/bfoxkemp/jnickla1/Thorne_15_codefigurestats/Methods/43_Forcing_Based/1_ERF_FaIR/FaIR_all_unB_method.py", line 81, in run_method
    samp_ret = retro_array[100:,:] - newcorrecton[:, np.newaxis]   #starts in 1750 so crop to 100th index
               ~~~~~~~~~~~~~~~~~~~~^~~~~~~~~~~~~~~~~~~~~~~~~~~~~
ValueError: operands could not be broadcast together with shapes (252,196) (250,1) 
/oscar/data/deeps/private/bfoxkemp/jnickla1/Thorne_15_codefigurestats/Methods/43_Forcing_Based/1_ERF_FaIR/FaIR_all_method.py:53: RuntimeWarning: Mean of empty slice
  samp_mean =  np.nanmean(samp_cur, axis = 1)
/oscar/data/deeps/private/bfoxkemp/jnickla1/Thorne_15_codefigurestats/Methods/43_Forcing_Based/1_ERF_FaIR/FaIR_all_unB_method.py:69: RuntimeWarning: Mean of empty slice
  samp_mean =  np.nanmean(samp_cur, axis = 1)
starting computation for fut_NorESM_RCP45_VolcConst
Model number:
50




Methods/42_Temp_Alone/1_Run_Means/cent10y_method.py
Methods/42_Temp_Alone/1_Run_Means/cent20y_method.py
Methods/42_Temp_Alone/1_Run_Means/cent21y_method.py
Methods/42_Temp_Alone/1_Run_Means/cent30y_method.py
Methods/42_Temp_Alone/1_Run_Means/lag10y_method.py
Methods/42_Temp_Alone/1_Run_Means/lag5y_method.py
Methods/42_Temp_Alone/1_Run_Means/offset11y_method.py
Methods/42_Temp_Alone/1_Run_Means/raw1y_method.py
Methods/42_Temp_Alone/2_LT_Fits/Bayes_seq_CP_method.py
Methods/42_Temp_Alone/2_LT_Fits/OLS_AR5all_method.py
Methods/42_Temp_Alone/2_LT_Fits/OLS_AR5split_method.py
Methods/42_Temp_Alone/2_LT_Fits/OLS_hinge75_method.py
Methods/42_Temp_Alone/2_LT_Fits/OLS_refit_method.py
Methods/42_Temp_Alone/2_LT_Fits/TheilSen_h7075_method.py
Methods/42_Temp_Alone/2_LT_Fits/butterworth_method.py
Methods/42_Temp_Alone/2_LT_Fits/hinge75meet_method.py
Methods/42_Temp_Alone/2_LT_Fits/quartic_method.py
Methods/42_Temp_Alone/3_ST_Fits/etrend15y_method.py
Methods/42_Temp_Alone/3_ST_Fits/etrend30y_3CS_method.py
Methods/42_Temp_Alone/3_ST_Fits/etrend30y_method.py
Methods/42_Temp_Alone/3_ST_Fits/lowess1dg20wnc_method.py
Methods/42_Temp_Alone/3_ST_Fits/lowess1dt10wnc_method.py
Methods/42_Temp_Alone/3_ST_Fits/lowess1dt20wARMA_method.py
Methods/42_Temp_Alone/3_ST_Fits/lowess1dt20wAR_method.py
Methods/42_Temp_Alone/3_ST_Fits/lowess1dt20wnc_method.py
Methods/42_Temp_Alone/3_ST_Fits/lowess1dt26wnc_method.py
Methods/42_Temp_Alone/3_ST_Fits/lowess1dt30wnc_method.py
Methods/42_Temp_Alone/3_ST_Fits/lowess1dt36wnc_method.py
Methods/42_Temp_Alone/3_ST_Fits/lowess2dt20wnc_method.py
Methods/42_Temp_Alone/3_ST_Fits/lowess2dt30wnc_method.py
Methods/42_Temp_Alone/3_ST_Fits/min_month_proj_method.py
Methods/42_Temp_Alone/3_ST_Fits/opt_clim_norm_method.py
0
17
27
53
59
67
87
100
100
117
133
137
141
144
147
150
153
156
159
163
167
172
176
181
186
188
190
192
194
197
201
206
212
216
220
223
227
235
Methods/42_Temp_Alone/4_GAM_AR1/GAM_AR0_method.py
Methods/42_Temp_Alone/4_GAM_AR1/GAM_AR1_method.py
Methods/42_Temp_Alone/4_GAM_AR1/cubic_spline_method.py
Methods/42_Temp_Alone/5_Kalman/Kal_flexLin_method.py
Methods/42_Temp_Alone/5_Kalman/Kal_flexLin_ocn_method.py
Methods/42_Temp_Alone/5_Kalman/Kalman_RW_method.py
Methods/42_Temp_Alone/5_Kalman/Kalman_RW_ocn_method.py
Methods/42_Temp_Alone/6_Remove_IV/lfca_SST_method.py
Methods/42_Temp_Alone/6_Remove_IV/lfca_TAS_method.py
Methods/42_Temp_Alone/6_Remove_IV/removeGreensfx_method.py
50
Minimum MSE: 4.883320234294608e-10
Minimum MSE Index: 55
Methods/42_Temp_Alone/6_Remove_IV/removeMEI_cons_method.py
Methods/42_Temp_Alone/6_Remove_IV/removeMEI_volc_cons_method.py
Methods/42_Temp_Alone/6_Remove_IV/removeMEI_volc_refit_method.py
Methods/43_Forcing_Based/0_Linear/OLS_refit_CO2forc_method.py
Fitted line
0.01049643155406209 -2.926117744979228
Methods/43_Forcing_Based/0_Linear/cons_hArrh_CO2forc_method.py
Methods/43_Forcing_Based/1_ERF_FaIR/FaIR_all_method.py
Methods/43_Forcing_Based/1_ERF_FaIR/FaIR_all_unB_method.py
Traceback (most recent call last):
  File "/oscar/data/deeps/private/bfoxkemp/jnickla1/Thorne_15_codefigurestats/hist_fitprob.py", line 230, in <module>
    results = run_methods(years, simall,
                          (np.concatenate((temps_CIl_hist,futCIl)), np.concatenate((temps_CIu_hist,futCIu)) ),
                          model_run, experiment_type)
  File "/oscar/data/deeps/private/bfoxkemp/jnickla1/Thorne_15_codefigurestats/hist_fitprob.py", line 64, in run_methods
    result = method_module.run_method(years, avg_temperatures, temp_uncert,model_run, experiment_type)
  File "/oscar/data/deeps/private/bfoxkemp/jnickla1/Thorne_15_codefigurestats/Methods/43_Forcing_Based/1_ERF_FaIR/FaIR_all_unB_method.py", line 81, in run_method
    samp_ret = retro_array[100:,:] - newcorrecton[:, np.newaxis]   #starts in 1750 so crop to 100th index
               ~~~~~~~~~~~~~~~~~~~~^~~~~~~~~~~~~~~~~~~~~~~~~~~~~
ValueError: operands could not be broadcast together with shapes (252,242) (250,1) 
All processes completed.
