## SLURM PROLOG ###############################################################
##    Job ID : 14446533
##  Job Name : all_crossing_eval
##  Nodelist : node2349
##      CPUs : 1
##   Mem/CPU : 5120 MB
## Directory : /oscar/data/deeps/private/bfoxkemp/jnickla1/Thorne_15_codefigurestats
##   Job Started : Sun Nov 23 11:54:14 AM EST 2025
###############################################################################
/oscar/data/deeps/private/bfoxkemp/jnickla1/Thorne_15_codefigurestats/fut_evaluation_gen_ensemble.py:20: RuntimeWarning: Mean of empty slice
  return np.nanmean(standards_np,axis=0)
/oscar/data/deeps/private/bfoxkemp/jnickla1/Thorne_15_codefigurestats/fut_evaluation_gen_ensemble.py:20: RuntimeWarning: Mean of empty slice
  return np.nanmean(standards_np,axis=0)
/oscar/data/deeps/private/bfoxkemp/jnickla1/Thorne_15_codefigurestats/fut_evaluation_gen_ensemble.py:20: RuntimeWarning: Mean of empty slice
  return np.nanmean(standards_np,axis=0)
/oscar/data/deeps/private/bfoxkemp/jnickla1/Thorne_15_codefigurestats/fut_evaluation_gen_ensemble.py:20: RuntimeWarning: Mean of empty slice
  return np.nanmean(standards_np,axis=0)
/oscar/data/deeps/private/bfoxkemp/jnickla1/Thorne_15_codefigurestats/fut_evaluation_gen_ensemble.py:20: RuntimeWarning: Mean of empty slice
  return np.nanmean(standards_np,axis=0)
/oscar/data/deeps/private/bfoxkemp/jnickla1/Thorne_15_codefigurestats/Methods/43_Forcing_Based/1_ERF_FaIR/FaIR_all_method.py:53: RuntimeWarning: Mean of empty slice
  samp_mean =  np.nanmean(samp_cur, axis = 1)
/oscar/data/deeps/private/bfoxkemp/jnickla1/Thorne_15_codefigurestats/Methods/43_Forcing_Based/1_ERF_FaIR/FaIR_all_unB_method.py:69: RuntimeWarning: Mean of empty slice
  samp_mean =  np.nanmean(samp_cur, axis = 1)
starting computation for fut_ESM1-2-LR_SSP370_constVolc
Model number:
42




Methods/42_Temp_Alone/1_Run_Means/cent10y_method.py
Methods/42_Temp_Alone/1_Run_Means/cent20y_method.py
Methods/42_Temp_Alone/1_Run_Means/cent21y_method.py
Methods/42_Temp_Alone/1_Run_Means/cent30y_method.py
Methods/42_Temp_Alone/1_Run_Means/lag10y_method.py
Methods/42_Temp_Alone/1_Run_Means/lag5y_method.py
Methods/42_Temp_Alone/1_Run_Means/offset11y_method.py
Methods/42_Temp_Alone/1_Run_Means/raw1y_method.py
Methods/42_Temp_Alone/2_LT_Fits/Bayes_seq_CP_method.py
Methods/42_Temp_Alone/2_LT_Fits/OLS_AR5all_method.py
Methods/42_Temp_Alone/2_LT_Fits/OLS_AR5split_method.py
Methods/42_Temp_Alone/2_LT_Fits/OLS_hinge75_method.py
Methods/42_Temp_Alone/2_LT_Fits/OLS_refit_method.py
Methods/42_Temp_Alone/2_LT_Fits/TheilSen_h7075_method.py
Methods/42_Temp_Alone/2_LT_Fits/butterworth_method.py
Methods/42_Temp_Alone/2_LT_Fits/hinge75meet_method.py
Methods/42_Temp_Alone/2_LT_Fits/quartic_method.py
Methods/42_Temp_Alone/3_ST_Fits/etrend15y_method.py
Methods/42_Temp_Alone/3_ST_Fits/etrend30y_3CS_method.py
Methods/42_Temp_Alone/3_ST_Fits/etrend30y_method.py
Methods/42_Temp_Alone/3_ST_Fits/lowess1dg20wnc_method.py
Methods/42_Temp_Alone/3_ST_Fits/lowess1dt10wnc_method.py
Methods/42_Temp_Alone/3_ST_Fits/lowess1dt20wARMA_method.py
Methods/42_Temp_Alone/3_ST_Fits/lowess1dt20wAR_method.py
Methods/42_Temp_Alone/3_ST_Fits/lowess1dt20wnc_method.py
Methods/42_Temp_Alone/3_ST_Fits/lowess1dt26wnc_method.py
Methods/42_Temp_Alone/3_ST_Fits/lowess1dt30wnc_method.py
Methods/42_Temp_Alone/3_ST_Fits/lowess1dt36wnc_method.py
Methods/42_Temp_Alone/3_ST_Fits/lowess2dt20wnc_method.py
Methods/42_Temp_Alone/3_ST_Fits/lowess2dt30wnc_method.py
Methods/42_Temp_Alone/3_ST_Fits/min_month_proj_method.py
Methods/42_Temp_Alone/3_ST_Fits/opt_clim_norm_method.py
0
18
26
26
54
62
71
83
96
105
128
133
138
142
148
156
160
164
169
173
178
181
184
188
192
196
199
202
205
208
212
215
218
220
222
225
228
231
234
237
240
243
247
Methods/42_Temp_Alone/4_GAM_AR1/GAM_AR0_method.py
Methods/42_Temp_Alone/4_GAM_AR1/GAM_AR1_method.py
Methods/42_Temp_Alone/4_GAM_AR1/cubic_spline_method.py
Methods/42_Temp_Alone/5_Kalman/Kal_flexLin_method.py
Methods/42_Temp_Alone/5_Kalman/Kal_flexLin_ocn_method.py
Methods/42_Temp_Alone/5_Kalman/Kalman_RW_method.py
Methods/42_Temp_Alone/5_Kalman/Kalman_RW_ocn_method.py
Methods/42_Temp_Alone/6_Remove_IV/lfca_SST_method.py
Methods/42_Temp_Alone/6_Remove_IV/lfca_TAS_method.py
Methods/42_Temp_Alone/6_Remove_IV/removeGreensfx_method.py
Minimum MSE: 6.555638520922002e-08
Minimum MSE Index: 48
Methods/42_Temp_Alone/6_Remove_IV/removeMEI_cons_method.py
Methods/42_Temp_Alone/6_Remove_IV/removeMEI_volc_cons_method.py
Methods/42_Temp_Alone/6_Remove_IV/removeMEI_volc_refit_method.py
Methods/43_Forcing_Based/0_Linear/OLS_refit_CO2forc_method.py
Fitted line
0.007135404761704029 -1.9670903583938388
Methods/43_Forcing_Based/0_Linear/cons_hArrh_CO2forc_method.py
Methods/43_Forcing_Based/1_ERF_FaIR/FaIR_all_method.py
Methods/43_Forcing_Based/1_ERF_FaIR/FaIR_all_unB_method.py
Traceback (most recent call last):
  File "/oscar/data/deeps/private/bfoxkemp/jnickla1/Thorne_15_codefigurestats/hist_fitprob.py", line 230, in <module>
    results = run_methods(years, simall,
                          (np.concatenate((temps_CIl_hist,futCIl)), np.concatenate((temps_CIu_hist,futCIu)) ),
                          model_run, experiment_type)
  File "/oscar/data/deeps/private/bfoxkemp/jnickla1/Thorne_15_codefigurestats/hist_fitprob.py", line 64, in run_methods
    result = method_module.run_method(years, avg_temperatures, temp_uncert,model_run, experiment_type)
  File "/oscar/data/deeps/private/bfoxkemp/jnickla1/Thorne_15_codefigurestats/Methods/43_Forcing_Based/1_ERF_FaIR/FaIR_all_unB_method.py", line 81, in run_method
    samp_ret = retro_array[100:,:] - newcorrecton[:, np.newaxis]   #starts in 1750 so crop to 100th index
               ~~~~~~~~~~~~~~~~~~~~^~~~~~~~~~~~~~~~~~~~~~~~~~~~~
ValueError: operands could not be broadcast together with shapes (252,389) (251,1) 
/oscar/data/deeps/private/bfoxkemp/jnickla1/Thorne_15_codefigurestats/Methods/43_Forcing_Based/1_ERF_FaIR/FaIR_all_method.py:53: RuntimeWarning: Mean of empty slice
  samp_mean =  np.nanmean(samp_cur, axis = 1)
/oscar/data/deeps/private/bfoxkemp/jnickla1/Thorne_15_codefigurestats/Methods/43_Forcing_Based/1_ERF_FaIR/FaIR_all_unB_method.py:69: RuntimeWarning: Mean of empty slice
  samp_mean =  np.nanmean(samp_cur, axis = 1)
starting computation for fut_ESM1-2-LR_SSP245_constVolc
Model number:
42




Methods/42_Temp_Alone/1_Run_Means/cent10y_method.py
Methods/42_Temp_Alone/1_Run_Means/cent20y_method.py
Methods/42_Temp_Alone/1_Run_Means/cent21y_method.py
Methods/42_Temp_Alone/1_Run_Means/cent30y_method.py
Methods/42_Temp_Alone/1_Run_Means/lag10y_method.py
Methods/42_Temp_Alone/1_Run_Means/lag5y_method.py
Methods/42_Temp_Alone/1_Run_Means/offset11y_method.py
Methods/42_Temp_Alone/1_Run_Means/raw1y_method.py
Methods/42_Temp_Alone/2_LT_Fits/Bayes_seq_CP_method.py
Methods/42_Temp_Alone/2_LT_Fits/OLS_AR5all_method.py
Methods/42_Temp_Alone/2_LT_Fits/OLS_AR5split_method.py
Methods/42_Temp_Alone/2_LT_Fits/OLS_hinge75_method.py
Methods/42_Temp_Alone/2_LT_Fits/OLS_refit_method.py
Methods/42_Temp_Alone/2_LT_Fits/TheilSen_h7075_method.py
Methods/42_Temp_Alone/2_LT_Fits/butterworth_method.py
Methods/42_Temp_Alone/2_LT_Fits/hinge75meet_method.py
Methods/42_Temp_Alone/2_LT_Fits/quartic_method.py
Methods/42_Temp_Alone/3_ST_Fits/etrend15y_method.py
Methods/42_Temp_Alone/3_ST_Fits/etrend30y_3CS_method.py
Methods/42_Temp_Alone/3_ST_Fits/etrend30y_method.py
Methods/42_Temp_Alone/3_ST_Fits/lowess1dg20wnc_method.py
Methods/42_Temp_Alone/3_ST_Fits/lowess1dt10wnc_method.py
Methods/42_Temp_Alone/3_ST_Fits/lowess1dt20wARMA_method.py
Methods/42_Temp_Alone/3_ST_Fits/lowess1dt20wAR_method.py
Methods/42_Temp_Alone/3_ST_Fits/lowess1dt20wnc_method.py
Methods/42_Temp_Alone/3_ST_Fits/lowess1dt26wnc_method.py
Methods/42_Temp_Alone/3_ST_Fits/lowess1dt30wnc_method.py
Methods/42_Temp_Alone/3_ST_Fits/lowess1dt36wnc_method.py
Methods/42_Temp_Alone/3_ST_Fits/lowess2dt20wnc_method.py
Methods/42_Temp_Alone/3_ST_Fits/lowess2dt30wnc_method.py
Methods/42_Temp_Alone/3_ST_Fits/min_month_proj_method.py
Methods/42_Temp_Alone/3_ST_Fits/opt_clim_norm_method.py
0
18
26
26
54
62
71
83
96
105
128
133
138
142
148
156
160
165
169
172
175
181
189
192
195
198
201
206
209
213
218
227
235
239
242
245
Methods/42_Temp_Alone/4_GAM_AR1/GAM_AR0_method.py
Methods/42_Temp_Alone/4_GAM_AR1/GAM_AR1_method.py
Methods/42_Temp_Alone/4_GAM_AR1/cubic_spline_method.py
Methods/42_Temp_Alone/5_Kalman/Kal_flexLin_method.py
Methods/42_Temp_Alone/5_Kalman/Kal_flexLin_ocn_method.py
Methods/42_Temp_Alone/5_Kalman/Kalman_RW_method.py
Methods/42_Temp_Alone/5_Kalman/Kalman_RW_ocn_method.py
Methods/42_Temp_Alone/6_Remove_IV/lfca_SST_method.py
Methods/42_Temp_Alone/6_Remove_IV/lfca_TAS_method.py
Methods/42_Temp_Alone/6_Remove_IV/removeGreensfx_method.py
Minimum MSE: 4.3510286928949427e-08
Minimum MSE Index: 48
Methods/42_Temp_Alone/6_Remove_IV/removeMEI_cons_method.py
Methods/42_Temp_Alone/6_Remove_IV/removeMEI_volc_cons_method.py
Methods/42_Temp_Alone/6_Remove_IV/removeMEI_volc_refit_method.py
Methods/43_Forcing_Based/0_Linear/OLS_refit_CO2forc_method.py
Fitted line
0.008042291504417608 -2.2756923588039752
Methods/43_Forcing_Based/0_Linear/cons_hArrh_CO2forc_method.py
Methods/43_Forcing_Based/1_ERF_FaIR/FaIR_all_method.py
Methods/43_Forcing_Based/1_ERF_FaIR/FaIR_all_unB_method.py
Traceback (most recent call last):
  File "/oscar/data/deeps/private/bfoxkemp/jnickla1/Thorne_15_codefigurestats/hist_fitprob.py", line 230, in <module>
    results = run_methods(years, simall,
                          (np.concatenate((temps_CIl_hist,futCIl)), np.concatenate((temps_CIu_hist,futCIu)) ),
                          model_run, experiment_type)
  File "/oscar/data/deeps/private/bfoxkemp/jnickla1/Thorne_15_codefigurestats/hist_fitprob.py", line 64, in run_methods
    result = method_module.run_method(years, avg_temperatures, temp_uncert,model_run, experiment_type)
  File "/oscar/data/deeps/private/bfoxkemp/jnickla1/Thorne_15_codefigurestats/Methods/43_Forcing_Based/1_ERF_FaIR/FaIR_all_unB_method.py", line 81, in run_method
    samp_ret = retro_array[100:,:] - newcorrecton[:, np.newaxis]   #starts in 1750 so crop to 100th index
               ~~~~~~~~~~~~~~~~~~~~^~~~~~~~~~~~~~~~~~~~~~~~~~~~~
ValueError: operands could not be broadcast together with shapes (252,237) (251,1) 
/oscar/data/deeps/private/bfoxkemp/jnickla1/Thorne_15_codefigurestats/Methods/43_Forcing_Based/1_ERF_FaIR/FaIR_all_method.py:53: RuntimeWarning: Mean of empty slice
  samp_mean =  np.nanmean(samp_cur, axis = 1)
/oscar/data/deeps/private/bfoxkemp/jnickla1/Thorne_15_codefigurestats/Methods/43_Forcing_Based/1_ERF_FaIR/FaIR_all_unB_method.py:69: RuntimeWarning: Mean of empty slice
  samp_mean =  np.nanmean(samp_cur, axis = 1)
starting computation for fut_ESM1-2-LR_SSP126_constVolc
Model number:
42




Methods/42_Temp_Alone/1_Run_Means/cent10y_method.py
Methods/42_Temp_Alone/1_Run_Means/cent20y_method.py
Methods/42_Temp_Alone/1_Run_Means/cent21y_method.py
Methods/42_Temp_Alone/1_Run_Means/cent30y_method.py
Methods/42_Temp_Alone/1_Run_Means/lag10y_method.py
Methods/42_Temp_Alone/1_Run_Means/lag5y_method.py
Methods/42_Temp_Alone/1_Run_Means/offset11y_method.py
Methods/42_Temp_Alone/1_Run_Means/raw1y_method.py
Methods/42_Temp_Alone/2_LT_Fits/Bayes_seq_CP_method.py
Methods/42_Temp_Alone/2_LT_Fits/OLS_AR5all_method.py
Methods/42_Temp_Alone/2_LT_Fits/OLS_AR5split_method.py
Methods/42_Temp_Alone/2_LT_Fits/OLS_hinge75_method.py
Methods/42_Temp_Alone/2_LT_Fits/OLS_refit_method.py
Methods/42_Temp_Alone/2_LT_Fits/TheilSen_h7075_method.py
Methods/42_Temp_Alone/2_LT_Fits/butterworth_method.py
Methods/42_Temp_Alone/2_LT_Fits/hinge75meet_method.py
Methods/42_Temp_Alone/2_LT_Fits/quartic_method.py
Methods/42_Temp_Alone/3_ST_Fits/etrend15y_method.py
Methods/42_Temp_Alone/3_ST_Fits/etrend30y_3CS_method.py
Methods/42_Temp_Alone/3_ST_Fits/etrend30y_method.py
Methods/42_Temp_Alone/3_ST_Fits/lowess1dg20wnc_method.py
Methods/42_Temp_Alone/3_ST_Fits/lowess1dt10wnc_method.py
Methods/42_Temp_Alone/3_ST_Fits/lowess1dt20wARMA_method.py
Methods/42_Temp_Alone/3_ST_Fits/lowess1dt20wAR_method.py
Methods/42_Temp_Alone/3_ST_Fits/lowess1dt20wnc_method.py
Methods/42_Temp_Alone/3_ST_Fits/lowess1dt26wnc_method.py
Methods/42_Temp_Alone/3_ST_Fits/lowess1dt30wnc_method.py
Methods/42_Temp_Alone/3_ST_Fits/lowess1dt36wnc_method.py
Methods/42_Temp_Alone/3_ST_Fits/lowess2dt20wnc_method.py
Methods/42_Temp_Alone/3_ST_Fits/lowess2dt30wnc_method.py
Methods/42_Temp_Alone/3_ST_Fits/min_month_proj_method.py
Methods/42_Temp_Alone/3_ST_Fits/opt_clim_norm_method.py
0
18
26
26
54
62
71
83
96
105
128
133
138
142
148
156
160
164
172
182
187
193
210
237
Methods/42_Temp_Alone/4_GAM_AR1/GAM_AR0_method.py
Methods/42_Temp_Alone/4_GAM_AR1/GAM_AR1_method.py
Methods/42_Temp_Alone/4_GAM_AR1/cubic_spline_method.py
Methods/42_Temp_Alone/5_Kalman/Kal_flexLin_method.py
Methods/42_Temp_Alone/5_Kalman/Kal_flexLin_ocn_method.py
Methods/42_Temp_Alone/5_Kalman/Kalman_RW_method.py
Methods/42_Temp_Alone/5_Kalman/Kalman_RW_ocn_method.py
Methods/42_Temp_Alone/6_Remove_IV/lfca_SST_method.py
Methods/42_Temp_Alone/6_Remove_IV/lfca_TAS_method.py
Methods/42_Temp_Alone/6_Remove_IV/removeGreensfx_method.py
Minimum MSE: 3.0938622330722865e-08
Minimum MSE Index: 48
Methods/42_Temp_Alone/6_Remove_IV/removeMEI_cons_method.py
Methods/42_Temp_Alone/6_Remove_IV/removeMEI_volc_cons_method.py
Methods/42_Temp_Alone/6_Remove_IV/removeMEI_volc_refit_method.py
Methods/43_Forcing_Based/0_Linear/OLS_refit_CO2forc_method.py
Fitted line
0.009093029774702572 -2.6126433661116075
Methods/43_Forcing_Based/0_Linear/cons_hArrh_CO2forc_method.py
Methods/43_Forcing_Based/1_ERF_FaIR/FaIR_all_method.py
Methods/43_Forcing_Based/1_ERF_FaIR/FaIR_all_unB_method.py
Traceback (most recent call last):
  File "/oscar/data/deeps/private/bfoxkemp/jnickla1/Thorne_15_codefigurestats/hist_fitprob.py", line 230, in <module>
    results = run_methods(years, simall,
                          (np.concatenate((temps_CIl_hist,futCIl)), np.concatenate((temps_CIu_hist,futCIu)) ),
                          model_run, experiment_type)
  File "/oscar/data/deeps/private/bfoxkemp/jnickla1/Thorne_15_codefigurestats/hist_fitprob.py", line 64, in run_methods
    result = method_module.run_method(years, avg_temperatures, temp_uncert,model_run, experiment_type)
  File "/oscar/data/deeps/private/bfoxkemp/jnickla1/Thorne_15_codefigurestats/Methods/43_Forcing_Based/1_ERF_FaIR/FaIR_all_unB_method.py", line 81, in run_method
    samp_ret = retro_array[100:,:] - newcorrecton[:, np.newaxis]   #starts in 1750 so crop to 100th index
               ~~~~~~~~~~~~~~~~~~~~^~~~~~~~~~~~~~~~~~~~~~~~~~~~~
ValueError: operands could not be broadcast together with shapes (252,579) (251,1) 
/oscar/data/deeps/private/bfoxkemp/jnickla1/Thorne_15_codefigurestats/Methods/42_Temp_Alone/3_ST_Fits/opt_clim_norm_method.py:49: RuntimeWarning: divide by zero encountered in scalar divide
  sigma = np.sqrt(np.sum((model - temps[sp:ep]) ** 2) / (len(model) - 2))  # regression std error
/oscar/data/deeps/private/bfoxkemp/jnickla1/Thorne_15_codefigurestats/Methods/43_Forcing_Based/1_ERF_FaIR/FaIR_all_method.py:53: RuntimeWarning: Mean of empty slice
  samp_mean =  np.nanmean(samp_cur, axis = 1)
/oscar/data/deeps/private/bfoxkemp/jnickla1/Thorne_15_codefigurestats/Methods/43_Forcing_Based/1_ERF_FaIR/FaIR_all_unB_method.py:69: RuntimeWarning: Mean of empty slice
  samp_mean =  np.nanmean(samp_cur, axis = 1)
starting computation for fut_NorESM_RCP45_VolcConst
Model number:
42




Methods/42_Temp_Alone/1_Run_Means/cent10y_method.py
Methods/42_Temp_Alone/1_Run_Means/cent20y_method.py
Methods/42_Temp_Alone/1_Run_Means/cent21y_method.py
Methods/42_Temp_Alone/1_Run_Means/cent30y_method.py
Methods/42_Temp_Alone/1_Run_Means/lag10y_method.py
Methods/42_Temp_Alone/1_Run_Means/lag5y_method.py
Methods/42_Temp_Alone/1_Run_Means/offset11y_method.py
Methods/42_Temp_Alone/1_Run_Means/raw1y_method.py
Methods/42_Temp_Alone/2_LT_Fits/Bayes_seq_CP_method.py
Methods/42_Temp_Alone/2_LT_Fits/OLS_AR5all_method.py
Methods/42_Temp_Alone/2_LT_Fits/OLS_AR5split_method.py
Methods/42_Temp_Alone/2_LT_Fits/OLS_hinge75_method.py
Methods/42_Temp_Alone/2_LT_Fits/OLS_refit_method.py
Methods/42_Temp_Alone/2_LT_Fits/TheilSen_h7075_method.py
Methods/42_Temp_Alone/2_LT_Fits/butterworth_method.py
Methods/42_Temp_Alone/2_LT_Fits/hinge75meet_method.py
Methods/42_Temp_Alone/2_LT_Fits/quartic_method.py
Methods/42_Temp_Alone/3_ST_Fits/etrend15y_method.py
Methods/42_Temp_Alone/3_ST_Fits/etrend30y_3CS_method.py
Methods/42_Temp_Alone/3_ST_Fits/etrend30y_method.py
Methods/42_Temp_Alone/3_ST_Fits/lowess1dg20wnc_method.py
Methods/42_Temp_Alone/3_ST_Fits/lowess1dt10wnc_method.py
Methods/42_Temp_Alone/3_ST_Fits/lowess1dt20wARMA_method.py
Methods/42_Temp_Alone/3_ST_Fits/lowess1dt20wAR_method.py
Methods/42_Temp_Alone/3_ST_Fits/lowess1dt20wnc_method.py
Methods/42_Temp_Alone/3_ST_Fits/lowess1dt26wnc_method.py
Methods/42_Temp_Alone/3_ST_Fits/lowess1dt30wnc_method.py
Methods/42_Temp_Alone/3_ST_Fits/lowess1dt36wnc_method.py
Methods/42_Temp_Alone/3_ST_Fits/lowess2dt20wnc_method.py
Methods/42_Temp_Alone/3_ST_Fits/lowess2dt30wnc_method.py
Methods/42_Temp_Alone/3_ST_Fits/min_month_proj_method.py
Methods/42_Temp_Alone/3_ST_Fits/opt_clim_norm_method.py
0
17
27
53
59
67
87
100
100
118
132
135
140
144
148
153
158
161
164
167
171
177
180
183
186
189
192
195
198
204
212
215
219
224
232
Methods/42_Temp_Alone/4_GAM_AR1/GAM_AR0_method.py
Methods/42_Temp_Alone/4_GAM_AR1/GAM_AR1_method.py
Methods/42_Temp_Alone/4_GAM_AR1/cubic_spline_method.py
Methods/42_Temp_Alone/5_Kalman/Kal_flexLin_method.py
Methods/42_Temp_Alone/5_Kalman/Kal_flexLin_ocn_method.py
Methods/42_Temp_Alone/5_Kalman/Kalman_RW_method.py
Methods/42_Temp_Alone/5_Kalman/Kalman_RW_ocn_method.py
Methods/42_Temp_Alone/6_Remove_IV/lfca_SST_method.py
Methods/42_Temp_Alone/6_Remove_IV/lfca_TAS_method.py
Methods/42_Temp_Alone/6_Remove_IV/removeGreensfx_method.py
42
Minimum MSE: 5.254401339952845e-10
Minimum MSE Index: 48
Methods/42_Temp_Alone/6_Remove_IV/removeMEI_cons_method.py
Methods/42_Temp_Alone/6_Remove_IV/removeMEI_volc_cons_method.py
Methods/42_Temp_Alone/6_Remove_IV/removeMEI_volc_refit_method.py
Methods/43_Forcing_Based/0_Linear/OLS_refit_CO2forc_method.py
Fitted line
0.010639746455674656 -2.9682133478559707
Methods/43_Forcing_Based/0_Linear/cons_hArrh_CO2forc_method.py
Methods/43_Forcing_Based/1_ERF_FaIR/FaIR_all_method.py
Methods/43_Forcing_Based/1_ERF_FaIR/FaIR_all_unB_method.py
Traceback (most recent call last):
  File "/oscar/data/deeps/private/bfoxkemp/jnickla1/Thorne_15_codefigurestats/hist_fitprob.py", line 230, in <module>
    results = run_methods(years, simall,
                          (np.concatenate((temps_CIl_hist,futCIl)), np.concatenate((temps_CIu_hist,futCIu)) ),
                          model_run, experiment_type)
  File "/oscar/data/deeps/private/bfoxkemp/jnickla1/Thorne_15_codefigurestats/hist_fitprob.py", line 64, in run_methods
    result = method_module.run_method(years, avg_temperatures, temp_uncert,model_run, experiment_type)
  File "/oscar/data/deeps/private/bfoxkemp/jnickla1/Thorne_15_codefigurestats/Methods/43_Forcing_Based/1_ERF_FaIR/FaIR_all_unB_method.py", line 81, in run_method
    samp_ret = retro_array[100:,:] - newcorrecton[:, np.newaxis]   #starts in 1750 so crop to 100th index
               ~~~~~~~~~~~~~~~~~~~~^~~~~~~~~~~~~~~~~~~~~~~~~~~~~
ValueError: operands could not be broadcast together with shapes (252,277) (250,1) 
/oscar/data/deeps/private/bfoxkemp/jnickla1/Thorne_15_codefigurestats/Methods/43_Forcing_Based/1_ERF_FaIR/FaIR_all_method.py:53: RuntimeWarning: Mean of empty slice
  samp_mean =  np.nanmean(samp_cur, axis = 1)
/oscar/data/deeps/private/bfoxkemp/jnickla1/Thorne_15_codefigurestats/Methods/43_Forcing_Based/1_ERF_FaIR/FaIR_all_unB_method.py:69: RuntimeWarning: Mean of empty slice
  samp_mean =  np.nanmean(samp_cur, axis = 1)
starting computation for fut_NorESM_RCP45_Volc
Model number:
42




Methods/42_Temp_Alone/1_Run_Means/cent10y_method.py
Methods/42_Temp_Alone/1_Run_Means/cent20y_method.py
Methods/42_Temp_Alone/1_Run_Means/cent21y_method.py
Methods/42_Temp_Alone/1_Run_Means/cent30y_method.py
Methods/42_Temp_Alone/1_Run_Means/lag10y_method.py
Methods/42_Temp_Alone/1_Run_Means/lag5y_method.py
Methods/42_Temp_Alone/1_Run_Means/offset11y_method.py
Methods/42_Temp_Alone/1_Run_Means/raw1y_method.py
Methods/42_Temp_Alone/2_LT_Fits/Bayes_seq_CP_method.py
Methods/42_Temp_Alone/2_LT_Fits/OLS_AR5all_method.py
Methods/42_Temp_Alone/2_LT_Fits/OLS_AR5split_method.py
Methods/42_Temp_Alone/2_LT_Fits/OLS_hinge75_method.py
Methods/42_Temp_Alone/2_LT_Fits/OLS_refit_method.py
Methods/42_Temp_Alone/2_LT_Fits/TheilSen_h7075_method.py
Methods/42_Temp_Alone/2_LT_Fits/butterworth_method.py
Methods/42_Temp_Alone/2_LT_Fits/hinge75meet_method.py
Methods/42_Temp_Alone/2_LT_Fits/quartic_method.py
Methods/42_Temp_Alone/3_ST_Fits/etrend15y_method.py
Methods/42_Temp_Alone/3_ST_Fits/etrend30y_3CS_method.py
Methods/42_Temp_Alone/3_ST_Fits/etrend30y_method.py
Methods/42_Temp_Alone/3_ST_Fits/lowess1dg20wnc_method.py
Methods/42_Temp_Alone/3_ST_Fits/lowess1dt10wnc_method.py
Methods/42_Temp_Alone/3_ST_Fits/lowess1dt20wARMA_method.py
Methods/42_Temp_Alone/3_ST_Fits/lowess1dt20wAR_method.py
Methods/42_Temp_Alone/3_ST_Fits/lowess1dt20wnc_method.py
Methods/42_Temp_Alone/3_ST_Fits/lowess1dt26wnc_method.py
Methods/42_Temp_Alone/3_ST_Fits/lowess1dt30wnc_method.py
Methods/42_Temp_Alone/3_ST_Fits/lowess1dt36wnc_method.py
Methods/42_Temp_Alone/3_ST_Fits/lowess2dt20wnc_method.py
Methods/42_Temp_Alone/3_ST_Fits/lowess2dt30wnc_method.py
Methods/42_Temp_Alone/3_ST_Fits/min_month_proj_method.py
Methods/42_Temp_Alone/3_ST_Fits/opt_clim_norm_method.py
0
17
27
53
59
67
87
100
100
118
132
135
140
143
146
151
158
161
164
166
168
170
173
176
179
183
187
194
217
223
228
237
242
244
246
248
Methods/42_Temp_Alone/4_GAM_AR1/GAM_AR0_method.py
Methods/42_Temp_Alone/4_GAM_AR1/GAM_AR1_method.py
Methods/42_Temp_Alone/4_GAM_AR1/cubic_spline_method.py
Methods/42_Temp_Alone/5_Kalman/Kal_flexLin_method.py
Methods/42_Temp_Alone/5_Kalman/Kal_flexLin_ocn_method.py
Methods/42_Temp_Alone/5_Kalman/Kalman_RW_method.py
Methods/42_Temp_Alone/5_Kalman/Kalman_RW_ocn_method.py
Methods/42_Temp_Alone/6_Remove_IV/lfca_SST_method.py
Methods/42_Temp_Alone/6_Remove_IV/lfca_TAS_method.py
Methods/42_Temp_Alone/6_Remove_IV/removeGreensfx_method.py
42
Minimum MSE: 4.4609184309448343e-10
Minimum MSE Index: 48
Methods/42_Temp_Alone/6_Remove_IV/removeMEI_cons_method.py
Methods/42_Temp_Alone/6_Remove_IV/removeMEI_volc_cons_method.py
Methods/42_Temp_Alone/6_Remove_IV/removeMEI_volc_refit_method.py
Methods/43_Forcing_Based/0_Linear/OLS_refit_CO2forc_method.py
Fitted line
0.010454055722102666 -2.914359938866152
Methods/43_Forcing_Based/0_Linear/cons_hArrh_CO2forc_method.py
Methods/43_Forcing_Based/1_ERF_FaIR/FaIR_all_method.py
Methods/43_Forcing_Based/1_ERF_FaIR/FaIR_all_unB_method.py
Traceback (most recent call last):
  File "/oscar/data/deeps/private/bfoxkemp/jnickla1/Thorne_15_codefigurestats/hist_fitprob.py", line 230, in <module>
    results = run_methods(years, simall,
                          (np.concatenate((temps_CIl_hist,futCIl)), np.concatenate((temps_CIu_hist,futCIu)) ),
                          model_run, experiment_type)
  File "/oscar/data/deeps/private/bfoxkemp/jnickla1/Thorne_15_codefigurestats/hist_fitprob.py", line 64, in run_methods
    result = method_module.run_method(years, avg_temperatures, temp_uncert,model_run, experiment_type)
  File "/oscar/data/deeps/private/bfoxkemp/jnickla1/Thorne_15_codefigurestats/Methods/43_Forcing_Based/1_ERF_FaIR/FaIR_all_unB_method.py", line 81, in run_method
    samp_ret = retro_array[100:,:] - newcorrecton[:, np.newaxis]   #starts in 1750 so crop to 100th index
               ~~~~~~~~~~~~~~~~~~~~^~~~~~~~~~~~~~~~~~~~~~~~~~~~~
ValueError: operands could not be broadcast together with shapes (252,151) (250,1) 
All processes completed.
